<?xml version="1.0" encoding="UTF-8"?>
<testsuites name="testCLoud" time="510.743" tests="34" failures="0" errors="0">
   <testsuite name="testCLoud" tests="34" failures="0" errors="0" time="510.743" skipped="0" timestamp="2022-11-30 21:43:34" hostname="NTK2299$ - 192.168.0.13" id="Test Suites/testCLoud">
      <properties>
         <property name="deviceName" value=""/>
         <property name="devicePlatform" value=""/>
         <property name="logFolder" value="C:\\Users\\admin\\git\\KatalonCertificacion\\Reports\\20221130_214310\\testCLoud\\20221130_214324"/>
         <property name="logFiles" value="C:\\Users\\admin\\git\\KatalonCertificacion\\Reports\\20221130_214310\\testCLoud\\20221130_214324\\execution0.log"/>
         <property name="attachments" value=""/>
         <property name="hostName" value="NTK2299$ - 192.168.0.13"/>
         <property name="os" value="Windows 10 64bit"/>
         <property name="katalonVersion" value="8.5.2.208"/>
         <property name="browser" value="Chrome 107.0.0.0"/>
         <property name="hostAddress" value="192.168.0.13"/>
         <property name="sessionId" value="81b0e682f18f33cef8fdaf97d9905634"/>
         <property name="seleniumVersion" value="3.141.59"/>
         <property name="proxyInformation" value="ProxyInformation { proxyOption=NO_PROXY, proxyServerType=HTTP, username=, password=********, proxyServerAddress=, proxyServerPort=0, executionList=&quot;&quot;, isApplyToDesiredCapabilities=true }"/>
         <property name="platform" value="Windows 10"/>
      </properties>
      <testcase name="Test Cases/Navegador/Navegador" time="15.298" classname="Test Cases/Navegador/Navegador" status="PASSED">
         <system-out><![CDATA[2022-11-30 21:43:35 - [TEST_CASE][PASSED] - Test Cases/Navegador/Navegador: Test Cases/Navegador/Navegador

2022-11-30 21:43:35 - [TEST_STEP][PASSED] - openBrowser("https://demoqa.com/text-box"): Browser is opened with url: 'https://demoqa.com/text-box'

2022-11-30 21:43:36 - [MESSAGE][INFO] - Starting 'Chrome' driver

2022-11-30 21:43:36 - [MESSAGE][INFO] - Action delay is set to 0 milliseconds

2022-11-30 21:43:49 - [MESSAGE][PASSED] - Browser is opened with url: 'https://demoqa.com/text-box'

2022-11-30 21:43:49 - [TEST_STEP][PASSED] - maximizeWindow(): Current window maximized

2022-11-30 21:43:49 - [MESSAGE][PASSED] - Current window maximized

2022-11-30 21:43:49 - [TEST_STEP][PASSED] - page_url = getUrl(): Current window's url is: 'https://demoqa.com/text-box'

2022-11-30 21:43:49 - [MESSAGE][PASSED] - Current window's url is: 'https://demoqa.com/text-box'

2022-11-30 21:43:49 - [TEST_STEP][PASSED] - print(page_url): null

2022-11-30 21:43:49 - [TEST_STEP][PASSED] - Titulo = getWindowTitle(): Current window's title is: 'ToolsQA'

2022-11-30 21:43:49 - [MESSAGE][PASSED] - Current window's title is: 'ToolsQA'

2022-11-30 21:43:49 - [TEST_STEP][PASSED] - print("titiulo de la pagina" + Titulo): null

2022-11-30 21:43:49 - [TEST_STEP][PASSED] - closeBrowser(): Browser is closed

2022-11-30 21:43:50 - [MESSAGE][PASSED] - Browser is closed]]></system-out>
         <system-err><![CDATA[]]></system-err>
      </testcase>
      <testcase name="Test Cases/Objecto_xpath/Caso_xpath" time="17.714" classname="Test Cases/Objecto_xpath/Caso_xpath" status="PASSED">
         <system-out><![CDATA[2022-11-30 21:43:50 - [TEST_CASE][PASSED] - Test Cases/Objecto_xpath/Caso_xpath: Test Cases/Objecto_xpath/Caso_xpath

2022-11-30 21:43:50 - [TEST_STEP][PASSED] - openBrowser(""): Browser is opened with url: ''

2022-11-30 21:43:50 - [MESSAGE][INFO] - Starting 'Chrome' driver

2022-11-30 21:43:50 - [MESSAGE][INFO] - Action delay is set to 0 milliseconds

2022-11-30 21:43:52 - [MESSAGE][PASSED] - Browser is opened with url: ''

2022-11-30 21:43:52 - [TEST_STEP][PASSED] - navigateToUrl("https://demoqa.com/text-box"): Navigate to 'https://demoqa.com/text-box' successfully

2022-11-30 21:44:00 - [MESSAGE][PASSED] - Navigate to 'https://demoqa.com/text-box' successfully

2022-11-30 21:44:00 - [TEST_STEP][PASSED] - maximizeWindow(): Current window maximized

2022-11-30 21:44:01 - [MESSAGE][PASSED] - Current window maximized

2022-11-30 21:44:01 - [TEST_STEP][PASSED] - setText(findTestObject("Objeto_xpath/Campo_nombre"), "Ljubo"): Text 'Ljubo' is set on object 'Object Repository/Objeto_xpath/Campo_nombre'

2022-11-30 21:44:04 - [MESSAGE][PASSED] - Text 'Ljubo' is set on object 'Object Repository/Objeto_xpath/Campo_nombre'

2022-11-30 21:44:04 - [TEST_STEP][PASSED] - delay(3): Delayed 3 second(s)

2022-11-30 21:44:07 - [MESSAGE][PASSED] - Delayed 3 second(s)

2022-11-30 21:44:07 - [TEST_STEP][PASSED] - closeBrowser(): Browser is closed

2022-11-30 21:44:08 - [MESSAGE][PASSED] - Browser is closed]]></system-out>
         <system-err><![CDATA[]]></system-err>
      </testcase>
      <testcase name="Test Cases/Condicionales_If/Condicionar_titulo" time="32.273" classname="Test Cases/Condicionales_If/Condicionar_titulo" status="PASSED">
         <system-out><![CDATA[2022-11-30 21:44:08 - [TEST_CASE][PASSED] - Test Cases/Condicionales_If/Condicionar_titulo: Test Cases/Condicionales_If/Condicionar_titulo

2022-11-30 21:44:08 - [TEST_STEP][PASSED] - openBrowser(""): Browser is opened with url: ''

2022-11-30 21:44:08 - [MESSAGE][INFO] - Starting 'Chrome' driver

2022-11-30 21:44:08 - [MESSAGE][INFO] - Action delay is set to 0 milliseconds

2022-11-30 21:44:10 - [MESSAGE][PASSED] - Browser is opened with url: ''

2022-11-30 21:44:10 - [TEST_STEP][PASSED] - navigateToUrl("https://demoqa.com/"): Navigate to 'https://demoqa.com/' successfully

2022-11-30 21:44:20 - [MESSAGE][PASSED] - Navigate to 'https://demoqa.com/' successfully

2022-11-30 21:44:20 - [TEST_STEP][PASSED] - maximizeWindow(): Current window maximized

2022-11-30 21:44:20 - [MESSAGE][PASSED] - Current window maximized

2022-11-30 21:44:20 - [TEST_STEP][PASSED] - waitForPageLoad(5): Wait for page load successfully

2022-11-30 21:44:20 - [MESSAGE][PASSED] - Wait for page load successfully

2022-11-30 21:44:20 - [TEST_STEP][PASSED] - Existe = waitForElementVisible(findTestObject("Condicionales/Texto_radio"), 3): Web element with id: 'Object Repository/Condicionales/Texto_radio' located by '//div[@class='main-header'][contains(.,'Radio Button')]' not found

2022-11-30 21:44:24 - [MESSAGE][INFO] - Unable to find the element located by 'By.xpath: //div[@class='main-header'][contains(.,'Radio Button')]'. Please recheck the objects properties to make sure the desired element is located. 

2022-11-30 21:44:24 - [MESSAGE][WARNING] - [SELF-HEALING] Failed to find element with id 'Object Repository/Condicionales/Texto_radio'. Try using Self-healing.

2022-11-30 21:44:25 - [MESSAGE][INFO] - [SELF-HEALING] No working XPath is found.

2022-11-30 21:44:26 - [MESSAGE][INFO] - Unable to find the element located by 'By.xpath: '. Please recheck the objects properties to make sure the desired element is located. 

2022-11-30 21:44:26 - [MESSAGE][WARNING] - [SELF-HEALING] Cannot find elements when the selector is null

2022-11-30 21:44:26 - [MESSAGE][WARNING] - Web element with id: 'Object Repository/Condicionales/Texto_radio' located by '//div[@class='main-header'][contains(.,'Radio Button')]' not found

2022-11-30 21:44:26 - [TEST_STEP][PASSED] - print(Existe): null

2022-11-30 21:44:26 - [TEST_STEP][PASSED] - if (Existe == true): null

2022-11-30 21:44:26 - [TEST_STEP][PASSED] - else: Browser is closed

2022-11-30 21:44:26 - [TEST_STEP][PASSED] - print("-----  Error no esta el elemento de texto radio ------"): null

2022-11-30 21:44:26 - [TEST_STEP][PASSED] - navigateToUrl("https://demoqa.com/radio-button"): Navigate to 'https://demoqa.com/radio-button' successfully

2022-11-30 21:44:35 - [MESSAGE][PASSED] - Navigate to 'https://demoqa.com/radio-button' successfully

2022-11-30 21:44:35 - [TEST_STEP][PASSED] - click(findTestObject("Condicionales/Objeto_yes")): Object: 'Object Repository/Condicionales/Objeto_yes' is clicked on

2022-11-30 21:44:37 - [MESSAGE][PASSED] - Object: 'Object Repository/Condicionales/Objeto_yes' is clicked on

2022-11-30 21:44:37 - [TEST_STEP][PASSED] - delay(2): Delayed 2 second(s)

2022-11-30 21:44:39 - [MESSAGE][PASSED] - Delayed 2 second(s)

2022-11-30 21:44:39 - [TEST_STEP][PASSED] - closeBrowser(): Browser is closed

2022-11-30 21:44:40 - [MESSAGE][PASSED] - Browser is closed]]></system-out>
         <system-err><![CDATA[]]></system-err>
      </testcase>
      <testcase name="Test Cases/Condicionales_If/Test_1" time="0.333" classname="Test Cases/Condicionales_If/Test_1" status="PASSED">
         <system-out><![CDATA[2022-11-30 21:44:40 - [TEST_CASE][PASSED] - Test Cases/Condicionales_If/Test_1: Test Cases/Condicionales_If/Test_1

2022-11-30 21:44:40 - [TEST_STEP][PASSED] - if (num == 10): null

2022-11-30 21:44:40 - [TEST_STEP][PASSED] - else: null

2022-11-30 21:44:40 - [TEST_STEP][PASSED] - print("El numero no es un 10 es el numero:  " + num + "#####"): null]]></system-out>
         <system-err><![CDATA[]]></system-err>
      </testcase>
      <testcase name="Test Cases/Condicionales_If/Test_2" time="0.271" classname="Test Cases/Condicionales_If/Test_2" status="PASSED">
         <system-out><![CDATA[2022-11-30 21:44:40 - [TEST_CASE][PASSED] - Test Cases/Condicionales_If/Test_2: Test Cases/Condicionales_If/Test_2

2022-11-30 21:44:41 - [TEST_STEP][PASSED] - if (num == 5): null

2022-11-30 21:44:41 - [TEST_STEP][PASSED] - if (num == 10): null

2022-11-30 21:44:41 - [TEST_STEP][PASSED] - println("El valor de la variables es un: 10"): null]]></system-out>
         <system-err><![CDATA[]]></system-err>
      </testcase>
      <testcase name="Test Cases/Condicionales_If/Test_3" time="0.253" classname="Test Cases/Condicionales_If/Test_3" status="PASSED">
         <system-out><![CDATA[2022-11-30 21:44:41 - [TEST_CASE][PASSED] - Test Cases/Condicionales_If/Test_3: Test Cases/Condicionales_If/Test_3

2022-11-30 21:44:41 - [TEST_STEP][PASSED] - if (nombre == "Juan"): null

2022-11-30 21:44:41 - [TEST_STEP][PASSED] - if (nombre == "JUan"): null

2022-11-30 21:44:41 - [TEST_STEP][PASSED] - if (nombre == "juan"): null

2022-11-30 21:44:41 - [TEST_STEP][PASSED] - println("Tu nombre es juan"): null]]></system-out>
         <system-err><![CDATA[]]></system-err>
      </testcase>
      <testcase name="Test Cases/Condicionales_If/Test_4" time="0.23" classname="Test Cases/Condicionales_If/Test_4" status="PASSED">
         <system-out><![CDATA[2022-11-30 21:44:41 - [TEST_CASE][PASSED] - Test Cases/Condicionales_If/Test_4: Test Cases/Condicionales_If/Test_4

2022-11-30 21:44:41 - [TEST_STEP][PASSED] - if (num <= 7): null

2022-11-30 21:44:41 - [TEST_STEP][PASSED] - println("El numero es menor ó igual que 5"): null

2022-11-30 21:44:41 - [TEST_STEP][PASSED] - if (num >= 8): null

2022-11-30 21:44:41 - [TEST_STEP][PASSED] - if (num != 5): null]]></system-out>
         <system-err><![CDATA[]]></system-err>
      </testcase>
      <testcase name="Test Cases/Condicionales_If/Test_edad" time="0.312" classname="Test Cases/Condicionales_If/Test_edad" status="PASSED">
         <system-out><![CDATA[2022-11-30 21:44:41 - [TEST_CASE][PASSED] - Test Cases/Condicionales_If/Test_edad: Test Cases/Condicionales_If/Test_edad

2022-11-30 21:44:41 - [TEST_STEP][PASSED] - if (edad >= 1 && edad <= 17): null

2022-11-30 21:44:41 - [TEST_STEP][PASSED] - else if (edad == 18): null

2022-11-30 21:44:41 - [TEST_STEP][PASSED] - else if (edad <= 0): null

2022-11-30 21:44:41 - [TEST_STEP][PASSED] - else if (edad == 120): null

2022-11-30 21:44:41 - [TEST_STEP][PASSED] - else: null

2022-11-30 21:44:41 - [TEST_STEP][PASSED] - print("No se cumple ninguna de las opciones"): null]]></system-out>
         <system-err><![CDATA[]]></system-err>
      </testcase>
      <testcase name="Test Cases/Condicionales_If/Test_valor" time="23.699" classname="Test Cases/Condicionales_If/Test_valor" status="PASSED">
         <system-out><![CDATA[2022-11-30 21:44:41 - [TEST_CASE][PASSED] - Test Cases/Condicionales_If/Test_valor: Test Cases/Condicionales_If/Test_valor

2022-11-30 21:44:42 - [TEST_STEP][PASSED] - openBrowser(""): Browser is opened with url: ''

2022-11-30 21:44:42 - [MESSAGE][INFO] - Starting 'Chrome' driver

2022-11-30 21:44:42 - [MESSAGE][INFO] - Action delay is set to 0 milliseconds

2022-11-30 21:44:43 - [MESSAGE][PASSED] - Browser is opened with url: ''

2022-11-30 21:44:43 - [TEST_STEP][PASSED] - navigateToUrl("https://demoqa.com/"): Navigate to 'https://demoqa.com/' successfully

2022-11-30 21:44:56 - [MESSAGE][PASSED] - Navigate to 'https://demoqa.com/' successfully

2022-11-30 21:44:56 - [TEST_STEP][PASSED] - maximizeWindow(): Current window maximized

2022-11-30 21:44:56 - [MESSAGE][PASSED] - Current window maximized

2022-11-30 21:44:56 - [TEST_STEP][PASSED] - waitForPageLoad(10): Wait for page load successfully

2022-11-30 21:44:56 - [MESSAGE][PASSED] - Wait for page load successfully

2022-11-30 21:44:56 - [TEST_STEP][PASSED] - Existe = waitForElementVisible(findTestObject("Condicionales/titulo1"), 5): Web element with id: 'Object Repository/Condicionales/titulo1' located by '//div[@class='main-header'][contains(.,'Radio Button')]' not found

2022-11-30 21:45:02 - [MESSAGE][INFO] - Unable to find the element located by 'By.xpath: //div[@class='main-header'][contains(.,'Radio Button')]'. Please recheck the objects properties to make sure the desired element is located. 

2022-11-30 21:45:02 - [MESSAGE][WARNING] - [SELF-HEALING] Failed to find element with id 'Object Repository/Condicionales/titulo1'. Try using Self-healing.

2022-11-30 21:45:03 - [MESSAGE][INFO] - [SELF-HEALING] No working XPath is found.

2022-11-30 21:45:04 - [MESSAGE][INFO] - Unable to find the element located by 'By.xpath: '. Please recheck the objects properties to make sure the desired element is located. 

2022-11-30 21:45:04 - [MESSAGE][WARNING] - [SELF-HEALING] Cannot find elements when the selector is null

2022-11-30 21:45:04 - [MESSAGE][WARNING] - Web element with id: 'Object Repository/Condicionales/titulo1' located by '//div[@class='main-header'][contains(.,'Radio Button')]' not found

2022-11-30 21:45:04 - [TEST_STEP][PASSED] - if (Existe == true): null

2022-11-30 21:45:04 - [TEST_STEP][PASSED] - else: Browser is closed

2022-11-30 21:45:04 - [TEST_STEP][PASSED] - print("No estas en la página correcta"): null

2022-11-30 21:45:04 - [TEST_STEP][PASSED] - closeBrowser(): Browser is closed

2022-11-30 21:45:05 - [MESSAGE][PASSED] - Browser is closed]]></system-out>
         <system-err><![CDATA[]]></system-err>
      </testcase>
      <testcase name="Test Cases/BUCLES/Reto_For" time="28.145" classname="Test Cases/BUCLES/Reto_For" status="PASSED">
         <system-out><![CDATA[2022-11-30 21:45:05 - [TEST_CASE][PASSED] - Test Cases/BUCLES/Reto_For: Test Cases/BUCLES/Reto_For

2022-11-30 21:45:05 - [TEST_STEP][PASSED] - openBrowser(""): Browser is opened with url: ''

2022-11-30 21:45:05 - [MESSAGE][INFO] - Starting 'Chrome' driver

2022-11-30 21:45:05 - [MESSAGE][INFO] - Action delay is set to 0 milliseconds

2022-11-30 21:45:07 - [MESSAGE][PASSED] - Browser is opened with url: ''

2022-11-30 21:45:07 - [TEST_STEP][PASSED] - navigateToUrl("https://demoqa.com/text-box"): Navigate to 'https://demoqa.com/text-box' successfully

2022-11-30 21:45:15 - [MESSAGE][PASSED] - Navigate to 'https://demoqa.com/text-box' successfully

2022-11-30 21:45:15 - [TEST_STEP][PASSED] - maximizeWindow(): Current window maximized

2022-11-30 21:45:15 - [MESSAGE][PASSED] - Current window maximized

2022-11-30 21:45:15 - [TEST_STEP][PASSED] - waitForPageLoad(5): Wait for page load successfully

2022-11-30 21:45:15 - [MESSAGE][PASSED] - Wait for page load successfully

2022-11-30 21:45:15 - [TEST_STEP][PASSED] - for ([x = 1, x <= 4, (x++)]): Browser is scrolled to position x = 0, y = 100

2022-11-30 21:45:15 - [TEST_STEP][PASSED] - z = ["Carlos", "Erika", "Paco", "Rodrigo", "Juan"]: null

2022-11-30 21:45:15 - [TEST_STEP][PASSED] - rn = new java.util.Random(): null

2022-11-30 21:45:15 - [TEST_STEP][PASSED] - tx_nombre = z[rn.nextInt(size)]: null

2022-11-30 21:45:15 - [TEST_STEP][PASSED] - setText(findTestObject("Object Repository/Reto_for/Page_ToolsQA/input_Full Name_userName"), tx_nombre): Text 'Erika' is set on object 'Object Repository/Reto_for/Page_ToolsQA/input_Full Name_userName'

2022-11-30 21:45:17 - [MESSAGE][PASSED] - Text 'Erika' is set on object 'Object Repository/Reto_for/Page_ToolsQA/input_Full Name_userName'

2022-11-30 21:45:17 - [TEST_STEP][PASSED] - setText(findTestObject("Object Repository/Reto_for/Page_ToolsQA/input_Email_userEmail"), tx_nombre + "@gmail.com"): Text 'Erika@gmail.com' is set on object 'Object Repository/Reto_for/Page_ToolsQA/input_Email_userEmail'

2022-11-30 21:45:18 - [MESSAGE][PASSED] - Text 'Erika@gmail.com' is set on object 'Object Repository/Reto_for/Page_ToolsQA/input_Email_userEmail'

2022-11-30 21:45:18 - [TEST_STEP][PASSED] - setText(findTestObject("Object Repository/Reto_for/Page_ToolsQA/textarea_Current Address_currentAddress"), "Dirección#" + x): Text 'Dirección#1' is set on object 'Object Repository/Reto_for/Page_ToolsQA/textarea_Current Address_currentAddress'

2022-11-30 21:45:20 - [MESSAGE][PASSED] - Text 'Dirección#1' is set on object 'Object Repository/Reto_for/Page_ToolsQA/textarea_Current Address_currentAddress'

2022-11-30 21:45:20 - [TEST_STEP][PASSED] - setText(findTestObject("Object Repository/Reto_for/Page_ToolsQA/textarea_Permanent Address_permanentAddress"), "Dirección dos#" + x): Text 'Dirección dos#1' is set on object 'Object Repository/Reto_for/Page_ToolsQA/textarea_Permanent Address_permanentAddress'

2022-11-30 21:45:21 - [MESSAGE][PASSED] - Text 'Dirección dos#1' is set on object 'Object Repository/Reto_for/Page_ToolsQA/textarea_Permanent Address_permanentAddress'

2022-11-30 21:45:21 - [TEST_STEP][PASSED] - scrollToPosition(0, 500): Browser is scrolled to position x = 0, y = 500

2022-11-30 21:45:21 - [MESSAGE][PASSED] - Browser is scrolled to position x = 0, y = 500

2022-11-30 21:45:21 - [TEST_STEP][PASSED] - click(findTestObject("Object Repository/Reto_for/Page_ToolsQA/button_Submit")): Object: 'Object Repository/Reto_for/Page_ToolsQA/button_Submit' is clicked on

2022-11-30 21:45:21 - [MESSAGE][PASSED] - Object: 'Object Repository/Reto_for/Page_ToolsQA/button_Submit' is clicked on

2022-11-30 21:45:21 - [TEST_STEP][PASSED] - scrollToPosition(0, 100): Browser is scrolled to position x = 0, y = 100

2022-11-30 21:45:21 - [MESSAGE][PASSED] - Browser is scrolled to position x = 0, y = 100

2022-11-30 21:45:21 - [TEST_STEP][PASSED] - z = ["Carlos", "Erika", "Paco", "Rodrigo", "Juan"]: null

2022-11-30 21:45:21 - [TEST_STEP][PASSED] - rn = new java.util.Random(): null

2022-11-30 21:45:21 - [TEST_STEP][PASSED] - tx_nombre = z[rn.nextInt(size)]: null

2022-11-30 21:45:21 - [TEST_STEP][PASSED] - setText(findTestObject("Object Repository/Reto_for/Page_ToolsQA/input_Full Name_userName"), tx_nombre): Text 'Rodrigo' is set on object 'Object Repository/Reto_for/Page_ToolsQA/input_Full Name_userName'

2022-11-30 21:45:22 - [MESSAGE][PASSED] - Text 'Rodrigo' is set on object 'Object Repository/Reto_for/Page_ToolsQA/input_Full Name_userName'

2022-11-30 21:45:22 - [TEST_STEP][PASSED] - setText(findTestObject("Object Repository/Reto_for/Page_ToolsQA/input_Email_userEmail"), tx_nombre + "@gmail.com"): Text 'Rodrigo@gmail.com' is set on object 'Object Repository/Reto_for/Page_ToolsQA/input_Email_userEmail'

2022-11-30 21:45:23 - [MESSAGE][PASSED] - Text 'Rodrigo@gmail.com' is set on object 'Object Repository/Reto_for/Page_ToolsQA/input_Email_userEmail'

2022-11-30 21:45:23 - [TEST_STEP][PASSED] - setText(findTestObject("Object Repository/Reto_for/Page_ToolsQA/textarea_Current Address_currentAddress"), "Dirección#" + x): Text 'Dirección#2' is set on object 'Object Repository/Reto_for/Page_ToolsQA/textarea_Current Address_currentAddress'

2022-11-30 21:45:24 - [MESSAGE][PASSED] - Text 'Dirección#2' is set on object 'Object Repository/Reto_for/Page_ToolsQA/textarea_Current Address_currentAddress'

2022-11-30 21:45:24 - [TEST_STEP][PASSED] - setText(findTestObject("Object Repository/Reto_for/Page_ToolsQA/textarea_Permanent Address_permanentAddress"), "Dirección dos#" + x): Text 'Dirección dos#2' is set on object 'Object Repository/Reto_for/Page_ToolsQA/textarea_Permanent Address_permanentAddress'

2022-11-30 21:45:24 - [MESSAGE][PASSED] - Text 'Dirección dos#2' is set on object 'Object Repository/Reto_for/Page_ToolsQA/textarea_Permanent Address_permanentAddress'

2022-11-30 21:45:24 - [TEST_STEP][PASSED] - scrollToPosition(0, 500): Browser is scrolled to position x = 0, y = 500

2022-11-30 21:45:24 - [MESSAGE][PASSED] - Browser is scrolled to position x = 0, y = 500

2022-11-30 21:45:24 - [TEST_STEP][PASSED] - click(findTestObject("Object Repository/Reto_for/Page_ToolsQA/button_Submit")): Object: 'Object Repository/Reto_for/Page_ToolsQA/button_Submit' is clicked on

2022-11-30 21:45:25 - [MESSAGE][PASSED] - Object: 'Object Repository/Reto_for/Page_ToolsQA/button_Submit' is clicked on

2022-11-30 21:45:25 - [TEST_STEP][PASSED] - scrollToPosition(0, 100): Browser is scrolled to position x = 0, y = 100

2022-11-30 21:45:25 - [MESSAGE][PASSED] - Browser is scrolled to position x = 0, y = 100

2022-11-30 21:45:25 - [TEST_STEP][PASSED] - z = ["Carlos", "Erika", "Paco", "Rodrigo", "Juan"]: null

2022-11-30 21:45:25 - [TEST_STEP][PASSED] - rn = new java.util.Random(): null

2022-11-30 21:45:25 - [TEST_STEP][PASSED] - tx_nombre = z[rn.nextInt(size)]: null

2022-11-30 21:45:25 - [TEST_STEP][PASSED] - setText(findTestObject("Object Repository/Reto_for/Page_ToolsQA/input_Full Name_userName"), tx_nombre): Text 'Paco' is set on object 'Object Repository/Reto_for/Page_ToolsQA/input_Full Name_userName'

2022-11-30 21:45:26 - [MESSAGE][PASSED] - Text 'Paco' is set on object 'Object Repository/Reto_for/Page_ToolsQA/input_Full Name_userName'

2022-11-30 21:45:26 - [TEST_STEP][PASSED] - setText(findTestObject("Object Repository/Reto_for/Page_ToolsQA/input_Email_userEmail"), tx_nombre + "@gmail.com"): Text 'Paco@gmail.com' is set on object 'Object Repository/Reto_for/Page_ToolsQA/input_Email_userEmail'

2022-11-30 21:45:26 - [MESSAGE][PASSED] - Text 'Paco@gmail.com' is set on object 'Object Repository/Reto_for/Page_ToolsQA/input_Email_userEmail'

2022-11-30 21:45:26 - [TEST_STEP][PASSED] - setText(findTestObject("Object Repository/Reto_for/Page_ToolsQA/textarea_Current Address_currentAddress"), "Dirección#" + x): Text 'Dirección#3' is set on object 'Object Repository/Reto_for/Page_ToolsQA/textarea_Current Address_currentAddress'

2022-11-30 21:45:27 - [MESSAGE][PASSED] - Text 'Dirección#3' is set on object 'Object Repository/Reto_for/Page_ToolsQA/textarea_Current Address_currentAddress'

2022-11-30 21:45:27 - [TEST_STEP][PASSED] - setText(findTestObject("Object Repository/Reto_for/Page_ToolsQA/textarea_Permanent Address_permanentAddress"), "Dirección dos#" + x): Text 'Dirección dos#3' is set on object 'Object Repository/Reto_for/Page_ToolsQA/textarea_Permanent Address_permanentAddress'

2022-11-30 21:45:28 - [MESSAGE][PASSED] - Text 'Dirección dos#3' is set on object 'Object Repository/Reto_for/Page_ToolsQA/textarea_Permanent Address_permanentAddress'

2022-11-30 21:45:28 - [TEST_STEP][PASSED] - scrollToPosition(0, 500): Browser is scrolled to position x = 0, y = 500

2022-11-30 21:45:28 - [MESSAGE][PASSED] - Browser is scrolled to position x = 0, y = 500

2022-11-30 21:45:28 - [TEST_STEP][PASSED] - click(findTestObject("Object Repository/Reto_for/Page_ToolsQA/button_Submit")): Object: 'Object Repository/Reto_for/Page_ToolsQA/button_Submit' is clicked on

2022-11-30 21:45:29 - [MESSAGE][PASSED] - Object: 'Object Repository/Reto_for/Page_ToolsQA/button_Submit' is clicked on

2022-11-30 21:45:29 - [TEST_STEP][PASSED] - scrollToPosition(0, 100): Browser is scrolled to position x = 0, y = 100

2022-11-30 21:45:29 - [MESSAGE][PASSED] - Browser is scrolled to position x = 0, y = 100

2022-11-30 21:45:29 - [TEST_STEP][PASSED] - z = ["Carlos", "Erika", "Paco", "Rodrigo", "Juan"]: null

2022-11-30 21:45:29 - [TEST_STEP][PASSED] - rn = new java.util.Random(): null

2022-11-30 21:45:29 - [TEST_STEP][PASSED] - tx_nombre = z[rn.nextInt(size)]: null

2022-11-30 21:45:29 - [TEST_STEP][PASSED] - setText(findTestObject("Object Repository/Reto_for/Page_ToolsQA/input_Full Name_userName"), tx_nombre): Text 'Rodrigo' is set on object 'Object Repository/Reto_for/Page_ToolsQA/input_Full Name_userName'

2022-11-30 21:45:30 - [MESSAGE][PASSED] - Text 'Rodrigo' is set on object 'Object Repository/Reto_for/Page_ToolsQA/input_Full Name_userName'

2022-11-30 21:45:30 - [TEST_STEP][PASSED] - setText(findTestObject("Object Repository/Reto_for/Page_ToolsQA/input_Email_userEmail"), tx_nombre + "@gmail.com"): Text 'Rodrigo@gmail.com' is set on object 'Object Repository/Reto_for/Page_ToolsQA/input_Email_userEmail'

2022-11-30 21:45:30 - [MESSAGE][PASSED] - Text 'Rodrigo@gmail.com' is set on object 'Object Repository/Reto_for/Page_ToolsQA/input_Email_userEmail'

2022-11-30 21:45:30 - [TEST_STEP][PASSED] - setText(findTestObject("Object Repository/Reto_for/Page_ToolsQA/textarea_Current Address_currentAddress"), "Dirección#" + x): Text 'Dirección#4' is set on object 'Object Repository/Reto_for/Page_ToolsQA/textarea_Current Address_currentAddress'

2022-11-30 21:45:31 - [MESSAGE][PASSED] - Text 'Dirección#4' is set on object 'Object Repository/Reto_for/Page_ToolsQA/textarea_Current Address_currentAddress'

2022-11-30 21:45:31 - [TEST_STEP][PASSED] - setText(findTestObject("Object Repository/Reto_for/Page_ToolsQA/textarea_Permanent Address_permanentAddress"), "Dirección dos#" + x): Text 'Dirección dos#4' is set on object 'Object Repository/Reto_for/Page_ToolsQA/textarea_Permanent Address_permanentAddress'

2022-11-30 21:45:32 - [MESSAGE][PASSED] - Text 'Dirección dos#4' is set on object 'Object Repository/Reto_for/Page_ToolsQA/textarea_Permanent Address_permanentAddress'

2022-11-30 21:45:32 - [TEST_STEP][PASSED] - scrollToPosition(0, 500): Browser is scrolled to position x = 0, y = 500

2022-11-30 21:45:32 - [MESSAGE][PASSED] - Browser is scrolled to position x = 0, y = 500

2022-11-30 21:45:32 - [TEST_STEP][PASSED] - click(findTestObject("Object Repository/Reto_for/Page_ToolsQA/button_Submit")): Object: 'Object Repository/Reto_for/Page_ToolsQA/button_Submit' is clicked on

2022-11-30 21:45:32 - [MESSAGE][PASSED] - Object: 'Object Repository/Reto_for/Page_ToolsQA/button_Submit' is clicked on

2022-11-30 21:45:32 - [TEST_STEP][PASSED] - scrollToPosition(0, 100): Browser is scrolled to position x = 0, y = 100

2022-11-30 21:45:33 - [MESSAGE][PASSED] - Browser is scrolled to position x = 0, y = 100

2022-11-30 21:45:33 - [TEST_STEP][PASSED] - closeBrowser(): Browser is closed

2022-11-30 21:45:33 - [MESSAGE][PASSED] - Browser is closed]]></system-out>
         <system-err><![CDATA[]]></system-err>
      </testcase>
      <testcase name="Test Cases/BUCLES/Reto_while" time="9.905" classname="Test Cases/BUCLES/Reto_while" status="PASSED">
         <system-out><![CDATA[2022-11-30 21:45:33 - [TEST_CASE][PASSED] - Test Cases/BUCLES/Reto_while: Test Cases/BUCLES/Reto_while

2022-11-30 21:45:34 - [TEST_STEP][PASSED] - openBrowser(""): Browser is opened with url: ''

2022-11-30 21:45:34 - [MESSAGE][INFO] - Starting 'Chrome' driver

2022-11-30 21:45:34 - [MESSAGE][INFO] - Action delay is set to 0 milliseconds

2022-11-30 21:45:35 - [MESSAGE][PASSED] - Browser is opened with url: ''

2022-11-30 21:45:35 - [TEST_STEP][PASSED] - navigateToUrl("https://www.google.com/"): Navigate to 'https://www.google.com/' successfully

2022-11-30 21:45:38 - [MESSAGE][PASSED] - Navigate to 'https://www.google.com/' successfully

2022-11-30 21:45:38 - [TEST_STEP][PASSED] - Bandera = 0: null

2022-11-30 21:45:38 - [TEST_STEP][PASSED] - while (Bandera != 1): null

2022-11-30 21:45:38 - [TEST_STEP][PASSED] - num = Math.random() * 5 - 1 + 1: null

2022-11-30 21:45:38 - [TEST_STEP][PASSED] - setText(findTestObject("Object Repository/While_google/Page_Google/input__q"), "5+" + num): Text '5+3' is set on object 'Object Repository/While_google/Page_Google/input__q'

2022-11-30 21:45:38 - [MESSAGE][PASSED] - Text '5+3' is set on object 'Object Repository/While_google/Page_Google/input__q'

2022-11-30 21:45:38 - [TEST_STEP][PASSED] - sendKeys(findTestObject("Object Repository/While_google/Page_Google/input__q"), Keys.chord(ENTER)): Keys 'ENTER + ' sent to object: 'Object Repository/While_google/Page_Google/input__q'

2022-11-30 21:45:40 - [MESSAGE][PASSED] - Keys 'ENTER + ' sent to object: 'Object Repository/While_google/Page_Google/input__q'

2022-11-30 21:45:40 - [TEST_STEP][PASSED] - Resultado = getText(findTestObject("While_google/Extras/Resultado_10")): Text of object 'Object Repository/While_google/Extras/Resultado_10' is: '8'

2022-11-30 21:45:42 - [MESSAGE][PASSED] - Text of object 'Object Repository/While_google/Extras/Resultado_10' is: '8'

2022-11-30 21:45:42 - [TEST_STEP][PASSED] - if (Resultado == "8"): Browser is closed

2022-11-30 21:45:42 - [TEST_STEP][PASSED] - Bandera = 1: null

2022-11-30 21:45:42 - [TEST_STEP][PASSED] - print("Listo termina"): null

2022-11-30 21:45:42 - [TEST_STEP][PASSED] - closeBrowser(): Browser is closed

2022-11-30 21:45:43 - [MESSAGE][PASSED] - Browser is closed

2022-11-30 21:45:43 - [TEST_STEP][PASSED] - print(Bandera + "------"): null]]></system-out>
         <system-err><![CDATA[]]></system-err>
      </testcase>
      <testcase name="Test Cases/BUCLES/Reto_while_solucion" time="21.459" classname="Test Cases/BUCLES/Reto_while_solucion" status="PASSED">
         <system-out><![CDATA[2022-11-30 21:45:43 - [TEST_CASE][PASSED] - Test Cases/BUCLES/Reto_while_solucion: Test Cases/BUCLES/Reto_while_solucion

2022-11-30 21:45:43 - [TEST_STEP][PASSED] - openBrowser(""): Browser is opened with url: ''

2022-11-30 21:45:43 - [MESSAGE][INFO] - Starting 'Chrome' driver

2022-11-30 21:45:43 - [MESSAGE][INFO] - Action delay is set to 0 milliseconds

2022-11-30 21:45:45 - [MESSAGE][PASSED] - Browser is opened with url: ''

2022-11-30 21:45:45 - [TEST_STEP][PASSED] - navigateToUrl("https://www.google.com/"): Navigate to 'https://www.google.com/' successfully

2022-11-30 21:45:50 - [MESSAGE][PASSED] - Navigate to 'https://www.google.com/' successfully

2022-11-30 21:45:50 - [TEST_STEP][PASSED] - Res = 0: null

2022-11-30 21:45:50 - [TEST_STEP][PASSED] - while (Res != 8): Browser is closed

2022-11-30 21:45:50 - [TEST_STEP][PASSED] - num = Math.random() * 5 - 1 + 1: null

2022-11-30 21:45:50 - [TEST_STEP][PASSED] - setText(findTestObject("Object Repository/Reto_while1/Page_Google/input__q"), "5+" + num): Text '5+4' is set on object 'Object Repository/Reto_while1/Page_Google/input__q'

2022-11-30 21:45:51 - [MESSAGE][PASSED] - Text '5+4' is set on object 'Object Repository/Reto_while1/Page_Google/input__q'

2022-11-30 21:45:51 - [TEST_STEP][PASSED] - sendKeys(findTestObject("Object Repository/Reto_while1/Page_Google/input__q"), Keys.chord(ENTER)): Keys 'ENTER + ' sent to object: 'Object Repository/Reto_while1/Page_Google/input__q'

2022-11-30 21:45:55 - [MESSAGE][PASSED] - Keys 'ENTER + ' sent to object: 'Object Repository/Reto_while1/Page_Google/input__q'

2022-11-30 21:45:55 - [TEST_STEP][PASSED] - Res = getText(findTestObject("Reto_while1/Resultado_8")).toInteger(): Text of object 'Object Repository/Reto_while1/Resultado_8' is: '9'

2022-11-30 21:45:55 - [MESSAGE][PASSED] - Text of object 'Object Repository/Reto_while1/Resultado_8' is: '9'

2022-11-30 21:45:55 - [TEST_STEP][PASSED] - if (Res == 8): null

2022-11-30 21:45:55 - [TEST_STEP][PASSED] - num = Math.random() * 5 - 1 + 1: null

2022-11-30 21:45:55 - [TEST_STEP][PASSED] - setText(findTestObject("Object Repository/Reto_while1/Page_Google/input__q"), "5+" + num): Text '5+3' is set on object 'Object Repository/Reto_while1/Page_Google/input__q'

2022-11-30 21:45:56 - [MESSAGE][PASSED] - Text '5+3' is set on object 'Object Repository/Reto_while1/Page_Google/input__q'

2022-11-30 21:45:56 - [TEST_STEP][PASSED] - sendKeys(findTestObject("Object Repository/Reto_while1/Page_Google/input__q"), Keys.chord(ENTER)): Keys 'ENTER + ' sent to object: 'Object Repository/Reto_while1/Page_Google/input__q'

2022-11-30 21:46:03 - [MESSAGE][PASSED] - Keys 'ENTER + ' sent to object: 'Object Repository/Reto_while1/Page_Google/input__q'

2022-11-30 21:46:03 - [TEST_STEP][PASSED] - Res = getText(findTestObject("Reto_while1/Resultado_8")).toInteger(): Text of object 'Object Repository/Reto_while1/Resultado_8' is: '8'

2022-11-30 21:46:04 - [MESSAGE][PASSED] - Text of object 'Object Repository/Reto_while1/Resultado_8' is: '8'

2022-11-30 21:46:04 - [TEST_STEP][PASSED] - if (Res == 8): Browser is closed

2022-11-30 21:46:04 - [TEST_STEP][PASSED] - closeBrowser(): Browser is closed

2022-11-30 21:46:05 - [MESSAGE][PASSED] - Browser is closed]]></system-out>
         <system-err><![CDATA[]]></system-err>
      </testcase>
      <testcase name="Test Cases/BUCLES/Test_1" time="35.737" classname="Test Cases/BUCLES/Test_1" status="PASSED">
         <system-out><![CDATA[2022-11-30 21:46:05 - [TEST_CASE][PASSED] - Test Cases/BUCLES/Test_1: Test Cases/BUCLES/Test_1

2022-11-30 21:46:05 - [TEST_STEP][PASSED] - openBrowser(""): Browser is opened with url: ''

2022-11-30 21:46:05 - [MESSAGE][INFO] - Starting 'Chrome' driver

2022-11-30 21:46:05 - [MESSAGE][INFO] - Action delay is set to 0 milliseconds

2022-11-30 21:46:07 - [MESSAGE][PASSED] - Browser is opened with url: ''

2022-11-30 21:46:07 - [TEST_STEP][PASSED] - navigateToUrl("https://demoqa.com/text-box"): Navigate to 'https://demoqa.com/text-box' successfully

2022-11-30 21:46:14 - [MESSAGE][PASSED] - Navigate to 'https://demoqa.com/text-box' successfully

2022-11-30 21:46:14 - [TEST_STEP][PASSED] - for ([x = 1, x <= 2, (x++)]): null

2022-11-30 21:46:14 - [TEST_STEP][PASSED] - openBrowser(""): Browser is opened with url: ''

2022-11-30 21:46:14 - [MESSAGE][WARNING] - A browser is already opened. Closing browser and opening a new one

2022-11-30 21:46:15 - [MESSAGE][INFO] - Starting 'Chrome' driver

2022-11-30 21:46:15 - [MESSAGE][INFO] - Action delay is set to 0 milliseconds

2022-11-30 21:46:17 - [MESSAGE][PASSED] - Browser is opened with url: ''

2022-11-30 21:46:17 - [TEST_STEP][PASSED] - navigateToUrl("https://demoqa.com/text-box"): Navigate to 'https://demoqa.com/text-box' successfully

2022-11-30 21:46:25 - [MESSAGE][PASSED] - Navigate to 'https://demoqa.com/text-box' successfully

2022-11-30 21:46:25 - [TEST_STEP][PASSED] - RN = Math.random() * 10 - 1 + 1: null

2022-11-30 21:46:25 - [TEST_STEP][PASSED] - print("Numero : " + RN + "----"): null

2022-11-30 21:46:25 - [TEST_STEP][PASSED] - z = ["Demo1", "Demo2", "Demo3", "Demo4", "Demo5"]: null

2022-11-30 21:46:25 - [TEST_STEP][PASSED] - rnd = new java.util.Random(): null

2022-11-30 21:46:25 - [TEST_STEP][PASSED] - texto = z[rnd.nextInt(size)]: null

2022-11-30 21:46:25 - [TEST_STEP][PASSED] - print(texto): null

2022-11-30 21:46:25 - [TEST_STEP][PASSED] - openBrowser(""): Browser is opened with url: ''

2022-11-30 21:46:25 - [MESSAGE][WARNING] - A browser is already opened. Closing browser and opening a new one

2022-11-30 21:46:26 - [MESSAGE][INFO] - Starting 'Chrome' driver

2022-11-30 21:46:26 - [MESSAGE][INFO] - Action delay is set to 0 milliseconds

2022-11-30 21:46:28 - [MESSAGE][PASSED] - Browser is opened with url: ''

2022-11-30 21:46:28 - [TEST_STEP][PASSED] - navigateToUrl("https://demoqa.com/text-box"): Navigate to 'https://demoqa.com/text-box' successfully

2022-11-30 21:46:40 - [MESSAGE][PASSED] - Navigate to 'https://demoqa.com/text-box' successfully

2022-11-30 21:46:40 - [TEST_STEP][PASSED] - RN = Math.random() * 10 - 1 + 1: null

2022-11-30 21:46:40 - [TEST_STEP][PASSED] - print("Numero : " + RN + "----"): null

2022-11-30 21:46:40 - [TEST_STEP][PASSED] - z = ["Demo1", "Demo2", "Demo3", "Demo4", "Demo5"]: null

2022-11-30 21:46:40 - [TEST_STEP][PASSED] - rnd = new java.util.Random(): null

2022-11-30 21:46:40 - [TEST_STEP][PASSED] - texto = z[rnd.nextInt(size)]: null

2022-11-30 21:46:40 - [TEST_STEP][PASSED] - print(texto): null

2022-11-30 21:46:40 - [TEST_STEP][PASSED] - closeBrowser(): Browser is closed

2022-11-30 21:46:40 - [MESSAGE][PASSED] - Browser is closed]]></system-out>
         <system-err><![CDATA[]]></system-err>
      </testcase>
      <testcase name="Test Cases/BUCLES/Test_2" time="12.159" classname="Test Cases/BUCLES/Test_2" status="PASSED">
         <system-out><![CDATA[2022-11-30 21:46:40 - [TEST_CASE][PASSED] - Test Cases/BUCLES/Test_2: Test Cases/BUCLES/Test_2

2022-11-30 21:46:41 - [TEST_STEP][PASSED] - openBrowser(""): Browser is opened with url: ''

2022-11-30 21:46:41 - [MESSAGE][INFO] - Starting 'Chrome' driver

2022-11-30 21:46:41 - [MESSAGE][INFO] - Action delay is set to 0 milliseconds

2022-11-30 21:46:42 - [MESSAGE][PASSED] - Browser is opened with url: ''

2022-11-30 21:46:42 - [TEST_STEP][PASSED] - navigateToUrl("https://demoqa.com/text-box"): Navigate to 'https://demoqa.com/text-box' successfully

2022-11-30 21:46:52 - [MESSAGE][PASSED] - Navigate to 'https://demoqa.com/text-box' successfully

2022-11-30 21:46:52 - [TEST_STEP][PASSED] - for ([x = 1, x <= 10, x = x + 2]): null

2022-11-30 21:46:52 - [TEST_STEP][PASSED] - print(" hola mundo " + x + "-------"): null

2022-11-30 21:46:52 - [TEST_STEP][PASSED] - print(" hola mundo " + x + "-------"): null

2022-11-30 21:46:52 - [TEST_STEP][PASSED] - print(" hola mundo " + x + "-------"): null

2022-11-30 21:46:52 - [TEST_STEP][PASSED] - print(" hola mundo " + x + "-------"): null

2022-11-30 21:46:52 - [TEST_STEP][PASSED] - print(" hola mundo " + x + "-------"): null

2022-11-30 21:46:52 - [TEST_STEP][PASSED] - closeBrowser(): Browser is closed

2022-11-30 21:46:52 - [MESSAGE][PASSED] - Browser is closed]]></system-out>
         <system-err><![CDATA[]]></system-err>
      </testcase>
      <testcase name="Test Cases/BUCLES/Test_while" time="12.355" classname="Test Cases/BUCLES/Test_while" status="PASSED">
         <system-out><![CDATA[2022-11-30 21:46:53 - [TEST_CASE][PASSED] - Test Cases/BUCLES/Test_while: Test Cases/BUCLES/Test_while

2022-11-30 21:46:53 - [TEST_STEP][PASSED] - openBrowser(""): Browser is opened with url: ''

2022-11-30 21:46:53 - [MESSAGE][INFO] - Starting 'Chrome' driver

2022-11-30 21:46:53 - [MESSAGE][INFO] - Action delay is set to 0 milliseconds

2022-11-30 21:46:55 - [MESSAGE][PASSED] - Browser is opened with url: ''

2022-11-30 21:46:55 - [TEST_STEP][PASSED] - navigateToUrl("https://demoqa.com/text-box"): Navigate to 'https://demoqa.com/text-box' successfully

2022-11-30 21:47:04 - [MESSAGE][PASSED] - Navigate to 'https://demoqa.com/text-box' successfully

2022-11-30 21:47:04 - [TEST_STEP][PASSED] - maximizeWindow(): Current window maximized

2022-11-30 21:47:04 - [MESSAGE][PASSED] - Current window maximized

2022-11-30 21:47:04 - [TEST_STEP][PASSED] - waitForPageLoad(5): Wait for page load successfully

2022-11-30 21:47:04 - [MESSAGE][PASSED] - Wait for page load successfully

2022-11-30 21:47:04 - [TEST_STEP][PASSED] - x = 1: null

2022-11-30 21:47:04 - [TEST_STEP][PASSED] - while (x <= 3): null

2022-11-30 21:47:04 - [TEST_STEP][PASSED] - print("Hola " + x + "----------"): null

2022-11-30 21:47:04 - [TEST_STEP][PASSED] - (x++): null

2022-11-30 21:47:04 - [TEST_STEP][PASSED] - print("Hola " + x + "----------"): null

2022-11-30 21:47:04 - [TEST_STEP][PASSED] - (x++): null

2022-11-30 21:47:04 - [TEST_STEP][PASSED] - print("Hola " + x + "----------"): null

2022-11-30 21:47:04 - [TEST_STEP][PASSED] - (x++): null

2022-11-30 21:47:04 - [TEST_STEP][PASSED] - closeBrowser(): Browser is closed

2022-11-30 21:47:05 - [MESSAGE][PASSED] - Browser is closed]]></system-out>
         <system-err><![CDATA[]]></system-err>
      </testcase>
      <testcase name="Test Cases/BUCLES/Test_while2" time="9.473" classname="Test Cases/BUCLES/Test_while2" status="PASSED">
         <system-out><![CDATA[2022-11-30 21:47:05 - [TEST_CASE][PASSED] - Test Cases/BUCLES/Test_while2: Test Cases/BUCLES/Test_while2

2022-11-30 21:47:05 - [TEST_STEP][PASSED] - openBrowser(""): Browser is opened with url: ''

2022-11-30 21:47:05 - [MESSAGE][INFO] - Starting 'Chrome' driver

2022-11-30 21:47:05 - [MESSAGE][INFO] - Action delay is set to 0 milliseconds

2022-11-30 21:47:07 - [MESSAGE][PASSED] - Browser is opened with url: ''

2022-11-30 21:47:07 - [TEST_STEP][PASSED] - navigateToUrl("https://demoqa.com/text-box"): Navigate to 'https://demoqa.com/text-box' successfully

2022-11-30 21:47:14 - [MESSAGE][PASSED] - Navigate to 'https://demoqa.com/text-box' successfully

2022-11-30 21:47:14 - [TEST_STEP][PASSED] - maximizeWindow(): Current window maximized

2022-11-30 21:47:14 - [MESSAGE][PASSED] - Current window maximized

2022-11-30 21:47:14 - [TEST_STEP][PASSED] - waitForPageLoad(5): Wait for page load successfully

2022-11-30 21:47:14 - [MESSAGE][PASSED] - Wait for page load successfully

2022-11-30 21:47:14 - [TEST_STEP][PASSED] - x = 1: null

2022-11-30 21:47:14 - [TEST_STEP][PASSED] - while (x <= 5): null

2022-11-30 21:47:14 - [TEST_STEP][PASSED] - print("Valor de X" + x + "------>"): null

2022-11-30 21:47:14 - [TEST_STEP][PASSED] - (x++): null

2022-11-30 21:47:14 - [TEST_STEP][PASSED] - print("Valor de X" + x + "------>"): null

2022-11-30 21:47:14 - [TEST_STEP][PASSED] - (x++): null

2022-11-30 21:47:14 - [TEST_STEP][PASSED] - print("Valor de X" + x + "------>"): null

2022-11-30 21:47:14 - [TEST_STEP][PASSED] - (x++): null

2022-11-30 21:47:14 - [TEST_STEP][PASSED] - print("Valor de X" + x + "------>"): null

2022-11-30 21:47:14 - [TEST_STEP][PASSED] - (x++): null

2022-11-30 21:47:14 - [TEST_STEP][PASSED] - print("Valor de X" + x + "------>"): null

2022-11-30 21:47:14 - [TEST_STEP][PASSED] - (x++): null

2022-11-30 21:47:14 - [TEST_STEP][PASSED] - closeBrowser(): Browser is closed

2022-11-30 21:47:14 - [MESSAGE][PASSED] - Browser is closed]]></system-out>
         <system-err><![CDATA[]]></system-err>
      </testcase>
      <testcase name="Test Cases/Drive_excel/Drive_excel" time="18.443" classname="Test Cases/Drive_excel/Drive_excel" status="PASSED">
         <system-out><![CDATA[2022-11-30 21:47:14 - [TEST_CASE][PASSED] - Test Cases/Drive_excel/Drive_excel: Test Cases/Drive_excel/Drive_excel

2022-11-30 21:47:15 - [TEST_STEP][PASSED] - openBrowser(""): Browser is opened with url: ''

2022-11-30 21:47:15 - [MESSAGE][INFO] - Starting 'Chrome' driver

2022-11-30 21:47:15 - [MESSAGE][INFO] - Action delay is set to 0 milliseconds

2022-11-30 21:47:16 - [MESSAGE][PASSED] - Browser is opened with url: ''

2022-11-30 21:47:16 - [TEST_STEP][PASSED] - navigateToUrl("https://demoqa.com/automation-practice-form"): Navigate to 'https://demoqa.com/automation-practice-form' successfully

2022-11-30 21:47:26 - [MESSAGE][PASSED] - Navigate to 'https://demoqa.com/automation-practice-form' successfully

2022-11-30 21:47:26 - [TEST_STEP][PASSED] - waitForPageLoad(40): Wait for page load successfully

2022-11-30 21:47:26 - [MESSAGE][PASSED] - Wait for page load successfully

2022-11-30 21:47:26 - [TEST_STEP][PASSED] - maximizeWindow(): Current window maximized

2022-11-30 21:47:26 - [MESSAGE][PASSED] - Current window maximized

2022-11-30 21:47:26 - [TEST_STEP][PASSED] - setText(findTestObject("Object Repository/Drive_excel/Page_ToolsQA/input_Name_firstName"), nombre): Text '' is set on object 'Object Repository/Drive_excel/Page_ToolsQA/input_Name_firstName'

2022-11-30 21:47:28 - [MESSAGE][PASSED] - Text '' is set on object 'Object Repository/Drive_excel/Page_ToolsQA/input_Name_firstName'

2022-11-30 21:47:28 - [TEST_STEP][PASSED] - setText(findTestObject("Object Repository/Drive_excel/Page_ToolsQA/input_Name_lastName"), apellido): Text '' is set on object 'Object Repository/Drive_excel/Page_ToolsQA/input_Name_lastName'

2022-11-30 21:47:29 - [MESSAGE][PASSED] - Text '' is set on object 'Object Repository/Drive_excel/Page_ToolsQA/input_Name_lastName'

2022-11-30 21:47:29 - [TEST_STEP][PASSED] - setText(findTestObject("Object Repository/Drive_excel/Page_ToolsQA/input_Email_userEmail"), email): Text '' is set on object 'Object Repository/Drive_excel/Page_ToolsQA/input_Email_userEmail'

2022-11-30 21:47:30 - [MESSAGE][PASSED] - Text '' is set on object 'Object Repository/Drive_excel/Page_ToolsQA/input_Email_userEmail'

2022-11-30 21:47:30 - [TEST_STEP][PASSED] - delay(2): Delayed 2 second(s)

2022-11-30 21:47:32 - [MESSAGE][PASSED] - Delayed 2 second(s)

2022-11-30 21:47:32 - [TEST_STEP][PASSED] - closeBrowser(): Browser is closed

2022-11-30 21:47:33 - [MESSAGE][PASSED] - Browser is closed]]></system-out>
         <system-err><![CDATA[]]></system-err>
      </testcase>
      <testcase name="Test Cases/Navegador/Navegador" time="11.251" classname="Test Cases/Navegador/Navegador" status="PASSED">
         <system-out><![CDATA[2022-11-30 21:47:33 - [TEST_CASE][PASSED] - Test Cases/Navegador/Navegador: Test Cases/Navegador/Navegador

2022-11-30 21:47:33 - [TEST_STEP][PASSED] - openBrowser("https://demoqa.com/text-box"): Browser is opened with url: 'https://demoqa.com/text-box'

2022-11-30 21:47:33 - [MESSAGE][INFO] - Starting 'Chrome' driver

2022-11-30 21:47:33 - [MESSAGE][INFO] - Action delay is set to 0 milliseconds

2022-11-30 21:47:43 - [MESSAGE][PASSED] - Browser is opened with url: 'https://demoqa.com/text-box'

2022-11-30 21:47:43 - [TEST_STEP][PASSED] - maximizeWindow(): Current window maximized

2022-11-30 21:47:43 - [MESSAGE][PASSED] - Current window maximized

2022-11-30 21:47:43 - [TEST_STEP][PASSED] - page_url = getUrl(): Current window's url is: 'https://demoqa.com/text-box'

2022-11-30 21:47:43 - [MESSAGE][PASSED] - Current window's url is: 'https://demoqa.com/text-box'

2022-11-30 21:47:43 - [TEST_STEP][PASSED] - print(page_url): null

2022-11-30 21:47:43 - [TEST_STEP][PASSED] - Titulo = getWindowTitle(): Current window's title is: 'ToolsQA'

2022-11-30 21:47:43 - [MESSAGE][PASSED] - Current window's title is: 'ToolsQA'

2022-11-30 21:47:43 - [TEST_STEP][PASSED] - print("titiulo de la pagina" + Titulo): null

2022-11-30 21:47:43 - [TEST_STEP][PASSED] - closeBrowser(): Browser is closed

2022-11-30 21:47:44 - [MESSAGE][PASSED] - Browser is closed]]></system-out>
         <system-err><![CDATA[]]></system-err>
      </testcase>
      <testcase name="Test Cases/Objecto_xpath/Caso_xpath" time="21.63" classname="Test Cases/Objecto_xpath/Caso_xpath" status="PASSED">
         <system-out><![CDATA[2022-11-30 21:47:44 - [TEST_CASE][PASSED] - Test Cases/Objecto_xpath/Caso_xpath: Test Cases/Objecto_xpath/Caso_xpath

2022-11-30 21:47:44 - [TEST_STEP][PASSED] - openBrowser(""): Browser is opened with url: ''

2022-11-30 21:47:44 - [MESSAGE][INFO] - Starting 'Chrome' driver

2022-11-30 21:47:44 - [MESSAGE][INFO] - Action delay is set to 0 milliseconds

2022-11-30 21:47:46 - [MESSAGE][PASSED] - Browser is opened with url: ''

2022-11-30 21:47:46 - [TEST_STEP][PASSED] - navigateToUrl("https://demoqa.com/text-box"): Navigate to 'https://demoqa.com/text-box' successfully

2022-11-30 21:48:00 - [MESSAGE][PASSED] - Navigate to 'https://demoqa.com/text-box' successfully

2022-11-30 21:48:00 - [TEST_STEP][PASSED] - maximizeWindow(): Current window maximized

2022-11-30 21:48:00 - [MESSAGE][PASSED] - Current window maximized

2022-11-30 21:48:00 - [TEST_STEP][PASSED] - setText(findTestObject("Objeto_xpath/Campo_nombre"), "Ljubo"): Text 'Ljubo' is set on object 'Object Repository/Objeto_xpath/Campo_nombre'

2022-11-30 21:48:02 - [MESSAGE][PASSED] - Text 'Ljubo' is set on object 'Object Repository/Objeto_xpath/Campo_nombre'

2022-11-30 21:48:02 - [TEST_STEP][PASSED] - delay(3): Delayed 3 second(s)

2022-11-30 21:48:05 - [MESSAGE][PASSED] - Delayed 3 second(s)

2022-11-30 21:48:05 - [TEST_STEP][PASSED] - closeBrowser(): Browser is closed

2022-11-30 21:48:06 - [MESSAGE][PASSED] - Browser is closed]]></system-out>
         <system-err><![CDATA[]]></system-err>
      </testcase>
      <testcase name="Test Cases/Condicionales_If/Condicionar_titulo" time="24.642" classname="Test Cases/Condicionales_If/Condicionar_titulo" status="PASSED">
         <system-out><![CDATA[2022-11-30 21:48:06 - [TEST_CASE][PASSED] - Test Cases/Condicionales_If/Condicionar_titulo: Test Cases/Condicionales_If/Condicionar_titulo

2022-11-30 21:48:06 - [TEST_STEP][PASSED] - openBrowser(""): Browser is opened with url: ''

2022-11-30 21:48:06 - [MESSAGE][INFO] - Starting 'Chrome' driver

2022-11-30 21:48:06 - [MESSAGE][INFO] - Action delay is set to 0 milliseconds

2022-11-30 21:48:08 - [MESSAGE][PASSED] - Browser is opened with url: ''

2022-11-30 21:48:08 - [TEST_STEP][PASSED] - navigateToUrl("https://demoqa.com/"): Navigate to 'https://demoqa.com/' successfully

2022-11-30 21:48:15 - [MESSAGE][PASSED] - Navigate to 'https://demoqa.com/' successfully

2022-11-30 21:48:15 - [TEST_STEP][PASSED] - maximizeWindow(): Current window maximized

2022-11-30 21:48:15 - [MESSAGE][PASSED] - Current window maximized

2022-11-30 21:48:15 - [TEST_STEP][PASSED] - waitForPageLoad(5): Wait for page load successfully

2022-11-30 21:48:15 - [MESSAGE][PASSED] - Wait for page load successfully

2022-11-30 21:48:15 - [TEST_STEP][PASSED] - Existe = waitForElementVisible(findTestObject("Condicionales/Texto_radio"), 3): Web element with id: 'Object Repository/Condicionales/Texto_radio' located by '//div[@class='main-header'][contains(.,'Radio Button')]' not found

2022-11-30 21:48:19 - [MESSAGE][INFO] - Unable to find the element located by 'By.xpath: //div[@class='main-header'][contains(.,'Radio Button')]'. Please recheck the objects properties to make sure the desired element is located. 

2022-11-30 21:48:19 - [MESSAGE][WARNING] - [SELF-HEALING] Failed to find element with id 'Object Repository/Condicionales/Texto_radio'. Try using Self-healing.

2022-11-30 21:48:20 - [MESSAGE][INFO] - [SELF-HEALING] No working XPath is found.

2022-11-30 21:48:21 - [MESSAGE][INFO] - Unable to find the element located by 'By.xpath: '. Please recheck the objects properties to make sure the desired element is located. 

2022-11-30 21:48:21 - [MESSAGE][WARNING] - [SELF-HEALING] Cannot find elements when the selector is null

2022-11-30 21:48:21 - [MESSAGE][WARNING] - Web element with id: 'Object Repository/Condicionales/Texto_radio' located by '//div[@class='main-header'][contains(.,'Radio Button')]' not found

2022-11-30 21:48:21 - [TEST_STEP][PASSED] - print(Existe): null

2022-11-30 21:48:21 - [TEST_STEP][PASSED] - if (Existe == true): null

2022-11-30 21:48:21 - [TEST_STEP][PASSED] - else: Browser is closed

2022-11-30 21:48:21 - [TEST_STEP][PASSED] - print("-----  Error no esta el elemento de texto radio ------"): null

2022-11-30 21:48:21 - [TEST_STEP][PASSED] - navigateToUrl("https://demoqa.com/radio-button"): Navigate to 'https://demoqa.com/radio-button' successfully

2022-11-30 21:48:26 - [MESSAGE][PASSED] - Navigate to 'https://demoqa.com/radio-button' successfully

2022-11-30 21:48:26 - [TEST_STEP][PASSED] - click(findTestObject("Condicionales/Objeto_yes")): Object: 'Object Repository/Condicionales/Objeto_yes' is clicked on

2022-11-30 21:48:28 - [MESSAGE][PASSED] - Object: 'Object Repository/Condicionales/Objeto_yes' is clicked on

2022-11-30 21:48:28 - [TEST_STEP][PASSED] - delay(2): Delayed 2 second(s)

2022-11-30 21:48:30 - [MESSAGE][PASSED] - Delayed 2 second(s)

2022-11-30 21:48:30 - [TEST_STEP][PASSED] - closeBrowser(): Browser is closed

2022-11-30 21:48:30 - [MESSAGE][PASSED] - Browser is closed]]></system-out>
         <system-err><![CDATA[]]></system-err>
      </testcase>
      <testcase name="Test Cases/Condicionales_If/Test_1" time="0.03" classname="Test Cases/Condicionales_If/Test_1" status="PASSED">
         <system-out><![CDATA[2022-11-30 21:48:30 - [TEST_CASE][PASSED] - Test Cases/Condicionales_If/Test_1: Test Cases/Condicionales_If/Test_1

2022-11-30 21:48:30 - [TEST_STEP][PASSED] - if (num == 10): null

2022-11-30 21:48:30 - [TEST_STEP][PASSED] - else: null

2022-11-30 21:48:30 - [TEST_STEP][PASSED] - print("El numero no es un 10 es el numero:  " + num + "#####"): null]]></system-out>
         <system-err><![CDATA[]]></system-err>
      </testcase>
      <testcase name="Test Cases/Condicionales_If/Test_2" time="0.015" classname="Test Cases/Condicionales_If/Test_2" status="PASSED">
         <system-out><![CDATA[2022-11-30 21:48:30 - [TEST_CASE][PASSED] - Test Cases/Condicionales_If/Test_2: Test Cases/Condicionales_If/Test_2

2022-11-30 21:48:30 - [TEST_STEP][PASSED] - if (num == 5): null

2022-11-30 21:48:30 - [TEST_STEP][PASSED] - if (num == 10): null

2022-11-30 21:48:30 - [TEST_STEP][PASSED] - println("El valor de la variables es un: 10"): null]]></system-out>
         <system-err><![CDATA[]]></system-err>
      </testcase>
      <testcase name="Test Cases/Condicionales_If/Test_3" time="0.016" classname="Test Cases/Condicionales_If/Test_3" status="PASSED">
         <system-out><![CDATA[2022-11-30 21:48:30 - [TEST_CASE][PASSED] - Test Cases/Condicionales_If/Test_3: Test Cases/Condicionales_If/Test_3

2022-11-30 21:48:30 - [TEST_STEP][PASSED] - if (nombre == "Juan"): null

2022-11-30 21:48:30 - [TEST_STEP][PASSED] - if (nombre == "JUan"): null

2022-11-30 21:48:30 - [TEST_STEP][PASSED] - if (nombre == "juan"): null

2022-11-30 21:48:30 - [TEST_STEP][PASSED] - println("Tu nombre es juan"): null]]></system-out>
         <system-err><![CDATA[]]></system-err>
      </testcase>
      <testcase name="Test Cases/Condicionales_If/Test_4" time="0.025" classname="Test Cases/Condicionales_If/Test_4" status="PASSED">
         <system-out><![CDATA[2022-11-30 21:48:30 - [TEST_CASE][PASSED] - Test Cases/Condicionales_If/Test_4: Test Cases/Condicionales_If/Test_4

2022-11-30 21:48:30 - [TEST_STEP][PASSED] - if (num <= 7): null

2022-11-30 21:48:30 - [TEST_STEP][PASSED] - println("El numero es menor ó igual que 5"): null

2022-11-30 21:48:30 - [TEST_STEP][PASSED] - if (num >= 8): null

2022-11-30 21:48:30 - [TEST_STEP][PASSED] - if (num != 5): null]]></system-out>
         <system-err><![CDATA[]]></system-err>
      </testcase>
      <testcase name="Test Cases/Condicionales_If/Test_edad" time="0.03" classname="Test Cases/Condicionales_If/Test_edad" status="PASSED">
         <system-out><![CDATA[2022-11-30 21:48:30 - [TEST_CASE][PASSED] - Test Cases/Condicionales_If/Test_edad: Test Cases/Condicionales_If/Test_edad

2022-11-30 21:48:30 - [TEST_STEP][PASSED] - if (edad >= 1 && edad <= 17): null

2022-11-30 21:48:30 - [TEST_STEP][PASSED] - else if (edad == 18): null

2022-11-30 21:48:30 - [TEST_STEP][PASSED] - else if (edad <= 0): null

2022-11-30 21:48:30 - [TEST_STEP][PASSED] - else if (edad == 120): null

2022-11-30 21:48:30 - [TEST_STEP][PASSED] - else: null

2022-11-30 21:48:30 - [TEST_STEP][PASSED] - print("No se cumple ninguna de las opciones"): null]]></system-out>
         <system-err><![CDATA[]]></system-err>
      </testcase>
      <testcase name="Test Cases/Condicionales_If/Test_valor" time="19.553" classname="Test Cases/Condicionales_If/Test_valor" status="PASSED">
         <system-out><![CDATA[2022-11-30 21:48:30 - [TEST_CASE][PASSED] - Test Cases/Condicionales_If/Test_valor: Test Cases/Condicionales_If/Test_valor

2022-11-30 21:48:30 - [TEST_STEP][PASSED] - openBrowser(""): Browser is opened with url: ''

2022-11-30 21:48:30 - [MESSAGE][INFO] - Starting 'Chrome' driver

2022-11-30 21:48:30 - [MESSAGE][INFO] - Action delay is set to 0 milliseconds

2022-11-30 21:48:32 - [MESSAGE][PASSED] - Browser is opened with url: ''

2022-11-30 21:48:32 - [TEST_STEP][PASSED] - navigateToUrl("https://demoqa.com/"): Navigate to 'https://demoqa.com/' successfully

2022-11-30 21:48:41 - [MESSAGE][PASSED] - Navigate to 'https://demoqa.com/' successfully

2022-11-30 21:48:41 - [TEST_STEP][PASSED] - maximizeWindow(): Current window maximized

2022-11-30 21:48:41 - [MESSAGE][PASSED] - Current window maximized

2022-11-30 21:48:41 - [TEST_STEP][PASSED] - waitForPageLoad(10): Wait for page load successfully

2022-11-30 21:48:41 - [MESSAGE][PASSED] - Wait for page load successfully

2022-11-30 21:48:41 - [TEST_STEP][PASSED] - Existe = waitForElementVisible(findTestObject("Condicionales/titulo1"), 5): Web element with id: 'Object Repository/Condicionales/titulo1' located by '//div[@class='main-header'][contains(.,'Radio Button')]' not found

2022-11-30 21:48:47 - [MESSAGE][INFO] - Unable to find the element located by 'By.xpath: //div[@class='main-header'][contains(.,'Radio Button')]'. Please recheck the objects properties to make sure the desired element is located. 

2022-11-30 21:48:47 - [MESSAGE][WARNING] - [SELF-HEALING] Failed to find element with id 'Object Repository/Condicionales/titulo1'. Try using Self-healing.

2022-11-30 21:48:48 - [MESSAGE][INFO] - [SELF-HEALING] No working XPath is found.

2022-11-30 21:48:49 - [MESSAGE][INFO] - Unable to find the element located by 'By.xpath: '. Please recheck the objects properties to make sure the desired element is located. 

2022-11-30 21:48:49 - [MESSAGE][WARNING] - [SELF-HEALING] Cannot find elements when the selector is null

2022-11-30 21:48:49 - [MESSAGE][WARNING] - Web element with id: 'Object Repository/Condicionales/titulo1' located by '//div[@class='main-header'][contains(.,'Radio Button')]' not found

2022-11-30 21:48:49 - [TEST_STEP][PASSED] - if (Existe == true): null

2022-11-30 21:48:49 - [TEST_STEP][PASSED] - else: Browser is closed

2022-11-30 21:48:49 - [TEST_STEP][PASSED] - print("No estas en la página correcta"): null

2022-11-30 21:48:49 - [TEST_STEP][PASSED] - closeBrowser(): Browser is closed

2022-11-30 21:48:50 - [MESSAGE][PASSED] - Browser is closed]]></system-out>
         <system-err><![CDATA[]]></system-err>
      </testcase>
      <testcase name="Test Cases/BUCLES/Reto_For" time="30.815" classname="Test Cases/BUCLES/Reto_For" status="PASSED">
         <system-out><![CDATA[2022-11-30 21:48:50 - [TEST_CASE][PASSED] - Test Cases/BUCLES/Reto_For: Test Cases/BUCLES/Reto_For

2022-11-30 21:48:50 - [TEST_STEP][PASSED] - openBrowser(""): Browser is opened with url: ''

2022-11-30 21:48:50 - [MESSAGE][INFO] - Starting 'Chrome' driver

2022-11-30 21:48:50 - [MESSAGE][INFO] - Action delay is set to 0 milliseconds

2022-11-30 21:48:52 - [MESSAGE][PASSED] - Browser is opened with url: ''

2022-11-30 21:48:52 - [TEST_STEP][PASSED] - navigateToUrl("https://demoqa.com/text-box"): Navigate to 'https://demoqa.com/text-box' successfully

2022-11-30 21:49:02 - [MESSAGE][PASSED] - Navigate to 'https://demoqa.com/text-box' successfully

2022-11-30 21:49:02 - [TEST_STEP][PASSED] - maximizeWindow(): Current window maximized

2022-11-30 21:49:02 - [MESSAGE][PASSED] - Current window maximized

2022-11-30 21:49:02 - [TEST_STEP][PASSED] - waitForPageLoad(5): Wait for page load successfully

2022-11-30 21:49:02 - [MESSAGE][PASSED] - Wait for page load successfully

2022-11-30 21:49:02 - [TEST_STEP][PASSED] - for ([x = 1, x <= 4, (x++)]): Browser is scrolled to position x = 0, y = 100

2022-11-30 21:49:02 - [TEST_STEP][PASSED] - z = ["Carlos", "Erika", "Paco", "Rodrigo", "Juan"]: null

2022-11-30 21:49:02 - [TEST_STEP][PASSED] - rn = new java.util.Random(): null

2022-11-30 21:49:02 - [TEST_STEP][PASSED] - tx_nombre = z[rn.nextInt(size)]: null

2022-11-30 21:49:02 - [TEST_STEP][PASSED] - setText(findTestObject("Object Repository/Reto_for/Page_ToolsQA/input_Full Name_userName"), tx_nombre): Text 'Paco' is set on object 'Object Repository/Reto_for/Page_ToolsQA/input_Full Name_userName'

2022-11-30 21:49:05 - [MESSAGE][PASSED] - Text 'Paco' is set on object 'Object Repository/Reto_for/Page_ToolsQA/input_Full Name_userName'

2022-11-30 21:49:05 - [TEST_STEP][PASSED] - setText(findTestObject("Object Repository/Reto_for/Page_ToolsQA/input_Email_userEmail"), tx_nombre + "@gmail.com"): Text 'Paco@gmail.com' is set on object 'Object Repository/Reto_for/Page_ToolsQA/input_Email_userEmail'

2022-11-30 21:49:06 - [MESSAGE][PASSED] - Text 'Paco@gmail.com' is set on object 'Object Repository/Reto_for/Page_ToolsQA/input_Email_userEmail'

2022-11-30 21:49:06 - [TEST_STEP][PASSED] - setText(findTestObject("Object Repository/Reto_for/Page_ToolsQA/textarea_Current Address_currentAddress"), "Dirección#" + x): Text 'Dirección#1' is set on object 'Object Repository/Reto_for/Page_ToolsQA/textarea_Current Address_currentAddress'

2022-11-30 21:49:07 - [MESSAGE][PASSED] - Text 'Dirección#1' is set on object 'Object Repository/Reto_for/Page_ToolsQA/textarea_Current Address_currentAddress'

2022-11-30 21:49:07 - [TEST_STEP][PASSED] - setText(findTestObject("Object Repository/Reto_for/Page_ToolsQA/textarea_Permanent Address_permanentAddress"), "Dirección dos#" + x): Text 'Dirección dos#1' is set on object 'Object Repository/Reto_for/Page_ToolsQA/textarea_Permanent Address_permanentAddress'

2022-11-30 21:49:08 - [MESSAGE][PASSED] - Text 'Dirección dos#1' is set on object 'Object Repository/Reto_for/Page_ToolsQA/textarea_Permanent Address_permanentAddress'

2022-11-30 21:49:08 - [TEST_STEP][PASSED] - scrollToPosition(0, 500): Browser is scrolled to position x = 0, y = 500

2022-11-30 21:49:08 - [MESSAGE][PASSED] - Browser is scrolled to position x = 0, y = 500

2022-11-30 21:49:08 - [TEST_STEP][PASSED] - click(findTestObject("Object Repository/Reto_for/Page_ToolsQA/button_Submit")): Object: 'Object Repository/Reto_for/Page_ToolsQA/button_Submit' is clicked on

2022-11-30 21:49:08 - [MESSAGE][PASSED] - Object: 'Object Repository/Reto_for/Page_ToolsQA/button_Submit' is clicked on

2022-11-30 21:49:08 - [TEST_STEP][PASSED] - scrollToPosition(0, 100): Browser is scrolled to position x = 0, y = 100

2022-11-30 21:49:08 - [MESSAGE][PASSED] - Browser is scrolled to position x = 0, y = 100

2022-11-30 21:49:08 - [TEST_STEP][PASSED] - z = ["Carlos", "Erika", "Paco", "Rodrigo", "Juan"]: null

2022-11-30 21:49:08 - [TEST_STEP][PASSED] - rn = new java.util.Random(): null

2022-11-30 21:49:08 - [TEST_STEP][PASSED] - tx_nombre = z[rn.nextInt(size)]: null

2022-11-30 21:49:08 - [TEST_STEP][PASSED] - setText(findTestObject("Object Repository/Reto_for/Page_ToolsQA/input_Full Name_userName"), tx_nombre): Text 'Carlos' is set on object 'Object Repository/Reto_for/Page_ToolsQA/input_Full Name_userName'

2022-11-30 21:49:09 - [MESSAGE][PASSED] - Text 'Carlos' is set on object 'Object Repository/Reto_for/Page_ToolsQA/input_Full Name_userName'

2022-11-30 21:49:09 - [TEST_STEP][PASSED] - setText(findTestObject("Object Repository/Reto_for/Page_ToolsQA/input_Email_userEmail"), tx_nombre + "@gmail.com"): Text 'Carlos@gmail.com' is set on object 'Object Repository/Reto_for/Page_ToolsQA/input_Email_userEmail'

2022-11-30 21:49:10 - [MESSAGE][PASSED] - Text 'Carlos@gmail.com' is set on object 'Object Repository/Reto_for/Page_ToolsQA/input_Email_userEmail'

2022-11-30 21:49:10 - [TEST_STEP][PASSED] - setText(findTestObject("Object Repository/Reto_for/Page_ToolsQA/textarea_Current Address_currentAddress"), "Dirección#" + x): Text 'Dirección#2' is set on object 'Object Repository/Reto_for/Page_ToolsQA/textarea_Current Address_currentAddress'

2022-11-30 21:49:11 - [MESSAGE][PASSED] - Text 'Dirección#2' is set on object 'Object Repository/Reto_for/Page_ToolsQA/textarea_Current Address_currentAddress'

2022-11-30 21:49:11 - [TEST_STEP][PASSED] - setText(findTestObject("Object Repository/Reto_for/Page_ToolsQA/textarea_Permanent Address_permanentAddress"), "Dirección dos#" + x): Text 'Dirección dos#2' is set on object 'Object Repository/Reto_for/Page_ToolsQA/textarea_Permanent Address_permanentAddress'

2022-11-30 21:49:12 - [MESSAGE][PASSED] - Text 'Dirección dos#2' is set on object 'Object Repository/Reto_for/Page_ToolsQA/textarea_Permanent Address_permanentAddress'

2022-11-30 21:49:12 - [TEST_STEP][PASSED] - scrollToPosition(0, 500): Browser is scrolled to position x = 0, y = 500

2022-11-30 21:49:12 - [MESSAGE][PASSED] - Browser is scrolled to position x = 0, y = 500

2022-11-30 21:49:12 - [TEST_STEP][PASSED] - click(findTestObject("Object Repository/Reto_for/Page_ToolsQA/button_Submit")): Object: 'Object Repository/Reto_for/Page_ToolsQA/button_Submit' is clicked on

2022-11-30 21:49:12 - [MESSAGE][PASSED] - Object: 'Object Repository/Reto_for/Page_ToolsQA/button_Submit' is clicked on

2022-11-30 21:49:12 - [TEST_STEP][PASSED] - scrollToPosition(0, 100): Browser is scrolled to position x = 0, y = 100

2022-11-30 21:49:12 - [MESSAGE][PASSED] - Browser is scrolled to position x = 0, y = 100

2022-11-30 21:49:12 - [TEST_STEP][PASSED] - z = ["Carlos", "Erika", "Paco", "Rodrigo", "Juan"]: null

2022-11-30 21:49:12 - [TEST_STEP][PASSED] - rn = new java.util.Random(): null

2022-11-30 21:49:12 - [TEST_STEP][PASSED] - tx_nombre = z[rn.nextInt(size)]: null

2022-11-30 21:49:12 - [TEST_STEP][PASSED] - setText(findTestObject("Object Repository/Reto_for/Page_ToolsQA/input_Full Name_userName"), tx_nombre): Text 'Paco' is set on object 'Object Repository/Reto_for/Page_ToolsQA/input_Full Name_userName'

2022-11-30 21:49:13 - [MESSAGE][PASSED] - Text 'Paco' is set on object 'Object Repository/Reto_for/Page_ToolsQA/input_Full Name_userName'

2022-11-30 21:49:13 - [TEST_STEP][PASSED] - setText(findTestObject("Object Repository/Reto_for/Page_ToolsQA/input_Email_userEmail"), tx_nombre + "@gmail.com"): Text 'Paco@gmail.com' is set on object 'Object Repository/Reto_for/Page_ToolsQA/input_Email_userEmail'

2022-11-30 21:49:14 - [MESSAGE][PASSED] - Text 'Paco@gmail.com' is set on object 'Object Repository/Reto_for/Page_ToolsQA/input_Email_userEmail'

2022-11-30 21:49:14 - [TEST_STEP][PASSED] - setText(findTestObject("Object Repository/Reto_for/Page_ToolsQA/textarea_Current Address_currentAddress"), "Dirección#" + x): Text 'Dirección#3' is set on object 'Object Repository/Reto_for/Page_ToolsQA/textarea_Current Address_currentAddress'

2022-11-30 21:49:15 - [MESSAGE][PASSED] - Text 'Dirección#3' is set on object 'Object Repository/Reto_for/Page_ToolsQA/textarea_Current Address_currentAddress'

2022-11-30 21:49:15 - [TEST_STEP][PASSED] - setText(findTestObject("Object Repository/Reto_for/Page_ToolsQA/textarea_Permanent Address_permanentAddress"), "Dirección dos#" + x): Text 'Dirección dos#3' is set on object 'Object Repository/Reto_for/Page_ToolsQA/textarea_Permanent Address_permanentAddress'

2022-11-30 21:49:16 - [MESSAGE][PASSED] - Text 'Dirección dos#3' is set on object 'Object Repository/Reto_for/Page_ToolsQA/textarea_Permanent Address_permanentAddress'

2022-11-30 21:49:16 - [TEST_STEP][PASSED] - scrollToPosition(0, 500): Browser is scrolled to position x = 0, y = 500

2022-11-30 21:49:16 - [MESSAGE][PASSED] - Browser is scrolled to position x = 0, y = 500

2022-11-30 21:49:16 - [TEST_STEP][PASSED] - click(findTestObject("Object Repository/Reto_for/Page_ToolsQA/button_Submit")): Object: 'Object Repository/Reto_for/Page_ToolsQA/button_Submit' is clicked on

2022-11-30 21:49:16 - [MESSAGE][PASSED] - Object: 'Object Repository/Reto_for/Page_ToolsQA/button_Submit' is clicked on

2022-11-30 21:49:16 - [TEST_STEP][PASSED] - scrollToPosition(0, 100): Browser is scrolled to position x = 0, y = 100

2022-11-30 21:49:16 - [MESSAGE][PASSED] - Browser is scrolled to position x = 0, y = 100

2022-11-30 21:49:16 - [TEST_STEP][PASSED] - z = ["Carlos", "Erika", "Paco", "Rodrigo", "Juan"]: null

2022-11-30 21:49:16 - [TEST_STEP][PASSED] - rn = new java.util.Random(): null

2022-11-30 21:49:16 - [TEST_STEP][PASSED] - tx_nombre = z[rn.nextInt(size)]: null

2022-11-30 21:49:16 - [TEST_STEP][PASSED] - setText(findTestObject("Object Repository/Reto_for/Page_ToolsQA/input_Full Name_userName"), tx_nombre): Text 'Rodrigo' is set on object 'Object Repository/Reto_for/Page_ToolsQA/input_Full Name_userName'

2022-11-30 21:49:17 - [MESSAGE][PASSED] - Text 'Rodrigo' is set on object 'Object Repository/Reto_for/Page_ToolsQA/input_Full Name_userName'

2022-11-30 21:49:17 - [TEST_STEP][PASSED] - setText(findTestObject("Object Repository/Reto_for/Page_ToolsQA/input_Email_userEmail"), tx_nombre + "@gmail.com"): Text 'Rodrigo@gmail.com' is set on object 'Object Repository/Reto_for/Page_ToolsQA/input_Email_userEmail'

2022-11-30 21:49:18 - [MESSAGE][PASSED] - Text 'Rodrigo@gmail.com' is set on object 'Object Repository/Reto_for/Page_ToolsQA/input_Email_userEmail'

2022-11-30 21:49:18 - [TEST_STEP][PASSED] - setText(findTestObject("Object Repository/Reto_for/Page_ToolsQA/textarea_Current Address_currentAddress"), "Dirección#" + x): Text 'Dirección#4' is set on object 'Object Repository/Reto_for/Page_ToolsQA/textarea_Current Address_currentAddress'

2022-11-30 21:49:19 - [MESSAGE][PASSED] - Text 'Dirección#4' is set on object 'Object Repository/Reto_for/Page_ToolsQA/textarea_Current Address_currentAddress'

2022-11-30 21:49:19 - [TEST_STEP][PASSED] - setText(findTestObject("Object Repository/Reto_for/Page_ToolsQA/textarea_Permanent Address_permanentAddress"), "Dirección dos#" + x): Text 'Dirección dos#4' is set on object 'Object Repository/Reto_for/Page_ToolsQA/textarea_Permanent Address_permanentAddress'

2022-11-30 21:49:20 - [MESSAGE][PASSED] - Text 'Dirección dos#4' is set on object 'Object Repository/Reto_for/Page_ToolsQA/textarea_Permanent Address_permanentAddress'

2022-11-30 21:49:20 - [TEST_STEP][PASSED] - scrollToPosition(0, 500): Browser is scrolled to position x = 0, y = 500

2022-11-30 21:49:20 - [MESSAGE][PASSED] - Browser is scrolled to position x = 0, y = 500

2022-11-30 21:49:20 - [TEST_STEP][PASSED] - click(findTestObject("Object Repository/Reto_for/Page_ToolsQA/button_Submit")): Object: 'Object Repository/Reto_for/Page_ToolsQA/button_Submit' is clicked on

2022-11-30 21:49:20 - [MESSAGE][PASSED] - Object: 'Object Repository/Reto_for/Page_ToolsQA/button_Submit' is clicked on

2022-11-30 21:49:20 - [TEST_STEP][PASSED] - scrollToPosition(0, 100): Browser is scrolled to position x = 0, y = 100

2022-11-30 21:49:20 - [MESSAGE][PASSED] - Browser is scrolled to position x = 0, y = 100

2022-11-30 21:49:20 - [TEST_STEP][PASSED] - closeBrowser(): Browser is closed

2022-11-30 21:49:21 - [MESSAGE][PASSED] - Browser is closed]]></system-out>
         <system-err><![CDATA[]]></system-err>
      </testcase>
      <testcase name="Test Cases/BUCLES/Reto_while" time="19.059" classname="Test Cases/BUCLES/Reto_while" status="PASSED">
         <system-out><![CDATA[2022-11-30 21:49:21 - [TEST_CASE][PASSED] - Test Cases/BUCLES/Reto_while: Test Cases/BUCLES/Reto_while

2022-11-30 21:49:21 - [TEST_STEP][PASSED] - openBrowser(""): Browser is opened with url: ''

2022-11-30 21:49:21 - [MESSAGE][INFO] - Starting 'Chrome' driver

2022-11-30 21:49:21 - [MESSAGE][INFO] - Action delay is set to 0 milliseconds

2022-11-30 21:49:23 - [MESSAGE][PASSED] - Browser is opened with url: ''

2022-11-30 21:49:23 - [TEST_STEP][PASSED] - navigateToUrl("https://www.google.com/"): Navigate to 'https://www.google.com/' successfully

2022-11-30 21:49:26 - [MESSAGE][PASSED] - Navigate to 'https://www.google.com/' successfully

2022-11-30 21:49:26 - [TEST_STEP][PASSED] - Bandera = 0: null

2022-11-30 21:49:26 - [TEST_STEP][PASSED] - while (Bandera != 1): null

2022-11-30 21:49:26 - [TEST_STEP][PASSED] - num = Math.random() * 5 - 1 + 1: null

2022-11-30 21:49:26 - [TEST_STEP][PASSED] - setText(findTestObject("Object Repository/While_google/Page_Google/input__q"), "5+" + num): Text '5+1' is set on object 'Object Repository/While_google/Page_Google/input__q'

2022-11-30 21:49:27 - [MESSAGE][PASSED] - Text '5+1' is set on object 'Object Repository/While_google/Page_Google/input__q'

2022-11-30 21:49:27 - [TEST_STEP][PASSED] - sendKeys(findTestObject("Object Repository/While_google/Page_Google/input__q"), Keys.chord(ENTER)): Keys 'ENTER + ' sent to object: 'Object Repository/While_google/Page_Google/input__q'

2022-11-30 21:49:33 - [MESSAGE][PASSED] - Keys 'ENTER + ' sent to object: 'Object Repository/While_google/Page_Google/input__q'

2022-11-30 21:49:33 - [TEST_STEP][PASSED] - Resultado = getText(findTestObject("While_google/Extras/Resultado_10")): Text of object 'Object Repository/While_google/Extras/Resultado_10' is: '6'

2022-11-30 21:49:34 - [MESSAGE][PASSED] - Text of object 'Object Repository/While_google/Extras/Resultado_10' is: '6'

2022-11-30 21:49:34 - [TEST_STEP][PASSED] - if (Resultado == "8"): null

2022-11-30 21:49:34 - [TEST_STEP][PASSED] - else: null

2022-11-30 21:49:34 - [TEST_STEP][PASSED] - Bandera = 0: null

2022-11-30 21:49:34 - [TEST_STEP][PASSED] - print(Bandera + "------"): null

2022-11-30 21:49:34 - [TEST_STEP][PASSED] - num = Math.random() * 5 - 1 + 1: null

2022-11-30 21:49:34 - [TEST_STEP][PASSED] - setText(findTestObject("Object Repository/While_google/Page_Google/input__q"), "5+" + num): Text '5+3' is set on object 'Object Repository/While_google/Page_Google/input__q'

2022-11-30 21:49:35 - [MESSAGE][PASSED] - Text '5+3' is set on object 'Object Repository/While_google/Page_Google/input__q'

2022-11-30 21:49:35 - [TEST_STEP][PASSED] - sendKeys(findTestObject("Object Repository/While_google/Page_Google/input__q"), Keys.chord(ENTER)): Keys 'ENTER + ' sent to object: 'Object Repository/While_google/Page_Google/input__q'

2022-11-30 21:49:39 - [MESSAGE][PASSED] - Keys 'ENTER + ' sent to object: 'Object Repository/While_google/Page_Google/input__q'

2022-11-30 21:49:39 - [TEST_STEP][PASSED] - Resultado = getText(findTestObject("While_google/Extras/Resultado_10")): Text of object 'Object Repository/While_google/Extras/Resultado_10' is: '8'

2022-11-30 21:49:39 - [MESSAGE][PASSED] - Text of object 'Object Repository/While_google/Extras/Resultado_10' is: '8'

2022-11-30 21:49:39 - [TEST_STEP][PASSED] - if (Resultado == "8"): Browser is closed

2022-11-30 21:49:39 - [TEST_STEP][PASSED] - Bandera = 1: null

2022-11-30 21:49:39 - [TEST_STEP][PASSED] - print("Listo termina"): null

2022-11-30 21:49:39 - [TEST_STEP][PASSED] - closeBrowser(): Browser is closed

2022-11-30 21:49:40 - [MESSAGE][PASSED] - Browser is closed

2022-11-30 21:49:40 - [TEST_STEP][PASSED] - print(Bandera + "------"): null]]></system-out>
         <system-err><![CDATA[]]></system-err>
      </testcase>
      <testcase name="Test Cases/BUCLES/Reto_while_solucion" time="60.028" classname="Test Cases/BUCLES/Reto_while_solucion" status="PASSED">
         <system-out><![CDATA[2022-11-30 21:49:40 - [TEST_CASE][PASSED] - Test Cases/BUCLES/Reto_while_solucion: Test Cases/BUCLES/Reto_while_solucion

2022-11-30 21:49:40 - [TEST_STEP][PASSED] - openBrowser(""): Browser is opened with url: ''

2022-11-30 21:49:40 - [MESSAGE][INFO] - Starting 'Chrome' driver

2022-11-30 21:49:40 - [MESSAGE][INFO] - Action delay is set to 0 milliseconds

2022-11-30 21:49:41 - [MESSAGE][PASSED] - Browser is opened with url: ''

2022-11-30 21:49:41 - [TEST_STEP][PASSED] - navigateToUrl("https://www.google.com/"): Navigate to 'https://www.google.com/' successfully

2022-11-30 21:49:44 - [MESSAGE][PASSED] - Navigate to 'https://www.google.com/' successfully

2022-11-30 21:49:44 - [TEST_STEP][PASSED] - Res = 0: null

2022-11-30 21:49:44 - [TEST_STEP][PASSED] - while (Res != 8): Browser is closed

2022-11-30 21:49:44 - [TEST_STEP][PASSED] - num = Math.random() * 5 - 1 + 1: null

2022-11-30 21:49:44 - [TEST_STEP][PASSED] - setText(findTestObject("Object Repository/Reto_while1/Page_Google/input__q"), "5+" + num): Text '5+4' is set on object 'Object Repository/Reto_while1/Page_Google/input__q'

2022-11-30 21:49:45 - [MESSAGE][PASSED] - Text '5+4' is set on object 'Object Repository/Reto_while1/Page_Google/input__q'

2022-11-30 21:49:45 - [TEST_STEP][PASSED] - sendKeys(findTestObject("Object Repository/Reto_while1/Page_Google/input__q"), Keys.chord(ENTER)): Keys 'ENTER + ' sent to object: 'Object Repository/Reto_while1/Page_Google/input__q'

2022-11-30 21:49:50 - [MESSAGE][PASSED] - Keys 'ENTER + ' sent to object: 'Object Repository/Reto_while1/Page_Google/input__q'

2022-11-30 21:49:50 - [TEST_STEP][PASSED] - Res = getText(findTestObject("Reto_while1/Resultado_8")).toInteger(): Text of object 'Object Repository/Reto_while1/Resultado_8' is: '9'

2022-11-30 21:49:50 - [MESSAGE][PASSED] - Text of object 'Object Repository/Reto_while1/Resultado_8' is: '9'

2022-11-30 21:49:50 - [TEST_STEP][PASSED] - if (Res == 8): null

2022-11-30 21:49:50 - [TEST_STEP][PASSED] - num = Math.random() * 5 - 1 + 1: null

2022-11-30 21:49:50 - [TEST_STEP][PASSED] - setText(findTestObject("Object Repository/Reto_while1/Page_Google/input__q"), "5+" + num): Text '5+1' is set on object 'Object Repository/Reto_while1/Page_Google/input__q'

2022-11-30 21:49:51 - [MESSAGE][PASSED] - Text '5+1' is set on object 'Object Repository/Reto_while1/Page_Google/input__q'

2022-11-30 21:49:51 - [TEST_STEP][PASSED] - sendKeys(findTestObject("Object Repository/Reto_while1/Page_Google/input__q"), Keys.chord(ENTER)): Keys 'ENTER + ' sent to object: 'Object Repository/Reto_while1/Page_Google/input__q'

2022-11-30 21:50:02 - [MESSAGE][PASSED] - Keys 'ENTER + ' sent to object: 'Object Repository/Reto_while1/Page_Google/input__q'

2022-11-30 21:50:02 - [TEST_STEP][PASSED] - Res = getText(findTestObject("Reto_while1/Resultado_8")).toInteger(): Text of object 'Object Repository/Reto_while1/Resultado_8' is: '6'

2022-11-30 21:50:03 - [MESSAGE][PASSED] - Text of object 'Object Repository/Reto_while1/Resultado_8' is: '6'

2022-11-30 21:50:03 - [TEST_STEP][PASSED] - if (Res == 8): null

2022-11-30 21:50:03 - [TEST_STEP][PASSED] - num = Math.random() * 5 - 1 + 1: null

2022-11-30 21:50:03 - [TEST_STEP][PASSED] - setText(findTestObject("Object Repository/Reto_while1/Page_Google/input__q"), "5+" + num): Text '5+1' is set on object 'Object Repository/Reto_while1/Page_Google/input__q'

2022-11-30 21:50:04 - [MESSAGE][PASSED] - Text '5+1' is set on object 'Object Repository/Reto_while1/Page_Google/input__q'

2022-11-30 21:50:04 - [TEST_STEP][PASSED] - sendKeys(findTestObject("Object Repository/Reto_while1/Page_Google/input__q"), Keys.chord(ENTER)): Keys 'ENTER + ' sent to object: 'Object Repository/Reto_while1/Page_Google/input__q'

2022-11-30 21:50:05 - [MESSAGE][PASSED] - Keys 'ENTER + ' sent to object: 'Object Repository/Reto_while1/Page_Google/input__q'

2022-11-30 21:50:05 - [TEST_STEP][PASSED] - Res = getText(findTestObject("Reto_while1/Resultado_8")).toInteger(): Text of object 'Object Repository/Reto_while1/Resultado_8' is: '6'

2022-11-30 21:50:07 - [MESSAGE][PASSED] - Text of object 'Object Repository/Reto_while1/Resultado_8' is: '6'

2022-11-30 21:50:07 - [TEST_STEP][PASSED] - if (Res == 8): null

2022-11-30 21:50:07 - [TEST_STEP][PASSED] - num = Math.random() * 5 - 1 + 1: null

2022-11-30 21:50:07 - [TEST_STEP][PASSED] - setText(findTestObject("Object Repository/Reto_while1/Page_Google/input__q"), "5+" + num): Text '5+2' is set on object 'Object Repository/Reto_while1/Page_Google/input__q'

2022-11-30 21:50:09 - [MESSAGE][PASSED] - Text '5+2' is set on object 'Object Repository/Reto_while1/Page_Google/input__q'

2022-11-30 21:50:09 - [TEST_STEP][PASSED] - sendKeys(findTestObject("Object Repository/Reto_while1/Page_Google/input__q"), Keys.chord(ENTER)): Keys 'ENTER + ' sent to object: 'Object Repository/Reto_while1/Page_Google/input__q'

2022-11-30 21:50:16 - [MESSAGE][PASSED] - Keys 'ENTER + ' sent to object: 'Object Repository/Reto_while1/Page_Google/input__q'

2022-11-30 21:50:16 - [TEST_STEP][PASSED] - Res = getText(findTestObject("Reto_while1/Resultado_8")).toInteger(): Text of object 'Object Repository/Reto_while1/Resultado_8' is: '7'

2022-11-30 21:50:17 - [MESSAGE][PASSED] - Text of object 'Object Repository/Reto_while1/Resultado_8' is: '7'

2022-11-30 21:50:17 - [TEST_STEP][PASSED] - if (Res == 8): null

2022-11-30 21:50:17 - [TEST_STEP][PASSED] - num = Math.random() * 5 - 1 + 1: null

2022-11-30 21:50:17 - [TEST_STEP][PASSED] - setText(findTestObject("Object Repository/Reto_while1/Page_Google/input__q"), "5+" + num): Text '5+2' is set on object 'Object Repository/Reto_while1/Page_Google/input__q'

2022-11-30 21:50:17 - [MESSAGE][PASSED] - Text '5+2' is set on object 'Object Repository/Reto_while1/Page_Google/input__q'

2022-11-30 21:50:17 - [TEST_STEP][PASSED] - sendKeys(findTestObject("Object Repository/Reto_while1/Page_Google/input__q"), Keys.chord(ENTER)): Keys 'ENTER + ' sent to object: 'Object Repository/Reto_while1/Page_Google/input__q'

2022-11-30 21:50:23 - [MESSAGE][PASSED] - Keys 'ENTER + ' sent to object: 'Object Repository/Reto_while1/Page_Google/input__q'

2022-11-30 21:50:23 - [TEST_STEP][PASSED] - Res = getText(findTestObject("Reto_while1/Resultado_8")).toInteger(): Text of object 'Object Repository/Reto_while1/Resultado_8' is: '7'

2022-11-30 21:50:23 - [MESSAGE][PASSED] - Text of object 'Object Repository/Reto_while1/Resultado_8' is: '7'

2022-11-30 21:50:23 - [TEST_STEP][PASSED] - if (Res == 8): null

2022-11-30 21:50:23 - [TEST_STEP][PASSED] - num = Math.random() * 5 - 1 + 1: null

2022-11-30 21:50:23 - [TEST_STEP][PASSED] - setText(findTestObject("Object Repository/Reto_while1/Page_Google/input__q"), "5+" + num): Text '5+1' is set on object 'Object Repository/Reto_while1/Page_Google/input__q'

2022-11-30 21:50:24 - [MESSAGE][PASSED] - Text '5+1' is set on object 'Object Repository/Reto_while1/Page_Google/input__q'

2022-11-30 21:50:24 - [TEST_STEP][PASSED] - sendKeys(findTestObject("Object Repository/Reto_while1/Page_Google/input__q"), Keys.chord(ENTER)): Keys 'ENTER + ' sent to object: 'Object Repository/Reto_while1/Page_Google/input__q'

2022-11-30 21:50:28 - [MESSAGE][PASSED] - Keys 'ENTER + ' sent to object: 'Object Repository/Reto_while1/Page_Google/input__q'

2022-11-30 21:50:28 - [TEST_STEP][PASSED] - Res = getText(findTestObject("Reto_while1/Resultado_8")).toInteger(): Text of object 'Object Repository/Reto_while1/Resultado_8' is: '6'

2022-11-30 21:50:29 - [MESSAGE][PASSED] - Text of object 'Object Repository/Reto_while1/Resultado_8' is: '6'

2022-11-30 21:50:29 - [TEST_STEP][PASSED] - if (Res == 8): null

2022-11-30 21:50:29 - [TEST_STEP][PASSED] - num = Math.random() * 5 - 1 + 1: null

2022-11-30 21:50:29 - [TEST_STEP][PASSED] - setText(findTestObject("Object Repository/Reto_while1/Page_Google/input__q"), "5+" + num): Text '5+4' is set on object 'Object Repository/Reto_while1/Page_Google/input__q'

2022-11-30 21:50:30 - [MESSAGE][PASSED] - Text '5+4' is set on object 'Object Repository/Reto_while1/Page_Google/input__q'

2022-11-30 21:50:30 - [TEST_STEP][PASSED] - sendKeys(findTestObject("Object Repository/Reto_while1/Page_Google/input__q"), Keys.chord(ENTER)): Keys 'ENTER + ' sent to object: 'Object Repository/Reto_while1/Page_Google/input__q'

2022-11-30 21:50:33 - [MESSAGE][PASSED] - Keys 'ENTER + ' sent to object: 'Object Repository/Reto_while1/Page_Google/input__q'

2022-11-30 21:50:33 - [TEST_STEP][PASSED] - Res = getText(findTestObject("Reto_while1/Resultado_8")).toInteger(): Text of object 'Object Repository/Reto_while1/Resultado_8' is: '9'

2022-11-30 21:50:33 - [MESSAGE][PASSED] - Text of object 'Object Repository/Reto_while1/Resultado_8' is: '9'

2022-11-30 21:50:33 - [TEST_STEP][PASSED] - if (Res == 8): null

2022-11-30 21:50:33 - [TEST_STEP][PASSED] - num = Math.random() * 5 - 1 + 1: null

2022-11-30 21:50:33 - [TEST_STEP][PASSED] - setText(findTestObject("Object Repository/Reto_while1/Page_Google/input__q"), "5+" + num): Text '5+3' is set on object 'Object Repository/Reto_while1/Page_Google/input__q'

2022-11-30 21:50:34 - [MESSAGE][PASSED] - Text '5+3' is set on object 'Object Repository/Reto_while1/Page_Google/input__q'

2022-11-30 21:50:34 - [TEST_STEP][PASSED] - sendKeys(findTestObject("Object Repository/Reto_while1/Page_Google/input__q"), Keys.chord(ENTER)): Keys 'ENTER + ' sent to object: 'Object Repository/Reto_while1/Page_Google/input__q'

2022-11-30 21:50:39 - [MESSAGE][PASSED] - Keys 'ENTER + ' sent to object: 'Object Repository/Reto_while1/Page_Google/input__q'

2022-11-30 21:50:39 - [TEST_STEP][PASSED] - Res = getText(findTestObject("Reto_while1/Resultado_8")).toInteger(): Text of object 'Object Repository/Reto_while1/Resultado_8' is: '8'

2022-11-30 21:50:39 - [MESSAGE][PASSED] - Text of object 'Object Repository/Reto_while1/Resultado_8' is: '8'

2022-11-30 21:50:39 - [TEST_STEP][PASSED] - if (Res == 8): Browser is closed

2022-11-30 21:50:39 - [TEST_STEP][PASSED] - closeBrowser(): Browser is closed

2022-11-30 21:50:40 - [MESSAGE][PASSED] - Browser is closed]]></system-out>
         <system-err><![CDATA[]]></system-err>
      </testcase>
      <testcase name="Test Cases/BUCLES/Test_1" time="36.172" classname="Test Cases/BUCLES/Test_1" status="PASSED">
         <system-out><![CDATA[2022-11-30 21:50:40 - [TEST_CASE][PASSED] - Test Cases/BUCLES/Test_1: Test Cases/BUCLES/Test_1

2022-11-30 21:50:40 - [TEST_STEP][PASSED] - openBrowser(""): Browser is opened with url: ''

2022-11-30 21:50:40 - [MESSAGE][INFO] - Starting 'Chrome' driver

2022-11-30 21:50:40 - [MESSAGE][INFO] - Action delay is set to 0 milliseconds

2022-11-30 21:50:42 - [MESSAGE][PASSED] - Browser is opened with url: ''

2022-11-30 21:50:42 - [TEST_STEP][PASSED] - navigateToUrl("https://demoqa.com/text-box"): Navigate to 'https://demoqa.com/text-box' successfully

2022-11-30 21:50:50 - [MESSAGE][PASSED] - Navigate to 'https://demoqa.com/text-box' successfully

2022-11-30 21:50:50 - [TEST_STEP][PASSED] - for ([x = 1, x <= 2, (x++)]): null

2022-11-30 21:50:50 - [TEST_STEP][PASSED] - openBrowser(""): Browser is opened with url: ''

2022-11-30 21:50:50 - [MESSAGE][WARNING] - A browser is already opened. Closing browser and opening a new one

2022-11-30 21:50:51 - [MESSAGE][INFO] - Starting 'Chrome' driver

2022-11-30 21:50:51 - [MESSAGE][INFO] - Action delay is set to 0 milliseconds

2022-11-30 21:50:53 - [MESSAGE][PASSED] - Browser is opened with url: ''

2022-11-30 21:50:53 - [TEST_STEP][PASSED] - navigateToUrl("https://demoqa.com/text-box"): Navigate to 'https://demoqa.com/text-box' successfully

2022-11-30 21:51:02 - [MESSAGE][PASSED] - Navigate to 'https://demoqa.com/text-box' successfully

2022-11-30 21:51:02 - [TEST_STEP][PASSED] - RN = Math.random() * 10 - 1 + 1: null

2022-11-30 21:51:02 - [TEST_STEP][PASSED] - print("Numero : " + RN + "----"): null

2022-11-30 21:51:02 - [TEST_STEP][PASSED] - z = ["Demo1", "Demo2", "Demo3", "Demo4", "Demo5"]: null

2022-11-30 21:51:02 - [TEST_STEP][PASSED] - rnd = new java.util.Random(): null

2022-11-30 21:51:02 - [TEST_STEP][PASSED] - texto = z[rnd.nextInt(size)]: null

2022-11-30 21:51:02 - [TEST_STEP][PASSED] - print(texto): null

2022-11-30 21:51:02 - [TEST_STEP][PASSED] - openBrowser(""): Browser is opened with url: ''

2022-11-30 21:51:02 - [MESSAGE][WARNING] - A browser is already opened. Closing browser and opening a new one

2022-11-30 21:51:03 - [MESSAGE][INFO] - Starting 'Chrome' driver

2022-11-30 21:51:03 - [MESSAGE][INFO] - Action delay is set to 0 milliseconds

2022-11-30 21:51:05 - [MESSAGE][PASSED] - Browser is opened with url: ''

2022-11-30 21:51:05 - [TEST_STEP][PASSED] - navigateToUrl("https://demoqa.com/text-box"): Navigate to 'https://demoqa.com/text-box' successfully

2022-11-30 21:51:15 - [MESSAGE][PASSED] - Navigate to 'https://demoqa.com/text-box' successfully

2022-11-30 21:51:15 - [TEST_STEP][PASSED] - RN = Math.random() * 10 - 1 + 1: null

2022-11-30 21:51:15 - [TEST_STEP][PASSED] - print("Numero : " + RN + "----"): null

2022-11-30 21:51:15 - [TEST_STEP][PASSED] - z = ["Demo1", "Demo2", "Demo3", "Demo4", "Demo5"]: null

2022-11-30 21:51:15 - [TEST_STEP][PASSED] - rnd = new java.util.Random(): null

2022-11-30 21:51:15 - [TEST_STEP][PASSED] - texto = z[rnd.nextInt(size)]: null

2022-11-30 21:51:15 - [TEST_STEP][PASSED] - print(texto): null

2022-11-30 21:51:15 - [TEST_STEP][PASSED] - closeBrowser(): Browser is closed

2022-11-30 21:51:16 - [MESSAGE][PASSED] - Browser is closed]]></system-out>
         <system-err><![CDATA[]]></system-err>
      </testcase>
      <testcase name="Test Cases/BUCLES/Test_2" time="9.017" classname="Test Cases/BUCLES/Test_2" status="PASSED">
         <system-out><![CDATA[2022-11-30 21:51:16 - [TEST_CASE][PASSED] - Test Cases/BUCLES/Test_2: Test Cases/BUCLES/Test_2

2022-11-30 21:51:16 - [TEST_STEP][PASSED] - openBrowser(""): Browser is opened with url: ''

2022-11-30 21:51:16 - [MESSAGE][INFO] - Starting 'Chrome' driver

2022-11-30 21:51:16 - [MESSAGE][INFO] - Action delay is set to 0 milliseconds

2022-11-30 21:51:18 - [MESSAGE][PASSED] - Browser is opened with url: ''

2022-11-30 21:51:18 - [TEST_STEP][PASSED] - navigateToUrl("https://demoqa.com/text-box"): Navigate to 'https://demoqa.com/text-box' successfully

2022-11-30 21:51:25 - [MESSAGE][PASSED] - Navigate to 'https://demoqa.com/text-box' successfully

2022-11-30 21:51:25 - [TEST_STEP][PASSED] - for ([x = 1, x <= 10, x = x + 2]): null

2022-11-30 21:51:25 - [TEST_STEP][PASSED] - print(" hola mundo " + x + "-------"): null

2022-11-30 21:51:25 - [TEST_STEP][PASSED] - print(" hola mundo " + x + "-------"): null

2022-11-30 21:51:25 - [TEST_STEP][PASSED] - print(" hola mundo " + x + "-------"): null

2022-11-30 21:51:25 - [TEST_STEP][PASSED] - print(" hola mundo " + x + "-------"): null

2022-11-30 21:51:25 - [TEST_STEP][PASSED] - print(" hola mundo " + x + "-------"): null

2022-11-30 21:51:25 - [TEST_STEP][PASSED] - closeBrowser(): Browser is closed

2022-11-30 21:51:25 - [MESSAGE][PASSED] - Browser is closed]]></system-out>
         <system-err><![CDATA[]]></system-err>
      </testcase>
      <testcase name="Test Cases/BUCLES/Test_while" time="10.304" classname="Test Cases/BUCLES/Test_while" status="PASSED">
         <system-out><![CDATA[2022-11-30 21:51:25 - [TEST_CASE][PASSED] - Test Cases/BUCLES/Test_while: Test Cases/BUCLES/Test_while

2022-11-30 21:51:25 - [TEST_STEP][PASSED] - openBrowser(""): Browser is opened with url: ''

2022-11-30 21:51:25 - [MESSAGE][INFO] - Starting 'Chrome' driver

2022-11-30 21:51:25 - [MESSAGE][INFO] - Action delay is set to 0 milliseconds

2022-11-30 21:51:27 - [MESSAGE][PASSED] - Browser is opened with url: ''

2022-11-30 21:51:27 - [TEST_STEP][PASSED] - navigateToUrl("https://demoqa.com/text-box"): Navigate to 'https://demoqa.com/text-box' successfully

2022-11-30 21:51:35 - [MESSAGE][PASSED] - Navigate to 'https://demoqa.com/text-box' successfully

2022-11-30 21:51:35 - [TEST_STEP][PASSED] - maximizeWindow(): Current window maximized

2022-11-30 21:51:35 - [MESSAGE][PASSED] - Current window maximized

2022-11-30 21:51:35 - [TEST_STEP][PASSED] - waitForPageLoad(5): Wait for page load successfully

2022-11-30 21:51:35 - [MESSAGE][PASSED] - Wait for page load successfully

2022-11-30 21:51:35 - [TEST_STEP][PASSED] - x = 1: null

2022-11-30 21:51:35 - [TEST_STEP][PASSED] - while (x <= 3): null

2022-11-30 21:51:35 - [TEST_STEP][PASSED] - print("Hola " + x + "----------"): null

2022-11-30 21:51:35 - [TEST_STEP][PASSED] - (x++): null

2022-11-30 21:51:35 - [TEST_STEP][PASSED] - print("Hola " + x + "----------"): null

2022-11-30 21:51:35 - [TEST_STEP][PASSED] - (x++): null

2022-11-30 21:51:35 - [TEST_STEP][PASSED] - print("Hola " + x + "----------"): null

2022-11-30 21:51:35 - [TEST_STEP][PASSED] - (x++): null

2022-11-30 21:51:35 - [TEST_STEP][PASSED] - closeBrowser(): Browser is closed

2022-11-30 21:51:35 - [MESSAGE][PASSED] - Browser is closed]]></system-out>
         <system-err><![CDATA[]]></system-err>
      </testcase>
      <testcase name="Test Cases/BUCLES/Test_while2" time="11.233" classname="Test Cases/BUCLES/Test_while2" status="PASSED">
         <system-out><![CDATA[2022-11-30 21:51:35 - [TEST_CASE][PASSED] - Test Cases/BUCLES/Test_while2: Test Cases/BUCLES/Test_while2

2022-11-30 21:51:35 - [TEST_STEP][PASSED] - openBrowser(""): Browser is opened with url: ''

2022-11-30 21:51:35 - [MESSAGE][INFO] - Starting 'Chrome' driver

2022-11-30 21:51:35 - [MESSAGE][INFO] - Action delay is set to 0 milliseconds

2022-11-30 21:51:37 - [MESSAGE][PASSED] - Browser is opened with url: ''

2022-11-30 21:51:37 - [TEST_STEP][PASSED] - navigateToUrl("https://demoqa.com/text-box"): Navigate to 'https://demoqa.com/text-box' successfully

2022-11-30 21:51:46 - [MESSAGE][PASSED] - Navigate to 'https://demoqa.com/text-box' successfully

2022-11-30 21:51:46 - [TEST_STEP][PASSED] - maximizeWindow(): Current window maximized

2022-11-30 21:51:46 - [MESSAGE][PASSED] - Current window maximized

2022-11-30 21:51:46 - [TEST_STEP][PASSED] - waitForPageLoad(5): Wait for page load successfully

2022-11-30 21:51:46 - [MESSAGE][PASSED] - Wait for page load successfully

2022-11-30 21:51:46 - [TEST_STEP][PASSED] - x = 1: null

2022-11-30 21:51:46 - [TEST_STEP][PASSED] - while (x <= 5): null

2022-11-30 21:51:46 - [TEST_STEP][PASSED] - print("Valor de X" + x + "------>"): null

2022-11-30 21:51:46 - [TEST_STEP][PASSED] - (x++): null

2022-11-30 21:51:46 - [TEST_STEP][PASSED] - print("Valor de X" + x + "------>"): null

2022-11-30 21:51:46 - [TEST_STEP][PASSED] - (x++): null

2022-11-30 21:51:46 - [TEST_STEP][PASSED] - print("Valor de X" + x + "------>"): null

2022-11-30 21:51:46 - [TEST_STEP][PASSED] - (x++): null

2022-11-30 21:51:46 - [TEST_STEP][PASSED] - print("Valor de X" + x + "------>"): null

2022-11-30 21:51:46 - [TEST_STEP][PASSED] - (x++): null

2022-11-30 21:51:46 - [TEST_STEP][PASSED] - print("Valor de X" + x + "------>"): null

2022-11-30 21:51:46 - [TEST_STEP][PASSED] - (x++): null

2022-11-30 21:51:46 - [TEST_STEP][PASSED] - closeBrowser(): Browser is closed

2022-11-30 21:51:47 - [MESSAGE][PASSED] - Browser is closed]]></system-out>
         <system-err><![CDATA[]]></system-err>
      </testcase>
      <testcase name="Test Cases/Drive_excel/Drive_excel" time="17.927" classname="Test Cases/Drive_excel/Drive_excel" status="PASSED">
         <system-out><![CDATA[2022-11-30 21:51:47 - [TEST_CASE][PASSED] - Test Cases/Drive_excel/Drive_excel: Test Cases/Drive_excel/Drive_excel

2022-11-30 21:51:47 - [TEST_STEP][PASSED] - openBrowser(""): Browser is opened with url: ''

2022-11-30 21:51:47 - [MESSAGE][INFO] - Starting 'Chrome' driver

2022-11-30 21:51:47 - [MESSAGE][INFO] - Action delay is set to 0 milliseconds

2022-11-30 21:51:49 - [MESSAGE][PASSED] - Browser is opened with url: ''

2022-11-30 21:51:49 - [TEST_STEP][PASSED] - navigateToUrl("https://demoqa.com/automation-practice-form"): Navigate to 'https://demoqa.com/automation-practice-form' successfully

2022-11-30 21:51:59 - [MESSAGE][PASSED] - Navigate to 'https://demoqa.com/automation-practice-form' successfully

2022-11-30 21:51:59 - [TEST_STEP][PASSED] - waitForPageLoad(40): Wait for page load successfully

2022-11-30 21:51:59 - [MESSAGE][PASSED] - Wait for page load successfully

2022-11-30 21:51:59 - [TEST_STEP][PASSED] - maximizeWindow(): Current window maximized

2022-11-30 21:51:59 - [MESSAGE][PASSED] - Current window maximized

2022-11-30 21:51:59 - [TEST_STEP][PASSED] - setText(findTestObject("Object Repository/Drive_excel/Page_ToolsQA/input_Name_firstName"), nombre): Text '' is set on object 'Object Repository/Drive_excel/Page_ToolsQA/input_Name_firstName'

2022-11-30 21:52:00 - [MESSAGE][PASSED] - Text '' is set on object 'Object Repository/Drive_excel/Page_ToolsQA/input_Name_firstName'

2022-11-30 21:52:00 - [TEST_STEP][PASSED] - setText(findTestObject("Object Repository/Drive_excel/Page_ToolsQA/input_Name_lastName"), apellido): Text '' is set on object 'Object Repository/Drive_excel/Page_ToolsQA/input_Name_lastName'

2022-11-30 21:52:01 - [MESSAGE][PASSED] - Text '' is set on object 'Object Repository/Drive_excel/Page_ToolsQA/input_Name_lastName'

2022-11-30 21:52:01 - [TEST_STEP][PASSED] - setText(findTestObject("Object Repository/Drive_excel/Page_ToolsQA/input_Email_userEmail"), email): Text '' is set on object 'Object Repository/Drive_excel/Page_ToolsQA/input_Email_userEmail'

2022-11-30 21:52:02 - [MESSAGE][PASSED] - Text '' is set on object 'Object Repository/Drive_excel/Page_ToolsQA/input_Email_userEmail'

2022-11-30 21:52:02 - [TEST_STEP][PASSED] - delay(2): Delayed 2 second(s)

2022-11-30 21:52:04 - [MESSAGE][PASSED] - Delayed 2 second(s)

2022-11-30 21:52:04 - [TEST_STEP][PASSED] - closeBrowser(): Browser is closed

2022-11-30 21:52:05 - [MESSAGE][PASSED] - Browser is closed]]></system-out>
         <system-err><![CDATA[]]></system-err>
      </testcase>
      <system-out><![CDATA[2022-11-30 21:43:34 - [TEST_SUITE][PASSED] - testCLoud: Test Cases/Drive_excel/Drive_excel]]></system-out>
      <system-err><![CDATA[]]></system-err>
   </testsuite>
</testsuites>
