<?xml version="1.0" encoding="UTF-8"?>
<testsuites name="Test_suite_1" time="23.618" tests="2" failures="0" errors="0">
   <testsuite name="Test_suite_1" tests="2" failures="0" errors="0" time="23.618" skipped="0" timestamp="2022-11-23 19:52:15" hostname="admin - 192.168.0.13" id="Test Suites/Test_suite_1">
      <properties>
         <property name="deviceName" value=""/>
         <property name="devicePlatform" value=""/>
         <property name="logFolder" value="C:\\Users\\admin\\Katalon Studio\\Proyectos\\Proyecto_uno\\Reports\\20221123_194411\\Test_suite_1\\20221123_194421"/>
         <property name="logFiles" value="C:\\Users\\admin\\Katalon Studio\\Proyectos\\Proyecto_uno\\Reports\\20221123_194411\\Test_suite_1\\20221123_194421\\execution0.log"/>
         <property name="attachments" value=""/>
         <property name="hostName" value="admin - 192.168.0.13"/>
         <property name="os" value="Windows 10 64bit"/>
         <property name="katalonVersion" value="8.5.2.208"/>
         <property name="browser" value="Chrome 107.0.0.0"/>
         <property name="hostAddress" value="192.168.0.13"/>
         <property name="sessionId" value="099f59210736611b09fee218a181d68d"/>
         <property name="seleniumVersion" value="3.141.59"/>
         <property name="proxyInformation" value="ProxyInformation { proxyOption=NO_PROXY, proxyServerType=HTTP, username=, password=********, proxyServerAddress=, proxyServerPort=0, executionList=&quot;&quot;, isApplyToDesiredCapabilities=true }"/>
         <property name="platform" value="Windows 10"/>
      </properties>
      <testcase name="Test Cases/Carga_2/Carga_2" time="11.537" classname="Test Cases/Carga_2/Carga_2" status="PASSED">
         <system-out><![CDATA[2022-11-23 19:52:16 - [TEST_CASE][PASSED] - Test Cases/Carga_2/Carga_2: Test Cases/Carga_2/Carga_2

2022-11-23 19:52:16 - [TEST_STEP][PASSED] - openBrowser(""): Browser is opened with url: ''

2022-11-23 19:52:17 - [MESSAGE][INFO] - Starting 'Chrome' driver

2022-11-23 19:52:17 - [MESSAGE][INFO] - Action delay is set to 0 milliseconds

2022-11-23 19:52:20 - [MESSAGE][PASSED] - Browser is opened with url: ''

2022-11-23 19:52:20 - [TEST_STEP][PASSED] - navigateToUrl("https://testpages.herokuapp.com/styled/file-upload-test.html"): Navigate to 'https://testpages.herokuapp.com/styled/file-upload-test.html' successfully

2022-11-23 19:52:22 - [MESSAGE][PASSED] - Navigate to 'https://testpages.herokuapp.com/styled/file-upload-test.html' successfully

2022-11-23 19:52:22 - [TEST_STEP][PASSED] - maximizeWindow(): Current window maximized

2022-11-23 19:52:23 - [MESSAGE][PASSED] - Current window maximized

2022-11-23 19:52:23 - [TEST_STEP][PASSED] - uploadFile(findTestObject("Carga2/Page_Upload a File/Cargar"), "C:\Users\admin\Katalon Studio\Proyectos\Proyecto_uno\imagenes\descarga.jpg"): File 'C:\Users\admin\Katalon Studio\Proyectos\Proyecto_uno\imagenes\descarga.jpg' sent to object: 'Object Repository/Carga2/Page_Upload a File/Cargar'

2022-11-23 19:52:23 - [MESSAGE][PASSED] - File 'C:\Users\admin\Katalon Studio\Proyectos\Proyecto_uno\imagenes\descarga.jpg' sent to object: 'Object Repository/Carga2/Page_Upload a File/Cargar'

2022-11-23 19:52:23 - [TEST_STEP][PASSED] - click(findTestObject("Object Repository/Carga2/Page_Upload a File/input_What type is it_filetype")): Object: 'Object Repository/Carga2/Page_Upload a File/input_What type is it_filetype' is clicked on

2022-11-23 19:52:24 - [MESSAGE][PASSED] - Object: 'Object Repository/Carga2/Page_Upload a File/input_What type is it_filetype' is clicked on

2022-11-23 19:52:24 - [TEST_STEP][PASSED] - click(findTestObject("Object Repository/Carga2/Page_Upload a File/input_A General File_upload")): Object: 'Object Repository/Carga2/Page_Upload a File/input_A General File_upload' is clicked on

2022-11-23 19:52:25 - [MESSAGE][PASSED] - Object: 'Object Repository/Carga2/Page_Upload a File/input_A General File_upload' is clicked on

2022-11-23 19:52:25 - [TEST_STEP][PASSED] - delay(Delay_tiempo): Delayed 0,5 second(s)

2022-11-23 19:52:26 - [MESSAGE][PASSED] - Delayed 0,5 second(s)

2022-11-23 19:52:26 - [TEST_STEP][PASSED] - verifyElementText(findTestObject("Carga2/Page_Upload a File/Validar"), "You uploaded this image:"): Actual text and expected text of test object 'Object Repository/Carga2/Page_Upload a File/Validar' are matched.

2022-11-23 19:52:26 - [MESSAGE][PASSED] - Actual text and expected text of test object 'Object Repository/Carga2/Page_Upload a File/Validar' are matched.

2022-11-23 19:52:26 - [TEST_STEP][PASSED] - closeBrowser(): Browser is closed

2022-11-23 19:52:27 - [MESSAGE][PASSED] - Browser is closed]]></system-out>
         <system-err><![CDATA[]]></system-err>
      </testcase>
      <testcase name="Test Cases/Carga_upload_1/Carga_1" time="11.584" classname="Test Cases/Carga_upload_1/Carga_1" status="PASSED">
         <system-out><![CDATA[2022-11-23 19:52:27 - [TEST_CASE][PASSED] - Test Cases/Carga_upload_1/Carga_1: Test Cases/Carga_upload_1/Carga_1

2022-11-23 19:52:28 - [TEST_STEP][PASSED] - openBrowser(""): Browser is opened with url: ''

2022-11-23 19:52:28 - [MESSAGE][INFO] - Starting 'Chrome' driver

2022-11-23 19:52:28 - [MESSAGE][INFO] - Action delay is set to 0 milliseconds

2022-11-23 19:52:29 - [MESSAGE][PASSED] - Browser is opened with url: ''

2022-11-23 19:52:29 - [TEST_STEP][PASSED] - navigateToUrl("https://testpages.herokuapp.com/styled/file-upload-test.html"): Navigate to 'https://testpages.herokuapp.com/styled/file-upload-test.html' successfully

2022-11-23 19:52:31 - [MESSAGE][PASSED] - Navigate to 'https://testpages.herokuapp.com/styled/file-upload-test.html' successfully

2022-11-23 19:52:31 - [TEST_STEP][PASSED] - maximizeWindow(): Current window maximized

2022-11-23 19:52:32 - [MESSAGE][PASSED] - Current window maximized

2022-11-23 19:52:32 - [TEST_STEP][PASSED] - uploadFile(findTestObject("Carga_1/Page_Upload a File/carga"), "C:\Users\admin\Katalon Studio\Proyectos\Proyecto_uno\imagenes\descarga.jpg"): File 'C:\Users\admin\Katalon Studio\Proyectos\Proyecto_uno\imagenes\descarga.jpg' sent to object: 'Object Repository/Carga_1/Page_Upload a File/carga'

2022-11-23 19:52:32 - [MESSAGE][PASSED] - File 'C:\Users\admin\Katalon Studio\Proyectos\Proyecto_uno\imagenes\descarga.jpg' sent to object: 'Object Repository/Carga_1/Page_Upload a File/carga'

2022-11-23 19:52:32 - [TEST_STEP][PASSED] - delay(2): Delayed 2 second(s)

2022-11-23 19:52:34 - [MESSAGE][PASSED] - Delayed 2 second(s)

2022-11-23 19:52:34 - [TEST_STEP][PASSED] - click(findTestObject("Object Repository/Carga_1/Page_Upload a File/input_What type is it_filetype")): Object: 'Object Repository/Carga_1/Page_Upload a File/input_What type is it_filetype' is clicked on

2022-11-23 19:52:35 - [MESSAGE][PASSED] - Object: 'Object Repository/Carga_1/Page_Upload a File/input_What type is it_filetype' is clicked on

2022-11-23 19:52:35 - [TEST_STEP][PASSED] - click(findTestObject("Carga_1/Page_Upload a File/Subir")): Object: 'Object Repository/Carga_1/Page_Upload a File/Subir' is clicked on

2022-11-23 19:52:36 - [MESSAGE][PASSED] - Object: 'Object Repository/Carga_1/Page_Upload a File/Subir' is clicked on

2022-11-23 19:52:36 - [TEST_STEP][PASSED] - closeBrowser(): Browser is closed

2022-11-23 19:52:37 - [MESSAGE][PASSED] - Browser is closed

2022-11-23 19:52:37 - [TEST_STEP][PASSED] - delay(2): Delayed 2 second(s)

2022-11-23 19:52:39 - [MESSAGE][PASSED] - Delayed 2 second(s)]]></system-out>
         <system-err><![CDATA[]]></system-err>
      </testcase>
      <system-out><![CDATA[2022-11-23 19:52:15 - [TEST_SUITE][PASSED] - Test_suite_1: Test Cases/Carga_upload_1/Carga_1]]></system-out>
      <system-err><![CDATA[]]></system-err>
   </testsuite>
</testsuites>
