<?xml version="1.0" encoding="UTF-8"?>
<testsuites name="testCLoud" time="541.897" tests="34" failures="0" errors="0">
   <testsuite name="testCLoud" tests="34" failures="0" errors="0" time="541.897" skipped="0" timestamp="2022-11-30 20:57:35" hostname="NTK2299$ - 192.168.0.13" id="Test Suites/testCLoud">
      <properties>
         <property name="deviceName" value=""/>
         <property name="devicePlatform" value=""/>
         <property name="logFolder" value="C:\\Users\\admin\\git\\KatalonCertificacion\\Reports\\20221130_205716\\testCLoud\\20221130_205726"/>
         <property name="logFiles" value="C:\\Users\\admin\\git\\KatalonCertificacion\\Reports\\20221130_205716\\testCLoud\\20221130_205726\\execution0.log"/>
         <property name="attachments" value=""/>
         <property name="hostName" value="NTK2299$ - 192.168.0.13"/>
         <property name="os" value="Windows 10 64bit"/>
         <property name="katalonVersion" value="8.5.2.208"/>
         <property name="browser" value="Chrome 107.0.0.0"/>
         <property name="hostAddress" value="192.168.0.13"/>
         <property name="sessionId" value="a136c98127a7d929dc1055c9611dd56f"/>
         <property name="seleniumVersion" value="3.141.59"/>
         <property name="proxyInformation" value="ProxyInformation { proxyOption=NO_PROXY, proxyServerType=HTTP, username=, password=********, proxyServerAddress=, proxyServerPort=0, executionList=&quot;&quot;, isApplyToDesiredCapabilities=true }"/>
         <property name="platform" value="Windows 10"/>
      </properties>
      <testcase name="Test Cases/Navegador/Navegador" time="18.134" classname="Test Cases/Navegador/Navegador" status="PASSED">
         <system-out><![CDATA[2022-11-30 20:57:35 - [TEST_CASE][PASSED] - Test Cases/Navegador/Navegador: Test Cases/Navegador/Navegador

2022-11-30 20:57:36 - [TEST_STEP][PASSED] - openBrowser("https://demoqa.com/text-box"): Browser is opened with url: 'https://demoqa.com/text-box'

2022-11-30 20:57:36 - [MESSAGE][INFO] - Starting 'Chrome' driver

2022-11-30 20:57:36 - [MESSAGE][INFO] - Action delay is set to 0 milliseconds

2022-11-30 20:57:52 - [MESSAGE][PASSED] - Browser is opened with url: 'https://demoqa.com/text-box'

2022-11-30 20:57:52 - [TEST_STEP][PASSED] - maximizeWindow(): Current window maximized

2022-11-30 20:57:52 - [MESSAGE][PASSED] - Current window maximized

2022-11-30 20:57:52 - [TEST_STEP][PASSED] - page_url = getUrl(): Current window's url is: 'https://demoqa.com/text-box'

2022-11-30 20:57:52 - [MESSAGE][PASSED] - Current window's url is: 'https://demoqa.com/text-box'

2022-11-30 20:57:52 - [TEST_STEP][PASSED] - print(page_url): null

2022-11-30 20:57:52 - [TEST_STEP][PASSED] - Titulo = getWindowTitle(): Current window's title is: 'ToolsQA'

2022-11-30 20:57:52 - [MESSAGE][PASSED] - Current window's title is: 'ToolsQA'

2022-11-30 20:57:52 - [TEST_STEP][PASSED] - print("titiulo de la pagina" + Titulo): null

2022-11-30 20:57:52 - [TEST_STEP][PASSED] - closeBrowser(): Browser is closed

2022-11-30 20:57:53 - [MESSAGE][PASSED] - Browser is closed]]></system-out>
         <system-err><![CDATA[]]></system-err>
      </testcase>
      <testcase name="Test Cases/Objecto_xpath/Caso_xpath" time="15.659" classname="Test Cases/Objecto_xpath/Caso_xpath" status="PASSED">
         <system-out><![CDATA[2022-11-30 20:57:53 - [TEST_CASE][PASSED] - Test Cases/Objecto_xpath/Caso_xpath: Test Cases/Objecto_xpath/Caso_xpath

2022-11-30 20:57:53 - [TEST_STEP][PASSED] - openBrowser(""): Browser is opened with url: ''

2022-11-30 20:57:53 - [MESSAGE][INFO] - Starting 'Chrome' driver

2022-11-30 20:57:53 - [MESSAGE][INFO] - Action delay is set to 0 milliseconds

2022-11-30 20:57:55 - [MESSAGE][PASSED] - Browser is opened with url: ''

2022-11-30 20:57:55 - [TEST_STEP][PASSED] - navigateToUrl("https://demoqa.com/text-box"): Navigate to 'https://demoqa.com/text-box' successfully

2022-11-30 20:58:03 - [MESSAGE][PASSED] - Navigate to 'https://demoqa.com/text-box' successfully

2022-11-30 20:58:03 - [TEST_STEP][PASSED] - maximizeWindow(): Current window maximized

2022-11-30 20:58:03 - [MESSAGE][PASSED] - Current window maximized

2022-11-30 20:58:03 - [TEST_STEP][PASSED] - setText(findTestObject("Objeto_xpath/Campo_nombre"), "Ljubo"): Text 'Ljubo' is set on object 'Object Repository/Objeto_xpath/Campo_nombre'

2022-11-30 20:58:05 - [MESSAGE][PASSED] - Text 'Ljubo' is set on object 'Object Repository/Objeto_xpath/Campo_nombre'

2022-11-30 20:58:05 - [TEST_STEP][PASSED] - delay(3): Delayed 3 second(s)

2022-11-30 20:58:08 - [MESSAGE][PASSED] - Delayed 3 second(s)

2022-11-30 20:58:08 - [TEST_STEP][PASSED] - closeBrowser(): Browser is closed

2022-11-30 20:58:09 - [MESSAGE][PASSED] - Browser is closed]]></system-out>
         <system-err><![CDATA[]]></system-err>
      </testcase>
      <testcase name="Test Cases/Condicionales_If/Condicionar_titulo" time="25.16" classname="Test Cases/Condicionales_If/Condicionar_titulo" status="PASSED">
         <system-out><![CDATA[2022-11-30 20:58:09 - [TEST_CASE][PASSED] - Test Cases/Condicionales_If/Condicionar_titulo: Test Cases/Condicionales_If/Condicionar_titulo

2022-11-30 20:58:09 - [TEST_STEP][PASSED] - openBrowser(""): Browser is opened with url: ''

2022-11-30 20:58:09 - [MESSAGE][INFO] - Starting 'Chrome' driver

2022-11-30 20:58:09 - [MESSAGE][INFO] - Action delay is set to 0 milliseconds

2022-11-30 20:58:11 - [MESSAGE][PASSED] - Browser is opened with url: ''

2022-11-30 20:58:11 - [TEST_STEP][PASSED] - navigateToUrl("https://demoqa.com/"): Navigate to 'https://demoqa.com/' successfully

2022-11-30 20:58:20 - [MESSAGE][PASSED] - Navigate to 'https://demoqa.com/' successfully

2022-11-30 20:58:20 - [TEST_STEP][PASSED] - maximizeWindow(): Current window maximized

2022-11-30 20:58:20 - [MESSAGE][PASSED] - Current window maximized

2022-11-30 20:58:20 - [TEST_STEP][PASSED] - waitForPageLoad(5): Wait for page load successfully

2022-11-30 20:58:20 - [MESSAGE][PASSED] - Wait for page load successfully

2022-11-30 20:58:20 - [TEST_STEP][PASSED] - Existe = waitForElementVisible(findTestObject("Condicionales/Texto_radio"), 3): Web element with id: 'Object Repository/Condicionales/Texto_radio' located by '//div[@class='main-header'][contains(.,'Radio Button')]' not found

2022-11-30 20:58:24 - [MESSAGE][INFO] - Unable to find the element located by 'By.xpath: //div[@class='main-header'][contains(.,'Radio Button')]'. Please recheck the objects properties to make sure the desired element is located. 

2022-11-30 20:58:24 - [MESSAGE][WARNING] - [SELF-HEALING] Failed to find element with id 'Object Repository/Condicionales/Texto_radio'. Try using Self-healing.

2022-11-30 20:58:25 - [MESSAGE][INFO] - [SELF-HEALING] No working XPath is found.

2022-11-30 20:58:26 - [MESSAGE][INFO] - Unable to find the element located by 'By.xpath: '. Please recheck the objects properties to make sure the desired element is located. 

2022-11-30 20:58:26 - [MESSAGE][WARNING] - [SELF-HEALING] Cannot find elements when the selector is null

2022-11-30 20:58:26 - [MESSAGE][WARNING] - Web element with id: 'Object Repository/Condicionales/Texto_radio' located by '//div[@class='main-header'][contains(.,'Radio Button')]' not found

2022-11-30 20:58:26 - [TEST_STEP][PASSED] - print(Existe): null

2022-11-30 20:58:26 - [TEST_STEP][PASSED] - if (Existe == true): null

2022-11-30 20:58:26 - [TEST_STEP][PASSED] - else: Browser is closed

2022-11-30 20:58:26 - [TEST_STEP][PASSED] - print("-----  Error no esta el elemento de texto radio ------"): null

2022-11-30 20:58:26 - [TEST_STEP][PASSED] - navigateToUrl("https://demoqa.com/radio-button"): Navigate to 'https://demoqa.com/radio-button' successfully

2022-11-30 20:58:29 - [MESSAGE][PASSED] - Navigate to 'https://demoqa.com/radio-button' successfully

2022-11-30 20:58:29 - [TEST_STEP][PASSED] - click(findTestObject("Condicionales/Objeto_yes")): Object: 'Object Repository/Condicionales/Objeto_yes' is clicked on

2022-11-30 20:58:31 - [MESSAGE][PASSED] - Object: 'Object Repository/Condicionales/Objeto_yes' is clicked on

2022-11-30 20:58:31 - [TEST_STEP][PASSED] - delay(2): Delayed 2 second(s)

2022-11-30 20:58:33 - [MESSAGE][PASSED] - Delayed 2 second(s)

2022-11-30 20:58:33 - [TEST_STEP][PASSED] - closeBrowser(): Browser is closed

2022-11-30 20:58:34 - [MESSAGE][PASSED] - Browser is closed]]></system-out>
         <system-err><![CDATA[]]></system-err>
      </testcase>
      <testcase name="Test Cases/Condicionales_If/Test_1" time="0.27" classname="Test Cases/Condicionales_If/Test_1" status="PASSED">
         <system-out><![CDATA[2022-11-30 20:58:34 - [TEST_CASE][PASSED] - Test Cases/Condicionales_If/Test_1: Test Cases/Condicionales_If/Test_1

2022-11-30 20:58:34 - [TEST_STEP][PASSED] - if (num == 10): null

2022-11-30 20:58:34 - [TEST_STEP][PASSED] - else: null

2022-11-30 20:58:34 - [TEST_STEP][PASSED] - print("El numero no es un 10 es el numero:  " + num + "#####"): null]]></system-out>
         <system-err><![CDATA[]]></system-err>
      </testcase>
      <testcase name="Test Cases/Condicionales_If/Test_2" time="0.185" classname="Test Cases/Condicionales_If/Test_2" status="PASSED">
         <system-out><![CDATA[2022-11-30 20:58:34 - [TEST_CASE][PASSED] - Test Cases/Condicionales_If/Test_2: Test Cases/Condicionales_If/Test_2

2022-11-30 20:58:35 - [TEST_STEP][PASSED] - if (num == 5): null

2022-11-30 20:58:35 - [TEST_STEP][PASSED] - if (num == 10): null

2022-11-30 20:58:35 - [TEST_STEP][PASSED] - println("El valor de la variables es un: 10"): null]]></system-out>
         <system-err><![CDATA[]]></system-err>
      </testcase>
      <testcase name="Test Cases/Condicionales_If/Test_3" time="0.194" classname="Test Cases/Condicionales_If/Test_3" status="PASSED">
         <system-out><![CDATA[2022-11-30 20:58:35 - [TEST_CASE][PASSED] - Test Cases/Condicionales_If/Test_3: Test Cases/Condicionales_If/Test_3

2022-11-30 20:58:35 - [TEST_STEP][PASSED] - if (nombre == "Juan"): null

2022-11-30 20:58:35 - [TEST_STEP][PASSED] - if (nombre == "JUan"): null

2022-11-30 20:58:35 - [TEST_STEP][PASSED] - if (nombre == "juan"): null

2022-11-30 20:58:35 - [TEST_STEP][PASSED] - println("Tu nombre es juan"): null]]></system-out>
         <system-err><![CDATA[]]></system-err>
      </testcase>
      <testcase name="Test Cases/Condicionales_If/Test_4" time="0.231" classname="Test Cases/Condicionales_If/Test_4" status="PASSED">
         <system-out><![CDATA[2022-11-30 20:58:35 - [TEST_CASE][PASSED] - Test Cases/Condicionales_If/Test_4: Test Cases/Condicionales_If/Test_4

2022-11-30 20:58:35 - [TEST_STEP][PASSED] - if (num <= 7): null

2022-11-30 20:58:35 - [TEST_STEP][PASSED] - println("El numero es menor ó igual que 5"): null

2022-11-30 20:58:35 - [TEST_STEP][PASSED] - if (num >= 8): null

2022-11-30 20:58:35 - [TEST_STEP][PASSED] - if (num != 5): null]]></system-out>
         <system-err><![CDATA[]]></system-err>
      </testcase>
      <testcase name="Test Cases/Condicionales_If/Test_edad" time="0.248" classname="Test Cases/Condicionales_If/Test_edad" status="PASSED">
         <system-out><![CDATA[2022-11-30 20:58:35 - [TEST_CASE][PASSED] - Test Cases/Condicionales_If/Test_edad: Test Cases/Condicionales_If/Test_edad

2022-11-30 20:58:35 - [TEST_STEP][PASSED] - if (edad >= 1 && edad <= 17): null

2022-11-30 20:58:35 - [TEST_STEP][PASSED] - else if (edad == 18): null

2022-11-30 20:58:35 - [TEST_STEP][PASSED] - else if (edad <= 0): null

2022-11-30 20:58:35 - [TEST_STEP][PASSED] - else if (edad == 120): null

2022-11-30 20:58:35 - [TEST_STEP][PASSED] - else: null

2022-11-30 20:58:35 - [TEST_STEP][PASSED] - print("No se cumple ninguna de las opciones"): null]]></system-out>
         <system-err><![CDATA[]]></system-err>
      </testcase>
      <testcase name="Test Cases/Condicionales_If/Test_valor" time="21.021" classname="Test Cases/Condicionales_If/Test_valor" status="PASSED">
         <system-out><![CDATA[2022-11-30 20:58:35 - [TEST_CASE][PASSED] - Test Cases/Condicionales_If/Test_valor: Test Cases/Condicionales_If/Test_valor

2022-11-30 20:58:35 - [TEST_STEP][PASSED] - openBrowser(""): Browser is opened with url: ''

2022-11-30 20:58:35 - [MESSAGE][INFO] - Starting 'Chrome' driver

2022-11-30 20:58:35 - [MESSAGE][INFO] - Action delay is set to 0 milliseconds

2022-11-30 20:58:37 - [MESSAGE][PASSED] - Browser is opened with url: ''

2022-11-30 20:58:37 - [TEST_STEP][PASSED] - navigateToUrl("https://demoqa.com/"): Navigate to 'https://demoqa.com/' successfully

2022-11-30 20:58:47 - [MESSAGE][PASSED] - Navigate to 'https://demoqa.com/' successfully

2022-11-30 20:58:47 - [TEST_STEP][PASSED] - maximizeWindow(): Current window maximized

2022-11-30 20:58:47 - [MESSAGE][PASSED] - Current window maximized

2022-11-30 20:58:47 - [TEST_STEP][PASSED] - waitForPageLoad(10): Wait for page load successfully

2022-11-30 20:58:47 - [MESSAGE][PASSED] - Wait for page load successfully

2022-11-30 20:58:47 - [TEST_STEP][PASSED] - Existe = waitForElementVisible(findTestObject("Condicionales/titulo1"), 5): Web element with id: 'Object Repository/Condicionales/titulo1' located by '//div[@class='main-header'][contains(.,'Radio Button')]' not found

2022-11-30 20:58:53 - [MESSAGE][INFO] - Unable to find the element located by 'By.xpath: //div[@class='main-header'][contains(.,'Radio Button')]'. Please recheck the objects properties to make sure the desired element is located. 

2022-11-30 20:58:53 - [MESSAGE][WARNING] - [SELF-HEALING] Failed to find element with id 'Object Repository/Condicionales/titulo1'. Try using Self-healing.

2022-11-30 20:58:54 - [MESSAGE][INFO] - [SELF-HEALING] No working XPath is found.

2022-11-30 20:58:56 - [MESSAGE][INFO] - Unable to find the element located by 'By.xpath: '. Please recheck the objects properties to make sure the desired element is located. 

2022-11-30 20:58:56 - [MESSAGE][WARNING] - [SELF-HEALING] Cannot find elements when the selector is null

2022-11-30 20:58:56 - [MESSAGE][WARNING] - Web element with id: 'Object Repository/Condicionales/titulo1' located by '//div[@class='main-header'][contains(.,'Radio Button')]' not found

2022-11-30 20:58:56 - [TEST_STEP][PASSED] - if (Existe == true): null

2022-11-30 20:58:56 - [TEST_STEP][PASSED] - else: Browser is closed

2022-11-30 20:58:56 - [TEST_STEP][PASSED] - print("No estas en la página correcta"): null

2022-11-30 20:58:56 - [TEST_STEP][PASSED] - closeBrowser(): Browser is closed

2022-11-30 20:58:56 - [MESSAGE][PASSED] - Browser is closed]]></system-out>
         <system-err><![CDATA[]]></system-err>
      </testcase>
      <testcase name="Test Cases/BUCLES/Reto_For" time="27.005" classname="Test Cases/BUCLES/Reto_For" status="PASSED">
         <system-out><![CDATA[2022-11-30 20:58:56 - [TEST_CASE][PASSED] - Test Cases/BUCLES/Reto_For: Test Cases/BUCLES/Reto_For

2022-11-30 20:58:56 - [TEST_STEP][PASSED] - openBrowser(""): Browser is opened with url: ''

2022-11-30 20:58:56 - [MESSAGE][INFO] - Starting 'Chrome' driver

2022-11-30 20:58:56 - [MESSAGE][INFO] - Action delay is set to 0 milliseconds

2022-11-30 20:58:58 - [MESSAGE][PASSED] - Browser is opened with url: ''

2022-11-30 20:58:58 - [TEST_STEP][PASSED] - navigateToUrl("https://demoqa.com/text-box"): Navigate to 'https://demoqa.com/text-box' successfully

2022-11-30 20:59:06 - [MESSAGE][PASSED] - Navigate to 'https://demoqa.com/text-box' successfully

2022-11-30 20:59:06 - [TEST_STEP][PASSED] - maximizeWindow(): Current window maximized

2022-11-30 20:59:06 - [MESSAGE][PASSED] - Current window maximized

2022-11-30 20:59:06 - [TEST_STEP][PASSED] - waitForPageLoad(5): Wait for page load successfully

2022-11-30 20:59:06 - [MESSAGE][PASSED] - Wait for page load successfully

2022-11-30 20:59:06 - [TEST_STEP][PASSED] - for ([x = 1, x <= 4, (x++)]): Browser is scrolled to position x = 0, y = 100

2022-11-30 20:59:06 - [TEST_STEP][PASSED] - z = ["Carlos", "Erika", "Paco", "Rodrigo", "Juan"]: null

2022-11-30 20:59:06 - [TEST_STEP][PASSED] - rn = new java.util.Random(): null

2022-11-30 20:59:06 - [TEST_STEP][PASSED] - tx_nombre = z[rn.nextInt(size)]: null

2022-11-30 20:59:06 - [TEST_STEP][PASSED] - setText(findTestObject("Object Repository/Reto_for/Page_ToolsQA/input_Full Name_userName"), tx_nombre): Text 'Erika' is set on object 'Object Repository/Reto_for/Page_ToolsQA/input_Full Name_userName'

2022-11-30 20:59:08 - [MESSAGE][PASSED] - Text 'Erika' is set on object 'Object Repository/Reto_for/Page_ToolsQA/input_Full Name_userName'

2022-11-30 20:59:08 - [TEST_STEP][PASSED] - setText(findTestObject("Object Repository/Reto_for/Page_ToolsQA/input_Email_userEmail"), tx_nombre + "@gmail.com"): Text 'Erika@gmail.com' is set on object 'Object Repository/Reto_for/Page_ToolsQA/input_Email_userEmail'

2022-11-30 20:59:09 - [MESSAGE][PASSED] - Text 'Erika@gmail.com' is set on object 'Object Repository/Reto_for/Page_ToolsQA/input_Email_userEmail'

2022-11-30 20:59:09 - [TEST_STEP][PASSED] - setText(findTestObject("Object Repository/Reto_for/Page_ToolsQA/textarea_Current Address_currentAddress"), "Dirección#" + x): Text 'Dirección#1' is set on object 'Object Repository/Reto_for/Page_ToolsQA/textarea_Current Address_currentAddress'

2022-11-30 20:59:10 - [MESSAGE][PASSED] - Text 'Dirección#1' is set on object 'Object Repository/Reto_for/Page_ToolsQA/textarea_Current Address_currentAddress'

2022-11-30 20:59:10 - [TEST_STEP][PASSED] - setText(findTestObject("Object Repository/Reto_for/Page_ToolsQA/textarea_Permanent Address_permanentAddress"), "Dirección dos#" + x): Text 'Dirección dos#1' is set on object 'Object Repository/Reto_for/Page_ToolsQA/textarea_Permanent Address_permanentAddress'

2022-11-30 20:59:10 - [MESSAGE][PASSED] - Text 'Dirección dos#1' is set on object 'Object Repository/Reto_for/Page_ToolsQA/textarea_Permanent Address_permanentAddress'

2022-11-30 20:59:10 - [TEST_STEP][PASSED] - scrollToPosition(0, 500): Browser is scrolled to position x = 0, y = 500

2022-11-30 20:59:10 - [MESSAGE][PASSED] - Browser is scrolled to position x = 0, y = 500

2022-11-30 20:59:10 - [TEST_STEP][PASSED] - click(findTestObject("Object Repository/Reto_for/Page_ToolsQA/button_Submit")): Object: 'Object Repository/Reto_for/Page_ToolsQA/button_Submit' is clicked on

2022-11-30 20:59:11 - [MESSAGE][PASSED] - Object: 'Object Repository/Reto_for/Page_ToolsQA/button_Submit' is clicked on

2022-11-30 20:59:11 - [TEST_STEP][PASSED] - scrollToPosition(0, 100): Browser is scrolled to position x = 0, y = 100

2022-11-30 20:59:11 - [MESSAGE][PASSED] - Browser is scrolled to position x = 0, y = 100

2022-11-30 20:59:11 - [TEST_STEP][PASSED] - z = ["Carlos", "Erika", "Paco", "Rodrigo", "Juan"]: null

2022-11-30 20:59:11 - [TEST_STEP][PASSED] - rn = new java.util.Random(): null

2022-11-30 20:59:11 - [TEST_STEP][PASSED] - tx_nombre = z[rn.nextInt(size)]: null

2022-11-30 20:59:11 - [TEST_STEP][PASSED] - setText(findTestObject("Object Repository/Reto_for/Page_ToolsQA/input_Full Name_userName"), tx_nombre): Text 'Paco' is set on object 'Object Repository/Reto_for/Page_ToolsQA/input_Full Name_userName'

2022-11-30 20:59:12 - [MESSAGE][PASSED] - Text 'Paco' is set on object 'Object Repository/Reto_for/Page_ToolsQA/input_Full Name_userName'

2022-11-30 20:59:12 - [TEST_STEP][PASSED] - setText(findTestObject("Object Repository/Reto_for/Page_ToolsQA/input_Email_userEmail"), tx_nombre + "@gmail.com"): Text 'Paco@gmail.com' is set on object 'Object Repository/Reto_for/Page_ToolsQA/input_Email_userEmail'

2022-11-30 20:59:12 - [MESSAGE][PASSED] - Text 'Paco@gmail.com' is set on object 'Object Repository/Reto_for/Page_ToolsQA/input_Email_userEmail'

2022-11-30 20:59:12 - [TEST_STEP][PASSED] - setText(findTestObject("Object Repository/Reto_for/Page_ToolsQA/textarea_Current Address_currentAddress"), "Dirección#" + x): Text 'Dirección#2' is set on object 'Object Repository/Reto_for/Page_ToolsQA/textarea_Current Address_currentAddress'

2022-11-30 20:59:13 - [MESSAGE][PASSED] - Text 'Dirección#2' is set on object 'Object Repository/Reto_for/Page_ToolsQA/textarea_Current Address_currentAddress'

2022-11-30 20:59:13 - [TEST_STEP][PASSED] - setText(findTestObject("Object Repository/Reto_for/Page_ToolsQA/textarea_Permanent Address_permanentAddress"), "Dirección dos#" + x): Text 'Dirección dos#2' is set on object 'Object Repository/Reto_for/Page_ToolsQA/textarea_Permanent Address_permanentAddress'

2022-11-30 20:59:14 - [MESSAGE][PASSED] - Text 'Dirección dos#2' is set on object 'Object Repository/Reto_for/Page_ToolsQA/textarea_Permanent Address_permanentAddress'

2022-11-30 20:59:14 - [TEST_STEP][PASSED] - scrollToPosition(0, 500): Browser is scrolled to position x = 0, y = 500

2022-11-30 20:59:14 - [MESSAGE][PASSED] - Browser is scrolled to position x = 0, y = 500

2022-11-30 20:59:14 - [TEST_STEP][PASSED] - click(findTestObject("Object Repository/Reto_for/Page_ToolsQA/button_Submit")): Object: 'Object Repository/Reto_for/Page_ToolsQA/button_Submit' is clicked on

2022-11-30 20:59:15 - [MESSAGE][PASSED] - Object: 'Object Repository/Reto_for/Page_ToolsQA/button_Submit' is clicked on

2022-11-30 20:59:15 - [TEST_STEP][PASSED] - scrollToPosition(0, 100): Browser is scrolled to position x = 0, y = 100

2022-11-30 20:59:15 - [MESSAGE][PASSED] - Browser is scrolled to position x = 0, y = 100

2022-11-30 20:59:15 - [TEST_STEP][PASSED] - z = ["Carlos", "Erika", "Paco", "Rodrigo", "Juan"]: null

2022-11-30 20:59:15 - [TEST_STEP][PASSED] - rn = new java.util.Random(): null

2022-11-30 20:59:15 - [TEST_STEP][PASSED] - tx_nombre = z[rn.nextInt(size)]: null

2022-11-30 20:59:15 - [TEST_STEP][PASSED] - setText(findTestObject("Object Repository/Reto_for/Page_ToolsQA/input_Full Name_userName"), tx_nombre): Text 'Paco' is set on object 'Object Repository/Reto_for/Page_ToolsQA/input_Full Name_userName'

2022-11-30 20:59:16 - [MESSAGE][PASSED] - Text 'Paco' is set on object 'Object Repository/Reto_for/Page_ToolsQA/input_Full Name_userName'

2022-11-30 20:59:16 - [TEST_STEP][PASSED] - setText(findTestObject("Object Repository/Reto_for/Page_ToolsQA/input_Email_userEmail"), tx_nombre + "@gmail.com"): Text 'Paco@gmail.com' is set on object 'Object Repository/Reto_for/Page_ToolsQA/input_Email_userEmail'

2022-11-30 20:59:17 - [MESSAGE][PASSED] - Text 'Paco@gmail.com' is set on object 'Object Repository/Reto_for/Page_ToolsQA/input_Email_userEmail'

2022-11-30 20:59:17 - [TEST_STEP][PASSED] - setText(findTestObject("Object Repository/Reto_for/Page_ToolsQA/textarea_Current Address_currentAddress"), "Dirección#" + x): Text 'Dirección#3' is set on object 'Object Repository/Reto_for/Page_ToolsQA/textarea_Current Address_currentAddress'

2022-11-30 20:59:17 - [MESSAGE][PASSED] - Text 'Dirección#3' is set on object 'Object Repository/Reto_for/Page_ToolsQA/textarea_Current Address_currentAddress'

2022-11-30 20:59:17 - [TEST_STEP][PASSED] - setText(findTestObject("Object Repository/Reto_for/Page_ToolsQA/textarea_Permanent Address_permanentAddress"), "Dirección dos#" + x): Text 'Dirección dos#3' is set on object 'Object Repository/Reto_for/Page_ToolsQA/textarea_Permanent Address_permanentAddress'

2022-11-30 20:59:18 - [MESSAGE][PASSED] - Text 'Dirección dos#3' is set on object 'Object Repository/Reto_for/Page_ToolsQA/textarea_Permanent Address_permanentAddress'

2022-11-30 20:59:18 - [TEST_STEP][PASSED] - scrollToPosition(0, 500): Browser is scrolled to position x = 0, y = 500

2022-11-30 20:59:18 - [MESSAGE][PASSED] - Browser is scrolled to position x = 0, y = 500

2022-11-30 20:59:18 - [TEST_STEP][PASSED] - click(findTestObject("Object Repository/Reto_for/Page_ToolsQA/button_Submit")): Object: 'Object Repository/Reto_for/Page_ToolsQA/button_Submit' is clicked on

2022-11-30 20:59:19 - [MESSAGE][PASSED] - Object: 'Object Repository/Reto_for/Page_ToolsQA/button_Submit' is clicked on

2022-11-30 20:59:19 - [TEST_STEP][PASSED] - scrollToPosition(0, 100): Browser is scrolled to position x = 0, y = 100

2022-11-30 20:59:19 - [MESSAGE][PASSED] - Browser is scrolled to position x = 0, y = 100

2022-11-30 20:59:19 - [TEST_STEP][PASSED] - z = ["Carlos", "Erika", "Paco", "Rodrigo", "Juan"]: null

2022-11-30 20:59:19 - [TEST_STEP][PASSED] - rn = new java.util.Random(): null

2022-11-30 20:59:19 - [TEST_STEP][PASSED] - tx_nombre = z[rn.nextInt(size)]: null

2022-11-30 20:59:19 - [TEST_STEP][PASSED] - setText(findTestObject("Object Repository/Reto_for/Page_ToolsQA/input_Full Name_userName"), tx_nombre): Text 'Juan' is set on object 'Object Repository/Reto_for/Page_ToolsQA/input_Full Name_userName'

2022-11-30 20:59:20 - [MESSAGE][PASSED] - Text 'Juan' is set on object 'Object Repository/Reto_for/Page_ToolsQA/input_Full Name_userName'

2022-11-30 20:59:20 - [TEST_STEP][PASSED] - setText(findTestObject("Object Repository/Reto_for/Page_ToolsQA/input_Email_userEmail"), tx_nombre + "@gmail.com"): Text 'Juan@gmail.com' is set on object 'Object Repository/Reto_for/Page_ToolsQA/input_Email_userEmail'

2022-11-30 20:59:20 - [MESSAGE][PASSED] - Text 'Juan@gmail.com' is set on object 'Object Repository/Reto_for/Page_ToolsQA/input_Email_userEmail'

2022-11-30 20:59:20 - [TEST_STEP][PASSED] - setText(findTestObject("Object Repository/Reto_for/Page_ToolsQA/textarea_Current Address_currentAddress"), "Dirección#" + x): Text 'Dirección#4' is set on object 'Object Repository/Reto_for/Page_ToolsQA/textarea_Current Address_currentAddress'

2022-11-30 20:59:21 - [MESSAGE][PASSED] - Text 'Dirección#4' is set on object 'Object Repository/Reto_for/Page_ToolsQA/textarea_Current Address_currentAddress'

2022-11-30 20:59:21 - [TEST_STEP][PASSED] - setText(findTestObject("Object Repository/Reto_for/Page_ToolsQA/textarea_Permanent Address_permanentAddress"), "Dirección dos#" + x): Text 'Dirección dos#4' is set on object 'Object Repository/Reto_for/Page_ToolsQA/textarea_Permanent Address_permanentAddress'

2022-11-30 20:59:22 - [MESSAGE][PASSED] - Text 'Dirección dos#4' is set on object 'Object Repository/Reto_for/Page_ToolsQA/textarea_Permanent Address_permanentAddress'

2022-11-30 20:59:22 - [TEST_STEP][PASSED] - scrollToPosition(0, 500): Browser is scrolled to position x = 0, y = 500

2022-11-30 20:59:22 - [MESSAGE][PASSED] - Browser is scrolled to position x = 0, y = 500

2022-11-30 20:59:22 - [TEST_STEP][PASSED] - click(findTestObject("Object Repository/Reto_for/Page_ToolsQA/button_Submit")): Object: 'Object Repository/Reto_for/Page_ToolsQA/button_Submit' is clicked on

2022-11-30 20:59:23 - [MESSAGE][PASSED] - Object: 'Object Repository/Reto_for/Page_ToolsQA/button_Submit' is clicked on

2022-11-30 20:59:23 - [TEST_STEP][PASSED] - scrollToPosition(0, 100): Browser is scrolled to position x = 0, y = 100

2022-11-30 20:59:23 - [MESSAGE][PASSED] - Browser is scrolled to position x = 0, y = 100

2022-11-30 20:59:23 - [TEST_STEP][PASSED] - closeBrowser(): Browser is closed

2022-11-30 20:59:23 - [MESSAGE][PASSED] - Browser is closed]]></system-out>
         <system-err><![CDATA[]]></system-err>
      </testcase>
      <testcase name="Test Cases/BUCLES/Reto_while" time="24.1" classname="Test Cases/BUCLES/Reto_while" status="PASSED">
         <system-out><![CDATA[2022-11-30 20:59:23 - [TEST_CASE][PASSED] - Test Cases/BUCLES/Reto_while: Test Cases/BUCLES/Reto_while

2022-11-30 20:59:23 - [TEST_STEP][PASSED] - openBrowser(""): Browser is opened with url: ''

2022-11-30 20:59:23 - [MESSAGE][INFO] - Starting 'Chrome' driver

2022-11-30 20:59:23 - [MESSAGE][INFO] - Action delay is set to 0 milliseconds

2022-11-30 20:59:25 - [MESSAGE][PASSED] - Browser is opened with url: ''

2022-11-30 20:59:25 - [TEST_STEP][PASSED] - navigateToUrl("https://www.google.com/"): Navigate to 'https://www.google.com/' successfully

2022-11-30 20:59:28 - [MESSAGE][PASSED] - Navigate to 'https://www.google.com/' successfully

2022-11-30 20:59:28 - [TEST_STEP][PASSED] - Bandera = 0: null

2022-11-30 20:59:28 - [TEST_STEP][PASSED] - while (Bandera != 1): null

2022-11-30 20:59:28 - [TEST_STEP][PASSED] - num = Math.random() * 5 - 1 + 1: null

2022-11-30 20:59:28 - [TEST_STEP][PASSED] - setText(findTestObject("Object Repository/While_google/Page_Google/input__q"), "5+" + num): Text '5+2' is set on object 'Object Repository/While_google/Page_Google/input__q'

2022-11-30 20:59:29 - [MESSAGE][PASSED] - Text '5+2' is set on object 'Object Repository/While_google/Page_Google/input__q'

2022-11-30 20:59:29 - [TEST_STEP][PASSED] - sendKeys(findTestObject("Object Repository/While_google/Page_Google/input__q"), Keys.chord(ENTER)): Keys 'ENTER + ' sent to object: 'Object Repository/While_google/Page_Google/input__q'

2022-11-30 20:59:36 - [MESSAGE][PASSED] - Keys 'ENTER + ' sent to object: 'Object Repository/While_google/Page_Google/input__q'

2022-11-30 20:59:36 - [TEST_STEP][PASSED] - Resultado = getText(findTestObject("While_google/Extras/Resultado_10")): Text of object 'Object Repository/While_google/Extras/Resultado_10' is: '7'

2022-11-30 20:59:37 - [MESSAGE][PASSED] - Text of object 'Object Repository/While_google/Extras/Resultado_10' is: '7'

2022-11-30 20:59:37 - [TEST_STEP][PASSED] - if (Resultado == "8"): null

2022-11-30 20:59:37 - [TEST_STEP][PASSED] - else: null

2022-11-30 20:59:37 - [TEST_STEP][PASSED] - Bandera = 0: null

2022-11-30 20:59:37 - [TEST_STEP][PASSED] - print(Bandera + "------"): null

2022-11-30 20:59:37 - [TEST_STEP][PASSED] - num = Math.random() * 5 - 1 + 1: null

2022-11-30 20:59:37 - [TEST_STEP][PASSED] - setText(findTestObject("Object Repository/While_google/Page_Google/input__q"), "5+" + num): Text '5+1' is set on object 'Object Repository/While_google/Page_Google/input__q'

2022-11-30 20:59:37 - [MESSAGE][PASSED] - Text '5+1' is set on object 'Object Repository/While_google/Page_Google/input__q'

2022-11-30 20:59:37 - [TEST_STEP][PASSED] - sendKeys(findTestObject("Object Repository/While_google/Page_Google/input__q"), Keys.chord(ENTER)): Keys 'ENTER + ' sent to object: 'Object Repository/While_google/Page_Google/input__q'

2022-11-30 20:59:42 - [MESSAGE][PASSED] - Keys 'ENTER + ' sent to object: 'Object Repository/While_google/Page_Google/input__q'

2022-11-30 20:59:42 - [TEST_STEP][PASSED] - Resultado = getText(findTestObject("While_google/Extras/Resultado_10")): Text of object 'Object Repository/While_google/Extras/Resultado_10' is: '6'

2022-11-30 20:59:42 - [MESSAGE][PASSED] - Text of object 'Object Repository/While_google/Extras/Resultado_10' is: '6'

2022-11-30 20:59:42 - [TEST_STEP][PASSED] - if (Resultado == "8"): null

2022-11-30 20:59:42 - [TEST_STEP][PASSED] - else: null

2022-11-30 20:59:42 - [TEST_STEP][PASSED] - Bandera = 0: null

2022-11-30 20:59:42 - [TEST_STEP][PASSED] - print(Bandera + "------"): null

2022-11-30 20:59:42 - [TEST_STEP][PASSED] - num = Math.random() * 5 - 1 + 1: null

2022-11-30 20:59:42 - [TEST_STEP][PASSED] - setText(findTestObject("Object Repository/While_google/Page_Google/input__q"), "5+" + num): Text '5+3' is set on object 'Object Repository/While_google/Page_Google/input__q'

2022-11-30 20:59:43 - [MESSAGE][PASSED] - Text '5+3' is set on object 'Object Repository/While_google/Page_Google/input__q'

2022-11-30 20:59:43 - [TEST_STEP][PASSED] - sendKeys(findTestObject("Object Repository/While_google/Page_Google/input__q"), Keys.chord(ENTER)): Keys 'ENTER + ' sent to object: 'Object Repository/While_google/Page_Google/input__q'

2022-11-30 20:59:44 - [MESSAGE][PASSED] - Keys 'ENTER + ' sent to object: 'Object Repository/While_google/Page_Google/input__q'

2022-11-30 20:59:44 - [TEST_STEP][PASSED] - Resultado = getText(findTestObject("While_google/Extras/Resultado_10")): Text of object 'Object Repository/While_google/Extras/Resultado_10' is: '8'

2022-11-30 20:59:47 - [MESSAGE][PASSED] - Text of object 'Object Repository/While_google/Extras/Resultado_10' is: '8'

2022-11-30 20:59:47 - [TEST_STEP][PASSED] - if (Resultado == "8"): Browser is closed

2022-11-30 20:59:47 - [TEST_STEP][PASSED] - Bandera = 1: null

2022-11-30 20:59:47 - [TEST_STEP][PASSED] - print("Listo termina"): null

2022-11-30 20:59:47 - [TEST_STEP][PASSED] - closeBrowser(): Browser is closed

2022-11-30 20:59:47 - [MESSAGE][PASSED] - Browser is closed

2022-11-30 20:59:47 - [TEST_STEP][PASSED] - print(Bandera + "------"): null]]></system-out>
         <system-err><![CDATA[]]></system-err>
      </testcase>
      <testcase name="Test Cases/BUCLES/Reto_while_solucion" time="25.055" classname="Test Cases/BUCLES/Reto_while_solucion" status="PASSED">
         <system-out><![CDATA[2022-11-30 20:59:47 - [TEST_CASE][PASSED] - Test Cases/BUCLES/Reto_while_solucion: Test Cases/BUCLES/Reto_while_solucion

2022-11-30 20:59:48 - [TEST_STEP][PASSED] - openBrowser(""): Browser is opened with url: ''

2022-11-30 20:59:48 - [MESSAGE][INFO] - Starting 'Chrome' driver

2022-11-30 20:59:48 - [MESSAGE][INFO] - Action delay is set to 0 milliseconds

2022-11-30 20:59:49 - [MESSAGE][PASSED] - Browser is opened with url: ''

2022-11-30 20:59:49 - [TEST_STEP][PASSED] - navigateToUrl("https://www.google.com/"): Navigate to 'https://www.google.com/' successfully

2022-11-30 20:59:52 - [MESSAGE][PASSED] - Navigate to 'https://www.google.com/' successfully

2022-11-30 20:59:52 - [TEST_STEP][PASSED] - Res = 0: null

2022-11-30 20:59:52 - [TEST_STEP][PASSED] - while (Res != 8): Browser is closed

2022-11-30 20:59:52 - [TEST_STEP][PASSED] - num = Math.random() * 5 - 1 + 1: null

2022-11-30 20:59:52 - [TEST_STEP][PASSED] - setText(findTestObject("Object Repository/Reto_while1/Page_Google/input__q"), "5+" + num): Text '5+1' is set on object 'Object Repository/Reto_while1/Page_Google/input__q'

2022-11-30 20:59:53 - [MESSAGE][PASSED] - Text '5+1' is set on object 'Object Repository/Reto_while1/Page_Google/input__q'

2022-11-30 20:59:53 - [TEST_STEP][PASSED] - sendKeys(findTestObject("Object Repository/Reto_while1/Page_Google/input__q"), Keys.chord(ENTER)): Keys 'ENTER + ' sent to object: 'Object Repository/Reto_while1/Page_Google/input__q'

2022-11-30 20:59:55 - [MESSAGE][PASSED] - Keys 'ENTER + ' sent to object: 'Object Repository/Reto_while1/Page_Google/input__q'

2022-11-30 20:59:55 - [TEST_STEP][PASSED] - Res = getText(findTestObject("Reto_while1/Resultado_8")).toInteger(): Text of object 'Object Repository/Reto_while1/Resultado_8' is: '6'

2022-11-30 20:59:56 - [MESSAGE][PASSED] - Text of object 'Object Repository/Reto_while1/Resultado_8' is: '6'

2022-11-30 20:59:56 - [TEST_STEP][PASSED] - if (Res == 8): null

2022-11-30 20:59:56 - [TEST_STEP][PASSED] - num = Math.random() * 5 - 1 + 1: null

2022-11-30 20:59:56 - [TEST_STEP][PASSED] - setText(findTestObject("Object Repository/Reto_while1/Page_Google/input__q"), "5+" + num): Text '5+4' is set on object 'Object Repository/Reto_while1/Page_Google/input__q'

2022-11-30 20:59:59 - [MESSAGE][PASSED] - Text '5+4' is set on object 'Object Repository/Reto_while1/Page_Google/input__q'

2022-11-30 20:59:59 - [TEST_STEP][PASSED] - sendKeys(findTestObject("Object Repository/Reto_while1/Page_Google/input__q"), Keys.chord(ENTER)): Keys 'ENTER + ' sent to object: 'Object Repository/Reto_while1/Page_Google/input__q'

2022-11-30 21:00:03 - [MESSAGE][PASSED] - Keys 'ENTER + ' sent to object: 'Object Repository/Reto_while1/Page_Google/input__q'

2022-11-30 21:00:03 - [TEST_STEP][PASSED] - Res = getText(findTestObject("Reto_while1/Resultado_8")).toInteger(): Text of object 'Object Repository/Reto_while1/Resultado_8' is: '9'

2022-11-30 21:00:04 - [MESSAGE][PASSED] - Text of object 'Object Repository/Reto_while1/Resultado_8' is: '9'

2022-11-30 21:00:04 - [TEST_STEP][PASSED] - if (Res == 8): null

2022-11-30 21:00:04 - [TEST_STEP][PASSED] - num = Math.random() * 5 - 1 + 1: null

2022-11-30 21:00:04 - [TEST_STEP][PASSED] - setText(findTestObject("Object Repository/Reto_while1/Page_Google/input__q"), "5+" + num): Text '5+3' is set on object 'Object Repository/Reto_while1/Page_Google/input__q'

2022-11-30 21:00:04 - [MESSAGE][PASSED] - Text '5+3' is set on object 'Object Repository/Reto_while1/Page_Google/input__q'

2022-11-30 21:00:04 - [TEST_STEP][PASSED] - sendKeys(findTestObject("Object Repository/Reto_while1/Page_Google/input__q"), Keys.chord(ENTER)): Keys 'ENTER + ' sent to object: 'Object Repository/Reto_while1/Page_Google/input__q'

2022-11-30 21:00:11 - [MESSAGE][PASSED] - Keys 'ENTER + ' sent to object: 'Object Repository/Reto_while1/Page_Google/input__q'

2022-11-30 21:00:11 - [TEST_STEP][PASSED] - Res = getText(findTestObject("Reto_while1/Resultado_8")).toInteger(): Text of object 'Object Repository/Reto_while1/Resultado_8' is: '8'

2022-11-30 21:00:12 - [MESSAGE][PASSED] - Text of object 'Object Repository/Reto_while1/Resultado_8' is: '8'

2022-11-30 21:00:12 - [TEST_STEP][PASSED] - if (Res == 8): Browser is closed

2022-11-30 21:00:12 - [TEST_STEP][PASSED] - closeBrowser(): Browser is closed

2022-11-30 21:00:12 - [MESSAGE][PASSED] - Browser is closed]]></system-out>
         <system-err><![CDATA[]]></system-err>
      </testcase>
      <testcase name="Test Cases/BUCLES/Test_1" time="36.824" classname="Test Cases/BUCLES/Test_1" status="PASSED">
         <system-out><![CDATA[2022-11-30 21:00:12 - [TEST_CASE][PASSED] - Test Cases/BUCLES/Test_1: Test Cases/BUCLES/Test_1

2022-11-30 21:00:13 - [TEST_STEP][PASSED] - openBrowser(""): Browser is opened with url: ''

2022-11-30 21:00:13 - [MESSAGE][INFO] - Starting 'Chrome' driver

2022-11-30 21:00:13 - [MESSAGE][INFO] - Action delay is set to 0 milliseconds

2022-11-30 21:00:14 - [MESSAGE][PASSED] - Browser is opened with url: ''

2022-11-30 21:00:14 - [TEST_STEP][PASSED] - navigateToUrl("https://demoqa.com/text-box"): Navigate to 'https://demoqa.com/text-box' successfully

2022-11-30 21:00:25 - [MESSAGE][PASSED] - Navigate to 'https://demoqa.com/text-box' successfully

2022-11-30 21:00:26 - [TEST_STEP][PASSED] - for ([x = 1, x <= 2, (x++)]): null

2022-11-30 21:00:26 - [TEST_STEP][PASSED] - openBrowser(""): Browser is opened with url: ''

2022-11-30 21:00:26 - [MESSAGE][WARNING] - A browser is already opened. Closing browser and opening a new one

2022-11-30 21:00:26 - [MESSAGE][INFO] - Starting 'Chrome' driver

2022-11-30 21:00:26 - [MESSAGE][INFO] - Action delay is set to 0 milliseconds

2022-11-30 21:00:28 - [MESSAGE][PASSED] - Browser is opened with url: ''

2022-11-30 21:00:28 - [TEST_STEP][PASSED] - navigateToUrl("https://demoqa.com/text-box"): Navigate to 'https://demoqa.com/text-box' successfully

2022-11-30 21:00:36 - [MESSAGE][PASSED] - Navigate to 'https://demoqa.com/text-box' successfully

2022-11-30 21:00:36 - [TEST_STEP][PASSED] - RN = Math.random() * 10 - 1 + 1: null

2022-11-30 21:00:36 - [TEST_STEP][PASSED] - print("Numero : " + RN + "----"): null

2022-11-30 21:00:36 - [TEST_STEP][PASSED] - z = ["Demo1", "Demo2", "Demo3", "Demo4", "Demo5"]: null

2022-11-30 21:00:36 - [TEST_STEP][PASSED] - rnd = new java.util.Random(): null

2022-11-30 21:00:36 - [TEST_STEP][PASSED] - texto = z[rnd.nextInt(size)]: null

2022-11-30 21:00:36 - [TEST_STEP][PASSED] - print(texto): null

2022-11-30 21:00:36 - [TEST_STEP][PASSED] - openBrowser(""): Browser is opened with url: ''

2022-11-30 21:00:36 - [MESSAGE][WARNING] - A browser is already opened. Closing browser and opening a new one

2022-11-30 21:00:37 - [MESSAGE][INFO] - Starting 'Chrome' driver

2022-11-30 21:00:37 - [MESSAGE][INFO] - Action delay is set to 0 milliseconds

2022-11-30 21:00:39 - [MESSAGE][PASSED] - Browser is opened with url: ''

2022-11-30 21:00:39 - [TEST_STEP][PASSED] - navigateToUrl("https://demoqa.com/text-box"): Navigate to 'https://demoqa.com/text-box' successfully

2022-11-30 21:00:49 - [MESSAGE][PASSED] - Navigate to 'https://demoqa.com/text-box' successfully

2022-11-30 21:00:49 - [TEST_STEP][PASSED] - RN = Math.random() * 10 - 1 + 1: null

2022-11-30 21:00:49 - [TEST_STEP][PASSED] - print("Numero : " + RN + "----"): null

2022-11-30 21:00:49 - [TEST_STEP][PASSED] - z = ["Demo1", "Demo2", "Demo3", "Demo4", "Demo5"]: null

2022-11-30 21:00:49 - [TEST_STEP][PASSED] - rnd = new java.util.Random(): null

2022-11-30 21:00:49 - [TEST_STEP][PASSED] - texto = z[rnd.nextInt(size)]: null

2022-11-30 21:00:49 - [TEST_STEP][PASSED] - print(texto): null

2022-11-30 21:00:49 - [TEST_STEP][PASSED] - closeBrowser(): Browser is closed

2022-11-30 21:00:49 - [MESSAGE][PASSED] - Browser is closed]]></system-out>
         <system-err><![CDATA[]]></system-err>
      </testcase>
      <testcase name="Test Cases/BUCLES/Test_2" time="10.94" classname="Test Cases/BUCLES/Test_2" status="PASSED">
         <system-out><![CDATA[2022-11-30 21:00:49 - [TEST_CASE][PASSED] - Test Cases/BUCLES/Test_2: Test Cases/BUCLES/Test_2

2022-11-30 21:00:49 - [TEST_STEP][PASSED] - openBrowser(""): Browser is opened with url: ''

2022-11-30 21:00:49 - [MESSAGE][INFO] - Starting 'Chrome' driver

2022-11-30 21:00:49 - [MESSAGE][INFO] - Action delay is set to 0 milliseconds

2022-11-30 21:00:51 - [MESSAGE][PASSED] - Browser is opened with url: ''

2022-11-30 21:00:51 - [TEST_STEP][PASSED] - navigateToUrl("https://demoqa.com/text-box"): Navigate to 'https://demoqa.com/text-box' successfully

2022-11-30 21:01:00 - [MESSAGE][PASSED] - Navigate to 'https://demoqa.com/text-box' successfully

2022-11-30 21:01:00 - [TEST_STEP][PASSED] - for ([x = 1, x <= 10, x = x + 2]): null

2022-11-30 21:01:00 - [TEST_STEP][PASSED] - print(" hola mundo " + x + "-------"): null

2022-11-30 21:01:00 - [TEST_STEP][PASSED] - print(" hola mundo " + x + "-------"): null

2022-11-30 21:01:00 - [TEST_STEP][PASSED] - print(" hola mundo " + x + "-------"): null

2022-11-30 21:01:00 - [TEST_STEP][PASSED] - print(" hola mundo " + x + "-------"): null

2022-11-30 21:01:00 - [TEST_STEP][PASSED] - print(" hola mundo " + x + "-------"): null

2022-11-30 21:01:00 - [TEST_STEP][PASSED] - closeBrowser(): Browser is closed

2022-11-30 21:01:00 - [MESSAGE][PASSED] - Browser is closed]]></system-out>
         <system-err><![CDATA[]]></system-err>
      </testcase>
      <testcase name="Test Cases/BUCLES/Test_while" time="11.719" classname="Test Cases/BUCLES/Test_while" status="PASSED">
         <system-out><![CDATA[2022-11-30 21:01:00 - [TEST_CASE][PASSED] - Test Cases/BUCLES/Test_while: Test Cases/BUCLES/Test_while

2022-11-30 21:01:00 - [TEST_STEP][PASSED] - openBrowser(""): Browser is opened with url: ''

2022-11-30 21:01:00 - [MESSAGE][INFO] - Starting 'Chrome' driver

2022-11-30 21:01:00 - [MESSAGE][INFO] - Action delay is set to 0 milliseconds

2022-11-30 21:01:02 - [MESSAGE][PASSED] - Browser is opened with url: ''

2022-11-30 21:01:02 - [TEST_STEP][PASSED] - navigateToUrl("https://demoqa.com/text-box"): Navigate to 'https://demoqa.com/text-box' successfully

2022-11-30 21:01:11 - [MESSAGE][PASSED] - Navigate to 'https://demoqa.com/text-box' successfully

2022-11-30 21:01:11 - [TEST_STEP][PASSED] - maximizeWindow(): Current window maximized

2022-11-30 21:01:11 - [MESSAGE][PASSED] - Current window maximized

2022-11-30 21:01:11 - [TEST_STEP][PASSED] - waitForPageLoad(5): Wait for page load successfully

2022-11-30 21:01:11 - [MESSAGE][PASSED] - Wait for page load successfully

2022-11-30 21:01:11 - [TEST_STEP][PASSED] - x = 1: null

2022-11-30 21:01:11 - [TEST_STEP][PASSED] - while (x <= 3): null

2022-11-30 21:01:11 - [TEST_STEP][PASSED] - print("Hola " + x + "----------"): null

2022-11-30 21:01:11 - [TEST_STEP][PASSED] - (x++): null

2022-11-30 21:01:11 - [TEST_STEP][PASSED] - print("Hola " + x + "----------"): null

2022-11-30 21:01:11 - [TEST_STEP][PASSED] - (x++): null

2022-11-30 21:01:11 - [TEST_STEP][PASSED] - print("Hola " + x + "----------"): null

2022-11-30 21:01:11 - [TEST_STEP][PASSED] - (x++): null

2022-11-30 21:01:11 - [TEST_STEP][PASSED] - closeBrowser(): Browser is closed

2022-11-30 21:01:12 - [MESSAGE][PASSED] - Browser is closed]]></system-out>
         <system-err><![CDATA[]]></system-err>
      </testcase>
      <testcase name="Test Cases/BUCLES/Test_while2" time="14.461" classname="Test Cases/BUCLES/Test_while2" status="PASSED">
         <system-out><![CDATA[2022-11-30 21:01:12 - [TEST_CASE][PASSED] - Test Cases/BUCLES/Test_while2: Test Cases/BUCLES/Test_while2

2022-11-30 21:01:12 - [TEST_STEP][PASSED] - openBrowser(""): Browser is opened with url: ''

2022-11-30 21:01:12 - [MESSAGE][INFO] - Starting 'Chrome' driver

2022-11-30 21:01:12 - [MESSAGE][INFO] - Action delay is set to 0 milliseconds

2022-11-30 21:01:14 - [MESSAGE][PASSED] - Browser is opened with url: ''

2022-11-30 21:01:14 - [TEST_STEP][PASSED] - navigateToUrl("https://demoqa.com/text-box"): Navigate to 'https://demoqa.com/text-box' successfully

2022-11-30 21:01:26 - [MESSAGE][PASSED] - Navigate to 'https://demoqa.com/text-box' successfully

2022-11-30 21:01:26 - [TEST_STEP][PASSED] - maximizeWindow(): Current window maximized

2022-11-30 21:01:26 - [MESSAGE][PASSED] - Current window maximized

2022-11-30 21:01:26 - [TEST_STEP][PASSED] - waitForPageLoad(5): Wait for page load successfully

2022-11-30 21:01:26 - [MESSAGE][PASSED] - Wait for page load successfully

2022-11-30 21:01:26 - [TEST_STEP][PASSED] - x = 1: null

2022-11-30 21:01:26 - [TEST_STEP][PASSED] - while (x <= 5): null

2022-11-30 21:01:26 - [TEST_STEP][PASSED] - print("Valor de X" + x + "------>"): null

2022-11-30 21:01:26 - [TEST_STEP][PASSED] - (x++): null

2022-11-30 21:01:26 - [TEST_STEP][PASSED] - print("Valor de X" + x + "------>"): null

2022-11-30 21:01:26 - [TEST_STEP][PASSED] - (x++): null

2022-11-30 21:01:26 - [TEST_STEP][PASSED] - print("Valor de X" + x + "------>"): null

2022-11-30 21:01:26 - [TEST_STEP][PASSED] - (x++): null

2022-11-30 21:01:26 - [TEST_STEP][PASSED] - print("Valor de X" + x + "------>"): null

2022-11-30 21:01:26 - [TEST_STEP][PASSED] - (x++): null

2022-11-30 21:01:26 - [TEST_STEP][PASSED] - print("Valor de X" + x + "------>"): null

2022-11-30 21:01:26 - [TEST_STEP][PASSED] - (x++): null

2022-11-30 21:01:26 - [TEST_STEP][PASSED] - closeBrowser(): Browser is closed

2022-11-30 21:01:26 - [MESSAGE][PASSED] - Browser is closed]]></system-out>
         <system-err><![CDATA[]]></system-err>
      </testcase>
      <testcase name="Test Cases/Drive_excel/Drive_excel" time="18.007" classname="Test Cases/Drive_excel/Drive_excel" status="PASSED">
         <system-out><![CDATA[2022-11-30 21:01:26 - [TEST_CASE][PASSED] - Test Cases/Drive_excel/Drive_excel: Test Cases/Drive_excel/Drive_excel

2022-11-30 21:01:27 - [TEST_STEP][PASSED] - openBrowser(""): Browser is opened with url: ''

2022-11-30 21:01:27 - [MESSAGE][INFO] - Starting 'Chrome' driver

2022-11-30 21:01:27 - [MESSAGE][INFO] - Action delay is set to 0 milliseconds

2022-11-30 21:01:28 - [MESSAGE][PASSED] - Browser is opened with url: ''

2022-11-30 21:01:28 - [TEST_STEP][PASSED] - navigateToUrl("https://demoqa.com/automation-practice-form"): Navigate to 'https://demoqa.com/automation-practice-form' successfully

2022-11-30 21:01:38 - [MESSAGE][PASSED] - Navigate to 'https://demoqa.com/automation-practice-form' successfully

2022-11-30 21:01:38 - [TEST_STEP][PASSED] - waitForPageLoad(40): Wait for page load successfully

2022-11-30 21:01:38 - [MESSAGE][PASSED] - Wait for page load successfully

2022-11-30 21:01:38 - [TEST_STEP][PASSED] - maximizeWindow(): Current window maximized

2022-11-30 21:01:38 - [MESSAGE][PASSED] - Current window maximized

2022-11-30 21:01:38 - [TEST_STEP][PASSED] - setText(findTestObject("Object Repository/Drive_excel/Page_ToolsQA/input_Name_firstName"), nombre): Text '' is set on object 'Object Repository/Drive_excel/Page_ToolsQA/input_Name_firstName'

2022-11-30 21:01:40 - [MESSAGE][PASSED] - Text '' is set on object 'Object Repository/Drive_excel/Page_ToolsQA/input_Name_firstName'

2022-11-30 21:01:40 - [TEST_STEP][PASSED] - setText(findTestObject("Object Repository/Drive_excel/Page_ToolsQA/input_Name_lastName"), apellido): Text '' is set on object 'Object Repository/Drive_excel/Page_ToolsQA/input_Name_lastName'

2022-11-30 21:01:41 - [MESSAGE][PASSED] - Text '' is set on object 'Object Repository/Drive_excel/Page_ToolsQA/input_Name_lastName'

2022-11-30 21:01:41 - [TEST_STEP][PASSED] - setText(findTestObject("Object Repository/Drive_excel/Page_ToolsQA/input_Email_userEmail"), email): Text '' is set on object 'Object Repository/Drive_excel/Page_ToolsQA/input_Email_userEmail'

2022-11-30 21:01:42 - [MESSAGE][PASSED] - Text '' is set on object 'Object Repository/Drive_excel/Page_ToolsQA/input_Email_userEmail'

2022-11-30 21:01:42 - [TEST_STEP][PASSED] - delay(2): Delayed 2 second(s)

2022-11-30 21:01:44 - [MESSAGE][PASSED] - Delayed 2 second(s)

2022-11-30 21:01:44 - [TEST_STEP][PASSED] - closeBrowser(): Browser is closed

2022-11-30 21:01:44 - [MESSAGE][PASSED] - Browser is closed]]></system-out>
         <system-err><![CDATA[]]></system-err>
      </testcase>
      <testcase name="Test Cases/Navegador/Navegador" time="11.444" classname="Test Cases/Navegador/Navegador" status="PASSED">
         <system-out><![CDATA[2022-11-30 21:01:44 - [TEST_CASE][PASSED] - Test Cases/Navegador/Navegador: Test Cases/Navegador/Navegador

2022-11-30 21:01:44 - [TEST_STEP][PASSED] - openBrowser("https://demoqa.com/text-box"): Browser is opened with url: 'https://demoqa.com/text-box'

2022-11-30 21:01:44 - [MESSAGE][INFO] - Starting 'Chrome' driver

2022-11-30 21:01:44 - [MESSAGE][INFO] - Action delay is set to 0 milliseconds

2022-11-30 21:01:55 - [MESSAGE][PASSED] - Browser is opened with url: 'https://demoqa.com/text-box'

2022-11-30 21:01:55 - [TEST_STEP][PASSED] - maximizeWindow(): Current window maximized

2022-11-30 21:01:55 - [MESSAGE][PASSED] - Current window maximized

2022-11-30 21:01:55 - [TEST_STEP][PASSED] - page_url = getUrl(): Current window's url is: 'https://demoqa.com/text-box'

2022-11-30 21:01:55 - [MESSAGE][PASSED] - Current window's url is: 'https://demoqa.com/text-box'

2022-11-30 21:01:55 - [TEST_STEP][PASSED] - print(page_url): null

2022-11-30 21:01:55 - [TEST_STEP][PASSED] - Titulo = getWindowTitle(): Current window's title is: 'ToolsQA'

2022-11-30 21:01:55 - [MESSAGE][PASSED] - Current window's title is: 'ToolsQA'

2022-11-30 21:01:55 - [TEST_STEP][PASSED] - print("titiulo de la pagina" + Titulo): null

2022-11-30 21:01:55 - [TEST_STEP][PASSED] - closeBrowser(): Browser is closed

2022-11-30 21:01:56 - [MESSAGE][PASSED] - Browser is closed]]></system-out>
         <system-err><![CDATA[]]></system-err>
      </testcase>
      <testcase name="Test Cases/Objecto_xpath/Caso_xpath" time="19.59" classname="Test Cases/Objecto_xpath/Caso_xpath" status="PASSED">
         <system-out><![CDATA[2022-11-30 21:01:56 - [TEST_CASE][PASSED] - Test Cases/Objecto_xpath/Caso_xpath: Test Cases/Objecto_xpath/Caso_xpath

2022-11-30 21:01:56 - [TEST_STEP][PASSED] - openBrowser(""): Browser is opened with url: ''

2022-11-30 21:01:56 - [MESSAGE][INFO] - Starting 'Chrome' driver

2022-11-30 21:01:56 - [MESSAGE][INFO] - Action delay is set to 0 milliseconds

2022-11-30 21:01:58 - [MESSAGE][PASSED] - Browser is opened with url: ''

2022-11-30 21:01:58 - [TEST_STEP][PASSED] - navigateToUrl("https://demoqa.com/text-box"): Navigate to 'https://demoqa.com/text-box' successfully

2022-11-30 21:02:09 - [MESSAGE][PASSED] - Navigate to 'https://demoqa.com/text-box' successfully

2022-11-30 21:02:09 - [TEST_STEP][PASSED] - maximizeWindow(): Current window maximized

2022-11-30 21:02:10 - [MESSAGE][PASSED] - Current window maximized

2022-11-30 21:02:10 - [TEST_STEP][PASSED] - setText(findTestObject("Objeto_xpath/Campo_nombre"), "Ljubo"): Text 'Ljubo' is set on object 'Object Repository/Objeto_xpath/Campo_nombre'

2022-11-30 21:02:12 - [MESSAGE][PASSED] - Text 'Ljubo' is set on object 'Object Repository/Objeto_xpath/Campo_nombre'

2022-11-30 21:02:12 - [TEST_STEP][PASSED] - delay(3): Delayed 3 second(s)

2022-11-30 21:02:15 - [MESSAGE][PASSED] - Delayed 3 second(s)

2022-11-30 21:02:15 - [TEST_STEP][PASSED] - closeBrowser(): Browser is closed

2022-11-30 21:02:15 - [MESSAGE][PASSED] - Browser is closed]]></system-out>
         <system-err><![CDATA[]]></system-err>
      </testcase>
      <testcase name="Test Cases/Condicionales_If/Condicionar_titulo" time="28.558" classname="Test Cases/Condicionales_If/Condicionar_titulo" status="PASSED">
         <system-out><![CDATA[2022-11-30 21:02:15 - [TEST_CASE][PASSED] - Test Cases/Condicionales_If/Condicionar_titulo: Test Cases/Condicionales_If/Condicionar_titulo

2022-11-30 21:02:15 - [TEST_STEP][PASSED] - openBrowser(""): Browser is opened with url: ''

2022-11-30 21:02:15 - [MESSAGE][INFO] - Starting 'Chrome' driver

2022-11-30 21:02:15 - [MESSAGE][INFO] - Action delay is set to 0 milliseconds

2022-11-30 21:02:17 - [MESSAGE][PASSED] - Browser is opened with url: ''

2022-11-30 21:02:17 - [TEST_STEP][PASSED] - navigateToUrl("https://demoqa.com/"): Navigate to 'https://demoqa.com/' successfully

2022-11-30 21:02:31 - [MESSAGE][PASSED] - Navigate to 'https://demoqa.com/' successfully

2022-11-30 21:02:31 - [TEST_STEP][PASSED] - maximizeWindow(): Current window maximized

2022-11-30 21:02:31 - [MESSAGE][PASSED] - Current window maximized

2022-11-30 21:02:31 - [TEST_STEP][PASSED] - waitForPageLoad(5): Wait for page load successfully

2022-11-30 21:02:31 - [MESSAGE][PASSED] - Wait for page load successfully

2022-11-30 21:02:31 - [TEST_STEP][PASSED] - Existe = waitForElementVisible(findTestObject("Condicionales/Texto_radio"), 3): Web element with id: 'Object Repository/Condicionales/Texto_radio' located by '//div[@class='main-header'][contains(.,'Radio Button')]' not found

2022-11-30 21:02:35 - [MESSAGE][INFO] - Unable to find the element located by 'By.xpath: //div[@class='main-header'][contains(.,'Radio Button')]'. Please recheck the objects properties to make sure the desired element is located. 

2022-11-30 21:02:35 - [MESSAGE][WARNING] - [SELF-HEALING] Failed to find element with id 'Object Repository/Condicionales/Texto_radio'. Try using Self-healing.

2022-11-30 21:02:36 - [MESSAGE][INFO] - [SELF-HEALING] No working XPath is found.

2022-11-30 21:02:37 - [MESSAGE][INFO] - Unable to find the element located by 'By.xpath: '. Please recheck the objects properties to make sure the desired element is located. 

2022-11-30 21:02:37 - [MESSAGE][WARNING] - [SELF-HEALING] Cannot find elements when the selector is null

2022-11-30 21:02:37 - [MESSAGE][WARNING] - Web element with id: 'Object Repository/Condicionales/Texto_radio' located by '//div[@class='main-header'][contains(.,'Radio Button')]' not found

2022-11-30 21:02:37 - [TEST_STEP][PASSED] - print(Existe): null

2022-11-30 21:02:37 - [TEST_STEP][PASSED] - if (Existe == true): null

2022-11-30 21:02:37 - [TEST_STEP][PASSED] - else: Browser is closed

2022-11-30 21:02:37 - [TEST_STEP][PASSED] - print("-----  Error no esta el elemento de texto radio ------"): null

2022-11-30 21:02:37 - [TEST_STEP][PASSED] - navigateToUrl("https://demoqa.com/radio-button"): Navigate to 'https://demoqa.com/radio-button' successfully

2022-11-30 21:02:39 - [MESSAGE][PASSED] - Navigate to 'https://demoqa.com/radio-button' successfully

2022-11-30 21:02:39 - [TEST_STEP][PASSED] - click(findTestObject("Condicionales/Objeto_yes")): Object: 'Object Repository/Condicionales/Objeto_yes' is clicked on

2022-11-30 21:02:41 - [MESSAGE][PASSED] - Object: 'Object Repository/Condicionales/Objeto_yes' is clicked on

2022-11-30 21:02:41 - [TEST_STEP][PASSED] - delay(2): Delayed 2 second(s)

2022-11-30 21:02:43 - [MESSAGE][PASSED] - Delayed 2 second(s)

2022-11-30 21:02:43 - [TEST_STEP][PASSED] - closeBrowser(): Browser is closed

2022-11-30 21:02:44 - [MESSAGE][PASSED] - Browser is closed]]></system-out>
         <system-err><![CDATA[]]></system-err>
      </testcase>
      <testcase name="Test Cases/Condicionales_If/Test_1" time="0.031" classname="Test Cases/Condicionales_If/Test_1" status="PASSED">
         <system-out><![CDATA[2022-11-30 21:02:44 - [TEST_CASE][PASSED] - Test Cases/Condicionales_If/Test_1: Test Cases/Condicionales_If/Test_1

2022-11-30 21:02:44 - [TEST_STEP][PASSED] - if (num == 10): null

2022-11-30 21:02:44 - [TEST_STEP][PASSED] - else: null

2022-11-30 21:02:44 - [TEST_STEP][PASSED] - print("El numero no es un 10 es el numero:  " + num + "#####"): null]]></system-out>
         <system-err><![CDATA[]]></system-err>
      </testcase>
      <testcase name="Test Cases/Condicionales_If/Test_2" time="0.016" classname="Test Cases/Condicionales_If/Test_2" status="PASSED">
         <system-out><![CDATA[2022-11-30 21:02:44 - [TEST_CASE][PASSED] - Test Cases/Condicionales_If/Test_2: Test Cases/Condicionales_If/Test_2

2022-11-30 21:02:44 - [TEST_STEP][PASSED] - if (num == 5): null

2022-11-30 21:02:44 - [TEST_STEP][PASSED] - if (num == 10): null

2022-11-30 21:02:44 - [TEST_STEP][PASSED] - println("El valor de la variables es un: 10"): null]]></system-out>
         <system-err><![CDATA[]]></system-err>
      </testcase>
      <testcase name="Test Cases/Condicionales_If/Test_3" time="0.016" classname="Test Cases/Condicionales_If/Test_3" status="PASSED">
         <system-out><![CDATA[2022-11-30 21:02:44 - [TEST_CASE][PASSED] - Test Cases/Condicionales_If/Test_3: Test Cases/Condicionales_If/Test_3

2022-11-30 21:02:44 - [TEST_STEP][PASSED] - if (nombre == "Juan"): null

2022-11-30 21:02:44 - [TEST_STEP][PASSED] - if (nombre == "JUan"): null

2022-11-30 21:02:44 - [TEST_STEP][PASSED] - if (nombre == "juan"): null

2022-11-30 21:02:44 - [TEST_STEP][PASSED] - println("Tu nombre es juan"): null]]></system-out>
         <system-err><![CDATA[]]></system-err>
      </testcase>
      <testcase name="Test Cases/Condicionales_If/Test_4" time="0.031" classname="Test Cases/Condicionales_If/Test_4" status="PASSED">
         <system-out><![CDATA[2022-11-30 21:02:44 - [TEST_CASE][PASSED] - Test Cases/Condicionales_If/Test_4: Test Cases/Condicionales_If/Test_4

2022-11-30 21:02:44 - [TEST_STEP][PASSED] - if (num <= 7): null

2022-11-30 21:02:44 - [TEST_STEP][PASSED] - println("El numero es menor ó igual que 5"): null

2022-11-30 21:02:44 - [TEST_STEP][PASSED] - if (num >= 8): null

2022-11-30 21:02:44 - [TEST_STEP][PASSED] - if (num != 5): null]]></system-out>
         <system-err><![CDATA[]]></system-err>
      </testcase>
      <testcase name="Test Cases/Condicionales_If/Test_edad" time="0.016" classname="Test Cases/Condicionales_If/Test_edad" status="PASSED">
         <system-out><![CDATA[2022-11-30 21:02:44 - [TEST_CASE][PASSED] - Test Cases/Condicionales_If/Test_edad: Test Cases/Condicionales_If/Test_edad

2022-11-30 21:02:44 - [TEST_STEP][PASSED] - if (edad >= 1 && edad <= 17): null

2022-11-30 21:02:44 - [TEST_STEP][PASSED] - else if (edad == 18): null

2022-11-30 21:02:44 - [TEST_STEP][PASSED] - else if (edad <= 0): null

2022-11-30 21:02:44 - [TEST_STEP][PASSED] - else if (edad == 120): null

2022-11-30 21:02:44 - [TEST_STEP][PASSED] - else: null

2022-11-30 21:02:44 - [TEST_STEP][PASSED] - print("No se cumple ninguna de las opciones"): null]]></system-out>
         <system-err><![CDATA[]]></system-err>
      </testcase>
      <testcase name="Test Cases/Condicionales_If/Test_valor" time="20.013" classname="Test Cases/Condicionales_If/Test_valor" status="PASSED">
         <system-out><![CDATA[2022-11-30 21:02:44 - [TEST_CASE][PASSED] - Test Cases/Condicionales_If/Test_valor: Test Cases/Condicionales_If/Test_valor

2022-11-30 21:02:44 - [TEST_STEP][PASSED] - openBrowser(""): Browser is opened with url: ''

2022-11-30 21:02:44 - [MESSAGE][INFO] - Starting 'Chrome' driver

2022-11-30 21:02:44 - [MESSAGE][INFO] - Action delay is set to 0 milliseconds

2022-11-30 21:02:46 - [MESSAGE][PASSED] - Browser is opened with url: ''

2022-11-30 21:02:46 - [TEST_STEP][PASSED] - navigateToUrl("https://demoqa.com/"): Navigate to 'https://demoqa.com/' successfully

2022-11-30 21:02:55 - [MESSAGE][PASSED] - Navigate to 'https://demoqa.com/' successfully

2022-11-30 21:02:55 - [TEST_STEP][PASSED] - maximizeWindow(): Current window maximized

2022-11-30 21:02:55 - [MESSAGE][PASSED] - Current window maximized

2022-11-30 21:02:55 - [TEST_STEP][PASSED] - waitForPageLoad(10): Wait for page load successfully

2022-11-30 21:02:55 - [MESSAGE][PASSED] - Wait for page load successfully

2022-11-30 21:02:55 - [TEST_STEP][PASSED] - Existe = waitForElementVisible(findTestObject("Condicionales/titulo1"), 5): Web element with id: 'Object Repository/Condicionales/titulo1' located by '//div[@class='main-header'][contains(.,'Radio Button')]' not found

2022-11-30 21:03:01 - [MESSAGE][INFO] - Unable to find the element located by 'By.xpath: //div[@class='main-header'][contains(.,'Radio Button')]'. Please recheck the objects properties to make sure the desired element is located. 

2022-11-30 21:03:01 - [MESSAGE][WARNING] - [SELF-HEALING] Failed to find element with id 'Object Repository/Condicionales/titulo1'. Try using Self-healing.

2022-11-30 21:03:02 - [MESSAGE][INFO] - [SELF-HEALING] No working XPath is found.

2022-11-30 21:03:03 - [MESSAGE][INFO] - Unable to find the element located by 'By.xpath: '. Please recheck the objects properties to make sure the desired element is located. 

2022-11-30 21:03:03 - [MESSAGE][WARNING] - [SELF-HEALING] Cannot find elements when the selector is null

2022-11-30 21:03:03 - [MESSAGE][WARNING] - Web element with id: 'Object Repository/Condicionales/titulo1' located by '//div[@class='main-header'][contains(.,'Radio Button')]' not found

2022-11-30 21:03:03 - [TEST_STEP][PASSED] - if (Existe == true): null

2022-11-30 21:03:03 - [TEST_STEP][PASSED] - else: Browser is closed

2022-11-30 21:03:03 - [TEST_STEP][PASSED] - print("No estas en la página correcta"): null

2022-11-30 21:03:03 - [TEST_STEP][PASSED] - closeBrowser(): Browser is closed

2022-11-30 21:03:04 - [MESSAGE][PASSED] - Browser is closed]]></system-out>
         <system-err><![CDATA[]]></system-err>
      </testcase>
      <testcase name="Test Cases/BUCLES/Reto_For" time="28.842" classname="Test Cases/BUCLES/Reto_For" status="PASSED">
         <system-out><![CDATA[2022-11-30 21:03:04 - [TEST_CASE][PASSED] - Test Cases/BUCLES/Reto_For: Test Cases/BUCLES/Reto_For

2022-11-30 21:03:04 - [TEST_STEP][PASSED] - openBrowser(""): Browser is opened with url: ''

2022-11-30 21:03:04 - [MESSAGE][INFO] - Starting 'Chrome' driver

2022-11-30 21:03:04 - [MESSAGE][INFO] - Action delay is set to 0 milliseconds

2022-11-30 21:03:06 - [MESSAGE][PASSED] - Browser is opened with url: ''

2022-11-30 21:03:06 - [TEST_STEP][PASSED] - navigateToUrl("https://demoqa.com/text-box"): Navigate to 'https://demoqa.com/text-box' successfully

2022-11-30 21:03:16 - [MESSAGE][PASSED] - Navigate to 'https://demoqa.com/text-box' successfully

2022-11-30 21:03:16 - [TEST_STEP][PASSED] - maximizeWindow(): Current window maximized

2022-11-30 21:03:16 - [MESSAGE][PASSED] - Current window maximized

2022-11-30 21:03:16 - [TEST_STEP][PASSED] - waitForPageLoad(5): Wait for page load successfully

2022-11-30 21:03:16 - [MESSAGE][PASSED] - Wait for page load successfully

2022-11-30 21:03:16 - [TEST_STEP][PASSED] - for ([x = 1, x <= 4, (x++)]): Browser is scrolled to position x = 0, y = 100

2022-11-30 21:03:16 - [TEST_STEP][PASSED] - z = ["Carlos", "Erika", "Paco", "Rodrigo", "Juan"]: null

2022-11-30 21:03:16 - [TEST_STEP][PASSED] - rn = new java.util.Random(): null

2022-11-30 21:03:16 - [TEST_STEP][PASSED] - tx_nombre = z[rn.nextInt(size)]: null

2022-11-30 21:03:16 - [TEST_STEP][PASSED] - setText(findTestObject("Object Repository/Reto_for/Page_ToolsQA/input_Full Name_userName"), tx_nombre): Text 'Paco' is set on object 'Object Repository/Reto_for/Page_ToolsQA/input_Full Name_userName'

2022-11-30 21:03:18 - [MESSAGE][PASSED] - Text 'Paco' is set on object 'Object Repository/Reto_for/Page_ToolsQA/input_Full Name_userName'

2022-11-30 21:03:18 - [TEST_STEP][PASSED] - setText(findTestObject("Object Repository/Reto_for/Page_ToolsQA/input_Email_userEmail"), tx_nombre + "@gmail.com"): Text 'Paco@gmail.com' is set on object 'Object Repository/Reto_for/Page_ToolsQA/input_Email_userEmail'

2022-11-30 21:03:19 - [MESSAGE][PASSED] - Text 'Paco@gmail.com' is set on object 'Object Repository/Reto_for/Page_ToolsQA/input_Email_userEmail'

2022-11-30 21:03:19 - [TEST_STEP][PASSED] - setText(findTestObject("Object Repository/Reto_for/Page_ToolsQA/textarea_Current Address_currentAddress"), "Dirección#" + x): Text 'Dirección#1' is set on object 'Object Repository/Reto_for/Page_ToolsQA/textarea_Current Address_currentAddress'

2022-11-30 21:03:20 - [MESSAGE][PASSED] - Text 'Dirección#1' is set on object 'Object Repository/Reto_for/Page_ToolsQA/textarea_Current Address_currentAddress'

2022-11-30 21:03:20 - [TEST_STEP][PASSED] - setText(findTestObject("Object Repository/Reto_for/Page_ToolsQA/textarea_Permanent Address_permanentAddress"), "Dirección dos#" + x): Text 'Dirección dos#1' is set on object 'Object Repository/Reto_for/Page_ToolsQA/textarea_Permanent Address_permanentAddress'

2022-11-30 21:03:20 - [MESSAGE][PASSED] - Text 'Dirección dos#1' is set on object 'Object Repository/Reto_for/Page_ToolsQA/textarea_Permanent Address_permanentAddress'

2022-11-30 21:03:20 - [TEST_STEP][PASSED] - scrollToPosition(0, 500): Browser is scrolled to position x = 0, y = 500

2022-11-30 21:03:20 - [MESSAGE][PASSED] - Browser is scrolled to position x = 0, y = 500

2022-11-30 21:03:20 - [TEST_STEP][PASSED] - click(findTestObject("Object Repository/Reto_for/Page_ToolsQA/button_Submit")): Object: 'Object Repository/Reto_for/Page_ToolsQA/button_Submit' is clicked on

2022-11-30 21:03:21 - [MESSAGE][PASSED] - Object: 'Object Repository/Reto_for/Page_ToolsQA/button_Submit' is clicked on

2022-11-30 21:03:21 - [TEST_STEP][PASSED] - scrollToPosition(0, 100): Browser is scrolled to position x = 0, y = 100

2022-11-30 21:03:21 - [MESSAGE][PASSED] - Browser is scrolled to position x = 0, y = 100

2022-11-30 21:03:21 - [TEST_STEP][PASSED] - z = ["Carlos", "Erika", "Paco", "Rodrigo", "Juan"]: null

2022-11-30 21:03:21 - [TEST_STEP][PASSED] - rn = new java.util.Random(): null

2022-11-30 21:03:21 - [TEST_STEP][PASSED] - tx_nombre = z[rn.nextInt(size)]: null

2022-11-30 21:03:21 - [TEST_STEP][PASSED] - setText(findTestObject("Object Repository/Reto_for/Page_ToolsQA/input_Full Name_userName"), tx_nombre): Text 'Carlos' is set on object 'Object Repository/Reto_for/Page_ToolsQA/input_Full Name_userName'

2022-11-30 21:03:22 - [MESSAGE][PASSED] - Text 'Carlos' is set on object 'Object Repository/Reto_for/Page_ToolsQA/input_Full Name_userName'

2022-11-30 21:03:22 - [TEST_STEP][PASSED] - setText(findTestObject("Object Repository/Reto_for/Page_ToolsQA/input_Email_userEmail"), tx_nombre + "@gmail.com"): Text 'Carlos@gmail.com' is set on object 'Object Repository/Reto_for/Page_ToolsQA/input_Email_userEmail'

2022-11-30 21:03:23 - [MESSAGE][PASSED] - Text 'Carlos@gmail.com' is set on object 'Object Repository/Reto_for/Page_ToolsQA/input_Email_userEmail'

2022-11-30 21:03:23 - [TEST_STEP][PASSED] - setText(findTestObject("Object Repository/Reto_for/Page_ToolsQA/textarea_Current Address_currentAddress"), "Dirección#" + x): Text 'Dirección#2' is set on object 'Object Repository/Reto_for/Page_ToolsQA/textarea_Current Address_currentAddress'

2022-11-30 21:03:23 - [MESSAGE][PASSED] - Text 'Dirección#2' is set on object 'Object Repository/Reto_for/Page_ToolsQA/textarea_Current Address_currentAddress'

2022-11-30 21:03:23 - [TEST_STEP][PASSED] - setText(findTestObject("Object Repository/Reto_for/Page_ToolsQA/textarea_Permanent Address_permanentAddress"), "Dirección dos#" + x): Text 'Dirección dos#2' is set on object 'Object Repository/Reto_for/Page_ToolsQA/textarea_Permanent Address_permanentAddress'

2022-11-30 21:03:24 - [MESSAGE][PASSED] - Text 'Dirección dos#2' is set on object 'Object Repository/Reto_for/Page_ToolsQA/textarea_Permanent Address_permanentAddress'

2022-11-30 21:03:24 - [TEST_STEP][PASSED] - scrollToPosition(0, 500): Browser is scrolled to position x = 0, y = 500

2022-11-30 21:03:24 - [MESSAGE][PASSED] - Browser is scrolled to position x = 0, y = 500

2022-11-30 21:03:24 - [TEST_STEP][PASSED] - click(findTestObject("Object Repository/Reto_for/Page_ToolsQA/button_Submit")): Object: 'Object Repository/Reto_for/Page_ToolsQA/button_Submit' is clicked on

2022-11-30 21:03:24 - [MESSAGE][PASSED] - Object: 'Object Repository/Reto_for/Page_ToolsQA/button_Submit' is clicked on

2022-11-30 21:03:24 - [TEST_STEP][PASSED] - scrollToPosition(0, 100): Browser is scrolled to position x = 0, y = 100

2022-11-30 21:03:24 - [MESSAGE][PASSED] - Browser is scrolled to position x = 0, y = 100

2022-11-30 21:03:24 - [TEST_STEP][PASSED] - z = ["Carlos", "Erika", "Paco", "Rodrigo", "Juan"]: null

2022-11-30 21:03:24 - [TEST_STEP][PASSED] - rn = new java.util.Random(): null

2022-11-30 21:03:24 - [TEST_STEP][PASSED] - tx_nombre = z[rn.nextInt(size)]: null

2022-11-30 21:03:24 - [TEST_STEP][PASSED] - setText(findTestObject("Object Repository/Reto_for/Page_ToolsQA/input_Full Name_userName"), tx_nombre): Text 'Juan' is set on object 'Object Repository/Reto_for/Page_ToolsQA/input_Full Name_userName'

2022-11-30 21:03:25 - [MESSAGE][PASSED] - Text 'Juan' is set on object 'Object Repository/Reto_for/Page_ToolsQA/input_Full Name_userName'

2022-11-30 21:03:25 - [TEST_STEP][PASSED] - setText(findTestObject("Object Repository/Reto_for/Page_ToolsQA/input_Email_userEmail"), tx_nombre + "@gmail.com"): Text 'Juan@gmail.com' is set on object 'Object Repository/Reto_for/Page_ToolsQA/input_Email_userEmail'

2022-11-30 21:03:26 - [MESSAGE][PASSED] - Text 'Juan@gmail.com' is set on object 'Object Repository/Reto_for/Page_ToolsQA/input_Email_userEmail'

2022-11-30 21:03:26 - [TEST_STEP][PASSED] - setText(findTestObject("Object Repository/Reto_for/Page_ToolsQA/textarea_Current Address_currentAddress"), "Dirección#" + x): Text 'Dirección#3' is set on object 'Object Repository/Reto_for/Page_ToolsQA/textarea_Current Address_currentAddress'

2022-11-30 21:03:27 - [MESSAGE][PASSED] - Text 'Dirección#3' is set on object 'Object Repository/Reto_for/Page_ToolsQA/textarea_Current Address_currentAddress'

2022-11-30 21:03:27 - [TEST_STEP][PASSED] - setText(findTestObject("Object Repository/Reto_for/Page_ToolsQA/textarea_Permanent Address_permanentAddress"), "Dirección dos#" + x): Text 'Dirección dos#3' is set on object 'Object Repository/Reto_for/Page_ToolsQA/textarea_Permanent Address_permanentAddress'

2022-11-30 21:03:28 - [MESSAGE][PASSED] - Text 'Dirección dos#3' is set on object 'Object Repository/Reto_for/Page_ToolsQA/textarea_Permanent Address_permanentAddress'

2022-11-30 21:03:28 - [TEST_STEP][PASSED] - scrollToPosition(0, 500): Browser is scrolled to position x = 0, y = 500

2022-11-30 21:03:28 - [MESSAGE][PASSED] - Browser is scrolled to position x = 0, y = 500

2022-11-30 21:03:28 - [TEST_STEP][PASSED] - click(findTestObject("Object Repository/Reto_for/Page_ToolsQA/button_Submit")): Object: 'Object Repository/Reto_for/Page_ToolsQA/button_Submit' is clicked on

2022-11-30 21:03:28 - [MESSAGE][PASSED] - Object: 'Object Repository/Reto_for/Page_ToolsQA/button_Submit' is clicked on

2022-11-30 21:03:28 - [TEST_STEP][PASSED] - scrollToPosition(0, 100): Browser is scrolled to position x = 0, y = 100

2022-11-30 21:03:28 - [MESSAGE][PASSED] - Browser is scrolled to position x = 0, y = 100

2022-11-30 21:03:28 - [TEST_STEP][PASSED] - z = ["Carlos", "Erika", "Paco", "Rodrigo", "Juan"]: null

2022-11-30 21:03:28 - [TEST_STEP][PASSED] - rn = new java.util.Random(): null

2022-11-30 21:03:28 - [TEST_STEP][PASSED] - tx_nombre = z[rn.nextInt(size)]: null

2022-11-30 21:03:28 - [TEST_STEP][PASSED] - setText(findTestObject("Object Repository/Reto_for/Page_ToolsQA/input_Full Name_userName"), tx_nombre): Text 'Rodrigo' is set on object 'Object Repository/Reto_for/Page_ToolsQA/input_Full Name_userName'

2022-11-30 21:03:29 - [MESSAGE][PASSED] - Text 'Rodrigo' is set on object 'Object Repository/Reto_for/Page_ToolsQA/input_Full Name_userName'

2022-11-30 21:03:29 - [TEST_STEP][PASSED] - setText(findTestObject("Object Repository/Reto_for/Page_ToolsQA/input_Email_userEmail"), tx_nombre + "@gmail.com"): Text 'Rodrigo@gmail.com' is set on object 'Object Repository/Reto_for/Page_ToolsQA/input_Email_userEmail'

2022-11-30 21:03:30 - [MESSAGE][PASSED] - Text 'Rodrigo@gmail.com' is set on object 'Object Repository/Reto_for/Page_ToolsQA/input_Email_userEmail'

2022-11-30 21:03:30 - [TEST_STEP][PASSED] - setText(findTestObject("Object Repository/Reto_for/Page_ToolsQA/textarea_Current Address_currentAddress"), "Dirección#" + x): Text 'Dirección#4' is set on object 'Object Repository/Reto_for/Page_ToolsQA/textarea_Current Address_currentAddress'

2022-11-30 21:03:31 - [MESSAGE][PASSED] - Text 'Dirección#4' is set on object 'Object Repository/Reto_for/Page_ToolsQA/textarea_Current Address_currentAddress'

2022-11-30 21:03:31 - [TEST_STEP][PASSED] - setText(findTestObject("Object Repository/Reto_for/Page_ToolsQA/textarea_Permanent Address_permanentAddress"), "Dirección dos#" + x): Text 'Dirección dos#4' is set on object 'Object Repository/Reto_for/Page_ToolsQA/textarea_Permanent Address_permanentAddress'

2022-11-30 21:03:32 - [MESSAGE][PASSED] - Text 'Dirección dos#4' is set on object 'Object Repository/Reto_for/Page_ToolsQA/textarea_Permanent Address_permanentAddress'

2022-11-30 21:03:32 - [TEST_STEP][PASSED] - scrollToPosition(0, 500): Browser is scrolled to position x = 0, y = 500

2022-11-30 21:03:32 - [MESSAGE][PASSED] - Browser is scrolled to position x = 0, y = 500

2022-11-30 21:03:32 - [TEST_STEP][PASSED] - click(findTestObject("Object Repository/Reto_for/Page_ToolsQA/button_Submit")): Object: 'Object Repository/Reto_for/Page_ToolsQA/button_Submit' is clicked on

2022-11-30 21:03:32 - [MESSAGE][PASSED] - Object: 'Object Repository/Reto_for/Page_ToolsQA/button_Submit' is clicked on

2022-11-30 21:03:32 - [TEST_STEP][PASSED] - scrollToPosition(0, 100): Browser is scrolled to position x = 0, y = 100

2022-11-30 21:03:32 - [MESSAGE][PASSED] - Browser is scrolled to position x = 0, y = 100

2022-11-30 21:03:32 - [TEST_STEP][PASSED] - closeBrowser(): Browser is closed

2022-11-30 21:03:33 - [MESSAGE][PASSED] - Browser is closed]]></system-out>
         <system-err><![CDATA[]]></system-err>
      </testcase>
      <testcase name="Test Cases/BUCLES/Reto_while" time="37.229" classname="Test Cases/BUCLES/Reto_while" status="PASSED">
         <system-out><![CDATA[2022-11-30 21:03:33 - [TEST_CASE][PASSED] - Test Cases/BUCLES/Reto_while: Test Cases/BUCLES/Reto_while

2022-11-30 21:03:33 - [TEST_STEP][PASSED] - openBrowser(""): Browser is opened with url: ''

2022-11-30 21:03:33 - [MESSAGE][INFO] - Starting 'Chrome' driver

2022-11-30 21:03:33 - [MESSAGE][INFO] - Action delay is set to 0 milliseconds

2022-11-30 21:03:35 - [MESSAGE][PASSED] - Browser is opened with url: ''

2022-11-30 21:03:35 - [TEST_STEP][PASSED] - navigateToUrl("https://www.google.com/"): Navigate to 'https://www.google.com/' successfully

2022-11-30 21:03:37 - [MESSAGE][PASSED] - Navigate to 'https://www.google.com/' successfully

2022-11-30 21:03:37 - [TEST_STEP][PASSED] - Bandera = 0: null

2022-11-30 21:03:37 - [TEST_STEP][PASSED] - while (Bandera != 1): null

2022-11-30 21:03:37 - [TEST_STEP][PASSED] - num = Math.random() * 5 - 1 + 1: null

2022-11-30 21:03:37 - [TEST_STEP][PASSED] - setText(findTestObject("Object Repository/While_google/Page_Google/input__q"), "5+" + num): Text '5+2' is set on object 'Object Repository/While_google/Page_Google/input__q'

2022-11-30 21:03:38 - [MESSAGE][PASSED] - Text '5+2' is set on object 'Object Repository/While_google/Page_Google/input__q'

2022-11-30 21:03:38 - [TEST_STEP][PASSED] - sendKeys(findTestObject("Object Repository/While_google/Page_Google/input__q"), Keys.chord(ENTER)): Keys 'ENTER + ' sent to object: 'Object Repository/While_google/Page_Google/input__q'

2022-11-30 21:03:45 - [MESSAGE][PASSED] - Keys 'ENTER + ' sent to object: 'Object Repository/While_google/Page_Google/input__q'

2022-11-30 21:03:45 - [TEST_STEP][PASSED] - Resultado = getText(findTestObject("While_google/Extras/Resultado_10")): Text of object 'Object Repository/While_google/Extras/Resultado_10' is: '7'

2022-11-30 21:03:45 - [MESSAGE][PASSED] - Text of object 'Object Repository/While_google/Extras/Resultado_10' is: '7'

2022-11-30 21:03:45 - [TEST_STEP][PASSED] - if (Resultado == "8"): null

2022-11-30 21:03:45 - [TEST_STEP][PASSED] - else: null

2022-11-30 21:03:45 - [TEST_STEP][PASSED] - Bandera = 0: null

2022-11-30 21:03:45 - [TEST_STEP][PASSED] - print(Bandera + "------"): null

2022-11-30 21:03:45 - [TEST_STEP][PASSED] - num = Math.random() * 5 - 1 + 1: null

2022-11-30 21:03:45 - [TEST_STEP][PASSED] - setText(findTestObject("Object Repository/While_google/Page_Google/input__q"), "5+" + num): Text '5+1' is set on object 'Object Repository/While_google/Page_Google/input__q'

2022-11-30 21:03:46 - [MESSAGE][PASSED] - Text '5+1' is set on object 'Object Repository/While_google/Page_Google/input__q'

2022-11-30 21:03:46 - [TEST_STEP][PASSED] - sendKeys(findTestObject("Object Repository/While_google/Page_Google/input__q"), Keys.chord(ENTER)): Keys 'ENTER + ' sent to object: 'Object Repository/While_google/Page_Google/input__q'

2022-11-30 21:03:50 - [MESSAGE][PASSED] - Keys 'ENTER + ' sent to object: 'Object Repository/While_google/Page_Google/input__q'

2022-11-30 21:03:50 - [TEST_STEP][PASSED] - Resultado = getText(findTestObject("While_google/Extras/Resultado_10")): Text of object 'Object Repository/While_google/Extras/Resultado_10' is: '6'

2022-11-30 21:03:51 - [MESSAGE][PASSED] - Text of object 'Object Repository/While_google/Extras/Resultado_10' is: '6'

2022-11-30 21:03:51 - [TEST_STEP][PASSED] - if (Resultado == "8"): null

2022-11-30 21:03:51 - [TEST_STEP][PASSED] - else: null

2022-11-30 21:03:51 - [TEST_STEP][PASSED] - Bandera = 0: null

2022-11-30 21:03:51 - [TEST_STEP][PASSED] - print(Bandera + "------"): null

2022-11-30 21:03:51 - [TEST_STEP][PASSED] - num = Math.random() * 5 - 1 + 1: null

2022-11-30 21:03:51 - [TEST_STEP][PASSED] - setText(findTestObject("Object Repository/While_google/Page_Google/input__q"), "5+" + num): Text '5+1' is set on object 'Object Repository/While_google/Page_Google/input__q'

2022-11-30 21:03:52 - [MESSAGE][PASSED] - Text '5+1' is set on object 'Object Repository/While_google/Page_Google/input__q'

2022-11-30 21:03:52 - [TEST_STEP][PASSED] - sendKeys(findTestObject("Object Repository/While_google/Page_Google/input__q"), Keys.chord(ENTER)): Keys 'ENTER + ' sent to object: 'Object Repository/While_google/Page_Google/input__q'

2022-11-30 21:03:54 - [MESSAGE][PASSED] - Keys 'ENTER + ' sent to object: 'Object Repository/While_google/Page_Google/input__q'

2022-11-30 21:03:54 - [TEST_STEP][PASSED] - Resultado = getText(findTestObject("While_google/Extras/Resultado_10")): Text of object 'Object Repository/While_google/Extras/Resultado_10' is: '6'

2022-11-30 21:03:55 - [MESSAGE][PASSED] - Text of object 'Object Repository/While_google/Extras/Resultado_10' is: '6'

2022-11-30 21:03:55 - [TEST_STEP][PASSED] - if (Resultado == "8"): null

2022-11-30 21:03:55 - [TEST_STEP][PASSED] - else: null

2022-11-30 21:03:55 - [TEST_STEP][PASSED] - Bandera = 0: null

2022-11-30 21:03:55 - [TEST_STEP][PASSED] - print(Bandera + "------"): null

2022-11-30 21:03:55 - [TEST_STEP][PASSED] - num = Math.random() * 5 - 1 + 1: null

2022-11-30 21:03:55 - [TEST_STEP][PASSED] - setText(findTestObject("Object Repository/While_google/Page_Google/input__q"), "5+" + num): Text '5+1' is set on object 'Object Repository/While_google/Page_Google/input__q'

2022-11-30 21:03:56 - [MESSAGE][PASSED] - Text '5+1' is set on object 'Object Repository/While_google/Page_Google/input__q'

2022-11-30 21:03:56 - [TEST_STEP][PASSED] - sendKeys(findTestObject("Object Repository/While_google/Page_Google/input__q"), Keys.chord(ENTER)): Keys 'ENTER + ' sent to object: 'Object Repository/While_google/Page_Google/input__q'

2022-11-30 21:03:59 - [MESSAGE][PASSED] - Keys 'ENTER + ' sent to object: 'Object Repository/While_google/Page_Google/input__q'

2022-11-30 21:03:59 - [TEST_STEP][PASSED] - Resultado = getText(findTestObject("While_google/Extras/Resultado_10")): Text of object 'Object Repository/While_google/Extras/Resultado_10' is: '6'

2022-11-30 21:04:00 - [MESSAGE][PASSED] - Text of object 'Object Repository/While_google/Extras/Resultado_10' is: '6'

2022-11-30 21:04:00 - [TEST_STEP][PASSED] - if (Resultado == "8"): null

2022-11-30 21:04:00 - [TEST_STEP][PASSED] - else: null

2022-11-30 21:04:00 - [TEST_STEP][PASSED] - Bandera = 0: null

2022-11-30 21:04:00 - [TEST_STEP][PASSED] - print(Bandera + "------"): null

2022-11-30 21:04:00 - [TEST_STEP][PASSED] - num = Math.random() * 5 - 1 + 1: null

2022-11-30 21:04:00 - [TEST_STEP][PASSED] - setText(findTestObject("Object Repository/While_google/Page_Google/input__q"), "5+" + num): Text '5+2' is set on object 'Object Repository/While_google/Page_Google/input__q'

2022-11-30 21:04:00 - [MESSAGE][PASSED] - Text '5+2' is set on object 'Object Repository/While_google/Page_Google/input__q'

2022-11-30 21:04:00 - [TEST_STEP][PASSED] - sendKeys(findTestObject("Object Repository/While_google/Page_Google/input__q"), Keys.chord(ENTER)): Keys 'ENTER + ' sent to object: 'Object Repository/While_google/Page_Google/input__q'

2022-11-30 21:04:02 - [MESSAGE][PASSED] - Keys 'ENTER + ' sent to object: 'Object Repository/While_google/Page_Google/input__q'

2022-11-30 21:04:02 - [TEST_STEP][PASSED] - Resultado = getText(findTestObject("While_google/Extras/Resultado_10")): Text of object 'Object Repository/While_google/Extras/Resultado_10' is: '7'

2022-11-30 21:04:03 - [MESSAGE][PASSED] - Text of object 'Object Repository/While_google/Extras/Resultado_10' is: '7'

2022-11-30 21:04:03 - [TEST_STEP][PASSED] - if (Resultado == "8"): null

2022-11-30 21:04:03 - [TEST_STEP][PASSED] - else: null

2022-11-30 21:04:03 - [TEST_STEP][PASSED] - Bandera = 0: null

2022-11-30 21:04:03 - [TEST_STEP][PASSED] - print(Bandera + "------"): null

2022-11-30 21:04:03 - [TEST_STEP][PASSED] - num = Math.random() * 5 - 1 + 1: null

2022-11-30 21:04:03 - [TEST_STEP][PASSED] - setText(findTestObject("Object Repository/While_google/Page_Google/input__q"), "5+" + num): Text '5+3' is set on object 'Object Repository/While_google/Page_Google/input__q'

2022-11-30 21:04:05 - [MESSAGE][PASSED] - Text '5+3' is set on object 'Object Repository/While_google/Page_Google/input__q'

2022-11-30 21:04:05 - [TEST_STEP][PASSED] - sendKeys(findTestObject("Object Repository/While_google/Page_Google/input__q"), Keys.chord(ENTER)): Keys 'ENTER + ' sent to object: 'Object Repository/While_google/Page_Google/input__q'

2022-11-30 21:04:09 - [MESSAGE][PASSED] - Keys 'ENTER + ' sent to object: 'Object Repository/While_google/Page_Google/input__q'

2022-11-30 21:04:09 - [TEST_STEP][PASSED] - Resultado = getText(findTestObject("While_google/Extras/Resultado_10")): Text of object 'Object Repository/While_google/Extras/Resultado_10' is: '8'

2022-11-30 21:04:10 - [MESSAGE][PASSED] - Text of object 'Object Repository/While_google/Extras/Resultado_10' is: '8'

2022-11-30 21:04:10 - [TEST_STEP][PASSED] - if (Resultado == "8"): Browser is closed

2022-11-30 21:04:10 - [TEST_STEP][PASSED] - Bandera = 1: null

2022-11-30 21:04:10 - [TEST_STEP][PASSED] - print("Listo termina"): null

2022-11-30 21:04:10 - [TEST_STEP][PASSED] - closeBrowser(): Browser is closed

2022-11-30 21:04:10 - [MESSAGE][PASSED] - Browser is closed

2022-11-30 21:04:10 - [TEST_STEP][PASSED] - print(Bandera + "------"): null]]></system-out>
         <system-err><![CDATA[]]></system-err>
      </testcase>
      <testcase name="Test Cases/BUCLES/Reto_while_solucion" time="43.751" classname="Test Cases/BUCLES/Reto_while_solucion" status="PASSED">
         <system-out><![CDATA[2022-11-30 21:04:10 - [TEST_CASE][PASSED] - Test Cases/BUCLES/Reto_while_solucion: Test Cases/BUCLES/Reto_while_solucion

2022-11-30 21:04:10 - [TEST_STEP][PASSED] - openBrowser(""): Browser is opened with url: ''

2022-11-30 21:04:10 - [MESSAGE][INFO] - Starting 'Chrome' driver

2022-11-30 21:04:10 - [MESSAGE][INFO] - Action delay is set to 0 milliseconds

2022-11-30 21:04:12 - [MESSAGE][PASSED] - Browser is opened with url: ''

2022-11-30 21:04:12 - [TEST_STEP][PASSED] - navigateToUrl("https://www.google.com/"): Navigate to 'https://www.google.com/' successfully

2022-11-30 21:04:13 - [MESSAGE][PASSED] - Navigate to 'https://www.google.com/' successfully

2022-11-30 21:04:13 - [TEST_STEP][PASSED] - Res = 0: null

2022-11-30 21:04:13 - [TEST_STEP][PASSED] - while (Res != 8): Browser is closed

2022-11-30 21:04:13 - [TEST_STEP][PASSED] - num = Math.random() * 5 - 1 + 1: null

2022-11-30 21:04:13 - [TEST_STEP][PASSED] - setText(findTestObject("Object Repository/Reto_while1/Page_Google/input__q"), "5+" + num): Text '5+4' is set on object 'Object Repository/Reto_while1/Page_Google/input__q'

2022-11-30 21:04:14 - [MESSAGE][PASSED] - Text '5+4' is set on object 'Object Repository/Reto_while1/Page_Google/input__q'

2022-11-30 21:04:14 - [TEST_STEP][PASSED] - sendKeys(findTestObject("Object Repository/Reto_while1/Page_Google/input__q"), Keys.chord(ENTER)): Keys 'ENTER + ' sent to object: 'Object Repository/Reto_while1/Page_Google/input__q'

2022-11-30 21:04:19 - [MESSAGE][PASSED] - Keys 'ENTER + ' sent to object: 'Object Repository/Reto_while1/Page_Google/input__q'

2022-11-30 21:04:19 - [TEST_STEP][PASSED] - Res = getText(findTestObject("Reto_while1/Resultado_8")).toInteger(): Text of object 'Object Repository/Reto_while1/Resultado_8' is: '9'

2022-11-30 21:04:20 - [MESSAGE][PASSED] - Text of object 'Object Repository/Reto_while1/Resultado_8' is: '9'

2022-11-30 21:04:20 - [TEST_STEP][PASSED] - if (Res == 8): null

2022-11-30 21:04:20 - [TEST_STEP][PASSED] - num = Math.random() * 5 - 1 + 1: null

2022-11-30 21:04:20 - [TEST_STEP][PASSED] - setText(findTestObject("Object Repository/Reto_while1/Page_Google/input__q"), "5+" + num): Text '5+1' is set on object 'Object Repository/Reto_while1/Page_Google/input__q'

2022-11-30 21:04:20 - [MESSAGE][PASSED] - Text '5+1' is set on object 'Object Repository/Reto_while1/Page_Google/input__q'

2022-11-30 21:04:20 - [TEST_STEP][PASSED] - sendKeys(findTestObject("Object Repository/Reto_while1/Page_Google/input__q"), Keys.chord(ENTER)): Keys 'ENTER + ' sent to object: 'Object Repository/Reto_while1/Page_Google/input__q'

2022-11-30 21:04:28 - [MESSAGE][PASSED] - Keys 'ENTER + ' sent to object: 'Object Repository/Reto_while1/Page_Google/input__q'

2022-11-30 21:04:28 - [TEST_STEP][PASSED] - Res = getText(findTestObject("Reto_while1/Resultado_8")).toInteger(): Text of object 'Object Repository/Reto_while1/Resultado_8' is: '6'

2022-11-30 21:04:28 - [MESSAGE][PASSED] - Text of object 'Object Repository/Reto_while1/Resultado_8' is: '6'

2022-11-30 21:04:28 - [TEST_STEP][PASSED] - if (Res == 8): null

2022-11-30 21:04:28 - [TEST_STEP][PASSED] - num = Math.random() * 5 - 1 + 1: null

2022-11-30 21:04:28 - [TEST_STEP][PASSED] - setText(findTestObject("Object Repository/Reto_while1/Page_Google/input__q"), "5+" + num): Text '5+4' is set on object 'Object Repository/Reto_while1/Page_Google/input__q'

2022-11-30 21:04:29 - [MESSAGE][PASSED] - Text '5+4' is set on object 'Object Repository/Reto_while1/Page_Google/input__q'

2022-11-30 21:04:29 - [TEST_STEP][PASSED] - sendKeys(findTestObject("Object Repository/Reto_while1/Page_Google/input__q"), Keys.chord(ENTER)): Keys 'ENTER + ' sent to object: 'Object Repository/Reto_while1/Page_Google/input__q'

2022-11-30 21:04:32 - [MESSAGE][PASSED] - Keys 'ENTER + ' sent to object: 'Object Repository/Reto_while1/Page_Google/input__q'

2022-11-30 21:04:32 - [TEST_STEP][PASSED] - Res = getText(findTestObject("Reto_while1/Resultado_8")).toInteger(): Text of object 'Object Repository/Reto_while1/Resultado_8' is: '9'

2022-11-30 21:04:32 - [MESSAGE][PASSED] - Text of object 'Object Repository/Reto_while1/Resultado_8' is: '9'

2022-11-30 21:04:32 - [TEST_STEP][PASSED] - if (Res == 8): null

2022-11-30 21:04:32 - [TEST_STEP][PASSED] - num = Math.random() * 5 - 1 + 1: null

2022-11-30 21:04:32 - [TEST_STEP][PASSED] - setText(findTestObject("Object Repository/Reto_while1/Page_Google/input__q"), "5+" + num): Text '5+4' is set on object 'Object Repository/Reto_while1/Page_Google/input__q'

2022-11-30 21:04:33 - [MESSAGE][PASSED] - Text '5+4' is set on object 'Object Repository/Reto_while1/Page_Google/input__q'

2022-11-30 21:04:33 - [TEST_STEP][PASSED] - sendKeys(findTestObject("Object Repository/Reto_while1/Page_Google/input__q"), Keys.chord(ENTER)): Keys 'ENTER + ' sent to object: 'Object Repository/Reto_while1/Page_Google/input__q'

2022-11-30 21:04:35 - [MESSAGE][PASSED] - Keys 'ENTER + ' sent to object: 'Object Repository/Reto_while1/Page_Google/input__q'

2022-11-30 21:04:35 - [TEST_STEP][PASSED] - Res = getText(findTestObject("Reto_while1/Resultado_8")).toInteger(): Text of object 'Object Repository/Reto_while1/Resultado_8' is: '9'

2022-11-30 21:04:36 - [MESSAGE][PASSED] - Text of object 'Object Repository/Reto_while1/Resultado_8' is: '9'

2022-11-30 21:04:36 - [TEST_STEP][PASSED] - if (Res == 8): null

2022-11-30 21:04:36 - [TEST_STEP][PASSED] - num = Math.random() * 5 - 1 + 1: null

2022-11-30 21:04:36 - [TEST_STEP][PASSED] - setText(findTestObject("Object Repository/Reto_while1/Page_Google/input__q"), "5+" + num): Text '5+2' is set on object 'Object Repository/Reto_while1/Page_Google/input__q'

2022-11-30 21:04:36 - [MESSAGE][PASSED] - Text '5+2' is set on object 'Object Repository/Reto_while1/Page_Google/input__q'

2022-11-30 21:04:36 - [TEST_STEP][PASSED] - sendKeys(findTestObject("Object Repository/Reto_while1/Page_Google/input__q"), Keys.chord(ENTER)): Keys 'ENTER + ' sent to object: 'Object Repository/Reto_while1/Page_Google/input__q'

2022-11-30 21:04:40 - [MESSAGE][PASSED] - Keys 'ENTER + ' sent to object: 'Object Repository/Reto_while1/Page_Google/input__q'

2022-11-30 21:04:40 - [TEST_STEP][PASSED] - Res = getText(findTestObject("Reto_while1/Resultado_8")).toInteger(): Text of object 'Object Repository/Reto_while1/Resultado_8' is: '7'

2022-11-30 21:04:41 - [MESSAGE][PASSED] - Text of object 'Object Repository/Reto_while1/Resultado_8' is: '7'

2022-11-30 21:04:41 - [TEST_STEP][PASSED] - if (Res == 8): null

2022-11-30 21:04:41 - [TEST_STEP][PASSED] - num = Math.random() * 5 - 1 + 1: null

2022-11-30 21:04:41 - [TEST_STEP][PASSED] - setText(findTestObject("Object Repository/Reto_while1/Page_Google/input__q"), "5+" + num): Text '5+2' is set on object 'Object Repository/Reto_while1/Page_Google/input__q'

2022-11-30 21:04:42 - [MESSAGE][PASSED] - Text '5+2' is set on object 'Object Repository/Reto_while1/Page_Google/input__q'

2022-11-30 21:04:42 - [TEST_STEP][PASSED] - sendKeys(findTestObject("Object Repository/Reto_while1/Page_Google/input__q"), Keys.chord(ENTER)): Keys 'ENTER + ' sent to object: 'Object Repository/Reto_while1/Page_Google/input__q'

2022-11-30 21:04:45 - [MESSAGE][PASSED] - Keys 'ENTER + ' sent to object: 'Object Repository/Reto_while1/Page_Google/input__q'

2022-11-30 21:04:45 - [TEST_STEP][PASSED] - Res = getText(findTestObject("Reto_while1/Resultado_8")).toInteger(): Text of object 'Object Repository/Reto_while1/Resultado_8' is: '7'

2022-11-30 21:04:46 - [MESSAGE][PASSED] - Text of object 'Object Repository/Reto_while1/Resultado_8' is: '7'

2022-11-30 21:04:46 - [TEST_STEP][PASSED] - if (Res == 8): null

2022-11-30 21:04:46 - [TEST_STEP][PASSED] - num = Math.random() * 5 - 1 + 1: null

2022-11-30 21:04:46 - [TEST_STEP][PASSED] - setText(findTestObject("Object Repository/Reto_while1/Page_Google/input__q"), "5+" + num): Text '5+3' is set on object 'Object Repository/Reto_while1/Page_Google/input__q'

2022-11-30 21:04:47 - [MESSAGE][PASSED] - Text '5+3' is set on object 'Object Repository/Reto_while1/Page_Google/input__q'

2022-11-30 21:04:47 - [TEST_STEP][PASSED] - sendKeys(findTestObject("Object Repository/Reto_while1/Page_Google/input__q"), Keys.chord(ENTER)): Keys 'ENTER + ' sent to object: 'Object Repository/Reto_while1/Page_Google/input__q'

2022-11-30 21:04:53 - [MESSAGE][PASSED] - Keys 'ENTER + ' sent to object: 'Object Repository/Reto_while1/Page_Google/input__q'

2022-11-30 21:04:53 - [TEST_STEP][PASSED] - Res = getText(findTestObject("Reto_while1/Resultado_8")).toInteger(): Text of object 'Object Repository/Reto_while1/Resultado_8' is: '8'

2022-11-30 21:04:53 - [MESSAGE][PASSED] - Text of object 'Object Repository/Reto_while1/Resultado_8' is: '8'

2022-11-30 21:04:53 - [TEST_STEP][PASSED] - if (Res == 8): Browser is closed

2022-11-30 21:04:53 - [TEST_STEP][PASSED] - closeBrowser(): Browser is closed

2022-11-30 21:04:54 - [MESSAGE][PASSED] - Browser is closed]]></system-out>
         <system-err><![CDATA[]]></system-err>
      </testcase>
      <testcase name="Test Cases/BUCLES/Test_1" time="38.031" classname="Test Cases/BUCLES/Test_1" status="PASSED">
         <system-out><![CDATA[2022-11-30 21:04:54 - [TEST_CASE][PASSED] - Test Cases/BUCLES/Test_1: Test Cases/BUCLES/Test_1

2022-11-30 21:04:54 - [TEST_STEP][PASSED] - openBrowser(""): Browser is opened with url: ''

2022-11-30 21:04:54 - [MESSAGE][INFO] - Starting 'Chrome' driver

2022-11-30 21:04:54 - [MESSAGE][INFO] - Action delay is set to 0 milliseconds

2022-11-30 21:04:56 - [MESSAGE][PASSED] - Browser is opened with url: ''

2022-11-30 21:04:56 - [TEST_STEP][PASSED] - navigateToUrl("https://demoqa.com/text-box"): Navigate to 'https://demoqa.com/text-box' successfully

2022-11-30 21:05:07 - [MESSAGE][PASSED] - Navigate to 'https://demoqa.com/text-box' successfully

2022-11-30 21:05:07 - [TEST_STEP][PASSED] - for ([x = 1, x <= 2, (x++)]): null

2022-11-30 21:05:07 - [TEST_STEP][PASSED] - openBrowser(""): Browser is opened with url: ''

2022-11-30 21:05:07 - [MESSAGE][WARNING] - A browser is already opened. Closing browser and opening a new one

2022-11-30 21:05:08 - [MESSAGE][INFO] - Starting 'Chrome' driver

2022-11-30 21:05:08 - [MESSAGE][INFO] - Action delay is set to 0 milliseconds

2022-11-30 21:05:10 - [MESSAGE][PASSED] - Browser is opened with url: ''

2022-11-30 21:05:10 - [TEST_STEP][PASSED] - navigateToUrl("https://demoqa.com/text-box"): Navigate to 'https://demoqa.com/text-box' successfully

2022-11-30 21:05:17 - [MESSAGE][PASSED] - Navigate to 'https://demoqa.com/text-box' successfully

2022-11-30 21:05:17 - [TEST_STEP][PASSED] - RN = Math.random() * 10 - 1 + 1: null

2022-11-30 21:05:17 - [TEST_STEP][PASSED] - print("Numero : " + RN + "----"): null

2022-11-30 21:05:17 - [TEST_STEP][PASSED] - z = ["Demo1", "Demo2", "Demo3", "Demo4", "Demo5"]: null

2022-11-30 21:05:17 - [TEST_STEP][PASSED] - rnd = new java.util.Random(): null

2022-11-30 21:05:17 - [TEST_STEP][PASSED] - texto = z[rnd.nextInt(size)]: null

2022-11-30 21:05:17 - [TEST_STEP][PASSED] - print(texto): null

2022-11-30 21:05:17 - [TEST_STEP][PASSED] - openBrowser(""): Browser is opened with url: ''

2022-11-30 21:05:17 - [MESSAGE][WARNING] - A browser is already opened. Closing browser and opening a new one

2022-11-30 21:05:18 - [MESSAGE][INFO] - Starting 'Chrome' driver

2022-11-30 21:05:18 - [MESSAGE][INFO] - Action delay is set to 0 milliseconds

2022-11-30 21:05:20 - [MESSAGE][PASSED] - Browser is opened with url: ''

2022-11-30 21:05:20 - [TEST_STEP][PASSED] - navigateToUrl("https://demoqa.com/text-box"): Navigate to 'https://demoqa.com/text-box' successfully

2022-11-30 21:05:31 - [MESSAGE][PASSED] - Navigate to 'https://demoqa.com/text-box' successfully

2022-11-30 21:05:31 - [TEST_STEP][PASSED] - RN = Math.random() * 10 - 1 + 1: null

2022-11-30 21:05:31 - [TEST_STEP][PASSED] - print("Numero : " + RN + "----"): null

2022-11-30 21:05:31 - [TEST_STEP][PASSED] - z = ["Demo1", "Demo2", "Demo3", "Demo4", "Demo5"]: null

2022-11-30 21:05:31 - [TEST_STEP][PASSED] - rnd = new java.util.Random(): null

2022-11-30 21:05:31 - [TEST_STEP][PASSED] - texto = z[rnd.nextInt(size)]: null

2022-11-30 21:05:31 - [TEST_STEP][PASSED] - print(texto): null

2022-11-30 21:05:31 - [TEST_STEP][PASSED] - closeBrowser(): Browser is closed

2022-11-30 21:05:32 - [MESSAGE][PASSED] - Browser is closed]]></system-out>
         <system-err><![CDATA[]]></system-err>
      </testcase>
      <testcase name="Test Cases/BUCLES/Test_2" time="15.808" classname="Test Cases/BUCLES/Test_2" status="PASSED">
         <system-out><![CDATA[2022-11-30 21:05:32 - [TEST_CASE][PASSED] - Test Cases/BUCLES/Test_2: Test Cases/BUCLES/Test_2

2022-11-30 21:05:32 - [TEST_STEP][PASSED] - openBrowser(""): Browser is opened with url: ''

2022-11-30 21:05:32 - [MESSAGE][INFO] - Starting 'Chrome' driver

2022-11-30 21:05:32 - [MESSAGE][INFO] - Action delay is set to 0 milliseconds

2022-11-30 21:05:34 - [MESSAGE][PASSED] - Browser is opened with url: ''

2022-11-30 21:05:34 - [TEST_STEP][PASSED] - navigateToUrl("https://demoqa.com/text-box"): Navigate to 'https://demoqa.com/text-box' successfully

2022-11-30 21:05:47 - [MESSAGE][PASSED] - Navigate to 'https://demoqa.com/text-box' successfully

2022-11-30 21:05:47 - [TEST_STEP][PASSED] - for ([x = 1, x <= 10, x = x + 2]): null

2022-11-30 21:05:47 - [TEST_STEP][PASSED] - print(" hola mundo " + x + "-------"): null

2022-11-30 21:05:47 - [TEST_STEP][PASSED] - print(" hola mundo " + x + "-------"): null

2022-11-30 21:05:47 - [TEST_STEP][PASSED] - print(" hola mundo " + x + "-------"): null

2022-11-30 21:05:47 - [TEST_STEP][PASSED] - print(" hola mundo " + x + "-------"): null

2022-11-30 21:05:47 - [TEST_STEP][PASSED] - print(" hola mundo " + x + "-------"): null

2022-11-30 21:05:47 - [TEST_STEP][PASSED] - closeBrowser(): Browser is closed

2022-11-30 21:05:48 - [MESSAGE][PASSED] - Browser is closed]]></system-out>
         <system-err><![CDATA[]]></system-err>
      </testcase>
      <testcase name="Test Cases/BUCLES/Test_while" time="12.375" classname="Test Cases/BUCLES/Test_while" status="PASSED">
         <system-out><![CDATA[2022-11-30 21:05:48 - [TEST_CASE][PASSED] - Test Cases/BUCLES/Test_while: Test Cases/BUCLES/Test_while

2022-11-30 21:05:48 - [TEST_STEP][PASSED] - openBrowser(""): Browser is opened with url: ''

2022-11-30 21:05:48 - [MESSAGE][INFO] - Starting 'Chrome' driver

2022-11-30 21:05:48 - [MESSAGE][INFO] - Action delay is set to 0 milliseconds

2022-11-30 21:05:49 - [MESSAGE][PASSED] - Browser is opened with url: ''

2022-11-30 21:05:49 - [TEST_STEP][PASSED] - navigateToUrl("https://demoqa.com/text-box"): Navigate to 'https://demoqa.com/text-box' successfully

2022-11-30 21:05:59 - [MESSAGE][PASSED] - Navigate to 'https://demoqa.com/text-box' successfully

2022-11-30 21:05:59 - [TEST_STEP][PASSED] - maximizeWindow(): Current window maximized

2022-11-30 21:06:00 - [MESSAGE][PASSED] - Current window maximized

2022-11-30 21:06:00 - [TEST_STEP][PASSED] - waitForPageLoad(5): Wait for page load successfully

2022-11-30 21:06:00 - [MESSAGE][PASSED] - Wait for page load successfully

2022-11-30 21:06:00 - [TEST_STEP][PASSED] - x = 1: null

2022-11-30 21:06:00 - [TEST_STEP][PASSED] - while (x <= 3): null

2022-11-30 21:06:00 - [TEST_STEP][PASSED] - print("Hola " + x + "----------"): null

2022-11-30 21:06:00 - [TEST_STEP][PASSED] - (x++): null

2022-11-30 21:06:00 - [TEST_STEP][PASSED] - print("Hola " + x + "----------"): null

2022-11-30 21:06:00 - [TEST_STEP][PASSED] - (x++): null

2022-11-30 21:06:00 - [TEST_STEP][PASSED] - print("Hola " + x + "----------"): null

2022-11-30 21:06:00 - [TEST_STEP][PASSED] - (x++): null

2022-11-30 21:06:00 - [TEST_STEP][PASSED] - closeBrowser(): Browser is closed

2022-11-30 21:06:00 - [MESSAGE][PASSED] - Browser is closed]]></system-out>
         <system-err><![CDATA[]]></system-err>
      </testcase>
      <testcase name="Test Cases/BUCLES/Test_while2" time="16.416" classname="Test Cases/BUCLES/Test_while2" status="PASSED">
         <system-out><![CDATA[2022-11-30 21:06:00 - [TEST_CASE][PASSED] - Test Cases/BUCLES/Test_while2: Test Cases/BUCLES/Test_while2

2022-11-30 21:06:00 - [TEST_STEP][PASSED] - openBrowser(""): Browser is opened with url: ''

2022-11-30 21:06:00 - [MESSAGE][INFO] - Starting 'Chrome' driver

2022-11-30 21:06:00 - [MESSAGE][INFO] - Action delay is set to 0 milliseconds

2022-11-30 21:06:02 - [MESSAGE][PASSED] - Browser is opened with url: ''

2022-11-30 21:06:02 - [TEST_STEP][PASSED] - navigateToUrl("https://demoqa.com/text-box"): Navigate to 'https://demoqa.com/text-box' successfully

2022-11-30 21:06:16 - [MESSAGE][PASSED] - Navigate to 'https://demoqa.com/text-box' successfully

2022-11-30 21:06:16 - [TEST_STEP][PASSED] - maximizeWindow(): Current window maximized

2022-11-30 21:06:16 - [MESSAGE][PASSED] - Current window maximized

2022-11-30 21:06:16 - [TEST_STEP][PASSED] - waitForPageLoad(5): Wait for page load successfully

2022-11-30 21:06:16 - [MESSAGE][PASSED] - Wait for page load successfully

2022-11-30 21:06:16 - [TEST_STEP][PASSED] - x = 1: null

2022-11-30 21:06:16 - [TEST_STEP][PASSED] - while (x <= 5): null

2022-11-30 21:06:16 - [TEST_STEP][PASSED] - print("Valor de X" + x + "------>"): null

2022-11-30 21:06:16 - [TEST_STEP][PASSED] - (x++): null

2022-11-30 21:06:16 - [TEST_STEP][PASSED] - print("Valor de X" + x + "------>"): null

2022-11-30 21:06:16 - [TEST_STEP][PASSED] - (x++): null

2022-11-30 21:06:16 - [TEST_STEP][PASSED] - print("Valor de X" + x + "------>"): null

2022-11-30 21:06:16 - [TEST_STEP][PASSED] - (x++): null

2022-11-30 21:06:16 - [TEST_STEP][PASSED] - print("Valor de X" + x + "------>"): null

2022-11-30 21:06:16 - [TEST_STEP][PASSED] - (x++): null

2022-11-30 21:06:16 - [TEST_STEP][PASSED] - print("Valor de X" + x + "------>"): null

2022-11-30 21:06:16 - [TEST_STEP][PASSED] - (x++): null

2022-11-30 21:06:16 - [TEST_STEP][PASSED] - closeBrowser(): Browser is closed

2022-11-30 21:06:17 - [MESSAGE][PASSED] - Browser is closed]]></system-out>
         <system-err><![CDATA[]]></system-err>
      </testcase>
      <testcase name="Test Cases/Drive_excel/Drive_excel" time="19.891" classname="Test Cases/Drive_excel/Drive_excel" status="PASSED">
         <system-out><![CDATA[2022-11-30 21:06:17 - [TEST_CASE][PASSED] - Test Cases/Drive_excel/Drive_excel: Test Cases/Drive_excel/Drive_excel

2022-11-30 21:06:17 - [TEST_STEP][PASSED] - openBrowser(""): Browser is opened with url: ''

2022-11-30 21:06:17 - [MESSAGE][INFO] - Starting 'Chrome' driver

2022-11-30 21:06:17 - [MESSAGE][INFO] - Action delay is set to 0 milliseconds

2022-11-30 21:06:18 - [MESSAGE][PASSED] - Browser is opened with url: ''

2022-11-30 21:06:18 - [TEST_STEP][PASSED] - navigateToUrl("https://demoqa.com/automation-practice-form"): Navigate to 'https://demoqa.com/automation-practice-form' successfully

2022-11-30 21:06:31 - [MESSAGE][PASSED] - Navigate to 'https://demoqa.com/automation-practice-form' successfully

2022-11-30 21:06:31 - [TEST_STEP][PASSED] - waitForPageLoad(40): Wait for page load successfully

2022-11-30 21:06:31 - [MESSAGE][PASSED] - Wait for page load successfully

2022-11-30 21:06:31 - [TEST_STEP][PASSED] - maximizeWindow(): Current window maximized

2022-11-30 21:06:31 - [MESSAGE][PASSED] - Current window maximized

2022-11-30 21:06:31 - [TEST_STEP][PASSED] - setText(findTestObject("Object Repository/Drive_excel/Page_ToolsQA/input_Name_firstName"), nombre): Text '' is set on object 'Object Repository/Drive_excel/Page_ToolsQA/input_Name_firstName'

2022-11-30 21:06:32 - [MESSAGE][PASSED] - Text '' is set on object 'Object Repository/Drive_excel/Page_ToolsQA/input_Name_firstName'

2022-11-30 21:06:32 - [TEST_STEP][PASSED] - setText(findTestObject("Object Repository/Drive_excel/Page_ToolsQA/input_Name_lastName"), apellido): Text '' is set on object 'Object Repository/Drive_excel/Page_ToolsQA/input_Name_lastName'

2022-11-30 21:06:33 - [MESSAGE][PASSED] - Text '' is set on object 'Object Repository/Drive_excel/Page_ToolsQA/input_Name_lastName'

2022-11-30 21:06:33 - [TEST_STEP][PASSED] - setText(findTestObject("Object Repository/Drive_excel/Page_ToolsQA/input_Email_userEmail"), email): Text '' is set on object 'Object Repository/Drive_excel/Page_ToolsQA/input_Email_userEmail'

2022-11-30 21:06:34 - [MESSAGE][PASSED] - Text '' is set on object 'Object Repository/Drive_excel/Page_ToolsQA/input_Email_userEmail'

2022-11-30 21:06:34 - [TEST_STEP][PASSED] - delay(2): Delayed 2 second(s)

2022-11-30 21:06:36 - [MESSAGE][PASSED] - Delayed 2 second(s)

2022-11-30 21:06:36 - [TEST_STEP][PASSED] - closeBrowser(): Browser is closed

2022-11-30 21:06:37 - [MESSAGE][PASSED] - Browser is closed]]></system-out>
         <system-err><![CDATA[]]></system-err>
      </testcase>
      <system-out><![CDATA[2022-11-30 20:57:35 - [TEST_SUITE][PASSED] - testCLoud: Test Cases/Drive_excel/Drive_excel]]></system-out>
      <system-err><![CDATA[]]></system-err>
   </testsuite>
</testsuites>
