<?xml version="1.0" encoding="UTF-8"?>
<testsuites name="IntegracionUno" time="83.738" tests="2" failures="0" errors="0">
   <testsuite name="IntegracionUno" tests="2" failures="0" errors="0" time="83.738" skipped="0" timestamp="2022-11-23 19:48:19" hostname="admin - 192.168.0.13" id="Test Suites/IntegracionUno">
      <properties>
         <property name="deviceName" value=""/>
         <property name="devicePlatform" value=""/>
         <property name="logFolder" value="C:\\Users\\admin\\Katalon Studio\\Proyectos\\Proyecto_uno\\Reports\\20221123_194411\\IntegracionUno\\20221123_194417"/>
         <property name="logFiles" value="C:\\Users\\admin\\Katalon Studio\\Proyectos\\Proyecto_uno\\Reports\\20221123_194411\\IntegracionUno\\20221123_194417\\execution0.log"/>
         <property name="attachments" value=""/>
         <property name="hostName" value="admin - 192.168.0.13"/>
         <property name="os" value="Windows 10 64bit"/>
         <property name="katalonVersion" value="8.5.2.208"/>
         <property name="browser" value="Chrome 107.0.0.0"/>
         <property name="hostAddress" value="192.168.0.13"/>
         <property name="sessionId" value="8dd128ba16b21fcb1cb567d551ed9cef"/>
         <property name="seleniumVersion" value="3.141.59"/>
         <property name="proxyInformation" value="ProxyInformation { proxyOption=NO_PROXY, proxyServerType=HTTP, username=, password=********, proxyServerAddress=, proxyServerPort=0, executionList=&quot;&quot;, isApplyToDesiredCapabilities=true }"/>
         <property name="platform" value="Windows 10"/>
      </properties>
      <testcase name="Test Cases/BUCLES/Reto_For" time="32.511" classname="Test Cases/BUCLES/Reto_For" status="PASSED">
         <system-out><![CDATA[2022-11-23 19:48:20 - [TEST_CASE][PASSED] - Test Cases/BUCLES/Reto_For: Test Cases/BUCLES/Reto_For

2022-11-23 19:48:20 - [TEST_STEP][PASSED] - openBrowser(""): Browser is opened with url: ''

2022-11-23 19:48:21 - [MESSAGE][INFO] - Starting 'Chrome' driver

2022-11-23 19:48:21 - [MESSAGE][INFO] - Action delay is set to 0 milliseconds

2022-11-23 19:48:24 - [MESSAGE][PASSED] - Browser is opened with url: ''

2022-11-23 19:48:24 - [TEST_STEP][PASSED] - navigateToUrl("https://demoqa.com/text-box"): Navigate to 'https://demoqa.com/text-box' successfully

2022-11-23 19:48:32 - [MESSAGE][PASSED] - Navigate to 'https://demoqa.com/text-box' successfully

2022-11-23 19:48:32 - [TEST_STEP][PASSED] - maximizeWindow(): Current window maximized

2022-11-23 19:48:32 - [MESSAGE][PASSED] - Current window maximized

2022-11-23 19:48:32 - [TEST_STEP][PASSED] - waitForPageLoad(5): Wait for page load successfully

2022-11-23 19:48:32 - [MESSAGE][PASSED] - Wait for page load successfully

2022-11-23 19:48:32 - [TEST_STEP][PASSED] - for ([x = 1, x <= 4, (x++)]): Browser is scrolled to position x = 0, y = 100

2022-11-23 19:48:32 - [TEST_STEP][PASSED] - z = ["Carlos", "Erika", "Paco", "Rodrigo", "Juan"]: null

2022-11-23 19:48:32 - [TEST_STEP][PASSED] - rn = new java.util.Random(): null

2022-11-23 19:48:33 - [TEST_STEP][PASSED] - tx_nombre = z[rn.nextInt(size)]: null

2022-11-23 19:48:33 - [TEST_STEP][PASSED] - setText(findTestObject("Object Repository/Reto_for/Page_ToolsQA/input_Full Name_userName"), tx_nombre): Text 'Paco' is set on object 'Object Repository/Reto_for/Page_ToolsQA/input_Full Name_userName'

2022-11-23 19:48:35 - [MESSAGE][PASSED] - Text 'Paco' is set on object 'Object Repository/Reto_for/Page_ToolsQA/input_Full Name_userName'

2022-11-23 19:48:35 - [TEST_STEP][PASSED] - setText(findTestObject("Object Repository/Reto_for/Page_ToolsQA/input_Email_userEmail"), tx_nombre + "@gmail.com"): Text 'Paco@gmail.com' is set on object 'Object Repository/Reto_for/Page_ToolsQA/input_Email_userEmail'

2022-11-23 19:48:36 - [MESSAGE][PASSED] - Text 'Paco@gmail.com' is set on object 'Object Repository/Reto_for/Page_ToolsQA/input_Email_userEmail'

2022-11-23 19:48:36 - [TEST_STEP][PASSED] - setText(findTestObject("Object Repository/Reto_for/Page_ToolsQA/textarea_Current Address_currentAddress"), "Dirección#" + x): Text 'Dirección#1' is set on object 'Object Repository/Reto_for/Page_ToolsQA/textarea_Current Address_currentAddress'

2022-11-23 19:48:37 - [MESSAGE][PASSED] - Text 'Dirección#1' is set on object 'Object Repository/Reto_for/Page_ToolsQA/textarea_Current Address_currentAddress'

2022-11-23 19:48:37 - [TEST_STEP][PASSED] - setText(findTestObject("Object Repository/Reto_for/Page_ToolsQA/textarea_Permanent Address_permanentAddress"), "Dirección dos#" + x): Text 'Dirección dos#1' is set on object 'Object Repository/Reto_for/Page_ToolsQA/textarea_Permanent Address_permanentAddress'

2022-11-23 19:48:38 - [MESSAGE][PASSED] - Text 'Dirección dos#1' is set on object 'Object Repository/Reto_for/Page_ToolsQA/textarea_Permanent Address_permanentAddress'

2022-11-23 19:48:38 - [TEST_STEP][PASSED] - scrollToPosition(0, 500): Browser is scrolled to position x = 0, y = 500

2022-11-23 19:48:38 - [MESSAGE][PASSED] - Browser is scrolled to position x = 0, y = 500

2022-11-23 19:48:38 - [TEST_STEP][PASSED] - click(findTestObject("Object Repository/Reto_for/Page_ToolsQA/button_Submit")): Object: 'Object Repository/Reto_for/Page_ToolsQA/button_Submit' is clicked on

2022-11-23 19:48:39 - [MESSAGE][PASSED] - Object: 'Object Repository/Reto_for/Page_ToolsQA/button_Submit' is clicked on

2022-11-23 19:48:39 - [TEST_STEP][PASSED] - scrollToPosition(0, 100): Browser is scrolled to position x = 0, y = 100

2022-11-23 19:48:39 - [MESSAGE][PASSED] - Browser is scrolled to position x = 0, y = 100

2022-11-23 19:48:39 - [TEST_STEP][PASSED] - z = ["Carlos", "Erika", "Paco", "Rodrigo", "Juan"]: null

2022-11-23 19:48:39 - [TEST_STEP][PASSED] - rn = new java.util.Random(): null

2022-11-23 19:48:39 - [TEST_STEP][PASSED] - tx_nombre = z[rn.nextInt(size)]: null

2022-11-23 19:48:39 - [TEST_STEP][PASSED] - setText(findTestObject("Object Repository/Reto_for/Page_ToolsQA/input_Full Name_userName"), tx_nombre): Text 'Paco' is set on object 'Object Repository/Reto_for/Page_ToolsQA/input_Full Name_userName'

2022-11-23 19:48:40 - [MESSAGE][PASSED] - Text 'Paco' is set on object 'Object Repository/Reto_for/Page_ToolsQA/input_Full Name_userName'

2022-11-23 19:48:40 - [TEST_STEP][PASSED] - setText(findTestObject("Object Repository/Reto_for/Page_ToolsQA/input_Email_userEmail"), tx_nombre + "@gmail.com"): Text 'Paco@gmail.com' is set on object 'Object Repository/Reto_for/Page_ToolsQA/input_Email_userEmail'

2022-11-23 19:48:40 - [MESSAGE][PASSED] - Text 'Paco@gmail.com' is set on object 'Object Repository/Reto_for/Page_ToolsQA/input_Email_userEmail'

2022-11-23 19:48:40 - [TEST_STEP][PASSED] - setText(findTestObject("Object Repository/Reto_for/Page_ToolsQA/textarea_Current Address_currentAddress"), "Dirección#" + x): Text 'Dirección#2' is set on object 'Object Repository/Reto_for/Page_ToolsQA/textarea_Current Address_currentAddress'

2022-11-23 19:48:41 - [MESSAGE][PASSED] - Text 'Dirección#2' is set on object 'Object Repository/Reto_for/Page_ToolsQA/textarea_Current Address_currentAddress'

2022-11-23 19:48:41 - [TEST_STEP][PASSED] - setText(findTestObject("Object Repository/Reto_for/Page_ToolsQA/textarea_Permanent Address_permanentAddress"), "Dirección dos#" + x): Text 'Dirección dos#2' is set on object 'Object Repository/Reto_for/Page_ToolsQA/textarea_Permanent Address_permanentAddress'

2022-11-23 19:48:42 - [MESSAGE][PASSED] - Text 'Dirección dos#2' is set on object 'Object Repository/Reto_for/Page_ToolsQA/textarea_Permanent Address_permanentAddress'

2022-11-23 19:48:42 - [TEST_STEP][PASSED] - scrollToPosition(0, 500): Browser is scrolled to position x = 0, y = 500

2022-11-23 19:48:42 - [MESSAGE][PASSED] - Browser is scrolled to position x = 0, y = 500

2022-11-23 19:48:42 - [TEST_STEP][PASSED] - click(findTestObject("Object Repository/Reto_for/Page_ToolsQA/button_Submit")): Object: 'Object Repository/Reto_for/Page_ToolsQA/button_Submit' is clicked on

2022-11-23 19:48:43 - [MESSAGE][PASSED] - Object: 'Object Repository/Reto_for/Page_ToolsQA/button_Submit' is clicked on

2022-11-23 19:48:43 - [TEST_STEP][PASSED] - scrollToPosition(0, 100): Browser is scrolled to position x = 0, y = 100

2022-11-23 19:48:43 - [MESSAGE][PASSED] - Browser is scrolled to position x = 0, y = 100

2022-11-23 19:48:43 - [TEST_STEP][PASSED] - z = ["Carlos", "Erika", "Paco", "Rodrigo", "Juan"]: null

2022-11-23 19:48:43 - [TEST_STEP][PASSED] - rn = new java.util.Random(): null

2022-11-23 19:48:43 - [TEST_STEP][PASSED] - tx_nombre = z[rn.nextInt(size)]: null

2022-11-23 19:48:43 - [TEST_STEP][PASSED] - setText(findTestObject("Object Repository/Reto_for/Page_ToolsQA/input_Full Name_userName"), tx_nombre): Text 'Carlos' is set on object 'Object Repository/Reto_for/Page_ToolsQA/input_Full Name_userName'

2022-11-23 19:48:44 - [MESSAGE][PASSED] - Text 'Carlos' is set on object 'Object Repository/Reto_for/Page_ToolsQA/input_Full Name_userName'

2022-11-23 19:48:44 - [TEST_STEP][PASSED] - setText(findTestObject("Object Repository/Reto_for/Page_ToolsQA/input_Email_userEmail"), tx_nombre + "@gmail.com"): Text 'Carlos@gmail.com' is set on object 'Object Repository/Reto_for/Page_ToolsQA/input_Email_userEmail'

2022-11-23 19:48:45 - [MESSAGE][PASSED] - Text 'Carlos@gmail.com' is set on object 'Object Repository/Reto_for/Page_ToolsQA/input_Email_userEmail'

2022-11-23 19:48:45 - [TEST_STEP][PASSED] - setText(findTestObject("Object Repository/Reto_for/Page_ToolsQA/textarea_Current Address_currentAddress"), "Dirección#" + x): Text 'Dirección#3' is set on object 'Object Repository/Reto_for/Page_ToolsQA/textarea_Current Address_currentAddress'

2022-11-23 19:48:45 - [MESSAGE][PASSED] - Text 'Dirección#3' is set on object 'Object Repository/Reto_for/Page_ToolsQA/textarea_Current Address_currentAddress'

2022-11-23 19:48:45 - [TEST_STEP][PASSED] - setText(findTestObject("Object Repository/Reto_for/Page_ToolsQA/textarea_Permanent Address_permanentAddress"), "Dirección dos#" + x): Text 'Dirección dos#3' is set on object 'Object Repository/Reto_for/Page_ToolsQA/textarea_Permanent Address_permanentAddress'

2022-11-23 19:48:46 - [MESSAGE][PASSED] - Text 'Dirección dos#3' is set on object 'Object Repository/Reto_for/Page_ToolsQA/textarea_Permanent Address_permanentAddress'

2022-11-23 19:48:46 - [TEST_STEP][PASSED] - scrollToPosition(0, 500): Browser is scrolled to position x = 0, y = 500

2022-11-23 19:48:46 - [MESSAGE][PASSED] - Browser is scrolled to position x = 0, y = 500

2022-11-23 19:48:46 - [TEST_STEP][PASSED] - click(findTestObject("Object Repository/Reto_for/Page_ToolsQA/button_Submit")): Object: 'Object Repository/Reto_for/Page_ToolsQA/button_Submit' is clicked on

2022-11-23 19:48:47 - [MESSAGE][PASSED] - Object: 'Object Repository/Reto_for/Page_ToolsQA/button_Submit' is clicked on

2022-11-23 19:48:47 - [TEST_STEP][PASSED] - scrollToPosition(0, 100): Browser is scrolled to position x = 0, y = 100

2022-11-23 19:48:47 - [MESSAGE][PASSED] - Browser is scrolled to position x = 0, y = 100

2022-11-23 19:48:47 - [TEST_STEP][PASSED] - z = ["Carlos", "Erika", "Paco", "Rodrigo", "Juan"]: null

2022-11-23 19:48:47 - [TEST_STEP][PASSED] - rn = new java.util.Random(): null

2022-11-23 19:48:47 - [TEST_STEP][PASSED] - tx_nombre = z[rn.nextInt(size)]: null

2022-11-23 19:48:47 - [TEST_STEP][PASSED] - setText(findTestObject("Object Repository/Reto_for/Page_ToolsQA/input_Full Name_userName"), tx_nombre): Text 'Carlos' is set on object 'Object Repository/Reto_for/Page_ToolsQA/input_Full Name_userName'

2022-11-23 19:48:48 - [MESSAGE][PASSED] - Text 'Carlos' is set on object 'Object Repository/Reto_for/Page_ToolsQA/input_Full Name_userName'

2022-11-23 19:48:48 - [TEST_STEP][PASSED] - setText(findTestObject("Object Repository/Reto_for/Page_ToolsQA/input_Email_userEmail"), tx_nombre + "@gmail.com"): Text 'Carlos@gmail.com' is set on object 'Object Repository/Reto_for/Page_ToolsQA/input_Email_userEmail'

2022-11-23 19:48:49 - [MESSAGE][PASSED] - Text 'Carlos@gmail.com' is set on object 'Object Repository/Reto_for/Page_ToolsQA/input_Email_userEmail'

2022-11-23 19:48:49 - [TEST_STEP][PASSED] - setText(findTestObject("Object Repository/Reto_for/Page_ToolsQA/textarea_Current Address_currentAddress"), "Dirección#" + x): Text 'Dirección#4' is set on object 'Object Repository/Reto_for/Page_ToolsQA/textarea_Current Address_currentAddress'

2022-11-23 19:48:50 - [MESSAGE][PASSED] - Text 'Dirección#4' is set on object 'Object Repository/Reto_for/Page_ToolsQA/textarea_Current Address_currentAddress'

2022-11-23 19:48:50 - [TEST_STEP][PASSED] - setText(findTestObject("Object Repository/Reto_for/Page_ToolsQA/textarea_Permanent Address_permanentAddress"), "Dirección dos#" + x): Text 'Dirección dos#4' is set on object 'Object Repository/Reto_for/Page_ToolsQA/textarea_Permanent Address_permanentAddress'

2022-11-23 19:48:51 - [MESSAGE][PASSED] - Text 'Dirección dos#4' is set on object 'Object Repository/Reto_for/Page_ToolsQA/textarea_Permanent Address_permanentAddress'

2022-11-23 19:48:51 - [TEST_STEP][PASSED] - scrollToPosition(0, 500): Browser is scrolled to position x = 0, y = 500

2022-11-23 19:48:51 - [MESSAGE][PASSED] - Browser is scrolled to position x = 0, y = 500

2022-11-23 19:48:51 - [TEST_STEP][PASSED] - click(findTestObject("Object Repository/Reto_for/Page_ToolsQA/button_Submit")): Object: 'Object Repository/Reto_for/Page_ToolsQA/button_Submit' is clicked on

2022-11-23 19:48:51 - [MESSAGE][PASSED] - Object: 'Object Repository/Reto_for/Page_ToolsQA/button_Submit' is clicked on

2022-11-23 19:48:51 - [TEST_STEP][PASSED] - scrollToPosition(0, 100): Browser is scrolled to position x = 0, y = 100

2022-11-23 19:48:51 - [MESSAGE][PASSED] - Browser is scrolled to position x = 0, y = 100

2022-11-23 19:48:51 - [TEST_STEP][PASSED] - closeBrowser(): Browser is closed

2022-11-23 19:48:52 - [MESSAGE][PASSED] - Browser is closed]]></system-out>
         <system-err><![CDATA[]]></system-err>
      </testcase>
      <testcase name="Test Cases/BUCLES/Reto_while" time="50.683" classname="Test Cases/BUCLES/Reto_while" status="PASSED">
         <system-out><![CDATA[2022-11-23 19:48:52 - [TEST_CASE][PASSED] - Test Cases/BUCLES/Reto_while: Test Cases/BUCLES/Reto_while

2022-11-23 19:48:53 - [TEST_STEP][PASSED] - openBrowser(""): Browser is opened with url: ''

2022-11-23 19:48:53 - [MESSAGE][INFO] - Starting 'Chrome' driver

2022-11-23 19:48:53 - [MESSAGE][INFO] - Action delay is set to 0 milliseconds

2022-11-23 19:48:54 - [MESSAGE][PASSED] - Browser is opened with url: ''

2022-11-23 19:48:54 - [TEST_STEP][PASSED] - navigateToUrl("https://www.google.com/"): Navigate to 'https://www.google.com/' successfully

2022-11-23 19:48:55 - [MESSAGE][PASSED] - Navigate to 'https://www.google.com/' successfully

2022-11-23 19:48:55 - [TEST_STEP][PASSED] - Bandera = 0: null

2022-11-23 19:48:55 - [TEST_STEP][PASSED] - while (Bandera != 1): null

2022-11-23 19:48:55 - [TEST_STEP][PASSED] - num = Math.random() * 5 - 1 + 1: null

2022-11-23 19:48:55 - [TEST_STEP][PASSED] - setText(findTestObject("Object Repository/While_google/Page_Google/input__q"), "5+" + num): Text '5+4' is set on object 'Object Repository/While_google/Page_Google/input__q'

2022-11-23 19:48:56 - [MESSAGE][PASSED] - Text '5+4' is set on object 'Object Repository/While_google/Page_Google/input__q'

2022-11-23 19:48:56 - [TEST_STEP][PASSED] - sendKeys(findTestObject("Object Repository/While_google/Page_Google/input__q"), Keys.chord(ENTER)): Keys 'ENTER + ' sent to object: 'Object Repository/While_google/Page_Google/input__q'

2022-11-23 19:49:04 - [MESSAGE][PASSED] - Keys 'ENTER + ' sent to object: 'Object Repository/While_google/Page_Google/input__q'

2022-11-23 19:49:04 - [TEST_STEP][PASSED] - Resultado = getText(findTestObject("While_google/Extras/Resultado_10")): Text of object 'Object Repository/While_google/Extras/Resultado_10' is: '9'

2022-11-23 19:49:04 - [MESSAGE][PASSED] - Text of object 'Object Repository/While_google/Extras/Resultado_10' is: '9'

2022-11-23 19:49:04 - [TEST_STEP][PASSED] - if (Resultado == "8"): null

2022-11-23 19:49:04 - [TEST_STEP][PASSED] - else: null

2022-11-23 19:49:04 - [TEST_STEP][PASSED] - Bandera = 0: null

2022-11-23 19:49:04 - [TEST_STEP][PASSED] - print(Bandera + "------"): null

2022-11-23 19:49:04 - [TEST_STEP][PASSED] - num = Math.random() * 5 - 1 + 1: null

2022-11-23 19:49:04 - [TEST_STEP][PASSED] - setText(findTestObject("Object Repository/While_google/Page_Google/input__q"), "5+" + num): Text '5+2' is set on object 'Object Repository/While_google/Page_Google/input__q'

2022-11-23 19:49:05 - [MESSAGE][PASSED] - Text '5+2' is set on object 'Object Repository/While_google/Page_Google/input__q'

2022-11-23 19:49:05 - [TEST_STEP][PASSED] - sendKeys(findTestObject("Object Repository/While_google/Page_Google/input__q"), Keys.chord(ENTER)): Keys 'ENTER + ' sent to object: 'Object Repository/While_google/Page_Google/input__q'

2022-11-23 19:49:11 - [MESSAGE][PASSED] - Keys 'ENTER + ' sent to object: 'Object Repository/While_google/Page_Google/input__q'

2022-11-23 19:49:11 - [TEST_STEP][PASSED] - Resultado = getText(findTestObject("While_google/Extras/Resultado_10")): Text of object 'Object Repository/While_google/Extras/Resultado_10' is: '7'

2022-11-23 19:49:11 - [MESSAGE][PASSED] - Text of object 'Object Repository/While_google/Extras/Resultado_10' is: '7'

2022-11-23 19:49:11 - [TEST_STEP][PASSED] - if (Resultado == "8"): null

2022-11-23 19:49:11 - [TEST_STEP][PASSED] - else: null

2022-11-23 19:49:11 - [TEST_STEP][PASSED] - Bandera = 0: null

2022-11-23 19:49:11 - [TEST_STEP][PASSED] - print(Bandera + "------"): null

2022-11-23 19:49:11 - [TEST_STEP][PASSED] - num = Math.random() * 5 - 1 + 1: null

2022-11-23 19:49:11 - [TEST_STEP][PASSED] - setText(findTestObject("Object Repository/While_google/Page_Google/input__q"), "5+" + num): Text '5+4' is set on object 'Object Repository/While_google/Page_Google/input__q'

2022-11-23 19:49:12 - [MESSAGE][PASSED] - Text '5+4' is set on object 'Object Repository/While_google/Page_Google/input__q'

2022-11-23 19:49:12 - [TEST_STEP][PASSED] - sendKeys(findTestObject("Object Repository/While_google/Page_Google/input__q"), Keys.chord(ENTER)): Keys 'ENTER + ' sent to object: 'Object Repository/While_google/Page_Google/input__q'

2022-11-23 19:49:13 - [MESSAGE][PASSED] - Keys 'ENTER + ' sent to object: 'Object Repository/While_google/Page_Google/input__q'

2022-11-23 19:49:13 - [TEST_STEP][PASSED] - Resultado = getText(findTestObject("While_google/Extras/Resultado_10")): Text of object 'Object Repository/While_google/Extras/Resultado_10' is: '9'

2022-11-23 19:49:15 - [MESSAGE][PASSED] - Text of object 'Object Repository/While_google/Extras/Resultado_10' is: '9'

2022-11-23 19:49:15 - [TEST_STEP][PASSED] - if (Resultado == "8"): null

2022-11-23 19:49:15 - [TEST_STEP][PASSED] - else: null

2022-11-23 19:49:15 - [TEST_STEP][PASSED] - Bandera = 0: null

2022-11-23 19:49:15 - [TEST_STEP][PASSED] - print(Bandera + "------"): null

2022-11-23 19:49:15 - [TEST_STEP][PASSED] - num = Math.random() * 5 - 1 + 1: null

2022-11-23 19:49:15 - [TEST_STEP][PASSED] - setText(findTestObject("Object Repository/While_google/Page_Google/input__q"), "5+" + num): Text '5+2' is set on object 'Object Repository/While_google/Page_Google/input__q'

2022-11-23 19:49:16 - [MESSAGE][PASSED] - Text '5+2' is set on object 'Object Repository/While_google/Page_Google/input__q'

2022-11-23 19:49:16 - [TEST_STEP][PASSED] - sendKeys(findTestObject("Object Repository/While_google/Page_Google/input__q"), Keys.chord(ENTER)): Keys 'ENTER + ' sent to object: 'Object Repository/While_google/Page_Google/input__q'

2022-11-23 19:49:19 - [MESSAGE][PASSED] - Keys 'ENTER + ' sent to object: 'Object Repository/While_google/Page_Google/input__q'

2022-11-23 19:49:19 - [TEST_STEP][PASSED] - Resultado = getText(findTestObject("While_google/Extras/Resultado_10")): Text of object 'Object Repository/While_google/Extras/Resultado_10' is: '7'

2022-11-23 19:49:19 - [MESSAGE][PASSED] - Text of object 'Object Repository/While_google/Extras/Resultado_10' is: '7'

2022-11-23 19:49:19 - [TEST_STEP][PASSED] - if (Resultado == "8"): null

2022-11-23 19:49:19 - [TEST_STEP][PASSED] - else: null

2022-11-23 19:49:19 - [TEST_STEP][PASSED] - Bandera = 0: null

2022-11-23 19:49:19 - [TEST_STEP][PASSED] - print(Bandera + "------"): null

2022-11-23 19:49:19 - [TEST_STEP][PASSED] - num = Math.random() * 5 - 1 + 1: null

2022-11-23 19:49:19 - [TEST_STEP][PASSED] - setText(findTestObject("Object Repository/While_google/Page_Google/input__q"), "5+" + num): Text '5+2' is set on object 'Object Repository/While_google/Page_Google/input__q'

2022-11-23 19:49:20 - [MESSAGE][PASSED] - Text '5+2' is set on object 'Object Repository/While_google/Page_Google/input__q'

2022-11-23 19:49:20 - [TEST_STEP][PASSED] - sendKeys(findTestObject("Object Repository/While_google/Page_Google/input__q"), Keys.chord(ENTER)): Keys 'ENTER + ' sent to object: 'Object Repository/While_google/Page_Google/input__q'

2022-11-23 19:49:24 - [MESSAGE][PASSED] - Keys 'ENTER + ' sent to object: 'Object Repository/While_google/Page_Google/input__q'

2022-11-23 19:49:24 - [TEST_STEP][PASSED] - Resultado = getText(findTestObject("While_google/Extras/Resultado_10")): Text of object 'Object Repository/While_google/Extras/Resultado_10' is: '7'

2022-11-23 19:49:25 - [MESSAGE][PASSED] - Text of object 'Object Repository/While_google/Extras/Resultado_10' is: '7'

2022-11-23 19:49:25 - [TEST_STEP][PASSED] - if (Resultado == "8"): null

2022-11-23 19:49:25 - [TEST_STEP][PASSED] - else: null

2022-11-23 19:49:25 - [TEST_STEP][PASSED] - Bandera = 0: null

2022-11-23 19:49:25 - [TEST_STEP][PASSED] - print(Bandera + "------"): null

2022-11-23 19:49:25 - [TEST_STEP][PASSED] - num = Math.random() * 5 - 1 + 1: null

2022-11-23 19:49:25 - [TEST_STEP][PASSED] - setText(findTestObject("Object Repository/While_google/Page_Google/input__q"), "5+" + num): Text '5+2' is set on object 'Object Repository/While_google/Page_Google/input__q'

2022-11-23 19:49:26 - [MESSAGE][PASSED] - Text '5+2' is set on object 'Object Repository/While_google/Page_Google/input__q'

2022-11-23 19:49:26 - [TEST_STEP][PASSED] - sendKeys(findTestObject("Object Repository/While_google/Page_Google/input__q"), Keys.chord(ENTER)): Keys 'ENTER + ' sent to object: 'Object Repository/While_google/Page_Google/input__q'

2022-11-23 19:49:29 - [MESSAGE][PASSED] - Keys 'ENTER + ' sent to object: 'Object Repository/While_google/Page_Google/input__q'

2022-11-23 19:49:29 - [TEST_STEP][PASSED] - Resultado = getText(findTestObject("While_google/Extras/Resultado_10")): Text of object 'Object Repository/While_google/Extras/Resultado_10' is: '7'

2022-11-23 19:49:30 - [MESSAGE][PASSED] - Text of object 'Object Repository/While_google/Extras/Resultado_10' is: '7'

2022-11-23 19:49:30 - [TEST_STEP][PASSED] - if (Resultado == "8"): null

2022-11-23 19:49:30 - [TEST_STEP][PASSED] - else: null

2022-11-23 19:49:30 - [TEST_STEP][PASSED] - Bandera = 0: null

2022-11-23 19:49:30 - [TEST_STEP][PASSED] - print(Bandera + "------"): null

2022-11-23 19:49:30 - [TEST_STEP][PASSED] - num = Math.random() * 5 - 1 + 1: null

2022-11-23 19:49:30 - [TEST_STEP][PASSED] - setText(findTestObject("Object Repository/While_google/Page_Google/input__q"), "5+" + num): Text '5+2' is set on object 'Object Repository/While_google/Page_Google/input__q'

2022-11-23 19:49:31 - [MESSAGE][PASSED] - Text '5+2' is set on object 'Object Repository/While_google/Page_Google/input__q'

2022-11-23 19:49:31 - [TEST_STEP][PASSED] - sendKeys(findTestObject("Object Repository/While_google/Page_Google/input__q"), Keys.chord(ENTER)): Keys 'ENTER + ' sent to object: 'Object Repository/While_google/Page_Google/input__q'

2022-11-23 19:49:33 - [MESSAGE][PASSED] - Keys 'ENTER + ' sent to object: 'Object Repository/While_google/Page_Google/input__q'

2022-11-23 19:49:33 - [TEST_STEP][PASSED] - Resultado = getText(findTestObject("While_google/Extras/Resultado_10")): Text of object 'Object Repository/While_google/Extras/Resultado_10' is: '7'

2022-11-23 19:49:34 - [MESSAGE][PASSED] - Text of object 'Object Repository/While_google/Extras/Resultado_10' is: '7'

2022-11-23 19:49:34 - [TEST_STEP][PASSED] - if (Resultado == "8"): null

2022-11-23 19:49:34 - [TEST_STEP][PASSED] - else: null

2022-11-23 19:49:34 - [TEST_STEP][PASSED] - Bandera = 0: null

2022-11-23 19:49:34 - [TEST_STEP][PASSED] - print(Bandera + "------"): null

2022-11-23 19:49:34 - [TEST_STEP][PASSED] - num = Math.random() * 5 - 1 + 1: null

2022-11-23 19:49:34 - [TEST_STEP][PASSED] - setText(findTestObject("Object Repository/While_google/Page_Google/input__q"), "5+" + num): Text '5+4' is set on object 'Object Repository/While_google/Page_Google/input__q'

2022-11-23 19:49:34 - [MESSAGE][PASSED] - Text '5+4' is set on object 'Object Repository/While_google/Page_Google/input__q'

2022-11-23 19:49:34 - [TEST_STEP][PASSED] - sendKeys(findTestObject("Object Repository/While_google/Page_Google/input__q"), Keys.chord(ENTER)): Keys 'ENTER + ' sent to object: 'Object Repository/While_google/Page_Google/input__q'

2022-11-23 19:49:37 - [MESSAGE][PASSED] - Keys 'ENTER + ' sent to object: 'Object Repository/While_google/Page_Google/input__q'

2022-11-23 19:49:37 - [TEST_STEP][PASSED] - Resultado = getText(findTestObject("While_google/Extras/Resultado_10")): Text of object 'Object Repository/While_google/Extras/Resultado_10' is: '9'

2022-11-23 19:49:37 - [MESSAGE][PASSED] - Text of object 'Object Repository/While_google/Extras/Resultado_10' is: '9'

2022-11-23 19:49:37 - [TEST_STEP][PASSED] - if (Resultado == "8"): null

2022-11-23 19:49:37 - [TEST_STEP][PASSED] - else: null

2022-11-23 19:49:37 - [TEST_STEP][PASSED] - Bandera = 0: null

2022-11-23 19:49:37 - [TEST_STEP][PASSED] - print(Bandera + "------"): null

2022-11-23 19:49:37 - [TEST_STEP][PASSED] - num = Math.random() * 5 - 1 + 1: null

2022-11-23 19:49:37 - [TEST_STEP][PASSED] - setText(findTestObject("Object Repository/While_google/Page_Google/input__q"), "5+" + num): Text '5+3' is set on object 'Object Repository/While_google/Page_Google/input__q'

2022-11-23 19:49:38 - [MESSAGE][PASSED] - Text '5+3' is set on object 'Object Repository/While_google/Page_Google/input__q'

2022-11-23 19:49:38 - [TEST_STEP][PASSED] - sendKeys(findTestObject("Object Repository/While_google/Page_Google/input__q"), Keys.chord(ENTER)): Keys 'ENTER + ' sent to object: 'Object Repository/While_google/Page_Google/input__q'

2022-11-23 19:49:40 - [MESSAGE][PASSED] - Keys 'ENTER + ' sent to object: 'Object Repository/While_google/Page_Google/input__q'

2022-11-23 19:49:40 - [TEST_STEP][PASSED] - Resultado = getText(findTestObject("While_google/Extras/Resultado_10")): Text of object 'Object Repository/While_google/Extras/Resultado_10' is: '8'

2022-11-23 19:49:42 - [MESSAGE][PASSED] - Text of object 'Object Repository/While_google/Extras/Resultado_10' is: '8'

2022-11-23 19:49:42 - [TEST_STEP][PASSED] - if (Resultado == "8"): Browser is closed

2022-11-23 19:49:42 - [TEST_STEP][PASSED] - Bandera = 1: null

2022-11-23 19:49:42 - [TEST_STEP][PASSED] - print("Listo termina"): null

2022-11-23 19:49:42 - [TEST_STEP][PASSED] - closeBrowser(): Browser is closed

2022-11-23 19:49:43 - [MESSAGE][PASSED] - Browser is closed

2022-11-23 19:49:43 - [TEST_STEP][PASSED] - print(Bandera + "------"): null]]></system-out>
         <system-err><![CDATA[]]></system-err>
      </testcase>
      <system-out><![CDATA[2022-11-23 19:48:19 - [TEST_SUITE][PASSED] - IntegracionUno: Test Cases/BUCLES/Reto_while]]></system-out>
      <system-err><![CDATA[]]></system-err>
   </testsuite>
</testsuites>
