<?xml version="1.0" encoding="UTF-8"?>
<testsuites name="testCLoud" time="482.486" tests="34" failures="0" errors="0">
   <testsuite name="testCLoud" tests="34" failures="0" errors="0" time="482.486" skipped="0" timestamp="2022-11-30 22:16:16" hostname="NTK2299$ - 192.168.0.13" id="Test Suites/testCLoud">
      <properties>
         <property name="deviceName" value=""/>
         <property name="devicePlatform" value=""/>
         <property name="logFolder" value="C:\\Users\\admin\\git\\KatalonCertificacion\\Reports\\20221130_221555\\testCLoud\\20221130_221604"/>
         <property name="logFiles" value="C:\\Users\\admin\\git\\KatalonCertificacion\\Reports\\20221130_221555\\testCLoud\\20221130_221604\\execution0.log"/>
         <property name="attachments" value=""/>
         <property name="hostName" value="NTK2299$ - 192.168.0.13"/>
         <property name="os" value="Windows 10 64bit"/>
         <property name="katalonVersion" value="8.5.2.208"/>
         <property name="browser" value="Chrome 107.0.0.0"/>
         <property name="hostAddress" value="192.168.0.13"/>
         <property name="sessionId" value="4d2de3d0ce5c92f62647493a379dd166"/>
         <property name="seleniumVersion" value="3.141.59"/>
         <property name="proxyInformation" value="ProxyInformation { proxyOption=NO_PROXY, proxyServerType=HTTP, username=, password=********, proxyServerAddress=, proxyServerPort=0, executionList=&quot;&quot;, isApplyToDesiredCapabilities=true }"/>
         <property name="platform" value="Windows 10"/>
      </properties>
      <testcase name="Test Cases/Navegador/Navegador" time="17.126" classname="Test Cases/Navegador/Navegador" status="PASSED">
         <system-out><![CDATA[2022-11-30 22:16:17 - [TEST_CASE][PASSED] - Test Cases/Navegador/Navegador: Test Cases/Navegador/Navegador

2022-11-30 22:16:17 - [TEST_STEP][PASSED] - openBrowser("https://demoqa.com/text-box"): Browser is opened with url: 'https://demoqa.com/text-box'

2022-11-30 22:16:18 - [MESSAGE][INFO] - Starting 'Chrome' driver

2022-11-30 22:16:18 - [MESSAGE][INFO] - Action delay is set to 0 milliseconds

2022-11-30 22:16:33 - [MESSAGE][PASSED] - Browser is opened with url: 'https://demoqa.com/text-box'

2022-11-30 22:16:33 - [TEST_STEP][PASSED] - maximizeWindow(): Current window maximized

2022-11-30 22:16:33 - [MESSAGE][PASSED] - Current window maximized

2022-11-30 22:16:33 - [TEST_STEP][PASSED] - page_url = getUrl(): Current window's url is: 'https://demoqa.com/text-box'

2022-11-30 22:16:33 - [MESSAGE][PASSED] - Current window's url is: 'https://demoqa.com/text-box'

2022-11-30 22:16:33 - [TEST_STEP][PASSED] - print(page_url): null

2022-11-30 22:16:33 - [TEST_STEP][PASSED] - Titulo = getWindowTitle(): Current window's title is: 'ToolsQA'

2022-11-30 22:16:33 - [MESSAGE][PASSED] - Current window's title is: 'ToolsQA'

2022-11-30 22:16:33 - [TEST_STEP][PASSED] - print("titiulo de la pagina" + Titulo): null

2022-11-30 22:16:33 - [TEST_STEP][PASSED] - closeBrowser(): Browser is closed

2022-11-30 22:16:34 - [MESSAGE][PASSED] - Browser is closed]]></system-out>
         <system-err><![CDATA[]]></system-err>
      </testcase>
      <testcase name="Test Cases/Objecto_xpath/Caso_xpath" time="17.045" classname="Test Cases/Objecto_xpath/Caso_xpath" status="PASSED">
         <system-out><![CDATA[2022-11-30 22:16:34 - [TEST_CASE][PASSED] - Test Cases/Objecto_xpath/Caso_xpath: Test Cases/Objecto_xpath/Caso_xpath

2022-11-30 22:16:34 - [TEST_STEP][PASSED] - openBrowser(""): Browser is opened with url: ''

2022-11-30 22:16:34 - [MESSAGE][INFO] - Starting 'Chrome' driver

2022-11-30 22:16:34 - [MESSAGE][INFO] - Action delay is set to 0 milliseconds

2022-11-30 22:16:36 - [MESSAGE][PASSED] - Browser is opened with url: ''

2022-11-30 22:16:36 - [TEST_STEP][PASSED] - navigateToUrl("https://demoqa.com/text-box"): Navigate to 'https://demoqa.com/text-box' successfully

2022-11-30 22:16:45 - [MESSAGE][PASSED] - Navigate to 'https://demoqa.com/text-box' successfully

2022-11-30 22:16:45 - [TEST_STEP][PASSED] - maximizeWindow(): Current window maximized

2022-11-30 22:16:45 - [MESSAGE][PASSED] - Current window maximized

2022-11-30 22:16:45 - [TEST_STEP][PASSED] - setText(findTestObject("Objeto_xpath/Campo_nombre"), "Ljubo"): Text 'Ljubo' is set on object 'Object Repository/Objeto_xpath/Campo_nombre'

2022-11-30 22:16:47 - [MESSAGE][PASSED] - Text 'Ljubo' is set on object 'Object Repository/Objeto_xpath/Campo_nombre'

2022-11-30 22:16:47 - [TEST_STEP][PASSED] - delay(3): Delayed 3 second(s)

2022-11-30 22:16:50 - [MESSAGE][PASSED] - Delayed 3 second(s)

2022-11-30 22:16:50 - [TEST_STEP][PASSED] - closeBrowser(): Browser is closed

2022-11-30 22:16:51 - [MESSAGE][PASSED] - Browser is closed]]></system-out>
         <system-err><![CDATA[]]></system-err>
      </testcase>
      <testcase name="Test Cases/Condicionales_If/Condicionar_titulo" time="23.877" classname="Test Cases/Condicionales_If/Condicionar_titulo" status="PASSED">
         <system-out><![CDATA[2022-11-30 22:16:51 - [TEST_CASE][PASSED] - Test Cases/Condicionales_If/Condicionar_titulo: Test Cases/Condicionales_If/Condicionar_titulo

2022-11-30 22:16:51 - [TEST_STEP][PASSED] - openBrowser(""): Browser is opened with url: ''

2022-11-30 22:16:51 - [MESSAGE][INFO] - Starting 'Chrome' driver

2022-11-30 22:16:51 - [MESSAGE][INFO] - Action delay is set to 0 milliseconds

2022-11-30 22:16:53 - [MESSAGE][PASSED] - Browser is opened with url: ''

2022-11-30 22:16:53 - [TEST_STEP][PASSED] - navigateToUrl("https://demoqa.com/"): Navigate to 'https://demoqa.com/' successfully

2022-11-30 22:17:00 - [MESSAGE][PASSED] - Navigate to 'https://demoqa.com/' successfully

2022-11-30 22:17:00 - [TEST_STEP][PASSED] - maximizeWindow(): Current window maximized

2022-11-30 22:17:01 - [MESSAGE][PASSED] - Current window maximized

2022-11-30 22:17:01 - [TEST_STEP][PASSED] - waitForPageLoad(5): Wait for page load successfully

2022-11-30 22:17:01 - [MESSAGE][PASSED] - Wait for page load successfully

2022-11-30 22:17:01 - [TEST_STEP][PASSED] - Existe = waitForElementVisible(findTestObject("Condicionales/Texto_radio"), 3): Web element with id: 'Object Repository/Condicionales/Texto_radio' located by '//div[@class='main-header'][contains(.,'Radio Button')]' not found

2022-11-30 22:17:05 - [MESSAGE][INFO] - Unable to find the element located by 'By.xpath: //div[@class='main-header'][contains(.,'Radio Button')]'. Please recheck the objects properties to make sure the desired element is located. 

2022-11-30 22:17:05 - [MESSAGE][WARNING] - [SELF-HEALING] Failed to find element with id 'Object Repository/Condicionales/Texto_radio'. Try using Self-healing.

2022-11-30 22:17:06 - [MESSAGE][INFO] - [SELF-HEALING] No working XPath is found.

2022-11-30 22:17:07 - [MESSAGE][INFO] - Unable to find the element located by 'By.xpath: '. Please recheck the objects properties to make sure the desired element is located. 

2022-11-30 22:17:08 - [MESSAGE][WARNING] - [SELF-HEALING] Cannot find elements when the selector is null

2022-11-30 22:17:08 - [MESSAGE][WARNING] - Web element with id: 'Object Repository/Condicionales/Texto_radio' located by '//div[@class='main-header'][contains(.,'Radio Button')]' not found

2022-11-30 22:17:08 - [TEST_STEP][PASSED] - print(Existe): null

2022-11-30 22:17:08 - [TEST_STEP][PASSED] - if (Existe == true): null

2022-11-30 22:17:08 - [TEST_STEP][PASSED] - else: Browser is closed

2022-11-30 22:17:08 - [TEST_STEP][PASSED] - print("-----  Error no esta el elemento de texto radio ------"): null

2022-11-30 22:17:08 - [TEST_STEP][PASSED] - navigateToUrl("https://demoqa.com/radio-button"): Navigate to 'https://demoqa.com/radio-button' successfully

2022-11-30 22:17:10 - [MESSAGE][PASSED] - Navigate to 'https://demoqa.com/radio-button' successfully

2022-11-30 22:17:10 - [TEST_STEP][PASSED] - click(findTestObject("Condicionales/Objeto_yes")): Object: 'Object Repository/Condicionales/Objeto_yes' is clicked on

2022-11-30 22:17:12 - [MESSAGE][PASSED] - Object: 'Object Repository/Condicionales/Objeto_yes' is clicked on

2022-11-30 22:17:12 - [TEST_STEP][PASSED] - delay(2): Delayed 2 second(s)

2022-11-30 22:17:14 - [MESSAGE][PASSED] - Delayed 2 second(s)

2022-11-30 22:17:14 - [TEST_STEP][PASSED] - closeBrowser(): Browser is closed

2022-11-30 22:17:15 - [MESSAGE][PASSED] - Browser is closed]]></system-out>
         <system-err><![CDATA[]]></system-err>
      </testcase>
      <testcase name="Test Cases/Condicionales_If/Test_1" time="0.324" classname="Test Cases/Condicionales_If/Test_1" status="PASSED">
         <system-out><![CDATA[2022-11-30 22:17:15 - [TEST_CASE][PASSED] - Test Cases/Condicionales_If/Test_1: Test Cases/Condicionales_If/Test_1

2022-11-30 22:17:15 - [TEST_STEP][PASSED] - if (num == 10): null

2022-11-30 22:17:15 - [TEST_STEP][PASSED] - else: null

2022-11-30 22:17:15 - [TEST_STEP][PASSED] - print("El numero no es un 10 es el numero:  " + num + "#####"): null]]></system-out>
         <system-err><![CDATA[]]></system-err>
      </testcase>
      <testcase name="Test Cases/Condicionales_If/Test_2" time="0.252" classname="Test Cases/Condicionales_If/Test_2" status="PASSED">
         <system-out><![CDATA[2022-11-30 22:17:15 - [TEST_CASE][PASSED] - Test Cases/Condicionales_If/Test_2: Test Cases/Condicionales_If/Test_2

2022-11-30 22:17:15 - [TEST_STEP][PASSED] - if (num == 5): null

2022-11-30 22:17:15 - [TEST_STEP][PASSED] - if (num == 10): null

2022-11-30 22:17:15 - [TEST_STEP][PASSED] - println("El valor de la variables es un: 10"): null]]></system-out>
         <system-err><![CDATA[]]></system-err>
      </testcase>
      <testcase name="Test Cases/Condicionales_If/Test_3" time="0.228" classname="Test Cases/Condicionales_If/Test_3" status="PASSED">
         <system-out><![CDATA[2022-11-30 22:17:15 - [TEST_CASE][PASSED] - Test Cases/Condicionales_If/Test_3: Test Cases/Condicionales_If/Test_3

2022-11-30 22:17:16 - [TEST_STEP][PASSED] - if (nombre == "Juan"): null

2022-11-30 22:17:16 - [TEST_STEP][PASSED] - if (nombre == "JUan"): null

2022-11-30 22:17:16 - [TEST_STEP][PASSED] - if (nombre == "juan"): null

2022-11-30 22:17:16 - [TEST_STEP][PASSED] - println("Tu nombre es juan"): null]]></system-out>
         <system-err><![CDATA[]]></system-err>
      </testcase>
      <testcase name="Test Cases/Condicionales_If/Test_4" time="0.291" classname="Test Cases/Condicionales_If/Test_4" status="PASSED">
         <system-out><![CDATA[2022-11-30 22:17:16 - [TEST_CASE][PASSED] - Test Cases/Condicionales_If/Test_4: Test Cases/Condicionales_If/Test_4

2022-11-30 22:17:16 - [TEST_STEP][PASSED] - if (num <= 7): null

2022-11-30 22:17:16 - [TEST_STEP][PASSED] - println("El numero es menor ó igual que 5"): null

2022-11-30 22:17:16 - [TEST_STEP][PASSED] - if (num >= 8): null

2022-11-30 22:17:16 - [TEST_STEP][PASSED] - if (num != 5): null]]></system-out>
         <system-err><![CDATA[]]></system-err>
      </testcase>
      <testcase name="Test Cases/Condicionales_If/Test_edad" time="0.351" classname="Test Cases/Condicionales_If/Test_edad" status="PASSED">
         <system-out><![CDATA[2022-11-30 22:17:16 - [TEST_CASE][PASSED] - Test Cases/Condicionales_If/Test_edad: Test Cases/Condicionales_If/Test_edad

2022-11-30 22:17:16 - [TEST_STEP][PASSED] - if (edad >= 1 && edad <= 17): null

2022-11-30 22:17:16 - [TEST_STEP][PASSED] - else if (edad == 18): null

2022-11-30 22:17:16 - [TEST_STEP][PASSED] - else if (edad <= 0): null

2022-11-30 22:17:16 - [TEST_STEP][PASSED] - else if (edad == 120): null

2022-11-30 22:17:16 - [TEST_STEP][PASSED] - else: null

2022-11-30 22:17:16 - [TEST_STEP][PASSED] - print("No se cumple ninguna de las opciones"): null]]></system-out>
         <system-err><![CDATA[]]></system-err>
      </testcase>
      <testcase name="Test Cases/Condicionales_If/Test_valor" time="23.016" classname="Test Cases/Condicionales_If/Test_valor" status="PASSED">
         <system-out><![CDATA[2022-11-30 22:17:16 - [TEST_CASE][PASSED] - Test Cases/Condicionales_If/Test_valor: Test Cases/Condicionales_If/Test_valor

2022-11-30 22:17:16 - [TEST_STEP][PASSED] - openBrowser(""): Browser is opened with url: ''

2022-11-30 22:17:16 - [MESSAGE][INFO] - Starting 'Chrome' driver

2022-11-30 22:17:16 - [MESSAGE][INFO] - Action delay is set to 0 milliseconds

2022-11-30 22:17:18 - [MESSAGE][PASSED] - Browser is opened with url: ''

2022-11-30 22:17:18 - [TEST_STEP][PASSED] - navigateToUrl("https://demoqa.com/"): Navigate to 'https://demoqa.com/' successfully

2022-11-30 22:17:30 - [MESSAGE][PASSED] - Navigate to 'https://demoqa.com/' successfully

2022-11-30 22:17:30 - [TEST_STEP][PASSED] - maximizeWindow(): Current window maximized

2022-11-30 22:17:30 - [MESSAGE][PASSED] - Current window maximized

2022-11-30 22:17:30 - [TEST_STEP][PASSED] - waitForPageLoad(10): Wait for page load successfully

2022-11-30 22:17:30 - [MESSAGE][PASSED] - Wait for page load successfully

2022-11-30 22:17:30 - [TEST_STEP][PASSED] - Existe = waitForElementVisible(findTestObject("Condicionales/titulo1"), 5): Web element with id: 'Object Repository/Condicionales/titulo1' located by '//div[@class='main-header'][contains(.,'Radio Button')]' not found

2022-11-30 22:17:36 - [MESSAGE][INFO] - Unable to find the element located by 'By.xpath: //div[@class='main-header'][contains(.,'Radio Button')]'. Please recheck the objects properties to make sure the desired element is located. 

2022-11-30 22:17:36 - [MESSAGE][WARNING] - [SELF-HEALING] Failed to find element with id 'Object Repository/Condicionales/titulo1'. Try using Self-healing.

2022-11-30 22:17:37 - [MESSAGE][INFO] - [SELF-HEALING] No working XPath is found.

2022-11-30 22:17:39 - [MESSAGE][INFO] - Unable to find the element located by 'By.xpath: '. Please recheck the objects properties to make sure the desired element is located. 

2022-11-30 22:17:39 - [MESSAGE][WARNING] - [SELF-HEALING] Cannot find elements when the selector is null

2022-11-30 22:17:39 - [MESSAGE][WARNING] - Web element with id: 'Object Repository/Condicionales/titulo1' located by '//div[@class='main-header'][contains(.,'Radio Button')]' not found

2022-11-30 22:17:39 - [TEST_STEP][PASSED] - if (Existe == true): null

2022-11-30 22:17:39 - [TEST_STEP][PASSED] - else: Browser is closed

2022-11-30 22:17:39 - [TEST_STEP][PASSED] - print("No estas en la página correcta"): null

2022-11-30 22:17:39 - [TEST_STEP][PASSED] - closeBrowser(): Browser is closed

2022-11-30 22:17:39 - [MESSAGE][PASSED] - Browser is closed]]></system-out>
         <system-err><![CDATA[]]></system-err>
      </testcase>
      <testcase name="Test Cases/BUCLES/Reto_For" time="25.907" classname="Test Cases/BUCLES/Reto_For" status="PASSED">
         <system-out><![CDATA[2022-11-30 22:17:39 - [TEST_CASE][PASSED] - Test Cases/BUCLES/Reto_For: Test Cases/BUCLES/Reto_For

2022-11-30 22:17:39 - [TEST_STEP][PASSED] - openBrowser(""): Browser is opened with url: ''

2022-11-30 22:17:39 - [MESSAGE][INFO] - Starting 'Chrome' driver

2022-11-30 22:17:39 - [MESSAGE][INFO] - Action delay is set to 0 milliseconds

2022-11-30 22:17:41 - [MESSAGE][PASSED] - Browser is opened with url: ''

2022-11-30 22:17:41 - [TEST_STEP][PASSED] - navigateToUrl("https://demoqa.com/text-box"): Navigate to 'https://demoqa.com/text-box' successfully

2022-11-30 22:17:49 - [MESSAGE][PASSED] - Navigate to 'https://demoqa.com/text-box' successfully

2022-11-30 22:17:49 - [TEST_STEP][PASSED] - maximizeWindow(): Current window maximized

2022-11-30 22:17:49 - [MESSAGE][PASSED] - Current window maximized

2022-11-30 22:17:49 - [TEST_STEP][PASSED] - waitForPageLoad(5): Wait for page load successfully

2022-11-30 22:17:49 - [MESSAGE][PASSED] - Wait for page load successfully

2022-11-30 22:17:49 - [TEST_STEP][PASSED] - for ([x = 1, x <= 4, (x++)]): Browser is scrolled to position x = 0, y = 100

2022-11-30 22:17:49 - [TEST_STEP][PASSED] - z = ["Carlos", "Erika", "Paco", "Rodrigo", "Juan"]: null

2022-11-30 22:17:49 - [TEST_STEP][PASSED] - rn = new java.util.Random(): null

2022-11-30 22:17:49 - [TEST_STEP][PASSED] - tx_nombre = z[rn.nextInt(size)]: null

2022-11-30 22:17:49 - [TEST_STEP][PASSED] - setText(findTestObject("Object Repository/Reto_for/Page_ToolsQA/input_Full Name_userName"), tx_nombre): Text 'Rodrigo' is set on object 'Object Repository/Reto_for/Page_ToolsQA/input_Full Name_userName'

2022-11-30 22:17:50 - [MESSAGE][PASSED] - Text 'Rodrigo' is set on object 'Object Repository/Reto_for/Page_ToolsQA/input_Full Name_userName'

2022-11-30 22:17:50 - [TEST_STEP][PASSED] - setText(findTestObject("Object Repository/Reto_for/Page_ToolsQA/input_Email_userEmail"), tx_nombre + "@gmail.com"): Text 'Rodrigo@gmail.com' is set on object 'Object Repository/Reto_for/Page_ToolsQA/input_Email_userEmail'

2022-11-30 22:17:52 - [MESSAGE][PASSED] - Text 'Rodrigo@gmail.com' is set on object 'Object Repository/Reto_for/Page_ToolsQA/input_Email_userEmail'

2022-11-30 22:17:52 - [TEST_STEP][PASSED] - setText(findTestObject("Object Repository/Reto_for/Page_ToolsQA/textarea_Current Address_currentAddress"), "Dirección#" + x): Text 'Dirección#1' is set on object 'Object Repository/Reto_for/Page_ToolsQA/textarea_Current Address_currentAddress'

2022-11-30 22:17:52 - [MESSAGE][PASSED] - Text 'Dirección#1' is set on object 'Object Repository/Reto_for/Page_ToolsQA/textarea_Current Address_currentAddress'

2022-11-30 22:17:52 - [TEST_STEP][PASSED] - setText(findTestObject("Object Repository/Reto_for/Page_ToolsQA/textarea_Permanent Address_permanentAddress"), "Dirección dos#" + x): Text 'Dirección dos#1' is set on object 'Object Repository/Reto_for/Page_ToolsQA/textarea_Permanent Address_permanentAddress'

2022-11-30 22:17:53 - [MESSAGE][PASSED] - Text 'Dirección dos#1' is set on object 'Object Repository/Reto_for/Page_ToolsQA/textarea_Permanent Address_permanentAddress'

2022-11-30 22:17:53 - [TEST_STEP][PASSED] - scrollToPosition(0, 500): Browser is scrolled to position x = 0, y = 500

2022-11-30 22:17:53 - [MESSAGE][PASSED] - Browser is scrolled to position x = 0, y = 500

2022-11-30 22:17:53 - [TEST_STEP][PASSED] - click(findTestObject("Object Repository/Reto_for/Page_ToolsQA/button_Submit")): Object: 'Object Repository/Reto_for/Page_ToolsQA/button_Submit' is clicked on

2022-11-30 22:17:54 - [MESSAGE][PASSED] - Object: 'Object Repository/Reto_for/Page_ToolsQA/button_Submit' is clicked on

2022-11-30 22:17:54 - [TEST_STEP][PASSED] - scrollToPosition(0, 100): Browser is scrolled to position x = 0, y = 100

2022-11-30 22:17:54 - [MESSAGE][PASSED] - Browser is scrolled to position x = 0, y = 100

2022-11-30 22:17:54 - [TEST_STEP][PASSED] - z = ["Carlos", "Erika", "Paco", "Rodrigo", "Juan"]: null

2022-11-30 22:17:54 - [TEST_STEP][PASSED] - rn = new java.util.Random(): null

2022-11-30 22:17:54 - [TEST_STEP][PASSED] - tx_nombre = z[rn.nextInt(size)]: null

2022-11-30 22:17:54 - [TEST_STEP][PASSED] - setText(findTestObject("Object Repository/Reto_for/Page_ToolsQA/input_Full Name_userName"), tx_nombre): Text 'Carlos' is set on object 'Object Repository/Reto_for/Page_ToolsQA/input_Full Name_userName'

2022-11-30 22:17:55 - [MESSAGE][PASSED] - Text 'Carlos' is set on object 'Object Repository/Reto_for/Page_ToolsQA/input_Full Name_userName'

2022-11-30 22:17:55 - [TEST_STEP][PASSED] - setText(findTestObject("Object Repository/Reto_for/Page_ToolsQA/input_Email_userEmail"), tx_nombre + "@gmail.com"): Text 'Carlos@gmail.com' is set on object 'Object Repository/Reto_for/Page_ToolsQA/input_Email_userEmail'

2022-11-30 22:17:55 - [MESSAGE][PASSED] - Text 'Carlos@gmail.com' is set on object 'Object Repository/Reto_for/Page_ToolsQA/input_Email_userEmail'

2022-11-30 22:17:55 - [TEST_STEP][PASSED] - setText(findTestObject("Object Repository/Reto_for/Page_ToolsQA/textarea_Current Address_currentAddress"), "Dirección#" + x): Text 'Dirección#2' is set on object 'Object Repository/Reto_for/Page_ToolsQA/textarea_Current Address_currentAddress'

2022-11-30 22:17:56 - [MESSAGE][PASSED] - Text 'Dirección#2' is set on object 'Object Repository/Reto_for/Page_ToolsQA/textarea_Current Address_currentAddress'

2022-11-30 22:17:56 - [TEST_STEP][PASSED] - setText(findTestObject("Object Repository/Reto_for/Page_ToolsQA/textarea_Permanent Address_permanentAddress"), "Dirección dos#" + x): Text 'Dirección dos#2' is set on object 'Object Repository/Reto_for/Page_ToolsQA/textarea_Permanent Address_permanentAddress'

2022-11-30 22:17:57 - [MESSAGE][PASSED] - Text 'Dirección dos#2' is set on object 'Object Repository/Reto_for/Page_ToolsQA/textarea_Permanent Address_permanentAddress'

2022-11-30 22:17:57 - [TEST_STEP][PASSED] - scrollToPosition(0, 500): Browser is scrolled to position x = 0, y = 500

2022-11-30 22:17:57 - [MESSAGE][PASSED] - Browser is scrolled to position x = 0, y = 500

2022-11-30 22:17:57 - [TEST_STEP][PASSED] - click(findTestObject("Object Repository/Reto_for/Page_ToolsQA/button_Submit")): Object: 'Object Repository/Reto_for/Page_ToolsQA/button_Submit' is clicked on

2022-11-30 22:17:57 - [MESSAGE][PASSED] - Object: 'Object Repository/Reto_for/Page_ToolsQA/button_Submit' is clicked on

2022-11-30 22:17:57 - [TEST_STEP][PASSED] - scrollToPosition(0, 100): Browser is scrolled to position x = 0, y = 100

2022-11-30 22:17:57 - [MESSAGE][PASSED] - Browser is scrolled to position x = 0, y = 100

2022-11-30 22:17:57 - [TEST_STEP][PASSED] - z = ["Carlos", "Erika", "Paco", "Rodrigo", "Juan"]: null

2022-11-30 22:17:57 - [TEST_STEP][PASSED] - rn = new java.util.Random(): null

2022-11-30 22:17:57 - [TEST_STEP][PASSED] - tx_nombre = z[rn.nextInt(size)]: null

2022-11-30 22:17:57 - [TEST_STEP][PASSED] - setText(findTestObject("Object Repository/Reto_for/Page_ToolsQA/input_Full Name_userName"), tx_nombre): Text 'Juan' is set on object 'Object Repository/Reto_for/Page_ToolsQA/input_Full Name_userName'

2022-11-30 22:17:58 - [MESSAGE][PASSED] - Text 'Juan' is set on object 'Object Repository/Reto_for/Page_ToolsQA/input_Full Name_userName'

2022-11-30 22:17:58 - [TEST_STEP][PASSED] - setText(findTestObject("Object Repository/Reto_for/Page_ToolsQA/input_Email_userEmail"), tx_nombre + "@gmail.com"): Text 'Juan@gmail.com' is set on object 'Object Repository/Reto_for/Page_ToolsQA/input_Email_userEmail'

2022-11-30 22:17:59 - [MESSAGE][PASSED] - Text 'Juan@gmail.com' is set on object 'Object Repository/Reto_for/Page_ToolsQA/input_Email_userEmail'

2022-11-30 22:17:59 - [TEST_STEP][PASSED] - setText(findTestObject("Object Repository/Reto_for/Page_ToolsQA/textarea_Current Address_currentAddress"), "Dirección#" + x): Text 'Dirección#3' is set on object 'Object Repository/Reto_for/Page_ToolsQA/textarea_Current Address_currentAddress'

2022-11-30 22:18:00 - [MESSAGE][PASSED] - Text 'Dirección#3' is set on object 'Object Repository/Reto_for/Page_ToolsQA/textarea_Current Address_currentAddress'

2022-11-30 22:18:00 - [TEST_STEP][PASSED] - setText(findTestObject("Object Repository/Reto_for/Page_ToolsQA/textarea_Permanent Address_permanentAddress"), "Dirección dos#" + x): Text 'Dirección dos#3' is set on object 'Object Repository/Reto_for/Page_ToolsQA/textarea_Permanent Address_permanentAddress'

2022-11-30 22:18:00 - [MESSAGE][PASSED] - Text 'Dirección dos#3' is set on object 'Object Repository/Reto_for/Page_ToolsQA/textarea_Permanent Address_permanentAddress'

2022-11-30 22:18:00 - [TEST_STEP][PASSED] - scrollToPosition(0, 500): Browser is scrolled to position x = 0, y = 500

2022-11-30 22:18:00 - [MESSAGE][PASSED] - Browser is scrolled to position x = 0, y = 500

2022-11-30 22:18:00 - [TEST_STEP][PASSED] - click(findTestObject("Object Repository/Reto_for/Page_ToolsQA/button_Submit")): Object: 'Object Repository/Reto_for/Page_ToolsQA/button_Submit' is clicked on

2022-11-30 22:18:01 - [MESSAGE][PASSED] - Object: 'Object Repository/Reto_for/Page_ToolsQA/button_Submit' is clicked on

2022-11-30 22:18:01 - [TEST_STEP][PASSED] - scrollToPosition(0, 100): Browser is scrolled to position x = 0, y = 100

2022-11-30 22:18:01 - [MESSAGE][PASSED] - Browser is scrolled to position x = 0, y = 100

2022-11-30 22:18:01 - [TEST_STEP][PASSED] - z = ["Carlos", "Erika", "Paco", "Rodrigo", "Juan"]: null

2022-11-30 22:18:01 - [TEST_STEP][PASSED] - rn = new java.util.Random(): null

2022-11-30 22:18:01 - [TEST_STEP][PASSED] - tx_nombre = z[rn.nextInt(size)]: null

2022-11-30 22:18:01 - [TEST_STEP][PASSED] - setText(findTestObject("Object Repository/Reto_for/Page_ToolsQA/input_Full Name_userName"), tx_nombre): Text 'Paco' is set on object 'Object Repository/Reto_for/Page_ToolsQA/input_Full Name_userName'

2022-11-30 22:18:02 - [MESSAGE][PASSED] - Text 'Paco' is set on object 'Object Repository/Reto_for/Page_ToolsQA/input_Full Name_userName'

2022-11-30 22:18:02 - [TEST_STEP][PASSED] - setText(findTestObject("Object Repository/Reto_for/Page_ToolsQA/input_Email_userEmail"), tx_nombre + "@gmail.com"): Text 'Paco@gmail.com' is set on object 'Object Repository/Reto_for/Page_ToolsQA/input_Email_userEmail'

2022-11-30 22:18:02 - [MESSAGE][PASSED] - Text 'Paco@gmail.com' is set on object 'Object Repository/Reto_for/Page_ToolsQA/input_Email_userEmail'

2022-11-30 22:18:02 - [TEST_STEP][PASSED] - setText(findTestObject("Object Repository/Reto_for/Page_ToolsQA/textarea_Current Address_currentAddress"), "Dirección#" + x): Text 'Dirección#4' is set on object 'Object Repository/Reto_for/Page_ToolsQA/textarea_Current Address_currentAddress'

2022-11-30 22:18:03 - [MESSAGE][PASSED] - Text 'Dirección#4' is set on object 'Object Repository/Reto_for/Page_ToolsQA/textarea_Current Address_currentAddress'

2022-11-30 22:18:03 - [TEST_STEP][PASSED] - setText(findTestObject("Object Repository/Reto_for/Page_ToolsQA/textarea_Permanent Address_permanentAddress"), "Dirección dos#" + x): Text 'Dirección dos#4' is set on object 'Object Repository/Reto_for/Page_ToolsQA/textarea_Permanent Address_permanentAddress'

2022-11-30 22:18:04 - [MESSAGE][PASSED] - Text 'Dirección dos#4' is set on object 'Object Repository/Reto_for/Page_ToolsQA/textarea_Permanent Address_permanentAddress'

2022-11-30 22:18:04 - [TEST_STEP][PASSED] - scrollToPosition(0, 500): Browser is scrolled to position x = 0, y = 500

2022-11-30 22:18:04 - [MESSAGE][PASSED] - Browser is scrolled to position x = 0, y = 500

2022-11-30 22:18:04 - [TEST_STEP][PASSED] - click(findTestObject("Object Repository/Reto_for/Page_ToolsQA/button_Submit")): Object: 'Object Repository/Reto_for/Page_ToolsQA/button_Submit' is clicked on

2022-11-30 22:18:04 - [MESSAGE][PASSED] - Object: 'Object Repository/Reto_for/Page_ToolsQA/button_Submit' is clicked on

2022-11-30 22:18:04 - [TEST_STEP][PASSED] - scrollToPosition(0, 100): Browser is scrolled to position x = 0, y = 100

2022-11-30 22:18:04 - [MESSAGE][PASSED] - Browser is scrolled to position x = 0, y = 100

2022-11-30 22:18:04 - [TEST_STEP][PASSED] - closeBrowser(): Browser is closed

2022-11-30 22:18:05 - [MESSAGE][PASSED] - Browser is closed]]></system-out>
         <system-err><![CDATA[]]></system-err>
      </testcase>
      <testcase name="Test Cases/BUCLES/Reto_while" time="23.976" classname="Test Cases/BUCLES/Reto_while" status="PASSED">
         <system-out><![CDATA[2022-11-30 22:18:05 - [TEST_CASE][PASSED] - Test Cases/BUCLES/Reto_while: Test Cases/BUCLES/Reto_while

2022-11-30 22:18:05 - [TEST_STEP][PASSED] - openBrowser(""): Browser is opened with url: ''

2022-11-30 22:18:05 - [MESSAGE][INFO] - Starting 'Chrome' driver

2022-11-30 22:18:05 - [MESSAGE][INFO] - Action delay is set to 0 milliseconds

2022-11-30 22:18:07 - [MESSAGE][PASSED] - Browser is opened with url: ''

2022-11-30 22:18:07 - [TEST_STEP][PASSED] - navigateToUrl("https://www.google.com/"): Navigate to 'https://www.google.com/' successfully

2022-11-30 22:18:09 - [MESSAGE][PASSED] - Navigate to 'https://www.google.com/' successfully

2022-11-30 22:18:09 - [TEST_STEP][PASSED] - Bandera = 0: null

2022-11-30 22:18:09 - [TEST_STEP][PASSED] - while (Bandera != 1): null

2022-11-30 22:18:09 - [TEST_STEP][PASSED] - num = Math.random() * 5 - 1 + 1: null

2022-11-30 22:18:09 - [TEST_STEP][PASSED] - setText(findTestObject("Object Repository/While_google/Page_Google/input__q"), "5+" + num): Text '5+1' is set on object 'Object Repository/While_google/Page_Google/input__q'

2022-11-30 22:18:10 - [MESSAGE][PASSED] - Text '5+1' is set on object 'Object Repository/While_google/Page_Google/input__q'

2022-11-30 22:18:10 - [TEST_STEP][PASSED] - sendKeys(findTestObject("Object Repository/While_google/Page_Google/input__q"), Keys.chord(ENTER)): Keys 'ENTER + ' sent to object: 'Object Repository/While_google/Page_Google/input__q'

2022-11-30 22:18:17 - [MESSAGE][PASSED] - Keys 'ENTER + ' sent to object: 'Object Repository/While_google/Page_Google/input__q'

2022-11-30 22:18:17 - [TEST_STEP][PASSED] - Resultado = getText(findTestObject("While_google/Extras/Resultado_10")): Text of object 'Object Repository/While_google/Extras/Resultado_10' is: '6'

2022-11-30 22:18:17 - [MESSAGE][PASSED] - Text of object 'Object Repository/While_google/Extras/Resultado_10' is: '6'

2022-11-30 22:18:17 - [TEST_STEP][PASSED] - if (Resultado == "8"): null

2022-11-30 22:18:17 - [TEST_STEP][PASSED] - else: null

2022-11-30 22:18:17 - [TEST_STEP][PASSED] - Bandera = 0: null

2022-11-30 22:18:17 - [TEST_STEP][PASSED] - print(Bandera + "------"): null

2022-11-30 22:18:17 - [TEST_STEP][PASSED] - num = Math.random() * 5 - 1 + 1: null

2022-11-30 22:18:17 - [TEST_STEP][PASSED] - setText(findTestObject("Object Repository/While_google/Page_Google/input__q"), "5+" + num): Text '5+1' is set on object 'Object Repository/While_google/Page_Google/input__q'

2022-11-30 22:18:18 - [MESSAGE][PASSED] - Text '5+1' is set on object 'Object Repository/While_google/Page_Google/input__q'

2022-11-30 22:18:18 - [TEST_STEP][PASSED] - sendKeys(findTestObject("Object Repository/While_google/Page_Google/input__q"), Keys.chord(ENTER)): Keys 'ENTER + ' sent to object: 'Object Repository/While_google/Page_Google/input__q'

2022-11-30 22:18:22 - [MESSAGE][PASSED] - Keys 'ENTER + ' sent to object: 'Object Repository/While_google/Page_Google/input__q'

2022-11-30 22:18:22 - [TEST_STEP][PASSED] - Resultado = getText(findTestObject("While_google/Extras/Resultado_10")): Text of object 'Object Repository/While_google/Extras/Resultado_10' is: '6'

2022-11-30 22:18:23 - [MESSAGE][PASSED] - Text of object 'Object Repository/While_google/Extras/Resultado_10' is: '6'

2022-11-30 22:18:23 - [TEST_STEP][PASSED] - if (Resultado == "8"): null

2022-11-30 22:18:23 - [TEST_STEP][PASSED] - else: null

2022-11-30 22:18:23 - [TEST_STEP][PASSED] - Bandera = 0: null

2022-11-30 22:18:23 - [TEST_STEP][PASSED] - print(Bandera + "------"): null

2022-11-30 22:18:23 - [TEST_STEP][PASSED] - num = Math.random() * 5 - 1 + 1: null

2022-11-30 22:18:23 - [TEST_STEP][PASSED] - setText(findTestObject("Object Repository/While_google/Page_Google/input__q"), "5+" + num): Text '5+3' is set on object 'Object Repository/While_google/Page_Google/input__q'

2022-11-30 22:18:24 - [MESSAGE][PASSED] - Text '5+3' is set on object 'Object Repository/While_google/Page_Google/input__q'

2022-11-30 22:18:24 - [TEST_STEP][PASSED] - sendKeys(findTestObject("Object Repository/While_google/Page_Google/input__q"), Keys.chord(ENTER)): Keys 'ENTER + ' sent to object: 'Object Repository/While_google/Page_Google/input__q'

2022-11-30 22:18:28 - [MESSAGE][PASSED] - Keys 'ENTER + ' sent to object: 'Object Repository/While_google/Page_Google/input__q'

2022-11-30 22:18:28 - [TEST_STEP][PASSED] - Resultado = getText(findTestObject("While_google/Extras/Resultado_10")): Text of object 'Object Repository/While_google/Extras/Resultado_10' is: '8'

2022-11-30 22:18:28 - [MESSAGE][PASSED] - Text of object 'Object Repository/While_google/Extras/Resultado_10' is: '8'

2022-11-30 22:18:28 - [TEST_STEP][PASSED] - if (Resultado == "8"): Browser is closed

2022-11-30 22:18:28 - [TEST_STEP][PASSED] - Bandera = 1: null

2022-11-30 22:18:28 - [TEST_STEP][PASSED] - print("Listo termina"): null

2022-11-30 22:18:28 - [TEST_STEP][PASSED] - closeBrowser(): Browser is closed

2022-11-30 22:18:29 - [MESSAGE][PASSED] - Browser is closed

2022-11-30 22:18:29 - [TEST_STEP][PASSED] - print(Bandera + "------"): null]]></system-out>
         <system-err><![CDATA[]]></system-err>
      </testcase>
      <testcase name="Test Cases/BUCLES/Reto_while_solucion" time="20.901" classname="Test Cases/BUCLES/Reto_while_solucion" status="PASSED">
         <system-out><![CDATA[2022-11-30 22:18:29 - [TEST_CASE][PASSED] - Test Cases/BUCLES/Reto_while_solucion: Test Cases/BUCLES/Reto_while_solucion

2022-11-30 22:18:29 - [TEST_STEP][PASSED] - openBrowser(""): Browser is opened with url: ''

2022-11-30 22:18:29 - [MESSAGE][INFO] - Starting 'Chrome' driver

2022-11-30 22:18:29 - [MESSAGE][INFO] - Action delay is set to 0 milliseconds

2022-11-30 22:18:31 - [MESSAGE][PASSED] - Browser is opened with url: ''

2022-11-30 22:18:31 - [TEST_STEP][PASSED] - navigateToUrl("https://www.google.com/"): Navigate to 'https://www.google.com/' successfully

2022-11-30 22:18:34 - [MESSAGE][PASSED] - Navigate to 'https://www.google.com/' successfully

2022-11-30 22:18:34 - [TEST_STEP][PASSED] - Res = 0: null

2022-11-30 22:18:34 - [TEST_STEP][PASSED] - while (Res != 8): Browser is closed

2022-11-30 22:18:34 - [TEST_STEP][PASSED] - num = Math.random() * 5 - 1 + 1: null

2022-11-30 22:18:34 - [TEST_STEP][PASSED] - setText(findTestObject("Object Repository/Reto_while1/Page_Google/input__q"), "5+" + num): Text '5+1' is set on object 'Object Repository/Reto_while1/Page_Google/input__q'

2022-11-30 22:18:35 - [MESSAGE][PASSED] - Text '5+1' is set on object 'Object Repository/Reto_while1/Page_Google/input__q'

2022-11-30 22:18:35 - [TEST_STEP][PASSED] - sendKeys(findTestObject("Object Repository/Reto_while1/Page_Google/input__q"), Keys.chord(ENTER)): Keys 'ENTER + ' sent to object: 'Object Repository/Reto_while1/Page_Google/input__q'

2022-11-30 22:18:43 - [MESSAGE][PASSED] - Keys 'ENTER + ' sent to object: 'Object Repository/Reto_while1/Page_Google/input__q'

2022-11-30 22:18:43 - [TEST_STEP][PASSED] - Res = getText(findTestObject("Reto_while1/Resultado_8")).toInteger(): Text of object 'Object Repository/Reto_while1/Resultado_8' is: '6'

2022-11-30 22:18:44 - [MESSAGE][PASSED] - Text of object 'Object Repository/Reto_while1/Resultado_8' is: '6'

2022-11-30 22:18:44 - [TEST_STEP][PASSED] - if (Res == 8): null

2022-11-30 22:18:44 - [TEST_STEP][PASSED] - num = Math.random() * 5 - 1 + 1: null

2022-11-30 22:18:44 - [TEST_STEP][PASSED] - setText(findTestObject("Object Repository/Reto_while1/Page_Google/input__q"), "5+" + num): Text '5+3' is set on object 'Object Repository/Reto_while1/Page_Google/input__q'

2022-11-30 22:18:44 - [MESSAGE][PASSED] - Text '5+3' is set on object 'Object Repository/Reto_while1/Page_Google/input__q'

2022-11-30 22:18:44 - [TEST_STEP][PASSED] - sendKeys(findTestObject("Object Repository/Reto_while1/Page_Google/input__q"), Keys.chord(ENTER)): Keys 'ENTER + ' sent to object: 'Object Repository/Reto_while1/Page_Google/input__q'

2022-11-30 22:18:49 - [MESSAGE][PASSED] - Keys 'ENTER + ' sent to object: 'Object Repository/Reto_while1/Page_Google/input__q'

2022-11-30 22:18:49 - [TEST_STEP][PASSED] - Res = getText(findTestObject("Reto_while1/Resultado_8")).toInteger(): Text of object 'Object Repository/Reto_while1/Resultado_8' is: '8'

2022-11-30 22:18:49 - [MESSAGE][PASSED] - Text of object 'Object Repository/Reto_while1/Resultado_8' is: '8'

2022-11-30 22:18:49 - [TEST_STEP][PASSED] - if (Res == 8): Browser is closed

2022-11-30 22:18:49 - [TEST_STEP][PASSED] - closeBrowser(): Browser is closed

2022-11-30 22:18:50 - [MESSAGE][PASSED] - Browser is closed]]></system-out>
         <system-err><![CDATA[]]></system-err>
      </testcase>
      <testcase name="Test Cases/BUCLES/Test_1" time="33.239" classname="Test Cases/BUCLES/Test_1" status="PASSED">
         <system-out><![CDATA[2022-11-30 22:18:50 - [TEST_CASE][PASSED] - Test Cases/BUCLES/Test_1: Test Cases/BUCLES/Test_1

2022-11-30 22:18:50 - [TEST_STEP][PASSED] - openBrowser(""): Browser is opened with url: ''

2022-11-30 22:18:50 - [MESSAGE][INFO] - Starting 'Chrome' driver

2022-11-30 22:18:50 - [MESSAGE][INFO] - Action delay is set to 0 milliseconds

2022-11-30 22:18:52 - [MESSAGE][PASSED] - Browser is opened with url: ''

2022-11-30 22:18:52 - [TEST_STEP][PASSED] - navigateToUrl("https://demoqa.com/text-box"): Navigate to 'https://demoqa.com/text-box' successfully

2022-11-30 22:19:02 - [MESSAGE][PASSED] - Navigate to 'https://demoqa.com/text-box' successfully

2022-11-30 22:19:02 - [TEST_STEP][PASSED] - for ([x = 1, x <= 2, (x++)]): null

2022-11-30 22:19:02 - [TEST_STEP][PASSED] - openBrowser(""): Browser is opened with url: ''

2022-11-30 22:19:02 - [MESSAGE][WARNING] - A browser is already opened. Closing browser and opening a new one

2022-11-30 22:19:03 - [MESSAGE][INFO] - Starting 'Chrome' driver

2022-11-30 22:19:03 - [MESSAGE][INFO] - Action delay is set to 0 milliseconds

2022-11-30 22:19:05 - [MESSAGE][PASSED] - Browser is opened with url: ''

2022-11-30 22:19:05 - [TEST_STEP][PASSED] - navigateToUrl("https://demoqa.com/text-box"): Navigate to 'https://demoqa.com/text-box' successfully

2022-11-30 22:19:13 - [MESSAGE][PASSED] - Navigate to 'https://demoqa.com/text-box' successfully

2022-11-30 22:19:13 - [TEST_STEP][PASSED] - RN = Math.random() * 10 - 1 + 1: null

2022-11-30 22:19:13 - [TEST_STEP][PASSED] - print("Numero : " + RN + "----"): null

2022-11-30 22:19:13 - [TEST_STEP][PASSED] - z = ["Demo1", "Demo2", "Demo3", "Demo4", "Demo5"]: null

2022-11-30 22:19:13 - [TEST_STEP][PASSED] - rnd = new java.util.Random(): null

2022-11-30 22:19:13 - [TEST_STEP][PASSED] - texto = z[rnd.nextInt(size)]: null

2022-11-30 22:19:13 - [TEST_STEP][PASSED] - print(texto): null

2022-11-30 22:19:13 - [TEST_STEP][PASSED] - openBrowser(""): Browser is opened with url: ''

2022-11-30 22:19:13 - [MESSAGE][WARNING] - A browser is already opened. Closing browser and opening a new one

2022-11-30 22:19:14 - [MESSAGE][INFO] - Starting 'Chrome' driver

2022-11-30 22:19:14 - [MESSAGE][INFO] - Action delay is set to 0 milliseconds

2022-11-30 22:19:15 - [MESSAGE][PASSED] - Browser is opened with url: ''

2022-11-30 22:19:15 - [TEST_STEP][PASSED] - navigateToUrl("https://demoqa.com/text-box"): Navigate to 'https://demoqa.com/text-box' successfully

2022-11-30 22:19:23 - [MESSAGE][PASSED] - Navigate to 'https://demoqa.com/text-box' successfully

2022-11-30 22:19:23 - [TEST_STEP][PASSED] - RN = Math.random() * 10 - 1 + 1: null

2022-11-30 22:19:23 - [TEST_STEP][PASSED] - print("Numero : " + RN + "----"): null

2022-11-30 22:19:23 - [TEST_STEP][PASSED] - z = ["Demo1", "Demo2", "Demo3", "Demo4", "Demo5"]: null

2022-11-30 22:19:23 - [TEST_STEP][PASSED] - rnd = new java.util.Random(): null

2022-11-30 22:19:23 - [TEST_STEP][PASSED] - texto = z[rnd.nextInt(size)]: null

2022-11-30 22:19:23 - [TEST_STEP][PASSED] - print(texto): null

2022-11-30 22:19:23 - [TEST_STEP][PASSED] - closeBrowser(): Browser is closed

2022-11-30 22:19:23 - [MESSAGE][PASSED] - Browser is closed]]></system-out>
         <system-err><![CDATA[]]></system-err>
      </testcase>
      <testcase name="Test Cases/BUCLES/Test_2" time="10.59" classname="Test Cases/BUCLES/Test_2" status="PASSED">
         <system-out><![CDATA[2022-11-30 22:19:23 - [TEST_CASE][PASSED] - Test Cases/BUCLES/Test_2: Test Cases/BUCLES/Test_2

2022-11-30 22:19:24 - [TEST_STEP][PASSED] - openBrowser(""): Browser is opened with url: ''

2022-11-30 22:19:24 - [MESSAGE][INFO] - Starting 'Chrome' driver

2022-11-30 22:19:24 - [MESSAGE][INFO] - Action delay is set to 0 milliseconds

2022-11-30 22:19:25 - [MESSAGE][PASSED] - Browser is opened with url: ''

2022-11-30 22:19:25 - [TEST_STEP][PASSED] - navigateToUrl("https://demoqa.com/text-box"): Navigate to 'https://demoqa.com/text-box' successfully

2022-11-30 22:19:33 - [MESSAGE][PASSED] - Navigate to 'https://demoqa.com/text-box' successfully

2022-11-30 22:19:33 - [TEST_STEP][PASSED] - for ([x = 1, x <= 10, x = x + 2]): null

2022-11-30 22:19:33 - [TEST_STEP][PASSED] - print(" hola mundo " + x + "-------"): null

2022-11-30 22:19:33 - [TEST_STEP][PASSED] - print(" hola mundo " + x + "-------"): null

2022-11-30 22:19:33 - [TEST_STEP][PASSED] - print(" hola mundo " + x + "-------"): null

2022-11-30 22:19:33 - [TEST_STEP][PASSED] - print(" hola mundo " + x + "-------"): null

2022-11-30 22:19:33 - [TEST_STEP][PASSED] - print(" hola mundo " + x + "-------"): null

2022-11-30 22:19:33 - [TEST_STEP][PASSED] - closeBrowser(): Browser is closed

2022-11-30 22:19:34 - [MESSAGE][PASSED] - Browser is closed]]></system-out>
         <system-err><![CDATA[]]></system-err>
      </testcase>
      <testcase name="Test Cases/BUCLES/Test_while" time="9.546" classname="Test Cases/BUCLES/Test_while" status="PASSED">
         <system-out><![CDATA[2022-11-30 22:19:34 - [TEST_CASE][PASSED] - Test Cases/BUCLES/Test_while: Test Cases/BUCLES/Test_while

2022-11-30 22:19:34 - [TEST_STEP][PASSED] - openBrowser(""): Browser is opened with url: ''

2022-11-30 22:19:34 - [MESSAGE][INFO] - Starting 'Chrome' driver

2022-11-30 22:19:34 - [MESSAGE][INFO] - Action delay is set to 0 milliseconds

2022-11-30 22:19:36 - [MESSAGE][PASSED] - Browser is opened with url: ''

2022-11-30 22:19:36 - [TEST_STEP][PASSED] - navigateToUrl("https://demoqa.com/text-box"): Navigate to 'https://demoqa.com/text-box' successfully

2022-11-30 22:19:43 - [MESSAGE][PASSED] - Navigate to 'https://demoqa.com/text-box' successfully

2022-11-30 22:19:43 - [TEST_STEP][PASSED] - maximizeWindow(): Current window maximized

2022-11-30 22:19:43 - [MESSAGE][PASSED] - Current window maximized

2022-11-30 22:19:43 - [TEST_STEP][PASSED] - waitForPageLoad(5): Wait for page load successfully

2022-11-30 22:19:43 - [MESSAGE][PASSED] - Wait for page load successfully

2022-11-30 22:19:43 - [TEST_STEP][PASSED] - x = 1: null

2022-11-30 22:19:43 - [TEST_STEP][PASSED] - while (x <= 3): null

2022-11-30 22:19:43 - [TEST_STEP][PASSED] - print("Hola " + x + "----------"): null

2022-11-30 22:19:43 - [TEST_STEP][PASSED] - (x++): null

2022-11-30 22:19:43 - [TEST_STEP][PASSED] - print("Hola " + x + "----------"): null

2022-11-30 22:19:43 - [TEST_STEP][PASSED] - (x++): null

2022-11-30 22:19:43 - [TEST_STEP][PASSED] - print("Hola " + x + "----------"): null

2022-11-30 22:19:43 - [TEST_STEP][PASSED] - (x++): null

2022-11-30 22:19:43 - [TEST_STEP][PASSED] - closeBrowser(): Browser is closed

2022-11-30 22:19:43 - [MESSAGE][PASSED] - Browser is closed]]></system-out>
         <system-err><![CDATA[]]></system-err>
      </testcase>
      <testcase name="Test Cases/BUCLES/Test_while2" time="9.932" classname="Test Cases/BUCLES/Test_while2" status="PASSED">
         <system-out><![CDATA[2022-11-30 22:19:43 - [TEST_CASE][PASSED] - Test Cases/BUCLES/Test_while2: Test Cases/BUCLES/Test_while2

2022-11-30 22:19:44 - [TEST_STEP][PASSED] - openBrowser(""): Browser is opened with url: ''

2022-11-30 22:19:44 - [MESSAGE][INFO] - Starting 'Chrome' driver

2022-11-30 22:19:44 - [MESSAGE][INFO] - Action delay is set to 0 milliseconds

2022-11-30 22:19:45 - [MESSAGE][PASSED] - Browser is opened with url: ''

2022-11-30 22:19:45 - [TEST_STEP][PASSED] - navigateToUrl("https://demoqa.com/text-box"): Navigate to 'https://demoqa.com/text-box' successfully

2022-11-30 22:19:53 - [MESSAGE][PASSED] - Navigate to 'https://demoqa.com/text-box' successfully

2022-11-30 22:19:53 - [TEST_STEP][PASSED] - maximizeWindow(): Current window maximized

2022-11-30 22:19:53 - [MESSAGE][PASSED] - Current window maximized

2022-11-30 22:19:53 - [TEST_STEP][PASSED] - waitForPageLoad(5): Wait for page load successfully

2022-11-30 22:19:53 - [MESSAGE][PASSED] - Wait for page load successfully

2022-11-30 22:19:53 - [TEST_STEP][PASSED] - x = 1: null

2022-11-30 22:19:53 - [TEST_STEP][PASSED] - while (x <= 5): null

2022-11-30 22:19:53 - [TEST_STEP][PASSED] - print("Valor de X" + x + "------>"): null

2022-11-30 22:19:53 - [TEST_STEP][PASSED] - (x++): null

2022-11-30 22:19:53 - [TEST_STEP][PASSED] - print("Valor de X" + x + "------>"): null

2022-11-30 22:19:53 - [TEST_STEP][PASSED] - (x++): null

2022-11-30 22:19:53 - [TEST_STEP][PASSED] - print("Valor de X" + x + "------>"): null

2022-11-30 22:19:53 - [TEST_STEP][PASSED] - (x++): null

2022-11-30 22:19:53 - [TEST_STEP][PASSED] - print("Valor de X" + x + "------>"): null

2022-11-30 22:19:53 - [TEST_STEP][PASSED] - (x++): null

2022-11-30 22:19:53 - [TEST_STEP][PASSED] - print("Valor de X" + x + "------>"): null

2022-11-30 22:19:53 - [TEST_STEP][PASSED] - (x++): null

2022-11-30 22:19:53 - [TEST_STEP][PASSED] - closeBrowser(): Browser is closed

2022-11-30 22:19:53 - [MESSAGE][PASSED] - Browser is closed]]></system-out>
         <system-err><![CDATA[]]></system-err>
      </testcase>
      <testcase name="Test Cases/Drive_excel/Drive_excel" time="18.891" classname="Test Cases/Drive_excel/Drive_excel" status="PASSED">
         <system-out><![CDATA[2022-11-30 22:19:53 - [TEST_CASE][PASSED] - Test Cases/Drive_excel/Drive_excel: Test Cases/Drive_excel/Drive_excel

2022-11-30 22:19:54 - [TEST_STEP][PASSED] - openBrowser(""): Browser is opened with url: ''

2022-11-30 22:19:54 - [MESSAGE][INFO] - Starting 'Chrome' driver

2022-11-30 22:19:54 - [MESSAGE][INFO] - Action delay is set to 0 milliseconds

2022-11-30 22:19:56 - [MESSAGE][PASSED] - Browser is opened with url: ''

2022-11-30 22:19:56 - [TEST_STEP][PASSED] - navigateToUrl("https://demoqa.com/automation-practice-form"): Navigate to 'https://demoqa.com/automation-practice-form' successfully

2022-11-30 22:20:06 - [MESSAGE][PASSED] - Navigate to 'https://demoqa.com/automation-practice-form' successfully

2022-11-30 22:20:06 - [TEST_STEP][PASSED] - waitForPageLoad(40): Wait for page load successfully

2022-11-30 22:20:06 - [MESSAGE][PASSED] - Wait for page load successfully

2022-11-30 22:20:06 - [TEST_STEP][PASSED] - maximizeWindow(): Current window maximized

2022-11-30 22:20:06 - [MESSAGE][PASSED] - Current window maximized

2022-11-30 22:20:06 - [TEST_STEP][PASSED] - setText(findTestObject("Object Repository/Drive_excel/Page_ToolsQA/input_Name_firstName"), nombre): Text '' is set on object 'Object Repository/Drive_excel/Page_ToolsQA/input_Name_firstName'

2022-11-30 22:20:08 - [MESSAGE][PASSED] - Text '' is set on object 'Object Repository/Drive_excel/Page_ToolsQA/input_Name_firstName'

2022-11-30 22:20:08 - [TEST_STEP][PASSED] - setText(findTestObject("Object Repository/Drive_excel/Page_ToolsQA/input_Name_lastName"), apellido): Text '' is set on object 'Object Repository/Drive_excel/Page_ToolsQA/input_Name_lastName'

2022-11-30 22:20:09 - [MESSAGE][PASSED] - Text '' is set on object 'Object Repository/Drive_excel/Page_ToolsQA/input_Name_lastName'

2022-11-30 22:20:09 - [TEST_STEP][PASSED] - setText(findTestObject("Object Repository/Drive_excel/Page_ToolsQA/input_Email_userEmail"), email): Text '' is set on object 'Object Repository/Drive_excel/Page_ToolsQA/input_Email_userEmail'

2022-11-30 22:20:10 - [MESSAGE][PASSED] - Text '' is set on object 'Object Repository/Drive_excel/Page_ToolsQA/input_Email_userEmail'

2022-11-30 22:20:10 - [TEST_STEP][PASSED] - delay(2): Delayed 2 second(s)

2022-11-30 22:20:12 - [MESSAGE][PASSED] - Delayed 2 second(s)

2022-11-30 22:20:12 - [TEST_STEP][PASSED] - closeBrowser(): Browser is closed

2022-11-30 22:20:12 - [MESSAGE][PASSED] - Browser is closed]]></system-out>
         <system-err><![CDATA[]]></system-err>
      </testcase>
      <testcase name="Test Cases/Navegador/Navegador" time="13.153" classname="Test Cases/Navegador/Navegador" status="PASSED">
         <system-out><![CDATA[2022-11-30 22:20:12 - [TEST_CASE][PASSED] - Test Cases/Navegador/Navegador: Test Cases/Navegador/Navegador

2022-11-30 22:20:12 - [TEST_STEP][PASSED] - openBrowser("https://demoqa.com/text-box"): Browser is opened with url: 'https://demoqa.com/text-box'

2022-11-30 22:20:12 - [MESSAGE][INFO] - Starting 'Chrome' driver

2022-11-30 22:20:12 - [MESSAGE][INFO] - Action delay is set to 0 milliseconds

2022-11-30 22:20:25 - [MESSAGE][PASSED] - Browser is opened with url: 'https://demoqa.com/text-box'

2022-11-30 22:20:25 - [TEST_STEP][PASSED] - maximizeWindow(): Current window maximized

2022-11-30 22:20:25 - [MESSAGE][PASSED] - Current window maximized

2022-11-30 22:20:25 - [TEST_STEP][PASSED] - page_url = getUrl(): Current window's url is: 'https://demoqa.com/text-box'

2022-11-30 22:20:25 - [MESSAGE][PASSED] - Current window's url is: 'https://demoqa.com/text-box'

2022-11-30 22:20:25 - [TEST_STEP][PASSED] - print(page_url): null

2022-11-30 22:20:25 - [TEST_STEP][PASSED] - Titulo = getWindowTitle(): Current window's title is: 'ToolsQA'

2022-11-30 22:20:25 - [MESSAGE][PASSED] - Current window's title is: 'ToolsQA'

2022-11-30 22:20:25 - [TEST_STEP][PASSED] - print("titiulo de la pagina" + Titulo): null

2022-11-30 22:20:25 - [TEST_STEP][PASSED] - closeBrowser(): Browser is closed

2022-11-30 22:20:25 - [MESSAGE][PASSED] - Browser is closed]]></system-out>
         <system-err><![CDATA[]]></system-err>
      </testcase>
      <testcase name="Test Cases/Objecto_xpath/Caso_xpath" time="22.522" classname="Test Cases/Objecto_xpath/Caso_xpath" status="PASSED">
         <system-out><![CDATA[2022-11-30 22:20:25 - [TEST_CASE][PASSED] - Test Cases/Objecto_xpath/Caso_xpath: Test Cases/Objecto_xpath/Caso_xpath

2022-11-30 22:20:25 - [TEST_STEP][PASSED] - openBrowser(""): Browser is opened with url: ''

2022-11-30 22:20:25 - [MESSAGE][INFO] - Starting 'Chrome' driver

2022-11-30 22:20:25 - [MESSAGE][INFO] - Action delay is set to 0 milliseconds

2022-11-30 22:20:27 - [MESSAGE][PASSED] - Browser is opened with url: ''

2022-11-30 22:20:27 - [TEST_STEP][PASSED] - navigateToUrl("https://demoqa.com/text-box"): Navigate to 'https://demoqa.com/text-box' successfully

2022-11-30 22:20:42 - [MESSAGE][PASSED] - Navigate to 'https://demoqa.com/text-box' successfully

2022-11-30 22:20:42 - [TEST_STEP][PASSED] - maximizeWindow(): Current window maximized

2022-11-30 22:20:42 - [MESSAGE][PASSED] - Current window maximized

2022-11-30 22:20:42 - [TEST_STEP][PASSED] - setText(findTestObject("Objeto_xpath/Campo_nombre"), "Ljubo"): Text 'Ljubo' is set on object 'Object Repository/Objeto_xpath/Campo_nombre'

2022-11-30 22:20:44 - [MESSAGE][PASSED] - Text 'Ljubo' is set on object 'Object Repository/Objeto_xpath/Campo_nombre'

2022-11-30 22:20:44 - [TEST_STEP][PASSED] - delay(3): Delayed 3 second(s)

2022-11-30 22:20:47 - [MESSAGE][PASSED] - Delayed 3 second(s)

2022-11-30 22:20:47 - [TEST_STEP][PASSED] - closeBrowser(): Browser is closed

2022-11-30 22:20:48 - [MESSAGE][PASSED] - Browser is closed]]></system-out>
         <system-err><![CDATA[]]></system-err>
      </testcase>
      <testcase name="Test Cases/Condicionales_If/Condicionar_titulo" time="26.806" classname="Test Cases/Condicionales_If/Condicionar_titulo" status="PASSED">
         <system-out><![CDATA[2022-11-30 22:20:48 - [TEST_CASE][PASSED] - Test Cases/Condicionales_If/Condicionar_titulo: Test Cases/Condicionales_If/Condicionar_titulo

2022-11-30 22:20:48 - [TEST_STEP][PASSED] - openBrowser(""): Browser is opened with url: ''

2022-11-30 22:20:48 - [MESSAGE][INFO] - Starting 'Chrome' driver

2022-11-30 22:20:48 - [MESSAGE][INFO] - Action delay is set to 0 milliseconds

2022-11-30 22:20:50 - [MESSAGE][PASSED] - Browser is opened with url: ''

2022-11-30 22:20:50 - [TEST_STEP][PASSED] - navigateToUrl("https://demoqa.com/"): Navigate to 'https://demoqa.com/' successfully

2022-11-30 22:21:01 - [MESSAGE][PASSED] - Navigate to 'https://demoqa.com/' successfully

2022-11-30 22:21:01 - [TEST_STEP][PASSED] - maximizeWindow(): Current window maximized

2022-11-30 22:21:01 - [MESSAGE][PASSED] - Current window maximized

2022-11-30 22:21:01 - [TEST_STEP][PASSED] - waitForPageLoad(5): Wait for page load successfully

2022-11-30 22:21:01 - [MESSAGE][PASSED] - Wait for page load successfully

2022-11-30 22:21:01 - [TEST_STEP][PASSED] - Existe = waitForElementVisible(findTestObject("Condicionales/Texto_radio"), 3): Web element with id: 'Object Repository/Condicionales/Texto_radio' located by '//div[@class='main-header'][contains(.,'Radio Button')]' not found

2022-11-30 22:21:05 - [MESSAGE][INFO] - Unable to find the element located by 'By.xpath: //div[@class='main-header'][contains(.,'Radio Button')]'. Please recheck the objects properties to make sure the desired element is located. 

2022-11-30 22:21:05 - [MESSAGE][WARNING] - [SELF-HEALING] Failed to find element with id 'Object Repository/Condicionales/Texto_radio'. Try using Self-healing.

2022-11-30 22:21:06 - [MESSAGE][INFO] - [SELF-HEALING] No working XPath is found.

2022-11-30 22:21:07 - [MESSAGE][INFO] - Unable to find the element located by 'By.xpath: '. Please recheck the objects properties to make sure the desired element is located. 

2022-11-30 22:21:07 - [MESSAGE][WARNING] - [SELF-HEALING] Cannot find elements when the selector is null

2022-11-30 22:21:07 - [MESSAGE][WARNING] - Web element with id: 'Object Repository/Condicionales/Texto_radio' located by '//div[@class='main-header'][contains(.,'Radio Button')]' not found

2022-11-30 22:21:07 - [TEST_STEP][PASSED] - print(Existe): null

2022-11-30 22:21:07 - [TEST_STEP][PASSED] - if (Existe == true): null

2022-11-30 22:21:07 - [TEST_STEP][PASSED] - else: Browser is closed

2022-11-30 22:21:07 - [TEST_STEP][PASSED] - print("-----  Error no esta el elemento de texto radio ------"): null

2022-11-30 22:21:07 - [TEST_STEP][PASSED] - navigateToUrl("https://demoqa.com/radio-button"): Navigate to 'https://demoqa.com/radio-button' successfully

2022-11-30 22:21:11 - [MESSAGE][PASSED] - Navigate to 'https://demoqa.com/radio-button' successfully

2022-11-30 22:21:11 - [TEST_STEP][PASSED] - click(findTestObject("Condicionales/Objeto_yes")): Object: 'Object Repository/Condicionales/Objeto_yes' is clicked on

2022-11-30 22:21:12 - [MESSAGE][PASSED] - Object: 'Object Repository/Condicionales/Objeto_yes' is clicked on

2022-11-30 22:21:12 - [TEST_STEP][PASSED] - delay(2): Delayed 2 second(s)

2022-11-30 22:21:14 - [MESSAGE][PASSED] - Delayed 2 second(s)

2022-11-30 22:21:14 - [TEST_STEP][PASSED] - closeBrowser(): Browser is closed

2022-11-30 22:21:15 - [MESSAGE][PASSED] - Browser is closed]]></system-out>
         <system-err><![CDATA[]]></system-err>
      </testcase>
      <testcase name="Test Cases/Condicionales_If/Test_1" time="0.031" classname="Test Cases/Condicionales_If/Test_1" status="PASSED">
         <system-out><![CDATA[2022-11-30 22:21:15 - [TEST_CASE][PASSED] - Test Cases/Condicionales_If/Test_1: Test Cases/Condicionales_If/Test_1

2022-11-30 22:21:15 - [TEST_STEP][PASSED] - if (num == 10): null

2022-11-30 22:21:15 - [TEST_STEP][PASSED] - else: null

2022-11-30 22:21:15 - [TEST_STEP][PASSED] - print("El numero no es un 10 es el numero:  " + num + "#####"): null]]></system-out>
         <system-err><![CDATA[]]></system-err>
      </testcase>
      <testcase name="Test Cases/Condicionales_If/Test_2" time="0.02" classname="Test Cases/Condicionales_If/Test_2" status="PASSED">
         <system-out><![CDATA[2022-11-30 22:21:15 - [TEST_CASE][PASSED] - Test Cases/Condicionales_If/Test_2: Test Cases/Condicionales_If/Test_2

2022-11-30 22:21:15 - [TEST_STEP][PASSED] - if (num == 5): null

2022-11-30 22:21:15 - [TEST_STEP][PASSED] - if (num == 10): null

2022-11-30 22:21:15 - [TEST_STEP][PASSED] - println("El valor de la variables es un: 10"): null]]></system-out>
         <system-err><![CDATA[]]></system-err>
      </testcase>
      <testcase name="Test Cases/Condicionales_If/Test_3" time="0.02" classname="Test Cases/Condicionales_If/Test_3" status="PASSED">
         <system-out><![CDATA[2022-11-30 22:21:15 - [TEST_CASE][PASSED] - Test Cases/Condicionales_If/Test_3: Test Cases/Condicionales_If/Test_3

2022-11-30 22:21:15 - [TEST_STEP][PASSED] - if (nombre == "Juan"): null

2022-11-30 22:21:15 - [TEST_STEP][PASSED] - if (nombre == "JUan"): null

2022-11-30 22:21:15 - [TEST_STEP][PASSED] - if (nombre == "juan"): null

2022-11-30 22:21:15 - [TEST_STEP][PASSED] - println("Tu nombre es juan"): null]]></system-out>
         <system-err><![CDATA[]]></system-err>
      </testcase>
      <testcase name="Test Cases/Condicionales_If/Test_4" time="0.027" classname="Test Cases/Condicionales_If/Test_4" status="PASSED">
         <system-out><![CDATA[2022-11-30 22:21:15 - [TEST_CASE][PASSED] - Test Cases/Condicionales_If/Test_4: Test Cases/Condicionales_If/Test_4

2022-11-30 22:21:15 - [TEST_STEP][PASSED] - if (num <= 7): null

2022-11-30 22:21:15 - [TEST_STEP][PASSED] - println("El numero es menor ó igual que 5"): null

2022-11-30 22:21:15 - [TEST_STEP][PASSED] - if (num >= 8): null

2022-11-30 22:21:15 - [TEST_STEP][PASSED] - if (num != 5): null]]></system-out>
         <system-err><![CDATA[]]></system-err>
      </testcase>
      <testcase name="Test Cases/Condicionales_If/Test_edad" time="0.026" classname="Test Cases/Condicionales_If/Test_edad" status="PASSED">
         <system-out><![CDATA[2022-11-30 22:21:15 - [TEST_CASE][PASSED] - Test Cases/Condicionales_If/Test_edad: Test Cases/Condicionales_If/Test_edad

2022-11-30 22:21:15 - [TEST_STEP][PASSED] - if (edad >= 1 && edad <= 17): null

2022-11-30 22:21:15 - [TEST_STEP][PASSED] - else if (edad == 18): null

2022-11-30 22:21:15 - [TEST_STEP][PASSED] - else if (edad <= 0): null

2022-11-30 22:21:15 - [TEST_STEP][PASSED] - else if (edad == 120): null

2022-11-30 22:21:15 - [TEST_STEP][PASSED] - else: null

2022-11-30 22:21:15 - [TEST_STEP][PASSED] - print("No se cumple ninguna de las opciones"): null]]></system-out>
         <system-err><![CDATA[]]></system-err>
      </testcase>
      <testcase name="Test Cases/Condicionales_If/Test_valor" time="23.601" classname="Test Cases/Condicionales_If/Test_valor" status="PASSED">
         <system-out><![CDATA[2022-11-30 22:21:15 - [TEST_CASE][PASSED] - Test Cases/Condicionales_If/Test_valor: Test Cases/Condicionales_If/Test_valor

2022-11-30 22:21:15 - [TEST_STEP][PASSED] - openBrowser(""): Browser is opened with url: ''

2022-11-30 22:21:15 - [MESSAGE][INFO] - Starting 'Chrome' driver

2022-11-30 22:21:15 - [MESSAGE][INFO] - Action delay is set to 0 milliseconds

2022-11-30 22:21:17 - [MESSAGE][PASSED] - Browser is opened with url: ''

2022-11-30 22:21:17 - [TEST_STEP][PASSED] - navigateToUrl("https://demoqa.com/"): Navigate to 'https://demoqa.com/' successfully

2022-11-30 22:21:29 - [MESSAGE][PASSED] - Navigate to 'https://demoqa.com/' successfully

2022-11-30 22:21:29 - [TEST_STEP][PASSED] - maximizeWindow(): Current window maximized

2022-11-30 22:21:29 - [MESSAGE][PASSED] - Current window maximized

2022-11-30 22:21:29 - [TEST_STEP][PASSED] - waitForPageLoad(10): Wait for page load successfully

2022-11-30 22:21:29 - [MESSAGE][PASSED] - Wait for page load successfully

2022-11-30 22:21:29 - [TEST_STEP][PASSED] - Existe = waitForElementVisible(findTestObject("Condicionales/titulo1"), 5): Web element with id: 'Object Repository/Condicionales/titulo1' located by '//div[@class='main-header'][contains(.,'Radio Button')]' not found

2022-11-30 22:21:36 - [MESSAGE][INFO] - Unable to find the element located by 'By.xpath: //div[@class='main-header'][contains(.,'Radio Button')]'. Please recheck the objects properties to make sure the desired element is located. 

2022-11-30 22:21:36 - [MESSAGE][WARNING] - [SELF-HEALING] Failed to find element with id 'Object Repository/Condicionales/titulo1'. Try using Self-healing.

2022-11-30 22:21:37 - [MESSAGE][INFO] - [SELF-HEALING] No working XPath is found.

2022-11-30 22:21:38 - [MESSAGE][INFO] - Unable to find the element located by 'By.xpath: '. Please recheck the objects properties to make sure the desired element is located. 

2022-11-30 22:21:38 - [MESSAGE][WARNING] - [SELF-HEALING] Cannot find elements when the selector is null

2022-11-30 22:21:38 - [MESSAGE][WARNING] - Web element with id: 'Object Repository/Condicionales/titulo1' located by '//div[@class='main-header'][contains(.,'Radio Button')]' not found

2022-11-30 22:21:38 - [TEST_STEP][PASSED] - if (Existe == true): null

2022-11-30 22:21:38 - [TEST_STEP][PASSED] - else: Browser is closed

2022-11-30 22:21:38 - [TEST_STEP][PASSED] - print("No estas en la página correcta"): null

2022-11-30 22:21:38 - [TEST_STEP][PASSED] - closeBrowser(): Browser is closed

2022-11-30 22:21:39 - [MESSAGE][PASSED] - Browser is closed]]></system-out>
         <system-err><![CDATA[]]></system-err>
      </testcase>
      <testcase name="Test Cases/BUCLES/Reto_For" time="26.345" classname="Test Cases/BUCLES/Reto_For" status="PASSED">
         <system-out><![CDATA[2022-11-30 22:21:39 - [TEST_CASE][PASSED] - Test Cases/BUCLES/Reto_For: Test Cases/BUCLES/Reto_For

2022-11-30 22:21:39 - [TEST_STEP][PASSED] - openBrowser(""): Browser is opened with url: ''

2022-11-30 22:21:39 - [MESSAGE][INFO] - Starting 'Chrome' driver

2022-11-30 22:21:39 - [MESSAGE][INFO] - Action delay is set to 0 milliseconds

2022-11-30 22:21:40 - [MESSAGE][PASSED] - Browser is opened with url: ''

2022-11-30 22:21:40 - [TEST_STEP][PASSED] - navigateToUrl("https://demoqa.com/text-box"): Navigate to 'https://demoqa.com/text-box' successfully

2022-11-30 22:21:48 - [MESSAGE][PASSED] - Navigate to 'https://demoqa.com/text-box' successfully

2022-11-30 22:21:48 - [TEST_STEP][PASSED] - maximizeWindow(): Current window maximized

2022-11-30 22:21:48 - [MESSAGE][PASSED] - Current window maximized

2022-11-30 22:21:48 - [TEST_STEP][PASSED] - waitForPageLoad(5): Wait for page load successfully

2022-11-30 22:21:48 - [MESSAGE][PASSED] - Wait for page load successfully

2022-11-30 22:21:48 - [TEST_STEP][PASSED] - for ([x = 1, x <= 4, (x++)]): Browser is scrolled to position x = 0, y = 100

2022-11-30 22:21:48 - [TEST_STEP][PASSED] - z = ["Carlos", "Erika", "Paco", "Rodrigo", "Juan"]: null

2022-11-30 22:21:48 - [TEST_STEP][PASSED] - rn = new java.util.Random(): null

2022-11-30 22:21:48 - [TEST_STEP][PASSED] - tx_nombre = z[rn.nextInt(size)]: null

2022-11-30 22:21:48 - [TEST_STEP][PASSED] - setText(findTestObject("Object Repository/Reto_for/Page_ToolsQA/input_Full Name_userName"), tx_nombre): Text 'Paco' is set on object 'Object Repository/Reto_for/Page_ToolsQA/input_Full Name_userName'

2022-11-30 22:21:50 - [MESSAGE][PASSED] - Text 'Paco' is set on object 'Object Repository/Reto_for/Page_ToolsQA/input_Full Name_userName'

2022-11-30 22:21:50 - [TEST_STEP][PASSED] - setText(findTestObject("Object Repository/Reto_for/Page_ToolsQA/input_Email_userEmail"), tx_nombre + "@gmail.com"): Text 'Paco@gmail.com' is set on object 'Object Repository/Reto_for/Page_ToolsQA/input_Email_userEmail'

2022-11-30 22:21:50 - [MESSAGE][PASSED] - Text 'Paco@gmail.com' is set on object 'Object Repository/Reto_for/Page_ToolsQA/input_Email_userEmail'

2022-11-30 22:21:50 - [TEST_STEP][PASSED] - setText(findTestObject("Object Repository/Reto_for/Page_ToolsQA/textarea_Current Address_currentAddress"), "Dirección#" + x): Text 'Dirección#1' is set on object 'Object Repository/Reto_for/Page_ToolsQA/textarea_Current Address_currentAddress'

2022-11-30 22:21:51 - [MESSAGE][PASSED] - Text 'Dirección#1' is set on object 'Object Repository/Reto_for/Page_ToolsQA/textarea_Current Address_currentAddress'

2022-11-30 22:21:51 - [TEST_STEP][PASSED] - setText(findTestObject("Object Repository/Reto_for/Page_ToolsQA/textarea_Permanent Address_permanentAddress"), "Dirección dos#" + x): Text 'Dirección dos#1' is set on object 'Object Repository/Reto_for/Page_ToolsQA/textarea_Permanent Address_permanentAddress'

2022-11-30 22:21:52 - [MESSAGE][PASSED] - Text 'Dirección dos#1' is set on object 'Object Repository/Reto_for/Page_ToolsQA/textarea_Permanent Address_permanentAddress'

2022-11-30 22:21:52 - [TEST_STEP][PASSED] - scrollToPosition(0, 500): Browser is scrolled to position x = 0, y = 500

2022-11-30 22:21:52 - [MESSAGE][PASSED] - Browser is scrolled to position x = 0, y = 500

2022-11-30 22:21:52 - [TEST_STEP][PASSED] - click(findTestObject("Object Repository/Reto_for/Page_ToolsQA/button_Submit")): Object: 'Object Repository/Reto_for/Page_ToolsQA/button_Submit' is clicked on

2022-11-30 22:21:53 - [MESSAGE][PASSED] - Object: 'Object Repository/Reto_for/Page_ToolsQA/button_Submit' is clicked on

2022-11-30 22:21:53 - [TEST_STEP][PASSED] - scrollToPosition(0, 100): Browser is scrolled to position x = 0, y = 100

2022-11-30 22:21:53 - [MESSAGE][PASSED] - Browser is scrolled to position x = 0, y = 100

2022-11-30 22:21:53 - [TEST_STEP][PASSED] - z = ["Carlos", "Erika", "Paco", "Rodrigo", "Juan"]: null

2022-11-30 22:21:53 - [TEST_STEP][PASSED] - rn = new java.util.Random(): null

2022-11-30 22:21:53 - [TEST_STEP][PASSED] - tx_nombre = z[rn.nextInt(size)]: null

2022-11-30 22:21:53 - [TEST_STEP][PASSED] - setText(findTestObject("Object Repository/Reto_for/Page_ToolsQA/input_Full Name_userName"), tx_nombre): Text 'Erika' is set on object 'Object Repository/Reto_for/Page_ToolsQA/input_Full Name_userName'

2022-11-30 22:21:54 - [MESSAGE][PASSED] - Text 'Erika' is set on object 'Object Repository/Reto_for/Page_ToolsQA/input_Full Name_userName'

2022-11-30 22:21:54 - [TEST_STEP][PASSED] - setText(findTestObject("Object Repository/Reto_for/Page_ToolsQA/input_Email_userEmail"), tx_nombre + "@gmail.com"): Text 'Erika@gmail.com' is set on object 'Object Repository/Reto_for/Page_ToolsQA/input_Email_userEmail'

2022-11-30 22:21:55 - [MESSAGE][PASSED] - Text 'Erika@gmail.com' is set on object 'Object Repository/Reto_for/Page_ToolsQA/input_Email_userEmail'

2022-11-30 22:21:55 - [TEST_STEP][PASSED] - setText(findTestObject("Object Repository/Reto_for/Page_ToolsQA/textarea_Current Address_currentAddress"), "Dirección#" + x): Text 'Dirección#2' is set on object 'Object Repository/Reto_for/Page_ToolsQA/textarea_Current Address_currentAddress'

2022-11-30 22:21:55 - [MESSAGE][PASSED] - Text 'Dirección#2' is set on object 'Object Repository/Reto_for/Page_ToolsQA/textarea_Current Address_currentAddress'

2022-11-30 22:21:55 - [TEST_STEP][PASSED] - setText(findTestObject("Object Repository/Reto_for/Page_ToolsQA/textarea_Permanent Address_permanentAddress"), "Dirección dos#" + x): Text 'Dirección dos#2' is set on object 'Object Repository/Reto_for/Page_ToolsQA/textarea_Permanent Address_permanentAddress'

2022-11-30 22:21:56 - [MESSAGE][PASSED] - Text 'Dirección dos#2' is set on object 'Object Repository/Reto_for/Page_ToolsQA/textarea_Permanent Address_permanentAddress'

2022-11-30 22:21:56 - [TEST_STEP][PASSED] - scrollToPosition(0, 500): Browser is scrolled to position x = 0, y = 500

2022-11-30 22:21:56 - [MESSAGE][PASSED] - Browser is scrolled to position x = 0, y = 500

2022-11-30 22:21:56 - [TEST_STEP][PASSED] - click(findTestObject("Object Repository/Reto_for/Page_ToolsQA/button_Submit")): Object: 'Object Repository/Reto_for/Page_ToolsQA/button_Submit' is clicked on

2022-11-30 22:21:57 - [MESSAGE][PASSED] - Object: 'Object Repository/Reto_for/Page_ToolsQA/button_Submit' is clicked on

2022-11-30 22:21:57 - [TEST_STEP][PASSED] - scrollToPosition(0, 100): Browser is scrolled to position x = 0, y = 100

2022-11-30 22:21:57 - [MESSAGE][PASSED] - Browser is scrolled to position x = 0, y = 100

2022-11-30 22:21:57 - [TEST_STEP][PASSED] - z = ["Carlos", "Erika", "Paco", "Rodrigo", "Juan"]: null

2022-11-30 22:21:57 - [TEST_STEP][PASSED] - rn = new java.util.Random(): null

2022-11-30 22:21:57 - [TEST_STEP][PASSED] - tx_nombre = z[rn.nextInt(size)]: null

2022-11-30 22:21:57 - [TEST_STEP][PASSED] - setText(findTestObject("Object Repository/Reto_for/Page_ToolsQA/input_Full Name_userName"), tx_nombre): Text 'Paco' is set on object 'Object Repository/Reto_for/Page_ToolsQA/input_Full Name_userName'

2022-11-30 22:21:58 - [MESSAGE][PASSED] - Text 'Paco' is set on object 'Object Repository/Reto_for/Page_ToolsQA/input_Full Name_userName'

2022-11-30 22:21:58 - [TEST_STEP][PASSED] - setText(findTestObject("Object Repository/Reto_for/Page_ToolsQA/input_Email_userEmail"), tx_nombre + "@gmail.com"): Text 'Paco@gmail.com' is set on object 'Object Repository/Reto_for/Page_ToolsQA/input_Email_userEmail'

2022-11-30 22:21:58 - [MESSAGE][PASSED] - Text 'Paco@gmail.com' is set on object 'Object Repository/Reto_for/Page_ToolsQA/input_Email_userEmail'

2022-11-30 22:21:58 - [TEST_STEP][PASSED] - setText(findTestObject("Object Repository/Reto_for/Page_ToolsQA/textarea_Current Address_currentAddress"), "Dirección#" + x): Text 'Dirección#3' is set on object 'Object Repository/Reto_for/Page_ToolsQA/textarea_Current Address_currentAddress'

2022-11-30 22:21:59 - [MESSAGE][PASSED] - Text 'Dirección#3' is set on object 'Object Repository/Reto_for/Page_ToolsQA/textarea_Current Address_currentAddress'

2022-11-30 22:21:59 - [TEST_STEP][PASSED] - setText(findTestObject("Object Repository/Reto_for/Page_ToolsQA/textarea_Permanent Address_permanentAddress"), "Dirección dos#" + x): Text 'Dirección dos#3' is set on object 'Object Repository/Reto_for/Page_ToolsQA/textarea_Permanent Address_permanentAddress'

2022-11-30 22:22:00 - [MESSAGE][PASSED] - Text 'Dirección dos#3' is set on object 'Object Repository/Reto_for/Page_ToolsQA/textarea_Permanent Address_permanentAddress'

2022-11-30 22:22:00 - [TEST_STEP][PASSED] - scrollToPosition(0, 500): Browser is scrolled to position x = 0, y = 500

2022-11-30 22:22:00 - [MESSAGE][PASSED] - Browser is scrolled to position x = 0, y = 500

2022-11-30 22:22:00 - [TEST_STEP][PASSED] - click(findTestObject("Object Repository/Reto_for/Page_ToolsQA/button_Submit")): Object: 'Object Repository/Reto_for/Page_ToolsQA/button_Submit' is clicked on

2022-11-30 22:22:00 - [MESSAGE][PASSED] - Object: 'Object Repository/Reto_for/Page_ToolsQA/button_Submit' is clicked on

2022-11-30 22:22:00 - [TEST_STEP][PASSED] - scrollToPosition(0, 100): Browser is scrolled to position x = 0, y = 100

2022-11-30 22:22:00 - [MESSAGE][PASSED] - Browser is scrolled to position x = 0, y = 100

2022-11-30 22:22:00 - [TEST_STEP][PASSED] - z = ["Carlos", "Erika", "Paco", "Rodrigo", "Juan"]: null

2022-11-30 22:22:00 - [TEST_STEP][PASSED] - rn = new java.util.Random(): null

2022-11-30 22:22:00 - [TEST_STEP][PASSED] - tx_nombre = z[rn.nextInt(size)]: null

2022-11-30 22:22:00 - [TEST_STEP][PASSED] - setText(findTestObject("Object Repository/Reto_for/Page_ToolsQA/input_Full Name_userName"), tx_nombre): Text 'Paco' is set on object 'Object Repository/Reto_for/Page_ToolsQA/input_Full Name_userName'

2022-11-30 22:22:01 - [MESSAGE][PASSED] - Text 'Paco' is set on object 'Object Repository/Reto_for/Page_ToolsQA/input_Full Name_userName'

2022-11-30 22:22:01 - [TEST_STEP][PASSED] - setText(findTestObject("Object Repository/Reto_for/Page_ToolsQA/input_Email_userEmail"), tx_nombre + "@gmail.com"): Text 'Paco@gmail.com' is set on object 'Object Repository/Reto_for/Page_ToolsQA/input_Email_userEmail'

2022-11-30 22:22:02 - [MESSAGE][PASSED] - Text 'Paco@gmail.com' is set on object 'Object Repository/Reto_for/Page_ToolsQA/input_Email_userEmail'

2022-11-30 22:22:02 - [TEST_STEP][PASSED] - setText(findTestObject("Object Repository/Reto_for/Page_ToolsQA/textarea_Current Address_currentAddress"), "Dirección#" + x): Text 'Dirección#4' is set on object 'Object Repository/Reto_for/Page_ToolsQA/textarea_Current Address_currentAddress'

2022-11-30 22:22:03 - [MESSAGE][PASSED] - Text 'Dirección#4' is set on object 'Object Repository/Reto_for/Page_ToolsQA/textarea_Current Address_currentAddress'

2022-11-30 22:22:03 - [TEST_STEP][PASSED] - setText(findTestObject("Object Repository/Reto_for/Page_ToolsQA/textarea_Permanent Address_permanentAddress"), "Dirección dos#" + x): Text 'Dirección dos#4' is set on object 'Object Repository/Reto_for/Page_ToolsQA/textarea_Permanent Address_permanentAddress'

2022-11-30 22:22:04 - [MESSAGE][PASSED] - Text 'Dirección dos#4' is set on object 'Object Repository/Reto_for/Page_ToolsQA/textarea_Permanent Address_permanentAddress'

2022-11-30 22:22:04 - [TEST_STEP][PASSED] - scrollToPosition(0, 500): Browser is scrolled to position x = 0, y = 500

2022-11-30 22:22:04 - [MESSAGE][PASSED] - Browser is scrolled to position x = 0, y = 500

2022-11-30 22:22:04 - [TEST_STEP][PASSED] - click(findTestObject("Object Repository/Reto_for/Page_ToolsQA/button_Submit")): Object: 'Object Repository/Reto_for/Page_ToolsQA/button_Submit' is clicked on

2022-11-30 22:22:04 - [MESSAGE][PASSED] - Object: 'Object Repository/Reto_for/Page_ToolsQA/button_Submit' is clicked on

2022-11-30 22:22:04 - [TEST_STEP][PASSED] - scrollToPosition(0, 100): Browser is scrolled to position x = 0, y = 100

2022-11-30 22:22:04 - [MESSAGE][PASSED] - Browser is scrolled to position x = 0, y = 100

2022-11-30 22:22:04 - [TEST_STEP][PASSED] - closeBrowser(): Browser is closed

2022-11-30 22:22:05 - [MESSAGE][PASSED] - Browser is closed]]></system-out>
         <system-err><![CDATA[]]></system-err>
      </testcase>
      <testcase name="Test Cases/BUCLES/Reto_while" time="40.138" classname="Test Cases/BUCLES/Reto_while" status="PASSED">
         <system-out><![CDATA[2022-11-30 22:22:05 - [TEST_CASE][PASSED] - Test Cases/BUCLES/Reto_while: Test Cases/BUCLES/Reto_while

2022-11-30 22:22:05 - [TEST_STEP][PASSED] - openBrowser(""): Browser is opened with url: ''

2022-11-30 22:22:05 - [MESSAGE][INFO] - Starting 'Chrome' driver

2022-11-30 22:22:05 - [MESSAGE][INFO] - Action delay is set to 0 milliseconds

2022-11-30 22:22:07 - [MESSAGE][PASSED] - Browser is opened with url: ''

2022-11-30 22:22:07 - [TEST_STEP][PASSED] - navigateToUrl("https://www.google.com/"): Navigate to 'https://www.google.com/' successfully

2022-11-30 22:22:09 - [MESSAGE][PASSED] - Navigate to 'https://www.google.com/' successfully

2022-11-30 22:22:09 - [TEST_STEP][PASSED] - Bandera = 0: null

2022-11-30 22:22:09 - [TEST_STEP][PASSED] - while (Bandera != 1): null

2022-11-30 22:22:09 - [TEST_STEP][PASSED] - num = Math.random() * 5 - 1 + 1: null

2022-11-30 22:22:09 - [TEST_STEP][PASSED] - setText(findTestObject("Object Repository/While_google/Page_Google/input__q"), "5+" + num): Text '5+4' is set on object 'Object Repository/While_google/Page_Google/input__q'

2022-11-30 22:22:10 - [MESSAGE][PASSED] - Text '5+4' is set on object 'Object Repository/While_google/Page_Google/input__q'

2022-11-30 22:22:10 - [TEST_STEP][PASSED] - sendKeys(findTestObject("Object Repository/While_google/Page_Google/input__q"), Keys.chord(ENTER)): Keys 'ENTER + ' sent to object: 'Object Repository/While_google/Page_Google/input__q'

2022-11-30 22:22:15 - [MESSAGE][PASSED] - Keys 'ENTER + ' sent to object: 'Object Repository/While_google/Page_Google/input__q'

2022-11-30 22:22:15 - [TEST_STEP][PASSED] - Resultado = getText(findTestObject("While_google/Extras/Resultado_10")): Text of object 'Object Repository/While_google/Extras/Resultado_10' is: '9'

2022-11-30 22:22:16 - [MESSAGE][PASSED] - Text of object 'Object Repository/While_google/Extras/Resultado_10' is: '9'

2022-11-30 22:22:16 - [TEST_STEP][PASSED] - if (Resultado == "8"): null

2022-11-30 22:22:16 - [TEST_STEP][PASSED] - else: null

2022-11-30 22:22:16 - [TEST_STEP][PASSED] - Bandera = 0: null

2022-11-30 22:22:16 - [TEST_STEP][PASSED] - print(Bandera + "------"): null

2022-11-30 22:22:16 - [TEST_STEP][PASSED] - num = Math.random() * 5 - 1 + 1: null

2022-11-30 22:22:16 - [TEST_STEP][PASSED] - setText(findTestObject("Object Repository/While_google/Page_Google/input__q"), "5+" + num): Text '5+1' is set on object 'Object Repository/While_google/Page_Google/input__q'

2022-11-30 22:22:16 - [MESSAGE][PASSED] - Text '5+1' is set on object 'Object Repository/While_google/Page_Google/input__q'

2022-11-30 22:22:16 - [TEST_STEP][PASSED] - sendKeys(findTestObject("Object Repository/While_google/Page_Google/input__q"), Keys.chord(ENTER)): Keys 'ENTER + ' sent to object: 'Object Repository/While_google/Page_Google/input__q'

2022-11-30 22:22:21 - [MESSAGE][PASSED] - Keys 'ENTER + ' sent to object: 'Object Repository/While_google/Page_Google/input__q'

2022-11-30 22:22:21 - [TEST_STEP][PASSED] - Resultado = getText(findTestObject("While_google/Extras/Resultado_10")): Text of object 'Object Repository/While_google/Extras/Resultado_10' is: '6'

2022-11-30 22:22:21 - [MESSAGE][PASSED] - Text of object 'Object Repository/While_google/Extras/Resultado_10' is: '6'

2022-11-30 22:22:21 - [TEST_STEP][PASSED] - if (Resultado == "8"): null

2022-11-30 22:22:21 - [TEST_STEP][PASSED] - else: null

2022-11-30 22:22:21 - [TEST_STEP][PASSED] - Bandera = 0: null

2022-11-30 22:22:21 - [TEST_STEP][PASSED] - print(Bandera + "------"): null

2022-11-30 22:22:21 - [TEST_STEP][PASSED] - num = Math.random() * 5 - 1 + 1: null

2022-11-30 22:22:21 - [TEST_STEP][PASSED] - setText(findTestObject("Object Repository/While_google/Page_Google/input__q"), "5+" + num): Text '5+2' is set on object 'Object Repository/While_google/Page_Google/input__q'

2022-11-30 22:22:22 - [MESSAGE][PASSED] - Text '5+2' is set on object 'Object Repository/While_google/Page_Google/input__q'

2022-11-30 22:22:22 - [TEST_STEP][PASSED] - sendKeys(findTestObject("Object Repository/While_google/Page_Google/input__q"), Keys.chord(ENTER)): Keys 'ENTER + ' sent to object: 'Object Repository/While_google/Page_Google/input__q'

2022-11-30 22:22:25 - [MESSAGE][PASSED] - Keys 'ENTER + ' sent to object: 'Object Repository/While_google/Page_Google/input__q'

2022-11-30 22:22:25 - [TEST_STEP][PASSED] - Resultado = getText(findTestObject("While_google/Extras/Resultado_10")): Text of object 'Object Repository/While_google/Extras/Resultado_10' is: '7'

2022-11-30 22:22:25 - [MESSAGE][PASSED] - Text of object 'Object Repository/While_google/Extras/Resultado_10' is: '7'

2022-11-30 22:22:25 - [TEST_STEP][PASSED] - if (Resultado == "8"): null

2022-11-30 22:22:25 - [TEST_STEP][PASSED] - else: null

2022-11-30 22:22:25 - [TEST_STEP][PASSED] - Bandera = 0: null

2022-11-30 22:22:25 - [TEST_STEP][PASSED] - print(Bandera + "------"): null

2022-11-30 22:22:25 - [TEST_STEP][PASSED] - num = Math.random() * 5 - 1 + 1: null

2022-11-30 22:22:25 - [TEST_STEP][PASSED] - setText(findTestObject("Object Repository/While_google/Page_Google/input__q"), "5+" + num): Text '5+1' is set on object 'Object Repository/While_google/Page_Google/input__q'

2022-11-30 22:22:26 - [MESSAGE][PASSED] - Text '5+1' is set on object 'Object Repository/While_google/Page_Google/input__q'

2022-11-30 22:22:26 - [TEST_STEP][PASSED] - sendKeys(findTestObject("Object Repository/While_google/Page_Google/input__q"), Keys.chord(ENTER)): Keys 'ENTER + ' sent to object: 'Object Repository/While_google/Page_Google/input__q'

2022-11-30 22:22:28 - [MESSAGE][PASSED] - Keys 'ENTER + ' sent to object: 'Object Repository/While_google/Page_Google/input__q'

2022-11-30 22:22:28 - [TEST_STEP][PASSED] - Resultado = getText(findTestObject("While_google/Extras/Resultado_10")): Text of object 'Object Repository/While_google/Extras/Resultado_10' is: '6'

2022-11-30 22:22:29 - [MESSAGE][PASSED] - Text of object 'Object Repository/While_google/Extras/Resultado_10' is: '6'

2022-11-30 22:22:29 - [TEST_STEP][PASSED] - if (Resultado == "8"): null

2022-11-30 22:22:29 - [TEST_STEP][PASSED] - else: null

2022-11-30 22:22:29 - [TEST_STEP][PASSED] - Bandera = 0: null

2022-11-30 22:22:29 - [TEST_STEP][PASSED] - print(Bandera + "------"): null

2022-11-30 22:22:29 - [TEST_STEP][PASSED] - num = Math.random() * 5 - 1 + 1: null

2022-11-30 22:22:29 - [TEST_STEP][PASSED] - setText(findTestObject("Object Repository/While_google/Page_Google/input__q"), "5+" + num): Text '5+1' is set on object 'Object Repository/While_google/Page_Google/input__q'

2022-11-30 22:22:31 - [MESSAGE][PASSED] - Text '5+1' is set on object 'Object Repository/While_google/Page_Google/input__q'

2022-11-30 22:22:31 - [TEST_STEP][PASSED] - sendKeys(findTestObject("Object Repository/While_google/Page_Google/input__q"), Keys.chord(ENTER)): Keys 'ENTER + ' sent to object: 'Object Repository/While_google/Page_Google/input__q'

2022-11-30 22:22:34 - [MESSAGE][PASSED] - Keys 'ENTER + ' sent to object: 'Object Repository/While_google/Page_Google/input__q'

2022-11-30 22:22:34 - [TEST_STEP][PASSED] - Resultado = getText(findTestObject("While_google/Extras/Resultado_10")): Text of object 'Object Repository/While_google/Extras/Resultado_10' is: '6'

2022-11-30 22:22:34 - [MESSAGE][PASSED] - Text of object 'Object Repository/While_google/Extras/Resultado_10' is: '6'

2022-11-30 22:22:34 - [TEST_STEP][PASSED] - if (Resultado == "8"): null

2022-11-30 22:22:34 - [TEST_STEP][PASSED] - else: null

2022-11-30 22:22:34 - [TEST_STEP][PASSED] - Bandera = 0: null

2022-11-30 22:22:34 - [TEST_STEP][PASSED] - print(Bandera + "------"): null

2022-11-30 22:22:34 - [TEST_STEP][PASSED] - num = Math.random() * 5 - 1 + 1: null

2022-11-30 22:22:34 - [TEST_STEP][PASSED] - setText(findTestObject("Object Repository/While_google/Page_Google/input__q"), "5+" + num): Text '5+4' is set on object 'Object Repository/While_google/Page_Google/input__q'

2022-11-30 22:22:35 - [MESSAGE][PASSED] - Text '5+4' is set on object 'Object Repository/While_google/Page_Google/input__q'

2022-11-30 22:22:35 - [TEST_STEP][PASSED] - sendKeys(findTestObject("Object Repository/While_google/Page_Google/input__q"), Keys.chord(ENTER)): Keys 'ENTER + ' sent to object: 'Object Repository/While_google/Page_Google/input__q'

2022-11-30 22:22:37 - [MESSAGE][PASSED] - Keys 'ENTER + ' sent to object: 'Object Repository/While_google/Page_Google/input__q'

2022-11-30 22:22:37 - [TEST_STEP][PASSED] - Resultado = getText(findTestObject("While_google/Extras/Resultado_10")): Text of object 'Object Repository/While_google/Extras/Resultado_10' is: '9'

2022-11-30 22:22:38 - [MESSAGE][PASSED] - Text of object 'Object Repository/While_google/Extras/Resultado_10' is: '9'

2022-11-30 22:22:38 - [TEST_STEP][PASSED] - if (Resultado == "8"): null

2022-11-30 22:22:38 - [TEST_STEP][PASSED] - else: null

2022-11-30 22:22:38 - [TEST_STEP][PASSED] - Bandera = 0: null

2022-11-30 22:22:38 - [TEST_STEP][PASSED] - print(Bandera + "------"): null

2022-11-30 22:22:38 - [TEST_STEP][PASSED] - num = Math.random() * 5 - 1 + 1: null

2022-11-30 22:22:38 - [TEST_STEP][PASSED] - setText(findTestObject("Object Repository/While_google/Page_Google/input__q"), "5+" + num): Text '5+3' is set on object 'Object Repository/While_google/Page_Google/input__q'

2022-11-30 22:22:39 - [MESSAGE][PASSED] - Text '5+3' is set on object 'Object Repository/While_google/Page_Google/input__q'

2022-11-30 22:22:39 - [TEST_STEP][PASSED] - sendKeys(findTestObject("Object Repository/While_google/Page_Google/input__q"), Keys.chord(ENTER)): Keys 'ENTER + ' sent to object: 'Object Repository/While_google/Page_Google/input__q'

2022-11-30 22:22:44 - [MESSAGE][PASSED] - Keys 'ENTER + ' sent to object: 'Object Repository/While_google/Page_Google/input__q'

2022-11-30 22:22:44 - [TEST_STEP][PASSED] - Resultado = getText(findTestObject("While_google/Extras/Resultado_10")): Text of object 'Object Repository/While_google/Extras/Resultado_10' is: '8'

2022-11-30 22:22:44 - [MESSAGE][PASSED] - Text of object 'Object Repository/While_google/Extras/Resultado_10' is: '8'

2022-11-30 22:22:44 - [TEST_STEP][PASSED] - if (Resultado == "8"): Browser is closed

2022-11-30 22:22:44 - [TEST_STEP][PASSED] - Bandera = 1: null

2022-11-30 22:22:44 - [TEST_STEP][PASSED] - print("Listo termina"): null

2022-11-30 22:22:44 - [TEST_STEP][PASSED] - closeBrowser(): Browser is closed

2022-11-30 22:22:45 - [MESSAGE][PASSED] - Browser is closed

2022-11-30 22:22:45 - [TEST_STEP][PASSED] - print(Bandera + "------"): null]]></system-out>
         <system-err><![CDATA[]]></system-err>
      </testcase>
      <testcase name="Test Cases/BUCLES/Reto_while_solucion" time="10.258" classname="Test Cases/BUCLES/Reto_while_solucion" status="PASSED">
         <system-out><![CDATA[2022-11-30 22:22:45 - [TEST_CASE][PASSED] - Test Cases/BUCLES/Reto_while_solucion: Test Cases/BUCLES/Reto_while_solucion

2022-11-30 22:22:45 - [TEST_STEP][PASSED] - openBrowser(""): Browser is opened with url: ''

2022-11-30 22:22:45 - [MESSAGE][INFO] - Starting 'Chrome' driver

2022-11-30 22:22:45 - [MESSAGE][INFO] - Action delay is set to 0 milliseconds

2022-11-30 22:22:47 - [MESSAGE][PASSED] - Browser is opened with url: ''

2022-11-30 22:22:47 - [TEST_STEP][PASSED] - navigateToUrl("https://www.google.com/"): Navigate to 'https://www.google.com/' successfully

2022-11-30 22:22:48 - [MESSAGE][PASSED] - Navigate to 'https://www.google.com/' successfully

2022-11-30 22:22:48 - [TEST_STEP][PASSED] - Res = 0: null

2022-11-30 22:22:48 - [TEST_STEP][PASSED] - while (Res != 8): Browser is closed

2022-11-30 22:22:48 - [TEST_STEP][PASSED] - num = Math.random() * 5 - 1 + 1: null

2022-11-30 22:22:48 - [TEST_STEP][PASSED] - setText(findTestObject("Object Repository/Reto_while1/Page_Google/input__q"), "5+" + num): Text '5+3' is set on object 'Object Repository/Reto_while1/Page_Google/input__q'

2022-11-30 22:22:49 - [MESSAGE][PASSED] - Text '5+3' is set on object 'Object Repository/Reto_while1/Page_Google/input__q'

2022-11-30 22:22:49 - [TEST_STEP][PASSED] - sendKeys(findTestObject("Object Repository/Reto_while1/Page_Google/input__q"), Keys.chord(ENTER)): Keys 'ENTER + ' sent to object: 'Object Repository/Reto_while1/Page_Google/input__q'

2022-11-30 22:22:54 - [MESSAGE][PASSED] - Keys 'ENTER + ' sent to object: 'Object Repository/Reto_while1/Page_Google/input__q'

2022-11-30 22:22:54 - [TEST_STEP][PASSED] - Res = getText(findTestObject("Reto_while1/Resultado_8")).toInteger(): Text of object 'Object Repository/Reto_while1/Resultado_8' is: '8'

2022-11-30 22:22:55 - [MESSAGE][PASSED] - Text of object 'Object Repository/Reto_while1/Resultado_8' is: '8'

2022-11-30 22:22:55 - [TEST_STEP][PASSED] - if (Res == 8): Browser is closed

2022-11-30 22:22:55 - [TEST_STEP][PASSED] - closeBrowser(): Browser is closed

2022-11-30 22:22:55 - [MESSAGE][PASSED] - Browser is closed]]></system-out>
         <system-err><![CDATA[]]></system-err>
      </testcase>
      <testcase name="Test Cases/BUCLES/Test_1" time="29.693" classname="Test Cases/BUCLES/Test_1" status="PASSED">
         <system-out><![CDATA[2022-11-30 22:22:55 - [TEST_CASE][PASSED] - Test Cases/BUCLES/Test_1: Test Cases/BUCLES/Test_1

2022-11-30 22:22:55 - [TEST_STEP][PASSED] - openBrowser(""): Browser is opened with url: ''

2022-11-30 22:22:55 - [MESSAGE][INFO] - Starting 'Chrome' driver

2022-11-30 22:22:55 - [MESSAGE][INFO] - Action delay is set to 0 milliseconds

2022-11-30 22:22:57 - [MESSAGE][PASSED] - Browser is opened with url: ''

2022-11-30 22:22:57 - [TEST_STEP][PASSED] - navigateToUrl("https://demoqa.com/text-box"): Navigate to 'https://demoqa.com/text-box' successfully

2022-11-30 22:23:05 - [MESSAGE][PASSED] - Navigate to 'https://demoqa.com/text-box' successfully

2022-11-30 22:23:05 - [TEST_STEP][PASSED] - for ([x = 1, x <= 2, (x++)]): null

2022-11-30 22:23:05 - [TEST_STEP][PASSED] - openBrowser(""): Browser is opened with url: ''

2022-11-30 22:23:05 - [MESSAGE][WARNING] - A browser is already opened. Closing browser and opening a new one

2022-11-30 22:23:06 - [MESSAGE][INFO] - Starting 'Chrome' driver

2022-11-30 22:23:06 - [MESSAGE][INFO] - Action delay is set to 0 milliseconds

2022-11-30 22:23:08 - [MESSAGE][PASSED] - Browser is opened with url: ''

2022-11-30 22:23:08 - [TEST_STEP][PASSED] - navigateToUrl("https://demoqa.com/text-box"): Navigate to 'https://demoqa.com/text-box' successfully

2022-11-30 22:23:15 - [MESSAGE][PASSED] - Navigate to 'https://demoqa.com/text-box' successfully

2022-11-30 22:23:15 - [TEST_STEP][PASSED] - RN = Math.random() * 10 - 1 + 1: null

2022-11-30 22:23:15 - [TEST_STEP][PASSED] - print("Numero : " + RN + "----"): null

2022-11-30 22:23:15 - [TEST_STEP][PASSED] - z = ["Demo1", "Demo2", "Demo3", "Demo4", "Demo5"]: null

2022-11-30 22:23:15 - [TEST_STEP][PASSED] - rnd = new java.util.Random(): null

2022-11-30 22:23:15 - [TEST_STEP][PASSED] - texto = z[rnd.nextInt(size)]: null

2022-11-30 22:23:15 - [TEST_STEP][PASSED] - print(texto): null

2022-11-30 22:23:15 - [TEST_STEP][PASSED] - openBrowser(""): Browser is opened with url: ''

2022-11-30 22:23:15 - [MESSAGE][WARNING] - A browser is already opened. Closing browser and opening a new one

2022-11-30 22:23:15 - [MESSAGE][INFO] - Starting 'Chrome' driver

2022-11-30 22:23:15 - [MESSAGE][INFO] - Action delay is set to 0 milliseconds

2022-11-30 22:23:17 - [MESSAGE][PASSED] - Browser is opened with url: ''

2022-11-30 22:23:17 - [TEST_STEP][PASSED] - navigateToUrl("https://demoqa.com/text-box"): Navigate to 'https://demoqa.com/text-box' successfully

2022-11-30 22:23:24 - [MESSAGE][PASSED] - Navigate to 'https://demoqa.com/text-box' successfully

2022-11-30 22:23:24 - [TEST_STEP][PASSED] - RN = Math.random() * 10 - 1 + 1: null

2022-11-30 22:23:24 - [TEST_STEP][PASSED] - print("Numero : " + RN + "----"): null

2022-11-30 22:23:24 - [TEST_STEP][PASSED] - z = ["Demo1", "Demo2", "Demo3", "Demo4", "Demo5"]: null

2022-11-30 22:23:24 - [TEST_STEP][PASSED] - rnd = new java.util.Random(): null

2022-11-30 22:23:24 - [TEST_STEP][PASSED] - texto = z[rnd.nextInt(size)]: null

2022-11-30 22:23:24 - [TEST_STEP][PASSED] - print(texto): null

2022-11-30 22:23:24 - [TEST_STEP][PASSED] - closeBrowser(): Browser is closed

2022-11-30 22:23:25 - [MESSAGE][PASSED] - Browser is closed]]></system-out>
         <system-err><![CDATA[]]></system-err>
      </testcase>
      <testcase name="Test Cases/BUCLES/Test_2" time="16.998" classname="Test Cases/BUCLES/Test_2" status="PASSED">
         <system-out><![CDATA[2022-11-30 22:23:25 - [TEST_CASE][PASSED] - Test Cases/BUCLES/Test_2: Test Cases/BUCLES/Test_2

2022-11-30 22:23:25 - [TEST_STEP][PASSED] - openBrowser(""): Browser is opened with url: ''

2022-11-30 22:23:25 - [MESSAGE][INFO] - Starting 'Chrome' driver

2022-11-30 22:23:25 - [MESSAGE][INFO] - Action delay is set to 0 milliseconds

2022-11-30 22:23:27 - [MESSAGE][PASSED] - Browser is opened with url: ''

2022-11-30 22:23:27 - [TEST_STEP][PASSED] - navigateToUrl("https://demoqa.com/text-box"): Navigate to 'https://demoqa.com/text-box' successfully

2022-11-30 22:23:41 - [MESSAGE][PASSED] - Navigate to 'https://demoqa.com/text-box' successfully

2022-11-30 22:23:41 - [TEST_STEP][PASSED] - for ([x = 1, x <= 10, x = x + 2]): null

2022-11-30 22:23:41 - [TEST_STEP][PASSED] - print(" hola mundo " + x + "-------"): null

2022-11-30 22:23:41 - [TEST_STEP][PASSED] - print(" hola mundo " + x + "-------"): null

2022-11-30 22:23:41 - [TEST_STEP][PASSED] - print(" hola mundo " + x + "-------"): null

2022-11-30 22:23:41 - [TEST_STEP][PASSED] - print(" hola mundo " + x + "-------"): null

2022-11-30 22:23:41 - [TEST_STEP][PASSED] - print(" hola mundo " + x + "-------"): null

2022-11-30 22:23:41 - [TEST_STEP][PASSED] - closeBrowser(): Browser is closed

2022-11-30 22:23:42 - [MESSAGE][PASSED] - Browser is closed]]></system-out>
         <system-err><![CDATA[]]></system-err>
      </testcase>
      <testcase name="Test Cases/BUCLES/Test_while" time="9.216" classname="Test Cases/BUCLES/Test_while" status="PASSED">
         <system-out><![CDATA[2022-11-30 22:23:42 - [TEST_CASE][PASSED] - Test Cases/BUCLES/Test_while: Test Cases/BUCLES/Test_while

2022-11-30 22:23:42 - [TEST_STEP][PASSED] - openBrowser(""): Browser is opened with url: ''

2022-11-30 22:23:42 - [MESSAGE][INFO] - Starting 'Chrome' driver

2022-11-30 22:23:42 - [MESSAGE][INFO] - Action delay is set to 0 milliseconds

2022-11-30 22:23:43 - [MESSAGE][PASSED] - Browser is opened with url: ''

2022-11-30 22:23:43 - [TEST_STEP][PASSED] - navigateToUrl("https://demoqa.com/text-box"): Navigate to 'https://demoqa.com/text-box' successfully

2022-11-30 22:23:50 - [MESSAGE][PASSED] - Navigate to 'https://demoqa.com/text-box' successfully

2022-11-30 22:23:50 - [TEST_STEP][PASSED] - maximizeWindow(): Current window maximized

2022-11-30 22:23:51 - [MESSAGE][PASSED] - Current window maximized

2022-11-30 22:23:51 - [TEST_STEP][PASSED] - waitForPageLoad(5): Wait for page load successfully

2022-11-30 22:23:51 - [MESSAGE][PASSED] - Wait for page load successfully

2022-11-30 22:23:51 - [TEST_STEP][PASSED] - x = 1: null

2022-11-30 22:23:51 - [TEST_STEP][PASSED] - while (x <= 3): null

2022-11-30 22:23:51 - [TEST_STEP][PASSED] - print("Hola " + x + "----------"): null

2022-11-30 22:23:51 - [TEST_STEP][PASSED] - (x++): null

2022-11-30 22:23:51 - [TEST_STEP][PASSED] - print("Hola " + x + "----------"): null

2022-11-30 22:23:51 - [TEST_STEP][PASSED] - (x++): null

2022-11-30 22:23:51 - [TEST_STEP][PASSED] - print("Hola " + x + "----------"): null

2022-11-30 22:23:51 - [TEST_STEP][PASSED] - (x++): null

2022-11-30 22:23:51 - [TEST_STEP][PASSED] - closeBrowser(): Browser is closed

2022-11-30 22:23:51 - [MESSAGE][PASSED] - Browser is closed]]></system-out>
         <system-err><![CDATA[]]></system-err>
      </testcase>
      <testcase name="Test Cases/BUCLES/Test_while2" time="9.233" classname="Test Cases/BUCLES/Test_while2" status="PASSED">
         <system-out><![CDATA[2022-11-30 22:23:51 - [TEST_CASE][PASSED] - Test Cases/BUCLES/Test_while2: Test Cases/BUCLES/Test_while2

2022-11-30 22:23:51 - [TEST_STEP][PASSED] - openBrowser(""): Browser is opened with url: ''

2022-11-30 22:23:51 - [MESSAGE][INFO] - Starting 'Chrome' driver

2022-11-30 22:23:51 - [MESSAGE][INFO] - Action delay is set to 0 milliseconds

2022-11-30 22:23:53 - [MESSAGE][PASSED] - Browser is opened with url: ''

2022-11-30 22:23:53 - [TEST_STEP][PASSED] - navigateToUrl("https://demoqa.com/text-box"): Navigate to 'https://demoqa.com/text-box' successfully

2022-11-30 22:24:00 - [MESSAGE][PASSED] - Navigate to 'https://demoqa.com/text-box' successfully

2022-11-30 22:24:00 - [TEST_STEP][PASSED] - maximizeWindow(): Current window maximized

2022-11-30 22:24:00 - [MESSAGE][PASSED] - Current window maximized

2022-11-30 22:24:00 - [TEST_STEP][PASSED] - waitForPageLoad(5): Wait for page load successfully

2022-11-30 22:24:00 - [MESSAGE][PASSED] - Wait for page load successfully

2022-11-30 22:24:00 - [TEST_STEP][PASSED] - x = 1: null

2022-11-30 22:24:00 - [TEST_STEP][PASSED] - while (x <= 5): null

2022-11-30 22:24:00 - [TEST_STEP][PASSED] - print("Valor de X" + x + "------>"): null

2022-11-30 22:24:00 - [TEST_STEP][PASSED] - (x++): null

2022-11-30 22:24:00 - [TEST_STEP][PASSED] - print("Valor de X" + x + "------>"): null

2022-11-30 22:24:00 - [TEST_STEP][PASSED] - (x++): null

2022-11-30 22:24:00 - [TEST_STEP][PASSED] - print("Valor de X" + x + "------>"): null

2022-11-30 22:24:00 - [TEST_STEP][PASSED] - (x++): null

2022-11-30 22:24:00 - [TEST_STEP][PASSED] - print("Valor de X" + x + "------>"): null

2022-11-30 22:24:00 - [TEST_STEP][PASSED] - (x++): null

2022-11-30 22:24:00 - [TEST_STEP][PASSED] - print("Valor de X" + x + "------>"): null

2022-11-30 22:24:00 - [TEST_STEP][PASSED] - (x++): null

2022-11-30 22:24:00 - [TEST_STEP][PASSED] - closeBrowser(): Browser is closed

2022-11-30 22:24:00 - [MESSAGE][PASSED] - Browser is closed]]></system-out>
         <system-err><![CDATA[]]></system-err>
      </testcase>
      <testcase name="Test Cases/Drive_excel/Drive_excel" time="17.991" classname="Test Cases/Drive_excel/Drive_excel" status="PASSED">
         <system-out><![CDATA[2022-11-30 22:24:00 - [TEST_CASE][PASSED] - Test Cases/Drive_excel/Drive_excel: Test Cases/Drive_excel/Drive_excel

2022-11-30 22:24:01 - [TEST_STEP][PASSED] - openBrowser(""): Browser is opened with url: ''

2022-11-30 22:24:01 - [MESSAGE][INFO] - Starting 'Chrome' driver

2022-11-30 22:24:01 - [MESSAGE][INFO] - Action delay is set to 0 milliseconds

2022-11-30 22:24:02 - [MESSAGE][PASSED] - Browser is opened with url: ''

2022-11-30 22:24:02 - [TEST_STEP][PASSED] - navigateToUrl("https://demoqa.com/automation-practice-form"): Navigate to 'https://demoqa.com/automation-practice-form' successfully

2022-11-30 22:24:12 - [MESSAGE][PASSED] - Navigate to 'https://demoqa.com/automation-practice-form' successfully

2022-11-30 22:24:12 - [TEST_STEP][PASSED] - waitForPageLoad(40): Wait for page load successfully

2022-11-30 22:24:12 - [MESSAGE][PASSED] - Wait for page load successfully

2022-11-30 22:24:12 - [TEST_STEP][PASSED] - maximizeWindow(): Current window maximized

2022-11-30 22:24:12 - [MESSAGE][PASSED] - Current window maximized

2022-11-30 22:24:12 - [TEST_STEP][PASSED] - setText(findTestObject("Object Repository/Drive_excel/Page_ToolsQA/input_Name_firstName"), nombre): Text '' is set on object 'Object Repository/Drive_excel/Page_ToolsQA/input_Name_firstName'

2022-11-30 22:24:14 - [MESSAGE][PASSED] - Text '' is set on object 'Object Repository/Drive_excel/Page_ToolsQA/input_Name_firstName'

2022-11-30 22:24:14 - [TEST_STEP][PASSED] - setText(findTestObject("Object Repository/Drive_excel/Page_ToolsQA/input_Name_lastName"), apellido): Text '' is set on object 'Object Repository/Drive_excel/Page_ToolsQA/input_Name_lastName'

2022-11-30 22:24:15 - [MESSAGE][PASSED] - Text '' is set on object 'Object Repository/Drive_excel/Page_ToolsQA/input_Name_lastName'

2022-11-30 22:24:15 - [TEST_STEP][PASSED] - setText(findTestObject("Object Repository/Drive_excel/Page_ToolsQA/input_Email_userEmail"), email): Text '' is set on object 'Object Repository/Drive_excel/Page_ToolsQA/input_Email_userEmail'

2022-11-30 22:24:16 - [MESSAGE][PASSED] - Text '' is set on object 'Object Repository/Drive_excel/Page_ToolsQA/input_Email_userEmail'

2022-11-30 22:24:16 - [TEST_STEP][PASSED] - delay(2): Delayed 2 second(s)

2022-11-30 22:24:18 - [MESSAGE][PASSED] - Delayed 2 second(s)

2022-11-30 22:24:18 - [TEST_STEP][PASSED] - closeBrowser(): Browser is closed

2022-11-30 22:24:18 - [MESSAGE][PASSED] - Browser is closed]]></system-out>
         <system-err><![CDATA[]]></system-err>
      </testcase>
      <system-out><![CDATA[2022-11-30 22:16:16 - [TEST_SUITE][PASSED] - testCLoud: Test Cases/Drive_excel/Drive_excel]]></system-out>
      <system-err><![CDATA[]]></system-err>
   </testsuite>
</testsuites>
