<?xml version="1.0" encoding="UTF-8"?>
<testsuites name="testCLoud" time="644.702" tests="34" failures="0" errors="0">
   <testsuite name="testCLoud" tests="34" failures="0" errors="0" time="644.702" skipped="0" timestamp="2022-11-29 19:33:44" hostname="admin - 192.168.0.13" id="Test Suites/testCLoud">
      <properties>
         <property name="deviceName" value=""/>
         <property name="devicePlatform" value=""/>
         <property name="logFolder" value="C:\\Users\\admin\\git\\KatalonCertificacion\\Reports\\20221129_193324\\testCLoud\\20221129_193325"/>
         <property name="logFiles" value="C:\\Users\\admin\\git\\KatalonCertificacion\\Reports\\20221129_193324\\testCLoud\\20221129_193325\\execution0.log"/>
         <property name="attachments" value=""/>
         <property name="hostName" value="admin - 192.168.0.13"/>
         <property name="os" value="Windows 10 64bit"/>
         <property name="katalonVersion" value="8.5.2.208"/>
         <property name="browser" value="Chrome 107.0.0.0"/>
         <property name="hostAddress" value="192.168.0.13"/>
         <property name="sessionId" value="150d81eab63e5e05f8246eeb1ca90bdd"/>
         <property name="seleniumVersion" value="3.141.59"/>
         <property name="proxyInformation" value="ProxyInformation { proxyOption=NO_PROXY, proxyServerType=HTTP, username=, password=********, proxyServerAddress=, proxyServerPort=0, executionList=&quot;&quot;, isApplyToDesiredCapabilities=true }"/>
         <property name="platform" value="Windows 10"/>
      </properties>
      <testcase name="Test Cases/Navegador/Navegador" time="17.835" classname="Test Cases/Navegador/Navegador" status="PASSED">
         <system-out><![CDATA[2022-11-29 19:33:45 - [TEST_CASE][PASSED] - Test Cases/Navegador/Navegador: Test Cases/Navegador/Navegador

2022-11-29 19:33:45 - [TEST_STEP][PASSED] - openBrowser("https://demoqa.com/text-box"): Browser is opened with url: 'https://demoqa.com/text-box'

2022-11-29 19:33:46 - [MESSAGE][INFO] - Starting 'Chrome' driver

2022-11-29 19:33:46 - [MESSAGE][INFO] - Action delay is set to 0 milliseconds

2022-11-29 19:34:01 - [MESSAGE][PASSED] - Browser is opened with url: 'https://demoqa.com/text-box'

2022-11-29 19:34:01 - [TEST_STEP][PASSED] - maximizeWindow(): Current window maximized

2022-11-29 19:34:02 - [MESSAGE][PASSED] - Current window maximized

2022-11-29 19:34:02 - [TEST_STEP][PASSED] - page_url = getUrl(): Current window's url is: 'https://demoqa.com/text-box'

2022-11-29 19:34:02 - [MESSAGE][PASSED] - Current window's url is: 'https://demoqa.com/text-box'

2022-11-29 19:34:02 - [TEST_STEP][PASSED] - print(page_url): null

2022-11-29 19:34:02 - [TEST_STEP][PASSED] - Titulo = getWindowTitle(): Current window's title is: 'ToolsQA'

2022-11-29 19:34:02 - [MESSAGE][PASSED] - Current window's title is: 'ToolsQA'

2022-11-29 19:34:02 - [TEST_STEP][PASSED] - print("titiulo de la pagina" + Titulo): null

2022-11-29 19:34:02 - [TEST_STEP][PASSED] - closeBrowser(): Browser is closed

2022-11-29 19:34:03 - [MESSAGE][PASSED] - Browser is closed]]></system-out>
         <system-err><![CDATA[]]></system-err>
      </testcase>
      <testcase name="Test Cases/Objecto_xpath/Caso_xpath" time="20.044" classname="Test Cases/Objecto_xpath/Caso_xpath" status="PASSED">
         <system-out><![CDATA[2022-11-29 19:34:03 - [TEST_CASE][PASSED] - Test Cases/Objecto_xpath/Caso_xpath: Test Cases/Objecto_xpath/Caso_xpath

2022-11-29 19:34:04 - [TEST_STEP][PASSED] - openBrowser(""): Browser is opened with url: ''

2022-11-29 19:34:04 - [MESSAGE][INFO] - Starting 'Chrome' driver

2022-11-29 19:34:04 - [MESSAGE][INFO] - Action delay is set to 0 milliseconds

2022-11-29 19:34:05 - [MESSAGE][PASSED] - Browser is opened with url: ''

2022-11-29 19:34:05 - [TEST_STEP][PASSED] - navigateToUrl("https://demoqa.com/text-box"): Navigate to 'https://demoqa.com/text-box' successfully

2022-11-29 19:34:16 - [MESSAGE][PASSED] - Navigate to 'https://demoqa.com/text-box' successfully

2022-11-29 19:34:16 - [TEST_STEP][PASSED] - maximizeWindow(): Current window maximized

2022-11-29 19:34:16 - [MESSAGE][PASSED] - Current window maximized

2022-11-29 19:34:16 - [TEST_STEP][PASSED] - setText(findTestObject("Objeto_xpath/Campo_nombre"), "Ljubo"): Text 'Ljubo' is set on object 'Object Repository/Objeto_xpath/Campo_nombre'

2022-11-29 19:34:18 - [MESSAGE][PASSED] - Text 'Ljubo' is set on object 'Object Repository/Objeto_xpath/Campo_nombre'

2022-11-29 19:34:18 - [TEST_STEP][PASSED] - delay(3): Delayed 3 second(s)

2022-11-29 19:34:21 - [MESSAGE][PASSED] - Delayed 3 second(s)

2022-11-29 19:34:21 - [TEST_STEP][PASSED] - closeBrowser(): Browser is closed

2022-11-29 19:34:23 - [MESSAGE][PASSED] - Browser is closed]]></system-out>
         <system-err><![CDATA[]]></system-err>
      </testcase>
      <testcase name="Test Cases/Condicionales_If/Condicionar_titulo" time="30.155" classname="Test Cases/Condicionales_If/Condicionar_titulo" status="PASSED">
         <system-out><![CDATA[2022-11-29 19:34:23 - [TEST_CASE][PASSED] - Test Cases/Condicionales_If/Condicionar_titulo: Test Cases/Condicionales_If/Condicionar_titulo

2022-11-29 19:34:23 - [TEST_STEP][PASSED] - openBrowser(""): Browser is opened with url: ''

2022-11-29 19:34:23 - [MESSAGE][INFO] - Starting 'Chrome' driver

2022-11-29 19:34:23 - [MESSAGE][INFO] - Action delay is set to 0 milliseconds

2022-11-29 19:34:25 - [MESSAGE][PASSED] - Browser is opened with url: ''

2022-11-29 19:34:25 - [TEST_STEP][PASSED] - navigateToUrl("https://demoqa.com/"): Navigate to 'https://demoqa.com/' successfully

2022-11-29 19:34:34 - [MESSAGE][PASSED] - Navigate to 'https://demoqa.com/' successfully

2022-11-29 19:34:34 - [TEST_STEP][PASSED] - maximizeWindow(): Current window maximized

2022-11-29 19:34:34 - [MESSAGE][PASSED] - Current window maximized

2022-11-29 19:34:34 - [TEST_STEP][PASSED] - waitForPageLoad(5): Wait for page load successfully

2022-11-29 19:34:35 - [MESSAGE][PASSED] - Wait for page load successfully

2022-11-29 19:34:35 - [TEST_STEP][PASSED] - Existe = waitForElementVisible(findTestObject("Condicionales/Texto_radio"), 3): Web element with id: 'Object Repository/Condicionales/Texto_radio' located by '//div[@class='main-header'][contains(.,'Radio Button')]' not found

2022-11-29 19:34:39 - [MESSAGE][INFO] - Unable to find the element located by 'By.xpath: //div[@class='main-header'][contains(.,'Radio Button')]'. Please recheck the objects properties to make sure the desired element is located. 

2022-11-29 19:34:39 - [MESSAGE][WARNING] - [SELF-HEALING] Failed to find element with id 'Object Repository/Condicionales/Texto_radio'. Try using Self-healing.

2022-11-29 19:34:40 - [MESSAGE][INFO] - [SELF-HEALING] No working XPath is found.

2022-11-29 19:34:41 - [MESSAGE][INFO] - Unable to find the element located by 'By.xpath: '. Please recheck the objects properties to make sure the desired element is located. 

2022-11-29 19:34:41 - [MESSAGE][WARNING] - [SELF-HEALING] Cannot find elements when the selector is null

2022-11-29 19:34:41 - [MESSAGE][WARNING] - Web element with id: 'Object Repository/Condicionales/Texto_radio' located by '//div[@class='main-header'][contains(.,'Radio Button')]' not found

2022-11-29 19:34:41 - [TEST_STEP][PASSED] - print(Existe): null

2022-11-29 19:34:41 - [TEST_STEP][PASSED] - if (Existe == true): null

2022-11-29 19:34:41 - [TEST_STEP][PASSED] - else: Browser is closed

2022-11-29 19:34:41 - [TEST_STEP][PASSED] - print("-----  Error no esta el elemento de texto radio ------"): null

2022-11-29 19:34:41 - [TEST_STEP][PASSED] - navigateToUrl("https://demoqa.com/radio-button"): Navigate to 'https://demoqa.com/radio-button' successfully

2022-11-29 19:34:48 - [MESSAGE][PASSED] - Navigate to 'https://demoqa.com/radio-button' successfully

2022-11-29 19:34:48 - [TEST_STEP][PASSED] - click(findTestObject("Condicionales/Objeto_yes")): Object: 'Object Repository/Condicionales/Objeto_yes' is clicked on

2022-11-29 19:34:50 - [MESSAGE][PASSED] - Object: 'Object Repository/Condicionales/Objeto_yes' is clicked on

2022-11-29 19:34:50 - [TEST_STEP][PASSED] - delay(2): Delayed 2 second(s)

2022-11-29 19:34:52 - [MESSAGE][PASSED] - Delayed 2 second(s)

2022-11-29 19:34:52 - [TEST_STEP][PASSED] - closeBrowser(): Browser is closed

2022-11-29 19:34:53 - [MESSAGE][PASSED] - Browser is closed]]></system-out>
         <system-err><![CDATA[]]></system-err>
      </testcase>
      <testcase name="Test Cases/Condicionales_If/Test_1" time="0.612" classname="Test Cases/Condicionales_If/Test_1" status="PASSED">
         <system-out><![CDATA[2022-11-29 19:34:53 - [TEST_CASE][PASSED] - Test Cases/Condicionales_If/Test_1: Test Cases/Condicionales_If/Test_1

2022-11-29 19:34:53 - [TEST_STEP][PASSED] - if (num == 10): null

2022-11-29 19:34:53 - [TEST_STEP][PASSED] - else: null

2022-11-29 19:34:53 - [TEST_STEP][PASSED] - print("El numero no es un 10 es el numero:  " + num + "#####"): null]]></system-out>
         <system-err><![CDATA[]]></system-err>
      </testcase>
      <testcase name="Test Cases/Condicionales_If/Test_2" time="0.476" classname="Test Cases/Condicionales_If/Test_2" status="PASSED">
         <system-out><![CDATA[2022-11-29 19:34:53 - [TEST_CASE][PASSED] - Test Cases/Condicionales_If/Test_2: Test Cases/Condicionales_If/Test_2

2022-11-29 19:34:54 - [TEST_STEP][PASSED] - if (num == 5): null

2022-11-29 19:34:54 - [TEST_STEP][PASSED] - if (num == 10): null

2022-11-29 19:34:54 - [TEST_STEP][PASSED] - println("El valor de la variables es un: 10"): null]]></system-out>
         <system-err><![CDATA[]]></system-err>
      </testcase>
      <testcase name="Test Cases/Condicionales_If/Test_3" time="0.447" classname="Test Cases/Condicionales_If/Test_3" status="PASSED">
         <system-out><![CDATA[2022-11-29 19:34:54 - [TEST_CASE][PASSED] - Test Cases/Condicionales_If/Test_3: Test Cases/Condicionales_If/Test_3

2022-11-29 19:34:54 - [TEST_STEP][PASSED] - if (nombre == "Juan"): null

2022-11-29 19:34:54 - [TEST_STEP][PASSED] - if (nombre == "JUan"): null

2022-11-29 19:34:54 - [TEST_STEP][PASSED] - if (nombre == "juan"): null

2022-11-29 19:34:54 - [TEST_STEP][PASSED] - println("Tu nombre es juan"): null]]></system-out>
         <system-err><![CDATA[]]></system-err>
      </testcase>
      <testcase name="Test Cases/Condicionales_If/Test_4" time="0.518" classname="Test Cases/Condicionales_If/Test_4" status="PASSED">
         <system-out><![CDATA[2022-11-29 19:34:54 - [TEST_CASE][PASSED] - Test Cases/Condicionales_If/Test_4: Test Cases/Condicionales_If/Test_4

2022-11-29 19:34:55 - [TEST_STEP][PASSED] - if (num <= 7): null

2022-11-29 19:34:55 - [TEST_STEP][PASSED] - println("El numero es menor ó igual que 5"): null

2022-11-29 19:34:55 - [TEST_STEP][PASSED] - if (num >= 8): null

2022-11-29 19:34:55 - [TEST_STEP][PASSED] - if (num != 5): null]]></system-out>
         <system-err><![CDATA[]]></system-err>
      </testcase>
      <testcase name="Test Cases/Condicionales_If/Test_edad" time="0.479" classname="Test Cases/Condicionales_If/Test_edad" status="PASSED">
         <system-out><![CDATA[2022-11-29 19:34:55 - [TEST_CASE][PASSED] - Test Cases/Condicionales_If/Test_edad: Test Cases/Condicionales_If/Test_edad

2022-11-29 19:34:55 - [TEST_STEP][PASSED] - if (edad >= 1 && edad <= 17): null

2022-11-29 19:34:55 - [TEST_STEP][PASSED] - else if (edad == 18): null

2022-11-29 19:34:55 - [TEST_STEP][PASSED] - else if (edad <= 0): null

2022-11-29 19:34:55 - [TEST_STEP][PASSED] - else if (edad == 120): null

2022-11-29 19:34:55 - [TEST_STEP][PASSED] - else: null

2022-11-29 19:34:55 - [TEST_STEP][PASSED] - print("No se cumple ninguna de las opciones"): null]]></system-out>
         <system-err><![CDATA[]]></system-err>
      </testcase>
      <testcase name="Test Cases/Condicionales_If/Test_valor" time="22.477" classname="Test Cases/Condicionales_If/Test_valor" status="PASSED">
         <system-out><![CDATA[2022-11-29 19:34:55 - [TEST_CASE][PASSED] - Test Cases/Condicionales_If/Test_valor: Test Cases/Condicionales_If/Test_valor

2022-11-29 19:34:56 - [TEST_STEP][PASSED] - openBrowser(""): Browser is opened with url: ''

2022-11-29 19:34:56 - [MESSAGE][INFO] - Starting 'Chrome' driver

2022-11-29 19:34:56 - [MESSAGE][INFO] - Action delay is set to 0 milliseconds

2022-11-29 19:34:58 - [MESSAGE][PASSED] - Browser is opened with url: ''

2022-11-29 19:34:58 - [TEST_STEP][PASSED] - navigateToUrl("https://demoqa.com/"): Navigate to 'https://demoqa.com/' successfully

2022-11-29 19:35:09 - [MESSAGE][PASSED] - Navigate to 'https://demoqa.com/' successfully

2022-11-29 19:35:09 - [TEST_STEP][PASSED] - maximizeWindow(): Current window maximized

2022-11-29 19:35:09 - [MESSAGE][PASSED] - Current window maximized

2022-11-29 19:35:09 - [TEST_STEP][PASSED] - waitForPageLoad(10): Wait for page load successfully

2022-11-29 19:35:09 - [MESSAGE][PASSED] - Wait for page load successfully

2022-11-29 19:35:09 - [TEST_STEP][PASSED] - Existe = waitForElementVisible(findTestObject("Condicionales/titulo1"), 5): Web element with id: 'Object Repository/Condicionales/titulo1' located by '//div[@class='main-header'][contains(.,'Radio Button')]' not found

2022-11-29 19:35:15 - [MESSAGE][INFO] - Unable to find the element located by 'By.xpath: //div[@class='main-header'][contains(.,'Radio Button')]'. Please recheck the objects properties to make sure the desired element is located. 

2022-11-29 19:35:15 - [MESSAGE][WARNING] - [SELF-HEALING] Failed to find element with id 'Object Repository/Condicionales/titulo1'. Try using Self-healing.

2022-11-29 19:35:16 - [MESSAGE][INFO] - [SELF-HEALING] No working XPath is found.

2022-11-29 19:35:17 - [MESSAGE][INFO] - Unable to find the element located by 'By.xpath: '. Please recheck the objects properties to make sure the desired element is located. 

2022-11-29 19:35:17 - [MESSAGE][WARNING] - [SELF-HEALING] Cannot find elements when the selector is null

2022-11-29 19:35:17 - [MESSAGE][WARNING] - Web element with id: 'Object Repository/Condicionales/titulo1' located by '//div[@class='main-header'][contains(.,'Radio Button')]' not found

2022-11-29 19:35:17 - [TEST_STEP][PASSED] - if (Existe == true): null

2022-11-29 19:35:17 - [TEST_STEP][PASSED] - else: Browser is closed

2022-11-29 19:35:17 - [TEST_STEP][PASSED] - print("No estas en la página correcta"): null

2022-11-29 19:35:17 - [TEST_STEP][PASSED] - closeBrowser(): Browser is closed

2022-11-29 19:35:18 - [MESSAGE][PASSED] - Browser is closed]]></system-out>
         <system-err><![CDATA[]]></system-err>
      </testcase>
      <testcase name="Test Cases/BUCLES/Reto_For" time="35.909" classname="Test Cases/BUCLES/Reto_For" status="PASSED">
         <system-out><![CDATA[2022-11-29 19:35:18 - [TEST_CASE][PASSED] - Test Cases/BUCLES/Reto_For: Test Cases/BUCLES/Reto_For

2022-11-29 19:35:18 - [TEST_STEP][PASSED] - openBrowser(""): Browser is opened with url: ''

2022-11-29 19:35:18 - [MESSAGE][INFO] - Starting 'Chrome' driver

2022-11-29 19:35:18 - [MESSAGE][INFO] - Action delay is set to 0 milliseconds

2022-11-29 19:35:20 - [MESSAGE][PASSED] - Browser is opened with url: ''

2022-11-29 19:35:20 - [TEST_STEP][PASSED] - navigateToUrl("https://demoqa.com/text-box"): Navigate to 'https://demoqa.com/text-box' successfully

2022-11-29 19:35:36 - [MESSAGE][PASSED] - Navigate to 'https://demoqa.com/text-box' successfully

2022-11-29 19:35:36 - [TEST_STEP][PASSED] - maximizeWindow(): Current window maximized

2022-11-29 19:35:36 - [MESSAGE][PASSED] - Current window maximized

2022-11-29 19:35:36 - [TEST_STEP][PASSED] - waitForPageLoad(5): Wait for page load successfully

2022-11-29 19:35:36 - [MESSAGE][PASSED] - Wait for page load successfully

2022-11-29 19:35:36 - [TEST_STEP][PASSED] - for ([x = 1, x <= 4, (x++)]): Browser is scrolled to position x = 0, y = 100

2022-11-29 19:35:36 - [TEST_STEP][PASSED] - z = ["Carlos", "Erika", "Paco", "Rodrigo", "Juan"]: null

2022-11-29 19:35:36 - [TEST_STEP][PASSED] - rn = new java.util.Random(): null

2022-11-29 19:35:36 - [TEST_STEP][PASSED] - tx_nombre = z[rn.nextInt(size)]: null

2022-11-29 19:35:36 - [TEST_STEP][PASSED] - setText(findTestObject("Object Repository/Reto_for/Page_ToolsQA/input_Full Name_userName"), tx_nombre): Text 'Juan' is set on object 'Object Repository/Reto_for/Page_ToolsQA/input_Full Name_userName'

2022-11-29 19:35:37 - [MESSAGE][PASSED] - Text 'Juan' is set on object 'Object Repository/Reto_for/Page_ToolsQA/input_Full Name_userName'

2022-11-29 19:35:37 - [TEST_STEP][PASSED] - setText(findTestObject("Object Repository/Reto_for/Page_ToolsQA/input_Email_userEmail"), tx_nombre + "@gmail.com"): Text 'Juan@gmail.com' is set on object 'Object Repository/Reto_for/Page_ToolsQA/input_Email_userEmail'

2022-11-29 19:35:38 - [MESSAGE][PASSED] - Text 'Juan@gmail.com' is set on object 'Object Repository/Reto_for/Page_ToolsQA/input_Email_userEmail'

2022-11-29 19:35:38 - [TEST_STEP][PASSED] - setText(findTestObject("Object Repository/Reto_for/Page_ToolsQA/textarea_Current Address_currentAddress"), "Dirección#" + x): Text 'Dirección#1' is set on object 'Object Repository/Reto_for/Page_ToolsQA/textarea_Current Address_currentAddress'

2022-11-29 19:35:39 - [MESSAGE][PASSED] - Text 'Dirección#1' is set on object 'Object Repository/Reto_for/Page_ToolsQA/textarea_Current Address_currentAddress'

2022-11-29 19:35:39 - [TEST_STEP][PASSED] - setText(findTestObject("Object Repository/Reto_for/Page_ToolsQA/textarea_Permanent Address_permanentAddress"), "Dirección dos#" + x): Text 'Dirección dos#1' is set on object 'Object Repository/Reto_for/Page_ToolsQA/textarea_Permanent Address_permanentAddress'

2022-11-29 19:35:40 - [MESSAGE][PASSED] - Text 'Dirección dos#1' is set on object 'Object Repository/Reto_for/Page_ToolsQA/textarea_Permanent Address_permanentAddress'

2022-11-29 19:35:40 - [TEST_STEP][PASSED] - scrollToPosition(0, 500): Browser is scrolled to position x = 0, y = 500

2022-11-29 19:35:40 - [MESSAGE][PASSED] - Browser is scrolled to position x = 0, y = 500

2022-11-29 19:35:40 - [TEST_STEP][PASSED] - click(findTestObject("Object Repository/Reto_for/Page_ToolsQA/button_Submit")): Object: 'Object Repository/Reto_for/Page_ToolsQA/button_Submit' is clicked on

2022-11-29 19:35:41 - [MESSAGE][PASSED] - Object: 'Object Repository/Reto_for/Page_ToolsQA/button_Submit' is clicked on

2022-11-29 19:35:41 - [TEST_STEP][PASSED] - scrollToPosition(0, 100): Browser is scrolled to position x = 0, y = 100

2022-11-29 19:35:41 - [MESSAGE][PASSED] - Browser is scrolled to position x = 0, y = 100

2022-11-29 19:35:41 - [TEST_STEP][PASSED] - z = ["Carlos", "Erika", "Paco", "Rodrigo", "Juan"]: null

2022-11-29 19:35:41 - [TEST_STEP][PASSED] - rn = new java.util.Random(): null

2022-11-29 19:35:41 - [TEST_STEP][PASSED] - tx_nombre = z[rn.nextInt(size)]: null

2022-11-29 19:35:41 - [TEST_STEP][PASSED] - setText(findTestObject("Object Repository/Reto_for/Page_ToolsQA/input_Full Name_userName"), tx_nombre): Text 'Juan' is set on object 'Object Repository/Reto_for/Page_ToolsQA/input_Full Name_userName'

2022-11-29 19:35:41 - [MESSAGE][PASSED] - Text 'Juan' is set on object 'Object Repository/Reto_for/Page_ToolsQA/input_Full Name_userName'

2022-11-29 19:35:41 - [TEST_STEP][PASSED] - setText(findTestObject("Object Repository/Reto_for/Page_ToolsQA/input_Email_userEmail"), tx_nombre + "@gmail.com"): Text 'Juan@gmail.com' is set on object 'Object Repository/Reto_for/Page_ToolsQA/input_Email_userEmail'

2022-11-29 19:35:42 - [MESSAGE][PASSED] - Text 'Juan@gmail.com' is set on object 'Object Repository/Reto_for/Page_ToolsQA/input_Email_userEmail'

2022-11-29 19:35:42 - [TEST_STEP][PASSED] - setText(findTestObject("Object Repository/Reto_for/Page_ToolsQA/textarea_Current Address_currentAddress"), "Dirección#" + x): Text 'Dirección#2' is set on object 'Object Repository/Reto_for/Page_ToolsQA/textarea_Current Address_currentAddress'

2022-11-29 19:35:43 - [MESSAGE][PASSED] - Text 'Dirección#2' is set on object 'Object Repository/Reto_for/Page_ToolsQA/textarea_Current Address_currentAddress'

2022-11-29 19:35:43 - [TEST_STEP][PASSED] - setText(findTestObject("Object Repository/Reto_for/Page_ToolsQA/textarea_Permanent Address_permanentAddress"), "Dirección dos#" + x): Text 'Dirección dos#2' is set on object 'Object Repository/Reto_for/Page_ToolsQA/textarea_Permanent Address_permanentAddress'

2022-11-29 19:35:44 - [MESSAGE][PASSED] - Text 'Dirección dos#2' is set on object 'Object Repository/Reto_for/Page_ToolsQA/textarea_Permanent Address_permanentAddress'

2022-11-29 19:35:44 - [TEST_STEP][PASSED] - scrollToPosition(0, 500): Browser is scrolled to position x = 0, y = 500

2022-11-29 19:35:44 - [MESSAGE][PASSED] - Browser is scrolled to position x = 0, y = 500

2022-11-29 19:35:44 - [TEST_STEP][PASSED] - click(findTestObject("Object Repository/Reto_for/Page_ToolsQA/button_Submit")): Object: 'Object Repository/Reto_for/Page_ToolsQA/button_Submit' is clicked on

2022-11-29 19:35:45 - [MESSAGE][PASSED] - Object: 'Object Repository/Reto_for/Page_ToolsQA/button_Submit' is clicked on

2022-11-29 19:35:45 - [TEST_STEP][PASSED] - scrollToPosition(0, 100): Browser is scrolled to position x = 0, y = 100

2022-11-29 19:35:45 - [MESSAGE][PASSED] - Browser is scrolled to position x = 0, y = 100

2022-11-29 19:35:45 - [TEST_STEP][PASSED] - z = ["Carlos", "Erika", "Paco", "Rodrigo", "Juan"]: null

2022-11-29 19:35:45 - [TEST_STEP][PASSED] - rn = new java.util.Random(): null

2022-11-29 19:35:45 - [TEST_STEP][PASSED] - tx_nombre = z[rn.nextInt(size)]: null

2022-11-29 19:35:45 - [TEST_STEP][PASSED] - setText(findTestObject("Object Repository/Reto_for/Page_ToolsQA/input_Full Name_userName"), tx_nombre): Text 'Paco' is set on object 'Object Repository/Reto_for/Page_ToolsQA/input_Full Name_userName'

2022-11-29 19:35:46 - [MESSAGE][PASSED] - Text 'Paco' is set on object 'Object Repository/Reto_for/Page_ToolsQA/input_Full Name_userName'

2022-11-29 19:35:46 - [TEST_STEP][PASSED] - setText(findTestObject("Object Repository/Reto_for/Page_ToolsQA/input_Email_userEmail"), tx_nombre + "@gmail.com"): Text 'Paco@gmail.com' is set on object 'Object Repository/Reto_for/Page_ToolsQA/input_Email_userEmail'

2022-11-29 19:35:46 - [MESSAGE][PASSED] - Text 'Paco@gmail.com' is set on object 'Object Repository/Reto_for/Page_ToolsQA/input_Email_userEmail'

2022-11-29 19:35:46 - [TEST_STEP][PASSED] - setText(findTestObject("Object Repository/Reto_for/Page_ToolsQA/textarea_Current Address_currentAddress"), "Dirección#" + x): Text 'Dirección#3' is set on object 'Object Repository/Reto_for/Page_ToolsQA/textarea_Current Address_currentAddress'

2022-11-29 19:35:47 - [MESSAGE][PASSED] - Text 'Dirección#3' is set on object 'Object Repository/Reto_for/Page_ToolsQA/textarea_Current Address_currentAddress'

2022-11-29 19:35:47 - [TEST_STEP][PASSED] - setText(findTestObject("Object Repository/Reto_for/Page_ToolsQA/textarea_Permanent Address_permanentAddress"), "Dirección dos#" + x): Text 'Dirección dos#3' is set on object 'Object Repository/Reto_for/Page_ToolsQA/textarea_Permanent Address_permanentAddress'

2022-11-29 19:35:48 - [MESSAGE][PASSED] - Text 'Dirección dos#3' is set on object 'Object Repository/Reto_for/Page_ToolsQA/textarea_Permanent Address_permanentAddress'

2022-11-29 19:35:48 - [TEST_STEP][PASSED] - scrollToPosition(0, 500): Browser is scrolled to position x = 0, y = 500

2022-11-29 19:35:48 - [MESSAGE][PASSED] - Browser is scrolled to position x = 0, y = 500

2022-11-29 19:35:48 - [TEST_STEP][PASSED] - click(findTestObject("Object Repository/Reto_for/Page_ToolsQA/button_Submit")): Object: 'Object Repository/Reto_for/Page_ToolsQA/button_Submit' is clicked on

2022-11-29 19:35:49 - [MESSAGE][PASSED] - Object: 'Object Repository/Reto_for/Page_ToolsQA/button_Submit' is clicked on

2022-11-29 19:35:49 - [TEST_STEP][PASSED] - scrollToPosition(0, 100): Browser is scrolled to position x = 0, y = 100

2022-11-29 19:35:49 - [MESSAGE][PASSED] - Browser is scrolled to position x = 0, y = 100

2022-11-29 19:35:49 - [TEST_STEP][PASSED] - z = ["Carlos", "Erika", "Paco", "Rodrigo", "Juan"]: null

2022-11-29 19:35:49 - [TEST_STEP][PASSED] - rn = new java.util.Random(): null

2022-11-29 19:35:49 - [TEST_STEP][PASSED] - tx_nombre = z[rn.nextInt(size)]: null

2022-11-29 19:35:49 - [TEST_STEP][PASSED] - setText(findTestObject("Object Repository/Reto_for/Page_ToolsQA/input_Full Name_userName"), tx_nombre): Text 'Paco' is set on object 'Object Repository/Reto_for/Page_ToolsQA/input_Full Name_userName'

2022-11-29 19:35:50 - [MESSAGE][PASSED] - Text 'Paco' is set on object 'Object Repository/Reto_for/Page_ToolsQA/input_Full Name_userName'

2022-11-29 19:35:50 - [TEST_STEP][PASSED] - setText(findTestObject("Object Repository/Reto_for/Page_ToolsQA/input_Email_userEmail"), tx_nombre + "@gmail.com"): Text 'Paco@gmail.com' is set on object 'Object Repository/Reto_for/Page_ToolsQA/input_Email_userEmail'

2022-11-29 19:35:50 - [MESSAGE][PASSED] - Text 'Paco@gmail.com' is set on object 'Object Repository/Reto_for/Page_ToolsQA/input_Email_userEmail'

2022-11-29 19:35:51 - [TEST_STEP][PASSED] - setText(findTestObject("Object Repository/Reto_for/Page_ToolsQA/textarea_Current Address_currentAddress"), "Dirección#" + x): Text 'Dirección#4' is set on object 'Object Repository/Reto_for/Page_ToolsQA/textarea_Current Address_currentAddress'

2022-11-29 19:35:51 - [MESSAGE][PASSED] - Text 'Dirección#4' is set on object 'Object Repository/Reto_for/Page_ToolsQA/textarea_Current Address_currentAddress'

2022-11-29 19:35:51 - [TEST_STEP][PASSED] - setText(findTestObject("Object Repository/Reto_for/Page_ToolsQA/textarea_Permanent Address_permanentAddress"), "Dirección dos#" + x): Text 'Dirección dos#4' is set on object 'Object Repository/Reto_for/Page_ToolsQA/textarea_Permanent Address_permanentAddress'

2022-11-29 19:35:52 - [MESSAGE][PASSED] - Text 'Dirección dos#4' is set on object 'Object Repository/Reto_for/Page_ToolsQA/textarea_Permanent Address_permanentAddress'

2022-11-29 19:35:52 - [TEST_STEP][PASSED] - scrollToPosition(0, 500): Browser is scrolled to position x = 0, y = 500

2022-11-29 19:35:52 - [MESSAGE][PASSED] - Browser is scrolled to position x = 0, y = 500

2022-11-29 19:35:52 - [TEST_STEP][PASSED] - click(findTestObject("Object Repository/Reto_for/Page_ToolsQA/button_Submit")): Object: 'Object Repository/Reto_for/Page_ToolsQA/button_Submit' is clicked on

2022-11-29 19:35:53 - [MESSAGE][PASSED] - Object: 'Object Repository/Reto_for/Page_ToolsQA/button_Submit' is clicked on

2022-11-29 19:35:53 - [TEST_STEP][PASSED] - scrollToPosition(0, 100): Browser is scrolled to position x = 0, y = 100

2022-11-29 19:35:53 - [MESSAGE][PASSED] - Browser is scrolled to position x = 0, y = 100

2022-11-29 19:35:53 - [TEST_STEP][PASSED] - closeBrowser(): Browser is closed

2022-11-29 19:35:54 - [MESSAGE][PASSED] - Browser is closed]]></system-out>
         <system-err><![CDATA[]]></system-err>
      </testcase>
      <testcase name="Test Cases/BUCLES/Reto_while" time="51.799" classname="Test Cases/BUCLES/Reto_while" status="PASSED">
         <system-out><![CDATA[2022-11-29 19:35:54 - [TEST_CASE][PASSED] - Test Cases/BUCLES/Reto_while: Test Cases/BUCLES/Reto_while

2022-11-29 19:35:54 - [TEST_STEP][PASSED] - openBrowser(""): Browser is opened with url: ''

2022-11-29 19:35:54 - [MESSAGE][INFO] - Starting 'Chrome' driver

2022-11-29 19:35:54 - [MESSAGE][INFO] - Action delay is set to 0 milliseconds

2022-11-29 19:35:56 - [MESSAGE][PASSED] - Browser is opened with url: ''

2022-11-29 19:35:56 - [TEST_STEP][PASSED] - navigateToUrl("https://www.google.com/"): Navigate to 'https://www.google.com/' successfully

2022-11-29 19:35:58 - [MESSAGE][PASSED] - Navigate to 'https://www.google.com/' successfully

2022-11-29 19:35:58 - [TEST_STEP][PASSED] - Bandera = 0: null

2022-11-29 19:35:58 - [TEST_STEP][PASSED] - while (Bandera != 1): null

2022-11-29 19:35:58 - [TEST_STEP][PASSED] - num = Math.random() * 5 - 1 + 1: null

2022-11-29 19:35:58 - [TEST_STEP][PASSED] - setText(findTestObject("Object Repository/While_google/Page_Google/input__q"), "5+" + num): Text '5+4' is set on object 'Object Repository/While_google/Page_Google/input__q'

2022-11-29 19:35:59 - [MESSAGE][PASSED] - Text '5+4' is set on object 'Object Repository/While_google/Page_Google/input__q'

2022-11-29 19:35:59 - [TEST_STEP][PASSED] - sendKeys(findTestObject("Object Repository/While_google/Page_Google/input__q"), Keys.chord(ENTER)): Keys 'ENTER + ' sent to object: 'Object Repository/While_google/Page_Google/input__q'

2022-11-29 19:36:11 - [MESSAGE][PASSED] - Keys 'ENTER + ' sent to object: 'Object Repository/While_google/Page_Google/input__q'

2022-11-29 19:36:11 - [TEST_STEP][PASSED] - Resultado = getText(findTestObject("While_google/Extras/Resultado_10")): Text of object 'Object Repository/While_google/Extras/Resultado_10' is: '9'

2022-11-29 19:36:11 - [MESSAGE][PASSED] - Text of object 'Object Repository/While_google/Extras/Resultado_10' is: '9'

2022-11-29 19:36:11 - [TEST_STEP][PASSED] - if (Resultado == "8"): null

2022-11-29 19:36:11 - [TEST_STEP][PASSED] - else: null

2022-11-29 19:36:11 - [TEST_STEP][PASSED] - Bandera = 0: null

2022-11-29 19:36:11 - [TEST_STEP][PASSED] - print(Bandera + "------"): null

2022-11-29 19:36:11 - [TEST_STEP][PASSED] - num = Math.random() * 5 - 1 + 1: null

2022-11-29 19:36:11 - [TEST_STEP][PASSED] - setText(findTestObject("Object Repository/While_google/Page_Google/input__q"), "5+" + num): Text '5+4' is set on object 'Object Repository/While_google/Page_Google/input__q'

2022-11-29 19:36:12 - [MESSAGE][PASSED] - Text '5+4' is set on object 'Object Repository/While_google/Page_Google/input__q'

2022-11-29 19:36:12 - [TEST_STEP][PASSED] - sendKeys(findTestObject("Object Repository/While_google/Page_Google/input__q"), Keys.chord(ENTER)): Keys 'ENTER + ' sent to object: 'Object Repository/While_google/Page_Google/input__q'

2022-11-29 19:36:16 - [MESSAGE][PASSED] - Keys 'ENTER + ' sent to object: 'Object Repository/While_google/Page_Google/input__q'

2022-11-29 19:36:16 - [TEST_STEP][PASSED] - Resultado = getText(findTestObject("While_google/Extras/Resultado_10")): Text of object 'Object Repository/While_google/Extras/Resultado_10' is: '9'

2022-11-29 19:36:17 - [MESSAGE][PASSED] - Text of object 'Object Repository/While_google/Extras/Resultado_10' is: '9'

2022-11-29 19:36:17 - [TEST_STEP][PASSED] - if (Resultado == "8"): null

2022-11-29 19:36:17 - [TEST_STEP][PASSED] - else: null

2022-11-29 19:36:17 - [TEST_STEP][PASSED] - Bandera = 0: null

2022-11-29 19:36:17 - [TEST_STEP][PASSED] - print(Bandera + "------"): null

2022-11-29 19:36:17 - [TEST_STEP][PASSED] - num = Math.random() * 5 - 1 + 1: null

2022-11-29 19:36:17 - [TEST_STEP][PASSED] - setText(findTestObject("Object Repository/While_google/Page_Google/input__q"), "5+" + num): Text '5+4' is set on object 'Object Repository/While_google/Page_Google/input__q'

2022-11-29 19:36:18 - [MESSAGE][PASSED] - Text '5+4' is set on object 'Object Repository/While_google/Page_Google/input__q'

2022-11-29 19:36:18 - [TEST_STEP][PASSED] - sendKeys(findTestObject("Object Repository/While_google/Page_Google/input__q"), Keys.chord(ENTER)): Keys 'ENTER + ' sent to object: 'Object Repository/While_google/Page_Google/input__q'

2022-11-29 19:36:21 - [MESSAGE][PASSED] - Keys 'ENTER + ' sent to object: 'Object Repository/While_google/Page_Google/input__q'

2022-11-29 19:36:21 - [TEST_STEP][PASSED] - Resultado = getText(findTestObject("While_google/Extras/Resultado_10")): Text of object 'Object Repository/While_google/Extras/Resultado_10' is: '9'

2022-11-29 19:36:22 - [MESSAGE][PASSED] - Text of object 'Object Repository/While_google/Extras/Resultado_10' is: '9'

2022-11-29 19:36:22 - [TEST_STEP][PASSED] - if (Resultado == "8"): null

2022-11-29 19:36:22 - [TEST_STEP][PASSED] - else: null

2022-11-29 19:36:22 - [TEST_STEP][PASSED] - Bandera = 0: null

2022-11-29 19:36:22 - [TEST_STEP][PASSED] - print(Bandera + "------"): null

2022-11-29 19:36:22 - [TEST_STEP][PASSED] - num = Math.random() * 5 - 1 + 1: null

2022-11-29 19:36:22 - [TEST_STEP][PASSED] - setText(findTestObject("Object Repository/While_google/Page_Google/input__q"), "5+" + num): Text '5+1' is set on object 'Object Repository/While_google/Page_Google/input__q'

2022-11-29 19:36:23 - [MESSAGE][PASSED] - Text '5+1' is set on object 'Object Repository/While_google/Page_Google/input__q'

2022-11-29 19:36:23 - [TEST_STEP][PASSED] - sendKeys(findTestObject("Object Repository/While_google/Page_Google/input__q"), Keys.chord(ENTER)): Keys 'ENTER + ' sent to object: 'Object Repository/While_google/Page_Google/input__q'

2022-11-29 19:36:29 - [MESSAGE][PASSED] - Keys 'ENTER + ' sent to object: 'Object Repository/While_google/Page_Google/input__q'

2022-11-29 19:36:29 - [TEST_STEP][PASSED] - Resultado = getText(findTestObject("While_google/Extras/Resultado_10")): Text of object 'Object Repository/While_google/Extras/Resultado_10' is: '6'

2022-11-29 19:36:30 - [MESSAGE][PASSED] - Text of object 'Object Repository/While_google/Extras/Resultado_10' is: '6'

2022-11-29 19:36:30 - [TEST_STEP][PASSED] - if (Resultado == "8"): null

2022-11-29 19:36:30 - [TEST_STEP][PASSED] - else: null

2022-11-29 19:36:30 - [TEST_STEP][PASSED] - Bandera = 0: null

2022-11-29 19:36:30 - [TEST_STEP][PASSED] - print(Bandera + "------"): null

2022-11-29 19:36:30 - [TEST_STEP][PASSED] - num = Math.random() * 5 - 1 + 1: null

2022-11-29 19:36:30 - [TEST_STEP][PASSED] - setText(findTestObject("Object Repository/While_google/Page_Google/input__q"), "5+" + num): Text '5+2' is set on object 'Object Repository/While_google/Page_Google/input__q'

2022-11-29 19:36:31 - [MESSAGE][PASSED] - Text '5+2' is set on object 'Object Repository/While_google/Page_Google/input__q'

2022-11-29 19:36:31 - [TEST_STEP][PASSED] - sendKeys(findTestObject("Object Repository/While_google/Page_Google/input__q"), Keys.chord(ENTER)): Keys 'ENTER + ' sent to object: 'Object Repository/While_google/Page_Google/input__q'

2022-11-29 19:36:37 - [MESSAGE][PASSED] - Keys 'ENTER + ' sent to object: 'Object Repository/While_google/Page_Google/input__q'

2022-11-29 19:36:37 - [TEST_STEP][PASSED] - Resultado = getText(findTestObject("While_google/Extras/Resultado_10")): Text of object 'Object Repository/While_google/Extras/Resultado_10' is: '7'

2022-11-29 19:36:38 - [MESSAGE][PASSED] - Text of object 'Object Repository/While_google/Extras/Resultado_10' is: '7'

2022-11-29 19:36:38 - [TEST_STEP][PASSED] - if (Resultado == "8"): null

2022-11-29 19:36:38 - [TEST_STEP][PASSED] - else: null

2022-11-29 19:36:38 - [TEST_STEP][PASSED] - Bandera = 0: null

2022-11-29 19:36:38 - [TEST_STEP][PASSED] - print(Bandera + "------"): null

2022-11-29 19:36:38 - [TEST_STEP][PASSED] - num = Math.random() * 5 - 1 + 1: null

2022-11-29 19:36:38 - [TEST_STEP][PASSED] - setText(findTestObject("Object Repository/While_google/Page_Google/input__q"), "5+" + num): Text '5+3' is set on object 'Object Repository/While_google/Page_Google/input__q'

2022-11-29 19:36:39 - [MESSAGE][PASSED] - Text '5+3' is set on object 'Object Repository/While_google/Page_Google/input__q'

2022-11-29 19:36:39 - [TEST_STEP][PASSED] - sendKeys(findTestObject("Object Repository/While_google/Page_Google/input__q"), Keys.chord(ENTER)): Keys 'ENTER + ' sent to object: 'Object Repository/While_google/Page_Google/input__q'

2022-11-29 19:36:44 - [MESSAGE][PASSED] - Keys 'ENTER + ' sent to object: 'Object Repository/While_google/Page_Google/input__q'

2022-11-29 19:36:44 - [TEST_STEP][PASSED] - Resultado = getText(findTestObject("While_google/Extras/Resultado_10")): Text of object 'Object Repository/While_google/Extras/Resultado_10' is: '8'

2022-11-29 19:36:45 - [MESSAGE][PASSED] - Text of object 'Object Repository/While_google/Extras/Resultado_10' is: '8'

2022-11-29 19:36:45 - [TEST_STEP][PASSED] - if (Resultado == "8"): Browser is closed

2022-11-29 19:36:45 - [TEST_STEP][PASSED] - Bandera = 1: null

2022-11-29 19:36:45 - [TEST_STEP][PASSED] - print("Listo termina"): null

2022-11-29 19:36:45 - [TEST_STEP][PASSED] - closeBrowser(): Browser is closed

2022-11-29 19:36:46 - [MESSAGE][PASSED] - Browser is closed

2022-11-29 19:36:46 - [TEST_STEP][PASSED] - print(Bandera + "------"): null]]></system-out>
         <system-err><![CDATA[]]></system-err>
      </testcase>
      <testcase name="Test Cases/BUCLES/Reto_while_solucion" time="34.186" classname="Test Cases/BUCLES/Reto_while_solucion" status="PASSED">
         <system-out><![CDATA[2022-11-29 19:36:46 - [TEST_CASE][PASSED] - Test Cases/BUCLES/Reto_while_solucion: Test Cases/BUCLES/Reto_while_solucion

2022-11-29 19:36:46 - [TEST_STEP][PASSED] - openBrowser(""): Browser is opened with url: ''

2022-11-29 19:36:46 - [MESSAGE][INFO] - Starting 'Chrome' driver

2022-11-29 19:36:46 - [MESSAGE][INFO] - Action delay is set to 0 milliseconds

2022-11-29 19:36:48 - [MESSAGE][PASSED] - Browser is opened with url: ''

2022-11-29 19:36:48 - [TEST_STEP][PASSED] - navigateToUrl("https://www.google.com/"): Navigate to 'https://www.google.com/' successfully

2022-11-29 19:36:50 - [MESSAGE][PASSED] - Navigate to 'https://www.google.com/' successfully

2022-11-29 19:36:50 - [TEST_STEP][PASSED] - Res = 0: null

2022-11-29 19:36:50 - [TEST_STEP][PASSED] - while (Res != 8): Browser is closed

2022-11-29 19:36:50 - [TEST_STEP][PASSED] - num = Math.random() * 5 - 1 + 1: null

2022-11-29 19:36:50 - [TEST_STEP][PASSED] - setText(findTestObject("Object Repository/Reto_while1/Page_Google/input__q"), "5+" + num): Text '5+1' is set on object 'Object Repository/Reto_while1/Page_Google/input__q'

2022-11-29 19:36:51 - [MESSAGE][PASSED] - Text '5+1' is set on object 'Object Repository/Reto_while1/Page_Google/input__q'

2022-11-29 19:36:51 - [TEST_STEP][PASSED] - sendKeys(findTestObject("Object Repository/Reto_while1/Page_Google/input__q"), Keys.chord(ENTER)): Keys 'ENTER + ' sent to object: 'Object Repository/Reto_while1/Page_Google/input__q'

2022-11-29 19:36:57 - [MESSAGE][PASSED] - Keys 'ENTER + ' sent to object: 'Object Repository/Reto_while1/Page_Google/input__q'

2022-11-29 19:36:57 - [TEST_STEP][PASSED] - Res = getText(findTestObject("Reto_while1/Resultado_8")).toInteger(): Text of object 'Object Repository/Reto_while1/Resultado_8' is: '6'

2022-11-29 19:36:58 - [MESSAGE][PASSED] - Text of object 'Object Repository/Reto_while1/Resultado_8' is: '6'

2022-11-29 19:36:58 - [TEST_STEP][PASSED] - if (Res == 8): null

2022-11-29 19:36:58 - [TEST_STEP][PASSED] - num = Math.random() * 5 - 1 + 1: null

2022-11-29 19:36:58 - [TEST_STEP][PASSED] - setText(findTestObject("Object Repository/Reto_while1/Page_Google/input__q"), "5+" + num): Text '5+2' is set on object 'Object Repository/Reto_while1/Page_Google/input__q'

2022-11-29 19:36:59 - [MESSAGE][PASSED] - Text '5+2' is set on object 'Object Repository/Reto_while1/Page_Google/input__q'

2022-11-29 19:36:59 - [TEST_STEP][PASSED] - sendKeys(findTestObject("Object Repository/Reto_while1/Page_Google/input__q"), Keys.chord(ENTER)): Keys 'ENTER + ' sent to object: 'Object Repository/Reto_while1/Page_Google/input__q'

2022-11-29 19:37:04 - [MESSAGE][PASSED] - Keys 'ENTER + ' sent to object: 'Object Repository/Reto_while1/Page_Google/input__q'

2022-11-29 19:37:04 - [TEST_STEP][PASSED] - Res = getText(findTestObject("Reto_while1/Resultado_8")).toInteger(): Text of object 'Object Repository/Reto_while1/Resultado_8' is: '7'

2022-11-29 19:37:04 - [MESSAGE][PASSED] - Text of object 'Object Repository/Reto_while1/Resultado_8' is: '7'

2022-11-29 19:37:04 - [TEST_STEP][PASSED] - if (Res == 8): null

2022-11-29 19:37:04 - [TEST_STEP][PASSED] - num = Math.random() * 5 - 1 + 1: null

2022-11-29 19:37:04 - [TEST_STEP][PASSED] - setText(findTestObject("Object Repository/Reto_while1/Page_Google/input__q"), "5+" + num): Text '5+4' is set on object 'Object Repository/Reto_while1/Page_Google/input__q'

2022-11-29 19:37:05 - [MESSAGE][PASSED] - Text '5+4' is set on object 'Object Repository/Reto_while1/Page_Google/input__q'

2022-11-29 19:37:05 - [TEST_STEP][PASSED] - sendKeys(findTestObject("Object Repository/Reto_while1/Page_Google/input__q"), Keys.chord(ENTER)): Keys 'ENTER + ' sent to object: 'Object Repository/Reto_while1/Page_Google/input__q'

2022-11-29 19:37:09 - [MESSAGE][PASSED] - Keys 'ENTER + ' sent to object: 'Object Repository/Reto_while1/Page_Google/input__q'

2022-11-29 19:37:09 - [TEST_STEP][PASSED] - Res = getText(findTestObject("Reto_while1/Resultado_8")).toInteger(): Text of object 'Object Repository/Reto_while1/Resultado_8' is: '9'

2022-11-29 19:37:09 - [MESSAGE][PASSED] - Text of object 'Object Repository/Reto_while1/Resultado_8' is: '9'

2022-11-29 19:37:09 - [TEST_STEP][PASSED] - if (Res == 8): null

2022-11-29 19:37:09 - [TEST_STEP][PASSED] - num = Math.random() * 5 - 1 + 1: null

2022-11-29 19:37:09 - [TEST_STEP][PASSED] - setText(findTestObject("Object Repository/Reto_while1/Page_Google/input__q"), "5+" + num): Text '5+4' is set on object 'Object Repository/Reto_while1/Page_Google/input__q'

2022-11-29 19:37:10 - [MESSAGE][PASSED] - Text '5+4' is set on object 'Object Repository/Reto_while1/Page_Google/input__q'

2022-11-29 19:37:10 - [TEST_STEP][PASSED] - sendKeys(findTestObject("Object Repository/Reto_while1/Page_Google/input__q"), Keys.chord(ENTER)): Keys 'ENTER + ' sent to object: 'Object Repository/Reto_while1/Page_Google/input__q'

2022-11-29 19:37:13 - [MESSAGE][PASSED] - Keys 'ENTER + ' sent to object: 'Object Repository/Reto_while1/Page_Google/input__q'

2022-11-29 19:37:13 - [TEST_STEP][PASSED] - Res = getText(findTestObject("Reto_while1/Resultado_8")).toInteger(): Text of object 'Object Repository/Reto_while1/Resultado_8' is: '9'

2022-11-29 19:37:13 - [MESSAGE][PASSED] - Text of object 'Object Repository/Reto_while1/Resultado_8' is: '9'

2022-11-29 19:37:13 - [TEST_STEP][PASSED] - if (Res == 8): null

2022-11-29 19:37:13 - [TEST_STEP][PASSED] - num = Math.random() * 5 - 1 + 1: null

2022-11-29 19:37:13 - [TEST_STEP][PASSED] - setText(findTestObject("Object Repository/Reto_while1/Page_Google/input__q"), "5+" + num): Text '5+3' is set on object 'Object Repository/Reto_while1/Page_Google/input__q'

2022-11-29 19:37:14 - [MESSAGE][PASSED] - Text '5+3' is set on object 'Object Repository/Reto_while1/Page_Google/input__q'

2022-11-29 19:37:14 - [TEST_STEP][PASSED] - sendKeys(findTestObject("Object Repository/Reto_while1/Page_Google/input__q"), Keys.chord(ENTER)): Keys 'ENTER + ' sent to object: 'Object Repository/Reto_while1/Page_Google/input__q'

2022-11-29 19:37:19 - [MESSAGE][PASSED] - Keys 'ENTER + ' sent to object: 'Object Repository/Reto_while1/Page_Google/input__q'

2022-11-29 19:37:19 - [TEST_STEP][PASSED] - Res = getText(findTestObject("Reto_while1/Resultado_8")).toInteger(): Text of object 'Object Repository/Reto_while1/Resultado_8' is: '8'

2022-11-29 19:37:19 - [MESSAGE][PASSED] - Text of object 'Object Repository/Reto_while1/Resultado_8' is: '8'

2022-11-29 19:37:19 - [TEST_STEP][PASSED] - if (Res == 8): Browser is closed

2022-11-29 19:37:19 - [TEST_STEP][PASSED] - closeBrowser(): Browser is closed

2022-11-29 19:37:20 - [MESSAGE][PASSED] - Browser is closed]]></system-out>
         <system-err><![CDATA[]]></system-err>
      </testcase>
      <testcase name="Test Cases/BUCLES/Test_1" time="38.829" classname="Test Cases/BUCLES/Test_1" status="PASSED">
         <system-out><![CDATA[2022-11-29 19:37:20 - [TEST_CASE][PASSED] - Test Cases/BUCLES/Test_1: Test Cases/BUCLES/Test_1

2022-11-29 19:37:20 - [TEST_STEP][PASSED] - openBrowser(""): Browser is opened with url: ''

2022-11-29 19:37:20 - [MESSAGE][INFO] - Starting 'Chrome' driver

2022-11-29 19:37:20 - [MESSAGE][INFO] - Action delay is set to 0 milliseconds

2022-11-29 19:37:22 - [MESSAGE][PASSED] - Browser is opened with url: ''

2022-11-29 19:37:22 - [TEST_STEP][PASSED] - navigateToUrl("https://demoqa.com/text-box"): Navigate to 'https://demoqa.com/text-box' successfully

2022-11-29 19:37:32 - [MESSAGE][PASSED] - Navigate to 'https://demoqa.com/text-box' successfully

2022-11-29 19:37:32 - [TEST_STEP][PASSED] - for ([x = 1, x <= 2, (x++)]): null

2022-11-29 19:37:32 - [TEST_STEP][PASSED] - openBrowser(""): Browser is opened with url: ''

2022-11-29 19:37:32 - [MESSAGE][WARNING] - A browser is already opened. Closing browser and opening a new one

2022-11-29 19:37:32 - [MESSAGE][INFO] - Starting 'Chrome' driver

2022-11-29 19:37:32 - [MESSAGE][INFO] - Action delay is set to 0 milliseconds

2022-11-29 19:37:34 - [MESSAGE][PASSED] - Browser is opened with url: ''

2022-11-29 19:37:34 - [TEST_STEP][PASSED] - navigateToUrl("https://demoqa.com/text-box"): Navigate to 'https://demoqa.com/text-box' successfully

2022-11-29 19:37:45 - [MESSAGE][PASSED] - Navigate to 'https://demoqa.com/text-box' successfully

2022-11-29 19:37:45 - [TEST_STEP][PASSED] - RN = Math.random() * 10 - 1 + 1: null

2022-11-29 19:37:45 - [TEST_STEP][PASSED] - print("Numero : " + RN + "----"): null

2022-11-29 19:37:45 - [TEST_STEP][PASSED] - z = ["Demo1", "Demo2", "Demo3", "Demo4", "Demo5"]: null

2022-11-29 19:37:45 - [TEST_STEP][PASSED] - rnd = new java.util.Random(): null

2022-11-29 19:37:45 - [TEST_STEP][PASSED] - texto = z[rnd.nextInt(size)]: null

2022-11-29 19:37:45 - [TEST_STEP][PASSED] - print(texto): null

2022-11-29 19:37:45 - [TEST_STEP][PASSED] - openBrowser(""): Browser is opened with url: ''

2022-11-29 19:37:45 - [MESSAGE][WARNING] - A browser is already opened. Closing browser and opening a new one

2022-11-29 19:37:45 - [MESSAGE][INFO] - Starting 'Chrome' driver

2022-11-29 19:37:45 - [MESSAGE][INFO] - Action delay is set to 0 milliseconds

2022-11-29 19:37:47 - [MESSAGE][PASSED] - Browser is opened with url: ''

2022-11-29 19:37:47 - [TEST_STEP][PASSED] - navigateToUrl("https://demoqa.com/text-box"): Navigate to 'https://demoqa.com/text-box' successfully

2022-11-29 19:37:58 - [MESSAGE][PASSED] - Navigate to 'https://demoqa.com/text-box' successfully

2022-11-29 19:37:58 - [TEST_STEP][PASSED] - RN = Math.random() * 10 - 1 + 1: null

2022-11-29 19:37:58 - [TEST_STEP][PASSED] - print("Numero : " + RN + "----"): null

2022-11-29 19:37:58 - [TEST_STEP][PASSED] - z = ["Demo1", "Demo2", "Demo3", "Demo4", "Demo5"]: null

2022-11-29 19:37:58 - [TEST_STEP][PASSED] - rnd = new java.util.Random(): null

2022-11-29 19:37:58 - [TEST_STEP][PASSED] - texto = z[rnd.nextInt(size)]: null

2022-11-29 19:37:58 - [TEST_STEP][PASSED] - print(texto): null

2022-11-29 19:37:58 - [TEST_STEP][PASSED] - closeBrowser(): Browser is closed

2022-11-29 19:37:59 - [MESSAGE][PASSED] - Browser is closed]]></system-out>
         <system-err><![CDATA[]]></system-err>
      </testcase>
      <testcase name="Test Cases/BUCLES/Test_2" time="11.328" classname="Test Cases/BUCLES/Test_2" status="PASSED">
         <system-out><![CDATA[2022-11-29 19:37:59 - [TEST_CASE][PASSED] - Test Cases/BUCLES/Test_2: Test Cases/BUCLES/Test_2

2022-11-29 19:37:59 - [TEST_STEP][PASSED] - openBrowser(""): Browser is opened with url: ''

2022-11-29 19:37:59 - [MESSAGE][INFO] - Starting 'Chrome' driver

2022-11-29 19:37:59 - [MESSAGE][INFO] - Action delay is set to 0 milliseconds

2022-11-29 19:38:01 - [MESSAGE][PASSED] - Browser is opened with url: ''

2022-11-29 19:38:01 - [TEST_STEP][PASSED] - navigateToUrl("https://demoqa.com/text-box"): Navigate to 'https://demoqa.com/text-box' successfully

2022-11-29 19:38:09 - [MESSAGE][PASSED] - Navigate to 'https://demoqa.com/text-box' successfully

2022-11-29 19:38:09 - [TEST_STEP][PASSED] - for ([x = 1, x <= 10, x = x + 2]): null

2022-11-29 19:38:09 - [TEST_STEP][PASSED] - print(" hola mundo " + x + "-------"): null

2022-11-29 19:38:09 - [TEST_STEP][PASSED] - print(" hola mundo " + x + "-------"): null

2022-11-29 19:38:09 - [TEST_STEP][PASSED] - print(" hola mundo " + x + "-------"): null

2022-11-29 19:38:09 - [TEST_STEP][PASSED] - print(" hola mundo " + x + "-------"): null

2022-11-29 19:38:09 - [TEST_STEP][PASSED] - print(" hola mundo " + x + "-------"): null

2022-11-29 19:38:09 - [TEST_STEP][PASSED] - closeBrowser(): Browser is closed

2022-11-29 19:38:10 - [MESSAGE][PASSED] - Browser is closed]]></system-out>
         <system-err><![CDATA[]]></system-err>
      </testcase>
      <testcase name="Test Cases/BUCLES/Test_while" time="11.524" classname="Test Cases/BUCLES/Test_while" status="PASSED">
         <system-out><![CDATA[2022-11-29 19:38:10 - [TEST_CASE][PASSED] - Test Cases/BUCLES/Test_while: Test Cases/BUCLES/Test_while

2022-11-29 19:38:11 - [TEST_STEP][PASSED] - openBrowser(""): Browser is opened with url: ''

2022-11-29 19:38:11 - [MESSAGE][INFO] - Starting 'Chrome' driver

2022-11-29 19:38:11 - [MESSAGE][INFO] - Action delay is set to 0 milliseconds

2022-11-29 19:38:12 - [MESSAGE][PASSED] - Browser is opened with url: ''

2022-11-29 19:38:12 - [TEST_STEP][PASSED] - navigateToUrl("https://demoqa.com/text-box"): Navigate to 'https://demoqa.com/text-box' successfully

2022-11-29 19:38:21 - [MESSAGE][PASSED] - Navigate to 'https://demoqa.com/text-box' successfully

2022-11-29 19:38:21 - [TEST_STEP][PASSED] - maximizeWindow(): Current window maximized

2022-11-29 19:38:21 - [MESSAGE][PASSED] - Current window maximized

2022-11-29 19:38:21 - [TEST_STEP][PASSED] - waitForPageLoad(5): Wait for page load successfully

2022-11-29 19:38:21 - [MESSAGE][PASSED] - Wait for page load successfully

2022-11-29 19:38:21 - [TEST_STEP][PASSED] - x = 1: null

2022-11-29 19:38:21 - [TEST_STEP][PASSED] - while (x <= 3): null

2022-11-29 19:38:21 - [TEST_STEP][PASSED] - print("Hola " + x + "----------"): null

2022-11-29 19:38:21 - [TEST_STEP][PASSED] - (x++): null

2022-11-29 19:38:21 - [TEST_STEP][PASSED] - print("Hola " + x + "----------"): null

2022-11-29 19:38:21 - [TEST_STEP][PASSED] - (x++): null

2022-11-29 19:38:21 - [TEST_STEP][PASSED] - print("Hola " + x + "----------"): null

2022-11-29 19:38:21 - [TEST_STEP][PASSED] - (x++): null

2022-11-29 19:38:21 - [TEST_STEP][PASSED] - closeBrowser(): Browser is closed

2022-11-29 19:38:22 - [MESSAGE][PASSED] - Browser is closed]]></system-out>
         <system-err><![CDATA[]]></system-err>
      </testcase>
      <testcase name="Test Cases/BUCLES/Test_while2" time="11.216" classname="Test Cases/BUCLES/Test_while2" status="PASSED">
         <system-out><![CDATA[2022-11-29 19:38:22 - [TEST_CASE][PASSED] - Test Cases/BUCLES/Test_while2: Test Cases/BUCLES/Test_while2

2022-11-29 19:38:22 - [TEST_STEP][PASSED] - openBrowser(""): Browser is opened with url: ''

2022-11-29 19:38:22 - [MESSAGE][INFO] - Starting 'Chrome' driver

2022-11-29 19:38:22 - [MESSAGE][INFO] - Action delay is set to 0 milliseconds

2022-11-29 19:38:24 - [MESSAGE][PASSED] - Browser is opened with url: ''

2022-11-29 19:38:24 - [TEST_STEP][PASSED] - navigateToUrl("https://demoqa.com/text-box"): Navigate to 'https://demoqa.com/text-box' successfully

2022-11-29 19:38:32 - [MESSAGE][PASSED] - Navigate to 'https://demoqa.com/text-box' successfully

2022-11-29 19:38:32 - [TEST_STEP][PASSED] - maximizeWindow(): Current window maximized

2022-11-29 19:38:32 - [MESSAGE][PASSED] - Current window maximized

2022-11-29 19:38:32 - [TEST_STEP][PASSED] - waitForPageLoad(5): Wait for page load successfully

2022-11-29 19:38:32 - [MESSAGE][PASSED] - Wait for page load successfully

2022-11-29 19:38:32 - [TEST_STEP][PASSED] - x = 1: null

2022-11-29 19:38:32 - [TEST_STEP][PASSED] - while (x <= 5): null

2022-11-29 19:38:32 - [TEST_STEP][PASSED] - print("Valor de X" + x + "------>"): null

2022-11-29 19:38:32 - [TEST_STEP][PASSED] - (x++): null

2022-11-29 19:38:32 - [TEST_STEP][PASSED] - print("Valor de X" + x + "------>"): null

2022-11-29 19:38:32 - [TEST_STEP][PASSED] - (x++): null

2022-11-29 19:38:32 - [TEST_STEP][PASSED] - print("Valor de X" + x + "------>"): null

2022-11-29 19:38:32 - [TEST_STEP][PASSED] - (x++): null

2022-11-29 19:38:32 - [TEST_STEP][PASSED] - print("Valor de X" + x + "------>"): null

2022-11-29 19:38:32 - [TEST_STEP][PASSED] - (x++): null

2022-11-29 19:38:32 - [TEST_STEP][PASSED] - print("Valor de X" + x + "------>"): null

2022-11-29 19:38:32 - [TEST_STEP][PASSED] - (x++): null

2022-11-29 19:38:32 - [TEST_STEP][PASSED] - closeBrowser(): Browser is closed

2022-11-29 19:38:33 - [MESSAGE][PASSED] - Browser is closed]]></system-out>
         <system-err><![CDATA[]]></system-err>
      </testcase>
      <testcase name="Test Cases/Drive_excel/Drive_excel" time="19.426" classname="Test Cases/Drive_excel/Drive_excel" status="PASSED">
         <system-out><![CDATA[2022-11-29 19:38:33 - [TEST_CASE][PASSED] - Test Cases/Drive_excel/Drive_excel: Test Cases/Drive_excel/Drive_excel

2022-11-29 19:38:33 - [TEST_STEP][PASSED] - openBrowser(""): Browser is opened with url: ''

2022-11-29 19:38:33 - [MESSAGE][INFO] - Starting 'Chrome' driver

2022-11-29 19:38:33 - [MESSAGE][INFO] - Action delay is set to 0 milliseconds

2022-11-29 19:38:35 - [MESSAGE][PASSED] - Browser is opened with url: ''

2022-11-29 19:38:35 - [TEST_STEP][PASSED] - navigateToUrl("https://demoqa.com/automation-practice-form"): Navigate to 'https://demoqa.com/automation-practice-form' successfully

2022-11-29 19:38:46 - [MESSAGE][PASSED] - Navigate to 'https://demoqa.com/automation-practice-form' successfully

2022-11-29 19:38:46 - [TEST_STEP][PASSED] - waitForPageLoad(40): Wait for page load successfully

2022-11-29 19:38:46 - [MESSAGE][PASSED] - Wait for page load successfully

2022-11-29 19:38:46 - [TEST_STEP][PASSED] - maximizeWindow(): Current window maximized

2022-11-29 19:38:46 - [MESSAGE][PASSED] - Current window maximized

2022-11-29 19:38:46 - [TEST_STEP][PASSED] - setText(findTestObject("Object Repository/Drive_excel/Page_ToolsQA/input_Name_firstName"), nombre): Text '' is set on object 'Object Repository/Drive_excel/Page_ToolsQA/input_Name_firstName'

2022-11-29 19:38:48 - [MESSAGE][PASSED] - Text '' is set on object 'Object Repository/Drive_excel/Page_ToolsQA/input_Name_firstName'

2022-11-29 19:38:48 - [TEST_STEP][PASSED] - setText(findTestObject("Object Repository/Drive_excel/Page_ToolsQA/input_Name_lastName"), apellido): Text '' is set on object 'Object Repository/Drive_excel/Page_ToolsQA/input_Name_lastName'

2022-11-29 19:38:49 - [MESSAGE][PASSED] - Text '' is set on object 'Object Repository/Drive_excel/Page_ToolsQA/input_Name_lastName'

2022-11-29 19:38:49 - [TEST_STEP][PASSED] - setText(findTestObject("Object Repository/Drive_excel/Page_ToolsQA/input_Email_userEmail"), email): Text '' is set on object 'Object Repository/Drive_excel/Page_ToolsQA/input_Email_userEmail'

2022-11-29 19:38:49 - [MESSAGE][PASSED] - Text '' is set on object 'Object Repository/Drive_excel/Page_ToolsQA/input_Email_userEmail'

2022-11-29 19:38:49 - [TEST_STEP][PASSED] - delay(2): Delayed 2 second(s)

2022-11-29 19:38:51 - [MESSAGE][PASSED] - Delayed 2 second(s)

2022-11-29 19:38:51 - [TEST_STEP][PASSED] - closeBrowser(): Browser is closed

2022-11-29 19:38:52 - [MESSAGE][PASSED] - Browser is closed]]></system-out>
         <system-err><![CDATA[]]></system-err>
      </testcase>
      <testcase name="Test Cases/Navegador/Navegador" time="14.618" classname="Test Cases/Navegador/Navegador" status="PASSED">
         <system-out><![CDATA[2022-11-29 19:38:52 - [TEST_CASE][PASSED] - Test Cases/Navegador/Navegador: Test Cases/Navegador/Navegador

2022-11-29 19:38:52 - [TEST_STEP][PASSED] - openBrowser("https://demoqa.com/text-box"): Browser is opened with url: 'https://demoqa.com/text-box'

2022-11-29 19:38:52 - [MESSAGE][INFO] - Starting 'Chrome' driver

2022-11-29 19:38:52 - [MESSAGE][INFO] - Action delay is set to 0 milliseconds

2022-11-29 19:39:06 - [MESSAGE][PASSED] - Browser is opened with url: 'https://demoqa.com/text-box'

2022-11-29 19:39:06 - [TEST_STEP][PASSED] - maximizeWindow(): Current window maximized

2022-11-29 19:39:06 - [MESSAGE][PASSED] - Current window maximized

2022-11-29 19:39:06 - [TEST_STEP][PASSED] - page_url = getUrl(): Current window's url is: 'https://demoqa.com/text-box'

2022-11-29 19:39:06 - [MESSAGE][PASSED] - Current window's url is: 'https://demoqa.com/text-box'

2022-11-29 19:39:06 - [TEST_STEP][PASSED] - print(page_url): null

2022-11-29 19:39:06 - [TEST_STEP][PASSED] - Titulo = getWindowTitle(): Current window's title is: 'ToolsQA'

2022-11-29 19:39:06 - [MESSAGE][PASSED] - Current window's title is: 'ToolsQA'

2022-11-29 19:39:06 - [TEST_STEP][PASSED] - print("titiulo de la pagina" + Titulo): null

2022-11-29 19:39:06 - [TEST_STEP][PASSED] - closeBrowser(): Browser is closed

2022-11-29 19:39:07 - [MESSAGE][PASSED] - Browser is closed]]></system-out>
         <system-err><![CDATA[]]></system-err>
      </testcase>
      <testcase name="Test Cases/Objecto_xpath/Caso_xpath" time="18.628" classname="Test Cases/Objecto_xpath/Caso_xpath" status="PASSED">
         <system-out><![CDATA[2022-11-29 19:39:07 - [TEST_CASE][PASSED] - Test Cases/Objecto_xpath/Caso_xpath: Test Cases/Objecto_xpath/Caso_xpath

2022-11-29 19:39:07 - [TEST_STEP][PASSED] - openBrowser(""): Browser is opened with url: ''

2022-11-29 19:39:07 - [MESSAGE][INFO] - Starting 'Chrome' driver

2022-11-29 19:39:07 - [MESSAGE][INFO] - Action delay is set to 0 milliseconds

2022-11-29 19:39:08 - [MESSAGE][PASSED] - Browser is opened with url: ''

2022-11-29 19:39:08 - [TEST_STEP][PASSED] - navigateToUrl("https://demoqa.com/text-box"): Navigate to 'https://demoqa.com/text-box' successfully

2022-11-29 19:39:20 - [MESSAGE][PASSED] - Navigate to 'https://demoqa.com/text-box' successfully

2022-11-29 19:39:20 - [TEST_STEP][PASSED] - maximizeWindow(): Current window maximized

2022-11-29 19:39:20 - [MESSAGE][PASSED] - Current window maximized

2022-11-29 19:39:20 - [TEST_STEP][PASSED] - setText(findTestObject("Objeto_xpath/Campo_nombre"), "Ljubo"): Text 'Ljubo' is set on object 'Object Repository/Objeto_xpath/Campo_nombre'

2022-11-29 19:39:21 - [MESSAGE][PASSED] - Text 'Ljubo' is set on object 'Object Repository/Objeto_xpath/Campo_nombre'

2022-11-29 19:39:21 - [TEST_STEP][PASSED] - delay(3): Delayed 3 second(s)

2022-11-29 19:39:24 - [MESSAGE][PASSED] - Delayed 3 second(s)

2022-11-29 19:39:24 - [TEST_STEP][PASSED] - closeBrowser(): Browser is closed

2022-11-29 19:39:25 - [MESSAGE][PASSED] - Browser is closed]]></system-out>
         <system-err><![CDATA[]]></system-err>
      </testcase>
      <testcase name="Test Cases/Condicionales_If/Condicionar_titulo" time="27.804" classname="Test Cases/Condicionales_If/Condicionar_titulo" status="PASSED">
         <system-out><![CDATA[2022-11-29 19:39:25 - [TEST_CASE][PASSED] - Test Cases/Condicionales_If/Condicionar_titulo: Test Cases/Condicionales_If/Condicionar_titulo

2022-11-29 19:39:25 - [TEST_STEP][PASSED] - openBrowser(""): Browser is opened with url: ''

2022-11-29 19:39:26 - [MESSAGE][INFO] - Starting 'Chrome' driver

2022-11-29 19:39:26 - [MESSAGE][INFO] - Action delay is set to 0 milliseconds

2022-11-29 19:39:27 - [MESSAGE][PASSED] - Browser is opened with url: ''

2022-11-29 19:39:27 - [TEST_STEP][PASSED] - navigateToUrl("https://demoqa.com/"): Navigate to 'https://demoqa.com/' successfully

2022-11-29 19:39:38 - [MESSAGE][PASSED] - Navigate to 'https://demoqa.com/' successfully

2022-11-29 19:39:38 - [TEST_STEP][PASSED] - maximizeWindow(): Current window maximized

2022-11-29 19:39:39 - [MESSAGE][PASSED] - Current window maximized

2022-11-29 19:39:39 - [TEST_STEP][PASSED] - waitForPageLoad(5): Wait for page load successfully

2022-11-29 19:39:39 - [MESSAGE][PASSED] - Wait for page load successfully

2022-11-29 19:39:39 - [TEST_STEP][PASSED] - Existe = waitForElementVisible(findTestObject("Condicionales/Texto_radio"), 3): Web element with id: 'Object Repository/Condicionales/Texto_radio' located by '//div[@class='main-header'][contains(.,'Radio Button')]' not found

2022-11-29 19:39:43 - [MESSAGE][INFO] - Unable to find the element located by 'By.xpath: //div[@class='main-header'][contains(.,'Radio Button')]'. Please recheck the objects properties to make sure the desired element is located. 

2022-11-29 19:39:43 - [MESSAGE][WARNING] - [SELF-HEALING] Failed to find element with id 'Object Repository/Condicionales/Texto_radio'. Try using Self-healing.

2022-11-29 19:39:44 - [MESSAGE][INFO] - [SELF-HEALING] No working XPath is found.

2022-11-29 19:39:45 - [MESSAGE][INFO] - Unable to find the element located by 'By.xpath: '. Please recheck the objects properties to make sure the desired element is located. 

2022-11-29 19:39:45 - [MESSAGE][WARNING] - [SELF-HEALING] Cannot find elements when the selector is null

2022-11-29 19:39:45 - [MESSAGE][WARNING] - Web element with id: 'Object Repository/Condicionales/Texto_radio' located by '//div[@class='main-header'][contains(.,'Radio Button')]' not found

2022-11-29 19:39:45 - [TEST_STEP][PASSED] - print(Existe): null

2022-11-29 19:39:45 - [TEST_STEP][PASSED] - if (Existe == true): null

2022-11-29 19:39:45 - [TEST_STEP][PASSED] - else: Browser is closed

2022-11-29 19:39:45 - [TEST_STEP][PASSED] - print("-----  Error no esta el elemento de texto radio ------"): null

2022-11-29 19:39:45 - [TEST_STEP][PASSED] - navigateToUrl("https://demoqa.com/radio-button"): Navigate to 'https://demoqa.com/radio-button' successfully

2022-11-29 19:39:49 - [MESSAGE][PASSED] - Navigate to 'https://demoqa.com/radio-button' successfully

2022-11-29 19:39:49 - [TEST_STEP][PASSED] - click(findTestObject("Condicionales/Objeto_yes")): Object: 'Object Repository/Condicionales/Objeto_yes' is clicked on

2022-11-29 19:39:51 - [MESSAGE][PASSED] - Object: 'Object Repository/Condicionales/Objeto_yes' is clicked on

2022-11-29 19:39:51 - [TEST_STEP][PASSED] - delay(2): Delayed 2 second(s)

2022-11-29 19:39:53 - [MESSAGE][PASSED] - Delayed 2 second(s)

2022-11-29 19:39:53 - [TEST_STEP][PASSED] - closeBrowser(): Browser is closed

2022-11-29 19:39:53 - [MESSAGE][PASSED] - Browser is closed]]></system-out>
         <system-err><![CDATA[]]></system-err>
      </testcase>
      <testcase name="Test Cases/Condicionales_If/Test_1" time="0.033" classname="Test Cases/Condicionales_If/Test_1" status="PASSED">
         <system-out><![CDATA[2022-11-29 19:39:53 - [TEST_CASE][PASSED] - Test Cases/Condicionales_If/Test_1: Test Cases/Condicionales_If/Test_1

2022-11-29 19:39:53 - [TEST_STEP][PASSED] - if (num == 10): null

2022-11-29 19:39:53 - [TEST_STEP][PASSED] - else: null

2022-11-29 19:39:53 - [TEST_STEP][PASSED] - print("El numero no es un 10 es el numero:  " + num + "#####"): null]]></system-out>
         <system-err><![CDATA[]]></system-err>
      </testcase>
      <testcase name="Test Cases/Condicionales_If/Test_2" time="0.029" classname="Test Cases/Condicionales_If/Test_2" status="PASSED">
         <system-out><![CDATA[2022-11-29 19:39:53 - [TEST_CASE][PASSED] - Test Cases/Condicionales_If/Test_2: Test Cases/Condicionales_If/Test_2

2022-11-29 19:39:53 - [TEST_STEP][PASSED] - if (num == 5): null

2022-11-29 19:39:53 - [TEST_STEP][PASSED] - if (num == 10): null

2022-11-29 19:39:53 - [TEST_STEP][PASSED] - println("El valor de la variables es un: 10"): null]]></system-out>
         <system-err><![CDATA[]]></system-err>
      </testcase>
      <testcase name="Test Cases/Condicionales_If/Test_3" time="0.028" classname="Test Cases/Condicionales_If/Test_3" status="PASSED">
         <system-out><![CDATA[2022-11-29 19:39:53 - [TEST_CASE][PASSED] - Test Cases/Condicionales_If/Test_3: Test Cases/Condicionales_If/Test_3

2022-11-29 19:39:53 - [TEST_STEP][PASSED] - if (nombre == "Juan"): null

2022-11-29 19:39:53 - [TEST_STEP][PASSED] - if (nombre == "JUan"): null

2022-11-29 19:39:53 - [TEST_STEP][PASSED] - if (nombre == "juan"): null

2022-11-29 19:39:53 - [TEST_STEP][PASSED] - println("Tu nombre es juan"): null]]></system-out>
         <system-err><![CDATA[]]></system-err>
      </testcase>
      <testcase name="Test Cases/Condicionales_If/Test_4" time="0.064" classname="Test Cases/Condicionales_If/Test_4" status="PASSED">
         <system-out><![CDATA[2022-11-29 19:39:53 - [TEST_CASE][PASSED] - Test Cases/Condicionales_If/Test_4: Test Cases/Condicionales_If/Test_4

2022-11-29 19:39:53 - [TEST_STEP][PASSED] - if (num <= 7): null

2022-11-29 19:39:53 - [TEST_STEP][PASSED] - println("El numero es menor ó igual que 5"): null

2022-11-29 19:39:53 - [TEST_STEP][PASSED] - if (num >= 8): null

2022-11-29 19:39:53 - [TEST_STEP][PASSED] - if (num != 5): null]]></system-out>
         <system-err><![CDATA[]]></system-err>
      </testcase>
      <testcase name="Test Cases/Condicionales_If/Test_edad" time="0.028" classname="Test Cases/Condicionales_If/Test_edad" status="PASSED">
         <system-out><![CDATA[2022-11-29 19:39:53 - [TEST_CASE][PASSED] - Test Cases/Condicionales_If/Test_edad: Test Cases/Condicionales_If/Test_edad

2022-11-29 19:39:54 - [TEST_STEP][PASSED] - if (edad >= 1 && edad <= 17): null

2022-11-29 19:39:54 - [TEST_STEP][PASSED] - else if (edad == 18): null

2022-11-29 19:39:54 - [TEST_STEP][PASSED] - else if (edad <= 0): null

2022-11-29 19:39:54 - [TEST_STEP][PASSED] - else if (edad == 120): null

2022-11-29 19:39:54 - [TEST_STEP][PASSED] - else: null

2022-11-29 19:39:54 - [TEST_STEP][PASSED] - print("No se cumple ninguna de las opciones"): null]]></system-out>
         <system-err><![CDATA[]]></system-err>
      </testcase>
      <testcase name="Test Cases/Condicionales_If/Test_valor" time="22.127" classname="Test Cases/Condicionales_If/Test_valor" status="PASSED">
         <system-out><![CDATA[2022-11-29 19:39:54 - [TEST_CASE][PASSED] - Test Cases/Condicionales_If/Test_valor: Test Cases/Condicionales_If/Test_valor

2022-11-29 19:39:54 - [TEST_STEP][PASSED] - openBrowser(""): Browser is opened with url: ''

2022-11-29 19:39:54 - [MESSAGE][INFO] - Starting 'Chrome' driver

2022-11-29 19:39:54 - [MESSAGE][INFO] - Action delay is set to 0 milliseconds

2022-11-29 19:39:55 - [MESSAGE][PASSED] - Browser is opened with url: ''

2022-11-29 19:39:55 - [TEST_STEP][PASSED] - navigateToUrl("https://demoqa.com/"): Navigate to 'https://demoqa.com/' successfully

2022-11-29 19:40:07 - [MESSAGE][PASSED] - Navigate to 'https://demoqa.com/' successfully

2022-11-29 19:40:07 - [TEST_STEP][PASSED] - maximizeWindow(): Current window maximized

2022-11-29 19:40:07 - [MESSAGE][PASSED] - Current window maximized

2022-11-29 19:40:07 - [TEST_STEP][PASSED] - waitForPageLoad(10): Wait for page load successfully

2022-11-29 19:40:07 - [MESSAGE][PASSED] - Wait for page load successfully

2022-11-29 19:40:07 - [TEST_STEP][PASSED] - Existe = waitForElementVisible(findTestObject("Condicionales/titulo1"), 5): Web element with id: 'Object Repository/Condicionales/titulo1' located by '//div[@class='main-header'][contains(.,'Radio Button')]' not found

2022-11-29 19:40:13 - [MESSAGE][INFO] - Unable to find the element located by 'By.xpath: //div[@class='main-header'][contains(.,'Radio Button')]'. Please recheck the objects properties to make sure the desired element is located. 

2022-11-29 19:40:13 - [MESSAGE][WARNING] - [SELF-HEALING] Failed to find element with id 'Object Repository/Condicionales/titulo1'. Try using Self-healing.

2022-11-29 19:40:14 - [MESSAGE][INFO] - [SELF-HEALING] No working XPath is found.

2022-11-29 19:40:15 - [MESSAGE][INFO] - Unable to find the element located by 'By.xpath: '. Please recheck the objects properties to make sure the desired element is located. 

2022-11-29 19:40:15 - [MESSAGE][WARNING] - [SELF-HEALING] Cannot find elements when the selector is null

2022-11-29 19:40:15 - [MESSAGE][WARNING] - Web element with id: 'Object Repository/Condicionales/titulo1' located by '//div[@class='main-header'][contains(.,'Radio Button')]' not found

2022-11-29 19:40:15 - [TEST_STEP][PASSED] - if (Existe == true): null

2022-11-29 19:40:15 - [TEST_STEP][PASSED] - else: Browser is closed

2022-11-29 19:40:15 - [TEST_STEP][PASSED] - print("No estas en la página correcta"): null

2022-11-29 19:40:15 - [TEST_STEP][PASSED] - closeBrowser(): Browser is closed

2022-11-29 19:40:16 - [MESSAGE][PASSED] - Browser is closed]]></system-out>
         <system-err><![CDATA[]]></system-err>
      </testcase>
      <testcase name="Test Cases/BUCLES/Reto_For" time="32.677" classname="Test Cases/BUCLES/Reto_For" status="PASSED">
         <system-out><![CDATA[2022-11-29 19:40:16 - [TEST_CASE][PASSED] - Test Cases/BUCLES/Reto_For: Test Cases/BUCLES/Reto_For

2022-11-29 19:40:16 - [TEST_STEP][PASSED] - openBrowser(""): Browser is opened with url: ''

2022-11-29 19:40:16 - [MESSAGE][INFO] - Starting 'Chrome' driver

2022-11-29 19:40:16 - [MESSAGE][INFO] - Action delay is set to 0 milliseconds

2022-11-29 19:40:17 - [MESSAGE][PASSED] - Browser is opened with url: ''

2022-11-29 19:40:17 - [TEST_STEP][PASSED] - navigateToUrl("https://demoqa.com/text-box"): Navigate to 'https://demoqa.com/text-box' successfully

2022-11-29 19:40:30 - [MESSAGE][PASSED] - Navigate to 'https://demoqa.com/text-box' successfully

2022-11-29 19:40:30 - [TEST_STEP][PASSED] - maximizeWindow(): Current window maximized

2022-11-29 19:40:30 - [MESSAGE][PASSED] - Current window maximized

2022-11-29 19:40:30 - [TEST_STEP][PASSED] - waitForPageLoad(5): Wait for page load successfully

2022-11-29 19:40:30 - [MESSAGE][PASSED] - Wait for page load successfully

2022-11-29 19:40:30 - [TEST_STEP][PASSED] - for ([x = 1, x <= 4, (x++)]): Browser is scrolled to position x = 0, y = 100

2022-11-29 19:40:30 - [TEST_STEP][PASSED] - z = ["Carlos", "Erika", "Paco", "Rodrigo", "Juan"]: null

2022-11-29 19:40:30 - [TEST_STEP][PASSED] - rn = new java.util.Random(): null

2022-11-29 19:40:30 - [TEST_STEP][PASSED] - tx_nombre = z[rn.nextInt(size)]: null

2022-11-29 19:40:30 - [TEST_STEP][PASSED] - setText(findTestObject("Object Repository/Reto_for/Page_ToolsQA/input_Full Name_userName"), tx_nombre): Text 'Carlos' is set on object 'Object Repository/Reto_for/Page_ToolsQA/input_Full Name_userName'

2022-11-29 19:40:32 - [MESSAGE][PASSED] - Text 'Carlos' is set on object 'Object Repository/Reto_for/Page_ToolsQA/input_Full Name_userName'

2022-11-29 19:40:32 - [TEST_STEP][PASSED] - setText(findTestObject("Object Repository/Reto_for/Page_ToolsQA/input_Email_userEmail"), tx_nombre + "@gmail.com"): Text 'Carlos@gmail.com' is set on object 'Object Repository/Reto_for/Page_ToolsQA/input_Email_userEmail'

2022-11-29 19:40:33 - [MESSAGE][PASSED] - Text 'Carlos@gmail.com' is set on object 'Object Repository/Reto_for/Page_ToolsQA/input_Email_userEmail'

2022-11-29 19:40:33 - [TEST_STEP][PASSED] - setText(findTestObject("Object Repository/Reto_for/Page_ToolsQA/textarea_Current Address_currentAddress"), "Dirección#" + x): Text 'Dirección#1' is set on object 'Object Repository/Reto_for/Page_ToolsQA/textarea_Current Address_currentAddress'

2022-11-29 19:40:34 - [MESSAGE][PASSED] - Text 'Dirección#1' is set on object 'Object Repository/Reto_for/Page_ToolsQA/textarea_Current Address_currentAddress'

2022-11-29 19:40:34 - [TEST_STEP][PASSED] - setText(findTestObject("Object Repository/Reto_for/Page_ToolsQA/textarea_Permanent Address_permanentAddress"), "Dirección dos#" + x): Text 'Dirección dos#1' is set on object 'Object Repository/Reto_for/Page_ToolsQA/textarea_Permanent Address_permanentAddress'

2022-11-29 19:40:35 - [MESSAGE][PASSED] - Text 'Dirección dos#1' is set on object 'Object Repository/Reto_for/Page_ToolsQA/textarea_Permanent Address_permanentAddress'

2022-11-29 19:40:35 - [TEST_STEP][PASSED] - scrollToPosition(0, 500): Browser is scrolled to position x = 0, y = 500

2022-11-29 19:40:35 - [MESSAGE][PASSED] - Browser is scrolled to position x = 0, y = 500

2022-11-29 19:40:35 - [TEST_STEP][PASSED] - click(findTestObject("Object Repository/Reto_for/Page_ToolsQA/button_Submit")): Object: 'Object Repository/Reto_for/Page_ToolsQA/button_Submit' is clicked on

2022-11-29 19:40:36 - [MESSAGE][PASSED] - Object: 'Object Repository/Reto_for/Page_ToolsQA/button_Submit' is clicked on

2022-11-29 19:40:36 - [TEST_STEP][PASSED] - scrollToPosition(0, 100): Browser is scrolled to position x = 0, y = 100

2022-11-29 19:40:36 - [MESSAGE][PASSED] - Browser is scrolled to position x = 0, y = 100

2022-11-29 19:40:36 - [TEST_STEP][PASSED] - z = ["Carlos", "Erika", "Paco", "Rodrigo", "Juan"]: null

2022-11-29 19:40:36 - [TEST_STEP][PASSED] - rn = new java.util.Random(): null

2022-11-29 19:40:36 - [TEST_STEP][PASSED] - tx_nombre = z[rn.nextInt(size)]: null

2022-11-29 19:40:36 - [TEST_STEP][PASSED] - setText(findTestObject("Object Repository/Reto_for/Page_ToolsQA/input_Full Name_userName"), tx_nombre): Text 'Rodrigo' is set on object 'Object Repository/Reto_for/Page_ToolsQA/input_Full Name_userName'

2022-11-29 19:40:37 - [MESSAGE][PASSED] - Text 'Rodrigo' is set on object 'Object Repository/Reto_for/Page_ToolsQA/input_Full Name_userName'

2022-11-29 19:40:37 - [TEST_STEP][PASSED] - setText(findTestObject("Object Repository/Reto_for/Page_ToolsQA/input_Email_userEmail"), tx_nombre + "@gmail.com"): Text 'Rodrigo@gmail.com' is set on object 'Object Repository/Reto_for/Page_ToolsQA/input_Email_userEmail'

2022-11-29 19:40:37 - [MESSAGE][PASSED] - Text 'Rodrigo@gmail.com' is set on object 'Object Repository/Reto_for/Page_ToolsQA/input_Email_userEmail'

2022-11-29 19:40:37 - [TEST_STEP][PASSED] - setText(findTestObject("Object Repository/Reto_for/Page_ToolsQA/textarea_Current Address_currentAddress"), "Dirección#" + x): Text 'Dirección#2' is set on object 'Object Repository/Reto_for/Page_ToolsQA/textarea_Current Address_currentAddress'

2022-11-29 19:40:38 - [MESSAGE][PASSED] - Text 'Dirección#2' is set on object 'Object Repository/Reto_for/Page_ToolsQA/textarea_Current Address_currentAddress'

2022-11-29 19:40:38 - [TEST_STEP][PASSED] - setText(findTestObject("Object Repository/Reto_for/Page_ToolsQA/textarea_Permanent Address_permanentAddress"), "Dirección dos#" + x): Text 'Dirección dos#2' is set on object 'Object Repository/Reto_for/Page_ToolsQA/textarea_Permanent Address_permanentAddress'

2022-11-29 19:40:39 - [MESSAGE][PASSED] - Text 'Dirección dos#2' is set on object 'Object Repository/Reto_for/Page_ToolsQA/textarea_Permanent Address_permanentAddress'

2022-11-29 19:40:39 - [TEST_STEP][PASSED] - scrollToPosition(0, 500): Browser is scrolled to position x = 0, y = 500

2022-11-29 19:40:39 - [MESSAGE][PASSED] - Browser is scrolled to position x = 0, y = 500

2022-11-29 19:40:39 - [TEST_STEP][PASSED] - click(findTestObject("Object Repository/Reto_for/Page_ToolsQA/button_Submit")): Object: 'Object Repository/Reto_for/Page_ToolsQA/button_Submit' is clicked on

2022-11-29 19:40:40 - [MESSAGE][PASSED] - Object: 'Object Repository/Reto_for/Page_ToolsQA/button_Submit' is clicked on

2022-11-29 19:40:40 - [TEST_STEP][PASSED] - scrollToPosition(0, 100): Browser is scrolled to position x = 0, y = 100

2022-11-29 19:40:40 - [MESSAGE][PASSED] - Browser is scrolled to position x = 0, y = 100

2022-11-29 19:40:40 - [TEST_STEP][PASSED] - z = ["Carlos", "Erika", "Paco", "Rodrigo", "Juan"]: null

2022-11-29 19:40:40 - [TEST_STEP][PASSED] - rn = new java.util.Random(): null

2022-11-29 19:40:40 - [TEST_STEP][PASSED] - tx_nombre = z[rn.nextInt(size)]: null

2022-11-29 19:40:40 - [TEST_STEP][PASSED] - setText(findTestObject("Object Repository/Reto_for/Page_ToolsQA/input_Full Name_userName"), tx_nombre): Text 'Carlos' is set on object 'Object Repository/Reto_for/Page_ToolsQA/input_Full Name_userName'

2022-11-29 19:40:41 - [MESSAGE][PASSED] - Text 'Carlos' is set on object 'Object Repository/Reto_for/Page_ToolsQA/input_Full Name_userName'

2022-11-29 19:40:41 - [TEST_STEP][PASSED] - setText(findTestObject("Object Repository/Reto_for/Page_ToolsQA/input_Email_userEmail"), tx_nombre + "@gmail.com"): Text 'Carlos@gmail.com' is set on object 'Object Repository/Reto_for/Page_ToolsQA/input_Email_userEmail'

2022-11-29 19:40:42 - [MESSAGE][PASSED] - Text 'Carlos@gmail.com' is set on object 'Object Repository/Reto_for/Page_ToolsQA/input_Email_userEmail'

2022-11-29 19:40:42 - [TEST_STEP][PASSED] - setText(findTestObject("Object Repository/Reto_for/Page_ToolsQA/textarea_Current Address_currentAddress"), "Dirección#" + x): Text 'Dirección#3' is set on object 'Object Repository/Reto_for/Page_ToolsQA/textarea_Current Address_currentAddress'

2022-11-29 19:40:42 - [MESSAGE][PASSED] - Text 'Dirección#3' is set on object 'Object Repository/Reto_for/Page_ToolsQA/textarea_Current Address_currentAddress'

2022-11-29 19:40:42 - [TEST_STEP][PASSED] - setText(findTestObject("Object Repository/Reto_for/Page_ToolsQA/textarea_Permanent Address_permanentAddress"), "Dirección dos#" + x): Text 'Dirección dos#3' is set on object 'Object Repository/Reto_for/Page_ToolsQA/textarea_Permanent Address_permanentAddress'

2022-11-29 19:40:43 - [MESSAGE][PASSED] - Text 'Dirección dos#3' is set on object 'Object Repository/Reto_for/Page_ToolsQA/textarea_Permanent Address_permanentAddress'

2022-11-29 19:40:43 - [TEST_STEP][PASSED] - scrollToPosition(0, 500): Browser is scrolled to position x = 0, y = 500

2022-11-29 19:40:43 - [MESSAGE][PASSED] - Browser is scrolled to position x = 0, y = 500

2022-11-29 19:40:43 - [TEST_STEP][PASSED] - click(findTestObject("Object Repository/Reto_for/Page_ToolsQA/button_Submit")): Object: 'Object Repository/Reto_for/Page_ToolsQA/button_Submit' is clicked on

2022-11-29 19:40:44 - [MESSAGE][PASSED] - Object: 'Object Repository/Reto_for/Page_ToolsQA/button_Submit' is clicked on

2022-11-29 19:40:44 - [TEST_STEP][PASSED] - scrollToPosition(0, 100): Browser is scrolled to position x = 0, y = 100

2022-11-29 19:40:44 - [MESSAGE][PASSED] - Browser is scrolled to position x = 0, y = 100

2022-11-29 19:40:44 - [TEST_STEP][PASSED] - z = ["Carlos", "Erika", "Paco", "Rodrigo", "Juan"]: null

2022-11-29 19:40:44 - [TEST_STEP][PASSED] - rn = new java.util.Random(): null

2022-11-29 19:40:44 - [TEST_STEP][PASSED] - tx_nombre = z[rn.nextInt(size)]: null

2022-11-29 19:40:44 - [TEST_STEP][PASSED] - setText(findTestObject("Object Repository/Reto_for/Page_ToolsQA/input_Full Name_userName"), tx_nombre): Text 'Juan' is set on object 'Object Repository/Reto_for/Page_ToolsQA/input_Full Name_userName'

2022-11-29 19:40:45 - [MESSAGE][PASSED] - Text 'Juan' is set on object 'Object Repository/Reto_for/Page_ToolsQA/input_Full Name_userName'

2022-11-29 19:40:45 - [TEST_STEP][PASSED] - setText(findTestObject("Object Repository/Reto_for/Page_ToolsQA/input_Email_userEmail"), tx_nombre + "@gmail.com"): Text 'Juan@gmail.com' is set on object 'Object Repository/Reto_for/Page_ToolsQA/input_Email_userEmail'

2022-11-29 19:40:45 - [MESSAGE][PASSED] - Text 'Juan@gmail.com' is set on object 'Object Repository/Reto_for/Page_ToolsQA/input_Email_userEmail'

2022-11-29 19:40:45 - [TEST_STEP][PASSED] - setText(findTestObject("Object Repository/Reto_for/Page_ToolsQA/textarea_Current Address_currentAddress"), "Dirección#" + x): Text 'Dirección#4' is set on object 'Object Repository/Reto_for/Page_ToolsQA/textarea_Current Address_currentAddress'

2022-11-29 19:40:46 - [MESSAGE][PASSED] - Text 'Dirección#4' is set on object 'Object Repository/Reto_for/Page_ToolsQA/textarea_Current Address_currentAddress'

2022-11-29 19:40:46 - [TEST_STEP][PASSED] - setText(findTestObject("Object Repository/Reto_for/Page_ToolsQA/textarea_Permanent Address_permanentAddress"), "Dirección dos#" + x): Text 'Dirección dos#4' is set on object 'Object Repository/Reto_for/Page_ToolsQA/textarea_Permanent Address_permanentAddress'

2022-11-29 19:40:47 - [MESSAGE][PASSED] - Text 'Dirección dos#4' is set on object 'Object Repository/Reto_for/Page_ToolsQA/textarea_Permanent Address_permanentAddress'

2022-11-29 19:40:47 - [TEST_STEP][PASSED] - scrollToPosition(0, 500): Browser is scrolled to position x = 0, y = 500

2022-11-29 19:40:47 - [MESSAGE][PASSED] - Browser is scrolled to position x = 0, y = 500

2022-11-29 19:40:47 - [TEST_STEP][PASSED] - click(findTestObject("Object Repository/Reto_for/Page_ToolsQA/button_Submit")): Object: 'Object Repository/Reto_for/Page_ToolsQA/button_Submit' is clicked on

2022-11-29 19:40:48 - [MESSAGE][PASSED] - Object: 'Object Repository/Reto_for/Page_ToolsQA/button_Submit' is clicked on

2022-11-29 19:40:48 - [TEST_STEP][PASSED] - scrollToPosition(0, 100): Browser is scrolled to position x = 0, y = 100

2022-11-29 19:40:48 - [MESSAGE][PASSED] - Browser is scrolled to position x = 0, y = 100

2022-11-29 19:40:48 - [TEST_STEP][PASSED] - closeBrowser(): Browser is closed

2022-11-29 19:40:48 - [MESSAGE][PASSED] - Browser is closed]]></system-out>
         <system-err><![CDATA[]]></system-err>
      </testcase>
      <testcase name="Test Cases/BUCLES/Reto_while" time="90.986" classname="Test Cases/BUCLES/Reto_while" status="PASSED">
         <system-out><![CDATA[2022-11-29 19:40:48 - [TEST_CASE][PASSED] - Test Cases/BUCLES/Reto_while: Test Cases/BUCLES/Reto_while

2022-11-29 19:40:48 - [TEST_STEP][PASSED] - openBrowser(""): Browser is opened with url: ''

2022-11-29 19:40:48 - [MESSAGE][INFO] - Starting 'Chrome' driver

2022-11-29 19:40:48 - [MESSAGE][INFO] - Action delay is set to 0 milliseconds

2022-11-29 19:40:50 - [MESSAGE][PASSED] - Browser is opened with url: ''

2022-11-29 19:40:50 - [TEST_STEP][PASSED] - navigateToUrl("https://www.google.com/"): Navigate to 'https://www.google.com/' successfully

2022-11-29 19:40:53 - [MESSAGE][PASSED] - Navigate to 'https://www.google.com/' successfully

2022-11-29 19:40:53 - [TEST_STEP][PASSED] - Bandera = 0: null

2022-11-29 19:40:53 - [TEST_STEP][PASSED] - while (Bandera != 1): null

2022-11-29 19:40:53 - [TEST_STEP][PASSED] - num = Math.random() * 5 - 1 + 1: null

2022-11-29 19:40:53 - [TEST_STEP][PASSED] - setText(findTestObject("Object Repository/While_google/Page_Google/input__q"), "5+" + num): Text '5+2' is set on object 'Object Repository/While_google/Page_Google/input__q'

2022-11-29 19:40:54 - [MESSAGE][PASSED] - Text '5+2' is set on object 'Object Repository/While_google/Page_Google/input__q'

2022-11-29 19:40:54 - [TEST_STEP][PASSED] - sendKeys(findTestObject("Object Repository/While_google/Page_Google/input__q"), Keys.chord(ENTER)): Keys 'ENTER + ' sent to object: 'Object Repository/While_google/Page_Google/input__q'

2022-11-29 19:41:02 - [MESSAGE][PASSED] - Keys 'ENTER + ' sent to object: 'Object Repository/While_google/Page_Google/input__q'

2022-11-29 19:41:02 - [TEST_STEP][PASSED] - Resultado = getText(findTestObject("While_google/Extras/Resultado_10")): Text of object 'Object Repository/While_google/Extras/Resultado_10' is: '7'

2022-11-29 19:41:02 - [MESSAGE][PASSED] - Text of object 'Object Repository/While_google/Extras/Resultado_10' is: '7'

2022-11-29 19:41:02 - [TEST_STEP][PASSED] - if (Resultado == "8"): null

2022-11-29 19:41:02 - [TEST_STEP][PASSED] - else: null

2022-11-29 19:41:02 - [TEST_STEP][PASSED] - Bandera = 0: null

2022-11-29 19:41:02 - [TEST_STEP][PASSED] - print(Bandera + "------"): null

2022-11-29 19:41:02 - [TEST_STEP][PASSED] - num = Math.random() * 5 - 1 + 1: null

2022-11-29 19:41:02 - [TEST_STEP][PASSED] - setText(findTestObject("Object Repository/While_google/Page_Google/input__q"), "5+" + num): Text '5+1' is set on object 'Object Repository/While_google/Page_Google/input__q'

2022-11-29 19:41:03 - [MESSAGE][PASSED] - Text '5+1' is set on object 'Object Repository/While_google/Page_Google/input__q'

2022-11-29 19:41:03 - [TEST_STEP][PASSED] - sendKeys(findTestObject("Object Repository/While_google/Page_Google/input__q"), Keys.chord(ENTER)): Keys 'ENTER + ' sent to object: 'Object Repository/While_google/Page_Google/input__q'

2022-11-29 19:41:08 - [MESSAGE][PASSED] - Keys 'ENTER + ' sent to object: 'Object Repository/While_google/Page_Google/input__q'

2022-11-29 19:41:08 - [TEST_STEP][PASSED] - Resultado = getText(findTestObject("While_google/Extras/Resultado_10")): Text of object 'Object Repository/While_google/Extras/Resultado_10' is: '6'

2022-11-29 19:41:09 - [MESSAGE][PASSED] - Text of object 'Object Repository/While_google/Extras/Resultado_10' is: '6'

2022-11-29 19:41:09 - [TEST_STEP][PASSED] - if (Resultado == "8"): null

2022-11-29 19:41:09 - [TEST_STEP][PASSED] - else: null

2022-11-29 19:41:09 - [TEST_STEP][PASSED] - Bandera = 0: null

2022-11-29 19:41:09 - [TEST_STEP][PASSED] - print(Bandera + "------"): null

2022-11-29 19:41:09 - [TEST_STEP][PASSED] - num = Math.random() * 5 - 1 + 1: null

2022-11-29 19:41:09 - [TEST_STEP][PASSED] - setText(findTestObject("Object Repository/While_google/Page_Google/input__q"), "5+" + num): Text '5+2' is set on object 'Object Repository/While_google/Page_Google/input__q'

2022-11-29 19:41:10 - [MESSAGE][PASSED] - Text '5+2' is set on object 'Object Repository/While_google/Page_Google/input__q'

2022-11-29 19:41:10 - [TEST_STEP][PASSED] - sendKeys(findTestObject("Object Repository/While_google/Page_Google/input__q"), Keys.chord(ENTER)): Keys 'ENTER + ' sent to object: 'Object Repository/While_google/Page_Google/input__q'

2022-11-29 19:41:13 - [MESSAGE][PASSED] - Keys 'ENTER + ' sent to object: 'Object Repository/While_google/Page_Google/input__q'

2022-11-29 19:41:13 - [TEST_STEP][PASSED] - Resultado = getText(findTestObject("While_google/Extras/Resultado_10")): Text of object 'Object Repository/While_google/Extras/Resultado_10' is: '7'

2022-11-29 19:41:14 - [MESSAGE][PASSED] - Text of object 'Object Repository/While_google/Extras/Resultado_10' is: '7'

2022-11-29 19:41:14 - [TEST_STEP][PASSED] - if (Resultado == "8"): null

2022-11-29 19:41:14 - [TEST_STEP][PASSED] - else: null

2022-11-29 19:41:14 - [TEST_STEP][PASSED] - Bandera = 0: null

2022-11-29 19:41:14 - [TEST_STEP][PASSED] - print(Bandera + "------"): null

2022-11-29 19:41:14 - [TEST_STEP][PASSED] - num = Math.random() * 5 - 1 + 1: null

2022-11-29 19:41:14 - [TEST_STEP][PASSED] - setText(findTestObject("Object Repository/While_google/Page_Google/input__q"), "5+" + num): Text '5+4' is set on object 'Object Repository/While_google/Page_Google/input__q'

2022-11-29 19:41:14 - [MESSAGE][PASSED] - Text '5+4' is set on object 'Object Repository/While_google/Page_Google/input__q'

2022-11-29 19:41:14 - [TEST_STEP][PASSED] - sendKeys(findTestObject("Object Repository/While_google/Page_Google/input__q"), Keys.chord(ENTER)): Keys 'ENTER + ' sent to object: 'Object Repository/While_google/Page_Google/input__q'

2022-11-29 19:41:20 - [MESSAGE][PASSED] - Keys 'ENTER + ' sent to object: 'Object Repository/While_google/Page_Google/input__q'

2022-11-29 19:41:20 - [TEST_STEP][PASSED] - Resultado = getText(findTestObject("While_google/Extras/Resultado_10")): Text of object 'Object Repository/While_google/Extras/Resultado_10' is: '9'

2022-11-29 19:41:21 - [MESSAGE][PASSED] - Text of object 'Object Repository/While_google/Extras/Resultado_10' is: '9'

2022-11-29 19:41:21 - [TEST_STEP][PASSED] - if (Resultado == "8"): null

2022-11-29 19:41:21 - [TEST_STEP][PASSED] - else: null

2022-11-29 19:41:21 - [TEST_STEP][PASSED] - Bandera = 0: null

2022-11-29 19:41:21 - [TEST_STEP][PASSED] - print(Bandera + "------"): null

2022-11-29 19:41:21 - [TEST_STEP][PASSED] - num = Math.random() * 5 - 1 + 1: null

2022-11-29 19:41:21 - [TEST_STEP][PASSED] - setText(findTestObject("Object Repository/While_google/Page_Google/input__q"), "5+" + num): Text '5+1' is set on object 'Object Repository/While_google/Page_Google/input__q'

2022-11-29 19:41:22 - [MESSAGE][PASSED] - Text '5+1' is set on object 'Object Repository/While_google/Page_Google/input__q'

2022-11-29 19:41:22 - [TEST_STEP][PASSED] - sendKeys(findTestObject("Object Repository/While_google/Page_Google/input__q"), Keys.chord(ENTER)): Keys 'ENTER + ' sent to object: 'Object Repository/While_google/Page_Google/input__q'

2022-11-29 19:41:24 - [MESSAGE][PASSED] - Keys 'ENTER + ' sent to object: 'Object Repository/While_google/Page_Google/input__q'

2022-11-29 19:41:24 - [TEST_STEP][PASSED] - Resultado = getText(findTestObject("While_google/Extras/Resultado_10")): Text of object 'Object Repository/While_google/Extras/Resultado_10' is: '6'

2022-11-29 19:41:25 - [MESSAGE][PASSED] - Text of object 'Object Repository/While_google/Extras/Resultado_10' is: '6'

2022-11-29 19:41:25 - [TEST_STEP][PASSED] - if (Resultado == "8"): null

2022-11-29 19:41:25 - [TEST_STEP][PASSED] - else: null

2022-11-29 19:41:25 - [TEST_STEP][PASSED] - Bandera = 0: null

2022-11-29 19:41:25 - [TEST_STEP][PASSED] - print(Bandera + "------"): null

2022-11-29 19:41:25 - [TEST_STEP][PASSED] - num = Math.random() * 5 - 1 + 1: null

2022-11-29 19:41:25 - [TEST_STEP][PASSED] - setText(findTestObject("Object Repository/While_google/Page_Google/input__q"), "5+" + num): Text '5+2' is set on object 'Object Repository/While_google/Page_Google/input__q'

2022-11-29 19:41:26 - [MESSAGE][PASSED] - Text '5+2' is set on object 'Object Repository/While_google/Page_Google/input__q'

2022-11-29 19:41:26 - [TEST_STEP][PASSED] - sendKeys(findTestObject("Object Repository/While_google/Page_Google/input__q"), Keys.chord(ENTER)): Keys 'ENTER + ' sent to object: 'Object Repository/While_google/Page_Google/input__q'

2022-11-29 19:41:28 - [MESSAGE][PASSED] - Keys 'ENTER + ' sent to object: 'Object Repository/While_google/Page_Google/input__q'

2022-11-29 19:41:28 - [TEST_STEP][PASSED] - Resultado = getText(findTestObject("While_google/Extras/Resultado_10")): Text of object 'Object Repository/While_google/Extras/Resultado_10' is: '7'

2022-11-29 19:41:29 - [MESSAGE][PASSED] - Text of object 'Object Repository/While_google/Extras/Resultado_10' is: '7'

2022-11-29 19:41:29 - [TEST_STEP][PASSED] - if (Resultado == "8"): null

2022-11-29 19:41:29 - [TEST_STEP][PASSED] - else: null

2022-11-29 19:41:29 - [TEST_STEP][PASSED] - Bandera = 0: null

2022-11-29 19:41:29 - [TEST_STEP][PASSED] - print(Bandera + "------"): null

2022-11-29 19:41:29 - [TEST_STEP][PASSED] - num = Math.random() * 5 - 1 + 1: null

2022-11-29 19:41:29 - [TEST_STEP][PASSED] - setText(findTestObject("Object Repository/While_google/Page_Google/input__q"), "5+" + num): Text '5+1' is set on object 'Object Repository/While_google/Page_Google/input__q'

2022-11-29 19:41:30 - [MESSAGE][PASSED] - Text '5+1' is set on object 'Object Repository/While_google/Page_Google/input__q'

2022-11-29 19:41:30 - [TEST_STEP][PASSED] - sendKeys(findTestObject("Object Repository/While_google/Page_Google/input__q"), Keys.chord(ENTER)): Keys 'ENTER + ' sent to object: 'Object Repository/While_google/Page_Google/input__q'

2022-11-29 19:41:32 - [MESSAGE][PASSED] - Keys 'ENTER + ' sent to object: 'Object Repository/While_google/Page_Google/input__q'

2022-11-29 19:41:32 - [TEST_STEP][PASSED] - Resultado = getText(findTestObject("While_google/Extras/Resultado_10")): Text of object 'Object Repository/While_google/Extras/Resultado_10' is: '6'

2022-11-29 19:41:33 - [MESSAGE][PASSED] - Text of object 'Object Repository/While_google/Extras/Resultado_10' is: '6'

2022-11-29 19:41:33 - [TEST_STEP][PASSED] - if (Resultado == "8"): null

2022-11-29 19:41:33 - [TEST_STEP][PASSED] - else: null

2022-11-29 19:41:33 - [TEST_STEP][PASSED] - Bandera = 0: null

2022-11-29 19:41:33 - [TEST_STEP][PASSED] - print(Bandera + "------"): null

2022-11-29 19:41:33 - [TEST_STEP][PASSED] - num = Math.random() * 5 - 1 + 1: null

2022-11-29 19:41:33 - [TEST_STEP][PASSED] - setText(findTestObject("Object Repository/While_google/Page_Google/input__q"), "5+" + num): Text '5+1' is set on object 'Object Repository/While_google/Page_Google/input__q'

2022-11-29 19:41:33 - [MESSAGE][PASSED] - Text '5+1' is set on object 'Object Repository/While_google/Page_Google/input__q'

2022-11-29 19:41:33 - [TEST_STEP][PASSED] - sendKeys(findTestObject("Object Repository/While_google/Page_Google/input__q"), Keys.chord(ENTER)): Keys 'ENTER + ' sent to object: 'Object Repository/While_google/Page_Google/input__q'

2022-11-29 19:41:34 - [MESSAGE][PASSED] - Keys 'ENTER + ' sent to object: 'Object Repository/While_google/Page_Google/input__q'

2022-11-29 19:41:34 - [TEST_STEP][PASSED] - Resultado = getText(findTestObject("While_google/Extras/Resultado_10")): Text of object 'Object Repository/While_google/Extras/Resultado_10' is: '6'

2022-11-29 19:41:36 - [MESSAGE][PASSED] - Text of object 'Object Repository/While_google/Extras/Resultado_10' is: '6'

2022-11-29 19:41:36 - [TEST_STEP][PASSED] - if (Resultado == "8"): null

2022-11-29 19:41:36 - [TEST_STEP][PASSED] - else: null

2022-11-29 19:41:36 - [TEST_STEP][PASSED] - Bandera = 0: null

2022-11-29 19:41:36 - [TEST_STEP][PASSED] - print(Bandera + "------"): null

2022-11-29 19:41:36 - [TEST_STEP][PASSED] - num = Math.random() * 5 - 1 + 1: null

2022-11-29 19:41:36 - [TEST_STEP][PASSED] - setText(findTestObject("Object Repository/While_google/Page_Google/input__q"), "5+" + num): Text '5+2' is set on object 'Object Repository/While_google/Page_Google/input__q'

2022-11-29 19:41:37 - [MESSAGE][PASSED] - Text '5+2' is set on object 'Object Repository/While_google/Page_Google/input__q'

2022-11-29 19:41:37 - [TEST_STEP][PASSED] - sendKeys(findTestObject("Object Repository/While_google/Page_Google/input__q"), Keys.chord(ENTER)): Keys 'ENTER + ' sent to object: 'Object Repository/While_google/Page_Google/input__q'

2022-11-29 19:41:39 - [MESSAGE][PASSED] - Keys 'ENTER + ' sent to object: 'Object Repository/While_google/Page_Google/input__q'

2022-11-29 19:41:39 - [TEST_STEP][PASSED] - Resultado = getText(findTestObject("While_google/Extras/Resultado_10")): Text of object 'Object Repository/While_google/Extras/Resultado_10' is: '7'

2022-11-29 19:41:40 - [MESSAGE][PASSED] - Text of object 'Object Repository/While_google/Extras/Resultado_10' is: '7'

2022-11-29 19:41:40 - [TEST_STEP][PASSED] - if (Resultado == "8"): null

2022-11-29 19:41:40 - [TEST_STEP][PASSED] - else: null

2022-11-29 19:41:40 - [TEST_STEP][PASSED] - Bandera = 0: null

2022-11-29 19:41:40 - [TEST_STEP][PASSED] - print(Bandera + "------"): null

2022-11-29 19:41:40 - [TEST_STEP][PASSED] - num = Math.random() * 5 - 1 + 1: null

2022-11-29 19:41:40 - [TEST_STEP][PASSED] - setText(findTestObject("Object Repository/While_google/Page_Google/input__q"), "5+" + num): Text '5+4' is set on object 'Object Repository/While_google/Page_Google/input__q'

2022-11-29 19:41:40 - [MESSAGE][PASSED] - Text '5+4' is set on object 'Object Repository/While_google/Page_Google/input__q'

2022-11-29 19:41:40 - [TEST_STEP][PASSED] - sendKeys(findTestObject("Object Repository/While_google/Page_Google/input__q"), Keys.chord(ENTER)): Keys 'ENTER + ' sent to object: 'Object Repository/While_google/Page_Google/input__q'

2022-11-29 19:41:44 - [MESSAGE][PASSED] - Keys 'ENTER + ' sent to object: 'Object Repository/While_google/Page_Google/input__q'

2022-11-29 19:41:44 - [TEST_STEP][PASSED] - Resultado = getText(findTestObject("While_google/Extras/Resultado_10")): Text of object 'Object Repository/While_google/Extras/Resultado_10' is: '9'

2022-11-29 19:41:44 - [MESSAGE][PASSED] - Text of object 'Object Repository/While_google/Extras/Resultado_10' is: '9'

2022-11-29 19:41:44 - [TEST_STEP][PASSED] - if (Resultado == "8"): null

2022-11-29 19:41:44 - [TEST_STEP][PASSED] - else: null

2022-11-29 19:41:44 - [TEST_STEP][PASSED] - Bandera = 0: null

2022-11-29 19:41:44 - [TEST_STEP][PASSED] - print(Bandera + "------"): null

2022-11-29 19:41:44 - [TEST_STEP][PASSED] - num = Math.random() * 5 - 1 + 1: null

2022-11-29 19:41:44 - [TEST_STEP][PASSED] - setText(findTestObject("Object Repository/While_google/Page_Google/input__q"), "5+" + num): Text '5+4' is set on object 'Object Repository/While_google/Page_Google/input__q'

2022-11-29 19:41:45 - [MESSAGE][PASSED] - Text '5+4' is set on object 'Object Repository/While_google/Page_Google/input__q'

2022-11-29 19:41:45 - [TEST_STEP][PASSED] - sendKeys(findTestObject("Object Repository/While_google/Page_Google/input__q"), Keys.chord(ENTER)): Keys 'ENTER + ' sent to object: 'Object Repository/While_google/Page_Google/input__q'

2022-11-29 19:41:47 - [MESSAGE][PASSED] - Keys 'ENTER + ' sent to object: 'Object Repository/While_google/Page_Google/input__q'

2022-11-29 19:41:47 - [TEST_STEP][PASSED] - Resultado = getText(findTestObject("While_google/Extras/Resultado_10")): Text of object 'Object Repository/While_google/Extras/Resultado_10' is: '9'

2022-11-29 19:41:48 - [MESSAGE][PASSED] - Text of object 'Object Repository/While_google/Extras/Resultado_10' is: '9'

2022-11-29 19:41:48 - [TEST_STEP][PASSED] - if (Resultado == "8"): null

2022-11-29 19:41:48 - [TEST_STEP][PASSED] - else: null

2022-11-29 19:41:48 - [TEST_STEP][PASSED] - Bandera = 0: null

2022-11-29 19:41:48 - [TEST_STEP][PASSED] - print(Bandera + "------"): null

2022-11-29 19:41:48 - [TEST_STEP][PASSED] - num = Math.random() * 5 - 1 + 1: null

2022-11-29 19:41:48 - [TEST_STEP][PASSED] - setText(findTestObject("Object Repository/While_google/Page_Google/input__q"), "5+" + num): Text '5+2' is set on object 'Object Repository/While_google/Page_Google/input__q'

2022-11-29 19:41:49 - [MESSAGE][PASSED] - Text '5+2' is set on object 'Object Repository/While_google/Page_Google/input__q'

2022-11-29 19:41:49 - [TEST_STEP][PASSED] - sendKeys(findTestObject("Object Repository/While_google/Page_Google/input__q"), Keys.chord(ENTER)): Keys 'ENTER + ' sent to object: 'Object Repository/While_google/Page_Google/input__q'

2022-11-29 19:41:52 - [MESSAGE][PASSED] - Keys 'ENTER + ' sent to object: 'Object Repository/While_google/Page_Google/input__q'

2022-11-29 19:41:52 - [TEST_STEP][PASSED] - Resultado = getText(findTestObject("While_google/Extras/Resultado_10")): Text of object 'Object Repository/While_google/Extras/Resultado_10' is: '7'

2022-11-29 19:41:53 - [MESSAGE][PASSED] - Text of object 'Object Repository/While_google/Extras/Resultado_10' is: '7'

2022-11-29 19:41:53 - [TEST_STEP][PASSED] - if (Resultado == "8"): null

2022-11-29 19:41:53 - [TEST_STEP][PASSED] - else: null

2022-11-29 19:41:53 - [TEST_STEP][PASSED] - Bandera = 0: null

2022-11-29 19:41:53 - [TEST_STEP][PASSED] - print(Bandera + "------"): null

2022-11-29 19:41:53 - [TEST_STEP][PASSED] - num = Math.random() * 5 - 1 + 1: null

2022-11-29 19:41:53 - [TEST_STEP][PASSED] - setText(findTestObject("Object Repository/While_google/Page_Google/input__q"), "5+" + num): Text '5+4' is set on object 'Object Repository/While_google/Page_Google/input__q'

2022-11-29 19:41:54 - [MESSAGE][PASSED] - Text '5+4' is set on object 'Object Repository/While_google/Page_Google/input__q'

2022-11-29 19:41:54 - [TEST_STEP][PASSED] - sendKeys(findTestObject("Object Repository/While_google/Page_Google/input__q"), Keys.chord(ENTER)): Keys 'ENTER + ' sent to object: 'Object Repository/While_google/Page_Google/input__q'

2022-11-29 19:41:55 - [MESSAGE][PASSED] - Keys 'ENTER + ' sent to object: 'Object Repository/While_google/Page_Google/input__q'

2022-11-29 19:41:55 - [TEST_STEP][PASSED] - Resultado = getText(findTestObject("While_google/Extras/Resultado_10")): Text of object 'Object Repository/While_google/Extras/Resultado_10' is: '9'

2022-11-29 19:41:57 - [MESSAGE][PASSED] - Text of object 'Object Repository/While_google/Extras/Resultado_10' is: '9'

2022-11-29 19:41:57 - [TEST_STEP][PASSED] - if (Resultado == "8"): null

2022-11-29 19:41:57 - [TEST_STEP][PASSED] - else: null

2022-11-29 19:41:57 - [TEST_STEP][PASSED] - Bandera = 0: null

2022-11-29 19:41:57 - [TEST_STEP][PASSED] - print(Bandera + "------"): null

2022-11-29 19:41:57 - [TEST_STEP][PASSED] - num = Math.random() * 5 - 1 + 1: null

2022-11-29 19:41:57 - [TEST_STEP][PASSED] - setText(findTestObject("Object Repository/While_google/Page_Google/input__q"), "5+" + num): Text '5+2' is set on object 'Object Repository/While_google/Page_Google/input__q'

2022-11-29 19:41:57 - [MESSAGE][PASSED] - Text '5+2' is set on object 'Object Repository/While_google/Page_Google/input__q'

2022-11-29 19:41:57 - [TEST_STEP][PASSED] - sendKeys(findTestObject("Object Repository/While_google/Page_Google/input__q"), Keys.chord(ENTER)): Keys 'ENTER + ' sent to object: 'Object Repository/While_google/Page_Google/input__q'

2022-11-29 19:42:00 - [MESSAGE][PASSED] - Keys 'ENTER + ' sent to object: 'Object Repository/While_google/Page_Google/input__q'

2022-11-29 19:42:00 - [TEST_STEP][PASSED] - Resultado = getText(findTestObject("While_google/Extras/Resultado_10")): Text of object 'Object Repository/While_google/Extras/Resultado_10' is: '7'

2022-11-29 19:42:01 - [MESSAGE][PASSED] - Text of object 'Object Repository/While_google/Extras/Resultado_10' is: '7'

2022-11-29 19:42:01 - [TEST_STEP][PASSED] - if (Resultado == "8"): null

2022-11-29 19:42:01 - [TEST_STEP][PASSED] - else: null

2022-11-29 19:42:01 - [TEST_STEP][PASSED] - Bandera = 0: null

2022-11-29 19:42:01 - [TEST_STEP][PASSED] - print(Bandera + "------"): null

2022-11-29 19:42:01 - [TEST_STEP][PASSED] - num = Math.random() * 5 - 1 + 1: null

2022-11-29 19:42:01 - [TEST_STEP][PASSED] - setText(findTestObject("Object Repository/While_google/Page_Google/input__q"), "5+" + num): Text '5+2' is set on object 'Object Repository/While_google/Page_Google/input__q'

2022-11-29 19:42:02 - [MESSAGE][PASSED] - Text '5+2' is set on object 'Object Repository/While_google/Page_Google/input__q'

2022-11-29 19:42:02 - [TEST_STEP][PASSED] - sendKeys(findTestObject("Object Repository/While_google/Page_Google/input__q"), Keys.chord(ENTER)): Keys 'ENTER + ' sent to object: 'Object Repository/While_google/Page_Google/input__q'

2022-11-29 19:42:03 - [MESSAGE][PASSED] - Keys 'ENTER + ' sent to object: 'Object Repository/While_google/Page_Google/input__q'

2022-11-29 19:42:03 - [TEST_STEP][PASSED] - Resultado = getText(findTestObject("While_google/Extras/Resultado_10")): Text of object 'Object Repository/While_google/Extras/Resultado_10' is: '7'

2022-11-29 19:42:05 - [MESSAGE][PASSED] - Text of object 'Object Repository/While_google/Extras/Resultado_10' is: '7'

2022-11-29 19:42:05 - [TEST_STEP][PASSED] - if (Resultado == "8"): null

2022-11-29 19:42:05 - [TEST_STEP][PASSED] - else: null

2022-11-29 19:42:05 - [TEST_STEP][PASSED] - Bandera = 0: null

2022-11-29 19:42:05 - [TEST_STEP][PASSED] - print(Bandera + "------"): null

2022-11-29 19:42:05 - [TEST_STEP][PASSED] - num = Math.random() * 5 - 1 + 1: null

2022-11-29 19:42:05 - [TEST_STEP][PASSED] - setText(findTestObject("Object Repository/While_google/Page_Google/input__q"), "5+" + num): Text '5+2' is set on object 'Object Repository/While_google/Page_Google/input__q'

2022-11-29 19:42:06 - [MESSAGE][PASSED] - Text '5+2' is set on object 'Object Repository/While_google/Page_Google/input__q'

2022-11-29 19:42:06 - [TEST_STEP][PASSED] - sendKeys(findTestObject("Object Repository/While_google/Page_Google/input__q"), Keys.chord(ENTER)): Keys 'ENTER + ' sent to object: 'Object Repository/While_google/Page_Google/input__q'

2022-11-29 19:42:09 - [MESSAGE][PASSED] - Keys 'ENTER + ' sent to object: 'Object Repository/While_google/Page_Google/input__q'

2022-11-29 19:42:09 - [TEST_STEP][PASSED] - Resultado = getText(findTestObject("While_google/Extras/Resultado_10")): Text of object 'Object Repository/While_google/Extras/Resultado_10' is: '7'

2022-11-29 19:42:09 - [MESSAGE][PASSED] - Text of object 'Object Repository/While_google/Extras/Resultado_10' is: '7'

2022-11-29 19:42:09 - [TEST_STEP][PASSED] - if (Resultado == "8"): null

2022-11-29 19:42:09 - [TEST_STEP][PASSED] - else: null

2022-11-29 19:42:09 - [TEST_STEP][PASSED] - Bandera = 0: null

2022-11-29 19:42:09 - [TEST_STEP][PASSED] - print(Bandera + "------"): null

2022-11-29 19:42:09 - [TEST_STEP][PASSED] - num = Math.random() * 5 - 1 + 1: null

2022-11-29 19:42:09 - [TEST_STEP][PASSED] - setText(findTestObject("Object Repository/While_google/Page_Google/input__q"), "5+" + num): Text '5+4' is set on object 'Object Repository/While_google/Page_Google/input__q'

2022-11-29 19:42:10 - [MESSAGE][PASSED] - Text '5+4' is set on object 'Object Repository/While_google/Page_Google/input__q'

2022-11-29 19:42:10 - [TEST_STEP][PASSED] - sendKeys(findTestObject("Object Repository/While_google/Page_Google/input__q"), Keys.chord(ENTER)): Keys 'ENTER + ' sent to object: 'Object Repository/While_google/Page_Google/input__q'

2022-11-29 19:42:11 - [MESSAGE][PASSED] - Keys 'ENTER + ' sent to object: 'Object Repository/While_google/Page_Google/input__q'

2022-11-29 19:42:11 - [TEST_STEP][PASSED] - Resultado = getText(findTestObject("While_google/Extras/Resultado_10")): Text of object 'Object Repository/While_google/Extras/Resultado_10' is: '9'

2022-11-29 19:42:13 - [MESSAGE][PASSED] - Text of object 'Object Repository/While_google/Extras/Resultado_10' is: '9'

2022-11-29 19:42:13 - [TEST_STEP][PASSED] - if (Resultado == "8"): null

2022-11-29 19:42:13 - [TEST_STEP][PASSED] - else: null

2022-11-29 19:42:13 - [TEST_STEP][PASSED] - Bandera = 0: null

2022-11-29 19:42:13 - [TEST_STEP][PASSED] - print(Bandera + "------"): null

2022-11-29 19:42:13 - [TEST_STEP][PASSED] - num = Math.random() * 5 - 1 + 1: null

2022-11-29 19:42:13 - [TEST_STEP][PASSED] - setText(findTestObject("Object Repository/While_google/Page_Google/input__q"), "5+" + num): Text '5+3' is set on object 'Object Repository/While_google/Page_Google/input__q'

2022-11-29 19:42:14 - [MESSAGE][PASSED] - Text '5+3' is set on object 'Object Repository/While_google/Page_Google/input__q'

2022-11-29 19:42:14 - [TEST_STEP][PASSED] - sendKeys(findTestObject("Object Repository/While_google/Page_Google/input__q"), Keys.chord(ENTER)): Keys 'ENTER + ' sent to object: 'Object Repository/While_google/Page_Google/input__q'

2022-11-29 19:42:18 - [MESSAGE][PASSED] - Keys 'ENTER + ' sent to object: 'Object Repository/While_google/Page_Google/input__q'

2022-11-29 19:42:18 - [TEST_STEP][PASSED] - Resultado = getText(findTestObject("While_google/Extras/Resultado_10")): Text of object 'Object Repository/While_google/Extras/Resultado_10' is: '8'

2022-11-29 19:42:19 - [MESSAGE][PASSED] - Text of object 'Object Repository/While_google/Extras/Resultado_10' is: '8'

2022-11-29 19:42:19 - [TEST_STEP][PASSED] - if (Resultado == "8"): Browser is closed

2022-11-29 19:42:19 - [TEST_STEP][PASSED] - Bandera = 1: null

2022-11-29 19:42:19 - [TEST_STEP][PASSED] - print("Listo termina"): null

2022-11-29 19:42:19 - [TEST_STEP][PASSED] - closeBrowser(): Browser is closed

2022-11-29 19:42:19 - [MESSAGE][PASSED] - Browser is closed

2022-11-29 19:42:19 - [TEST_STEP][PASSED] - print(Bandera + "------"): null]]></system-out>
         <system-err><![CDATA[]]></system-err>
      </testcase>
      <testcase name="Test Cases/BUCLES/Reto_while_solucion" time="27.191" classname="Test Cases/BUCLES/Reto_while_solucion" status="PASSED">
         <system-out><![CDATA[2022-11-29 19:42:19 - [TEST_CASE][PASSED] - Test Cases/BUCLES/Reto_while_solucion: Test Cases/BUCLES/Reto_while_solucion

2022-11-29 19:42:19 - [TEST_STEP][PASSED] - openBrowser(""): Browser is opened with url: ''

2022-11-29 19:42:19 - [MESSAGE][INFO] - Starting 'Chrome' driver

2022-11-29 19:42:19 - [MESSAGE][INFO] - Action delay is set to 0 milliseconds

2022-11-29 19:42:21 - [MESSAGE][PASSED] - Browser is opened with url: ''

2022-11-29 19:42:21 - [TEST_STEP][PASSED] - navigateToUrl("https://www.google.com/"): Navigate to 'https://www.google.com/' successfully

2022-11-29 19:42:24 - [MESSAGE][PASSED] - Navigate to 'https://www.google.com/' successfully

2022-11-29 19:42:24 - [TEST_STEP][PASSED] - Res = 0: null

2022-11-29 19:42:24 - [TEST_STEP][PASSED] - while (Res != 8): Browser is closed

2022-11-29 19:42:24 - [TEST_STEP][PASSED] - num = Math.random() * 5 - 1 + 1: null

2022-11-29 19:42:24 - [TEST_STEP][PASSED] - setText(findTestObject("Object Repository/Reto_while1/Page_Google/input__q"), "5+" + num): Text '5+1' is set on object 'Object Repository/Reto_while1/Page_Google/input__q'

2022-11-29 19:42:25 - [MESSAGE][PASSED] - Text '5+1' is set on object 'Object Repository/Reto_while1/Page_Google/input__q'

2022-11-29 19:42:25 - [TEST_STEP][PASSED] - sendKeys(findTestObject("Object Repository/Reto_while1/Page_Google/input__q"), Keys.chord(ENTER)): Keys 'ENTER + ' sent to object: 'Object Repository/Reto_while1/Page_Google/input__q'

2022-11-29 19:42:32 - [MESSAGE][PASSED] - Keys 'ENTER + ' sent to object: 'Object Repository/Reto_while1/Page_Google/input__q'

2022-11-29 19:42:32 - [TEST_STEP][PASSED] - Res = getText(findTestObject("Reto_while1/Resultado_8")).toInteger(): Text of object 'Object Repository/Reto_while1/Resultado_8' is: '6'

2022-11-29 19:42:32 - [MESSAGE][PASSED] - Text of object 'Object Repository/Reto_while1/Resultado_8' is: '6'

2022-11-29 19:42:32 - [TEST_STEP][PASSED] - if (Res == 8): null

2022-11-29 19:42:32 - [TEST_STEP][PASSED] - num = Math.random() * 5 - 1 + 1: null

2022-11-29 19:42:32 - [TEST_STEP][PASSED] - setText(findTestObject("Object Repository/Reto_while1/Page_Google/input__q"), "5+" + num): Text '5+4' is set on object 'Object Repository/Reto_while1/Page_Google/input__q'

2022-11-29 19:42:33 - [MESSAGE][PASSED] - Text '5+4' is set on object 'Object Repository/Reto_while1/Page_Google/input__q'

2022-11-29 19:42:33 - [TEST_STEP][PASSED] - sendKeys(findTestObject("Object Repository/Reto_while1/Page_Google/input__q"), Keys.chord(ENTER)): Keys 'ENTER + ' sent to object: 'Object Repository/Reto_while1/Page_Google/input__q'

2022-11-29 19:42:38 - [MESSAGE][PASSED] - Keys 'ENTER + ' sent to object: 'Object Repository/Reto_while1/Page_Google/input__q'

2022-11-29 19:42:38 - [TEST_STEP][PASSED] - Res = getText(findTestObject("Reto_while1/Resultado_8")).toInteger(): Text of object 'Object Repository/Reto_while1/Resultado_8' is: '9'

2022-11-29 19:42:39 - [MESSAGE][PASSED] - Text of object 'Object Repository/Reto_while1/Resultado_8' is: '9'

2022-11-29 19:42:39 - [TEST_STEP][PASSED] - if (Res == 8): null

2022-11-29 19:42:39 - [TEST_STEP][PASSED] - num = Math.random() * 5 - 1 + 1: null

2022-11-29 19:42:39 - [TEST_STEP][PASSED] - setText(findTestObject("Object Repository/Reto_while1/Page_Google/input__q"), "5+" + num): Text '5+3' is set on object 'Object Repository/Reto_while1/Page_Google/input__q'

2022-11-29 19:42:40 - [MESSAGE][PASSED] - Text '5+3' is set on object 'Object Repository/Reto_while1/Page_Google/input__q'

2022-11-29 19:42:40 - [TEST_STEP][PASSED] - sendKeys(findTestObject("Object Repository/Reto_while1/Page_Google/input__q"), Keys.chord(ENTER)): Keys 'ENTER + ' sent to object: 'Object Repository/Reto_while1/Page_Google/input__q'

2022-11-29 19:42:45 - [MESSAGE][PASSED] - Keys 'ENTER + ' sent to object: 'Object Repository/Reto_while1/Page_Google/input__q'

2022-11-29 19:42:45 - [TEST_STEP][PASSED] - Res = getText(findTestObject("Reto_while1/Resultado_8")).toInteger(): Text of object 'Object Repository/Reto_while1/Resultado_8' is: '8'

2022-11-29 19:42:46 - [MESSAGE][PASSED] - Text of object 'Object Repository/Reto_while1/Resultado_8' is: '8'

2022-11-29 19:42:46 - [TEST_STEP][PASSED] - if (Res == 8): Browser is closed

2022-11-29 19:42:46 - [TEST_STEP][PASSED] - closeBrowser(): Browser is closed

2022-11-29 19:42:47 - [MESSAGE][PASSED] - Browser is closed]]></system-out>
         <system-err><![CDATA[]]></system-err>
      </testcase>
      <testcase name="Test Cases/BUCLES/Test_1" time="42.703" classname="Test Cases/BUCLES/Test_1" status="PASSED">
         <system-out><![CDATA[2022-11-29 19:42:47 - [TEST_CASE][PASSED] - Test Cases/BUCLES/Test_1: Test Cases/BUCLES/Test_1

2022-11-29 19:42:47 - [TEST_STEP][PASSED] - openBrowser(""): Browser is opened with url: ''

2022-11-29 19:42:47 - [MESSAGE][INFO] - Starting 'Chrome' driver

2022-11-29 19:42:47 - [MESSAGE][INFO] - Action delay is set to 0 milliseconds

2022-11-29 19:42:48 - [MESSAGE][PASSED] - Browser is opened with url: ''

2022-11-29 19:42:48 - [TEST_STEP][PASSED] - navigateToUrl("https://demoqa.com/text-box"): Navigate to 'https://demoqa.com/text-box' successfully

2022-11-29 19:42:57 - [MESSAGE][PASSED] - Navigate to 'https://demoqa.com/text-box' successfully

2022-11-29 19:42:57 - [TEST_STEP][PASSED] - for ([x = 1, x <= 2, (x++)]): null

2022-11-29 19:42:57 - [TEST_STEP][PASSED] - openBrowser(""): Browser is opened with url: ''

2022-11-29 19:42:57 - [MESSAGE][WARNING] - A browser is already opened. Closing browser and opening a new one

2022-11-29 19:42:58 - [MESSAGE][INFO] - Starting 'Chrome' driver

2022-11-29 19:42:58 - [MESSAGE][INFO] - Action delay is set to 0 milliseconds

2022-11-29 19:43:00 - [MESSAGE][PASSED] - Browser is opened with url: ''

2022-11-29 19:43:00 - [TEST_STEP][PASSED] - navigateToUrl("https://demoqa.com/text-box"): Navigate to 'https://demoqa.com/text-box' successfully

2022-11-29 19:43:09 - [MESSAGE][PASSED] - Navigate to 'https://demoqa.com/text-box' successfully

2022-11-29 19:43:09 - [TEST_STEP][PASSED] - RN = Math.random() * 10 - 1 + 1: null

2022-11-29 19:43:09 - [TEST_STEP][PASSED] - print("Numero : " + RN + "----"): null

2022-11-29 19:43:09 - [TEST_STEP][PASSED] - z = ["Demo1", "Demo2", "Demo3", "Demo4", "Demo5"]: null

2022-11-29 19:43:09 - [TEST_STEP][PASSED] - rnd = new java.util.Random(): null

2022-11-29 19:43:09 - [TEST_STEP][PASSED] - texto = z[rnd.nextInt(size)]: null

2022-11-29 19:43:09 - [TEST_STEP][PASSED] - print(texto): null

2022-11-29 19:43:09 - [TEST_STEP][PASSED] - openBrowser(""): Browser is opened with url: ''

2022-11-29 19:43:09 - [MESSAGE][WARNING] - A browser is already opened. Closing browser and opening a new one

2022-11-29 19:43:09 - [MESSAGE][INFO] - Starting 'Chrome' driver

2022-11-29 19:43:09 - [MESSAGE][INFO] - Action delay is set to 0 milliseconds

2022-11-29 19:43:11 - [MESSAGE][PASSED] - Browser is opened with url: ''

2022-11-29 19:43:11 - [TEST_STEP][PASSED] - navigateToUrl("https://demoqa.com/text-box"): Navigate to 'https://demoqa.com/text-box' successfully

2022-11-29 19:43:29 - [MESSAGE][PASSED] - Navigate to 'https://demoqa.com/text-box' successfully

2022-11-29 19:43:29 - [TEST_STEP][PASSED] - RN = Math.random() * 10 - 1 + 1: null

2022-11-29 19:43:29 - [TEST_STEP][PASSED] - print("Numero : " + RN + "----"): null

2022-11-29 19:43:29 - [TEST_STEP][PASSED] - z = ["Demo1", "Demo2", "Demo3", "Demo4", "Demo5"]: null

2022-11-29 19:43:29 - [TEST_STEP][PASSED] - rnd = new java.util.Random(): null

2022-11-29 19:43:29 - [TEST_STEP][PASSED] - texto = z[rnd.nextInt(size)]: null

2022-11-29 19:43:29 - [TEST_STEP][PASSED] - print(texto): null

2022-11-29 19:43:29 - [TEST_STEP][PASSED] - closeBrowser(): Browser is closed

2022-11-29 19:43:29 - [MESSAGE][PASSED] - Browser is closed]]></system-out>
         <system-err><![CDATA[]]></system-err>
      </testcase>
      <testcase name="Test Cases/BUCLES/Test_2" time="12.061" classname="Test Cases/BUCLES/Test_2" status="PASSED">
         <system-out><![CDATA[2022-11-29 19:43:29 - [TEST_CASE][PASSED] - Test Cases/BUCLES/Test_2: Test Cases/BUCLES/Test_2

2022-11-29 19:43:29 - [TEST_STEP][PASSED] - openBrowser(""): Browser is opened with url: ''

2022-11-29 19:43:29 - [MESSAGE][INFO] - Starting 'Chrome' driver

2022-11-29 19:43:29 - [MESSAGE][INFO] - Action delay is set to 0 milliseconds

2022-11-29 19:43:31 - [MESSAGE][PASSED] - Browser is opened with url: ''

2022-11-29 19:43:31 - [TEST_STEP][PASSED] - navigateToUrl("https://demoqa.com/text-box"): Navigate to 'https://demoqa.com/text-box' successfully

2022-11-29 19:43:41 - [MESSAGE][PASSED] - Navigate to 'https://demoqa.com/text-box' successfully

2022-11-29 19:43:41 - [TEST_STEP][PASSED] - for ([x = 1, x <= 10, x = x + 2]): null

2022-11-29 19:43:41 - [TEST_STEP][PASSED] - print(" hola mundo " + x + "-------"): null

2022-11-29 19:43:41 - [TEST_STEP][PASSED] - print(" hola mundo " + x + "-------"): null

2022-11-29 19:43:41 - [TEST_STEP][PASSED] - print(" hola mundo " + x + "-------"): null

2022-11-29 19:43:41 - [TEST_STEP][PASSED] - print(" hola mundo " + x + "-------"): null

2022-11-29 19:43:41 - [TEST_STEP][PASSED] - print(" hola mundo " + x + "-------"): null

2022-11-29 19:43:41 - [TEST_STEP][PASSED] - closeBrowser(): Browser is closed

2022-11-29 19:43:41 - [MESSAGE][PASSED] - Browser is closed]]></system-out>
         <system-err><![CDATA[]]></system-err>
      </testcase>
      <testcase name="Test Cases/BUCLES/Test_while" time="14.075" classname="Test Cases/BUCLES/Test_while" status="PASSED">
         <system-out><![CDATA[2022-11-29 19:43:41 - [TEST_CASE][PASSED] - Test Cases/BUCLES/Test_while: Test Cases/BUCLES/Test_while

2022-11-29 19:43:41 - [TEST_STEP][PASSED] - openBrowser(""): Browser is opened with url: ''

2022-11-29 19:43:41 - [MESSAGE][INFO] - Starting 'Chrome' driver

2022-11-29 19:43:41 - [MESSAGE][INFO] - Action delay is set to 0 milliseconds

2022-11-29 19:43:43 - [MESSAGE][PASSED] - Browser is opened with url: ''

2022-11-29 19:43:43 - [TEST_STEP][PASSED] - navigateToUrl("https://demoqa.com/text-box"): Navigate to 'https://demoqa.com/text-box' successfully

2022-11-29 19:43:55 - [MESSAGE][PASSED] - Navigate to 'https://demoqa.com/text-box' successfully

2022-11-29 19:43:55 - [TEST_STEP][PASSED] - maximizeWindow(): Current window maximized

2022-11-29 19:43:55 - [MESSAGE][PASSED] - Current window maximized

2022-11-29 19:43:55 - [TEST_STEP][PASSED] - waitForPageLoad(5): Wait for page load successfully

2022-11-29 19:43:55 - [MESSAGE][PASSED] - Wait for page load successfully

2022-11-29 19:43:55 - [TEST_STEP][PASSED] - x = 1: null

2022-11-29 19:43:55 - [TEST_STEP][PASSED] - while (x <= 3): null

2022-11-29 19:43:55 - [TEST_STEP][PASSED] - print("Hola " + x + "----------"): null

2022-11-29 19:43:55 - [TEST_STEP][PASSED] - (x++): null

2022-11-29 19:43:55 - [TEST_STEP][PASSED] - print("Hola " + x + "----------"): null

2022-11-29 19:43:55 - [TEST_STEP][PASSED] - (x++): null

2022-11-29 19:43:55 - [TEST_STEP][PASSED] - print("Hola " + x + "----------"): null

2022-11-29 19:43:55 - [TEST_STEP][PASSED] - (x++): null

2022-11-29 19:43:55 - [TEST_STEP][PASSED] - closeBrowser(): Browser is closed

2022-11-29 19:43:55 - [MESSAGE][PASSED] - Browser is closed]]></system-out>
         <system-err><![CDATA[]]></system-err>
      </testcase>
      <testcase name="Test Cases/BUCLES/Test_while2" time="14.269" classname="Test Cases/BUCLES/Test_while2" status="PASSED">
         <system-out><![CDATA[2022-11-29 19:43:55 - [TEST_CASE][PASSED] - Test Cases/BUCLES/Test_while2: Test Cases/BUCLES/Test_while2

2022-11-29 19:43:55 - [TEST_STEP][PASSED] - openBrowser(""): Browser is opened with url: ''

2022-11-29 19:43:55 - [MESSAGE][INFO] - Starting 'Chrome' driver

2022-11-29 19:43:55 - [MESSAGE][INFO] - Action delay is set to 0 milliseconds

2022-11-29 19:43:57 - [MESSAGE][PASSED] - Browser is opened with url: ''

2022-11-29 19:43:57 - [TEST_STEP][PASSED] - navigateToUrl("https://demoqa.com/text-box"): Navigate to 'https://demoqa.com/text-box' successfully

2022-11-29 19:44:09 - [MESSAGE][PASSED] - Navigate to 'https://demoqa.com/text-box' successfully

2022-11-29 19:44:09 - [TEST_STEP][PASSED] - maximizeWindow(): Current window maximized

2022-11-29 19:44:09 - [MESSAGE][PASSED] - Current window maximized

2022-11-29 19:44:09 - [TEST_STEP][PASSED] - waitForPageLoad(5): Wait for page load successfully

2022-11-29 19:44:09 - [MESSAGE][PASSED] - Wait for page load successfully

2022-11-29 19:44:09 - [TEST_STEP][PASSED] - x = 1: null

2022-11-29 19:44:09 - [TEST_STEP][PASSED] - while (x <= 5): null

2022-11-29 19:44:09 - [TEST_STEP][PASSED] - print("Valor de X" + x + "------>"): null

2022-11-29 19:44:09 - [TEST_STEP][PASSED] - (x++): null

2022-11-29 19:44:09 - [TEST_STEP][PASSED] - print("Valor de X" + x + "------>"): null

2022-11-29 19:44:09 - [TEST_STEP][PASSED] - (x++): null

2022-11-29 19:44:09 - [TEST_STEP][PASSED] - print("Valor de X" + x + "------>"): null

2022-11-29 19:44:09 - [TEST_STEP][PASSED] - (x++): null

2022-11-29 19:44:09 - [TEST_STEP][PASSED] - print("Valor de X" + x + "------>"): null

2022-11-29 19:44:09 - [TEST_STEP][PASSED] - (x++): null

2022-11-29 19:44:09 - [TEST_STEP][PASSED] - print("Valor de X" + x + "------>"): null

2022-11-29 19:44:09 - [TEST_STEP][PASSED] - (x++): null

2022-11-29 19:44:09 - [TEST_STEP][PASSED] - closeBrowser(): Browser is closed

2022-11-29 19:44:10 - [MESSAGE][PASSED] - Browser is closed]]></system-out>
         <system-err><![CDATA[]]></system-err>
      </testcase>
      <testcase name="Test Cases/Drive_excel/Drive_excel" time="19.29" classname="Test Cases/Drive_excel/Drive_excel" status="PASSED">
         <system-out><![CDATA[2022-11-29 19:44:10 - [TEST_CASE][PASSED] - Test Cases/Drive_excel/Drive_excel: Test Cases/Drive_excel/Drive_excel

2022-11-29 19:44:10 - [TEST_STEP][PASSED] - openBrowser(""): Browser is opened with url: ''

2022-11-29 19:44:10 - [MESSAGE][INFO] - Starting 'Chrome' driver

2022-11-29 19:44:10 - [MESSAGE][INFO] - Action delay is set to 0 milliseconds

2022-11-29 19:44:11 - [MESSAGE][PASSED] - Browser is opened with url: ''

2022-11-29 19:44:11 - [TEST_STEP][PASSED] - navigateToUrl("https://demoqa.com/automation-practice-form"): Navigate to 'https://demoqa.com/automation-practice-form' successfully

2022-11-29 19:44:22 - [MESSAGE][PASSED] - Navigate to 'https://demoqa.com/automation-practice-form' successfully

2022-11-29 19:44:22 - [TEST_STEP][PASSED] - waitForPageLoad(40): Wait for page load successfully

2022-11-29 19:44:22 - [MESSAGE][PASSED] - Wait for page load successfully

2022-11-29 19:44:22 - [TEST_STEP][PASSED] - maximizeWindow(): Current window maximized

2022-11-29 19:44:22 - [MESSAGE][PASSED] - Current window maximized

2022-11-29 19:44:22 - [TEST_STEP][PASSED] - setText(findTestObject("Object Repository/Drive_excel/Page_ToolsQA/input_Name_firstName"), nombre): Text '' is set on object 'Object Repository/Drive_excel/Page_ToolsQA/input_Name_firstName'

2022-11-29 19:44:24 - [MESSAGE][PASSED] - Text '' is set on object 'Object Repository/Drive_excel/Page_ToolsQA/input_Name_firstName'

2022-11-29 19:44:24 - [TEST_STEP][PASSED] - setText(findTestObject("Object Repository/Drive_excel/Page_ToolsQA/input_Name_lastName"), apellido): Text '' is set on object 'Object Repository/Drive_excel/Page_ToolsQA/input_Name_lastName'

2022-11-29 19:44:25 - [MESSAGE][PASSED] - Text '' is set on object 'Object Repository/Drive_excel/Page_ToolsQA/input_Name_lastName'

2022-11-29 19:44:25 - [TEST_STEP][PASSED] - setText(findTestObject("Object Repository/Drive_excel/Page_ToolsQA/input_Email_userEmail"), email): Text '' is set on object 'Object Repository/Drive_excel/Page_ToolsQA/input_Email_userEmail'

2022-11-29 19:44:26 - [MESSAGE][PASSED] - Text '' is set on object 'Object Repository/Drive_excel/Page_ToolsQA/input_Email_userEmail'

2022-11-29 19:44:26 - [TEST_STEP][PASSED] - delay(2): Delayed 2 second(s)

2022-11-29 19:44:28 - [MESSAGE][PASSED] - Delayed 2 second(s)

2022-11-29 19:44:28 - [TEST_STEP][PASSED] - closeBrowser(): Browser is closed

2022-11-29 19:44:29 - [MESSAGE][PASSED] - Browser is closed]]></system-out>
         <system-err><![CDATA[]]></system-err>
      </testcase>
      <system-out><![CDATA[2022-11-29 19:33:44 - [TEST_SUITE][PASSED] - testCLoud: Test Cases/Drive_excel/Drive_excel]]></system-out>
      <system-err><![CDATA[]]></system-err>
   </testsuite>
</testsuites>
