<?xml version="1.0" encoding="UTF-8"?>
<testsuites name="Data_interno" time="21.507" tests="2" failures="0" errors="0">
   <testsuite name="Data_interno" tests="2" failures="0" errors="0" time="21.507" skipped="0" timestamp="2021-07-20 21:13:09" hostname="rodrigo.villanueva.c - EELX01RODRIGOVI.ad.gob" id="Test Suites/Data_interno">
      <properties>
         <property name="deviceName" value=""/>
         <property name="devicePlatform" value=""/>
         <property name="logFolder" value="C:\\Todo_Katalon\\Proyectos\\Proyecto_uno\\Reports\\20210720_211255\\Data_interno\\20210720_211255"/>
         <property name="logFiles" value="C:\\Todo_Katalon\\Proyectos\\Proyecto_uno\\Reports\\20210720_211255\\Data_interno\\20210720_211255\\execution0.log"/>
         <property name="attachments" value=""/>
         <property name="hostName" value="rodrigo.villanueva.c - EELX01RODRIGOVI.ad.gob"/>
         <property name="os" value="Windows 10 64bit"/>
         <property name="katalonVersion" value="8.0.5.208"/>
         <property name="browser" value="Chrome 91.0.4472.164"/>
         <property name="hostAddress" value="192.168.56.1"/>
         <property name="sessionId" value="63753cb4777cd8410e51d8f568bdb6c7"/>
         <property name="seleniumVersion" value="3.141.59"/>
         <property name="proxyInformation" value="ProxyInformation { proxyOption=NO_PROXY, proxyServerType=HTTP, username=, password=********, proxyServerAddress=, proxyServerPort=0, executionList=&quot;&quot;, isApplyToDesiredCapabilities=true }"/>
         <property name="platform" value="Windows 10"/>
      </properties>
      <testcase name="Test Cases/Drive_excel/Drive_excel" time="11.643" classname="Test Cases/Drive_excel/Drive_excel" status="PASSED">
         <system-out><![CDATA[2021-07-20 21:13:10 - [TEST_CASE][PASSED] - Test Cases/Drive_excel/Drive_excel: Test Cases/Drive_excel/Drive_excel

2021-07-20 21:13:10 - [TEST_STEP][PASSED] - openBrowser(""): Browser is opened with url: ''

2021-07-20 21:13:10 - [MESSAGE][INFO] - Starting 'Chrome' driver

2021-07-20 21:13:11 - [MESSAGE][INFO] - Action delay is set to 0 milliseconds

2021-07-20 21:13:13 - [MESSAGE][PASSED] - Browser is opened with url: ''

2021-07-20 21:13:13 - [TEST_STEP][PASSED] - navigateToUrl("https://demoqa.com/automation-practice-form"): Navigate to 'https://demoqa.com/automation-practice-form' successfully

2021-07-20 21:13:16 - [MESSAGE][PASSED] - Navigate to 'https://demoqa.com/automation-practice-form' successfully

2021-07-20 21:13:16 - [TEST_STEP][PASSED] - waitForPageLoad(40): Wait for page load successfully

2021-07-20 21:13:16 - [MESSAGE][PASSED] - Wait for page load successfully

2021-07-20 21:13:16 - [TEST_STEP][PASSED] - maximizeWindow(): Current window maximized

2021-07-20 21:13:16 - [MESSAGE][PASSED] - Current window maximized

2021-07-20 21:13:16 - [TEST_STEP][PASSED] - setText(findTestObject("Object Repository/Drive_excel/Page_ToolsQA/input_Name_firstName"), nombre): Text 'nombre1' is set on object 'Object Repository/Drive_excel/Page_ToolsQA/input_Name_firstName'

2021-07-20 21:13:17 - [MESSAGE][PASSED] - Text 'nombre1' is set on object 'Object Repository/Drive_excel/Page_ToolsQA/input_Name_firstName'

2021-07-20 21:13:17 - [TEST_STEP][PASSED] - setText(findTestObject("Object Repository/Drive_excel/Page_ToolsQA/input_Name_lastName"), apellido): Text 'apellido1' is set on object 'Object Repository/Drive_excel/Page_ToolsQA/input_Name_lastName'

2021-07-20 21:13:18 - [MESSAGE][PASSED] - Text 'apellido1' is set on object 'Object Repository/Drive_excel/Page_ToolsQA/input_Name_lastName'

2021-07-20 21:13:18 - [TEST_STEP][PASSED] - setText(findTestObject("Object Repository/Drive_excel/Page_ToolsQA/input_Email_userEmail"), email): Text 'email1' is set on object 'Object Repository/Drive_excel/Page_ToolsQA/input_Email_userEmail'

2021-07-20 21:13:19 - [MESSAGE][PASSED] - Text 'email1' is set on object 'Object Repository/Drive_excel/Page_ToolsQA/input_Email_userEmail'

2021-07-20 21:13:19 - [TEST_STEP][PASSED] - delay(2): Delayed 2 second(s)

2021-07-20 21:13:21 - [MESSAGE][PASSED] - Delayed 2 second(s)

2021-07-20 21:13:21 - [TEST_STEP][PASSED] - closeBrowser(): Browser is closed

2021-07-20 21:13:21 - [MESSAGE][PASSED] - Browser is closed]]></system-out>
         <system-err><![CDATA[]]></system-err>
      </testcase>
      <testcase name="Test Cases/Drive_excel/Drive_excel" time="9.022" classname="Test Cases/Drive_excel/Drive_excel" status="PASSED">
         <system-out><![CDATA[2021-07-20 21:13:21 - [TEST_CASE][PASSED] - Test Cases/Drive_excel/Drive_excel: Test Cases/Drive_excel/Drive_excel

2021-07-20 21:13:21 - [TEST_STEP][PASSED] - openBrowser(""): Browser is opened with url: ''

2021-07-20 21:13:21 - [MESSAGE][INFO] - Starting 'Chrome' driver

2021-07-20 21:13:21 - [MESSAGE][INFO] - Action delay is set to 0 milliseconds

2021-07-20 21:13:22 - [MESSAGE][PASSED] - Browser is opened with url: ''

2021-07-20 21:13:22 - [TEST_STEP][PASSED] - navigateToUrl("https://demoqa.com/automation-practice-form"): Navigate to 'https://demoqa.com/automation-practice-form' successfully

2021-07-20 21:13:25 - [MESSAGE][PASSED] - Navigate to 'https://demoqa.com/automation-practice-form' successfully

2021-07-20 21:13:25 - [TEST_STEP][PASSED] - waitForPageLoad(40): Wait for page load successfully

2021-07-20 21:13:25 - [MESSAGE][PASSED] - Wait for page load successfully

2021-07-20 21:13:25 - [TEST_STEP][PASSED] - maximizeWindow(): Current window maximized

2021-07-20 21:13:25 - [MESSAGE][PASSED] - Current window maximized

2021-07-20 21:13:25 - [TEST_STEP][PASSED] - setText(findTestObject("Object Repository/Drive_excel/Page_ToolsQA/input_Name_firstName"), nombre): Text 'nombre2' is set on object 'Object Repository/Drive_excel/Page_ToolsQA/input_Name_firstName'

2021-07-20 21:13:26 - [MESSAGE][PASSED] - Text 'nombre2' is set on object 'Object Repository/Drive_excel/Page_ToolsQA/input_Name_firstName'

2021-07-20 21:13:26 - [TEST_STEP][PASSED] - setText(findTestObject("Object Repository/Drive_excel/Page_ToolsQA/input_Name_lastName"), apellido): Text 'apellido2' is set on object 'Object Repository/Drive_excel/Page_ToolsQA/input_Name_lastName'

2021-07-20 21:13:27 - [MESSAGE][PASSED] - Text 'apellido2' is set on object 'Object Repository/Drive_excel/Page_ToolsQA/input_Name_lastName'

2021-07-20 21:13:27 - [TEST_STEP][PASSED] - setText(findTestObject("Object Repository/Drive_excel/Page_ToolsQA/input_Email_userEmail"), email): Text 'email2' is set on object 'Object Repository/Drive_excel/Page_ToolsQA/input_Email_userEmail'

2021-07-20 21:13:28 - [MESSAGE][PASSED] - Text 'email2' is set on object 'Object Repository/Drive_excel/Page_ToolsQA/input_Email_userEmail'

2021-07-20 21:13:28 - [TEST_STEP][PASSED] - delay(2): Delayed 2 second(s)

2021-07-20 21:13:30 - [MESSAGE][PASSED] - Delayed 2 second(s)

2021-07-20 21:13:30 - [TEST_STEP][PASSED] - closeBrowser(): Browser is closed

2021-07-20 21:13:30 - [MESSAGE][PASSED] - Browser is closed]]></system-out>
         <system-err><![CDATA[]]></system-err>
      </testcase>
      <system-out><![CDATA[2021-07-20 21:13:09 - [TEST_SUITE][PASSED] - Data_interno: Test Cases/Drive_excel/Drive_excel]]></system-out>
      <system-err><![CDATA[]]></system-err>
   </testsuite>
</testsuites>
