<?xml version="1.0" encoding="UTF-8"?>
<testsuites name="Integracion_2" time="23.598" tests="3" failures="0" errors="0">
   <testsuite name="Integracion_2" tests="3" failures="0" errors="0" time="23.598" skipped="0" timestamp="2021-08-16 12:21:47" hostname="DESKTOP-3P0QFSE$ - DESKTOP-3P0QFSE" id="Test Suites/Integracion_2">
      <properties>
         <property name="deviceName" value=""/>
         <property name="devicePlatform" value=""/>
         <property name="logFolder" value="C:\\Todo_Katalon\\Proyectos\\Proyecto_uno\\Reports\\20210816_122130\\Integracion_2\\20210816_122138"/>
         <property name="logFiles" value="C:\\Todo_Katalon\\Proyectos\\Proyecto_uno\\Reports\\20210816_122130\\Integracion_2\\20210816_122138\\execution0.log"/>
         <property name="attachments" value=""/>
         <property name="hostName" value="DESKTOP-3P0QFSE$ - DESKTOP-3P0QFSE"/>
         <property name="os" value="Windows 10 64bit"/>
         <property name="katalonVersion" value="8.0.5.208"/>
         <property name="browser" value="Chrome 92.0.4515.131"/>
         <property name="hostAddress" value="192.168.100.48"/>
         <property name="sessionId" value="90f742f382dc57408b30a092ad0ab3f0"/>
         <property name="seleniumVersion" value="3.141.59"/>
         <property name="proxyInformation" value="ProxyInformation { proxyOption=NO_PROXY, proxyServerType=HTTP, username=, password=********, proxyServerAddress=, proxyServerPort=0, executionList=&quot;&quot;, isApplyToDesiredCapabilities=true }"/>
         <property name="platform" value="Windows 10"/>
      </properties>
      <testcase name="Test Cases/BUCLES/Reto_while" time="22.721" classname="Test Cases/BUCLES/Reto_while" status="PASSED">
         <system-out><![CDATA[2021-08-16 12:21:47 - [TEST_CASE][PASSED] - Test Cases/BUCLES/Reto_while: Test Cases/BUCLES/Reto_while

2021-08-16 12:21:47 - [TEST_STEP][PASSED] - openBrowser(""): Browser is opened with url: ''

2021-08-16 12:21:47 - [MESSAGE][INFO] - Starting 'Chrome' driver

2021-08-16 12:21:47 - [MESSAGE][INFO] - Action delay is set to 0 milliseconds

2021-08-16 12:21:49 - [MESSAGE][PASSED] - Browser is opened with url: ''

2021-08-16 12:21:49 - [TEST_STEP][PASSED] - navigateToUrl("https://www.google.com/"): Navigate to 'https://www.google.com/' successfully

2021-08-16 12:21:50 - [MESSAGE][PASSED] - Navigate to 'https://www.google.com/' successfully

2021-08-16 12:21:50 - [TEST_STEP][PASSED] - Bandera = 0: null

2021-08-16 12:21:50 - [TEST_STEP][PASSED] - while (Bandera != 1): null

2021-08-16 12:21:50 - [TEST_STEP][PASSED] - num = Math.random() * 5 - 1 + 1: null

2021-08-16 12:21:50 - [TEST_STEP][PASSED] - setText(findTestObject("Object Repository/While_google/Page_Google/input__q"), "5+" + num): Text '5+4' is set on object 'Object Repository/While_google/Page_Google/input__q'

2021-08-16 12:21:51 - [MESSAGE][PASSED] - Text '5+4' is set on object 'Object Repository/While_google/Page_Google/input__q'

2021-08-16 12:21:51 - [TEST_STEP][PASSED] - sendKeys(findTestObject("Object Repository/While_google/Page_Google/input__q"), Keys.chord(ENTER)): Keys 'ENTER + ' sent to object: 'Object Repository/While_google/Page_Google/input__q'

2021-08-16 12:21:53 - [MESSAGE][PASSED] - Keys 'ENTER + ' sent to object: 'Object Repository/While_google/Page_Google/input__q'

2021-08-16 12:21:53 - [TEST_STEP][PASSED] - Resultado = getText(findTestObject("While_google/Extras/Resultado_10")): Text of object 'Object Repository/While_google/Extras/Resultado_10' is: '9'

2021-08-16 12:21:54 - [MESSAGE][PASSED] - Text of object 'Object Repository/While_google/Extras/Resultado_10' is: '9'

2021-08-16 12:21:54 - [TEST_STEP][PASSED] - if (Resultado == "8"): null

2021-08-16 12:21:54 - [TEST_STEP][PASSED] - else: null

2021-08-16 12:21:54 - [TEST_STEP][PASSED] - Bandera = 0: null

2021-08-16 12:21:54 - [TEST_STEP][PASSED] - print(Bandera + "------"): null

2021-08-16 12:21:54 - [TEST_STEP][PASSED] - num = Math.random() * 5 - 1 + 1: null

2021-08-16 12:21:54 - [TEST_STEP][PASSED] - setText(findTestObject("Object Repository/While_google/Page_Google/input__q"), "5+" + num): Text '5+4' is set on object 'Object Repository/While_google/Page_Google/input__q'

2021-08-16 12:21:55 - [MESSAGE][PASSED] - Text '5+4' is set on object 'Object Repository/While_google/Page_Google/input__q'

2021-08-16 12:21:55 - [TEST_STEP][PASSED] - sendKeys(findTestObject("Object Repository/While_google/Page_Google/input__q"), Keys.chord(ENTER)): Keys 'ENTER + ' sent to object: 'Object Repository/While_google/Page_Google/input__q'

2021-08-16 12:21:57 - [MESSAGE][PASSED] - Keys 'ENTER + ' sent to object: 'Object Repository/While_google/Page_Google/input__q'

2021-08-16 12:21:57 - [TEST_STEP][PASSED] - Resultado = getText(findTestObject("While_google/Extras/Resultado_10")): Text of object 'Object Repository/While_google/Extras/Resultado_10' is: '9'

2021-08-16 12:21:57 - [MESSAGE][PASSED] - Text of object 'Object Repository/While_google/Extras/Resultado_10' is: '9'

2021-08-16 12:21:57 - [TEST_STEP][PASSED] - if (Resultado == "8"): null

2021-08-16 12:21:57 - [TEST_STEP][PASSED] - else: null

2021-08-16 12:21:57 - [TEST_STEP][PASSED] - Bandera = 0: null

2021-08-16 12:21:57 - [TEST_STEP][PASSED] - print(Bandera + "------"): null

2021-08-16 12:21:57 - [TEST_STEP][PASSED] - num = Math.random() * 5 - 1 + 1: null

2021-08-16 12:21:57 - [TEST_STEP][PASSED] - setText(findTestObject("Object Repository/While_google/Page_Google/input__q"), "5+" + num): Text '5+1' is set on object 'Object Repository/While_google/Page_Google/input__q'

2021-08-16 12:21:58 - [MESSAGE][PASSED] - Text '5+1' is set on object 'Object Repository/While_google/Page_Google/input__q'

2021-08-16 12:21:58 - [TEST_STEP][PASSED] - sendKeys(findTestObject("Object Repository/While_google/Page_Google/input__q"), Keys.chord(ENTER)): Keys 'ENTER + ' sent to object: 'Object Repository/While_google/Page_Google/input__q'

2021-08-16 12:21:59 - [MESSAGE][PASSED] - Keys 'ENTER + ' sent to object: 'Object Repository/While_google/Page_Google/input__q'

2021-08-16 12:21:59 - [TEST_STEP][PASSED] - Resultado = getText(findTestObject("While_google/Extras/Resultado_10")): Text of object 'Object Repository/While_google/Extras/Resultado_10' is: '6'

2021-08-16 12:22:00 - [MESSAGE][PASSED] - Text of object 'Object Repository/While_google/Extras/Resultado_10' is: '6'

2021-08-16 12:22:00 - [TEST_STEP][PASSED] - if (Resultado == "8"): null

2021-08-16 12:22:00 - [TEST_STEP][PASSED] - else: null

2021-08-16 12:22:00 - [TEST_STEP][PASSED] - Bandera = 0: null

2021-08-16 12:22:00 - [TEST_STEP][PASSED] - print(Bandera + "------"): null

2021-08-16 12:22:00 - [TEST_STEP][PASSED] - num = Math.random() * 5 - 1 + 1: null

2021-08-16 12:22:00 - [TEST_STEP][PASSED] - setText(findTestObject("Object Repository/While_google/Page_Google/input__q"), "5+" + num): Text '5+1' is set on object 'Object Repository/While_google/Page_Google/input__q'

2021-08-16 12:22:00 - [MESSAGE][PASSED] - Text '5+1' is set on object 'Object Repository/While_google/Page_Google/input__q'

2021-08-16 12:22:00 - [TEST_STEP][PASSED] - sendKeys(findTestObject("Object Repository/While_google/Page_Google/input__q"), Keys.chord(ENTER)): Keys 'ENTER + ' sent to object: 'Object Repository/While_google/Page_Google/input__q'

2021-08-16 12:22:01 - [MESSAGE][PASSED] - Keys 'ENTER + ' sent to object: 'Object Repository/While_google/Page_Google/input__q'

2021-08-16 12:22:01 - [TEST_STEP][PASSED] - Resultado = getText(findTestObject("While_google/Extras/Resultado_10")): Text of object 'Object Repository/While_google/Extras/Resultado_10' is: '6'

2021-08-16 12:22:02 - [MESSAGE][PASSED] - Text of object 'Object Repository/While_google/Extras/Resultado_10' is: '6'

2021-08-16 12:22:02 - [TEST_STEP][PASSED] - if (Resultado == "8"): null

2021-08-16 12:22:02 - [TEST_STEP][PASSED] - else: null

2021-08-16 12:22:02 - [TEST_STEP][PASSED] - Bandera = 0: null

2021-08-16 12:22:02 - [TEST_STEP][PASSED] - print(Bandera + "------"): null

2021-08-16 12:22:02 - [TEST_STEP][PASSED] - num = Math.random() * 5 - 1 + 1: null

2021-08-16 12:22:02 - [TEST_STEP][PASSED] - setText(findTestObject("Object Repository/While_google/Page_Google/input__q"), "5+" + num): Text '5+4' is set on object 'Object Repository/While_google/Page_Google/input__q'

2021-08-16 12:22:03 - [MESSAGE][PASSED] - Text '5+4' is set on object 'Object Repository/While_google/Page_Google/input__q'

2021-08-16 12:22:03 - [TEST_STEP][PASSED] - sendKeys(findTestObject("Object Repository/While_google/Page_Google/input__q"), Keys.chord(ENTER)): Keys 'ENTER + ' sent to object: 'Object Repository/While_google/Page_Google/input__q'

2021-08-16 12:22:04 - [MESSAGE][PASSED] - Keys 'ENTER + ' sent to object: 'Object Repository/While_google/Page_Google/input__q'

2021-08-16 12:22:04 - [TEST_STEP][PASSED] - Resultado = getText(findTestObject("While_google/Extras/Resultado_10")): Text of object 'Object Repository/While_google/Extras/Resultado_10' is: '9'

2021-08-16 12:22:04 - [MESSAGE][PASSED] - Text of object 'Object Repository/While_google/Extras/Resultado_10' is: '9'

2021-08-16 12:22:04 - [TEST_STEP][PASSED] - if (Resultado == "8"): null

2021-08-16 12:22:04 - [TEST_STEP][PASSED] - else: null

2021-08-16 12:22:04 - [TEST_STEP][PASSED] - Bandera = 0: null

2021-08-16 12:22:04 - [TEST_STEP][PASSED] - print(Bandera + "------"): null

2021-08-16 12:22:04 - [TEST_STEP][PASSED] - num = Math.random() * 5 - 1 + 1: null

2021-08-16 12:22:04 - [TEST_STEP][PASSED] - setText(findTestObject("Object Repository/While_google/Page_Google/input__q"), "5+" + num): Text '5+4' is set on object 'Object Repository/While_google/Page_Google/input__q'

2021-08-16 12:22:05 - [MESSAGE][PASSED] - Text '5+4' is set on object 'Object Repository/While_google/Page_Google/input__q'

2021-08-16 12:22:05 - [TEST_STEP][PASSED] - sendKeys(findTestObject("Object Repository/While_google/Page_Google/input__q"), Keys.chord(ENTER)): Keys 'ENTER + ' sent to object: 'Object Repository/While_google/Page_Google/input__q'

2021-08-16 12:22:06 - [MESSAGE][PASSED] - Keys 'ENTER + ' sent to object: 'Object Repository/While_google/Page_Google/input__q'

2021-08-16 12:22:06 - [TEST_STEP][PASSED] - Resultado = getText(findTestObject("While_google/Extras/Resultado_10")): Text of object 'Object Repository/While_google/Extras/Resultado_10' is: '9'

2021-08-16 12:22:06 - [MESSAGE][PASSED] - Text of object 'Object Repository/While_google/Extras/Resultado_10' is: '9'

2021-08-16 12:22:06 - [TEST_STEP][PASSED] - if (Resultado == "8"): null

2021-08-16 12:22:06 - [TEST_STEP][PASSED] - else: null

2021-08-16 12:22:06 - [TEST_STEP][PASSED] - Bandera = 0: null

2021-08-16 12:22:06 - [TEST_STEP][PASSED] - print(Bandera + "------"): null

2021-08-16 12:22:06 - [TEST_STEP][PASSED] - num = Math.random() * 5 - 1 + 1: null

2021-08-16 12:22:06 - [TEST_STEP][PASSED] - setText(findTestObject("Object Repository/While_google/Page_Google/input__q"), "5+" + num): Text '5+3' is set on object 'Object Repository/While_google/Page_Google/input__q'

2021-08-16 12:22:07 - [MESSAGE][PASSED] - Text '5+3' is set on object 'Object Repository/While_google/Page_Google/input__q'

2021-08-16 12:22:07 - [TEST_STEP][PASSED] - sendKeys(findTestObject("Object Repository/While_google/Page_Google/input__q"), Keys.chord(ENTER)): Keys 'ENTER + ' sent to object: 'Object Repository/While_google/Page_Google/input__q'

2021-08-16 12:22:08 - [MESSAGE][PASSED] - Keys 'ENTER + ' sent to object: 'Object Repository/While_google/Page_Google/input__q'

2021-08-16 12:22:08 - [TEST_STEP][PASSED] - Resultado = getText(findTestObject("While_google/Extras/Resultado_10")): Text of object 'Object Repository/While_google/Extras/Resultado_10' is: '8'

2021-08-16 12:22:09 - [MESSAGE][PASSED] - Text of object 'Object Repository/While_google/Extras/Resultado_10' is: '8'

2021-08-16 12:22:09 - [TEST_STEP][PASSED] - if (Resultado == "8"): Browser is closed

2021-08-16 12:22:09 - [TEST_STEP][PASSED] - Bandera = 1: null

2021-08-16 12:22:09 - [TEST_STEP][PASSED] - print("Listo termina"): null

2021-08-16 12:22:09 - [TEST_STEP][PASSED] - closeBrowser(): Browser is closed

2021-08-16 12:22:10 - [MESSAGE][PASSED] - Browser is closed

2021-08-16 12:22:10 - [TEST_STEP][PASSED] - print(Bandera + "------"): null]]></system-out>
         <system-err><![CDATA[]]></system-err>
      </testcase>
      <testcase name="Test Cases/Condicionales_If/Test_1" time="0.171" classname="Test Cases/Condicionales_If/Test_1" status="PASSED">
         <system-out><![CDATA[2021-08-16 12:22:10 - [TEST_CASE][PASSED] - Test Cases/Condicionales_If/Test_1: Test Cases/Condicionales_If/Test_1

2021-08-16 12:22:10 - [TEST_STEP][PASSED] - if (num == 10): null

2021-08-16 12:22:10 - [TEST_STEP][PASSED] - else: null

2021-08-16 12:22:10 - [TEST_STEP][PASSED] - print("El numero no es un 10 es el numero:  " + num + "#####"): null]]></system-out>
         <system-err><![CDATA[]]></system-err>
      </testcase>
      <testcase name="Test Cases/Condicionales_If/Test_2" time="0.119" classname="Test Cases/Condicionales_If/Test_2" status="PASSED">
         <system-out><![CDATA[2021-08-16 12:22:10 - [TEST_CASE][PASSED] - Test Cases/Condicionales_If/Test_2: Test Cases/Condicionales_If/Test_2

2021-08-16 12:22:10 - [TEST_STEP][PASSED] - if (num == 5): null

2021-08-16 12:22:10 - [TEST_STEP][PASSED] - if (num == 10): null

2021-08-16 12:22:10 - [TEST_STEP][PASSED] - println("El valor de la variables es un: 10"): null]]></system-out>
         <system-err><![CDATA[]]></system-err>
      </testcase>
      <system-out><![CDATA[2021-08-16 12:21:47 - [TEST_SUITE][PASSED] - Integracion_2: Test Cases/Condicionales_If/Test_2]]></system-out>
      <system-err><![CDATA[]]></system-err>
   </testsuite>
</testsuites>
