<?xml version="1.0" encoding="UTF-8"?>
<testsuites name="Data_interno" time="41.487" tests="2" failures="0" errors="0">
   <testsuite name="Data_interno" tests="2" failures="0" errors="0" time="41.487" skipped="0" timestamp="2022-11-23 19:47:07" hostname="admin - 192.168.0.13" id="Test Suites/Data_interno">
      <properties>
         <property name="deviceName" value=""/>
         <property name="devicePlatform" value=""/>
         <property name="logFolder" value="C:\\Users\\admin\\Katalon Studio\\Proyectos\\Proyecto_uno\\Reports\\20221123_194411\\Data_interno\\20221123_194415"/>
         <property name="logFiles" value="C:\\Users\\admin\\Katalon Studio\\Proyectos\\Proyecto_uno\\Reports\\20221123_194411\\Data_interno\\20221123_194415\\execution0.log"/>
         <property name="attachments" value=""/>
         <property name="hostName" value="admin - 192.168.0.13"/>
         <property name="os" value="Windows 10 64bit"/>
         <property name="katalonVersion" value="8.5.2.208"/>
         <property name="browser" value="Chrome 107.0.0.0"/>
         <property name="hostAddress" value="192.168.0.13"/>
         <property name="sessionId" value="9c2496fc9208b2e7f28a817b3988c32a"/>
         <property name="seleniumVersion" value="3.141.59"/>
         <property name="proxyInformation" value="ProxyInformation { proxyOption=NO_PROXY, proxyServerType=HTTP, username=, password=********, proxyServerAddress=, proxyServerPort=0, executionList=&quot;&quot;, isApplyToDesiredCapabilities=true }"/>
         <property name="platform" value="Windows 10"/>
      </properties>
      <testcase name="Test Cases/Drive_excel/Drive_excel" time="20.734" classname="Test Cases/Drive_excel/Drive_excel" status="PASSED">
         <system-out><![CDATA[2022-11-23 19:47:08 - [TEST_CASE][PASSED] - Test Cases/Drive_excel/Drive_excel: Test Cases/Drive_excel/Drive_excel

2022-11-23 19:47:08 - [TEST_STEP][PASSED] - openBrowser(""): Browser is opened with url: ''

2022-11-23 19:47:09 - [MESSAGE][INFO] - Starting 'Chrome' driver

2022-11-23 19:47:09 - [MESSAGE][INFO] - Action delay is set to 0 milliseconds

2022-11-23 19:47:12 - [MESSAGE][PASSED] - Browser is opened with url: ''

2022-11-23 19:47:12 - [TEST_STEP][PASSED] - navigateToUrl("https://demoqa.com/automation-practice-form"): Navigate to 'https://demoqa.com/automation-practice-form' successfully

2022-11-23 19:47:21 - [MESSAGE][PASSED] - Navigate to 'https://demoqa.com/automation-practice-form' successfully

2022-11-23 19:47:21 - [TEST_STEP][PASSED] - waitForPageLoad(40): Wait for page load successfully

2022-11-23 19:47:21 - [MESSAGE][PASSED] - Wait for page load successfully

2022-11-23 19:47:21 - [TEST_STEP][PASSED] - maximizeWindow(): Current window maximized

2022-11-23 19:47:21 - [MESSAGE][PASSED] - Current window maximized

2022-11-23 19:47:21 - [TEST_STEP][PASSED] - setText(findTestObject("Object Repository/Drive_excel/Page_ToolsQA/input_Name_firstName"), nombre): Text 'nombre1' is set on object 'Object Repository/Drive_excel/Page_ToolsQA/input_Name_firstName'

2022-11-23 19:47:24 - [MESSAGE][PASSED] - Text 'nombre1' is set on object 'Object Repository/Drive_excel/Page_ToolsQA/input_Name_firstName'

2022-11-23 19:47:24 - [TEST_STEP][PASSED] - setText(findTestObject("Object Repository/Drive_excel/Page_ToolsQA/input_Name_lastName"), apellido): Text 'apellido1' is set on object 'Object Repository/Drive_excel/Page_ToolsQA/input_Name_lastName'

2022-11-23 19:47:25 - [MESSAGE][PASSED] - Text 'apellido1' is set on object 'Object Repository/Drive_excel/Page_ToolsQA/input_Name_lastName'

2022-11-23 19:47:25 - [TEST_STEP][PASSED] - setText(findTestObject("Object Repository/Drive_excel/Page_ToolsQA/input_Email_userEmail"), email): Text 'email1' is set on object 'Object Repository/Drive_excel/Page_ToolsQA/input_Email_userEmail'

2022-11-23 19:47:26 - [MESSAGE][PASSED] - Text 'email1' is set on object 'Object Repository/Drive_excel/Page_ToolsQA/input_Email_userEmail'

2022-11-23 19:47:26 - [TEST_STEP][PASSED] - delay(2): Delayed 2 second(s)

2022-11-23 19:47:28 - [MESSAGE][PASSED] - Delayed 2 second(s)

2022-11-23 19:47:28 - [TEST_STEP][PASSED] - closeBrowser(): Browser is closed

2022-11-23 19:47:28 - [MESSAGE][PASSED] - Browser is closed]]></system-out>
         <system-err><![CDATA[]]></system-err>
      </testcase>
      <testcase name="Test Cases/Drive_excel/Drive_excel" time="20.025" classname="Test Cases/Drive_excel/Drive_excel" status="PASSED">
         <system-out><![CDATA[2022-11-23 19:47:29 - [TEST_CASE][PASSED] - Test Cases/Drive_excel/Drive_excel: Test Cases/Drive_excel/Drive_excel

2022-11-23 19:47:29 - [TEST_STEP][PASSED] - openBrowser(""): Browser is opened with url: ''

2022-11-23 19:47:29 - [MESSAGE][INFO] - Starting 'Chrome' driver

2022-11-23 19:47:29 - [MESSAGE][INFO] - Action delay is set to 0 milliseconds

2022-11-23 19:47:30 - [MESSAGE][PASSED] - Browser is opened with url: ''

2022-11-23 19:47:30 - [TEST_STEP][PASSED] - navigateToUrl("https://demoqa.com/automation-practice-form"): Navigate to 'https://demoqa.com/automation-practice-form' successfully

2022-11-23 19:47:42 - [MESSAGE][PASSED] - Navigate to 'https://demoqa.com/automation-practice-form' successfully

2022-11-23 19:47:42 - [TEST_STEP][PASSED] - waitForPageLoad(40): Wait for page load successfully

2022-11-23 19:47:42 - [MESSAGE][PASSED] - Wait for page load successfully

2022-11-23 19:47:42 - [TEST_STEP][PASSED] - maximizeWindow(): Current window maximized

2022-11-23 19:47:42 - [MESSAGE][PASSED] - Current window maximized

2022-11-23 19:47:42 - [TEST_STEP][PASSED] - setText(findTestObject("Object Repository/Drive_excel/Page_ToolsQA/input_Name_firstName"), nombre): Text 'nombre2' is set on object 'Object Repository/Drive_excel/Page_ToolsQA/input_Name_firstName'

2022-11-23 19:47:44 - [MESSAGE][PASSED] - Text 'nombre2' is set on object 'Object Repository/Drive_excel/Page_ToolsQA/input_Name_firstName'

2022-11-23 19:47:44 - [TEST_STEP][PASSED] - setText(findTestObject("Object Repository/Drive_excel/Page_ToolsQA/input_Name_lastName"), apellido): Text 'apellido2' is set on object 'Object Repository/Drive_excel/Page_ToolsQA/input_Name_lastName'

2022-11-23 19:47:45 - [MESSAGE][PASSED] - Text 'apellido2' is set on object 'Object Repository/Drive_excel/Page_ToolsQA/input_Name_lastName'

2022-11-23 19:47:45 - [TEST_STEP][PASSED] - setText(findTestObject("Object Repository/Drive_excel/Page_ToolsQA/input_Email_userEmail"), email): Text 'email2' is set on object 'Object Repository/Drive_excel/Page_ToolsQA/input_Email_userEmail'

2022-11-23 19:47:46 - [MESSAGE][PASSED] - Text 'email2' is set on object 'Object Repository/Drive_excel/Page_ToolsQA/input_Email_userEmail'

2022-11-23 19:47:46 - [TEST_STEP][PASSED] - delay(2): Delayed 2 second(s)

2022-11-23 19:47:48 - [MESSAGE][PASSED] - Delayed 2 second(s)

2022-11-23 19:47:48 - [TEST_STEP][PASSED] - closeBrowser(): Browser is closed

2022-11-23 19:47:49 - [MESSAGE][PASSED] - Browser is closed]]></system-out>
         <system-err><![CDATA[]]></system-err>
      </testcase>
      <system-out><![CDATA[2022-11-23 19:47:07 - [TEST_SUITE][PASSED] - Data_interno: Test Cases/Drive_excel/Drive_excel]]></system-out>
      <system-err><![CDATA[]]></system-err>
   </testsuite>
</testsuites>
