<?xml version="1.0" encoding="UTF-8"?>
<testsuites name="testCLoud" time="557.208" tests="34" failures="0" errors="0">
   <testsuite name="testCLoud" tests="34" failures="0" errors="0" time="557.208" skipped="0" timestamp="2022-11-30 11:21:58" hostname="admin - 192.168.0.13" id="Test Suites/testCLoud">
      <properties>
         <property name="deviceName" value=""/>
         <property name="devicePlatform" value=""/>
         <property name="logFolder" value="C:\\Users\\admin\\git\\KatalonCertificacion\\Reports\\20221130_112145\\testCLoud\\20221130_112145"/>
         <property name="logFiles" value="C:\\Users\\admin\\git\\KatalonCertificacion\\Reports\\20221130_112145\\testCLoud\\20221130_112145\\execution0.log"/>
         <property name="attachments" value=""/>
         <property name="hostName" value="admin - 192.168.0.13"/>
         <property name="os" value="Windows 10 64bit"/>
         <property name="katalonVersion" value="8.5.2.208"/>
         <property name="browser" value="Chrome 107.0.0.0"/>
         <property name="hostAddress" value="192.168.0.13"/>
         <property name="sessionId" value="510c64b3af97695a821bdb15f4f4003d"/>
         <property name="seleniumVersion" value="3.141.59"/>
         <property name="proxyInformation" value="ProxyInformation { proxyOption=NO_PROXY, proxyServerType=HTTP, username=, password=********, proxyServerAddress=, proxyServerPort=0, executionList=&quot;&quot;, isApplyToDesiredCapabilities=true }"/>
         <property name="platform" value="Windows 10"/>
      </properties>
      <testcase name="Test Cases/Navegador/Navegador" time="13.132" classname="Test Cases/Navegador/Navegador" status="PASSED">
         <system-out><![CDATA[2022-11-30 11:21:58 - [TEST_CASE][PASSED] - Test Cases/Navegador/Navegador: Test Cases/Navegador/Navegador

2022-11-30 11:21:59 - [TEST_STEP][PASSED] - openBrowser("https://demoqa.com/text-box"): Browser is opened with url: 'https://demoqa.com/text-box'

2022-11-30 11:21:59 - [MESSAGE][INFO] - Starting 'Chrome' driver

2022-11-30 11:22:00 - [MESSAGE][INFO] - Action delay is set to 0 milliseconds

2022-11-30 11:22:10 - [MESSAGE][PASSED] - Browser is opened with url: 'https://demoqa.com/text-box'

2022-11-30 11:22:10 - [TEST_STEP][PASSED] - maximizeWindow(): Current window maximized

2022-11-30 11:22:10 - [MESSAGE][PASSED] - Current window maximized

2022-11-30 11:22:10 - [TEST_STEP][PASSED] - page_url = getUrl(): Current window's url is: 'https://demoqa.com/text-box'

2022-11-30 11:22:10 - [MESSAGE][PASSED] - Current window's url is: 'https://demoqa.com/text-box'

2022-11-30 11:22:10 - [TEST_STEP][PASSED] - print(page_url): null

2022-11-30 11:22:10 - [TEST_STEP][PASSED] - Titulo = getWindowTitle(): Current window's title is: 'ToolsQA'

2022-11-30 11:22:11 - [MESSAGE][PASSED] - Current window's title is: 'ToolsQA'

2022-11-30 11:22:11 - [TEST_STEP][PASSED] - print("titiulo de la pagina" + Titulo): null

2022-11-30 11:22:11 - [TEST_STEP][PASSED] - closeBrowser(): Browser is closed

2022-11-30 11:22:11 - [MESSAGE][PASSED] - Browser is closed]]></system-out>
         <system-err><![CDATA[]]></system-err>
      </testcase>
      <testcase name="Test Cases/Objecto_xpath/Caso_xpath" time="16.231" classname="Test Cases/Objecto_xpath/Caso_xpath" status="PASSED">
         <system-out><![CDATA[2022-11-30 11:22:11 - [TEST_CASE][PASSED] - Test Cases/Objecto_xpath/Caso_xpath: Test Cases/Objecto_xpath/Caso_xpath

2022-11-30 11:22:12 - [TEST_STEP][PASSED] - openBrowser(""): Browser is opened with url: ''

2022-11-30 11:22:12 - [MESSAGE][INFO] - Starting 'Chrome' driver

2022-11-30 11:22:12 - [MESSAGE][INFO] - Action delay is set to 0 milliseconds

2022-11-30 11:22:13 - [MESSAGE][PASSED] - Browser is opened with url: ''

2022-11-30 11:22:13 - [TEST_STEP][PASSED] - navigateToUrl("https://demoqa.com/text-box"): Navigate to 'https://demoqa.com/text-box' successfully

2022-11-30 11:22:22 - [MESSAGE][PASSED] - Navigate to 'https://demoqa.com/text-box' successfully

2022-11-30 11:22:22 - [TEST_STEP][PASSED] - maximizeWindow(): Current window maximized

2022-11-30 11:22:22 - [MESSAGE][PASSED] - Current window maximized

2022-11-30 11:22:22 - [TEST_STEP][PASSED] - setText(findTestObject("Objeto_xpath/Campo_nombre"), "Ljubo"): Text 'Ljubo' is set on object 'Object Repository/Objeto_xpath/Campo_nombre'

2022-11-30 11:22:24 - [MESSAGE][PASSED] - Text 'Ljubo' is set on object 'Object Repository/Objeto_xpath/Campo_nombre'

2022-11-30 11:22:24 - [TEST_STEP][PASSED] - delay(3): Delayed 3 second(s)

2022-11-30 11:22:27 - [MESSAGE][PASSED] - Delayed 3 second(s)

2022-11-30 11:22:27 - [TEST_STEP][PASSED] - closeBrowser(): Browser is closed

2022-11-30 11:22:28 - [MESSAGE][PASSED] - Browser is closed]]></system-out>
         <system-err><![CDATA[]]></system-err>
      </testcase>
      <testcase name="Test Cases/Condicionales_If/Condicionar_titulo" time="26.703" classname="Test Cases/Condicionales_If/Condicionar_titulo" status="PASSED">
         <system-out><![CDATA[2022-11-30 11:22:28 - [TEST_CASE][PASSED] - Test Cases/Condicionales_If/Condicionar_titulo: Test Cases/Condicionales_If/Condicionar_titulo

2022-11-30 11:22:28 - [TEST_STEP][PASSED] - openBrowser(""): Browser is opened with url: ''

2022-11-30 11:22:28 - [MESSAGE][INFO] - Starting 'Chrome' driver

2022-11-30 11:22:28 - [MESSAGE][INFO] - Action delay is set to 0 milliseconds

2022-11-30 11:22:30 - [MESSAGE][PASSED] - Browser is opened with url: ''

2022-11-30 11:22:30 - [TEST_STEP][PASSED] - navigateToUrl("https://demoqa.com/"): Navigate to 'https://demoqa.com/' successfully

2022-11-30 11:22:39 - [MESSAGE][PASSED] - Navigate to 'https://demoqa.com/' successfully

2022-11-30 11:22:39 - [TEST_STEP][PASSED] - maximizeWindow(): Current window maximized

2022-11-30 11:22:40 - [MESSAGE][PASSED] - Current window maximized

2022-11-30 11:22:40 - [TEST_STEP][PASSED] - waitForPageLoad(5): Wait for page load successfully

2022-11-30 11:22:40 - [MESSAGE][PASSED] - Wait for page load successfully

2022-11-30 11:22:40 - [TEST_STEP][PASSED] - Existe = waitForElementVisible(findTestObject("Condicionales/Texto_radio"), 3): Web element with id: 'Object Repository/Condicionales/Texto_radio' located by '//div[@class='main-header'][contains(.,'Radio Button')]' not found

2022-11-30 11:22:44 - [MESSAGE][INFO] - Unable to find the element located by 'By.xpath: //div[@class='main-header'][contains(.,'Radio Button')]'. Please recheck the objects properties to make sure the desired element is located. 

2022-11-30 11:22:44 - [MESSAGE][WARNING] - [SELF-HEALING] Failed to find element with id 'Object Repository/Condicionales/Texto_radio'. Try using Self-healing.

2022-11-30 11:22:45 - [MESSAGE][INFO] - [SELF-HEALING] No working XPath is found.

2022-11-30 11:22:46 - [MESSAGE][INFO] - Unable to find the element located by 'By.xpath: '. Please recheck the objects properties to make sure the desired element is located. 

2022-11-30 11:22:46 - [MESSAGE][WARNING] - [SELF-HEALING] Cannot find elements when the selector is null

2022-11-30 11:22:46 - [MESSAGE][WARNING] - Web element with id: 'Object Repository/Condicionales/Texto_radio' located by '//div[@class='main-header'][contains(.,'Radio Button')]' not found

2022-11-30 11:22:46 - [TEST_STEP][PASSED] - print(Existe): null

2022-11-30 11:22:46 - [TEST_STEP][PASSED] - if (Existe == true): null

2022-11-30 11:22:46 - [TEST_STEP][PASSED] - else: Browser is closed

2022-11-30 11:22:46 - [TEST_STEP][PASSED] - print("-----  Error no esta el elemento de texto radio ------"): null

2022-11-30 11:22:46 - [TEST_STEP][PASSED] - navigateToUrl("https://demoqa.com/radio-button"): Navigate to 'https://demoqa.com/radio-button' successfully

2022-11-30 11:22:50 - [MESSAGE][PASSED] - Navigate to 'https://demoqa.com/radio-button' successfully

2022-11-30 11:22:50 - [TEST_STEP][PASSED] - click(findTestObject("Condicionales/Objeto_yes")): Object: 'Object Repository/Condicionales/Objeto_yes' is clicked on

2022-11-30 11:22:52 - [MESSAGE][PASSED] - Object: 'Object Repository/Condicionales/Objeto_yes' is clicked on

2022-11-30 11:22:52 - [TEST_STEP][PASSED] - delay(2): Delayed 2 second(s)

2022-11-30 11:22:54 - [MESSAGE][PASSED] - Delayed 2 second(s)

2022-11-30 11:22:54 - [TEST_STEP][PASSED] - closeBrowser(): Browser is closed

2022-11-30 11:22:54 - [MESSAGE][PASSED] - Browser is closed]]></system-out>
         <system-err><![CDATA[]]></system-err>
      </testcase>
      <testcase name="Test Cases/Condicionales_If/Test_1" time="0.617" classname="Test Cases/Condicionales_If/Test_1" status="PASSED">
         <system-out><![CDATA[2022-11-30 11:22:54 - [TEST_CASE][PASSED] - Test Cases/Condicionales_If/Test_1: Test Cases/Condicionales_If/Test_1

2022-11-30 11:22:55 - [TEST_STEP][PASSED] - if (num == 10): null

2022-11-30 11:22:55 - [TEST_STEP][PASSED] - else: null

2022-11-30 11:22:55 - [TEST_STEP][PASSED] - print("El numero no es un 10 es el numero:  " + num + "#####"): null]]></system-out>
         <system-err><![CDATA[]]></system-err>
      </testcase>
      <testcase name="Test Cases/Condicionales_If/Test_2" time="0.452" classname="Test Cases/Condicionales_If/Test_2" status="PASSED">
         <system-out><![CDATA[2022-11-30 11:22:55 - [TEST_CASE][PASSED] - Test Cases/Condicionales_If/Test_2: Test Cases/Condicionales_If/Test_2

2022-11-30 11:22:56 - [TEST_STEP][PASSED] - if (num == 5): null

2022-11-30 11:22:56 - [TEST_STEP][PASSED] - if (num == 10): null

2022-11-30 11:22:56 - [TEST_STEP][PASSED] - println("El valor de la variables es un: 10"): null]]></system-out>
         <system-err><![CDATA[]]></system-err>
      </testcase>
      <testcase name="Test Cases/Condicionales_If/Test_3" time="0.429" classname="Test Cases/Condicionales_If/Test_3" status="PASSED">
         <system-out><![CDATA[2022-11-30 11:22:56 - [TEST_CASE][PASSED] - Test Cases/Condicionales_If/Test_3: Test Cases/Condicionales_If/Test_3

2022-11-30 11:22:56 - [TEST_STEP][PASSED] - if (nombre == "Juan"): null

2022-11-30 11:22:56 - [TEST_STEP][PASSED] - if (nombre == "JUan"): null

2022-11-30 11:22:56 - [TEST_STEP][PASSED] - if (nombre == "juan"): null

2022-11-30 11:22:56 - [TEST_STEP][PASSED] - println("Tu nombre es juan"): null]]></system-out>
         <system-err><![CDATA[]]></system-err>
      </testcase>
      <testcase name="Test Cases/Condicionales_If/Test_4" time="0.498" classname="Test Cases/Condicionales_If/Test_4" status="PASSED">
         <system-out><![CDATA[2022-11-30 11:22:56 - [TEST_CASE][PASSED] - Test Cases/Condicionales_If/Test_4: Test Cases/Condicionales_If/Test_4

2022-11-30 11:22:56 - [TEST_STEP][PASSED] - if (num <= 7): null

2022-11-30 11:22:56 - [TEST_STEP][PASSED] - println("El numero es menor ó igual que 5"): null

2022-11-30 11:22:56 - [TEST_STEP][PASSED] - if (num >= 8): null

2022-11-30 11:22:56 - [TEST_STEP][PASSED] - if (num != 5): null]]></system-out>
         <system-err><![CDATA[]]></system-err>
      </testcase>
      <testcase name="Test Cases/Condicionales_If/Test_edad" time="0.457" classname="Test Cases/Condicionales_If/Test_edad" status="PASSED">
         <system-out><![CDATA[2022-11-30 11:22:56 - [TEST_CASE][PASSED] - Test Cases/Condicionales_If/Test_edad: Test Cases/Condicionales_If/Test_edad

2022-11-30 11:22:57 - [TEST_STEP][PASSED] - if (edad >= 1 && edad <= 17): null

2022-11-30 11:22:57 - [TEST_STEP][PASSED] - else if (edad == 18): null

2022-11-30 11:22:57 - [TEST_STEP][PASSED] - else if (edad <= 0): null

2022-11-30 11:22:57 - [TEST_STEP][PASSED] - else if (edad == 120): null

2022-11-30 11:22:57 - [TEST_STEP][PASSED] - else: null

2022-11-30 11:22:57 - [TEST_STEP][PASSED] - print("No se cumple ninguna de las opciones"): null]]></system-out>
         <system-err><![CDATA[]]></system-err>
      </testcase>
      <testcase name="Test Cases/Condicionales_If/Test_valor" time="19.39" classname="Test Cases/Condicionales_If/Test_valor" status="PASSED">
         <system-out><![CDATA[2022-11-30 11:22:57 - [TEST_CASE][PASSED] - Test Cases/Condicionales_If/Test_valor: Test Cases/Condicionales_If/Test_valor

2022-11-30 11:22:58 - [TEST_STEP][PASSED] - openBrowser(""): Browser is opened with url: ''

2022-11-30 11:22:58 - [MESSAGE][INFO] - Starting 'Chrome' driver

2022-11-30 11:22:58 - [MESSAGE][INFO] - Action delay is set to 0 milliseconds

2022-11-30 11:22:59 - [MESSAGE][PASSED] - Browser is opened with url: ''

2022-11-30 11:22:59 - [TEST_STEP][PASSED] - navigateToUrl("https://demoqa.com/"): Navigate to 'https://demoqa.com/' successfully

2022-11-30 11:23:07 - [MESSAGE][PASSED] - Navigate to 'https://demoqa.com/' successfully

2022-11-30 11:23:07 - [TEST_STEP][PASSED] - maximizeWindow(): Current window maximized

2022-11-30 11:23:07 - [MESSAGE][PASSED] - Current window maximized

2022-11-30 11:23:07 - [TEST_STEP][PASSED] - waitForPageLoad(10): Wait for page load successfully

2022-11-30 11:23:07 - [MESSAGE][PASSED] - Wait for page load successfully

2022-11-30 11:23:07 - [TEST_STEP][PASSED] - Existe = waitForElementVisible(findTestObject("Condicionales/titulo1"), 5): Web element with id: 'Object Repository/Condicionales/titulo1' located by '//div[@class='main-header'][contains(.,'Radio Button')]' not found

2022-11-30 11:23:13 - [MESSAGE][INFO] - Unable to find the element located by 'By.xpath: //div[@class='main-header'][contains(.,'Radio Button')]'. Please recheck the objects properties to make sure the desired element is located. 

2022-11-30 11:23:13 - [MESSAGE][WARNING] - [SELF-HEALING] Failed to find element with id 'Object Repository/Condicionales/titulo1'. Try using Self-healing.

2022-11-30 11:23:14 - [MESSAGE][INFO] - [SELF-HEALING] No working XPath is found.

2022-11-30 11:23:16 - [MESSAGE][INFO] - Unable to find the element located by 'By.xpath: '. Please recheck the objects properties to make sure the desired element is located. 

2022-11-30 11:23:16 - [MESSAGE][WARNING] - [SELF-HEALING] Cannot find elements when the selector is null

2022-11-30 11:23:16 - [MESSAGE][WARNING] - Web element with id: 'Object Repository/Condicionales/titulo1' located by '//div[@class='main-header'][contains(.,'Radio Button')]' not found

2022-11-30 11:23:16 - [TEST_STEP][PASSED] - if (Existe == true): null

2022-11-30 11:23:16 - [TEST_STEP][PASSED] - else: Browser is closed

2022-11-30 11:23:16 - [TEST_STEP][PASSED] - print("No estas en la página correcta"): null

2022-11-30 11:23:16 - [TEST_STEP][PASSED] - closeBrowser(): Browser is closed

2022-11-30 11:23:16 - [MESSAGE][PASSED] - Browser is closed]]></system-out>
         <system-err><![CDATA[]]></system-err>
      </testcase>
      <testcase name="Test Cases/BUCLES/Reto_For" time="35.175" classname="Test Cases/BUCLES/Reto_For" status="PASSED">
         <system-out><![CDATA[2022-11-30 11:23:16 - [TEST_CASE][PASSED] - Test Cases/BUCLES/Reto_For: Test Cases/BUCLES/Reto_For

2022-11-30 11:23:17 - [TEST_STEP][PASSED] - openBrowser(""): Browser is opened with url: ''

2022-11-30 11:23:17 - [MESSAGE][INFO] - Starting 'Chrome' driver

2022-11-30 11:23:17 - [MESSAGE][INFO] - Action delay is set to 0 milliseconds

2022-11-30 11:23:18 - [MESSAGE][PASSED] - Browser is opened with url: ''

2022-11-30 11:23:18 - [TEST_STEP][PASSED] - navigateToUrl("https://demoqa.com/text-box"): Navigate to 'https://demoqa.com/text-box' successfully

2022-11-30 11:23:33 - [MESSAGE][PASSED] - Navigate to 'https://demoqa.com/text-box' successfully

2022-11-30 11:23:33 - [TEST_STEP][PASSED] - maximizeWindow(): Current window maximized

2022-11-30 11:23:33 - [MESSAGE][PASSED] - Current window maximized

2022-11-30 11:23:33 - [TEST_STEP][PASSED] - waitForPageLoad(5): Wait for page load successfully

2022-11-30 11:23:33 - [MESSAGE][PASSED] - Wait for page load successfully

2022-11-30 11:23:33 - [TEST_STEP][PASSED] - for ([x = 1, x <= 4, (x++)]): Browser is scrolled to position x = 0, y = 100

2022-11-30 11:23:33 - [TEST_STEP][PASSED] - z = ["Carlos", "Erika", "Paco", "Rodrigo", "Juan"]: null

2022-11-30 11:23:33 - [TEST_STEP][PASSED] - rn = new java.util.Random(): null

2022-11-30 11:23:33 - [TEST_STEP][PASSED] - tx_nombre = z[rn.nextInt(size)]: null

2022-11-30 11:23:33 - [TEST_STEP][PASSED] - setText(findTestObject("Object Repository/Reto_for/Page_ToolsQA/input_Full Name_userName"), tx_nombre): Text 'Paco' is set on object 'Object Repository/Reto_for/Page_ToolsQA/input_Full Name_userName'

2022-11-30 11:23:35 - [MESSAGE][PASSED] - Text 'Paco' is set on object 'Object Repository/Reto_for/Page_ToolsQA/input_Full Name_userName'

2022-11-30 11:23:35 - [TEST_STEP][PASSED] - setText(findTestObject("Object Repository/Reto_for/Page_ToolsQA/input_Email_userEmail"), tx_nombre + "@gmail.com"): Text 'Paco@gmail.com' is set on object 'Object Repository/Reto_for/Page_ToolsQA/input_Email_userEmail'

2022-11-30 11:23:36 - [MESSAGE][PASSED] - Text 'Paco@gmail.com' is set on object 'Object Repository/Reto_for/Page_ToolsQA/input_Email_userEmail'

2022-11-30 11:23:36 - [TEST_STEP][PASSED] - setText(findTestObject("Object Repository/Reto_for/Page_ToolsQA/textarea_Current Address_currentAddress"), "Dirección#" + x): Text 'Dirección#1' is set on object 'Object Repository/Reto_for/Page_ToolsQA/textarea_Current Address_currentAddress'

2022-11-30 11:23:36 - [MESSAGE][PASSED] - Text 'Dirección#1' is set on object 'Object Repository/Reto_for/Page_ToolsQA/textarea_Current Address_currentAddress'

2022-11-30 11:23:36 - [TEST_STEP][PASSED] - setText(findTestObject("Object Repository/Reto_for/Page_ToolsQA/textarea_Permanent Address_permanentAddress"), "Dirección dos#" + x): Text 'Dirección dos#1' is set on object 'Object Repository/Reto_for/Page_ToolsQA/textarea_Permanent Address_permanentAddress'

2022-11-30 11:23:38 - [MESSAGE][PASSED] - Text 'Dirección dos#1' is set on object 'Object Repository/Reto_for/Page_ToolsQA/textarea_Permanent Address_permanentAddress'

2022-11-30 11:23:38 - [TEST_STEP][PASSED] - scrollToPosition(0, 500): Browser is scrolled to position x = 0, y = 500

2022-11-30 11:23:38 - [MESSAGE][PASSED] - Browser is scrolled to position x = 0, y = 500

2022-11-30 11:23:38 - [TEST_STEP][PASSED] - click(findTestObject("Object Repository/Reto_for/Page_ToolsQA/button_Submit")): Object: 'Object Repository/Reto_for/Page_ToolsQA/button_Submit' is clicked on

2022-11-30 11:23:38 - [MESSAGE][PASSED] - Object: 'Object Repository/Reto_for/Page_ToolsQA/button_Submit' is clicked on

2022-11-30 11:23:38 - [TEST_STEP][PASSED] - scrollToPosition(0, 100): Browser is scrolled to position x = 0, y = 100

2022-11-30 11:23:38 - [MESSAGE][PASSED] - Browser is scrolled to position x = 0, y = 100

2022-11-30 11:23:38 - [TEST_STEP][PASSED] - z = ["Carlos", "Erika", "Paco", "Rodrigo", "Juan"]: null

2022-11-30 11:23:38 - [TEST_STEP][PASSED] - rn = new java.util.Random(): null

2022-11-30 11:23:38 - [TEST_STEP][PASSED] - tx_nombre = z[rn.nextInt(size)]: null

2022-11-30 11:23:38 - [TEST_STEP][PASSED] - setText(findTestObject("Object Repository/Reto_for/Page_ToolsQA/input_Full Name_userName"), tx_nombre): Text 'Erika' is set on object 'Object Repository/Reto_for/Page_ToolsQA/input_Full Name_userName'

2022-11-30 11:23:39 - [MESSAGE][PASSED] - Text 'Erika' is set on object 'Object Repository/Reto_for/Page_ToolsQA/input_Full Name_userName'

2022-11-30 11:23:39 - [TEST_STEP][PASSED] - setText(findTestObject("Object Repository/Reto_for/Page_ToolsQA/input_Email_userEmail"), tx_nombre + "@gmail.com"): Text 'Erika@gmail.com' is set on object 'Object Repository/Reto_for/Page_ToolsQA/input_Email_userEmail'

2022-11-30 11:23:40 - [MESSAGE][PASSED] - Text 'Erika@gmail.com' is set on object 'Object Repository/Reto_for/Page_ToolsQA/input_Email_userEmail'

2022-11-30 11:23:40 - [TEST_STEP][PASSED] - setText(findTestObject("Object Repository/Reto_for/Page_ToolsQA/textarea_Current Address_currentAddress"), "Dirección#" + x): Text 'Dirección#2' is set on object 'Object Repository/Reto_for/Page_ToolsQA/textarea_Current Address_currentAddress'

2022-11-30 11:23:41 - [MESSAGE][PASSED] - Text 'Dirección#2' is set on object 'Object Repository/Reto_for/Page_ToolsQA/textarea_Current Address_currentAddress'

2022-11-30 11:23:41 - [TEST_STEP][PASSED] - setText(findTestObject("Object Repository/Reto_for/Page_ToolsQA/textarea_Permanent Address_permanentAddress"), "Dirección dos#" + x): Text 'Dirección dos#2' is set on object 'Object Repository/Reto_for/Page_ToolsQA/textarea_Permanent Address_permanentAddress'

2022-11-30 11:23:42 - [MESSAGE][PASSED] - Text 'Dirección dos#2' is set on object 'Object Repository/Reto_for/Page_ToolsQA/textarea_Permanent Address_permanentAddress'

2022-11-30 11:23:42 - [TEST_STEP][PASSED] - scrollToPosition(0, 500): Browser is scrolled to position x = 0, y = 500

2022-11-30 11:23:42 - [MESSAGE][PASSED] - Browser is scrolled to position x = 0, y = 500

2022-11-30 11:23:42 - [TEST_STEP][PASSED] - click(findTestObject("Object Repository/Reto_for/Page_ToolsQA/button_Submit")): Object: 'Object Repository/Reto_for/Page_ToolsQA/button_Submit' is clicked on

2022-11-30 11:23:42 - [MESSAGE][PASSED] - Object: 'Object Repository/Reto_for/Page_ToolsQA/button_Submit' is clicked on

2022-11-30 11:23:42 - [TEST_STEP][PASSED] - scrollToPosition(0, 100): Browser is scrolled to position x = 0, y = 100

2022-11-30 11:23:42 - [MESSAGE][PASSED] - Browser is scrolled to position x = 0, y = 100

2022-11-30 11:23:42 - [TEST_STEP][PASSED] - z = ["Carlos", "Erika", "Paco", "Rodrigo", "Juan"]: null

2022-11-30 11:23:42 - [TEST_STEP][PASSED] - rn = new java.util.Random(): null

2022-11-30 11:23:42 - [TEST_STEP][PASSED] - tx_nombre = z[rn.nextInt(size)]: null

2022-11-30 11:23:42 - [TEST_STEP][PASSED] - setText(findTestObject("Object Repository/Reto_for/Page_ToolsQA/input_Full Name_userName"), tx_nombre): Text 'Juan' is set on object 'Object Repository/Reto_for/Page_ToolsQA/input_Full Name_userName'

2022-11-30 11:23:43 - [MESSAGE][PASSED] - Text 'Juan' is set on object 'Object Repository/Reto_for/Page_ToolsQA/input_Full Name_userName'

2022-11-30 11:23:43 - [TEST_STEP][PASSED] - setText(findTestObject("Object Repository/Reto_for/Page_ToolsQA/input_Email_userEmail"), tx_nombre + "@gmail.com"): Text 'Juan@gmail.com' is set on object 'Object Repository/Reto_for/Page_ToolsQA/input_Email_userEmail'

2022-11-30 11:23:44 - [MESSAGE][PASSED] - Text 'Juan@gmail.com' is set on object 'Object Repository/Reto_for/Page_ToolsQA/input_Email_userEmail'

2022-11-30 11:23:44 - [TEST_STEP][PASSED] - setText(findTestObject("Object Repository/Reto_for/Page_ToolsQA/textarea_Current Address_currentAddress"), "Dirección#" + x): Text 'Dirección#3' is set on object 'Object Repository/Reto_for/Page_ToolsQA/textarea_Current Address_currentAddress'

2022-11-30 11:23:45 - [MESSAGE][PASSED] - Text 'Dirección#3' is set on object 'Object Repository/Reto_for/Page_ToolsQA/textarea_Current Address_currentAddress'

2022-11-30 11:23:45 - [TEST_STEP][PASSED] - setText(findTestObject("Object Repository/Reto_for/Page_ToolsQA/textarea_Permanent Address_permanentAddress"), "Dirección dos#" + x): Text 'Dirección dos#3' is set on object 'Object Repository/Reto_for/Page_ToolsQA/textarea_Permanent Address_permanentAddress'

2022-11-30 11:23:46 - [MESSAGE][PASSED] - Text 'Dirección dos#3' is set on object 'Object Repository/Reto_for/Page_ToolsQA/textarea_Permanent Address_permanentAddress'

2022-11-30 11:23:46 - [TEST_STEP][PASSED] - scrollToPosition(0, 500): Browser is scrolled to position x = 0, y = 500

2022-11-30 11:23:46 - [MESSAGE][PASSED] - Browser is scrolled to position x = 0, y = 500

2022-11-30 11:23:46 - [TEST_STEP][PASSED] - click(findTestObject("Object Repository/Reto_for/Page_ToolsQA/button_Submit")): Object: 'Object Repository/Reto_for/Page_ToolsQA/button_Submit' is clicked on

2022-11-30 11:23:46 - [MESSAGE][PASSED] - Object: 'Object Repository/Reto_for/Page_ToolsQA/button_Submit' is clicked on

2022-11-30 11:23:46 - [TEST_STEP][PASSED] - scrollToPosition(0, 100): Browser is scrolled to position x = 0, y = 100

2022-11-30 11:23:46 - [MESSAGE][PASSED] - Browser is scrolled to position x = 0, y = 100

2022-11-30 11:23:46 - [TEST_STEP][PASSED] - z = ["Carlos", "Erika", "Paco", "Rodrigo", "Juan"]: null

2022-11-30 11:23:46 - [TEST_STEP][PASSED] - rn = new java.util.Random(): null

2022-11-30 11:23:46 - [TEST_STEP][PASSED] - tx_nombre = z[rn.nextInt(size)]: null

2022-11-30 11:23:46 - [TEST_STEP][PASSED] - setText(findTestObject("Object Repository/Reto_for/Page_ToolsQA/input_Full Name_userName"), tx_nombre): Text 'Carlos' is set on object 'Object Repository/Reto_for/Page_ToolsQA/input_Full Name_userName'

2022-11-30 11:23:47 - [MESSAGE][PASSED] - Text 'Carlos' is set on object 'Object Repository/Reto_for/Page_ToolsQA/input_Full Name_userName'

2022-11-30 11:23:47 - [TEST_STEP][PASSED] - setText(findTestObject("Object Repository/Reto_for/Page_ToolsQA/input_Email_userEmail"), tx_nombre + "@gmail.com"): Text 'Carlos@gmail.com' is set on object 'Object Repository/Reto_for/Page_ToolsQA/input_Email_userEmail'

2022-11-30 11:23:48 - [MESSAGE][PASSED] - Text 'Carlos@gmail.com' is set on object 'Object Repository/Reto_for/Page_ToolsQA/input_Email_userEmail'

2022-11-30 11:23:48 - [TEST_STEP][PASSED] - setText(findTestObject("Object Repository/Reto_for/Page_ToolsQA/textarea_Current Address_currentAddress"), "Dirección#" + x): Text 'Dirección#4' is set on object 'Object Repository/Reto_for/Page_ToolsQA/textarea_Current Address_currentAddress'

2022-11-30 11:23:49 - [MESSAGE][PASSED] - Text 'Dirección#4' is set on object 'Object Repository/Reto_for/Page_ToolsQA/textarea_Current Address_currentAddress'

2022-11-30 11:23:49 - [TEST_STEP][PASSED] - setText(findTestObject("Object Repository/Reto_for/Page_ToolsQA/textarea_Permanent Address_permanentAddress"), "Dirección dos#" + x): Text 'Dirección dos#4' is set on object 'Object Repository/Reto_for/Page_ToolsQA/textarea_Permanent Address_permanentAddress'

2022-11-30 11:23:50 - [MESSAGE][PASSED] - Text 'Dirección dos#4' is set on object 'Object Repository/Reto_for/Page_ToolsQA/textarea_Permanent Address_permanentAddress'

2022-11-30 11:23:50 - [TEST_STEP][PASSED] - scrollToPosition(0, 500): Browser is scrolled to position x = 0, y = 500

2022-11-30 11:23:50 - [MESSAGE][PASSED] - Browser is scrolled to position x = 0, y = 500

2022-11-30 11:23:50 - [TEST_STEP][PASSED] - click(findTestObject("Object Repository/Reto_for/Page_ToolsQA/button_Submit")): Object: 'Object Repository/Reto_for/Page_ToolsQA/button_Submit' is clicked on

2022-11-30 11:23:51 - [MESSAGE][PASSED] - Object: 'Object Repository/Reto_for/Page_ToolsQA/button_Submit' is clicked on

2022-11-30 11:23:51 - [TEST_STEP][PASSED] - scrollToPosition(0, 100): Browser is scrolled to position x = 0, y = 100

2022-11-30 11:23:51 - [MESSAGE][PASSED] - Browser is scrolled to position x = 0, y = 100

2022-11-30 11:23:51 - [TEST_STEP][PASSED] - closeBrowser(): Browser is closed

2022-11-30 11:23:52 - [MESSAGE][PASSED] - Browser is closed]]></system-out>
         <system-err><![CDATA[]]></system-err>
      </testcase>
      <testcase name="Test Cases/BUCLES/Reto_while" time="41.068" classname="Test Cases/BUCLES/Reto_while" status="PASSED">
         <system-out><![CDATA[2022-11-30 11:23:52 - [TEST_CASE][PASSED] - Test Cases/BUCLES/Reto_while: Test Cases/BUCLES/Reto_while

2022-11-30 11:23:52 - [TEST_STEP][PASSED] - openBrowser(""): Browser is opened with url: ''

2022-11-30 11:23:52 - [MESSAGE][INFO] - Starting 'Chrome' driver

2022-11-30 11:23:52 - [MESSAGE][INFO] - Action delay is set to 0 milliseconds

2022-11-30 11:23:54 - [MESSAGE][PASSED] - Browser is opened with url: ''

2022-11-30 11:23:54 - [TEST_STEP][PASSED] - navigateToUrl("https://www.google.com/"): Navigate to 'https://www.google.com/' successfully

2022-11-30 11:23:55 - [MESSAGE][PASSED] - Navigate to 'https://www.google.com/' successfully

2022-11-30 11:23:55 - [TEST_STEP][PASSED] - Bandera = 0: null

2022-11-30 11:23:55 - [TEST_STEP][PASSED] - while (Bandera != 1): null

2022-11-30 11:23:55 - [TEST_STEP][PASSED] - num = Math.random() * 5 - 1 + 1: null

2022-11-30 11:23:55 - [TEST_STEP][PASSED] - setText(findTestObject("Object Repository/While_google/Page_Google/input__q"), "5+" + num): Text '5+4' is set on object 'Object Repository/While_google/Page_Google/input__q'

2022-11-30 11:23:56 - [MESSAGE][PASSED] - Text '5+4' is set on object 'Object Repository/While_google/Page_Google/input__q'

2022-11-30 11:23:56 - [TEST_STEP][PASSED] - sendKeys(findTestObject("Object Repository/While_google/Page_Google/input__q"), Keys.chord(ENTER)): Keys 'ENTER + ' sent to object: 'Object Repository/While_google/Page_Google/input__q'

2022-11-30 11:24:01 - [MESSAGE][PASSED] - Keys 'ENTER + ' sent to object: 'Object Repository/While_google/Page_Google/input__q'

2022-11-30 11:24:01 - [TEST_STEP][PASSED] - Resultado = getText(findTestObject("While_google/Extras/Resultado_10")): Text of object 'Object Repository/While_google/Extras/Resultado_10' is: '9'

2022-11-30 11:24:02 - [MESSAGE][PASSED] - Text of object 'Object Repository/While_google/Extras/Resultado_10' is: '9'

2022-11-30 11:24:02 - [TEST_STEP][PASSED] - if (Resultado == "8"): null

2022-11-30 11:24:02 - [TEST_STEP][PASSED] - else: null

2022-11-30 11:24:02 - [TEST_STEP][PASSED] - Bandera = 0: null

2022-11-30 11:24:02 - [TEST_STEP][PASSED] - print(Bandera + "------"): null

2022-11-30 11:24:02 - [TEST_STEP][PASSED] - num = Math.random() * 5 - 1 + 1: null

2022-11-30 11:24:02 - [TEST_STEP][PASSED] - setText(findTestObject("Object Repository/While_google/Page_Google/input__q"), "5+" + num): Text '5+2' is set on object 'Object Repository/While_google/Page_Google/input__q'

2022-11-30 11:24:03 - [MESSAGE][PASSED] - Text '5+2' is set on object 'Object Repository/While_google/Page_Google/input__q'

2022-11-30 11:24:03 - [TEST_STEP][PASSED] - sendKeys(findTestObject("Object Repository/While_google/Page_Google/input__q"), Keys.chord(ENTER)): Keys 'ENTER + ' sent to object: 'Object Repository/While_google/Page_Google/input__q'

2022-11-30 11:24:08 - [MESSAGE][PASSED] - Keys 'ENTER + ' sent to object: 'Object Repository/While_google/Page_Google/input__q'

2022-11-30 11:24:08 - [TEST_STEP][PASSED] - Resultado = getText(findTestObject("While_google/Extras/Resultado_10")): Text of object 'Object Repository/While_google/Extras/Resultado_10' is: '7'

2022-11-30 11:24:09 - [MESSAGE][PASSED] - Text of object 'Object Repository/While_google/Extras/Resultado_10' is: '7'

2022-11-30 11:24:09 - [TEST_STEP][PASSED] - if (Resultado == "8"): null

2022-11-30 11:24:09 - [TEST_STEP][PASSED] - else: null

2022-11-30 11:24:09 - [TEST_STEP][PASSED] - Bandera = 0: null

2022-11-30 11:24:09 - [TEST_STEP][PASSED] - print(Bandera + "------"): null

2022-11-30 11:24:09 - [TEST_STEP][PASSED] - num = Math.random() * 5 - 1 + 1: null

2022-11-30 11:24:09 - [TEST_STEP][PASSED] - setText(findTestObject("Object Repository/While_google/Page_Google/input__q"), "5+" + num): Text '5+1' is set on object 'Object Repository/While_google/Page_Google/input__q'

2022-11-30 11:24:10 - [MESSAGE][PASSED] - Text '5+1' is set on object 'Object Repository/While_google/Page_Google/input__q'

2022-11-30 11:24:10 - [TEST_STEP][PASSED] - sendKeys(findTestObject("Object Repository/While_google/Page_Google/input__q"), Keys.chord(ENTER)): Keys 'ENTER + ' sent to object: 'Object Repository/While_google/Page_Google/input__q'

2022-11-30 11:24:14 - [MESSAGE][PASSED] - Keys 'ENTER + ' sent to object: 'Object Repository/While_google/Page_Google/input__q'

2022-11-30 11:24:14 - [TEST_STEP][PASSED] - Resultado = getText(findTestObject("While_google/Extras/Resultado_10")): Text of object 'Object Repository/While_google/Extras/Resultado_10' is: '6'

2022-11-30 11:24:15 - [MESSAGE][PASSED] - Text of object 'Object Repository/While_google/Extras/Resultado_10' is: '6'

2022-11-30 11:24:15 - [TEST_STEP][PASSED] - if (Resultado == "8"): null

2022-11-30 11:24:15 - [TEST_STEP][PASSED] - else: null

2022-11-30 11:24:15 - [TEST_STEP][PASSED] - Bandera = 0: null

2022-11-30 11:24:15 - [TEST_STEP][PASSED] - print(Bandera + "------"): null

2022-11-30 11:24:15 - [TEST_STEP][PASSED] - num = Math.random() * 5 - 1 + 1: null

2022-11-30 11:24:15 - [TEST_STEP][PASSED] - setText(findTestObject("Object Repository/While_google/Page_Google/input__q"), "5+" + num): Text '5+2' is set on object 'Object Repository/While_google/Page_Google/input__q'

2022-11-30 11:24:16 - [MESSAGE][PASSED] - Text '5+2' is set on object 'Object Repository/While_google/Page_Google/input__q'

2022-11-30 11:24:16 - [TEST_STEP][PASSED] - sendKeys(findTestObject("Object Repository/While_google/Page_Google/input__q"), Keys.chord(ENTER)): Keys 'ENTER + ' sent to object: 'Object Repository/While_google/Page_Google/input__q'

2022-11-30 11:24:19 - [MESSAGE][PASSED] - Keys 'ENTER + ' sent to object: 'Object Repository/While_google/Page_Google/input__q'

2022-11-30 11:24:19 - [TEST_STEP][PASSED] - Resultado = getText(findTestObject("While_google/Extras/Resultado_10")): Text of object 'Object Repository/While_google/Extras/Resultado_10' is: '7'

2022-11-30 11:24:19 - [MESSAGE][PASSED] - Text of object 'Object Repository/While_google/Extras/Resultado_10' is: '7'

2022-11-30 11:24:19 - [TEST_STEP][PASSED] - if (Resultado == "8"): null

2022-11-30 11:24:19 - [TEST_STEP][PASSED] - else: null

2022-11-30 11:24:19 - [TEST_STEP][PASSED] - Bandera = 0: null

2022-11-30 11:24:19 - [TEST_STEP][PASSED] - print(Bandera + "------"): null

2022-11-30 11:24:19 - [TEST_STEP][PASSED] - num = Math.random() * 5 - 1 + 1: null

2022-11-30 11:24:19 - [TEST_STEP][PASSED] - setText(findTestObject("Object Repository/While_google/Page_Google/input__q"), "5+" + num): Text '5+4' is set on object 'Object Repository/While_google/Page_Google/input__q'

2022-11-30 11:24:20 - [MESSAGE][PASSED] - Text '5+4' is set on object 'Object Repository/While_google/Page_Google/input__q'

2022-11-30 11:24:20 - [TEST_STEP][PASSED] - sendKeys(findTestObject("Object Repository/While_google/Page_Google/input__q"), Keys.chord(ENTER)): Keys 'ENTER + ' sent to object: 'Object Repository/While_google/Page_Google/input__q'

2022-11-30 11:24:22 - [MESSAGE][PASSED] - Keys 'ENTER + ' sent to object: 'Object Repository/While_google/Page_Google/input__q'

2022-11-30 11:24:22 - [TEST_STEP][PASSED] - Resultado = getText(findTestObject("While_google/Extras/Resultado_10")): Text of object 'Object Repository/While_google/Extras/Resultado_10' is: '9'

2022-11-30 11:24:24 - [MESSAGE][PASSED] - Text of object 'Object Repository/While_google/Extras/Resultado_10' is: '9'

2022-11-30 11:24:24 - [TEST_STEP][PASSED] - if (Resultado == "8"): null

2022-11-30 11:24:24 - [TEST_STEP][PASSED] - else: null

2022-11-30 11:24:24 - [TEST_STEP][PASSED] - Bandera = 0: null

2022-11-30 11:24:24 - [TEST_STEP][PASSED] - print(Bandera + "------"): null

2022-11-30 11:24:24 - [TEST_STEP][PASSED] - num = Math.random() * 5 - 1 + 1: null

2022-11-30 11:24:24 - [TEST_STEP][PASSED] - setText(findTestObject("Object Repository/While_google/Page_Google/input__q"), "5+" + num): Text '5+1' is set on object 'Object Repository/While_google/Page_Google/input__q'

2022-11-30 11:24:25 - [MESSAGE][PASSED] - Text '5+1' is set on object 'Object Repository/While_google/Page_Google/input__q'

2022-11-30 11:24:25 - [TEST_STEP][PASSED] - sendKeys(findTestObject("Object Repository/While_google/Page_Google/input__q"), Keys.chord(ENTER)): Keys 'ENTER + ' sent to object: 'Object Repository/While_google/Page_Google/input__q'

2022-11-30 11:24:26 - [MESSAGE][PASSED] - Keys 'ENTER + ' sent to object: 'Object Repository/While_google/Page_Google/input__q'

2022-11-30 11:24:26 - [TEST_STEP][PASSED] - Resultado = getText(findTestObject("While_google/Extras/Resultado_10")): Text of object 'Object Repository/While_google/Extras/Resultado_10' is: '6'

2022-11-30 11:24:28 - [MESSAGE][PASSED] - Text of object 'Object Repository/While_google/Extras/Resultado_10' is: '6'

2022-11-30 11:24:28 - [TEST_STEP][PASSED] - if (Resultado == "8"): null

2022-11-30 11:24:28 - [TEST_STEP][PASSED] - else: null

2022-11-30 11:24:28 - [TEST_STEP][PASSED] - Bandera = 0: null

2022-11-30 11:24:28 - [TEST_STEP][PASSED] - print(Bandera + "------"): null

2022-11-30 11:24:28 - [TEST_STEP][PASSED] - num = Math.random() * 5 - 1 + 1: null

2022-11-30 11:24:28 - [TEST_STEP][PASSED] - setText(findTestObject("Object Repository/While_google/Page_Google/input__q"), "5+" + num): Text '5+3' is set on object 'Object Repository/While_google/Page_Google/input__q'

2022-11-30 11:24:29 - [MESSAGE][PASSED] - Text '5+3' is set on object 'Object Repository/While_google/Page_Google/input__q'

2022-11-30 11:24:29 - [TEST_STEP][PASSED] - sendKeys(findTestObject("Object Repository/While_google/Page_Google/input__q"), Keys.chord(ENTER)): Keys 'ENTER + ' sent to object: 'Object Repository/While_google/Page_Google/input__q'

2022-11-30 11:24:31 - [MESSAGE][PASSED] - Keys 'ENTER + ' sent to object: 'Object Repository/While_google/Page_Google/input__q'

2022-11-30 11:24:31 - [TEST_STEP][PASSED] - Resultado = getText(findTestObject("While_google/Extras/Resultado_10")): Text of object 'Object Repository/While_google/Extras/Resultado_10' is: '8'

2022-11-30 11:24:32 - [MESSAGE][PASSED] - Text of object 'Object Repository/While_google/Extras/Resultado_10' is: '8'

2022-11-30 11:24:32 - [TEST_STEP][PASSED] - if (Resultado == "8"): Browser is closed

2022-11-30 11:24:32 - [TEST_STEP][PASSED] - Bandera = 1: null

2022-11-30 11:24:32 - [TEST_STEP][PASSED] - print("Listo termina"): null

2022-11-30 11:24:32 - [TEST_STEP][PASSED] - closeBrowser(): Browser is closed

2022-11-30 11:24:33 - [MESSAGE][PASSED] - Browser is closed

2022-11-30 11:24:33 - [TEST_STEP][PASSED] - print(Bandera + "------"): null]]></system-out>
         <system-err><![CDATA[]]></system-err>
      </testcase>
      <testcase name="Test Cases/BUCLES/Reto_while_solucion" time="19.109" classname="Test Cases/BUCLES/Reto_while_solucion" status="PASSED">
         <system-out><![CDATA[2022-11-30 11:24:33 - [TEST_CASE][PASSED] - Test Cases/BUCLES/Reto_while_solucion: Test Cases/BUCLES/Reto_while_solucion

2022-11-30 11:24:33 - [TEST_STEP][PASSED] - openBrowser(""): Browser is opened with url: ''

2022-11-30 11:24:33 - [MESSAGE][INFO] - Starting 'Chrome' driver

2022-11-30 11:24:33 - [MESSAGE][INFO] - Action delay is set to 0 milliseconds

2022-11-30 11:24:35 - [MESSAGE][PASSED] - Browser is opened with url: ''

2022-11-30 11:24:35 - [TEST_STEP][PASSED] - navigateToUrl("https://www.google.com/"): Navigate to 'https://www.google.com/' successfully

2022-11-30 11:24:37 - [MESSAGE][PASSED] - Navigate to 'https://www.google.com/' successfully

2022-11-30 11:24:37 - [TEST_STEP][PASSED] - Res = 0: null

2022-11-30 11:24:37 - [TEST_STEP][PASSED] - while (Res != 8): Browser is closed

2022-11-30 11:24:37 - [TEST_STEP][PASSED] - num = Math.random() * 5 - 1 + 1: null

2022-11-30 11:24:37 - [TEST_STEP][PASSED] - setText(findTestObject("Object Repository/Reto_while1/Page_Google/input__q"), "5+" + num): Text '5+4' is set on object 'Object Repository/Reto_while1/Page_Google/input__q'

2022-11-30 11:24:38 - [MESSAGE][PASSED] - Text '5+4' is set on object 'Object Repository/Reto_while1/Page_Google/input__q'

2022-11-30 11:24:38 - [TEST_STEP][PASSED] - sendKeys(findTestObject("Object Repository/Reto_while1/Page_Google/input__q"), Keys.chord(ENTER)): Keys 'ENTER + ' sent to object: 'Object Repository/Reto_while1/Page_Google/input__q'

2022-11-30 11:24:43 - [MESSAGE][PASSED] - Keys 'ENTER + ' sent to object: 'Object Repository/Reto_while1/Page_Google/input__q'

2022-11-30 11:24:43 - [TEST_STEP][PASSED] - Res = getText(findTestObject("Reto_while1/Resultado_8")).toInteger(): Text of object 'Object Repository/Reto_while1/Resultado_8' is: '9'

2022-11-30 11:24:43 - [MESSAGE][PASSED] - Text of object 'Object Repository/Reto_while1/Resultado_8' is: '9'

2022-11-30 11:24:43 - [TEST_STEP][PASSED] - if (Res == 8): null

2022-11-30 11:24:43 - [TEST_STEP][PASSED] - num = Math.random() * 5 - 1 + 1: null

2022-11-30 11:24:43 - [TEST_STEP][PASSED] - setText(findTestObject("Object Repository/Reto_while1/Page_Google/input__q"), "5+" + num): Text '5+3' is set on object 'Object Repository/Reto_while1/Page_Google/input__q'

2022-11-30 11:24:44 - [MESSAGE][PASSED] - Text '5+3' is set on object 'Object Repository/Reto_while1/Page_Google/input__q'

2022-11-30 11:24:44 - [TEST_STEP][PASSED] - sendKeys(findTestObject("Object Repository/Reto_while1/Page_Google/input__q"), Keys.chord(ENTER)): Keys 'ENTER + ' sent to object: 'Object Repository/Reto_while1/Page_Google/input__q'

2022-11-30 11:24:50 - [MESSAGE][PASSED] - Keys 'ENTER + ' sent to object: 'Object Repository/Reto_while1/Page_Google/input__q'

2022-11-30 11:24:50 - [TEST_STEP][PASSED] - Res = getText(findTestObject("Reto_while1/Resultado_8")).toInteger(): Text of object 'Object Repository/Reto_while1/Resultado_8' is: '8'

2022-11-30 11:24:51 - [MESSAGE][PASSED] - Text of object 'Object Repository/Reto_while1/Resultado_8' is: '8'

2022-11-30 11:24:51 - [TEST_STEP][PASSED] - if (Res == 8): Browser is closed

2022-11-30 11:24:51 - [TEST_STEP][PASSED] - closeBrowser(): Browser is closed

2022-11-30 11:24:52 - [MESSAGE][PASSED] - Browser is closed]]></system-out>
         <system-err><![CDATA[]]></system-err>
      </testcase>
      <testcase name="Test Cases/BUCLES/Test_1" time="35.851" classname="Test Cases/BUCLES/Test_1" status="PASSED">
         <system-out><![CDATA[2022-11-30 11:24:52 - [TEST_CASE][PASSED] - Test Cases/BUCLES/Test_1: Test Cases/BUCLES/Test_1

2022-11-30 11:24:52 - [TEST_STEP][PASSED] - openBrowser(""): Browser is opened with url: ''

2022-11-30 11:24:52 - [MESSAGE][INFO] - Starting 'Chrome' driver

2022-11-30 11:24:52 - [MESSAGE][INFO] - Action delay is set to 0 milliseconds

2022-11-30 11:24:54 - [MESSAGE][PASSED] - Browser is opened with url: ''

2022-11-30 11:24:54 - [TEST_STEP][PASSED] - navigateToUrl("https://demoqa.com/text-box"): Navigate to 'https://demoqa.com/text-box' successfully

2022-11-30 11:25:04 - [MESSAGE][PASSED] - Navigate to 'https://demoqa.com/text-box' successfully

2022-11-30 11:25:04 - [TEST_STEP][PASSED] - for ([x = 1, x <= 2, (x++)]): null

2022-11-30 11:25:04 - [TEST_STEP][PASSED] - openBrowser(""): Browser is opened with url: ''

2022-11-30 11:25:04 - [MESSAGE][WARNING] - A browser is already opened. Closing browser and opening a new one

2022-11-30 11:25:04 - [MESSAGE][INFO] - Starting 'Chrome' driver

2022-11-30 11:25:04 - [MESSAGE][INFO] - Action delay is set to 0 milliseconds

2022-11-30 11:25:06 - [MESSAGE][PASSED] - Browser is opened with url: ''

2022-11-30 11:25:06 - [TEST_STEP][PASSED] - navigateToUrl("https://demoqa.com/text-box"): Navigate to 'https://demoqa.com/text-box' successfully

2022-11-30 11:25:15 - [MESSAGE][PASSED] - Navigate to 'https://demoqa.com/text-box' successfully

2022-11-30 11:25:15 - [TEST_STEP][PASSED] - RN = Math.random() * 10 - 1 + 1: null

2022-11-30 11:25:15 - [TEST_STEP][PASSED] - print("Numero : " + RN + "----"): null

2022-11-30 11:25:15 - [TEST_STEP][PASSED] - z = ["Demo1", "Demo2", "Demo3", "Demo4", "Demo5"]: null

2022-11-30 11:25:15 - [TEST_STEP][PASSED] - rnd = new java.util.Random(): null

2022-11-30 11:25:15 - [TEST_STEP][PASSED] - texto = z[rnd.nextInt(size)]: null

2022-11-30 11:25:15 - [TEST_STEP][PASSED] - print(texto): null

2022-11-30 11:25:15 - [TEST_STEP][PASSED] - openBrowser(""): Browser is opened with url: ''

2022-11-30 11:25:15 - [MESSAGE][WARNING] - A browser is already opened. Closing browser and opening a new one

2022-11-30 11:25:16 - [MESSAGE][INFO] - Starting 'Chrome' driver

2022-11-30 11:25:16 - [MESSAGE][INFO] - Action delay is set to 0 milliseconds

2022-11-30 11:25:17 - [MESSAGE][PASSED] - Browser is opened with url: ''

2022-11-30 11:25:17 - [TEST_STEP][PASSED] - navigateToUrl("https://demoqa.com/text-box"): Navigate to 'https://demoqa.com/text-box' successfully

2022-11-30 11:25:27 - [MESSAGE][PASSED] - Navigate to 'https://demoqa.com/text-box' successfully

2022-11-30 11:25:27 - [TEST_STEP][PASSED] - RN = Math.random() * 10 - 1 + 1: null

2022-11-30 11:25:27 - [TEST_STEP][PASSED] - print("Numero : " + RN + "----"): null

2022-11-30 11:25:27 - [TEST_STEP][PASSED] - z = ["Demo1", "Demo2", "Demo3", "Demo4", "Demo5"]: null

2022-11-30 11:25:27 - [TEST_STEP][PASSED] - rnd = new java.util.Random(): null

2022-11-30 11:25:27 - [TEST_STEP][PASSED] - texto = z[rnd.nextInt(size)]: null

2022-11-30 11:25:27 - [TEST_STEP][PASSED] - print(texto): null

2022-11-30 11:25:27 - [TEST_STEP][PASSED] - closeBrowser(): Browser is closed

2022-11-30 11:25:28 - [MESSAGE][PASSED] - Browser is closed]]></system-out>
         <system-err><![CDATA[]]></system-err>
      </testcase>
      <testcase name="Test Cases/BUCLES/Test_2" time="14.218" classname="Test Cases/BUCLES/Test_2" status="PASSED">
         <system-out><![CDATA[2022-11-30 11:25:28 - [TEST_CASE][PASSED] - Test Cases/BUCLES/Test_2: Test Cases/BUCLES/Test_2

2022-11-30 11:25:28 - [TEST_STEP][PASSED] - openBrowser(""): Browser is opened with url: ''

2022-11-30 11:25:28 - [MESSAGE][INFO] - Starting 'Chrome' driver

2022-11-30 11:25:28 - [MESSAGE][INFO] - Action delay is set to 0 milliseconds

2022-11-30 11:25:30 - [MESSAGE][PASSED] - Browser is opened with url: ''

2022-11-30 11:25:30 - [TEST_STEP][PASSED] - navigateToUrl("https://demoqa.com/text-box"): Navigate to 'https://demoqa.com/text-box' successfully

2022-11-30 11:25:41 - [MESSAGE][PASSED] - Navigate to 'https://demoqa.com/text-box' successfully

2022-11-30 11:25:41 - [TEST_STEP][PASSED] - for ([x = 1, x <= 10, x = x + 2]): null

2022-11-30 11:25:41 - [TEST_STEP][PASSED] - print(" hola mundo " + x + "-------"): null

2022-11-30 11:25:41 - [TEST_STEP][PASSED] - print(" hola mundo " + x + "-------"): null

2022-11-30 11:25:41 - [TEST_STEP][PASSED] - print(" hola mundo " + x + "-------"): null

2022-11-30 11:25:41 - [TEST_STEP][PASSED] - print(" hola mundo " + x + "-------"): null

2022-11-30 11:25:41 - [TEST_STEP][PASSED] - print(" hola mundo " + x + "-------"): null

2022-11-30 11:25:41 - [TEST_STEP][PASSED] - closeBrowser(): Browser is closed

2022-11-30 11:25:42 - [MESSAGE][PASSED] - Browser is closed]]></system-out>
         <system-err><![CDATA[]]></system-err>
      </testcase>
      <testcase name="Test Cases/BUCLES/Test_while" time="38.925" classname="Test Cases/BUCLES/Test_while" status="PASSED">
         <system-out><![CDATA[2022-11-30 11:25:42 - [TEST_CASE][PASSED] - Test Cases/BUCLES/Test_while: Test Cases/BUCLES/Test_while

2022-11-30 11:25:42 - [TEST_STEP][PASSED] - openBrowser(""): Browser is opened with url: ''

2022-11-30 11:25:42 - [MESSAGE][INFO] - Starting 'Chrome' driver

2022-11-30 11:25:42 - [MESSAGE][INFO] - Action delay is set to 0 milliseconds

2022-11-30 11:25:44 - [MESSAGE][PASSED] - Browser is opened with url: ''

2022-11-30 11:25:44 - [TEST_STEP][PASSED] - navigateToUrl("https://demoqa.com/text-box"): Navigate to 'https://demoqa.com/text-box' successfully

2022-11-30 11:26:20 - [MESSAGE][PASSED] - Navigate to 'https://demoqa.com/text-box' successfully

2022-11-30 11:26:20 - [TEST_STEP][PASSED] - maximizeWindow(): Current window maximized

2022-11-30 11:26:20 - [MESSAGE][PASSED] - Current window maximized

2022-11-30 11:26:20 - [TEST_STEP][PASSED] - waitForPageLoad(5): Wait for page load successfully

2022-11-30 11:26:20 - [MESSAGE][PASSED] - Wait for page load successfully

2022-11-30 11:26:20 - [TEST_STEP][PASSED] - x = 1: null

2022-11-30 11:26:20 - [TEST_STEP][PASSED] - while (x <= 3): null

2022-11-30 11:26:20 - [TEST_STEP][PASSED] - print("Hola " + x + "----------"): null

2022-11-30 11:26:20 - [TEST_STEP][PASSED] - (x++): null

2022-11-30 11:26:20 - [TEST_STEP][PASSED] - print("Hola " + x + "----------"): null

2022-11-30 11:26:20 - [TEST_STEP][PASSED] - (x++): null

2022-11-30 11:26:20 - [TEST_STEP][PASSED] - print("Hola " + x + "----------"): null

2022-11-30 11:26:20 - [TEST_STEP][PASSED] - (x++): null

2022-11-30 11:26:20 - [TEST_STEP][PASSED] - closeBrowser(): Browser is closed

2022-11-30 11:26:21 - [MESSAGE][PASSED] - Browser is closed]]></system-out>
         <system-err><![CDATA[]]></system-err>
      </testcase>
      <testcase name="Test Cases/BUCLES/Test_while2" time="10.645" classname="Test Cases/BUCLES/Test_while2" status="PASSED">
         <system-out><![CDATA[2022-11-30 11:26:21 - [TEST_CASE][PASSED] - Test Cases/BUCLES/Test_while2: Test Cases/BUCLES/Test_while2

2022-11-30 11:26:21 - [TEST_STEP][PASSED] - openBrowser(""): Browser is opened with url: ''

2022-11-30 11:26:21 - [MESSAGE][INFO] - Starting 'Chrome' driver

2022-11-30 11:26:21 - [MESSAGE][INFO] - Action delay is set to 0 milliseconds

2022-11-30 11:26:23 - [MESSAGE][PASSED] - Browser is opened with url: ''

2022-11-30 11:26:23 - [TEST_STEP][PASSED] - navigateToUrl("https://demoqa.com/text-box"): Navigate to 'https://demoqa.com/text-box' successfully

2022-11-30 11:26:31 - [MESSAGE][PASSED] - Navigate to 'https://demoqa.com/text-box' successfully

2022-11-30 11:26:31 - [TEST_STEP][PASSED] - maximizeWindow(): Current window maximized

2022-11-30 11:26:31 - [MESSAGE][PASSED] - Current window maximized

2022-11-30 11:26:31 - [TEST_STEP][PASSED] - waitForPageLoad(5): Wait for page load successfully

2022-11-30 11:26:31 - [MESSAGE][PASSED] - Wait for page load successfully

2022-11-30 11:26:31 - [TEST_STEP][PASSED] - x = 1: null

2022-11-30 11:26:31 - [TEST_STEP][PASSED] - while (x <= 5): null

2022-11-30 11:26:31 - [TEST_STEP][PASSED] - print("Valor de X" + x + "------>"): null

2022-11-30 11:26:31 - [TEST_STEP][PASSED] - (x++): null

2022-11-30 11:26:31 - [TEST_STEP][PASSED] - print("Valor de X" + x + "------>"): null

2022-11-30 11:26:31 - [TEST_STEP][PASSED] - (x++): null

2022-11-30 11:26:31 - [TEST_STEP][PASSED] - print("Valor de X" + x + "------>"): null

2022-11-30 11:26:31 - [TEST_STEP][PASSED] - (x++): null

2022-11-30 11:26:31 - [TEST_STEP][PASSED] - print("Valor de X" + x + "------>"): null

2022-11-30 11:26:31 - [TEST_STEP][PASSED] - (x++): null

2022-11-30 11:26:31 - [TEST_STEP][PASSED] - print("Valor de X" + x + "------>"): null

2022-11-30 11:26:31 - [TEST_STEP][PASSED] - (x++): null

2022-11-30 11:26:31 - [TEST_STEP][PASSED] - closeBrowser(): Browser is closed

2022-11-30 11:26:31 - [MESSAGE][PASSED] - Browser is closed]]></system-out>
         <system-err><![CDATA[]]></system-err>
      </testcase>
      <testcase name="Test Cases/Drive_excel/Drive_excel" time="17.563" classname="Test Cases/Drive_excel/Drive_excel" status="PASSED">
         <system-out><![CDATA[2022-11-30 11:26:32 - [TEST_CASE][PASSED] - Test Cases/Drive_excel/Drive_excel: Test Cases/Drive_excel/Drive_excel

2022-11-30 11:26:32 - [TEST_STEP][PASSED] - openBrowser(""): Browser is opened with url: ''

2022-11-30 11:26:32 - [MESSAGE][INFO] - Starting 'Chrome' driver

2022-11-30 11:26:32 - [MESSAGE][INFO] - Action delay is set to 0 milliseconds

2022-11-30 11:26:33 - [MESSAGE][PASSED] - Browser is opened with url: ''

2022-11-30 11:26:33 - [TEST_STEP][PASSED] - navigateToUrl("https://demoqa.com/automation-practice-form"): Navigate to 'https://demoqa.com/automation-practice-form' successfully

2022-11-30 11:26:42 - [MESSAGE][PASSED] - Navigate to 'https://demoqa.com/automation-practice-form' successfully

2022-11-30 11:26:42 - [TEST_STEP][PASSED] - waitForPageLoad(40): Wait for page load successfully

2022-11-30 11:26:42 - [MESSAGE][PASSED] - Wait for page load successfully

2022-11-30 11:26:42 - [TEST_STEP][PASSED] - maximizeWindow(): Current window maximized

2022-11-30 11:26:43 - [MESSAGE][PASSED] - Current window maximized

2022-11-30 11:26:43 - [TEST_STEP][PASSED] - setText(findTestObject("Object Repository/Drive_excel/Page_ToolsQA/input_Name_firstName"), nombre): Text '' is set on object 'Object Repository/Drive_excel/Page_ToolsQA/input_Name_firstName'

2022-11-30 11:26:44 - [MESSAGE][PASSED] - Text '' is set on object 'Object Repository/Drive_excel/Page_ToolsQA/input_Name_firstName'

2022-11-30 11:26:44 - [TEST_STEP][PASSED] - setText(findTestObject("Object Repository/Drive_excel/Page_ToolsQA/input_Name_lastName"), apellido): Text '' is set on object 'Object Repository/Drive_excel/Page_ToolsQA/input_Name_lastName'

2022-11-30 11:26:46 - [MESSAGE][PASSED] - Text '' is set on object 'Object Repository/Drive_excel/Page_ToolsQA/input_Name_lastName'

2022-11-30 11:26:46 - [TEST_STEP][PASSED] - setText(findTestObject("Object Repository/Drive_excel/Page_ToolsQA/input_Email_userEmail"), email): Text '' is set on object 'Object Repository/Drive_excel/Page_ToolsQA/input_Email_userEmail'

2022-11-30 11:26:46 - [MESSAGE][PASSED] - Text '' is set on object 'Object Repository/Drive_excel/Page_ToolsQA/input_Email_userEmail'

2022-11-30 11:26:46 - [TEST_STEP][PASSED] - delay(2): Delayed 2 second(s)

2022-11-30 11:26:48 - [MESSAGE][PASSED] - Delayed 2 second(s)

2022-11-30 11:26:48 - [TEST_STEP][PASSED] - closeBrowser(): Browser is closed

2022-11-30 11:26:49 - [MESSAGE][PASSED] - Browser is closed]]></system-out>
         <system-err><![CDATA[]]></system-err>
      </testcase>
      <testcase name="Test Cases/Navegador/Navegador" time="11.619" classname="Test Cases/Navegador/Navegador" status="PASSED">
         <system-out><![CDATA[2022-11-30 11:26:49 - [TEST_CASE][PASSED] - Test Cases/Navegador/Navegador: Test Cases/Navegador/Navegador

2022-11-30 11:26:49 - [TEST_STEP][PASSED] - openBrowser("https://demoqa.com/text-box"): Browser is opened with url: 'https://demoqa.com/text-box'

2022-11-30 11:26:49 - [MESSAGE][INFO] - Starting 'Chrome' driver

2022-11-30 11:26:49 - [MESSAGE][INFO] - Action delay is set to 0 milliseconds

2022-11-30 11:27:00 - [MESSAGE][PASSED] - Browser is opened with url: 'https://demoqa.com/text-box'

2022-11-30 11:27:00 - [TEST_STEP][PASSED] - maximizeWindow(): Current window maximized

2022-11-30 11:27:00 - [MESSAGE][PASSED] - Current window maximized

2022-11-30 11:27:00 - [TEST_STEP][PASSED] - page_url = getUrl(): Current window's url is: 'https://demoqa.com/text-box'

2022-11-30 11:27:00 - [MESSAGE][PASSED] - Current window's url is: 'https://demoqa.com/text-box'

2022-11-30 11:27:00 - [TEST_STEP][PASSED] - print(page_url): null

2022-11-30 11:27:00 - [TEST_STEP][PASSED] - Titulo = getWindowTitle(): Current window's title is: 'ToolsQA'

2022-11-30 11:27:00 - [MESSAGE][PASSED] - Current window's title is: 'ToolsQA'

2022-11-30 11:27:00 - [TEST_STEP][PASSED] - print("titiulo de la pagina" + Titulo): null

2022-11-30 11:27:00 - [TEST_STEP][PASSED] - closeBrowser(): Browser is closed

2022-11-30 11:27:01 - [MESSAGE][PASSED] - Browser is closed]]></system-out>
         <system-err><![CDATA[]]></system-err>
      </testcase>
      <testcase name="Test Cases/Objecto_xpath/Caso_xpath" time="15.622" classname="Test Cases/Objecto_xpath/Caso_xpath" status="PASSED">
         <system-out><![CDATA[2022-11-30 11:27:01 - [TEST_CASE][PASSED] - Test Cases/Objecto_xpath/Caso_xpath: Test Cases/Objecto_xpath/Caso_xpath

2022-11-30 11:27:01 - [TEST_STEP][PASSED] - openBrowser(""): Browser is opened with url: ''

2022-11-30 11:27:01 - [MESSAGE][INFO] - Starting 'Chrome' driver

2022-11-30 11:27:01 - [MESSAGE][INFO] - Action delay is set to 0 milliseconds

2022-11-30 11:27:02 - [MESSAGE][PASSED] - Browser is opened with url: ''

2022-11-30 11:27:02 - [TEST_STEP][PASSED] - navigateToUrl("https://demoqa.com/text-box"): Navigate to 'https://demoqa.com/text-box' successfully

2022-11-30 11:27:11 - [MESSAGE][PASSED] - Navigate to 'https://demoqa.com/text-box' successfully

2022-11-30 11:27:11 - [TEST_STEP][PASSED] - maximizeWindow(): Current window maximized

2022-11-30 11:27:11 - [MESSAGE][PASSED] - Current window maximized

2022-11-30 11:27:11 - [TEST_STEP][PASSED] - setText(findTestObject("Objeto_xpath/Campo_nombre"), "Ljubo"): Text 'Ljubo' is set on object 'Object Repository/Objeto_xpath/Campo_nombre'

2022-11-30 11:27:13 - [MESSAGE][PASSED] - Text 'Ljubo' is set on object 'Object Repository/Objeto_xpath/Campo_nombre'

2022-11-30 11:27:13 - [TEST_STEP][PASSED] - delay(3): Delayed 3 second(s)

2022-11-30 11:27:16 - [MESSAGE][PASSED] - Delayed 3 second(s)

2022-11-30 11:27:16 - [TEST_STEP][PASSED] - closeBrowser(): Browser is closed

2022-11-30 11:27:16 - [MESSAGE][PASSED] - Browser is closed]]></system-out>
         <system-err><![CDATA[]]></system-err>
      </testcase>
      <testcase name="Test Cases/Condicionales_If/Condicionar_titulo" time="25.351" classname="Test Cases/Condicionales_If/Condicionar_titulo" status="PASSED">
         <system-out><![CDATA[2022-11-30 11:27:16 - [TEST_CASE][PASSED] - Test Cases/Condicionales_If/Condicionar_titulo: Test Cases/Condicionales_If/Condicionar_titulo

2022-11-30 11:27:16 - [TEST_STEP][PASSED] - openBrowser(""): Browser is opened with url: ''

2022-11-30 11:27:16 - [MESSAGE][INFO] - Starting 'Chrome' driver

2022-11-30 11:27:16 - [MESSAGE][INFO] - Action delay is set to 0 milliseconds

2022-11-30 11:27:18 - [MESSAGE][PASSED] - Browser is opened with url: ''

2022-11-30 11:27:18 - [TEST_STEP][PASSED] - navigateToUrl("https://demoqa.com/"): Navigate to 'https://demoqa.com/' successfully

2022-11-30 11:27:27 - [MESSAGE][PASSED] - Navigate to 'https://demoqa.com/' successfully

2022-11-30 11:27:27 - [TEST_STEP][PASSED] - maximizeWindow(): Current window maximized

2022-11-30 11:27:27 - [MESSAGE][PASSED] - Current window maximized

2022-11-30 11:27:27 - [TEST_STEP][PASSED] - waitForPageLoad(5): Wait for page load successfully

2022-11-30 11:27:27 - [MESSAGE][PASSED] - Wait for page load successfully

2022-11-30 11:27:27 - [TEST_STEP][PASSED] - Existe = waitForElementVisible(findTestObject("Condicionales/Texto_radio"), 3): Web element with id: 'Object Repository/Condicionales/Texto_radio' located by '//div[@class='main-header'][contains(.,'Radio Button')]' not found

2022-11-30 11:27:31 - [MESSAGE][INFO] - Unable to find the element located by 'By.xpath: //div[@class='main-header'][contains(.,'Radio Button')]'. Please recheck the objects properties to make sure the desired element is located. 

2022-11-30 11:27:31 - [MESSAGE][WARNING] - [SELF-HEALING] Failed to find element with id 'Object Repository/Condicionales/Texto_radio'. Try using Self-healing.

2022-11-30 11:27:32 - [MESSAGE][INFO] - [SELF-HEALING] No working XPath is found.

2022-11-30 11:27:33 - [MESSAGE][INFO] - Unable to find the element located by 'By.xpath: '. Please recheck the objects properties to make sure the desired element is located. 

2022-11-30 11:27:33 - [MESSAGE][WARNING] - [SELF-HEALING] Cannot find elements when the selector is null

2022-11-30 11:27:33 - [MESSAGE][WARNING] - Web element with id: 'Object Repository/Condicionales/Texto_radio' located by '//div[@class='main-header'][contains(.,'Radio Button')]' not found

2022-11-30 11:27:33 - [TEST_STEP][PASSED] - print(Existe): null

2022-11-30 11:27:33 - [TEST_STEP][PASSED] - if (Existe == true): null

2022-11-30 11:27:33 - [TEST_STEP][PASSED] - else: Browser is closed

2022-11-30 11:27:33 - [TEST_STEP][PASSED] - print("-----  Error no esta el elemento de texto radio ------"): null

2022-11-30 11:27:33 - [TEST_STEP][PASSED] - navigateToUrl("https://demoqa.com/radio-button"): Navigate to 'https://demoqa.com/radio-button' successfully

2022-11-30 11:27:37 - [MESSAGE][PASSED] - Navigate to 'https://demoqa.com/radio-button' successfully

2022-11-30 11:27:37 - [TEST_STEP][PASSED] - click(findTestObject("Condicionales/Objeto_yes")): Object: 'Object Repository/Condicionales/Objeto_yes' is clicked on

2022-11-30 11:27:39 - [MESSAGE][PASSED] - Object: 'Object Repository/Condicionales/Objeto_yes' is clicked on

2022-11-30 11:27:39 - [TEST_STEP][PASSED] - delay(2): Delayed 2 second(s)

2022-11-30 11:27:41 - [MESSAGE][PASSED] - Delayed 2 second(s)

2022-11-30 11:27:41 - [TEST_STEP][PASSED] - closeBrowser(): Browser is closed

2022-11-30 11:27:42 - [MESSAGE][PASSED] - Browser is closed]]></system-out>
         <system-err><![CDATA[]]></system-err>
      </testcase>
      <testcase name="Test Cases/Condicionales_If/Test_1" time="0.047" classname="Test Cases/Condicionales_If/Test_1" status="PASSED">
         <system-out><![CDATA[2022-11-30 11:27:42 - [TEST_CASE][PASSED] - Test Cases/Condicionales_If/Test_1: Test Cases/Condicionales_If/Test_1

2022-11-30 11:27:42 - [TEST_STEP][PASSED] - if (num == 10): null

2022-11-30 11:27:42 - [TEST_STEP][PASSED] - else: null

2022-11-30 11:27:42 - [TEST_STEP][PASSED] - print("El numero no es un 10 es el numero:  " + num + "#####"): null]]></system-out>
         <system-err><![CDATA[]]></system-err>
      </testcase>
      <testcase name="Test Cases/Condicionales_If/Test_2" time="0.021" classname="Test Cases/Condicionales_If/Test_2" status="PASSED">
         <system-out><![CDATA[2022-11-30 11:27:42 - [TEST_CASE][PASSED] - Test Cases/Condicionales_If/Test_2: Test Cases/Condicionales_If/Test_2

2022-11-30 11:27:42 - [TEST_STEP][PASSED] - if (num == 5): null

2022-11-30 11:27:42 - [TEST_STEP][PASSED] - if (num == 10): null

2022-11-30 11:27:42 - [TEST_STEP][PASSED] - println("El valor de la variables es un: 10"): null]]></system-out>
         <system-err><![CDATA[]]></system-err>
      </testcase>
      <testcase name="Test Cases/Condicionales_If/Test_3" time="0.022" classname="Test Cases/Condicionales_If/Test_3" status="PASSED">
         <system-out><![CDATA[2022-11-30 11:27:42 - [TEST_CASE][PASSED] - Test Cases/Condicionales_If/Test_3: Test Cases/Condicionales_If/Test_3

2022-11-30 11:27:42 - [TEST_STEP][PASSED] - if (nombre == "Juan"): null

2022-11-30 11:27:42 - [TEST_STEP][PASSED] - if (nombre == "JUan"): null

2022-11-30 11:27:42 - [TEST_STEP][PASSED] - if (nombre == "juan"): null

2022-11-30 11:27:42 - [TEST_STEP][PASSED] - println("Tu nombre es juan"): null]]></system-out>
         <system-err><![CDATA[]]></system-err>
      </testcase>
      <testcase name="Test Cases/Condicionales_If/Test_4" time="0.061" classname="Test Cases/Condicionales_If/Test_4" status="PASSED">
         <system-out><![CDATA[2022-11-30 11:27:42 - [TEST_CASE][PASSED] - Test Cases/Condicionales_If/Test_4: Test Cases/Condicionales_If/Test_4

2022-11-30 11:27:42 - [TEST_STEP][PASSED] - if (num <= 7): null

2022-11-30 11:27:42 - [TEST_STEP][PASSED] - println("El numero es menor ó igual que 5"): null

2022-11-30 11:27:42 - [TEST_STEP][PASSED] - if (num >= 8): null

2022-11-30 11:27:42 - [TEST_STEP][PASSED] - if (num != 5): null]]></system-out>
         <system-err><![CDATA[]]></system-err>
      </testcase>
      <testcase name="Test Cases/Condicionales_If/Test_edad" time="0.031" classname="Test Cases/Condicionales_If/Test_edad" status="PASSED">
         <system-out><![CDATA[2022-11-30 11:27:42 - [TEST_CASE][PASSED] - Test Cases/Condicionales_If/Test_edad: Test Cases/Condicionales_If/Test_edad

2022-11-30 11:27:42 - [TEST_STEP][PASSED] - if (edad >= 1 && edad <= 17): null

2022-11-30 11:27:42 - [TEST_STEP][PASSED] - else if (edad == 18): null

2022-11-30 11:27:42 - [TEST_STEP][PASSED] - else if (edad <= 0): null

2022-11-30 11:27:42 - [TEST_STEP][PASSED] - else if (edad == 120): null

2022-11-30 11:27:42 - [TEST_STEP][PASSED] - else: null

2022-11-30 11:27:42 - [TEST_STEP][PASSED] - print("No se cumple ninguna de las opciones"): null]]></system-out>
         <system-err><![CDATA[]]></system-err>
      </testcase>
      <testcase name="Test Cases/Condicionales_If/Test_valor" time="20.498" classname="Test Cases/Condicionales_If/Test_valor" status="PASSED">
         <system-out><![CDATA[2022-11-30 11:27:42 - [TEST_CASE][PASSED] - Test Cases/Condicionales_If/Test_valor: Test Cases/Condicionales_If/Test_valor

2022-11-30 11:27:42 - [TEST_STEP][PASSED] - openBrowser(""): Browser is opened with url: ''

2022-11-30 11:27:42 - [MESSAGE][INFO] - Starting 'Chrome' driver

2022-11-30 11:27:42 - [MESSAGE][INFO] - Action delay is set to 0 milliseconds

2022-11-30 11:27:43 - [MESSAGE][PASSED] - Browser is opened with url: ''

2022-11-30 11:27:43 - [TEST_STEP][PASSED] - navigateToUrl("https://demoqa.com/"): Navigate to 'https://demoqa.com/' successfully

2022-11-30 11:27:53 - [MESSAGE][PASSED] - Navigate to 'https://demoqa.com/' successfully

2022-11-30 11:27:53 - [TEST_STEP][PASSED] - maximizeWindow(): Current window maximized

2022-11-30 11:27:53 - [MESSAGE][PASSED] - Current window maximized

2022-11-30 11:27:53 - [TEST_STEP][PASSED] - waitForPageLoad(10): Wait for page load successfully

2022-11-30 11:27:53 - [MESSAGE][PASSED] - Wait for page load successfully

2022-11-30 11:27:53 - [TEST_STEP][PASSED] - Existe = waitForElementVisible(findTestObject("Condicionales/titulo1"), 5): Web element with id: 'Object Repository/Condicionales/titulo1' located by '//div[@class='main-header'][contains(.,'Radio Button')]' not found

2022-11-30 11:27:59 - [MESSAGE][INFO] - Unable to find the element located by 'By.xpath: //div[@class='main-header'][contains(.,'Radio Button')]'. Please recheck the objects properties to make sure the desired element is located. 

2022-11-30 11:27:59 - [MESSAGE][WARNING] - [SELF-HEALING] Failed to find element with id 'Object Repository/Condicionales/titulo1'. Try using Self-healing.

2022-11-30 11:28:00 - [MESSAGE][INFO] - [SELF-HEALING] No working XPath is found.

2022-11-30 11:28:01 - [MESSAGE][INFO] - Unable to find the element located by 'By.xpath: '. Please recheck the objects properties to make sure the desired element is located. 

2022-11-30 11:28:01 - [MESSAGE][WARNING] - [SELF-HEALING] Cannot find elements when the selector is null

2022-11-30 11:28:01 - [MESSAGE][WARNING] - Web element with id: 'Object Repository/Condicionales/titulo1' located by '//div[@class='main-header'][contains(.,'Radio Button')]' not found

2022-11-30 11:28:01 - [TEST_STEP][PASSED] - if (Existe == true): null

2022-11-30 11:28:01 - [TEST_STEP][PASSED] - else: Browser is closed

2022-11-30 11:28:02 - [TEST_STEP][PASSED] - print("No estas en la página correcta"): null

2022-11-30 11:28:02 - [TEST_STEP][PASSED] - closeBrowser(): Browser is closed

2022-11-30 11:28:02 - [MESSAGE][PASSED] - Browser is closed]]></system-out>
         <system-err><![CDATA[]]></system-err>
      </testcase>
      <testcase name="Test Cases/BUCLES/Reto_For" time="31.714" classname="Test Cases/BUCLES/Reto_For" status="PASSED">
         <system-out><![CDATA[2022-11-30 11:28:02 - [TEST_CASE][PASSED] - Test Cases/BUCLES/Reto_For: Test Cases/BUCLES/Reto_For

2022-11-30 11:28:02 - [TEST_STEP][PASSED] - openBrowser(""): Browser is opened with url: ''

2022-11-30 11:28:02 - [MESSAGE][INFO] - Starting 'Chrome' driver

2022-11-30 11:28:03 - [MESSAGE][INFO] - Action delay is set to 0 milliseconds

2022-11-30 11:28:04 - [MESSAGE][PASSED] - Browser is opened with url: ''

2022-11-30 11:28:04 - [TEST_STEP][PASSED] - navigateToUrl("https://demoqa.com/text-box"): Navigate to 'https://demoqa.com/text-box' successfully

2022-11-30 11:28:16 - [MESSAGE][PASSED] - Navigate to 'https://demoqa.com/text-box' successfully

2022-11-30 11:28:16 - [TEST_STEP][PASSED] - maximizeWindow(): Current window maximized

2022-11-30 11:28:16 - [MESSAGE][PASSED] - Current window maximized

2022-11-30 11:28:16 - [TEST_STEP][PASSED] - waitForPageLoad(5): Wait for page load successfully

2022-11-30 11:28:16 - [MESSAGE][PASSED] - Wait for page load successfully

2022-11-30 11:28:16 - [TEST_STEP][PASSED] - for ([x = 1, x <= 4, (x++)]): Browser is scrolled to position x = 0, y = 100

2022-11-30 11:28:16 - [TEST_STEP][PASSED] - z = ["Carlos", "Erika", "Paco", "Rodrigo", "Juan"]: null

2022-11-30 11:28:16 - [TEST_STEP][PASSED] - rn = new java.util.Random(): null

2022-11-30 11:28:16 - [TEST_STEP][PASSED] - tx_nombre = z[rn.nextInt(size)]: null

2022-11-30 11:28:16 - [TEST_STEP][PASSED] - setText(findTestObject("Object Repository/Reto_for/Page_ToolsQA/input_Full Name_userName"), tx_nombre): Text 'Juan' is set on object 'Object Repository/Reto_for/Page_ToolsQA/input_Full Name_userName'

2022-11-30 11:28:17 - [MESSAGE][PASSED] - Text 'Juan' is set on object 'Object Repository/Reto_for/Page_ToolsQA/input_Full Name_userName'

2022-11-30 11:28:17 - [TEST_STEP][PASSED] - setText(findTestObject("Object Repository/Reto_for/Page_ToolsQA/input_Email_userEmail"), tx_nombre + "@gmail.com"): Text 'Juan@gmail.com' is set on object 'Object Repository/Reto_for/Page_ToolsQA/input_Email_userEmail'

2022-11-30 11:28:18 - [MESSAGE][PASSED] - Text 'Juan@gmail.com' is set on object 'Object Repository/Reto_for/Page_ToolsQA/input_Email_userEmail'

2022-11-30 11:28:18 - [TEST_STEP][PASSED] - setText(findTestObject("Object Repository/Reto_for/Page_ToolsQA/textarea_Current Address_currentAddress"), "Dirección#" + x): Text 'Dirección#1' is set on object 'Object Repository/Reto_for/Page_ToolsQA/textarea_Current Address_currentAddress'

2022-11-30 11:28:19 - [MESSAGE][PASSED] - Text 'Dirección#1' is set on object 'Object Repository/Reto_for/Page_ToolsQA/textarea_Current Address_currentAddress'

2022-11-30 11:28:19 - [TEST_STEP][PASSED] - setText(findTestObject("Object Repository/Reto_for/Page_ToolsQA/textarea_Permanent Address_permanentAddress"), "Dirección dos#" + x): Text 'Dirección dos#1' is set on object 'Object Repository/Reto_for/Page_ToolsQA/textarea_Permanent Address_permanentAddress'

2022-11-30 11:28:20 - [MESSAGE][PASSED] - Text 'Dirección dos#1' is set on object 'Object Repository/Reto_for/Page_ToolsQA/textarea_Permanent Address_permanentAddress'

2022-11-30 11:28:20 - [TEST_STEP][PASSED] - scrollToPosition(0, 500): Browser is scrolled to position x = 0, y = 500

2022-11-30 11:28:20 - [MESSAGE][PASSED] - Browser is scrolled to position x = 0, y = 500

2022-11-30 11:28:20 - [TEST_STEP][PASSED] - click(findTestObject("Object Repository/Reto_for/Page_ToolsQA/button_Submit")): Object: 'Object Repository/Reto_for/Page_ToolsQA/button_Submit' is clicked on

2022-11-30 11:28:20 - [MESSAGE][PASSED] - Object: 'Object Repository/Reto_for/Page_ToolsQA/button_Submit' is clicked on

2022-11-30 11:28:20 - [TEST_STEP][PASSED] - scrollToPosition(0, 100): Browser is scrolled to position x = 0, y = 100

2022-11-30 11:28:20 - [MESSAGE][PASSED] - Browser is scrolled to position x = 0, y = 100

2022-11-30 11:28:20 - [TEST_STEP][PASSED] - z = ["Carlos", "Erika", "Paco", "Rodrigo", "Juan"]: null

2022-11-30 11:28:20 - [TEST_STEP][PASSED] - rn = new java.util.Random(): null

2022-11-30 11:28:20 - [TEST_STEP][PASSED] - tx_nombre = z[rn.nextInt(size)]: null

2022-11-30 11:28:20 - [TEST_STEP][PASSED] - setText(findTestObject("Object Repository/Reto_for/Page_ToolsQA/input_Full Name_userName"), tx_nombre): Text 'Paco' is set on object 'Object Repository/Reto_for/Page_ToolsQA/input_Full Name_userName'

2022-11-30 11:28:21 - [MESSAGE][PASSED] - Text 'Paco' is set on object 'Object Repository/Reto_for/Page_ToolsQA/input_Full Name_userName'

2022-11-30 11:28:21 - [TEST_STEP][PASSED] - setText(findTestObject("Object Repository/Reto_for/Page_ToolsQA/input_Email_userEmail"), tx_nombre + "@gmail.com"): Text 'Paco@gmail.com' is set on object 'Object Repository/Reto_for/Page_ToolsQA/input_Email_userEmail'

2022-11-30 11:28:22 - [MESSAGE][PASSED] - Text 'Paco@gmail.com' is set on object 'Object Repository/Reto_for/Page_ToolsQA/input_Email_userEmail'

2022-11-30 11:28:22 - [TEST_STEP][PASSED] - setText(findTestObject("Object Repository/Reto_for/Page_ToolsQA/textarea_Current Address_currentAddress"), "Dirección#" + x): Text 'Dirección#2' is set on object 'Object Repository/Reto_for/Page_ToolsQA/textarea_Current Address_currentAddress'

2022-11-30 11:28:23 - [MESSAGE][PASSED] - Text 'Dirección#2' is set on object 'Object Repository/Reto_for/Page_ToolsQA/textarea_Current Address_currentAddress'

2022-11-30 11:28:23 - [TEST_STEP][PASSED] - setText(findTestObject("Object Repository/Reto_for/Page_ToolsQA/textarea_Permanent Address_permanentAddress"), "Dirección dos#" + x): Text 'Dirección dos#2' is set on object 'Object Repository/Reto_for/Page_ToolsQA/textarea_Permanent Address_permanentAddress'

2022-11-30 11:28:24 - [MESSAGE][PASSED] - Text 'Dirección dos#2' is set on object 'Object Repository/Reto_for/Page_ToolsQA/textarea_Permanent Address_permanentAddress'

2022-11-30 11:28:24 - [TEST_STEP][PASSED] - scrollToPosition(0, 500): Browser is scrolled to position x = 0, y = 500

2022-11-30 11:28:24 - [MESSAGE][PASSED] - Browser is scrolled to position x = 0, y = 500

2022-11-30 11:28:24 - [TEST_STEP][PASSED] - click(findTestObject("Object Repository/Reto_for/Page_ToolsQA/button_Submit")): Object: 'Object Repository/Reto_for/Page_ToolsQA/button_Submit' is clicked on

2022-11-30 11:28:24 - [MESSAGE][PASSED] - Object: 'Object Repository/Reto_for/Page_ToolsQA/button_Submit' is clicked on

2022-11-30 11:28:24 - [TEST_STEP][PASSED] - scrollToPosition(0, 100): Browser is scrolled to position x = 0, y = 100

2022-11-30 11:28:24 - [MESSAGE][PASSED] - Browser is scrolled to position x = 0, y = 100

2022-11-30 11:28:24 - [TEST_STEP][PASSED] - z = ["Carlos", "Erika", "Paco", "Rodrigo", "Juan"]: null

2022-11-30 11:28:24 - [TEST_STEP][PASSED] - rn = new java.util.Random(): null

2022-11-30 11:28:24 - [TEST_STEP][PASSED] - tx_nombre = z[rn.nextInt(size)]: null

2022-11-30 11:28:24 - [TEST_STEP][PASSED] - setText(findTestObject("Object Repository/Reto_for/Page_ToolsQA/input_Full Name_userName"), tx_nombre): Text 'Erika' is set on object 'Object Repository/Reto_for/Page_ToolsQA/input_Full Name_userName'

2022-11-30 11:28:25 - [MESSAGE][PASSED] - Text 'Erika' is set on object 'Object Repository/Reto_for/Page_ToolsQA/input_Full Name_userName'

2022-11-30 11:28:25 - [TEST_STEP][PASSED] - setText(findTestObject("Object Repository/Reto_for/Page_ToolsQA/input_Email_userEmail"), tx_nombre + "@gmail.com"): Text 'Erika@gmail.com' is set on object 'Object Repository/Reto_for/Page_ToolsQA/input_Email_userEmail'

2022-11-30 11:28:26 - [MESSAGE][PASSED] - Text 'Erika@gmail.com' is set on object 'Object Repository/Reto_for/Page_ToolsQA/input_Email_userEmail'

2022-11-30 11:28:26 - [TEST_STEP][PASSED] - setText(findTestObject("Object Repository/Reto_for/Page_ToolsQA/textarea_Current Address_currentAddress"), "Dirección#" + x): Text 'Dirección#3' is set on object 'Object Repository/Reto_for/Page_ToolsQA/textarea_Current Address_currentAddress'

2022-11-30 11:28:27 - [MESSAGE][PASSED] - Text 'Dirección#3' is set on object 'Object Repository/Reto_for/Page_ToolsQA/textarea_Current Address_currentAddress'

2022-11-30 11:28:27 - [TEST_STEP][PASSED] - setText(findTestObject("Object Repository/Reto_for/Page_ToolsQA/textarea_Permanent Address_permanentAddress"), "Dirección dos#" + x): Text 'Dirección dos#3' is set on object 'Object Repository/Reto_for/Page_ToolsQA/textarea_Permanent Address_permanentAddress'

2022-11-30 11:28:28 - [MESSAGE][PASSED] - Text 'Dirección dos#3' is set on object 'Object Repository/Reto_for/Page_ToolsQA/textarea_Permanent Address_permanentAddress'

2022-11-30 11:28:28 - [TEST_STEP][PASSED] - scrollToPosition(0, 500): Browser is scrolled to position x = 0, y = 500

2022-11-30 11:28:28 - [MESSAGE][PASSED] - Browser is scrolled to position x = 0, y = 500

2022-11-30 11:28:28 - [TEST_STEP][PASSED] - click(findTestObject("Object Repository/Reto_for/Page_ToolsQA/button_Submit")): Object: 'Object Repository/Reto_for/Page_ToolsQA/button_Submit' is clicked on

2022-11-30 11:28:29 - [MESSAGE][PASSED] - Object: 'Object Repository/Reto_for/Page_ToolsQA/button_Submit' is clicked on

2022-11-30 11:28:29 - [TEST_STEP][PASSED] - scrollToPosition(0, 100): Browser is scrolled to position x = 0, y = 100

2022-11-30 11:28:29 - [MESSAGE][PASSED] - Browser is scrolled to position x = 0, y = 100

2022-11-30 11:28:29 - [TEST_STEP][PASSED] - z = ["Carlos", "Erika", "Paco", "Rodrigo", "Juan"]: null

2022-11-30 11:28:29 - [TEST_STEP][PASSED] - rn = new java.util.Random(): null

2022-11-30 11:28:29 - [TEST_STEP][PASSED] - tx_nombre = z[rn.nextInt(size)]: null

2022-11-30 11:28:29 - [TEST_STEP][PASSED] - setText(findTestObject("Object Repository/Reto_for/Page_ToolsQA/input_Full Name_userName"), tx_nombre): Text 'Juan' is set on object 'Object Repository/Reto_for/Page_ToolsQA/input_Full Name_userName'

2022-11-30 11:28:30 - [MESSAGE][PASSED] - Text 'Juan' is set on object 'Object Repository/Reto_for/Page_ToolsQA/input_Full Name_userName'

2022-11-30 11:28:30 - [TEST_STEP][PASSED] - setText(findTestObject("Object Repository/Reto_for/Page_ToolsQA/input_Email_userEmail"), tx_nombre + "@gmail.com"): Text 'Juan@gmail.com' is set on object 'Object Repository/Reto_for/Page_ToolsQA/input_Email_userEmail'

2022-11-30 11:28:31 - [MESSAGE][PASSED] - Text 'Juan@gmail.com' is set on object 'Object Repository/Reto_for/Page_ToolsQA/input_Email_userEmail'

2022-11-30 11:28:31 - [TEST_STEP][PASSED] - setText(findTestObject("Object Repository/Reto_for/Page_ToolsQA/textarea_Current Address_currentAddress"), "Dirección#" + x): Text 'Dirección#4' is set on object 'Object Repository/Reto_for/Page_ToolsQA/textarea_Current Address_currentAddress'

2022-11-30 11:28:32 - [MESSAGE][PASSED] - Text 'Dirección#4' is set on object 'Object Repository/Reto_for/Page_ToolsQA/textarea_Current Address_currentAddress'

2022-11-30 11:28:32 - [TEST_STEP][PASSED] - setText(findTestObject("Object Repository/Reto_for/Page_ToolsQA/textarea_Permanent Address_permanentAddress"), "Dirección dos#" + x): Text 'Dirección dos#4' is set on object 'Object Repository/Reto_for/Page_ToolsQA/textarea_Permanent Address_permanentAddress'

2022-11-30 11:28:32 - [MESSAGE][PASSED] - Text 'Dirección dos#4' is set on object 'Object Repository/Reto_for/Page_ToolsQA/textarea_Permanent Address_permanentAddress'

2022-11-30 11:28:32 - [TEST_STEP][PASSED] - scrollToPosition(0, 500): Browser is scrolled to position x = 0, y = 500

2022-11-30 11:28:32 - [MESSAGE][PASSED] - Browser is scrolled to position x = 0, y = 500

2022-11-30 11:28:32 - [TEST_STEP][PASSED] - click(findTestObject("Object Repository/Reto_for/Page_ToolsQA/button_Submit")): Object: 'Object Repository/Reto_for/Page_ToolsQA/button_Submit' is clicked on

2022-11-30 11:28:33 - [MESSAGE][PASSED] - Object: 'Object Repository/Reto_for/Page_ToolsQA/button_Submit' is clicked on

2022-11-30 11:28:33 - [TEST_STEP][PASSED] - scrollToPosition(0, 100): Browser is scrolled to position x = 0, y = 100

2022-11-30 11:28:33 - [MESSAGE][PASSED] - Browser is scrolled to position x = 0, y = 100

2022-11-30 11:28:33 - [TEST_STEP][PASSED] - closeBrowser(): Browser is closed

2022-11-30 11:28:34 - [MESSAGE][PASSED] - Browser is closed]]></system-out>
         <system-err><![CDATA[]]></system-err>
      </testcase>
      <testcase name="Test Cases/BUCLES/Reto_while" time="32.092" classname="Test Cases/BUCLES/Reto_while" status="PASSED">
         <system-out><![CDATA[2022-11-30 11:28:34 - [TEST_CASE][PASSED] - Test Cases/BUCLES/Reto_while: Test Cases/BUCLES/Reto_while

2022-11-30 11:28:34 - [TEST_STEP][PASSED] - openBrowser(""): Browser is opened with url: ''

2022-11-30 11:28:34 - [MESSAGE][INFO] - Starting 'Chrome' driver

2022-11-30 11:28:34 - [MESSAGE][INFO] - Action delay is set to 0 milliseconds

2022-11-30 11:28:36 - [MESSAGE][PASSED] - Browser is opened with url: ''

2022-11-30 11:28:36 - [TEST_STEP][PASSED] - navigateToUrl("https://www.google.com/"): Navigate to 'https://www.google.com/' successfully

2022-11-30 11:28:38 - [MESSAGE][PASSED] - Navigate to 'https://www.google.com/' successfully

2022-11-30 11:28:38 - [TEST_STEP][PASSED] - Bandera = 0: null

2022-11-30 11:28:38 - [TEST_STEP][PASSED] - while (Bandera != 1): null

2022-11-30 11:28:38 - [TEST_STEP][PASSED] - num = Math.random() * 5 - 1 + 1: null

2022-11-30 11:28:38 - [TEST_STEP][PASSED] - setText(findTestObject("Object Repository/While_google/Page_Google/input__q"), "5+" + num): Text '5+2' is set on object 'Object Repository/While_google/Page_Google/input__q'

2022-11-30 11:28:39 - [MESSAGE][PASSED] - Text '5+2' is set on object 'Object Repository/While_google/Page_Google/input__q'

2022-11-30 11:28:39 - [TEST_STEP][PASSED] - sendKeys(findTestObject("Object Repository/While_google/Page_Google/input__q"), Keys.chord(ENTER)): Keys 'ENTER + ' sent to object: 'Object Repository/While_google/Page_Google/input__q'

2022-11-30 11:28:52 - [MESSAGE][PASSED] - Keys 'ENTER + ' sent to object: 'Object Repository/While_google/Page_Google/input__q'

2022-11-30 11:28:52 - [TEST_STEP][PASSED] - Resultado = getText(findTestObject("While_google/Extras/Resultado_10")): Text of object 'Object Repository/While_google/Extras/Resultado_10' is: '7'

2022-11-30 11:28:53 - [MESSAGE][PASSED] - Text of object 'Object Repository/While_google/Extras/Resultado_10' is: '7'

2022-11-30 11:28:53 - [TEST_STEP][PASSED] - if (Resultado == "8"): null

2022-11-30 11:28:53 - [TEST_STEP][PASSED] - else: null

2022-11-30 11:28:53 - [TEST_STEP][PASSED] - Bandera = 0: null

2022-11-30 11:28:53 - [TEST_STEP][PASSED] - print(Bandera + "------"): null

2022-11-30 11:28:53 - [TEST_STEP][PASSED] - num = Math.random() * 5 - 1 + 1: null

2022-11-30 11:28:53 - [TEST_STEP][PASSED] - setText(findTestObject("Object Repository/While_google/Page_Google/input__q"), "5+" + num): Text '5+4' is set on object 'Object Repository/While_google/Page_Google/input__q'

2022-11-30 11:28:53 - [MESSAGE][PASSED] - Text '5+4' is set on object 'Object Repository/While_google/Page_Google/input__q'

2022-11-30 11:28:53 - [TEST_STEP][PASSED] - sendKeys(findTestObject("Object Repository/While_google/Page_Google/input__q"), Keys.chord(ENTER)): Keys 'ENTER + ' sent to object: 'Object Repository/While_google/Page_Google/input__q'

2022-11-30 11:28:58 - [MESSAGE][PASSED] - Keys 'ENTER + ' sent to object: 'Object Repository/While_google/Page_Google/input__q'

2022-11-30 11:28:58 - [TEST_STEP][PASSED] - Resultado = getText(findTestObject("While_google/Extras/Resultado_10")): Text of object 'Object Repository/While_google/Extras/Resultado_10' is: '9'

2022-11-30 11:28:59 - [MESSAGE][PASSED] - Text of object 'Object Repository/While_google/Extras/Resultado_10' is: '9'

2022-11-30 11:28:59 - [TEST_STEP][PASSED] - if (Resultado == "8"): null

2022-11-30 11:28:59 - [TEST_STEP][PASSED] - else: null

2022-11-30 11:28:59 - [TEST_STEP][PASSED] - Bandera = 0: null

2022-11-30 11:28:59 - [TEST_STEP][PASSED] - print(Bandera + "------"): null

2022-11-30 11:28:59 - [TEST_STEP][PASSED] - num = Math.random() * 5 - 1 + 1: null

2022-11-30 11:28:59 - [TEST_STEP][PASSED] - setText(findTestObject("Object Repository/While_google/Page_Google/input__q"), "5+" + num): Text '5+4' is set on object 'Object Repository/While_google/Page_Google/input__q'

2022-11-30 11:28:59 - [MESSAGE][PASSED] - Text '5+4' is set on object 'Object Repository/While_google/Page_Google/input__q'

2022-11-30 11:28:59 - [TEST_STEP][PASSED] - sendKeys(findTestObject("Object Repository/While_google/Page_Google/input__q"), Keys.chord(ENTER)): Keys 'ENTER + ' sent to object: 'Object Repository/While_google/Page_Google/input__q'

2022-11-30 11:29:01 - [MESSAGE][PASSED] - Keys 'ENTER + ' sent to object: 'Object Repository/While_google/Page_Google/input__q'

2022-11-30 11:29:01 - [TEST_STEP][PASSED] - Resultado = getText(findTestObject("While_google/Extras/Resultado_10")): Text of object 'Object Repository/While_google/Extras/Resultado_10' is: '9'

2022-11-30 11:29:02 - [MESSAGE][PASSED] - Text of object 'Object Repository/While_google/Extras/Resultado_10' is: '9'

2022-11-30 11:29:02 - [TEST_STEP][PASSED] - if (Resultado == "8"): null

2022-11-30 11:29:02 - [TEST_STEP][PASSED] - else: null

2022-11-30 11:29:02 - [TEST_STEP][PASSED] - Bandera = 0: null

2022-11-30 11:29:02 - [TEST_STEP][PASSED] - print(Bandera + "------"): null

2022-11-30 11:29:02 - [TEST_STEP][PASSED] - num = Math.random() * 5 - 1 + 1: null

2022-11-30 11:29:02 - [TEST_STEP][PASSED] - setText(findTestObject("Object Repository/While_google/Page_Google/input__q"), "5+" + num): Text '5+3' is set on object 'Object Repository/While_google/Page_Google/input__q'

2022-11-30 11:29:03 - [MESSAGE][PASSED] - Text '5+3' is set on object 'Object Repository/While_google/Page_Google/input__q'

2022-11-30 11:29:03 - [TEST_STEP][PASSED] - sendKeys(findTestObject("Object Repository/While_google/Page_Google/input__q"), Keys.chord(ENTER)): Keys 'ENTER + ' sent to object: 'Object Repository/While_google/Page_Google/input__q'

2022-11-30 11:29:05 - [MESSAGE][PASSED] - Keys 'ENTER + ' sent to object: 'Object Repository/While_google/Page_Google/input__q'

2022-11-30 11:29:05 - [TEST_STEP][PASSED] - Resultado = getText(findTestObject("While_google/Extras/Resultado_10")): Text of object 'Object Repository/While_google/Extras/Resultado_10' is: '8'

2022-11-30 11:29:06 - [MESSAGE][PASSED] - Text of object 'Object Repository/While_google/Extras/Resultado_10' is: '8'

2022-11-30 11:29:06 - [TEST_STEP][PASSED] - if (Resultado == "8"): Browser is closed

2022-11-30 11:29:06 - [TEST_STEP][PASSED] - Bandera = 1: null

2022-11-30 11:29:06 - [TEST_STEP][PASSED] - print("Listo termina"): null

2022-11-30 11:29:06 - [TEST_STEP][PASSED] - closeBrowser(): Browser is closed

2022-11-30 11:29:06 - [MESSAGE][PASSED] - Browser is closed

2022-11-30 11:29:06 - [TEST_STEP][PASSED] - print(Bandera + "------"): null]]></system-out>
         <system-err><![CDATA[]]></system-err>
      </testcase>
      <testcase name="Test Cases/BUCLES/Reto_while_solucion" time="25.246" classname="Test Cases/BUCLES/Reto_while_solucion" status="PASSED">
         <system-out><![CDATA[2022-11-30 11:29:06 - [TEST_CASE][PASSED] - Test Cases/BUCLES/Reto_while_solucion: Test Cases/BUCLES/Reto_while_solucion

2022-11-30 11:29:06 - [TEST_STEP][PASSED] - openBrowser(""): Browser is opened with url: ''

2022-11-30 11:29:06 - [MESSAGE][INFO] - Starting 'Chrome' driver

2022-11-30 11:29:06 - [MESSAGE][INFO] - Action delay is set to 0 milliseconds

2022-11-30 11:29:08 - [MESSAGE][PASSED] - Browser is opened with url: ''

2022-11-30 11:29:08 - [TEST_STEP][PASSED] - navigateToUrl("https://www.google.com/"): Navigate to 'https://www.google.com/' successfully

2022-11-30 11:29:11 - [MESSAGE][PASSED] - Navigate to 'https://www.google.com/' successfully

2022-11-30 11:29:11 - [TEST_STEP][PASSED] - Res = 0: null

2022-11-30 11:29:11 - [TEST_STEP][PASSED] - while (Res != 8): Browser is closed

2022-11-30 11:29:11 - [TEST_STEP][PASSED] - num = Math.random() * 5 - 1 + 1: null

2022-11-30 11:29:11 - [TEST_STEP][PASSED] - setText(findTestObject("Object Repository/Reto_while1/Page_Google/input__q"), "5+" + num): Text '5+4' is set on object 'Object Repository/Reto_while1/Page_Google/input__q'

2022-11-30 11:29:12 - [MESSAGE][PASSED] - Text '5+4' is set on object 'Object Repository/Reto_while1/Page_Google/input__q'

2022-11-30 11:29:12 - [TEST_STEP][PASSED] - sendKeys(findTestObject("Object Repository/Reto_while1/Page_Google/input__q"), Keys.chord(ENTER)): Keys 'ENTER + ' sent to object: 'Object Repository/Reto_while1/Page_Google/input__q'

2022-11-30 11:29:17 - [MESSAGE][PASSED] - Keys 'ENTER + ' sent to object: 'Object Repository/Reto_while1/Page_Google/input__q'

2022-11-30 11:29:17 - [TEST_STEP][PASSED] - Res = getText(findTestObject("Reto_while1/Resultado_8")).toInteger(): Text of object 'Object Repository/Reto_while1/Resultado_8' is: '9'

2022-11-30 11:29:17 - [MESSAGE][PASSED] - Text of object 'Object Repository/Reto_while1/Resultado_8' is: '9'

2022-11-30 11:29:17 - [TEST_STEP][PASSED] - if (Res == 8): null

2022-11-30 11:29:17 - [TEST_STEP][PASSED] - num = Math.random() * 5 - 1 + 1: null

2022-11-30 11:29:17 - [TEST_STEP][PASSED] - setText(findTestObject("Object Repository/Reto_while1/Page_Google/input__q"), "5+" + num): Text '5+1' is set on object 'Object Repository/Reto_while1/Page_Google/input__q'

2022-11-30 11:29:18 - [MESSAGE][PASSED] - Text '5+1' is set on object 'Object Repository/Reto_while1/Page_Google/input__q'

2022-11-30 11:29:18 - [TEST_STEP][PASSED] - sendKeys(findTestObject("Object Repository/Reto_while1/Page_Google/input__q"), Keys.chord(ENTER)): Keys 'ENTER + ' sent to object: 'Object Repository/Reto_while1/Page_Google/input__q'

2022-11-30 11:29:22 - [MESSAGE][PASSED] - Keys 'ENTER + ' sent to object: 'Object Repository/Reto_while1/Page_Google/input__q'

2022-11-30 11:29:22 - [TEST_STEP][PASSED] - Res = getText(findTestObject("Reto_while1/Resultado_8")).toInteger(): Text of object 'Object Repository/Reto_while1/Resultado_8' is: '6'

2022-11-30 11:29:23 - [MESSAGE][PASSED] - Text of object 'Object Repository/Reto_while1/Resultado_8' is: '6'

2022-11-30 11:29:23 - [TEST_STEP][PASSED] - if (Res == 8): null

2022-11-30 11:29:23 - [TEST_STEP][PASSED] - num = Math.random() * 5 - 1 + 1: null

2022-11-30 11:29:23 - [TEST_STEP][PASSED] - setText(findTestObject("Object Repository/Reto_while1/Page_Google/input__q"), "5+" + num): Text '5+4' is set on object 'Object Repository/Reto_while1/Page_Google/input__q'

2022-11-30 11:29:24 - [MESSAGE][PASSED] - Text '5+4' is set on object 'Object Repository/Reto_while1/Page_Google/input__q'

2022-11-30 11:29:24 - [TEST_STEP][PASSED] - sendKeys(findTestObject("Object Repository/Reto_while1/Page_Google/input__q"), Keys.chord(ENTER)): Keys 'ENTER + ' sent to object: 'Object Repository/Reto_while1/Page_Google/input__q'

2022-11-30 11:29:27 - [MESSAGE][PASSED] - Keys 'ENTER + ' sent to object: 'Object Repository/Reto_while1/Page_Google/input__q'

2022-11-30 11:29:27 - [TEST_STEP][PASSED] - Res = getText(findTestObject("Reto_while1/Resultado_8")).toInteger(): Text of object 'Object Repository/Reto_while1/Resultado_8' is: '9'

2022-11-30 11:29:27 - [MESSAGE][PASSED] - Text of object 'Object Repository/Reto_while1/Resultado_8' is: '9'

2022-11-30 11:29:27 - [TEST_STEP][PASSED] - if (Res == 8): null

2022-11-30 11:29:27 - [TEST_STEP][PASSED] - num = Math.random() * 5 - 1 + 1: null

2022-11-30 11:29:27 - [TEST_STEP][PASSED] - setText(findTestObject("Object Repository/Reto_while1/Page_Google/input__q"), "5+" + num): Text '5+3' is set on object 'Object Repository/Reto_while1/Page_Google/input__q'

2022-11-30 11:29:28 - [MESSAGE][PASSED] - Text '5+3' is set on object 'Object Repository/Reto_while1/Page_Google/input__q'

2022-11-30 11:29:28 - [TEST_STEP][PASSED] - sendKeys(findTestObject("Object Repository/Reto_while1/Page_Google/input__q"), Keys.chord(ENTER)): Keys 'ENTER + ' sent to object: 'Object Repository/Reto_while1/Page_Google/input__q'

2022-11-30 11:29:30 - [MESSAGE][PASSED] - Keys 'ENTER + ' sent to object: 'Object Repository/Reto_while1/Page_Google/input__q'

2022-11-30 11:29:30 - [TEST_STEP][PASSED] - Res = getText(findTestObject("Reto_while1/Resultado_8")).toInteger(): Text of object 'Object Repository/Reto_while1/Resultado_8' is: '8'

2022-11-30 11:29:31 - [MESSAGE][PASSED] - Text of object 'Object Repository/Reto_while1/Resultado_8' is: '8'

2022-11-30 11:29:31 - [TEST_STEP][PASSED] - if (Res == 8): Browser is closed

2022-11-30 11:29:31 - [TEST_STEP][PASSED] - closeBrowser(): Browser is closed

2022-11-30 11:29:32 - [MESSAGE][PASSED] - Browser is closed]]></system-out>
         <system-err><![CDATA[]]></system-err>
      </testcase>
      <testcase name="Test Cases/BUCLES/Test_1" time="34.095" classname="Test Cases/BUCLES/Test_1" status="PASSED">
         <system-out><![CDATA[2022-11-30 11:29:32 - [TEST_CASE][PASSED] - Test Cases/BUCLES/Test_1: Test Cases/BUCLES/Test_1

2022-11-30 11:29:32 - [TEST_STEP][PASSED] - openBrowser(""): Browser is opened with url: ''

2022-11-30 11:29:32 - [MESSAGE][INFO] - Starting 'Chrome' driver

2022-11-30 11:29:32 - [MESSAGE][INFO] - Action delay is set to 0 milliseconds

2022-11-30 11:29:33 - [MESSAGE][PASSED] - Browser is opened with url: ''

2022-11-30 11:29:33 - [TEST_STEP][PASSED] - navigateToUrl("https://demoqa.com/text-box"): Navigate to 'https://demoqa.com/text-box' successfully

2022-11-30 11:29:41 - [MESSAGE][PASSED] - Navigate to 'https://demoqa.com/text-box' successfully

2022-11-30 11:29:41 - [TEST_STEP][PASSED] - for ([x = 1, x <= 2, (x++)]): null

2022-11-30 11:29:41 - [TEST_STEP][PASSED] - openBrowser(""): Browser is opened with url: ''

2022-11-30 11:29:41 - [MESSAGE][WARNING] - A browser is already opened. Closing browser and opening a new one

2022-11-30 11:29:42 - [MESSAGE][INFO] - Starting 'Chrome' driver

2022-11-30 11:29:42 - [MESSAGE][INFO] - Action delay is set to 0 milliseconds

2022-11-30 11:29:43 - [MESSAGE][PASSED] - Browser is opened with url: ''

2022-11-30 11:29:43 - [TEST_STEP][PASSED] - navigateToUrl("https://demoqa.com/text-box"): Navigate to 'https://demoqa.com/text-box' successfully

2022-11-30 11:29:54 - [MESSAGE][PASSED] - Navigate to 'https://demoqa.com/text-box' successfully

2022-11-30 11:29:54 - [TEST_STEP][PASSED] - RN = Math.random() * 10 - 1 + 1: null

2022-11-30 11:29:54 - [TEST_STEP][PASSED] - print("Numero : " + RN + "----"): null

2022-11-30 11:29:54 - [TEST_STEP][PASSED] - z = ["Demo1", "Demo2", "Demo3", "Demo4", "Demo5"]: null

2022-11-30 11:29:54 - [TEST_STEP][PASSED] - rnd = new java.util.Random(): null

2022-11-30 11:29:54 - [TEST_STEP][PASSED] - texto = z[rnd.nextInt(size)]: null

2022-11-30 11:29:54 - [TEST_STEP][PASSED] - print(texto): null

2022-11-30 11:29:54 - [TEST_STEP][PASSED] - openBrowser(""): Browser is opened with url: ''

2022-11-30 11:29:54 - [MESSAGE][WARNING] - A browser is already opened. Closing browser and opening a new one

2022-11-30 11:29:55 - [MESSAGE][INFO] - Starting 'Chrome' driver

2022-11-30 11:29:55 - [MESSAGE][INFO] - Action delay is set to 0 milliseconds

2022-11-30 11:29:57 - [MESSAGE][PASSED] - Browser is opened with url: ''

2022-11-30 11:29:57 - [TEST_STEP][PASSED] - navigateToUrl("https://demoqa.com/text-box"): Navigate to 'https://demoqa.com/text-box' successfully

2022-11-30 11:30:05 - [MESSAGE][PASSED] - Navigate to 'https://demoqa.com/text-box' successfully

2022-11-30 11:30:05 - [TEST_STEP][PASSED] - RN = Math.random() * 10 - 1 + 1: null

2022-11-30 11:30:05 - [TEST_STEP][PASSED] - print("Numero : " + RN + "----"): null

2022-11-30 11:30:05 - [TEST_STEP][PASSED] - z = ["Demo1", "Demo2", "Demo3", "Demo4", "Demo5"]: null

2022-11-30 11:30:05 - [TEST_STEP][PASSED] - rnd = new java.util.Random(): null

2022-11-30 11:30:05 - [TEST_STEP][PASSED] - texto = z[rnd.nextInt(size)]: null

2022-11-30 11:30:05 - [TEST_STEP][PASSED] - print(texto): null

2022-11-30 11:30:05 - [TEST_STEP][PASSED] - closeBrowser(): Browser is closed

2022-11-30 11:30:06 - [MESSAGE][PASSED] - Browser is closed]]></system-out>
         <system-err><![CDATA[]]></system-err>
      </testcase>
      <testcase name="Test Cases/BUCLES/Test_2" time="21.259" classname="Test Cases/BUCLES/Test_2" status="PASSED">
         <system-out><![CDATA[2022-11-30 11:30:06 - [TEST_CASE][PASSED] - Test Cases/BUCLES/Test_2: Test Cases/BUCLES/Test_2

2022-11-30 11:30:06 - [TEST_STEP][PASSED] - openBrowser(""): Browser is opened with url: ''

2022-11-30 11:30:06 - [MESSAGE][INFO] - Starting 'Chrome' driver

2022-11-30 11:30:06 - [MESSAGE][INFO] - Action delay is set to 0 milliseconds

2022-11-30 11:30:07 - [MESSAGE][PASSED] - Browser is opened with url: ''

2022-11-30 11:30:07 - [TEST_STEP][PASSED] - navigateToUrl("https://demoqa.com/text-box"): Navigate to 'https://demoqa.com/text-box' successfully

2022-11-30 11:30:26 - [MESSAGE][PASSED] - Navigate to 'https://demoqa.com/text-box' successfully

2022-11-30 11:30:26 - [TEST_STEP][PASSED] - for ([x = 1, x <= 10, x = x + 2]): null

2022-11-30 11:30:26 - [TEST_STEP][PASSED] - print(" hola mundo " + x + "-------"): null

2022-11-30 11:30:26 - [TEST_STEP][PASSED] - print(" hola mundo " + x + "-------"): null

2022-11-30 11:30:26 - [TEST_STEP][PASSED] - print(" hola mundo " + x + "-------"): null

2022-11-30 11:30:26 - [TEST_STEP][PASSED] - print(" hola mundo " + x + "-------"): null

2022-11-30 11:30:26 - [TEST_STEP][PASSED] - print(" hola mundo " + x + "-------"): null

2022-11-30 11:30:26 - [TEST_STEP][PASSED] - closeBrowser(): Browser is closed

2022-11-30 11:30:27 - [MESSAGE][PASSED] - Browser is closed]]></system-out>
         <system-err><![CDATA[]]></system-err>
      </testcase>
      <testcase name="Test Cases/BUCLES/Test_while" time="12.982" classname="Test Cases/BUCLES/Test_while" status="PASSED">
         <system-out><![CDATA[2022-11-30 11:30:27 - [TEST_CASE][PASSED] - Test Cases/BUCLES/Test_while: Test Cases/BUCLES/Test_while

2022-11-30 11:30:27 - [TEST_STEP][PASSED] - openBrowser(""): Browser is opened with url: ''

2022-11-30 11:30:27 - [MESSAGE][INFO] - Starting 'Chrome' driver

2022-11-30 11:30:27 - [MESSAGE][INFO] - Action delay is set to 0 milliseconds

2022-11-30 11:30:28 - [MESSAGE][PASSED] - Browser is opened with url: ''

2022-11-30 11:30:28 - [TEST_STEP][PASSED] - navigateToUrl("https://demoqa.com/text-box"): Navigate to 'https://demoqa.com/text-box' successfully

2022-11-30 11:30:39 - [MESSAGE][PASSED] - Navigate to 'https://demoqa.com/text-box' successfully

2022-11-30 11:30:39 - [TEST_STEP][PASSED] - maximizeWindow(): Current window maximized

2022-11-30 11:30:39 - [MESSAGE][PASSED] - Current window maximized

2022-11-30 11:30:39 - [TEST_STEP][PASSED] - waitForPageLoad(5): Wait for page load successfully

2022-11-30 11:30:39 - [MESSAGE][PASSED] - Wait for page load successfully

2022-11-30 11:30:39 - [TEST_STEP][PASSED] - x = 1: null

2022-11-30 11:30:39 - [TEST_STEP][PASSED] - while (x <= 3): null

2022-11-30 11:30:39 - [TEST_STEP][PASSED] - print("Hola " + x + "----------"): null

2022-11-30 11:30:39 - [TEST_STEP][PASSED] - (x++): null

2022-11-30 11:30:39 - [TEST_STEP][PASSED] - print("Hola " + x + "----------"): null

2022-11-30 11:30:39 - [TEST_STEP][PASSED] - (x++): null

2022-11-30 11:30:39 - [TEST_STEP][PASSED] - print("Hola " + x + "----------"): null

2022-11-30 11:30:39 - [TEST_STEP][PASSED] - (x++): null

2022-11-30 11:30:39 - [TEST_STEP][PASSED] - closeBrowser(): Browser is closed

2022-11-30 11:30:40 - [MESSAGE][PASSED] - Browser is closed]]></system-out>
         <system-err><![CDATA[]]></system-err>
      </testcase>
      <testcase name="Test Cases/BUCLES/Test_while2" time="16.513" classname="Test Cases/BUCLES/Test_while2" status="PASSED">
         <system-out><![CDATA[2022-11-30 11:30:40 - [TEST_CASE][PASSED] - Test Cases/BUCLES/Test_while2: Test Cases/BUCLES/Test_while2

2022-11-30 11:30:40 - [TEST_STEP][PASSED] - openBrowser(""): Browser is opened with url: ''

2022-11-30 11:30:40 - [MESSAGE][INFO] - Starting 'Chrome' driver

2022-11-30 11:30:40 - [MESSAGE][INFO] - Action delay is set to 0 milliseconds

2022-11-30 11:30:41 - [MESSAGE][PASSED] - Browser is opened with url: ''

2022-11-30 11:30:41 - [TEST_STEP][PASSED] - navigateToUrl("https://demoqa.com/text-box"): Navigate to 'https://demoqa.com/text-box' successfully

2022-11-30 11:30:56 - [MESSAGE][PASSED] - Navigate to 'https://demoqa.com/text-box' successfully

2022-11-30 11:30:56 - [TEST_STEP][PASSED] - maximizeWindow(): Current window maximized

2022-11-30 11:30:56 - [MESSAGE][PASSED] - Current window maximized

2022-11-30 11:30:56 - [TEST_STEP][PASSED] - waitForPageLoad(5): Wait for page load successfully

2022-11-30 11:30:56 - [MESSAGE][PASSED] - Wait for page load successfully

2022-11-30 11:30:56 - [TEST_STEP][PASSED] - x = 1: null

2022-11-30 11:30:56 - [TEST_STEP][PASSED] - while (x <= 5): null

2022-11-30 11:30:56 - [TEST_STEP][PASSED] - print("Valor de X" + x + "------>"): null

2022-11-30 11:30:56 - [TEST_STEP][PASSED] - (x++): null

2022-11-30 11:30:56 - [TEST_STEP][PASSED] - print("Valor de X" + x + "------>"): null

2022-11-30 11:30:56 - [TEST_STEP][PASSED] - (x++): null

2022-11-30 11:30:56 - [TEST_STEP][PASSED] - print("Valor de X" + x + "------>"): null

2022-11-30 11:30:56 - [TEST_STEP][PASSED] - (x++): null

2022-11-30 11:30:56 - [TEST_STEP][PASSED] - print("Valor de X" + x + "------>"): null

2022-11-30 11:30:56 - [TEST_STEP][PASSED] - (x++): null

2022-11-30 11:30:56 - [TEST_STEP][PASSED] - print("Valor de X" + x + "------>"): null

2022-11-30 11:30:56 - [TEST_STEP][PASSED] - (x++): null

2022-11-30 11:30:56 - [TEST_STEP][PASSED] - closeBrowser(): Browser is closed

2022-11-30 11:30:56 - [MESSAGE][PASSED] - Browser is closed]]></system-out>
         <system-err><![CDATA[]]></system-err>
      </testcase>
      <testcase name="Test Cases/Drive_excel/Drive_excel" time="18.488" classname="Test Cases/Drive_excel/Drive_excel" status="PASSED">
         <system-out><![CDATA[2022-11-30 11:30:56 - [TEST_CASE][PASSED] - Test Cases/Drive_excel/Drive_excel: Test Cases/Drive_excel/Drive_excel

2022-11-30 11:30:57 - [TEST_STEP][PASSED] - openBrowser(""): Browser is opened with url: ''

2022-11-30 11:30:57 - [MESSAGE][INFO] - Starting 'Chrome' driver

2022-11-30 11:30:57 - [MESSAGE][INFO] - Action delay is set to 0 milliseconds

2022-11-30 11:30:58 - [MESSAGE][PASSED] - Browser is opened with url: ''

2022-11-30 11:30:58 - [TEST_STEP][PASSED] - navigateToUrl("https://demoqa.com/automation-practice-form"): Navigate to 'https://demoqa.com/automation-practice-form' successfully

2022-11-30 11:31:08 - [MESSAGE][PASSED] - Navigate to 'https://demoqa.com/automation-practice-form' successfully

2022-11-30 11:31:08 - [TEST_STEP][PASSED] - waitForPageLoad(40): Wait for page load successfully

2022-11-30 11:31:08 - [MESSAGE][PASSED] - Wait for page load successfully

2022-11-30 11:31:08 - [TEST_STEP][PASSED] - maximizeWindow(): Current window maximized

2022-11-30 11:31:08 - [MESSAGE][PASSED] - Current window maximized

2022-11-30 11:31:08 - [TEST_STEP][PASSED] - setText(findTestObject("Object Repository/Drive_excel/Page_ToolsQA/input_Name_firstName"), nombre): Text '' is set on object 'Object Repository/Drive_excel/Page_ToolsQA/input_Name_firstName'

2022-11-30 11:31:10 - [MESSAGE][PASSED] - Text '' is set on object 'Object Repository/Drive_excel/Page_ToolsQA/input_Name_firstName'

2022-11-30 11:31:10 - [TEST_STEP][PASSED] - setText(findTestObject("Object Repository/Drive_excel/Page_ToolsQA/input_Name_lastName"), apellido): Text '' is set on object 'Object Repository/Drive_excel/Page_ToolsQA/input_Name_lastName'

2022-11-30 11:31:11 - [MESSAGE][PASSED] - Text '' is set on object 'Object Repository/Drive_excel/Page_ToolsQA/input_Name_lastName'

2022-11-30 11:31:11 - [TEST_STEP][PASSED] - setText(findTestObject("Object Repository/Drive_excel/Page_ToolsQA/input_Email_userEmail"), email): Text '' is set on object 'Object Repository/Drive_excel/Page_ToolsQA/input_Email_userEmail'

2022-11-30 11:31:12 - [MESSAGE][PASSED] - Text '' is set on object 'Object Repository/Drive_excel/Page_ToolsQA/input_Email_userEmail'

2022-11-30 11:31:12 - [TEST_STEP][PASSED] - delay(2): Delayed 2 second(s)

2022-11-30 11:31:14 - [MESSAGE][PASSED] - Delayed 2 second(s)

2022-11-30 11:31:14 - [TEST_STEP][PASSED] - closeBrowser(): Browser is closed

2022-11-30 11:31:15 - [MESSAGE][PASSED] - Browser is closed]]></system-out>
         <system-err><![CDATA[]]></system-err>
      </testcase>
      <system-out><![CDATA[2022-11-30 11:21:58 - [TEST_SUITE][PASSED] - testCLoud: Test Cases/Drive_excel/Drive_excel]]></system-out>
      <system-err><![CDATA[]]></system-err>
   </testsuite>
</testsuites>
