<?xml version="1.0" encoding="UTF-8"?>
<testsuites name="Data_mysql2" time="22.383" tests="2" failures="0" errors="0">
   <testsuite name="Data_mysql2" tests="2" failures="0" errors="0" time="22.383" skipped="0" timestamp="2021-07-20 21:54:02" hostname="rodrigo.villanueva.c - EELX01RODRIGOVI.ad.gob" id="Test Suites/Data_mysql2">
      <properties>
         <property name="deviceName" value=""/>
         <property name="devicePlatform" value=""/>
         <property name="logFolder" value="C:\\Todo_Katalon\\Proyectos\\Proyecto_uno\\Reports\\20210720_215348\\Data_mysql2\\20210720_215348"/>
         <property name="logFiles" value="C:\\Todo_Katalon\\Proyectos\\Proyecto_uno\\Reports\\20210720_215348\\Data_mysql2\\20210720_215348\\execution0.log"/>
         <property name="attachments" value=""/>
         <property name="hostName" value="rodrigo.villanueva.c - EELX01RODRIGOVI.ad.gob"/>
         <property name="os" value="Windows 10 64bit"/>
         <property name="katalonVersion" value="8.0.5.208"/>
         <property name="dbServerInfo" value="MySQL 5.5.5-10.4.18-MariaDB"/>
         <property name="browser" value="Chrome 91.0.4472.164"/>
         <property name="hostAddress" value="192.168.56.1"/>
         <property name="sessionId" value="fe9dc1c0c2af97ac56c9a74331636c4c"/>
         <property name="seleniumVersion" value="3.141.59"/>
         <property name="proxyInformation" value="ProxyInformation { proxyOption=NO_PROXY, proxyServerType=HTTP, username=, password=********, proxyServerAddress=, proxyServerPort=0, executionList=&quot;&quot;, isApplyToDesiredCapabilities=true }"/>
         <property name="platform" value="Windows 10"/>
      </properties>
      <testcase name="Test Cases/Drive_excel/Drive_excel" time="12.044" classname="Test Cases/Drive_excel/Drive_excel" status="PASSED">
         <system-out><![CDATA[2021-07-20 21:54:03 - [TEST_CASE][PASSED] - Test Cases/Drive_excel/Drive_excel: Test Cases/Drive_excel/Drive_excel

2021-07-20 21:54:03 - [TEST_STEP][PASSED] - openBrowser(""): Browser is opened with url: ''

2021-07-20 21:54:04 - [MESSAGE][INFO] - Starting 'Chrome' driver

2021-07-20 21:54:04 - [MESSAGE][INFO] - Action delay is set to 0 milliseconds

2021-07-20 21:54:06 - [MESSAGE][PASSED] - Browser is opened with url: ''

2021-07-20 21:54:06 - [TEST_STEP][PASSED] - navigateToUrl("https://demoqa.com/automation-practice-form"): Navigate to 'https://demoqa.com/automation-practice-form' successfully

2021-07-20 21:54:09 - [MESSAGE][PASSED] - Navigate to 'https://demoqa.com/automation-practice-form' successfully

2021-07-20 21:54:09 - [TEST_STEP][PASSED] - waitForPageLoad(40): Wait for page load successfully

2021-07-20 21:54:10 - [MESSAGE][PASSED] - Wait for page load successfully

2021-07-20 21:54:10 - [TEST_STEP][PASSED] - maximizeWindow(): Current window maximized

2021-07-20 21:54:10 - [MESSAGE][PASSED] - Current window maximized

2021-07-20 21:54:10 - [TEST_STEP][PASSED] - setText(findTestObject("Object Repository/Drive_excel/Page_ToolsQA/input_Name_firstName"), nombre): Text 'nombre111' is set on object 'Object Repository/Drive_excel/Page_ToolsQA/input_Name_firstName'

2021-07-20 21:54:11 - [MESSAGE][PASSED] - Text 'nombre111' is set on object 'Object Repository/Drive_excel/Page_ToolsQA/input_Name_firstName'

2021-07-20 21:54:11 - [TEST_STEP][PASSED] - setText(findTestObject("Object Repository/Drive_excel/Page_ToolsQA/input_Name_lastName"), apellido): Text 'apellido222' is set on object 'Object Repository/Drive_excel/Page_ToolsQA/input_Name_lastName'

2021-07-20 21:54:12 - [MESSAGE][PASSED] - Text 'apellido222' is set on object 'Object Repository/Drive_excel/Page_ToolsQA/input_Name_lastName'

2021-07-20 21:54:12 - [TEST_STEP][PASSED] - setText(findTestObject("Object Repository/Drive_excel/Page_ToolsQA/input_Email_userEmail"), email): Text 'email333' is set on object 'Object Repository/Drive_excel/Page_ToolsQA/input_Email_userEmail'

2021-07-20 21:54:12 - [MESSAGE][PASSED] - Text 'email333' is set on object 'Object Repository/Drive_excel/Page_ToolsQA/input_Email_userEmail'

2021-07-20 21:54:12 - [TEST_STEP][PASSED] - delay(2): Delayed 2 second(s)

2021-07-20 21:54:14 - [MESSAGE][PASSED] - Delayed 2 second(s)

2021-07-20 21:54:14 - [TEST_STEP][PASSED] - closeBrowser(): Browser is closed

2021-07-20 21:54:15 - [MESSAGE][PASSED] - Browser is closed]]></system-out>
         <system-err><![CDATA[]]></system-err>
      </testcase>
      <testcase name="Test Cases/Drive_excel/Drive_excel" time="9.499" classname="Test Cases/Drive_excel/Drive_excel" status="PASSED">
         <system-out><![CDATA[2021-07-20 21:54:15 - [TEST_CASE][PASSED] - Test Cases/Drive_excel/Drive_excel: Test Cases/Drive_excel/Drive_excel

2021-07-20 21:54:15 - [TEST_STEP][PASSED] - openBrowser(""): Browser is opened with url: ''

2021-07-20 21:54:15 - [MESSAGE][INFO] - Starting 'Chrome' driver

2021-07-20 21:54:15 - [MESSAGE][INFO] - Action delay is set to 0 milliseconds

2021-07-20 21:54:16 - [MESSAGE][PASSED] - Browser is opened with url: ''

2021-07-20 21:54:16 - [TEST_STEP][PASSED] - navigateToUrl("https://demoqa.com/automation-practice-form"): Navigate to 'https://demoqa.com/automation-practice-form' successfully

2021-07-20 21:54:19 - [MESSAGE][PASSED] - Navigate to 'https://demoqa.com/automation-practice-form' successfully

2021-07-20 21:54:19 - [TEST_STEP][PASSED] - waitForPageLoad(40): Wait for page load successfully

2021-07-20 21:54:19 - [MESSAGE][PASSED] - Wait for page load successfully

2021-07-20 21:54:19 - [TEST_STEP][PASSED] - maximizeWindow(): Current window maximized

2021-07-20 21:54:19 - [MESSAGE][PASSED] - Current window maximized

2021-07-20 21:54:19 - [TEST_STEP][PASSED] - setText(findTestObject("Object Repository/Drive_excel/Page_ToolsQA/input_Name_firstName"), nombre): Text 'juan' is set on object 'Object Repository/Drive_excel/Page_ToolsQA/input_Name_firstName'

2021-07-20 21:54:20 - [MESSAGE][PASSED] - Text 'juan' is set on object 'Object Repository/Drive_excel/Page_ToolsQA/input_Name_firstName'

2021-07-20 21:54:20 - [TEST_STEP][PASSED] - setText(findTestObject("Object Repository/Drive_excel/Page_ToolsQA/input_Name_lastName"), apellido): Text 'perez' is set on object 'Object Repository/Drive_excel/Page_ToolsQA/input_Name_lastName'

2021-07-20 21:54:21 - [MESSAGE][PASSED] - Text 'perez' is set on object 'Object Repository/Drive_excel/Page_ToolsQA/input_Name_lastName'

2021-07-20 21:54:21 - [TEST_STEP][PASSED] - setText(findTestObject("Object Repository/Drive_excel/Page_ToolsQA/input_Email_userEmail"), email): Text 'perez@gmail.com' is set on object 'Object Repository/Drive_excel/Page_ToolsQA/input_Email_userEmail'

2021-07-20 21:54:22 - [MESSAGE][PASSED] - Text 'perez@gmail.com' is set on object 'Object Repository/Drive_excel/Page_ToolsQA/input_Email_userEmail'

2021-07-20 21:54:22 - [TEST_STEP][PASSED] - delay(2): Delayed 2 second(s)

2021-07-20 21:54:24 - [MESSAGE][PASSED] - Delayed 2 second(s)

2021-07-20 21:54:24 - [TEST_STEP][PASSED] - closeBrowser(): Browser is closed

2021-07-20 21:54:24 - [MESSAGE][PASSED] - Browser is closed]]></system-out>
         <system-err><![CDATA[]]></system-err>
      </testcase>
      <system-out><![CDATA[2021-07-20 21:54:02 - [TEST_SUITE][PASSED] - Data_mysql2: Test Cases/Drive_excel/Drive_excel]]></system-out>
      <system-err><![CDATA[]]></system-err>
   </testsuite>
</testsuites>
