<?xml version="1.0" encoding="UTF-8"?>
<testsuites name="Test_suite_5" time="117.302" tests="5" failures="0" errors="0">
   <testsuite name="Test_suite_5" tests="5" failures="0" errors="0" time="117.302" skipped="0" timestamp="2021-07-19 16:58:02" hostname="rodrigo.villanueva.c - EELX01RODRIGOVI.ad.gob" id="Test Suites/Test_suite_5">
      <properties>
         <property name="deviceName" value=""/>
         <property name="devicePlatform" value=""/>
         <property name="logFolder" value="C:\\Todo_Katalon\\Proyectos\\Proyecto_uno\\Reports\\20210719_165709\\Test_suite_5\\20210719_165718"/>
         <property name="logFiles" value="C:\\Todo_Katalon\\Proyectos\\Proyecto_uno\\Reports\\20210719_165709\\Test_suite_5\\20210719_165718\\execution0.log"/>
         <property name="attachments" value=""/>
         <property name="hostName" value="rodrigo.villanueva.c - EELX01RODRIGOVI.ad.gob"/>
         <property name="os" value="Windows 10 64bit"/>
         <property name="katalonVersion" value="8.0.5.208"/>
         <property name="browser" value="Chrome 91.0.4472.124"/>
         <property name="hostAddress" value="10.255.249.109"/>
         <property name="sessionId" value="09d0fbfc003aaa97d0c921e657c3a963"/>
         <property name="seleniumVersion" value="3.141.59"/>
         <property name="proxyInformation" value="ProxyInformation { proxyOption=NO_PROXY, proxyServerType=HTTP, username=, password=********, proxyServerAddress=, proxyServerPort=0, executionList=&quot;&quot;, isApplyToDesiredCapabilities=true }"/>
         <property name="platform" value="Windows 10"/>
      </properties>
      <testcase name="Test Cases/Reto_uno/Reto_uno" time="24.172" classname="Test Cases/Reto_uno/Reto_uno" status="PASSED">
         <system-out><![CDATA[2021-07-19 16:58:03 - [TEST_CASE][PASSED] - Test Cases/Reto_uno/Reto_uno: Test Cases/Reto_uno/Reto_uno

2021-07-19 16:58:04 - [TEST_STEP][PASSED] - openBrowser(""): Browser is opened with url: ''

2021-07-19 16:58:05 - [MESSAGE][INFO] - Starting 'Chrome' driver

2021-07-19 16:58:05 - [MESSAGE][INFO] - Action delay is set to 0 milliseconds

2021-07-19 16:58:11 - [MESSAGE][PASSED] - Browser is opened with url: ''

2021-07-19 16:58:11 - [TEST_STEP][PASSED] - navigateToUrl("https://demoqa.com/"): Navigate to 'https://demoqa.com/' successfully

2021-07-19 16:58:19 - [MESSAGE][PASSED] - Navigate to 'https://demoqa.com/' successfully

2021-07-19 16:58:19 - [TEST_STEP][PASSED] - maximizeWindow(): Current window maximized

2021-07-19 16:58:19 - [MESSAGE][PASSED] - Current window maximized

2021-07-19 16:58:19 - [TEST_STEP][PASSED] - click(findTestObject("Object Repository/Reto_uno/Page_ToolsQA/div_Elements_card-up")): Object: 'Object Repository/Reto_uno/Page_ToolsQA/div_Elements_card-up' is clicked on

2021-07-19 16:58:20 - [MESSAGE][PASSED] - Object: 'Object Repository/Reto_uno/Page_ToolsQA/div_Elements_card-up' is clicked on

2021-07-19 16:58:20 - [TEST_STEP][PASSED] - click(findTestObject("Object Repository/Reto_uno/Page_ToolsQA/span_Check Box")): Object: 'Object Repository/Reto_uno/Page_ToolsQA/span_Check Box' is clicked on

2021-07-19 16:58:21 - [MESSAGE][PASSED] - Object: 'Object Repository/Reto_uno/Page_ToolsQA/span_Check Box' is clicked on

2021-07-19 16:58:21 - [TEST_STEP][PASSED] - click(findTestObject("Object Repository/Reto_uno/Page_ToolsQA/svg_Book Store API_rct-icon rct-icon-uncheck")): Object: 'Object Repository/Reto_uno/Page_ToolsQA/svg_Book Store API_rct-icon rct-icon-uncheck' is clicked on

2021-07-19 16:58:22 - [MESSAGE][PASSED] - Object: 'Object Repository/Reto_uno/Page_ToolsQA/svg_Book Store API_rct-icon rct-icon-uncheck' is clicked on

2021-07-19 16:58:22 - [TEST_STEP][PASSED] - click(findTestObject("Object Repository/Reto_uno/Page_ToolsQA/svg_Book Store API_rct-icon rct-icon-expand-close")): Object: 'Object Repository/Reto_uno/Page_ToolsQA/svg_Book Store API_rct-icon rct-icon-expand-close' is clicked on

2021-07-19 16:58:23 - [MESSAGE][PASSED] - Object: 'Object Repository/Reto_uno/Page_ToolsQA/svg_Book Store API_rct-icon rct-icon-expand-close' is clicked on

2021-07-19 16:58:23 - [TEST_STEP][PASSED] - click(findTestObject("Object Repository/Reto_uno/Page_ToolsQA/span_Radio Button")): Object: 'Object Repository/Reto_uno/Page_ToolsQA/span_Radio Button' is clicked on

2021-07-19 16:58:24 - [MESSAGE][PASSED] - Object: 'Object Repository/Reto_uno/Page_ToolsQA/span_Radio Button' is clicked on

2021-07-19 16:58:24 - [TEST_STEP][PASSED] - click(findTestObject("Object Repository/Reto_uno/Page_ToolsQA/label_Yes")): Object: 'Object Repository/Reto_uno/Page_ToolsQA/label_Yes' is clicked on

2021-07-19 16:58:24 - [MESSAGE][PASSED] - Object: 'Object Repository/Reto_uno/Page_ToolsQA/label_Yes' is clicked on

2021-07-19 16:58:24 - [TEST_STEP][PASSED] - click(findTestObject("Object Repository/Reto_uno/Page_ToolsQA/label_Impressive")): Object: 'Object Repository/Reto_uno/Page_ToolsQA/label_Impressive' is clicked on

2021-07-19 16:58:25 - [MESSAGE][PASSED] - Object: 'Object Repository/Reto_uno/Page_ToolsQA/label_Impressive' is clicked on

2021-07-19 16:58:25 - [TEST_STEP][PASSED] - click(findTestObject("Object Repository/Reto_uno/Page_ToolsQA/div_Radio Button")): Object: 'Object Repository/Reto_uno/Page_ToolsQA/div_Radio Button' is clicked on

2021-07-19 16:58:26 - [MESSAGE][PASSED] - Object: 'Object Repository/Reto_uno/Page_ToolsQA/div_Radio Button' is clicked on

2021-07-19 16:58:26 - [TEST_STEP][PASSED] - verifyElementVisible(findTestObject("Reto_uno/Page_ToolsQA/div_Radio Button")): Object 'Object Repository/Reto_uno/Page_ToolsQA/div_Radio Button' is visible

2021-07-19 16:58:27 - [MESSAGE][PASSED] - Object 'Object Repository/Reto_uno/Page_ToolsQA/div_Radio Button' is visible

2021-07-19 16:58:27 - [TEST_STEP][PASSED] - verifyElementText(findTestObject("Reto_uno/Page_ToolsQA/div_Radio Button"), "Radio Button"): Actual text and expected text of test object 'Object Repository/Reto_uno/Page_ToolsQA/div_Radio Button' are matched.

2021-07-19 16:58:27 - [MESSAGE][PASSED] - Actual text and expected text of test object 'Object Repository/Reto_uno/Page_ToolsQA/div_Radio Button' are matched.]]></system-out>
         <system-err><![CDATA[]]></system-err>
      </testcase>
      <testcase name="Test Cases/Reto_xpath/Reto_xpath" time="30.776" classname="Test Cases/Reto_xpath/Reto_xpath" status="PASSED">
         <system-out><![CDATA[2021-07-19 16:58:27 - [TEST_CASE][PASSED] - Test Cases/Reto_xpath/Reto_xpath: Test Cases/Reto_xpath/Reto_xpath

2021-07-19 16:58:28 - [TEST_STEP][PASSED] - openBrowser(""): Browser is opened with url: ''

2021-07-19 16:58:28 - [MESSAGE][WARNING] - A browser is already opened. Closing browser and opening a new one

2021-07-19 16:58:29 - [MESSAGE][INFO] - Starting 'Chrome' driver

2021-07-19 16:58:29 - [MESSAGE][INFO] - Action delay is set to 0 milliseconds

2021-07-19 16:58:31 - [MESSAGE][PASSED] - Browser is opened with url: ''

2021-07-19 16:58:32 - [TEST_STEP][PASSED] - navigateToUrl("https://demoqa.com/automation-practice-form"): Navigate to 'https://demoqa.com/automation-practice-form' successfully

2021-07-19 16:58:34 - [MESSAGE][PASSED] - Navigate to 'https://demoqa.com/automation-practice-form' successfully

2021-07-19 16:58:34 - [TEST_STEP][PASSED] - maximizeWindow(): Current window maximized

2021-07-19 16:58:34 - [MESSAGE][PASSED] - Current window maximized

2021-07-19 16:58:34 - [TEST_STEP][PASSED] - setText(findTestObject("Reto_xpath/Name"), "Juan"): Text 'Juan' is set on object 'Object Repository/Reto_xpath/Name'

2021-07-19 16:58:38 - [MESSAGE][PASSED] - Text 'Juan' is set on object 'Object Repository/Reto_xpath/Name'

2021-07-19 16:58:38 - [TEST_STEP][PASSED] - setText(findTestObject("Reto_xpath/Apellido_paterno"), "Perez"): Text 'Perez' is set on object 'Object Repository/Reto_xpath/Apellido_paterno'

2021-07-19 16:58:41 - [MESSAGE][PASSED] - Text 'Perez' is set on object 'Object Repository/Reto_xpath/Apellido_paterno'

2021-07-19 16:58:41 - [TEST_STEP][PASSED] - setText(findTestObject("Reto_xpath/Email"), "perez@gmail.com"): Text 'perez@gmail.com' is set on object 'Object Repository/Reto_xpath/Email'

2021-07-19 16:58:42 - [MESSAGE][PASSED] - Text 'perez@gmail.com' is set on object 'Object Repository/Reto_xpath/Email'

2021-07-19 16:58:42 - [TEST_STEP][PASSED] - delay(2): Delayed 2 second(s)

2021-07-19 16:58:44 - [MESSAGE][PASSED] - Delayed 2 second(s)

2021-07-19 16:58:44 - [TEST_STEP][PASSED] - scrollToElement(findTestObject("Reto_xpath/Boton"), 2): Scroll to object 'Object Repository/Reto_xpath/Boton' successfully

2021-07-19 16:58:45 - [MESSAGE][PASSED] - Scroll to object 'Object Repository/Reto_xpath/Boton' successfully

2021-07-19 16:58:45 - [TEST_STEP][PASSED] - delay(5): Delayed 5 second(s)

2021-07-19 16:58:50 - [MESSAGE][PASSED] - Delayed 5 second(s)

2021-07-19 16:58:50 - [TEST_STEP][PASSED] - click(findTestObject("Reto_xpath/Boton")): Object: 'Object Repository/Reto_xpath/Boton' is clicked on

2021-07-19 16:58:51 - [MESSAGE][PASSED] - Object: 'Object Repository/Reto_xpath/Boton' is clicked on

2021-07-19 16:58:51 - [TEST_STEP][PASSED] - delay(5): Delayed 5 second(s)

2021-07-19 16:58:56 - [MESSAGE][PASSED] - Delayed 5 second(s)

2021-07-19 16:58:56 - [TEST_STEP][PASSED] - closeBrowser(): Browser is closed

2021-07-19 16:58:58 - [MESSAGE][PASSED] - Browser is closed]]></system-out>
         <system-err><![CDATA[]]></system-err>
      </testcase>
      <testcase name="Test Cases/Select/Select" time="26.338" classname="Test Cases/Select/Select" status="PASSED">
         <system-out><![CDATA[2021-07-19 16:58:58 - [TEST_CASE][PASSED] - Test Cases/Select/Select: Test Cases/Select/Select

2021-07-19 16:58:59 - [TEST_STEP][PASSED] - openBrowser(""): Browser is opened with url: ''

2021-07-19 16:58:59 - [MESSAGE][INFO] - Starting 'Chrome' driver

2021-07-19 16:58:59 - [MESSAGE][INFO] - Action delay is set to 0 milliseconds

2021-07-19 16:59:01 - [MESSAGE][PASSED] - Browser is opened with url: ''

2021-07-19 16:59:01 - [TEST_STEP][PASSED] - navigateToUrl("https://www.seleniumeasy.com/test/basic-select-dropdown-demo.html"): Navigate to 'https://www.seleniumeasy.com/test/basic-select-dropdown-demo.html' successfully

2021-07-19 16:59:02 - [MESSAGE][PASSED] - Navigate to 'https://www.seleniumeasy.com/test/basic-select-dropdown-demo.html' successfully

2021-07-19 16:59:02 - [TEST_STEP][PASSED] - maximizeWindow(): Current window maximized

2021-07-19 16:59:03 - [MESSAGE][PASSED] - Current window maximized

2021-07-19 16:59:03 - [TEST_STEP][PASSED] - selectOptionByLabel(findTestObject("Select/Combo_select_1"), "Sunday", false): All options with label 'Sunday' are selected in object 'Object Repository/Select/Combo_select_1' 

2021-07-19 16:59:04 - [MESSAGE][PASSED] - All options with label 'Sunday' are selected in object 'Object Repository/Select/Combo_select_1' 

2021-07-19 16:59:04 - [TEST_STEP][PASSED] - delay(tiempo): Delayed 0.5 second(s)

2021-07-19 16:59:04 - [MESSAGE][PASSED] - Delayed 0.5 second(s)

2021-07-19 16:59:04 - [TEST_STEP][PASSED] - selectOptionByIndex(findTestObject("Select/Combo_select_1"), 3): All options with index in [3] are selected on object 'Object Repository/Select/Combo_select_1'

2021-07-19 16:59:05 - [MESSAGE][PASSED] - All options with index in [3] are selected on object 'Object Repository/Select/Combo_select_1'

2021-07-19 16:59:05 - [TEST_STEP][PASSED] - delay(tiempo): Delayed 0.5 second(s)

2021-07-19 16:59:06 - [MESSAGE][PASSED] - Delayed 0.5 second(s)

2021-07-19 16:59:06 - [TEST_STEP][PASSED] - selectOptionByValue(findTestObject("Select/Combo_select_1"), "Thursday", false): All options with value 'Thursday' are selected in object 'Object Repository/Select/Combo_select_1' 

2021-07-19 16:59:07 - [MESSAGE][PASSED] - All options with value 'Thursday' are selected in object 'Object Repository/Select/Combo_select_1' 

2021-07-19 16:59:07 - [TEST_STEP][PASSED] - delay(tiempo): Delayed 0.5 second(s)

2021-07-19 16:59:08 - [MESSAGE][PASSED] - Delayed 0.5 second(s)

2021-07-19 16:59:08 - [TEST_STEP][PASSED] - selectAllOption(findTestObject("Select/Combo_select_2")): All options are selected on object 'Object Repository/Select/Combo_select_2'

2021-07-19 16:59:17 - [MESSAGE][PASSED] - All options are selected on object 'Object Repository/Select/Combo_select_2'

2021-07-19 16:59:17 - [TEST_STEP][PASSED] - delay(tiempo): Delayed 0.5 second(s)

2021-07-19 16:59:18 - [MESSAGE][PASSED] - Delayed 0.5 second(s)

2021-07-19 16:59:18 - [TEST_STEP][PASSED] - deselectAllOption(findTestObject("Select/Combo_select_2")): All options are de-selected on object 'Object Repository/Select/Combo_select_2'

2021-07-19 16:59:23 - [MESSAGE][PASSED] - All options are de-selected on object 'Object Repository/Select/Combo_select_2'

2021-07-19 16:59:23 - [TEST_STEP][PASSED] - delay(tiempo): Delayed 0.5 second(s)

2021-07-19 16:59:24 - [MESSAGE][PASSED] - Delayed 0.5 second(s)

2021-07-19 16:59:24 - [TEST_STEP][PASSED] - closeBrowser(): Browser is closed

2021-07-19 16:59:24 - [MESSAGE][PASSED] - Browser is closed]]></system-out>
         <system-err><![CDATA[]]></system-err>
      </testcase>
      <testcase name="Test Cases/Set_text_Combo_text/Set_text" time="25.429" classname="Test Cases/Set_text_Combo_text/Set_text" status="PASSED">
         <system-out><![CDATA[2021-07-19 16:59:24 - [TEST_CASE][PASSED] - Test Cases/Set_text_Combo_text/Set_text: Test Cases/Set_text_Combo_text/Set_text

2021-07-19 16:59:25 - [TEST_STEP][PASSED] - openBrowser(""): Browser is opened with url: ''

2021-07-19 16:59:26 - [MESSAGE][INFO] - Starting 'Chrome' driver

2021-07-19 16:59:26 - [MESSAGE][INFO] - Action delay is set to 0 milliseconds

2021-07-19 16:59:27 - [MESSAGE][PASSED] - Browser is opened with url: ''

2021-07-19 16:59:27 - [TEST_STEP][PASSED] - navigateToUrl("https://demoqa.com/automation-practice-form"): Navigate to 'https://demoqa.com/automation-practice-form' successfully

2021-07-19 16:59:30 - [MESSAGE][PASSED] - Navigate to 'https://demoqa.com/automation-practice-form' successfully

2021-07-19 16:59:30 - [TEST_STEP][PASSED] - click(findTestObject("Object Repository/Set_text/Page_ToolsQA/input_Name_firstName")): Object: 'Object Repository/Set_text/Page_ToolsQA/input_Name_firstName' is clicked on

2021-07-19 16:59:31 - [MESSAGE][PASSED] - Object: 'Object Repository/Set_text/Page_ToolsQA/input_Name_firstName' is clicked on

2021-07-19 16:59:31 - [TEST_STEP][PASSED] - setText(findTestObject("Object Repository/Set_text/Page_ToolsQA/input_Name_firstName"), "Pedro"): Text 'Pedro' is set on object 'Object Repository/Set_text/Page_ToolsQA/input_Name_firstName'

2021-07-19 16:59:32 - [MESSAGE][PASSED] - Text 'Pedro' is set on object 'Object Repository/Set_text/Page_ToolsQA/input_Name_firstName'

2021-07-19 16:59:32 - [TEST_STEP][PASSED] - setText(findTestObject("Set_text/Page_ToolsQA/input_Name_firstName"), "Juan"): Text 'Juan' is set on object 'Object Repository/Set_text/Page_ToolsQA/input_Name_firstName'

2021-07-19 16:59:34 - [MESSAGE][PASSED] - Text 'Juan' is set on object 'Object Repository/Set_text/Page_ToolsQA/input_Name_firstName'

2021-07-19 16:59:34 - [TEST_STEP][PASSED] - delay(tiempo): Delayed 1 second(s)

2021-07-19 16:59:35 - [MESSAGE][PASSED] - Delayed 1 second(s)

2021-07-19 16:59:35 - [TEST_STEP][PASSED] - sendKeys(findTestObject("Set_text/Page_ToolsQA/input_Name_firstName"), "Erika"): Keys 'Erika' sent to object: 'Object Repository/Set_text/Page_ToolsQA/input_Name_firstName'

2021-07-19 16:59:36 - [MESSAGE][PASSED] - Keys 'Erika' sent to object: 'Object Repository/Set_text/Page_ToolsQA/input_Name_firstName'

2021-07-19 16:59:36 - [TEST_STEP][PASSED] - delay(tiempo): Delayed 1 second(s)

2021-07-19 16:59:37 - [MESSAGE][PASSED] - Delayed 1 second(s)

2021-07-19 16:59:37 - [TEST_STEP][PASSED] - clearText(findTestObject("Set_text/Page_ToolsQA/input_Name_firstName")): Text of object 'Object Repository/Set_text/Page_ToolsQA/input_Name_firstName' is cleared

2021-07-19 16:59:38 - [MESSAGE][PASSED] - Text of object 'Object Repository/Set_text/Page_ToolsQA/input_Name_firstName' is cleared

2021-07-19 16:59:38 - [TEST_STEP][PASSED] - sendKeys(findTestObject("Set_text/Page_ToolsQA/input_Name_firstName"), "Carlos"): Keys 'Carlos' sent to object: 'Object Repository/Set_text/Page_ToolsQA/input_Name_firstName'

2021-07-19 16:59:38 - [MESSAGE][PASSED] - Keys 'Carlos' sent to object: 'Object Repository/Set_text/Page_ToolsQA/input_Name_firstName'

2021-07-19 16:59:38 - [TEST_STEP][PASSED] - delay(tiempo): Delayed 1 second(s)

2021-07-19 16:59:39 - [MESSAGE][PASSED] - Delayed 1 second(s)

2021-07-19 16:59:39 - [TEST_STEP][PASSED] - check(findTestObject("Set_text/Page_ToolsQA/label_Male")): Object 'Object Repository/Set_text/Page_ToolsQA/label_Male' is checked

2021-07-19 16:59:41 - [MESSAGE][PASSED] - Object 'Object Repository/Set_text/Page_ToolsQA/label_Male' is checked

2021-07-19 16:59:41 - [TEST_STEP][PASSED] - delay(tiempo): Delayed 1 second(s)

2021-07-19 16:59:42 - [MESSAGE][PASSED] - Delayed 1 second(s)

2021-07-19 16:59:42 - [TEST_STEP][PASSED] - uncheck(findTestObject("Set_text/Page_ToolsQA/label_Male")): Object 'Object Repository/Set_text/Page_ToolsQA/label_Male' is un-checked

2021-07-19 16:59:42 - [MESSAGE][PASSED] - Object 'Object Repository/Set_text/Page_ToolsQA/label_Male' is un-checked

2021-07-19 16:59:42 - [TEST_STEP][PASSED] - delay(tiempo): Delayed 1 second(s)

2021-07-19 16:59:43 - [MESSAGE][PASSED] - Delayed 1 second(s)

2021-07-19 16:59:43 - [TEST_STEP][PASSED] - scrollToElement(findTestObject("Set_text/Page_ToolsQA/Check_1"), 1): Scroll to object 'Object Repository/Set_text/Page_ToolsQA/Check_1' successfully

2021-07-19 16:59:44 - [MESSAGE][PASSED] - Scroll to object 'Object Repository/Set_text/Page_ToolsQA/Check_1' successfully

2021-07-19 16:59:44 - [TEST_STEP][PASSED] - click(findTestObject("Set_text/Page_ToolsQA/Check_1")): Object: 'Object Repository/Set_text/Page_ToolsQA/Check_1' is clicked on

2021-07-19 16:59:45 - [MESSAGE][PASSED] - Object: 'Object Repository/Set_text/Page_ToolsQA/Check_1' is clicked on

2021-07-19 16:59:45 - [TEST_STEP][PASSED] - delay(tiempo): Delayed 1 second(s)

2021-07-19 16:59:46 - [MESSAGE][PASSED] - Delayed 1 second(s)

2021-07-19 16:59:46 - [TEST_STEP][PASSED] - click(findTestObject("Set_text/Page_ToolsQA/Link")): Object: 'Object Repository/Set_text/Page_ToolsQA/Link' is clicked on

2021-07-19 16:59:48 - [MESSAGE][PASSED] - Object: 'Object Repository/Set_text/Page_ToolsQA/Link' is clicked on

2021-07-19 16:59:48 - [TEST_STEP][PASSED] - delay(tiempo): Delayed 1 second(s)

2021-07-19 16:59:49 - [MESSAGE][PASSED] - Delayed 1 second(s)

2021-07-19 16:59:49 - [TEST_STEP][PASSED] - closeBrowser(): Browser is closed

2021-07-19 16:59:50 - [MESSAGE][PASSED] - Browser is closed]]></system-out>
         <system-err><![CDATA[]]></system-err>
      </testcase>
      <testcase name="Test Cases/Spy_web/Caso_spy_web" time="9.065" classname="Test Cases/Spy_web/Caso_spy_web" status="PASSED">
         <system-out><![CDATA[2021-07-19 16:59:50 - [TEST_CASE][PASSED] - Test Cases/Spy_web/Caso_spy_web: Test Cases/Spy_web/Caso_spy_web

2021-07-19 16:59:50 - [TEST_STEP][PASSED] - openBrowser(""): Browser is opened with url: ''

2021-07-19 16:59:50 - [MESSAGE][INFO] - Starting 'Chrome' driver

2021-07-19 16:59:50 - [MESSAGE][INFO] - Action delay is set to 0 milliseconds

2021-07-19 16:59:52 - [MESSAGE][PASSED] - Browser is opened with url: ''

2021-07-19 16:59:52 - [TEST_STEP][PASSED] - navigateToUrl("https://demoqa.com/text-box"): Navigate to 'https://demoqa.com/text-box' successfully

2021-07-19 16:59:54 - [MESSAGE][PASSED] - Navigate to 'https://demoqa.com/text-box' successfully

2021-07-19 16:59:54 - [TEST_STEP][PASSED] - maximizeWindow(): Current window maximized

2021-07-19 16:59:54 - [MESSAGE][PASSED] - Current window maximized

2021-07-19 16:59:54 - [TEST_STEP][PASSED] - setText(findTestObject("Spy_web/Page_ToolsQA/input_Full Name_userName"), "Rodrigo"): Text 'Rodrigo' is set on object 'Object Repository/Spy_web/Page_ToolsQA/input_Full Name_userName'

2021-07-19 16:59:55 - [MESSAGE][PASSED] - Text 'Rodrigo' is set on object 'Object Repository/Spy_web/Page_ToolsQA/input_Full Name_userName'

2021-07-19 16:59:55 - [TEST_STEP][PASSED] - setText(findTestObject("Spy_web/Page_ToolsQA/input_Email_userEmail"), "rodrigo@gmail.com"): Text 'rodrigo@gmail.com' is set on object 'Object Repository/Spy_web/Page_ToolsQA/input_Email_userEmail'

2021-07-19 16:59:56 - [MESSAGE][PASSED] - Text 'rodrigo@gmail.com' is set on object 'Object Repository/Spy_web/Page_ToolsQA/input_Email_userEmail'

2021-07-19 16:59:56 - [TEST_STEP][PASSED] - setText(findTestObject("Spy_web/Page_ToolsQA/textarea_Current Address_currentAddress"), "dirección uno"): Text 'dirección uno' is set on object 'Object Repository/Spy_web/Page_ToolsQA/textarea_Current Address_currentAddress'

2021-07-19 16:59:57 - [MESSAGE][PASSED] - Text 'dirección uno' is set on object 'Object Repository/Spy_web/Page_ToolsQA/textarea_Current Address_currentAddress'

2021-07-19 16:59:57 - [TEST_STEP][PASSED] - setText(findTestObject("Spy_web/Page_ToolsQA/textarea_Permanent Address_permanentAddress"), "Dirección dos"): Text 'Dirección dos' is set on object 'Object Repository/Spy_web/Page_ToolsQA/textarea_Permanent Address_permanentAddress'

2021-07-19 16:59:57 - [MESSAGE][PASSED] - Text 'Dirección dos' is set on object 'Object Repository/Spy_web/Page_ToolsQA/textarea_Permanent Address_permanentAddress'

2021-07-19 16:59:57 - [TEST_STEP][PASSED] - scrollToPosition(0, 120): Browser is scrolled to position x = 0, y = 120

2021-07-19 16:59:57 - [MESSAGE][PASSED] - Browser is scrolled to position x = 0, y = 120

2021-07-19 16:59:57 - [TEST_STEP][PASSED] - click(findTestObject("Spy_web/Page_ToolsQA/button_Submit")): Object: 'Object Repository/Spy_web/Page_ToolsQA/button_Submit' is clicked on

2021-07-19 16:59:58 - [MESSAGE][PASSED] - Object: 'Object Repository/Spy_web/Page_ToolsQA/button_Submit' is clicked on

2021-07-19 16:59:58 - [TEST_STEP][PASSED] - verifyTextPresent("Text Box", false): Text 'Text Box' is present on page 

2021-07-19 16:59:58 - [MESSAGE][PASSED] - Text 'Text Box' is present on page 

2021-07-19 16:59:58 - [TEST_STEP][PASSED] - closeBrowser(): Browser is closed

2021-07-19 16:59:59 - [MESSAGE][PASSED] - Browser is closed]]></system-out>
         <system-err><![CDATA[]]></system-err>
      </testcase>
      <system-out><![CDATA[2021-07-19 16:58:02 - [TEST_SUITE][PASSED] - Test_suite_5: Test Cases/Spy_web/Caso_spy_web]]></system-out>
      <system-err><![CDATA[]]></system-err>
   </testsuite>
</testsuites>
