<?xml version="1.0" encoding="UTF-8"?>
<testsuites name="testCLoud" time="475.421" tests="34" failures="0" errors="0">
   <testsuite name="testCLoud" tests="34" failures="0" errors="0" time="475.421" skipped="0" timestamp="2022-11-30 21:08:08" hostname="NTK2299$ - 192.168.0.13" id="Test Suites/testCLoud">
      <properties>
         <property name="deviceName" value=""/>
         <property name="devicePlatform" value=""/>
         <property name="logFolder" value="C:\\Users\\admin\\git\\KatalonCertificacion\\Reports\\20221130_210744\\testCLoud\\20221130_210757"/>
         <property name="logFiles" value="C:\\Users\\admin\\git\\KatalonCertificacion\\Reports\\20221130_210744\\testCLoud\\20221130_210757\\execution0.log"/>
         <property name="attachments" value=""/>
         <property name="hostName" value="NTK2299$ - 192.168.0.13"/>
         <property name="os" value="Windows 10 64bit"/>
         <property name="katalonVersion" value="8.5.2.208"/>
         <property name="browser" value="Chrome 107.0.0.0"/>
         <property name="hostAddress" value="192.168.0.13"/>
         <property name="sessionId" value="1ae05558ae510449a608dd7e9a6461c3"/>
         <property name="seleniumVersion" value="3.141.59"/>
         <property name="proxyInformation" value="ProxyInformation { proxyOption=NO_PROXY, proxyServerType=HTTP, username=, password=********, proxyServerAddress=, proxyServerPort=0, executionList=&quot;&quot;, isApplyToDesiredCapabilities=true }"/>
         <property name="platform" value="Windows 10"/>
      </properties>
      <testcase name="Test Cases/Navegador/Navegador" time="12.634" classname="Test Cases/Navegador/Navegador" status="PASSED">
         <system-out><![CDATA[2022-11-30 21:08:09 - [TEST_CASE][PASSED] - Test Cases/Navegador/Navegador: Test Cases/Navegador/Navegador

2022-11-30 21:08:09 - [TEST_STEP][PASSED] - openBrowser("https://demoqa.com/text-box"): Browser is opened with url: 'https://demoqa.com/text-box'

2022-11-30 21:08:09 - [MESSAGE][INFO] - Starting 'Chrome' driver

2022-11-30 21:08:10 - [MESSAGE][INFO] - Action delay is set to 0 milliseconds

2022-11-30 21:08:21 - [MESSAGE][PASSED] - Browser is opened with url: 'https://demoqa.com/text-box'

2022-11-30 21:08:21 - [TEST_STEP][PASSED] - maximizeWindow(): Current window maximized

2022-11-30 21:08:21 - [MESSAGE][PASSED] - Current window maximized

2022-11-30 21:08:21 - [TEST_STEP][PASSED] - page_url = getUrl(): Current window's url is: 'https://demoqa.com/text-box'

2022-11-30 21:08:21 - [MESSAGE][PASSED] - Current window's url is: 'https://demoqa.com/text-box'

2022-11-30 21:08:21 - [TEST_STEP][PASSED] - print(page_url): null

2022-11-30 21:08:21 - [TEST_STEP][PASSED] - Titulo = getWindowTitle(): Current window's title is: 'ToolsQA'

2022-11-30 21:08:21 - [MESSAGE][PASSED] - Current window's title is: 'ToolsQA'

2022-11-30 21:08:21 - [TEST_STEP][PASSED] - print("titiulo de la pagina" + Titulo): null

2022-11-30 21:08:21 - [TEST_STEP][PASSED] - closeBrowser(): Browser is closed

2022-11-30 21:08:21 - [MESSAGE][PASSED] - Browser is closed]]></system-out>
         <system-err><![CDATA[]]></system-err>
      </testcase>
      <testcase name="Test Cases/Objecto_xpath/Caso_xpath" time="20.954" classname="Test Cases/Objecto_xpath/Caso_xpath" status="PASSED">
         <system-out><![CDATA[2022-11-30 21:08:21 - [TEST_CASE][PASSED] - Test Cases/Objecto_xpath/Caso_xpath: Test Cases/Objecto_xpath/Caso_xpath

2022-11-30 21:08:22 - [TEST_STEP][PASSED] - openBrowser(""): Browser is opened with url: ''

2022-11-30 21:08:22 - [MESSAGE][INFO] - Starting 'Chrome' driver

2022-11-30 21:08:22 - [MESSAGE][INFO] - Action delay is set to 0 milliseconds

2022-11-30 21:08:23 - [MESSAGE][PASSED] - Browser is opened with url: ''

2022-11-30 21:08:23 - [TEST_STEP][PASSED] - navigateToUrl("https://demoqa.com/text-box"): Navigate to 'https://demoqa.com/text-box' successfully

2022-11-30 21:08:36 - [MESSAGE][PASSED] - Navigate to 'https://demoqa.com/text-box' successfully

2022-11-30 21:08:36 - [TEST_STEP][PASSED] - maximizeWindow(): Current window maximized

2022-11-30 21:08:36 - [MESSAGE][PASSED] - Current window maximized

2022-11-30 21:08:36 - [TEST_STEP][PASSED] - setText(findTestObject("Objeto_xpath/Campo_nombre"), "Ljubo"): Text 'Ljubo' is set on object 'Object Repository/Objeto_xpath/Campo_nombre'

2022-11-30 21:08:38 - [MESSAGE][PASSED] - Text 'Ljubo' is set on object 'Object Repository/Objeto_xpath/Campo_nombre'

2022-11-30 21:08:38 - [TEST_STEP][PASSED] - delay(3): Delayed 3 second(s)

2022-11-30 21:08:41 - [MESSAGE][PASSED] - Delayed 3 second(s)

2022-11-30 21:08:41 - [TEST_STEP][PASSED] - closeBrowser(): Browser is closed

2022-11-30 21:08:42 - [MESSAGE][PASSED] - Browser is closed]]></system-out>
         <system-err><![CDATA[]]></system-err>
      </testcase>
      <testcase name="Test Cases/Condicionales_If/Condicionar_titulo" time="24.42" classname="Test Cases/Condicionales_If/Condicionar_titulo" status="PASSED">
         <system-out><![CDATA[2022-11-30 21:08:42 - [TEST_CASE][PASSED] - Test Cases/Condicionales_If/Condicionar_titulo: Test Cases/Condicionales_If/Condicionar_titulo

2022-11-30 21:08:43 - [TEST_STEP][PASSED] - openBrowser(""): Browser is opened with url: ''

2022-11-30 21:08:43 - [MESSAGE][INFO] - Starting 'Chrome' driver

2022-11-30 21:08:43 - [MESSAGE][INFO] - Action delay is set to 0 milliseconds

2022-11-30 21:08:45 - [MESSAGE][PASSED] - Browser is opened with url: ''

2022-11-30 21:08:45 - [TEST_STEP][PASSED] - navigateToUrl("https://demoqa.com/"): Navigate to 'https://demoqa.com/' successfully

2022-11-30 21:08:53 - [MESSAGE][PASSED] - Navigate to 'https://demoqa.com/' successfully

2022-11-30 21:08:53 - [TEST_STEP][PASSED] - maximizeWindow(): Current window maximized

2022-11-30 21:08:53 - [MESSAGE][PASSED] - Current window maximized

2022-11-30 21:08:53 - [TEST_STEP][PASSED] - waitForPageLoad(5): Wait for page load successfully

2022-11-30 21:08:53 - [MESSAGE][PASSED] - Wait for page load successfully

2022-11-30 21:08:53 - [TEST_STEP][PASSED] - Existe = waitForElementVisible(findTestObject("Condicionales/Texto_radio"), 3): Web element with id: 'Object Repository/Condicionales/Texto_radio' located by '//div[@class='main-header'][contains(.,'Radio Button')]' not found

2022-11-30 21:08:57 - [MESSAGE][INFO] - Unable to find the element located by 'By.xpath: //div[@class='main-header'][contains(.,'Radio Button')]'. Please recheck the objects properties to make sure the desired element is located. 

2022-11-30 21:08:57 - [MESSAGE][WARNING] - [SELF-HEALING] Failed to find element with id 'Object Repository/Condicionales/Texto_radio'. Try using Self-healing.

2022-11-30 21:08:58 - [MESSAGE][INFO] - [SELF-HEALING] No working XPath is found.

2022-11-30 21:09:00 - [MESSAGE][INFO] - Unable to find the element located by 'By.xpath: '. Please recheck the objects properties to make sure the desired element is located. 

2022-11-30 21:09:00 - [MESSAGE][WARNING] - [SELF-HEALING] Cannot find elements when the selector is null

2022-11-30 21:09:00 - [MESSAGE][WARNING] - Web element with id: 'Object Repository/Condicionales/Texto_radio' located by '//div[@class='main-header'][contains(.,'Radio Button')]' not found

2022-11-30 21:09:00 - [TEST_STEP][PASSED] - print(Existe): null

2022-11-30 21:09:00 - [TEST_STEP][PASSED] - if (Existe == true): null

2022-11-30 21:09:00 - [TEST_STEP][PASSED] - else: Browser is closed

2022-11-30 21:09:00 - [TEST_STEP][PASSED] - print("-----  Error no esta el elemento de texto radio ------"): null

2022-11-30 21:09:00 - [TEST_STEP][PASSED] - navigateToUrl("https://demoqa.com/radio-button"): Navigate to 'https://demoqa.com/radio-button' successfully

2022-11-30 21:09:03 - [MESSAGE][PASSED] - Navigate to 'https://demoqa.com/radio-button' successfully

2022-11-30 21:09:03 - [TEST_STEP][PASSED] - click(findTestObject("Condicionales/Objeto_yes")): Object: 'Object Repository/Condicionales/Objeto_yes' is clicked on

2022-11-30 21:09:04 - [MESSAGE][PASSED] - Object: 'Object Repository/Condicionales/Objeto_yes' is clicked on

2022-11-30 21:09:04 - [TEST_STEP][PASSED] - delay(2): Delayed 2 second(s)

2022-11-30 21:09:06 - [MESSAGE][PASSED] - Delayed 2 second(s)

2022-11-30 21:09:06 - [TEST_STEP][PASSED] - closeBrowser(): Browser is closed

2022-11-30 21:09:07 - [MESSAGE][PASSED] - Browser is closed]]></system-out>
         <system-err><![CDATA[]]></system-err>
      </testcase>
      <testcase name="Test Cases/Condicionales_If/Test_1" time="0.261" classname="Test Cases/Condicionales_If/Test_1" status="PASSED">
         <system-out><![CDATA[2022-11-30 21:09:07 - [TEST_CASE][PASSED] - Test Cases/Condicionales_If/Test_1: Test Cases/Condicionales_If/Test_1

2022-11-30 21:09:07 - [TEST_STEP][PASSED] - if (num == 10): null

2022-11-30 21:09:07 - [TEST_STEP][PASSED] - else: null

2022-11-30 21:09:07 - [TEST_STEP][PASSED] - print("El numero no es un 10 es el numero:  " + num + "#####"): null]]></system-out>
         <system-err><![CDATA[]]></system-err>
      </testcase>
      <testcase name="Test Cases/Condicionales_If/Test_2" time="0.185" classname="Test Cases/Condicionales_If/Test_2" status="PASSED">
         <system-out><![CDATA[2022-11-30 21:09:07 - [TEST_CASE][PASSED] - Test Cases/Condicionales_If/Test_2: Test Cases/Condicionales_If/Test_2

2022-11-30 21:09:07 - [TEST_STEP][PASSED] - if (num == 5): null

2022-11-30 21:09:07 - [TEST_STEP][PASSED] - if (num == 10): null

2022-11-30 21:09:07 - [TEST_STEP][PASSED] - println("El valor de la variables es un: 10"): null]]></system-out>
         <system-err><![CDATA[]]></system-err>
      </testcase>
      <testcase name="Test Cases/Condicionales_If/Test_3" time="0.216" classname="Test Cases/Condicionales_If/Test_3" status="PASSED">
         <system-out><![CDATA[2022-11-30 21:09:07 - [TEST_CASE][PASSED] - Test Cases/Condicionales_If/Test_3: Test Cases/Condicionales_If/Test_3

2022-11-30 21:09:08 - [TEST_STEP][PASSED] - if (nombre == "Juan"): null

2022-11-30 21:09:08 - [TEST_STEP][PASSED] - if (nombre == "JUan"): null

2022-11-30 21:09:08 - [TEST_STEP][PASSED] - if (nombre == "juan"): null

2022-11-30 21:09:08 - [TEST_STEP][PASSED] - println("Tu nombre es juan"): null]]></system-out>
         <system-err><![CDATA[]]></system-err>
      </testcase>
      <testcase name="Test Cases/Condicionales_If/Test_4" time="0.201" classname="Test Cases/Condicionales_If/Test_4" status="PASSED">
         <system-out><![CDATA[2022-11-30 21:09:08 - [TEST_CASE][PASSED] - Test Cases/Condicionales_If/Test_4: Test Cases/Condicionales_If/Test_4

2022-11-30 21:09:08 - [TEST_STEP][PASSED] - if (num <= 7): null

2022-11-30 21:09:08 - [TEST_STEP][PASSED] - println("El numero es menor ó igual que 5"): null

2022-11-30 21:09:08 - [TEST_STEP][PASSED] - if (num >= 8): null

2022-11-30 21:09:08 - [TEST_STEP][PASSED] - if (num != 5): null]]></system-out>
         <system-err><![CDATA[]]></system-err>
      </testcase>
      <testcase name="Test Cases/Condicionales_If/Test_edad" time="0.253" classname="Test Cases/Condicionales_If/Test_edad" status="PASSED">
         <system-out><![CDATA[2022-11-30 21:09:08 - [TEST_CASE][PASSED] - Test Cases/Condicionales_If/Test_edad: Test Cases/Condicionales_If/Test_edad

2022-11-30 21:09:08 - [TEST_STEP][PASSED] - if (edad >= 1 && edad <= 17): null

2022-11-30 21:09:08 - [TEST_STEP][PASSED] - else if (edad == 18): null

2022-11-30 21:09:08 - [TEST_STEP][PASSED] - else if (edad <= 0): null

2022-11-30 21:09:08 - [TEST_STEP][PASSED] - else if (edad == 120): null

2022-11-30 21:09:08 - [TEST_STEP][PASSED] - else: null

2022-11-30 21:09:08 - [TEST_STEP][PASSED] - print("No se cumple ninguna de las opciones"): null]]></system-out>
         <system-err><![CDATA[]]></system-err>
      </testcase>
      <testcase name="Test Cases/Condicionales_If/Test_valor" time="22.764" classname="Test Cases/Condicionales_If/Test_valor" status="PASSED">
         <system-out><![CDATA[2022-11-30 21:09:08 - [TEST_CASE][PASSED] - Test Cases/Condicionales_If/Test_valor: Test Cases/Condicionales_If/Test_valor

2022-11-30 21:09:08 - [TEST_STEP][PASSED] - openBrowser(""): Browser is opened with url: ''

2022-11-30 21:09:08 - [MESSAGE][INFO] - Starting 'Chrome' driver

2022-11-30 21:09:08 - [MESSAGE][INFO] - Action delay is set to 0 milliseconds

2022-11-30 21:09:10 - [MESSAGE][PASSED] - Browser is opened with url: ''

2022-11-30 21:09:10 - [TEST_STEP][PASSED] - navigateToUrl("https://demoqa.com/"): Navigate to 'https://demoqa.com/' successfully

2022-11-30 21:09:22 - [MESSAGE][PASSED] - Navigate to 'https://demoqa.com/' successfully

2022-11-30 21:09:22 - [TEST_STEP][PASSED] - maximizeWindow(): Current window maximized

2022-11-30 21:09:22 - [MESSAGE][PASSED] - Current window maximized

2022-11-30 21:09:22 - [TEST_STEP][PASSED] - waitForPageLoad(10): Wait for page load successfully

2022-11-30 21:09:22 - [MESSAGE][PASSED] - Wait for page load successfully

2022-11-30 21:09:22 - [TEST_STEP][PASSED] - Existe = waitForElementVisible(findTestObject("Condicionales/titulo1"), 5): Web element with id: 'Object Repository/Condicionales/titulo1' located by '//div[@class='main-header'][contains(.,'Radio Button')]' not found

2022-11-30 21:09:28 - [MESSAGE][INFO] - Unable to find the element located by 'By.xpath: //div[@class='main-header'][contains(.,'Radio Button')]'. Please recheck the objects properties to make sure the desired element is located. 

2022-11-30 21:09:28 - [MESSAGE][WARNING] - [SELF-HEALING] Failed to find element with id 'Object Repository/Condicionales/titulo1'. Try using Self-healing.

2022-11-30 21:09:29 - [MESSAGE][INFO] - [SELF-HEALING] No working XPath is found.

2022-11-30 21:09:30 - [MESSAGE][INFO] - Unable to find the element located by 'By.xpath: '. Please recheck the objects properties to make sure the desired element is located. 

2022-11-30 21:09:30 - [MESSAGE][WARNING] - [SELF-HEALING] Cannot find elements when the selector is null

2022-11-30 21:09:30 - [MESSAGE][WARNING] - Web element with id: 'Object Repository/Condicionales/titulo1' located by '//div[@class='main-header'][contains(.,'Radio Button')]' not found

2022-11-30 21:09:30 - [TEST_STEP][PASSED] - if (Existe == true): null

2022-11-30 21:09:30 - [TEST_STEP][PASSED] - else: Browser is closed

2022-11-30 21:09:30 - [TEST_STEP][PASSED] - print("No estas en la página correcta"): null

2022-11-30 21:09:30 - [TEST_STEP][PASSED] - closeBrowser(): Browser is closed

2022-11-30 21:09:31 - [MESSAGE][PASSED] - Browser is closed]]></system-out>
         <system-err><![CDATA[]]></system-err>
      </testcase>
      <testcase name="Test Cases/BUCLES/Reto_For" time="27.642" classname="Test Cases/BUCLES/Reto_For" status="PASSED">
         <system-out><![CDATA[2022-11-30 21:09:31 - [TEST_CASE][PASSED] - Test Cases/BUCLES/Reto_For: Test Cases/BUCLES/Reto_For

2022-11-30 21:09:31 - [TEST_STEP][PASSED] - openBrowser(""): Browser is opened with url: ''

2022-11-30 21:09:31 - [MESSAGE][INFO] - Starting 'Chrome' driver

2022-11-30 21:09:31 - [MESSAGE][INFO] - Action delay is set to 0 milliseconds

2022-11-30 21:09:33 - [MESSAGE][PASSED] - Browser is opened with url: ''

2022-11-30 21:09:33 - [TEST_STEP][PASSED] - navigateToUrl("https://demoqa.com/text-box"): Navigate to 'https://demoqa.com/text-box' successfully

2022-11-30 21:09:42 - [MESSAGE][PASSED] - Navigate to 'https://demoqa.com/text-box' successfully

2022-11-30 21:09:42 - [TEST_STEP][PASSED] - maximizeWindow(): Current window maximized

2022-11-30 21:09:42 - [MESSAGE][PASSED] - Current window maximized

2022-11-30 21:09:42 - [TEST_STEP][PASSED] - waitForPageLoad(5): Wait for page load successfully

2022-11-30 21:09:42 - [MESSAGE][PASSED] - Wait for page load successfully

2022-11-30 21:09:42 - [TEST_STEP][PASSED] - for ([x = 1, x <= 4, (x++)]): Browser is scrolled to position x = 0, y = 100

2022-11-30 21:09:42 - [TEST_STEP][PASSED] - z = ["Carlos", "Erika", "Paco", "Rodrigo", "Juan"]: null

2022-11-30 21:09:42 - [TEST_STEP][PASSED] - rn = new java.util.Random(): null

2022-11-30 21:09:42 - [TEST_STEP][PASSED] - tx_nombre = z[rn.nextInt(size)]: null

2022-11-30 21:09:42 - [TEST_STEP][PASSED] - setText(findTestObject("Object Repository/Reto_for/Page_ToolsQA/input_Full Name_userName"), tx_nombre): Text 'Carlos' is set on object 'Object Repository/Reto_for/Page_ToolsQA/input_Full Name_userName'

2022-11-30 21:09:43 - [MESSAGE][PASSED] - Text 'Carlos' is set on object 'Object Repository/Reto_for/Page_ToolsQA/input_Full Name_userName'

2022-11-30 21:09:43 - [TEST_STEP][PASSED] - setText(findTestObject("Object Repository/Reto_for/Page_ToolsQA/input_Email_userEmail"), tx_nombre + "@gmail.com"): Text 'Carlos@gmail.com' is set on object 'Object Repository/Reto_for/Page_ToolsQA/input_Email_userEmail'

2022-11-30 21:09:44 - [MESSAGE][PASSED] - Text 'Carlos@gmail.com' is set on object 'Object Repository/Reto_for/Page_ToolsQA/input_Email_userEmail'

2022-11-30 21:09:44 - [TEST_STEP][PASSED] - setText(findTestObject("Object Repository/Reto_for/Page_ToolsQA/textarea_Current Address_currentAddress"), "Dirección#" + x): Text 'Dirección#1' is set on object 'Object Repository/Reto_for/Page_ToolsQA/textarea_Current Address_currentAddress'

2022-11-30 21:09:45 - [MESSAGE][PASSED] - Text 'Dirección#1' is set on object 'Object Repository/Reto_for/Page_ToolsQA/textarea_Current Address_currentAddress'

2022-11-30 21:09:45 - [TEST_STEP][PASSED] - setText(findTestObject("Object Repository/Reto_for/Page_ToolsQA/textarea_Permanent Address_permanentAddress"), "Dirección dos#" + x): Text 'Dirección dos#1' is set on object 'Object Repository/Reto_for/Page_ToolsQA/textarea_Permanent Address_permanentAddress'

2022-11-30 21:09:46 - [MESSAGE][PASSED] - Text 'Dirección dos#1' is set on object 'Object Repository/Reto_for/Page_ToolsQA/textarea_Permanent Address_permanentAddress'

2022-11-30 21:09:46 - [TEST_STEP][PASSED] - scrollToPosition(0, 500): Browser is scrolled to position x = 0, y = 500

2022-11-30 21:09:46 - [MESSAGE][PASSED] - Browser is scrolled to position x = 0, y = 500

2022-11-30 21:09:46 - [TEST_STEP][PASSED] - click(findTestObject("Object Repository/Reto_for/Page_ToolsQA/button_Submit")): Object: 'Object Repository/Reto_for/Page_ToolsQA/button_Submit' is clicked on

2022-11-30 21:09:46 - [MESSAGE][PASSED] - Object: 'Object Repository/Reto_for/Page_ToolsQA/button_Submit' is clicked on

2022-11-30 21:09:46 - [TEST_STEP][PASSED] - scrollToPosition(0, 100): Browser is scrolled to position x = 0, y = 100

2022-11-30 21:09:46 - [MESSAGE][PASSED] - Browser is scrolled to position x = 0, y = 100

2022-11-30 21:09:46 - [TEST_STEP][PASSED] - z = ["Carlos", "Erika", "Paco", "Rodrigo", "Juan"]: null

2022-11-30 21:09:46 - [TEST_STEP][PASSED] - rn = new java.util.Random(): null

2022-11-30 21:09:46 - [TEST_STEP][PASSED] - tx_nombre = z[rn.nextInt(size)]: null

2022-11-30 21:09:46 - [TEST_STEP][PASSED] - setText(findTestObject("Object Repository/Reto_for/Page_ToolsQA/input_Full Name_userName"), tx_nombre): Text 'Juan' is set on object 'Object Repository/Reto_for/Page_ToolsQA/input_Full Name_userName'

2022-11-30 21:09:47 - [MESSAGE][PASSED] - Text 'Juan' is set on object 'Object Repository/Reto_for/Page_ToolsQA/input_Full Name_userName'

2022-11-30 21:09:47 - [TEST_STEP][PASSED] - setText(findTestObject("Object Repository/Reto_for/Page_ToolsQA/input_Email_userEmail"), tx_nombre + "@gmail.com"): Text 'Juan@gmail.com' is set on object 'Object Repository/Reto_for/Page_ToolsQA/input_Email_userEmail'

2022-11-30 21:09:48 - [MESSAGE][PASSED] - Text 'Juan@gmail.com' is set on object 'Object Repository/Reto_for/Page_ToolsQA/input_Email_userEmail'

2022-11-30 21:09:48 - [TEST_STEP][PASSED] - setText(findTestObject("Object Repository/Reto_for/Page_ToolsQA/textarea_Current Address_currentAddress"), "Dirección#" + x): Text 'Dirección#2' is set on object 'Object Repository/Reto_for/Page_ToolsQA/textarea_Current Address_currentAddress'

2022-11-30 21:09:49 - [MESSAGE][PASSED] - Text 'Dirección#2' is set on object 'Object Repository/Reto_for/Page_ToolsQA/textarea_Current Address_currentAddress'

2022-11-30 21:09:49 - [TEST_STEP][PASSED] - setText(findTestObject("Object Repository/Reto_for/Page_ToolsQA/textarea_Permanent Address_permanentAddress"), "Dirección dos#" + x): Text 'Dirección dos#2' is set on object 'Object Repository/Reto_for/Page_ToolsQA/textarea_Permanent Address_permanentAddress'

2022-11-30 21:09:50 - [MESSAGE][PASSED] - Text 'Dirección dos#2' is set on object 'Object Repository/Reto_for/Page_ToolsQA/textarea_Permanent Address_permanentAddress'

2022-11-30 21:09:50 - [TEST_STEP][PASSED] - scrollToPosition(0, 500): Browser is scrolled to position x = 0, y = 500

2022-11-30 21:09:50 - [MESSAGE][PASSED] - Browser is scrolled to position x = 0, y = 500

2022-11-30 21:09:50 - [TEST_STEP][PASSED] - click(findTestObject("Object Repository/Reto_for/Page_ToolsQA/button_Submit")): Object: 'Object Repository/Reto_for/Page_ToolsQA/button_Submit' is clicked on

2022-11-30 21:09:50 - [MESSAGE][PASSED] - Object: 'Object Repository/Reto_for/Page_ToolsQA/button_Submit' is clicked on

2022-11-30 21:09:50 - [TEST_STEP][PASSED] - scrollToPosition(0, 100): Browser is scrolled to position x = 0, y = 100

2022-11-30 21:09:50 - [MESSAGE][PASSED] - Browser is scrolled to position x = 0, y = 100

2022-11-30 21:09:50 - [TEST_STEP][PASSED] - z = ["Carlos", "Erika", "Paco", "Rodrigo", "Juan"]: null

2022-11-30 21:09:50 - [TEST_STEP][PASSED] - rn = new java.util.Random(): null

2022-11-30 21:09:50 - [TEST_STEP][PASSED] - tx_nombre = z[rn.nextInt(size)]: null

2022-11-30 21:09:50 - [TEST_STEP][PASSED] - setText(findTestObject("Object Repository/Reto_for/Page_ToolsQA/input_Full Name_userName"), tx_nombre): Text 'Rodrigo' is set on object 'Object Repository/Reto_for/Page_ToolsQA/input_Full Name_userName'

2022-11-30 21:09:51 - [MESSAGE][PASSED] - Text 'Rodrigo' is set on object 'Object Repository/Reto_for/Page_ToolsQA/input_Full Name_userName'

2022-11-30 21:09:51 - [TEST_STEP][PASSED] - setText(findTestObject("Object Repository/Reto_for/Page_ToolsQA/input_Email_userEmail"), tx_nombre + "@gmail.com"): Text 'Rodrigo@gmail.com' is set on object 'Object Repository/Reto_for/Page_ToolsQA/input_Email_userEmail'

2022-11-30 21:09:52 - [MESSAGE][PASSED] - Text 'Rodrigo@gmail.com' is set on object 'Object Repository/Reto_for/Page_ToolsQA/input_Email_userEmail'

2022-11-30 21:09:52 - [TEST_STEP][PASSED] - setText(findTestObject("Object Repository/Reto_for/Page_ToolsQA/textarea_Current Address_currentAddress"), "Dirección#" + x): Text 'Dirección#3' is set on object 'Object Repository/Reto_for/Page_ToolsQA/textarea_Current Address_currentAddress'

2022-11-30 21:09:53 - [MESSAGE][PASSED] - Text 'Dirección#3' is set on object 'Object Repository/Reto_for/Page_ToolsQA/textarea_Current Address_currentAddress'

2022-11-30 21:09:53 - [TEST_STEP][PASSED] - setText(findTestObject("Object Repository/Reto_for/Page_ToolsQA/textarea_Permanent Address_permanentAddress"), "Dirección dos#" + x): Text 'Dirección dos#3' is set on object 'Object Repository/Reto_for/Page_ToolsQA/textarea_Permanent Address_permanentAddress'

2022-11-30 21:09:54 - [MESSAGE][PASSED] - Text 'Dirección dos#3' is set on object 'Object Repository/Reto_for/Page_ToolsQA/textarea_Permanent Address_permanentAddress'

2022-11-30 21:09:54 - [TEST_STEP][PASSED] - scrollToPosition(0, 500): Browser is scrolled to position x = 0, y = 500

2022-11-30 21:09:54 - [MESSAGE][PASSED] - Browser is scrolled to position x = 0, y = 500

2022-11-30 21:09:54 - [TEST_STEP][PASSED] - click(findTestObject("Object Repository/Reto_for/Page_ToolsQA/button_Submit")): Object: 'Object Repository/Reto_for/Page_ToolsQA/button_Submit' is clicked on

2022-11-30 21:09:54 - [MESSAGE][PASSED] - Object: 'Object Repository/Reto_for/Page_ToolsQA/button_Submit' is clicked on

2022-11-30 21:09:54 - [TEST_STEP][PASSED] - scrollToPosition(0, 100): Browser is scrolled to position x = 0, y = 100

2022-11-30 21:09:54 - [MESSAGE][PASSED] - Browser is scrolled to position x = 0, y = 100

2022-11-30 21:09:54 - [TEST_STEP][PASSED] - z = ["Carlos", "Erika", "Paco", "Rodrigo", "Juan"]: null

2022-11-30 21:09:54 - [TEST_STEP][PASSED] - rn = new java.util.Random(): null

2022-11-30 21:09:54 - [TEST_STEP][PASSED] - tx_nombre = z[rn.nextInt(size)]: null

2022-11-30 21:09:54 - [TEST_STEP][PASSED] - setText(findTestObject("Object Repository/Reto_for/Page_ToolsQA/input_Full Name_userName"), tx_nombre): Text 'Carlos' is set on object 'Object Repository/Reto_for/Page_ToolsQA/input_Full Name_userName'

2022-11-30 21:09:55 - [MESSAGE][PASSED] - Text 'Carlos' is set on object 'Object Repository/Reto_for/Page_ToolsQA/input_Full Name_userName'

2022-11-30 21:09:55 - [TEST_STEP][PASSED] - setText(findTestObject("Object Repository/Reto_for/Page_ToolsQA/input_Email_userEmail"), tx_nombre + "@gmail.com"): Text 'Carlos@gmail.com' is set on object 'Object Repository/Reto_for/Page_ToolsQA/input_Email_userEmail'

2022-11-30 21:09:56 - [MESSAGE][PASSED] - Text 'Carlos@gmail.com' is set on object 'Object Repository/Reto_for/Page_ToolsQA/input_Email_userEmail'

2022-11-30 21:09:56 - [TEST_STEP][PASSED] - setText(findTestObject("Object Repository/Reto_for/Page_ToolsQA/textarea_Current Address_currentAddress"), "Dirección#" + x): Text 'Dirección#4' is set on object 'Object Repository/Reto_for/Page_ToolsQA/textarea_Current Address_currentAddress'

2022-11-30 21:09:57 - [MESSAGE][PASSED] - Text 'Dirección#4' is set on object 'Object Repository/Reto_for/Page_ToolsQA/textarea_Current Address_currentAddress'

2022-11-30 21:09:57 - [TEST_STEP][PASSED] - setText(findTestObject("Object Repository/Reto_for/Page_ToolsQA/textarea_Permanent Address_permanentAddress"), "Dirección dos#" + x): Text 'Dirección dos#4' is set on object 'Object Repository/Reto_for/Page_ToolsQA/textarea_Permanent Address_permanentAddress'

2022-11-30 21:09:57 - [MESSAGE][PASSED] - Text 'Dirección dos#4' is set on object 'Object Repository/Reto_for/Page_ToolsQA/textarea_Permanent Address_permanentAddress'

2022-11-30 21:09:57 - [TEST_STEP][PASSED] - scrollToPosition(0, 500): Browser is scrolled to position x = 0, y = 500

2022-11-30 21:09:57 - [MESSAGE][PASSED] - Browser is scrolled to position x = 0, y = 500

2022-11-30 21:09:57 - [TEST_STEP][PASSED] - click(findTestObject("Object Repository/Reto_for/Page_ToolsQA/button_Submit")): Object: 'Object Repository/Reto_for/Page_ToolsQA/button_Submit' is clicked on

2022-11-30 21:09:58 - [MESSAGE][PASSED] - Object: 'Object Repository/Reto_for/Page_ToolsQA/button_Submit' is clicked on

2022-11-30 21:09:58 - [TEST_STEP][PASSED] - scrollToPosition(0, 100): Browser is scrolled to position x = 0, y = 100

2022-11-30 21:09:58 - [MESSAGE][PASSED] - Browser is scrolled to position x = 0, y = 100

2022-11-30 21:09:58 - [TEST_STEP][PASSED] - closeBrowser(): Browser is closed

2022-11-30 21:09:58 - [MESSAGE][PASSED] - Browser is closed]]></system-out>
         <system-err><![CDATA[]]></system-err>
      </testcase>
      <testcase name="Test Cases/BUCLES/Reto_while" time="13.273" classname="Test Cases/BUCLES/Reto_while" status="PASSED">
         <system-out><![CDATA[2022-11-30 21:09:58 - [TEST_CASE][PASSED] - Test Cases/BUCLES/Reto_while: Test Cases/BUCLES/Reto_while

2022-11-30 21:09:59 - [TEST_STEP][PASSED] - openBrowser(""): Browser is opened with url: ''

2022-11-30 21:09:59 - [MESSAGE][INFO] - Starting 'Chrome' driver

2022-11-30 21:09:59 - [MESSAGE][INFO] - Action delay is set to 0 milliseconds

2022-11-30 21:10:01 - [MESSAGE][PASSED] - Browser is opened with url: ''

2022-11-30 21:10:01 - [TEST_STEP][PASSED] - navigateToUrl("https://www.google.com/"): Navigate to 'https://www.google.com/' successfully

2022-11-30 21:10:03 - [MESSAGE][PASSED] - Navigate to 'https://www.google.com/' successfully

2022-11-30 21:10:03 - [TEST_STEP][PASSED] - Bandera = 0: null

2022-11-30 21:10:03 - [TEST_STEP][PASSED] - while (Bandera != 1): null

2022-11-30 21:10:03 - [TEST_STEP][PASSED] - num = Math.random() * 5 - 1 + 1: null

2022-11-30 21:10:03 - [TEST_STEP][PASSED] - setText(findTestObject("Object Repository/While_google/Page_Google/input__q"), "5+" + num): Text '5+3' is set on object 'Object Repository/While_google/Page_Google/input__q'

2022-11-30 21:10:04 - [MESSAGE][PASSED] - Text '5+3' is set on object 'Object Repository/While_google/Page_Google/input__q'

2022-11-30 21:10:04 - [TEST_STEP][PASSED] - sendKeys(findTestObject("Object Repository/While_google/Page_Google/input__q"), Keys.chord(ENTER)): Keys 'ENTER + ' sent to object: 'Object Repository/While_google/Page_Google/input__q'

2022-11-30 21:10:11 - [MESSAGE][PASSED] - Keys 'ENTER + ' sent to object: 'Object Repository/While_google/Page_Google/input__q'

2022-11-30 21:10:11 - [TEST_STEP][PASSED] - Resultado = getText(findTestObject("While_google/Extras/Resultado_10")): Text of object 'Object Repository/While_google/Extras/Resultado_10' is: '8'

2022-11-30 21:10:11 - [MESSAGE][PASSED] - Text of object 'Object Repository/While_google/Extras/Resultado_10' is: '8'

2022-11-30 21:10:11 - [TEST_STEP][PASSED] - if (Resultado == "8"): Browser is closed

2022-11-30 21:10:11 - [TEST_STEP][PASSED] - Bandera = 1: null

2022-11-30 21:10:11 - [TEST_STEP][PASSED] - print("Listo termina"): null

2022-11-30 21:10:11 - [TEST_STEP][PASSED] - closeBrowser(): Browser is closed

2022-11-30 21:10:12 - [MESSAGE][PASSED] - Browser is closed

2022-11-30 21:10:12 - [TEST_STEP][PASSED] - print(Bandera + "------"): null]]></system-out>
         <system-err><![CDATA[]]></system-err>
      </testcase>
      <testcase name="Test Cases/BUCLES/Reto_while_solucion" time="18.429" classname="Test Cases/BUCLES/Reto_while_solucion" status="PASSED">
         <system-out><![CDATA[2022-11-30 21:10:12 - [TEST_CASE][PASSED] - Test Cases/BUCLES/Reto_while_solucion: Test Cases/BUCLES/Reto_while_solucion

2022-11-30 21:10:12 - [TEST_STEP][PASSED] - openBrowser(""): Browser is opened with url: ''

2022-11-30 21:10:12 - [MESSAGE][INFO] - Starting 'Chrome' driver

2022-11-30 21:10:12 - [MESSAGE][INFO] - Action delay is set to 0 milliseconds

2022-11-30 21:10:13 - [MESSAGE][PASSED] - Browser is opened with url: ''

2022-11-30 21:10:13 - [TEST_STEP][PASSED] - navigateToUrl("https://www.google.com/"): Navigate to 'https://www.google.com/' successfully

2022-11-30 21:10:17 - [MESSAGE][PASSED] - Navigate to 'https://www.google.com/' successfully

2022-11-30 21:10:17 - [TEST_STEP][PASSED] - Res = 0: null

2022-11-30 21:10:17 - [TEST_STEP][PASSED] - while (Res != 8): Browser is closed

2022-11-30 21:10:17 - [TEST_STEP][PASSED] - num = Math.random() * 5 - 1 + 1: null

2022-11-30 21:10:17 - [TEST_STEP][PASSED] - setText(findTestObject("Object Repository/Reto_while1/Page_Google/input__q"), "5+" + num): Text '5+2' is set on object 'Object Repository/Reto_while1/Page_Google/input__q'

2022-11-30 21:10:18 - [MESSAGE][PASSED] - Text '5+2' is set on object 'Object Repository/Reto_while1/Page_Google/input__q'

2022-11-30 21:10:18 - [TEST_STEP][PASSED] - sendKeys(findTestObject("Object Repository/Reto_while1/Page_Google/input__q"), Keys.chord(ENTER)): Keys 'ENTER + ' sent to object: 'Object Repository/Reto_while1/Page_Google/input__q'

2022-11-30 21:10:20 - [MESSAGE][PASSED] - Keys 'ENTER + ' sent to object: 'Object Repository/Reto_while1/Page_Google/input__q'

2022-11-30 21:10:20 - [TEST_STEP][PASSED] - Res = getText(findTestObject("Reto_while1/Resultado_8")).toInteger(): Text of object 'Object Repository/Reto_while1/Resultado_8' is: '7'

2022-11-30 21:10:21 - [MESSAGE][PASSED] - Text of object 'Object Repository/Reto_while1/Resultado_8' is: '7'

2022-11-30 21:10:21 - [TEST_STEP][PASSED] - if (Res == 8): null

2022-11-30 21:10:21 - [TEST_STEP][PASSED] - num = Math.random() * 5 - 1 + 1: null

2022-11-30 21:10:21 - [TEST_STEP][PASSED] - setText(findTestObject("Object Repository/Reto_while1/Page_Google/input__q"), "5+" + num): Text '5+3' is set on object 'Object Repository/Reto_while1/Page_Google/input__q'

2022-11-30 21:10:24 - [MESSAGE][PASSED] - Text '5+3' is set on object 'Object Repository/Reto_while1/Page_Google/input__q'

2022-11-30 21:10:24 - [TEST_STEP][PASSED] - sendKeys(findTestObject("Object Repository/Reto_while1/Page_Google/input__q"), Keys.chord(ENTER)): Keys 'ENTER + ' sent to object: 'Object Repository/Reto_while1/Page_Google/input__q'

2022-11-30 21:10:29 - [MESSAGE][PASSED] - Keys 'ENTER + ' sent to object: 'Object Repository/Reto_while1/Page_Google/input__q'

2022-11-30 21:10:29 - [TEST_STEP][PASSED] - Res = getText(findTestObject("Reto_while1/Resultado_8")).toInteger(): Text of object 'Object Repository/Reto_while1/Resultado_8' is: '8'

2022-11-30 21:10:29 - [MESSAGE][PASSED] - Text of object 'Object Repository/Reto_while1/Resultado_8' is: '8'

2022-11-30 21:10:29 - [TEST_STEP][PASSED] - if (Res == 8): Browser is closed

2022-11-30 21:10:29 - [TEST_STEP][PASSED] - closeBrowser(): Browser is closed

2022-11-30 21:10:30 - [MESSAGE][PASSED] - Browser is closed]]></system-out>
         <system-err><![CDATA[]]></system-err>
      </testcase>
      <testcase name="Test Cases/BUCLES/Test_1" time="31.528" classname="Test Cases/BUCLES/Test_1" status="PASSED">
         <system-out><![CDATA[2022-11-30 21:10:30 - [TEST_CASE][PASSED] - Test Cases/BUCLES/Test_1: Test Cases/BUCLES/Test_1

2022-11-30 21:10:30 - [TEST_STEP][PASSED] - openBrowser(""): Browser is opened with url: ''

2022-11-30 21:10:30 - [MESSAGE][INFO] - Starting 'Chrome' driver

2022-11-30 21:10:30 - [MESSAGE][INFO] - Action delay is set to 0 milliseconds

2022-11-30 21:10:32 - [MESSAGE][PASSED] - Browser is opened with url: ''

2022-11-30 21:10:32 - [TEST_STEP][PASSED] - navigateToUrl("https://demoqa.com/text-box"): Navigate to 'https://demoqa.com/text-box' successfully

2022-11-30 21:10:40 - [MESSAGE][PASSED] - Navigate to 'https://demoqa.com/text-box' successfully

2022-11-30 21:10:40 - [TEST_STEP][PASSED] - for ([x = 1, x <= 2, (x++)]): null

2022-11-30 21:10:40 - [TEST_STEP][PASSED] - openBrowser(""): Browser is opened with url: ''

2022-11-30 21:10:40 - [MESSAGE][WARNING] - A browser is already opened. Closing browser and opening a new one

2022-11-30 21:10:41 - [MESSAGE][INFO] - Starting 'Chrome' driver

2022-11-30 21:10:41 - [MESSAGE][INFO] - Action delay is set to 0 milliseconds

2022-11-30 21:10:43 - [MESSAGE][PASSED] - Browser is opened with url: ''

2022-11-30 21:10:43 - [TEST_STEP][PASSED] - navigateToUrl("https://demoqa.com/text-box"): Navigate to 'https://demoqa.com/text-box' successfully

2022-11-30 21:10:51 - [MESSAGE][PASSED] - Navigate to 'https://demoqa.com/text-box' successfully

2022-11-30 21:10:51 - [TEST_STEP][PASSED] - RN = Math.random() * 10 - 1 + 1: null

2022-11-30 21:10:51 - [TEST_STEP][PASSED] - print("Numero : " + RN + "----"): null

2022-11-30 21:10:51 - [TEST_STEP][PASSED] - z = ["Demo1", "Demo2", "Demo3", "Demo4", "Demo5"]: null

2022-11-30 21:10:51 - [TEST_STEP][PASSED] - rnd = new java.util.Random(): null

2022-11-30 21:10:51 - [TEST_STEP][PASSED] - texto = z[rnd.nextInt(size)]: null

2022-11-30 21:10:51 - [TEST_STEP][PASSED] - print(texto): null

2022-11-30 21:10:51 - [TEST_STEP][PASSED] - openBrowser(""): Browser is opened with url: ''

2022-11-30 21:10:51 - [MESSAGE][WARNING] - A browser is already opened. Closing browser and opening a new one

2022-11-30 21:10:52 - [MESSAGE][INFO] - Starting 'Chrome' driver

2022-11-30 21:10:52 - [MESSAGE][INFO] - Action delay is set to 0 milliseconds

2022-11-30 21:10:53 - [MESSAGE][PASSED] - Browser is opened with url: ''

2022-11-30 21:10:53 - [TEST_STEP][PASSED] - navigateToUrl("https://demoqa.com/text-box"): Navigate to 'https://demoqa.com/text-box' successfully

2022-11-30 21:11:01 - [MESSAGE][PASSED] - Navigate to 'https://demoqa.com/text-box' successfully

2022-11-30 21:11:01 - [TEST_STEP][PASSED] - RN = Math.random() * 10 - 1 + 1: null

2022-11-30 21:11:01 - [TEST_STEP][PASSED] - print("Numero : " + RN + "----"): null

2022-11-30 21:11:01 - [TEST_STEP][PASSED] - z = ["Demo1", "Demo2", "Demo3", "Demo4", "Demo5"]: null

2022-11-30 21:11:01 - [TEST_STEP][PASSED] - rnd = new java.util.Random(): null

2022-11-30 21:11:01 - [TEST_STEP][PASSED] - texto = z[rnd.nextInt(size)]: null

2022-11-30 21:11:01 - [TEST_STEP][PASSED] - print(texto): null

2022-11-30 21:11:01 - [TEST_STEP][PASSED] - closeBrowser(): Browser is closed

2022-11-30 21:11:02 - [MESSAGE][PASSED] - Browser is closed]]></system-out>
         <system-err><![CDATA[]]></system-err>
      </testcase>
      <testcase name="Test Cases/BUCLES/Test_2" time="12.357" classname="Test Cases/BUCLES/Test_2" status="PASSED">
         <system-out><![CDATA[2022-11-30 21:11:02 - [TEST_CASE][PASSED] - Test Cases/BUCLES/Test_2: Test Cases/BUCLES/Test_2

2022-11-30 21:11:02 - [TEST_STEP][PASSED] - openBrowser(""): Browser is opened with url: ''

2022-11-30 21:11:02 - [MESSAGE][INFO] - Starting 'Chrome' driver

2022-11-30 21:11:02 - [MESSAGE][INFO] - Action delay is set to 0 milliseconds

2022-11-30 21:11:03 - [MESSAGE][PASSED] - Browser is opened with url: ''

2022-11-30 21:11:03 - [TEST_STEP][PASSED] - navigateToUrl("https://demoqa.com/text-box"): Navigate to 'https://demoqa.com/text-box' successfully

2022-11-30 21:11:13 - [MESSAGE][PASSED] - Navigate to 'https://demoqa.com/text-box' successfully

2022-11-30 21:11:13 - [TEST_STEP][PASSED] - for ([x = 1, x <= 10, x = x + 2]): null

2022-11-30 21:11:13 - [TEST_STEP][PASSED] - print(" hola mundo " + x + "-------"): null

2022-11-30 21:11:13 - [TEST_STEP][PASSED] - print(" hola mundo " + x + "-------"): null

2022-11-30 21:11:13 - [TEST_STEP][PASSED] - print(" hola mundo " + x + "-------"): null

2022-11-30 21:11:13 - [TEST_STEP][PASSED] - print(" hola mundo " + x + "-------"): null

2022-11-30 21:11:13 - [TEST_STEP][PASSED] - print(" hola mundo " + x + "-------"): null

2022-11-30 21:11:13 - [TEST_STEP][PASSED] - closeBrowser(): Browser is closed

2022-11-30 21:11:14 - [MESSAGE][PASSED] - Browser is closed]]></system-out>
         <system-err><![CDATA[]]></system-err>
      </testcase>
      <testcase name="Test Cases/BUCLES/Test_while" time="9.965" classname="Test Cases/BUCLES/Test_while" status="PASSED">
         <system-out><![CDATA[2022-11-30 21:11:14 - [TEST_CASE][PASSED] - Test Cases/BUCLES/Test_while: Test Cases/BUCLES/Test_while

2022-11-30 21:11:14 - [TEST_STEP][PASSED] - openBrowser(""): Browser is opened with url: ''

2022-11-30 21:11:14 - [MESSAGE][INFO] - Starting 'Chrome' driver

2022-11-30 21:11:14 - [MESSAGE][INFO] - Action delay is set to 0 milliseconds

2022-11-30 21:11:16 - [MESSAGE][PASSED] - Browser is opened with url: ''

2022-11-30 21:11:16 - [TEST_STEP][PASSED] - navigateToUrl("https://demoqa.com/text-box"): Navigate to 'https://demoqa.com/text-box' successfully

2022-11-30 21:11:23 - [MESSAGE][PASSED] - Navigate to 'https://demoqa.com/text-box' successfully

2022-11-30 21:11:23 - [TEST_STEP][PASSED] - maximizeWindow(): Current window maximized

2022-11-30 21:11:23 - [MESSAGE][PASSED] - Current window maximized

2022-11-30 21:11:23 - [TEST_STEP][PASSED] - waitForPageLoad(5): Wait for page load successfully

2022-11-30 21:11:23 - [MESSAGE][PASSED] - Wait for page load successfully

2022-11-30 21:11:23 - [TEST_STEP][PASSED] - x = 1: null

2022-11-30 21:11:23 - [TEST_STEP][PASSED] - while (x <= 3): null

2022-11-30 21:11:23 - [TEST_STEP][PASSED] - print("Hola " + x + "----------"): null

2022-11-30 21:11:23 - [TEST_STEP][PASSED] - (x++): null

2022-11-30 21:11:23 - [TEST_STEP][PASSED] - print("Hola " + x + "----------"): null

2022-11-30 21:11:23 - [TEST_STEP][PASSED] - (x++): null

2022-11-30 21:11:23 - [TEST_STEP][PASSED] - print("Hola " + x + "----------"): null

2022-11-30 21:11:23 - [TEST_STEP][PASSED] - (x++): null

2022-11-30 21:11:23 - [TEST_STEP][PASSED] - closeBrowser(): Browser is closed

2022-11-30 21:11:24 - [MESSAGE][PASSED] - Browser is closed]]></system-out>
         <system-err><![CDATA[]]></system-err>
      </testcase>
      <testcase name="Test Cases/BUCLES/Test_while2" time="11.638" classname="Test Cases/BUCLES/Test_while2" status="PASSED">
         <system-out><![CDATA[2022-11-30 21:11:24 - [TEST_CASE][PASSED] - Test Cases/BUCLES/Test_while2: Test Cases/BUCLES/Test_while2

2022-11-30 21:11:24 - [TEST_STEP][PASSED] - openBrowser(""): Browser is opened with url: ''

2022-11-30 21:11:24 - [MESSAGE][INFO] - Starting 'Chrome' driver

2022-11-30 21:11:24 - [MESSAGE][INFO] - Action delay is set to 0 milliseconds

2022-11-30 21:11:26 - [MESSAGE][PASSED] - Browser is opened with url: ''

2022-11-30 21:11:26 - [TEST_STEP][PASSED] - navigateToUrl("https://demoqa.com/text-box"): Navigate to 'https://demoqa.com/text-box' successfully

2022-11-30 21:11:35 - [MESSAGE][PASSED] - Navigate to 'https://demoqa.com/text-box' successfully

2022-11-30 21:11:35 - [TEST_STEP][PASSED] - maximizeWindow(): Current window maximized

2022-11-30 21:11:35 - [MESSAGE][PASSED] - Current window maximized

2022-11-30 21:11:35 - [TEST_STEP][PASSED] - waitForPageLoad(5): Wait for page load successfully

2022-11-30 21:11:35 - [MESSAGE][PASSED] - Wait for page load successfully

2022-11-30 21:11:35 - [TEST_STEP][PASSED] - x = 1: null

2022-11-30 21:11:35 - [TEST_STEP][PASSED] - while (x <= 5): null

2022-11-30 21:11:35 - [TEST_STEP][PASSED] - print("Valor de X" + x + "------>"): null

2022-11-30 21:11:35 - [TEST_STEP][PASSED] - (x++): null

2022-11-30 21:11:35 - [TEST_STEP][PASSED] - print("Valor de X" + x + "------>"): null

2022-11-30 21:11:35 - [TEST_STEP][PASSED] - (x++): null

2022-11-30 21:11:35 - [TEST_STEP][PASSED] - print("Valor de X" + x + "------>"): null

2022-11-30 21:11:35 - [TEST_STEP][PASSED] - (x++): null

2022-11-30 21:11:35 - [TEST_STEP][PASSED] - print("Valor de X" + x + "------>"): null

2022-11-30 21:11:35 - [TEST_STEP][PASSED] - (x++): null

2022-11-30 21:11:35 - [TEST_STEP][PASSED] - print("Valor de X" + x + "------>"): null

2022-11-30 21:11:35 - [TEST_STEP][PASSED] - (x++): null

2022-11-30 21:11:35 - [TEST_STEP][PASSED] - closeBrowser(): Browser is closed

2022-11-30 21:11:36 - [MESSAGE][PASSED] - Browser is closed]]></system-out>
         <system-err><![CDATA[]]></system-err>
      </testcase>
      <testcase name="Test Cases/Drive_excel/Drive_excel" time="19.194" classname="Test Cases/Drive_excel/Drive_excel" status="PASSED">
         <system-out><![CDATA[2022-11-30 21:11:36 - [TEST_CASE][PASSED] - Test Cases/Drive_excel/Drive_excel: Test Cases/Drive_excel/Drive_excel

2022-11-30 21:11:36 - [TEST_STEP][PASSED] - openBrowser(""): Browser is opened with url: ''

2022-11-30 21:11:36 - [MESSAGE][INFO] - Starting 'Chrome' driver

2022-11-30 21:11:36 - [MESSAGE][INFO] - Action delay is set to 0 milliseconds

2022-11-30 21:11:38 - [MESSAGE][PASSED] - Browser is opened with url: ''

2022-11-30 21:11:38 - [TEST_STEP][PASSED] - navigateToUrl("https://demoqa.com/automation-practice-form"): Navigate to 'https://demoqa.com/automation-practice-form' successfully

2022-11-30 21:11:45 - [MESSAGE][PASSED] - Navigate to 'https://demoqa.com/automation-practice-form' successfully

2022-11-30 21:11:45 - [TEST_STEP][PASSED] - waitForPageLoad(40): Wait for page load successfully

2022-11-30 21:11:45 - [MESSAGE][PASSED] - Wait for page load successfully

2022-11-30 21:11:45 - [TEST_STEP][PASSED] - maximizeWindow(): Current window maximized

2022-11-30 21:11:46 - [MESSAGE][PASSED] - Current window maximized

2022-11-30 21:11:46 - [TEST_STEP][PASSED] - setText(findTestObject("Object Repository/Drive_excel/Page_ToolsQA/input_Name_firstName"), nombre): Text '' is set on object 'Object Repository/Drive_excel/Page_ToolsQA/input_Name_firstName'

2022-11-30 21:11:50 - [MESSAGE][PASSED] - Text '' is set on object 'Object Repository/Drive_excel/Page_ToolsQA/input_Name_firstName'

2022-11-30 21:11:50 - [TEST_STEP][PASSED] - setText(findTestObject("Object Repository/Drive_excel/Page_ToolsQA/input_Name_lastName"), apellido): Text '' is set on object 'Object Repository/Drive_excel/Page_ToolsQA/input_Name_lastName'

2022-11-30 21:11:51 - [MESSAGE][PASSED] - Text '' is set on object 'Object Repository/Drive_excel/Page_ToolsQA/input_Name_lastName'

2022-11-30 21:11:51 - [TEST_STEP][PASSED] - setText(findTestObject("Object Repository/Drive_excel/Page_ToolsQA/input_Email_userEmail"), email): Text '' is set on object 'Object Repository/Drive_excel/Page_ToolsQA/input_Email_userEmail'

2022-11-30 21:11:52 - [MESSAGE][PASSED] - Text '' is set on object 'Object Repository/Drive_excel/Page_ToolsQA/input_Email_userEmail'

2022-11-30 21:11:52 - [TEST_STEP][PASSED] - delay(2): Delayed 2 second(s)

2022-11-30 21:11:54 - [MESSAGE][PASSED] - Delayed 2 second(s)

2022-11-30 21:11:54 - [TEST_STEP][PASSED] - closeBrowser(): Browser is closed

2022-11-30 21:11:55 - [MESSAGE][PASSED] - Browser is closed]]></system-out>
         <system-err><![CDATA[]]></system-err>
      </testcase>
      <testcase name="Test Cases/Navegador/Navegador" time="10.56" classname="Test Cases/Navegador/Navegador" status="PASSED">
         <system-out><![CDATA[2022-11-30 21:11:55 - [TEST_CASE][PASSED] - Test Cases/Navegador/Navegador: Test Cases/Navegador/Navegador

2022-11-30 21:11:55 - [TEST_STEP][PASSED] - openBrowser("https://demoqa.com/text-box"): Browser is opened with url: 'https://demoqa.com/text-box'

2022-11-30 21:11:55 - [MESSAGE][INFO] - Starting 'Chrome' driver

2022-11-30 21:11:55 - [MESSAGE][INFO] - Action delay is set to 0 milliseconds

2022-11-30 21:12:05 - [MESSAGE][PASSED] - Browser is opened with url: 'https://demoqa.com/text-box'

2022-11-30 21:12:05 - [TEST_STEP][PASSED] - maximizeWindow(): Current window maximized

2022-11-30 21:12:05 - [MESSAGE][PASSED] - Current window maximized

2022-11-30 21:12:05 - [TEST_STEP][PASSED] - page_url = getUrl(): Current window's url is: 'https://demoqa.com/text-box'

2022-11-30 21:12:05 - [MESSAGE][PASSED] - Current window's url is: 'https://demoqa.com/text-box'

2022-11-30 21:12:05 - [TEST_STEP][PASSED] - print(page_url): null

2022-11-30 21:12:05 - [TEST_STEP][PASSED] - Titulo = getWindowTitle(): Current window's title is: 'ToolsQA'

2022-11-30 21:12:05 - [MESSAGE][PASSED] - Current window's title is: 'ToolsQA'

2022-11-30 21:12:05 - [TEST_STEP][PASSED] - print("titiulo de la pagina" + Titulo): null

2022-11-30 21:12:05 - [TEST_STEP][PASSED] - closeBrowser(): Browser is closed

2022-11-30 21:12:05 - [MESSAGE][PASSED] - Browser is closed]]></system-out>
         <system-err><![CDATA[]]></system-err>
      </testcase>
      <testcase name="Test Cases/Objecto_xpath/Caso_xpath" time="16.049" classname="Test Cases/Objecto_xpath/Caso_xpath" status="PASSED">
         <system-out><![CDATA[2022-11-30 21:12:05 - [TEST_CASE][PASSED] - Test Cases/Objecto_xpath/Caso_xpath: Test Cases/Objecto_xpath/Caso_xpath

2022-11-30 21:12:05 - [TEST_STEP][PASSED] - openBrowser(""): Browser is opened with url: ''

2022-11-30 21:12:05 - [MESSAGE][INFO] - Starting 'Chrome' driver

2022-11-30 21:12:05 - [MESSAGE][INFO] - Action delay is set to 0 milliseconds

2022-11-30 21:12:07 - [MESSAGE][PASSED] - Browser is opened with url: ''

2022-11-30 21:12:07 - [TEST_STEP][PASSED] - navigateToUrl("https://demoqa.com/text-box"): Navigate to 'https://demoqa.com/text-box' successfully

2022-11-30 21:12:16 - [MESSAGE][PASSED] - Navigate to 'https://demoqa.com/text-box' successfully

2022-11-30 21:12:16 - [TEST_STEP][PASSED] - maximizeWindow(): Current window maximized

2022-11-30 21:12:16 - [MESSAGE][PASSED] - Current window maximized

2022-11-30 21:12:16 - [TEST_STEP][PASSED] - setText(findTestObject("Objeto_xpath/Campo_nombre"), "Ljubo"): Text 'Ljubo' is set on object 'Object Repository/Objeto_xpath/Campo_nombre'

2022-11-30 21:12:18 - [MESSAGE][PASSED] - Text 'Ljubo' is set on object 'Object Repository/Objeto_xpath/Campo_nombre'

2022-11-30 21:12:18 - [TEST_STEP][PASSED] - delay(3): Delayed 3 second(s)

2022-11-30 21:12:21 - [MESSAGE][PASSED] - Delayed 3 second(s)

2022-11-30 21:12:21 - [TEST_STEP][PASSED] - closeBrowser(): Browser is closed

2022-11-30 21:12:21 - [MESSAGE][PASSED] - Browser is closed]]></system-out>
         <system-err><![CDATA[]]></system-err>
      </testcase>
      <testcase name="Test Cases/Condicionales_If/Condicionar_titulo" time="25.186" classname="Test Cases/Condicionales_If/Condicionar_titulo" status="PASSED">
         <system-out><![CDATA[2022-11-30 21:12:21 - [TEST_CASE][PASSED] - Test Cases/Condicionales_If/Condicionar_titulo: Test Cases/Condicionales_If/Condicionar_titulo

2022-11-30 21:12:21 - [TEST_STEP][PASSED] - openBrowser(""): Browser is opened with url: ''

2022-11-30 21:12:21 - [MESSAGE][INFO] - Starting 'Chrome' driver

2022-11-30 21:12:21 - [MESSAGE][INFO] - Action delay is set to 0 milliseconds

2022-11-30 21:12:23 - [MESSAGE][PASSED] - Browser is opened with url: ''

2022-11-30 21:12:23 - [TEST_STEP][PASSED] - navigateToUrl("https://demoqa.com/"): Navigate to 'https://demoqa.com/' successfully

2022-11-30 21:12:32 - [MESSAGE][PASSED] - Navigate to 'https://demoqa.com/' successfully

2022-11-30 21:12:32 - [TEST_STEP][PASSED] - maximizeWindow(): Current window maximized

2022-11-30 21:12:32 - [MESSAGE][PASSED] - Current window maximized

2022-11-30 21:12:32 - [TEST_STEP][PASSED] - waitForPageLoad(5): Wait for page load successfully

2022-11-30 21:12:32 - [MESSAGE][PASSED] - Wait for page load successfully

2022-11-30 21:12:32 - [TEST_STEP][PASSED] - Existe = waitForElementVisible(findTestObject("Condicionales/Texto_radio"), 3): Web element with id: 'Object Repository/Condicionales/Texto_radio' located by '//div[@class='main-header'][contains(.,'Radio Button')]' not found

2022-11-30 21:12:36 - [MESSAGE][INFO] - Unable to find the element located by 'By.xpath: //div[@class='main-header'][contains(.,'Radio Button')]'. Please recheck the objects properties to make sure the desired element is located. 

2022-11-30 21:12:36 - [MESSAGE][WARNING] - [SELF-HEALING] Failed to find element with id 'Object Repository/Condicionales/Texto_radio'. Try using Self-healing.

2022-11-30 21:12:37 - [MESSAGE][INFO] - [SELF-HEALING] No working XPath is found.

2022-11-30 21:12:38 - [MESSAGE][INFO] - Unable to find the element located by 'By.xpath: '. Please recheck the objects properties to make sure the desired element is located. 

2022-11-30 21:12:38 - [MESSAGE][WARNING] - [SELF-HEALING] Cannot find elements when the selector is null

2022-11-30 21:12:38 - [MESSAGE][WARNING] - Web element with id: 'Object Repository/Condicionales/Texto_radio' located by '//div[@class='main-header'][contains(.,'Radio Button')]' not found

2022-11-30 21:12:38 - [TEST_STEP][PASSED] - print(Existe): null

2022-11-30 21:12:38 - [TEST_STEP][PASSED] - if (Existe == true): null

2022-11-30 21:12:38 - [TEST_STEP][PASSED] - else: Browser is closed

2022-11-30 21:12:38 - [TEST_STEP][PASSED] - print("-----  Error no esta el elemento de texto radio ------"): null

2022-11-30 21:12:38 - [TEST_STEP][PASSED] - navigateToUrl("https://demoqa.com/radio-button"): Navigate to 'https://demoqa.com/radio-button' successfully

2022-11-30 21:12:42 - [MESSAGE][PASSED] - Navigate to 'https://demoqa.com/radio-button' successfully

2022-11-30 21:12:42 - [TEST_STEP][PASSED] - click(findTestObject("Condicionales/Objeto_yes")): Object: 'Object Repository/Condicionales/Objeto_yes' is clicked on

2022-11-30 21:12:44 - [MESSAGE][PASSED] - Object: 'Object Repository/Condicionales/Objeto_yes' is clicked on

2022-11-30 21:12:44 - [TEST_STEP][PASSED] - delay(2): Delayed 2 second(s)

2022-11-30 21:12:46 - [MESSAGE][PASSED] - Delayed 2 second(s)

2022-11-30 21:12:46 - [TEST_STEP][PASSED] - closeBrowser(): Browser is closed

2022-11-30 21:12:47 - [MESSAGE][PASSED] - Browser is closed]]></system-out>
         <system-err><![CDATA[]]></system-err>
      </testcase>
      <testcase name="Test Cases/Condicionales_If/Test_1" time="0.055" classname="Test Cases/Condicionales_If/Test_1" status="PASSED">
         <system-out><![CDATA[2022-11-30 21:12:47 - [TEST_CASE][PASSED] - Test Cases/Condicionales_If/Test_1: Test Cases/Condicionales_If/Test_1

2022-11-30 21:12:47 - [TEST_STEP][PASSED] - if (num == 10): null

2022-11-30 21:12:47 - [TEST_STEP][PASSED] - else: null

2022-11-30 21:12:47 - [TEST_STEP][PASSED] - print("El numero no es un 10 es el numero:  " + num + "#####"): null]]></system-out>
         <system-err><![CDATA[]]></system-err>
      </testcase>
      <testcase name="Test Cases/Condicionales_If/Test_2" time="0.031" classname="Test Cases/Condicionales_If/Test_2" status="PASSED">
         <system-out><![CDATA[2022-11-30 21:12:47 - [TEST_CASE][PASSED] - Test Cases/Condicionales_If/Test_2: Test Cases/Condicionales_If/Test_2

2022-11-30 21:12:47 - [TEST_STEP][PASSED] - if (num == 5): null

2022-11-30 21:12:47 - [TEST_STEP][PASSED] - if (num == 10): null

2022-11-30 21:12:47 - [TEST_STEP][PASSED] - println("El valor de la variables es un: 10"): null]]></system-out>
         <system-err><![CDATA[]]></system-err>
      </testcase>
      <testcase name="Test Cases/Condicionales_If/Test_3" time="0.022" classname="Test Cases/Condicionales_If/Test_3" status="PASSED">
         <system-out><![CDATA[2022-11-30 21:12:47 - [TEST_CASE][PASSED] - Test Cases/Condicionales_If/Test_3: Test Cases/Condicionales_If/Test_3

2022-11-30 21:12:47 - [TEST_STEP][PASSED] - if (nombre == "Juan"): null

2022-11-30 21:12:47 - [TEST_STEP][PASSED] - if (nombre == "JUan"): null

2022-11-30 21:12:47 - [TEST_STEP][PASSED] - if (nombre == "juan"): null

2022-11-30 21:12:47 - [TEST_STEP][PASSED] - println("Tu nombre es juan"): null]]></system-out>
         <system-err><![CDATA[]]></system-err>
      </testcase>
      <testcase name="Test Cases/Condicionales_If/Test_4" time="0.032" classname="Test Cases/Condicionales_If/Test_4" status="PASSED">
         <system-out><![CDATA[2022-11-30 21:12:47 - [TEST_CASE][PASSED] - Test Cases/Condicionales_If/Test_4: Test Cases/Condicionales_If/Test_4

2022-11-30 21:12:47 - [TEST_STEP][PASSED] - if (num <= 7): null

2022-11-30 21:12:47 - [TEST_STEP][PASSED] - println("El numero es menor ó igual que 5"): null

2022-11-30 21:12:47 - [TEST_STEP][PASSED] - if (num >= 8): null

2022-11-30 21:12:47 - [TEST_STEP][PASSED] - if (num != 5): null]]></system-out>
         <system-err><![CDATA[]]></system-err>
      </testcase>
      <testcase name="Test Cases/Condicionales_If/Test_edad" time="0.015" classname="Test Cases/Condicionales_If/Test_edad" status="PASSED">
         <system-out><![CDATA[2022-11-30 21:12:47 - [TEST_CASE][PASSED] - Test Cases/Condicionales_If/Test_edad: Test Cases/Condicionales_If/Test_edad

2022-11-30 21:12:47 - [TEST_STEP][PASSED] - if (edad >= 1 && edad <= 17): null

2022-11-30 21:12:47 - [TEST_STEP][PASSED] - else if (edad == 18): null

2022-11-30 21:12:47 - [TEST_STEP][PASSED] - else if (edad <= 0): null

2022-11-30 21:12:47 - [TEST_STEP][PASSED] - else if (edad == 120): null

2022-11-30 21:12:47 - [TEST_STEP][PASSED] - else: null

2022-11-30 21:12:47 - [TEST_STEP][PASSED] - print("No se cumple ninguna de las opciones"): null]]></system-out>
         <system-err><![CDATA[]]></system-err>
      </testcase>
      <testcase name="Test Cases/Condicionales_If/Test_valor" time="19.853" classname="Test Cases/Condicionales_If/Test_valor" status="PASSED">
         <system-out><![CDATA[2022-11-30 21:12:47 - [TEST_CASE][PASSED] - Test Cases/Condicionales_If/Test_valor: Test Cases/Condicionales_If/Test_valor

2022-11-30 21:12:47 - [TEST_STEP][PASSED] - openBrowser(""): Browser is opened with url: ''

2022-11-30 21:12:47 - [MESSAGE][INFO] - Starting 'Chrome' driver

2022-11-30 21:12:47 - [MESSAGE][INFO] - Action delay is set to 0 milliseconds

2022-11-30 21:12:48 - [MESSAGE][PASSED] - Browser is opened with url: ''

2022-11-30 21:12:48 - [TEST_STEP][PASSED] - navigateToUrl("https://demoqa.com/"): Navigate to 'https://demoqa.com/' successfully

2022-11-30 21:12:57 - [MESSAGE][PASSED] - Navigate to 'https://demoqa.com/' successfully

2022-11-30 21:12:57 - [TEST_STEP][PASSED] - maximizeWindow(): Current window maximized

2022-11-30 21:12:58 - [MESSAGE][PASSED] - Current window maximized

2022-11-30 21:12:58 - [TEST_STEP][PASSED] - waitForPageLoad(10): Wait for page load successfully

2022-11-30 21:12:58 - [MESSAGE][PASSED] - Wait for page load successfully

2022-11-30 21:12:58 - [TEST_STEP][PASSED] - Existe = waitForElementVisible(findTestObject("Condicionales/titulo1"), 5): Web element with id: 'Object Repository/Condicionales/titulo1' located by '//div[@class='main-header'][contains(.,'Radio Button')]' not found

2022-11-30 21:13:04 - [MESSAGE][INFO] - Unable to find the element located by 'By.xpath: //div[@class='main-header'][contains(.,'Radio Button')]'. Please recheck the objects properties to make sure the desired element is located. 

2022-11-30 21:13:04 - [MESSAGE][WARNING] - [SELF-HEALING] Failed to find element with id 'Object Repository/Condicionales/titulo1'. Try using Self-healing.

2022-11-30 21:13:05 - [MESSAGE][INFO] - [SELF-HEALING] No working XPath is found.

2022-11-30 21:13:06 - [MESSAGE][INFO] - Unable to find the element located by 'By.xpath: '. Please recheck the objects properties to make sure the desired element is located. 

2022-11-30 21:13:06 - [MESSAGE][WARNING] - [SELF-HEALING] Cannot find elements when the selector is null

2022-11-30 21:13:06 - [MESSAGE][WARNING] - Web element with id: 'Object Repository/Condicionales/titulo1' located by '//div[@class='main-header'][contains(.,'Radio Button')]' not found

2022-11-30 21:13:06 - [TEST_STEP][PASSED] - if (Existe == true): null

2022-11-30 21:13:06 - [TEST_STEP][PASSED] - else: Browser is closed

2022-11-30 21:13:06 - [TEST_STEP][PASSED] - print("No estas en la página correcta"): null

2022-11-30 21:13:06 - [TEST_STEP][PASSED] - closeBrowser(): Browser is closed

2022-11-30 21:13:07 - [MESSAGE][PASSED] - Browser is closed]]></system-out>
         <system-err><![CDATA[]]></system-err>
      </testcase>
      <testcase name="Test Cases/BUCLES/Reto_For" time="28.007" classname="Test Cases/BUCLES/Reto_For" status="PASSED">
         <system-out><![CDATA[2022-11-30 21:13:07 - [TEST_CASE][PASSED] - Test Cases/BUCLES/Reto_For: Test Cases/BUCLES/Reto_For

2022-11-30 21:13:07 - [TEST_STEP][PASSED] - openBrowser(""): Browser is opened with url: ''

2022-11-30 21:13:07 - [MESSAGE][INFO] - Starting 'Chrome' driver

2022-11-30 21:13:07 - [MESSAGE][INFO] - Action delay is set to 0 milliseconds

2022-11-30 21:13:09 - [MESSAGE][PASSED] - Browser is opened with url: ''

2022-11-30 21:13:09 - [TEST_STEP][PASSED] - navigateToUrl("https://demoqa.com/text-box"): Navigate to 'https://demoqa.com/text-box' successfully

2022-11-30 21:13:18 - [MESSAGE][PASSED] - Navigate to 'https://demoqa.com/text-box' successfully

2022-11-30 21:13:18 - [TEST_STEP][PASSED] - maximizeWindow(): Current window maximized

2022-11-30 21:13:18 - [MESSAGE][PASSED] - Current window maximized

2022-11-30 21:13:18 - [TEST_STEP][PASSED] - waitForPageLoad(5): Wait for page load successfully

2022-11-30 21:13:18 - [MESSAGE][PASSED] - Wait for page load successfully

2022-11-30 21:13:18 - [TEST_STEP][PASSED] - for ([x = 1, x <= 4, (x++)]): Browser is scrolled to position x = 0, y = 100

2022-11-30 21:13:18 - [TEST_STEP][PASSED] - z = ["Carlos", "Erika", "Paco", "Rodrigo", "Juan"]: null

2022-11-30 21:13:18 - [TEST_STEP][PASSED] - rn = new java.util.Random(): null

2022-11-30 21:13:18 - [TEST_STEP][PASSED] - tx_nombre = z[rn.nextInt(size)]: null

2022-11-30 21:13:18 - [TEST_STEP][PASSED] - setText(findTestObject("Object Repository/Reto_for/Page_ToolsQA/input_Full Name_userName"), tx_nombre): Text 'Juan' is set on object 'Object Repository/Reto_for/Page_ToolsQA/input_Full Name_userName'

2022-11-30 21:13:19 - [MESSAGE][PASSED] - Text 'Juan' is set on object 'Object Repository/Reto_for/Page_ToolsQA/input_Full Name_userName'

2022-11-30 21:13:19 - [TEST_STEP][PASSED] - setText(findTestObject("Object Repository/Reto_for/Page_ToolsQA/input_Email_userEmail"), tx_nombre + "@gmail.com"): Text 'Juan@gmail.com' is set on object 'Object Repository/Reto_for/Page_ToolsQA/input_Email_userEmail'

2022-11-30 21:13:20 - [MESSAGE][PASSED] - Text 'Juan@gmail.com' is set on object 'Object Repository/Reto_for/Page_ToolsQA/input_Email_userEmail'

2022-11-30 21:13:20 - [TEST_STEP][PASSED] - setText(findTestObject("Object Repository/Reto_for/Page_ToolsQA/textarea_Current Address_currentAddress"), "Dirección#" + x): Text 'Dirección#1' is set on object 'Object Repository/Reto_for/Page_ToolsQA/textarea_Current Address_currentAddress'

2022-11-30 21:13:21 - [MESSAGE][PASSED] - Text 'Dirección#1' is set on object 'Object Repository/Reto_for/Page_ToolsQA/textarea_Current Address_currentAddress'

2022-11-30 21:13:21 - [TEST_STEP][PASSED] - setText(findTestObject("Object Repository/Reto_for/Page_ToolsQA/textarea_Permanent Address_permanentAddress"), "Dirección dos#" + x): Text 'Dirección dos#1' is set on object 'Object Repository/Reto_for/Page_ToolsQA/textarea_Permanent Address_permanentAddress'

2022-11-30 21:13:22 - [MESSAGE][PASSED] - Text 'Dirección dos#1' is set on object 'Object Repository/Reto_for/Page_ToolsQA/textarea_Permanent Address_permanentAddress'

2022-11-30 21:13:22 - [TEST_STEP][PASSED] - scrollToPosition(0, 500): Browser is scrolled to position x = 0, y = 500

2022-11-30 21:13:22 - [MESSAGE][PASSED] - Browser is scrolled to position x = 0, y = 500

2022-11-30 21:13:22 - [TEST_STEP][PASSED] - click(findTestObject("Object Repository/Reto_for/Page_ToolsQA/button_Submit")): Object: 'Object Repository/Reto_for/Page_ToolsQA/button_Submit' is clicked on

2022-11-30 21:13:23 - [MESSAGE][PASSED] - Object: 'Object Repository/Reto_for/Page_ToolsQA/button_Submit' is clicked on

2022-11-30 21:13:23 - [TEST_STEP][PASSED] - scrollToPosition(0, 100): Browser is scrolled to position x = 0, y = 100

2022-11-30 21:13:23 - [MESSAGE][PASSED] - Browser is scrolled to position x = 0, y = 100

2022-11-30 21:13:23 - [TEST_STEP][PASSED] - z = ["Carlos", "Erika", "Paco", "Rodrigo", "Juan"]: null

2022-11-30 21:13:23 - [TEST_STEP][PASSED] - rn = new java.util.Random(): null

2022-11-30 21:13:23 - [TEST_STEP][PASSED] - tx_nombre = z[rn.nextInt(size)]: null

2022-11-30 21:13:23 - [TEST_STEP][PASSED] - setText(findTestObject("Object Repository/Reto_for/Page_ToolsQA/input_Full Name_userName"), tx_nombre): Text 'Rodrigo' is set on object 'Object Repository/Reto_for/Page_ToolsQA/input_Full Name_userName'

2022-11-30 21:13:24 - [MESSAGE][PASSED] - Text 'Rodrigo' is set on object 'Object Repository/Reto_for/Page_ToolsQA/input_Full Name_userName'

2022-11-30 21:13:24 - [TEST_STEP][PASSED] - setText(findTestObject("Object Repository/Reto_for/Page_ToolsQA/input_Email_userEmail"), tx_nombre + "@gmail.com"): Text 'Rodrigo@gmail.com' is set on object 'Object Repository/Reto_for/Page_ToolsQA/input_Email_userEmail'

2022-11-30 21:13:24 - [MESSAGE][PASSED] - Text 'Rodrigo@gmail.com' is set on object 'Object Repository/Reto_for/Page_ToolsQA/input_Email_userEmail'

2022-11-30 21:13:24 - [TEST_STEP][PASSED] - setText(findTestObject("Object Repository/Reto_for/Page_ToolsQA/textarea_Current Address_currentAddress"), "Dirección#" + x): Text 'Dirección#2' is set on object 'Object Repository/Reto_for/Page_ToolsQA/textarea_Current Address_currentAddress'

2022-11-30 21:13:25 - [MESSAGE][PASSED] - Text 'Dirección#2' is set on object 'Object Repository/Reto_for/Page_ToolsQA/textarea_Current Address_currentAddress'

2022-11-30 21:13:25 - [TEST_STEP][PASSED] - setText(findTestObject("Object Repository/Reto_for/Page_ToolsQA/textarea_Permanent Address_permanentAddress"), "Dirección dos#" + x): Text 'Dirección dos#2' is set on object 'Object Repository/Reto_for/Page_ToolsQA/textarea_Permanent Address_permanentAddress'

2022-11-30 21:13:26 - [MESSAGE][PASSED] - Text 'Dirección dos#2' is set on object 'Object Repository/Reto_for/Page_ToolsQA/textarea_Permanent Address_permanentAddress'

2022-11-30 21:13:26 - [TEST_STEP][PASSED] - scrollToPosition(0, 500): Browser is scrolled to position x = 0, y = 500

2022-11-30 21:13:26 - [MESSAGE][PASSED] - Browser is scrolled to position x = 0, y = 500

2022-11-30 21:13:26 - [TEST_STEP][PASSED] - click(findTestObject("Object Repository/Reto_for/Page_ToolsQA/button_Submit")): Object: 'Object Repository/Reto_for/Page_ToolsQA/button_Submit' is clicked on

2022-11-30 21:13:27 - [MESSAGE][PASSED] - Object: 'Object Repository/Reto_for/Page_ToolsQA/button_Submit' is clicked on

2022-11-30 21:13:27 - [TEST_STEP][PASSED] - scrollToPosition(0, 100): Browser is scrolled to position x = 0, y = 100

2022-11-30 21:13:27 - [MESSAGE][PASSED] - Browser is scrolled to position x = 0, y = 100

2022-11-30 21:13:27 - [TEST_STEP][PASSED] - z = ["Carlos", "Erika", "Paco", "Rodrigo", "Juan"]: null

2022-11-30 21:13:27 - [TEST_STEP][PASSED] - rn = new java.util.Random(): null

2022-11-30 21:13:27 - [TEST_STEP][PASSED] - tx_nombre = z[rn.nextInt(size)]: null

2022-11-30 21:13:27 - [TEST_STEP][PASSED] - setText(findTestObject("Object Repository/Reto_for/Page_ToolsQA/input_Full Name_userName"), tx_nombre): Text 'Rodrigo' is set on object 'Object Repository/Reto_for/Page_ToolsQA/input_Full Name_userName'

2022-11-30 21:13:27 - [MESSAGE][PASSED] - Text 'Rodrigo' is set on object 'Object Repository/Reto_for/Page_ToolsQA/input_Full Name_userName'

2022-11-30 21:13:27 - [TEST_STEP][PASSED] - setText(findTestObject("Object Repository/Reto_for/Page_ToolsQA/input_Email_userEmail"), tx_nombre + "@gmail.com"): Text 'Rodrigo@gmail.com' is set on object 'Object Repository/Reto_for/Page_ToolsQA/input_Email_userEmail'

2022-11-30 21:13:28 - [MESSAGE][PASSED] - Text 'Rodrigo@gmail.com' is set on object 'Object Repository/Reto_for/Page_ToolsQA/input_Email_userEmail'

2022-11-30 21:13:28 - [TEST_STEP][PASSED] - setText(findTestObject("Object Repository/Reto_for/Page_ToolsQA/textarea_Current Address_currentAddress"), "Dirección#" + x): Text 'Dirección#3' is set on object 'Object Repository/Reto_for/Page_ToolsQA/textarea_Current Address_currentAddress'

2022-11-30 21:13:29 - [MESSAGE][PASSED] - Text 'Dirección#3' is set on object 'Object Repository/Reto_for/Page_ToolsQA/textarea_Current Address_currentAddress'

2022-11-30 21:13:29 - [TEST_STEP][PASSED] - setText(findTestObject("Object Repository/Reto_for/Page_ToolsQA/textarea_Permanent Address_permanentAddress"), "Dirección dos#" + x): Text 'Dirección dos#3' is set on object 'Object Repository/Reto_for/Page_ToolsQA/textarea_Permanent Address_permanentAddress'

2022-11-30 21:13:30 - [MESSAGE][PASSED] - Text 'Dirección dos#3' is set on object 'Object Repository/Reto_for/Page_ToolsQA/textarea_Permanent Address_permanentAddress'

2022-11-30 21:13:30 - [TEST_STEP][PASSED] - scrollToPosition(0, 500): Browser is scrolled to position x = 0, y = 500

2022-11-30 21:13:30 - [MESSAGE][PASSED] - Browser is scrolled to position x = 0, y = 500

2022-11-30 21:13:30 - [TEST_STEP][PASSED] - click(findTestObject("Object Repository/Reto_for/Page_ToolsQA/button_Submit")): Object: 'Object Repository/Reto_for/Page_ToolsQA/button_Submit' is clicked on

2022-11-30 21:13:30 - [MESSAGE][PASSED] - Object: 'Object Repository/Reto_for/Page_ToolsQA/button_Submit' is clicked on

2022-11-30 21:13:30 - [TEST_STEP][PASSED] - scrollToPosition(0, 100): Browser is scrolled to position x = 0, y = 100

2022-11-30 21:13:30 - [MESSAGE][PASSED] - Browser is scrolled to position x = 0, y = 100

2022-11-30 21:13:30 - [TEST_STEP][PASSED] - z = ["Carlos", "Erika", "Paco", "Rodrigo", "Juan"]: null

2022-11-30 21:13:30 - [TEST_STEP][PASSED] - rn = new java.util.Random(): null

2022-11-30 21:13:30 - [TEST_STEP][PASSED] - tx_nombre = z[rn.nextInt(size)]: null

2022-11-30 21:13:30 - [TEST_STEP][PASSED] - setText(findTestObject("Object Repository/Reto_for/Page_ToolsQA/input_Full Name_userName"), tx_nombre): Text 'Juan' is set on object 'Object Repository/Reto_for/Page_ToolsQA/input_Full Name_userName'

2022-11-30 21:13:31 - [MESSAGE][PASSED] - Text 'Juan' is set on object 'Object Repository/Reto_for/Page_ToolsQA/input_Full Name_userName'

2022-11-30 21:13:31 - [TEST_STEP][PASSED] - setText(findTestObject("Object Repository/Reto_for/Page_ToolsQA/input_Email_userEmail"), tx_nombre + "@gmail.com"): Text 'Juan@gmail.com' is set on object 'Object Repository/Reto_for/Page_ToolsQA/input_Email_userEmail'

2022-11-30 21:13:32 - [MESSAGE][PASSED] - Text 'Juan@gmail.com' is set on object 'Object Repository/Reto_for/Page_ToolsQA/input_Email_userEmail'

2022-11-30 21:13:32 - [TEST_STEP][PASSED] - setText(findTestObject("Object Repository/Reto_for/Page_ToolsQA/textarea_Current Address_currentAddress"), "Dirección#" + x): Text 'Dirección#4' is set on object 'Object Repository/Reto_for/Page_ToolsQA/textarea_Current Address_currentAddress'

2022-11-30 21:13:33 - [MESSAGE][PASSED] - Text 'Dirección#4' is set on object 'Object Repository/Reto_for/Page_ToolsQA/textarea_Current Address_currentAddress'

2022-11-30 21:13:33 - [TEST_STEP][PASSED] - setText(findTestObject("Object Repository/Reto_for/Page_ToolsQA/textarea_Permanent Address_permanentAddress"), "Dirección dos#" + x): Text 'Dirección dos#4' is set on object 'Object Repository/Reto_for/Page_ToolsQA/textarea_Permanent Address_permanentAddress'

2022-11-30 21:13:34 - [MESSAGE][PASSED] - Text 'Dirección dos#4' is set on object 'Object Repository/Reto_for/Page_ToolsQA/textarea_Permanent Address_permanentAddress'

2022-11-30 21:13:34 - [TEST_STEP][PASSED] - scrollToPosition(0, 500): Browser is scrolled to position x = 0, y = 500

2022-11-30 21:13:34 - [MESSAGE][PASSED] - Browser is scrolled to position x = 0, y = 500

2022-11-30 21:13:34 - [TEST_STEP][PASSED] - click(findTestObject("Object Repository/Reto_for/Page_ToolsQA/button_Submit")): Object: 'Object Repository/Reto_for/Page_ToolsQA/button_Submit' is clicked on

2022-11-30 21:13:34 - [MESSAGE][PASSED] - Object: 'Object Repository/Reto_for/Page_ToolsQA/button_Submit' is clicked on

2022-11-30 21:13:34 - [TEST_STEP][PASSED] - scrollToPosition(0, 100): Browser is scrolled to position x = 0, y = 100

2022-11-30 21:13:34 - [MESSAGE][PASSED] - Browser is scrolled to position x = 0, y = 100

2022-11-30 21:13:34 - [TEST_STEP][PASSED] - closeBrowser(): Browser is closed

2022-11-30 21:13:35 - [MESSAGE][PASSED] - Browser is closed]]></system-out>
         <system-err><![CDATA[]]></system-err>
      </testcase>
      <testcase name="Test Cases/BUCLES/Reto_while" time="22.71" classname="Test Cases/BUCLES/Reto_while" status="PASSED">
         <system-out><![CDATA[2022-11-30 21:13:35 - [TEST_CASE][PASSED] - Test Cases/BUCLES/Reto_while: Test Cases/BUCLES/Reto_while

2022-11-30 21:13:35 - [TEST_STEP][PASSED] - openBrowser(""): Browser is opened with url: ''

2022-11-30 21:13:35 - [MESSAGE][INFO] - Starting 'Chrome' driver

2022-11-30 21:13:35 - [MESSAGE][INFO] - Action delay is set to 0 milliseconds

2022-11-30 21:13:36 - [MESSAGE][PASSED] - Browser is opened with url: ''

2022-11-30 21:13:36 - [TEST_STEP][PASSED] - navigateToUrl("https://www.google.com/"): Navigate to 'https://www.google.com/' successfully

2022-11-30 21:13:39 - [MESSAGE][PASSED] - Navigate to 'https://www.google.com/' successfully

2022-11-30 21:13:39 - [TEST_STEP][PASSED] - Bandera = 0: null

2022-11-30 21:13:39 - [TEST_STEP][PASSED] - while (Bandera != 1): null

2022-11-30 21:13:39 - [TEST_STEP][PASSED] - num = Math.random() * 5 - 1 + 1: null

2022-11-30 21:13:39 - [TEST_STEP][PASSED] - setText(findTestObject("Object Repository/While_google/Page_Google/input__q"), "5+" + num): Text '5+4' is set on object 'Object Repository/While_google/Page_Google/input__q'

2022-11-30 21:13:41 - [MESSAGE][PASSED] - Text '5+4' is set on object 'Object Repository/While_google/Page_Google/input__q'

2022-11-30 21:13:41 - [TEST_STEP][PASSED] - sendKeys(findTestObject("Object Repository/While_google/Page_Google/input__q"), Keys.chord(ENTER)): Keys 'ENTER + ' sent to object: 'Object Repository/While_google/Page_Google/input__q'

2022-11-30 21:13:48 - [MESSAGE][PASSED] - Keys 'ENTER + ' sent to object: 'Object Repository/While_google/Page_Google/input__q'

2022-11-30 21:13:48 - [TEST_STEP][PASSED] - Resultado = getText(findTestObject("While_google/Extras/Resultado_10")): Text of object 'Object Repository/While_google/Extras/Resultado_10' is: '9'

2022-11-30 21:13:49 - [MESSAGE][PASSED] - Text of object 'Object Repository/While_google/Extras/Resultado_10' is: '9'

2022-11-30 21:13:49 - [TEST_STEP][PASSED] - if (Resultado == "8"): null

2022-11-30 21:13:49 - [TEST_STEP][PASSED] - else: null

2022-11-30 21:13:49 - [TEST_STEP][PASSED] - Bandera = 0: null

2022-11-30 21:13:49 - [TEST_STEP][PASSED] - print(Bandera + "------"): null

2022-11-30 21:13:49 - [TEST_STEP][PASSED] - num = Math.random() * 5 - 1 + 1: null

2022-11-30 21:13:49 - [TEST_STEP][PASSED] - setText(findTestObject("Object Repository/While_google/Page_Google/input__q"), "5+" + num): Text '5+3' is set on object 'Object Repository/While_google/Page_Google/input__q'

2022-11-30 21:13:50 - [MESSAGE][PASSED] - Text '5+3' is set on object 'Object Repository/While_google/Page_Google/input__q'

2022-11-30 21:13:50 - [TEST_STEP][PASSED] - sendKeys(findTestObject("Object Repository/While_google/Page_Google/input__q"), Keys.chord(ENTER)): Keys 'ENTER + ' sent to object: 'Object Repository/While_google/Page_Google/input__q'

2022-11-30 21:13:56 - [MESSAGE][PASSED] - Keys 'ENTER + ' sent to object: 'Object Repository/While_google/Page_Google/input__q'

2022-11-30 21:13:56 - [TEST_STEP][PASSED] - Resultado = getText(findTestObject("While_google/Extras/Resultado_10")): Text of object 'Object Repository/While_google/Extras/Resultado_10' is: '8'

2022-11-30 21:13:57 - [MESSAGE][PASSED] - Text of object 'Object Repository/While_google/Extras/Resultado_10' is: '8'

2022-11-30 21:13:57 - [TEST_STEP][PASSED] - if (Resultado == "8"): Browser is closed

2022-11-30 21:13:57 - [TEST_STEP][PASSED] - Bandera = 1: null

2022-11-30 21:13:57 - [TEST_STEP][PASSED] - print("Listo termina"): null

2022-11-30 21:13:57 - [TEST_STEP][PASSED] - closeBrowser(): Browser is closed

2022-11-30 21:13:57 - [MESSAGE][PASSED] - Browser is closed

2022-11-30 21:13:57 - [TEST_STEP][PASSED] - print(Bandera + "------"): null]]></system-out>
         <system-err><![CDATA[]]></system-err>
      </testcase>
      <testcase name="Test Cases/BUCLES/Reto_while_solucion" time="18.941" classname="Test Cases/BUCLES/Reto_while_solucion" status="PASSED">
         <system-out><![CDATA[2022-11-30 21:13:57 - [TEST_CASE][PASSED] - Test Cases/BUCLES/Reto_while_solucion: Test Cases/BUCLES/Reto_while_solucion

2022-11-30 21:13:57 - [TEST_STEP][PASSED] - openBrowser(""): Browser is opened with url: ''

2022-11-30 21:13:57 - [MESSAGE][INFO] - Starting 'Chrome' driver

2022-11-30 21:13:57 - [MESSAGE][INFO] - Action delay is set to 0 milliseconds

2022-11-30 21:13:59 - [MESSAGE][PASSED] - Browser is opened with url: ''

2022-11-30 21:13:59 - [TEST_STEP][PASSED] - navigateToUrl("https://www.google.com/"): Navigate to 'https://www.google.com/' successfully

2022-11-30 21:14:04 - [MESSAGE][PASSED] - Navigate to 'https://www.google.com/' successfully

2022-11-30 21:14:04 - [TEST_STEP][PASSED] - Res = 0: null

2022-11-30 21:14:04 - [TEST_STEP][PASSED] - while (Res != 8): Browser is closed

2022-11-30 21:14:04 - [TEST_STEP][PASSED] - num = Math.random() * 5 - 1 + 1: null

2022-11-30 21:14:04 - [TEST_STEP][PASSED] - setText(findTestObject("Object Repository/Reto_while1/Page_Google/input__q"), "5+" + num): Text '5+3' is set on object 'Object Repository/Reto_while1/Page_Google/input__q'

2022-11-30 21:14:05 - [MESSAGE][PASSED] - Text '5+3' is set on object 'Object Repository/Reto_while1/Page_Google/input__q'

2022-11-30 21:14:05 - [TEST_STEP][PASSED] - sendKeys(findTestObject("Object Repository/Reto_while1/Page_Google/input__q"), Keys.chord(ENTER)): Keys 'ENTER + ' sent to object: 'Object Repository/Reto_while1/Page_Google/input__q'

2022-11-30 21:14:15 - [MESSAGE][PASSED] - Keys 'ENTER + ' sent to object: 'Object Repository/Reto_while1/Page_Google/input__q'

2022-11-30 21:14:15 - [TEST_STEP][PASSED] - Res = getText(findTestObject("Reto_while1/Resultado_8")).toInteger(): Text of object 'Object Repository/Reto_while1/Resultado_8' is: '8'

2022-11-30 21:14:16 - [MESSAGE][PASSED] - Text of object 'Object Repository/Reto_while1/Resultado_8' is: '8'

2022-11-30 21:14:16 - [TEST_STEP][PASSED] - if (Res == 8): Browser is closed

2022-11-30 21:14:16 - [TEST_STEP][PASSED] - closeBrowser(): Browser is closed

2022-11-30 21:14:16 - [MESSAGE][PASSED] - Browser is closed]]></system-out>
         <system-err><![CDATA[]]></system-err>
      </testcase>
      <testcase name="Test Cases/BUCLES/Test_1" time="36.371" classname="Test Cases/BUCLES/Test_1" status="PASSED">
         <system-out><![CDATA[2022-11-30 21:14:16 - [TEST_CASE][PASSED] - Test Cases/BUCLES/Test_1: Test Cases/BUCLES/Test_1

2022-11-30 21:14:16 - [TEST_STEP][PASSED] - openBrowser(""): Browser is opened with url: ''

2022-11-30 21:14:16 - [MESSAGE][INFO] - Starting 'Chrome' driver

2022-11-30 21:14:16 - [MESSAGE][INFO] - Action delay is set to 0 milliseconds

2022-11-30 21:14:18 - [MESSAGE][PASSED] - Browser is opened with url: ''

2022-11-30 21:14:18 - [TEST_STEP][PASSED] - navigateToUrl("https://demoqa.com/text-box"): Navigate to 'https://demoqa.com/text-box' successfully

2022-11-30 21:14:31 - [MESSAGE][PASSED] - Navigate to 'https://demoqa.com/text-box' successfully

2022-11-30 21:14:31 - [TEST_STEP][PASSED] - for ([x = 1, x <= 2, (x++)]): null

2022-11-30 21:14:31 - [TEST_STEP][PASSED] - openBrowser(""): Browser is opened with url: ''

2022-11-30 21:14:31 - [MESSAGE][WARNING] - A browser is already opened. Closing browser and opening a new one

2022-11-30 21:14:31 - [MESSAGE][INFO] - Starting 'Chrome' driver

2022-11-30 21:14:31 - [MESSAGE][INFO] - Action delay is set to 0 milliseconds

2022-11-30 21:14:33 - [MESSAGE][PASSED] - Browser is opened with url: ''

2022-11-30 21:14:33 - [TEST_STEP][PASSED] - navigateToUrl("https://demoqa.com/text-box"): Navigate to 'https://demoqa.com/text-box' successfully

2022-11-30 21:14:42 - [MESSAGE][PASSED] - Navigate to 'https://demoqa.com/text-box' successfully

2022-11-30 21:14:42 - [TEST_STEP][PASSED] - RN = Math.random() * 10 - 1 + 1: null

2022-11-30 21:14:42 - [TEST_STEP][PASSED] - print("Numero : " + RN + "----"): null

2022-11-30 21:14:42 - [TEST_STEP][PASSED] - z = ["Demo1", "Demo2", "Demo3", "Demo4", "Demo5"]: null

2022-11-30 21:14:42 - [TEST_STEP][PASSED] - rnd = new java.util.Random(): null

2022-11-30 21:14:42 - [TEST_STEP][PASSED] - texto = z[rnd.nextInt(size)]: null

2022-11-30 21:14:42 - [TEST_STEP][PASSED] - print(texto): null

2022-11-30 21:14:42 - [TEST_STEP][PASSED] - openBrowser(""): Browser is opened with url: ''

2022-11-30 21:14:42 - [MESSAGE][WARNING] - A browser is already opened. Closing browser and opening a new one

2022-11-30 21:14:43 - [MESSAGE][INFO] - Starting 'Chrome' driver

2022-11-30 21:14:43 - [MESSAGE][INFO] - Action delay is set to 0 milliseconds

2022-11-30 21:14:44 - [MESSAGE][PASSED] - Browser is opened with url: ''

2022-11-30 21:14:44 - [TEST_STEP][PASSED] - navigateToUrl("https://demoqa.com/text-box"): Navigate to 'https://demoqa.com/text-box' successfully

2022-11-30 21:14:52 - [MESSAGE][PASSED] - Navigate to 'https://demoqa.com/text-box' successfully

2022-11-30 21:14:52 - [TEST_STEP][PASSED] - RN = Math.random() * 10 - 1 + 1: null

2022-11-30 21:14:52 - [TEST_STEP][PASSED] - print("Numero : " + RN + "----"): null

2022-11-30 21:14:52 - [TEST_STEP][PASSED] - z = ["Demo1", "Demo2", "Demo3", "Demo4", "Demo5"]: null

2022-11-30 21:14:52 - [TEST_STEP][PASSED] - rnd = new java.util.Random(): null

2022-11-30 21:14:52 - [TEST_STEP][PASSED] - texto = z[rnd.nextInt(size)]: null

2022-11-30 21:14:52 - [TEST_STEP][PASSED] - print(texto): null

2022-11-30 21:14:52 - [TEST_STEP][PASSED] - closeBrowser(): Browser is closed

2022-11-30 21:14:53 - [MESSAGE][PASSED] - Browser is closed]]></system-out>
         <system-err><![CDATA[]]></system-err>
      </testcase>
      <testcase name="Test Cases/BUCLES/Test_2" time="12.398" classname="Test Cases/BUCLES/Test_2" status="PASSED">
         <system-out><![CDATA[2022-11-30 21:14:53 - [TEST_CASE][PASSED] - Test Cases/BUCLES/Test_2: Test Cases/BUCLES/Test_2

2022-11-30 21:14:53 - [TEST_STEP][PASSED] - openBrowser(""): Browser is opened with url: ''

2022-11-30 21:14:53 - [MESSAGE][INFO] - Starting 'Chrome' driver

2022-11-30 21:14:53 - [MESSAGE][INFO] - Action delay is set to 0 milliseconds

2022-11-30 21:14:54 - [MESSAGE][PASSED] - Browser is opened with url: ''

2022-11-30 21:14:54 - [TEST_STEP][PASSED] - navigateToUrl("https://demoqa.com/text-box"): Navigate to 'https://demoqa.com/text-box' successfully

2022-11-30 21:15:05 - [MESSAGE][PASSED] - Navigate to 'https://demoqa.com/text-box' successfully

2022-11-30 21:15:05 - [TEST_STEP][PASSED] - for ([x = 1, x <= 10, x = x + 2]): null

2022-11-30 21:15:05 - [TEST_STEP][PASSED] - print(" hola mundo " + x + "-------"): null

2022-11-30 21:15:05 - [TEST_STEP][PASSED] - print(" hola mundo " + x + "-------"): null

2022-11-30 21:15:05 - [TEST_STEP][PASSED] - print(" hola mundo " + x + "-------"): null

2022-11-30 21:15:05 - [TEST_STEP][PASSED] - print(" hola mundo " + x + "-------"): null

2022-11-30 21:15:05 - [TEST_STEP][PASSED] - print(" hola mundo " + x + "-------"): null

2022-11-30 21:15:05 - [TEST_STEP][PASSED] - closeBrowser(): Browser is closed

2022-11-30 21:15:05 - [MESSAGE][PASSED] - Browser is closed]]></system-out>
         <system-err><![CDATA[]]></system-err>
      </testcase>
      <testcase name="Test Cases/BUCLES/Test_while" time="13.553" classname="Test Cases/BUCLES/Test_while" status="PASSED">
         <system-out><![CDATA[2022-11-30 21:15:05 - [TEST_CASE][PASSED] - Test Cases/BUCLES/Test_while: Test Cases/BUCLES/Test_while

2022-11-30 21:15:05 - [TEST_STEP][PASSED] - openBrowser(""): Browser is opened with url: ''

2022-11-30 21:15:05 - [MESSAGE][INFO] - Starting 'Chrome' driver

2022-11-30 21:15:05 - [MESSAGE][INFO] - Action delay is set to 0 milliseconds

2022-11-30 21:15:07 - [MESSAGE][PASSED] - Browser is opened with url: ''

2022-11-30 21:15:07 - [TEST_STEP][PASSED] - navigateToUrl("https://demoqa.com/text-box"): Navigate to 'https://demoqa.com/text-box' successfully

2022-11-30 21:15:18 - [MESSAGE][PASSED] - Navigate to 'https://demoqa.com/text-box' successfully

2022-11-30 21:15:18 - [TEST_STEP][PASSED] - maximizeWindow(): Current window maximized

2022-11-30 21:15:18 - [MESSAGE][PASSED] - Current window maximized

2022-11-30 21:15:18 - [TEST_STEP][PASSED] - waitForPageLoad(5): Wait for page load successfully

2022-11-30 21:15:18 - [MESSAGE][PASSED] - Wait for page load successfully

2022-11-30 21:15:18 - [TEST_STEP][PASSED] - x = 1: null

2022-11-30 21:15:18 - [TEST_STEP][PASSED] - while (x <= 3): null

2022-11-30 21:15:18 - [TEST_STEP][PASSED] - print("Hola " + x + "----------"): null

2022-11-30 21:15:18 - [TEST_STEP][PASSED] - (x++): null

2022-11-30 21:15:18 - [TEST_STEP][PASSED] - print("Hola " + x + "----------"): null

2022-11-30 21:15:18 - [TEST_STEP][PASSED] - (x++): null

2022-11-30 21:15:18 - [TEST_STEP][PASSED] - print("Hola " + x + "----------"): null

2022-11-30 21:15:18 - [TEST_STEP][PASSED] - (x++): null

2022-11-30 21:15:18 - [TEST_STEP][PASSED] - closeBrowser(): Browser is closed

2022-11-30 21:15:19 - [MESSAGE][PASSED] - Browser is closed]]></system-out>
         <system-err><![CDATA[]]></system-err>
      </testcase>
      <testcase name="Test Cases/BUCLES/Test_while2" time="18.346" classname="Test Cases/BUCLES/Test_while2" status="PASSED">
         <system-out><![CDATA[2022-11-30 21:15:19 - [TEST_CASE][PASSED] - Test Cases/BUCLES/Test_while2: Test Cases/BUCLES/Test_while2

2022-11-30 21:15:19 - [TEST_STEP][PASSED] - openBrowser(""): Browser is opened with url: ''

2022-11-30 21:15:19 - [MESSAGE][INFO] - Starting 'Chrome' driver

2022-11-30 21:15:19 - [MESSAGE][INFO] - Action delay is set to 0 milliseconds

2022-11-30 21:15:21 - [MESSAGE][PASSED] - Browser is opened with url: ''

2022-11-30 21:15:21 - [TEST_STEP][PASSED] - navigateToUrl("https://demoqa.com/text-box"): Navigate to 'https://demoqa.com/text-box' successfully

2022-11-30 21:15:36 - [MESSAGE][PASSED] - Navigate to 'https://demoqa.com/text-box' successfully

2022-11-30 21:15:36 - [TEST_STEP][PASSED] - maximizeWindow(): Current window maximized

2022-11-30 21:15:36 - [MESSAGE][PASSED] - Current window maximized

2022-11-30 21:15:36 - [TEST_STEP][PASSED] - waitForPageLoad(5): Wait for page load successfully

2022-11-30 21:15:36 - [MESSAGE][PASSED] - Wait for page load successfully

2022-11-30 21:15:36 - [TEST_STEP][PASSED] - x = 1: null

2022-11-30 21:15:36 - [TEST_STEP][PASSED] - while (x <= 5): null

2022-11-30 21:15:36 - [TEST_STEP][PASSED] - print("Valor de X" + x + "------>"): null

2022-11-30 21:15:36 - [TEST_STEP][PASSED] - (x++): null

2022-11-30 21:15:36 - [TEST_STEP][PASSED] - print("Valor de X" + x + "------>"): null

2022-11-30 21:15:36 - [TEST_STEP][PASSED] - (x++): null

2022-11-30 21:15:36 - [TEST_STEP][PASSED] - print("Valor de X" + x + "------>"): null

2022-11-30 21:15:36 - [TEST_STEP][PASSED] - (x++): null

2022-11-30 21:15:36 - [TEST_STEP][PASSED] - print("Valor de X" + x + "------>"): null

2022-11-30 21:15:36 - [TEST_STEP][PASSED] - (x++): null

2022-11-30 21:15:36 - [TEST_STEP][PASSED] - print("Valor de X" + x + "------>"): null

2022-11-30 21:15:36 - [TEST_STEP][PASSED] - (x++): null

2022-11-30 21:15:36 - [TEST_STEP][PASSED] - closeBrowser(): Browser is closed

2022-11-30 21:15:37 - [MESSAGE][PASSED] - Browser is closed]]></system-out>
         <system-err><![CDATA[]]></system-err>
      </testcase>
      <testcase name="Test Cases/Drive_excel/Drive_excel" time="26.78" classname="Test Cases/Drive_excel/Drive_excel" status="PASSED">
         <system-out><![CDATA[2022-11-30 21:15:37 - [TEST_CASE][PASSED] - Test Cases/Drive_excel/Drive_excel: Test Cases/Drive_excel/Drive_excel

2022-11-30 21:15:37 - [TEST_STEP][PASSED] - openBrowser(""): Browser is opened with url: ''

2022-11-30 21:15:37 - [MESSAGE][INFO] - Starting 'Chrome' driver

2022-11-30 21:15:37 - [MESSAGE][INFO] - Action delay is set to 0 milliseconds

2022-11-30 21:15:39 - [MESSAGE][PASSED] - Browser is opened with url: ''

2022-11-30 21:15:39 - [TEST_STEP][PASSED] - navigateToUrl("https://demoqa.com/automation-practice-form"): Navigate to 'https://demoqa.com/automation-practice-form' successfully

2022-11-30 21:15:53 - [MESSAGE][PASSED] - Navigate to 'https://demoqa.com/automation-practice-form' successfully

2022-11-30 21:15:53 - [TEST_STEP][PASSED] - waitForPageLoad(40): Wait for page load successfully

2022-11-30 21:15:53 - [MESSAGE][PASSED] - Wait for page load successfully

2022-11-30 21:15:53 - [TEST_STEP][PASSED] - maximizeWindow(): Current window maximized

2022-11-30 21:15:54 - [MESSAGE][PASSED] - Current window maximized

2022-11-30 21:15:54 - [TEST_STEP][PASSED] - setText(findTestObject("Object Repository/Drive_excel/Page_ToolsQA/input_Name_firstName"), nombre): Text '' is set on object 'Object Repository/Drive_excel/Page_ToolsQA/input_Name_firstName'

2022-11-30 21:15:59 - [MESSAGE][PASSED] - Text '' is set on object 'Object Repository/Drive_excel/Page_ToolsQA/input_Name_firstName'

2022-11-30 21:15:59 - [TEST_STEP][PASSED] - setText(findTestObject("Object Repository/Drive_excel/Page_ToolsQA/input_Name_lastName"), apellido): Text '' is set on object 'Object Repository/Drive_excel/Page_ToolsQA/input_Name_lastName'

2022-11-30 21:16:00 - [MESSAGE][PASSED] - Text '' is set on object 'Object Repository/Drive_excel/Page_ToolsQA/input_Name_lastName'

2022-11-30 21:16:00 - [TEST_STEP][PASSED] - setText(findTestObject("Object Repository/Drive_excel/Page_ToolsQA/input_Email_userEmail"), email): Text '' is set on object 'Object Repository/Drive_excel/Page_ToolsQA/input_Email_userEmail'

2022-11-30 21:16:01 - [MESSAGE][PASSED] - Text '' is set on object 'Object Repository/Drive_excel/Page_ToolsQA/input_Email_userEmail'

2022-11-30 21:16:01 - [TEST_STEP][PASSED] - delay(2): Delayed 2 second(s)

2022-11-30 21:16:03 - [MESSAGE][PASSED] - Delayed 2 second(s)

2022-11-30 21:16:03 - [TEST_STEP][PASSED] - closeBrowser(): Browser is closed

2022-11-30 21:16:04 - [MESSAGE][PASSED] - Browser is closed]]></system-out>
         <system-err><![CDATA[]]></system-err>
      </testcase>
      <system-out><![CDATA[2022-11-30 21:08:08 - [TEST_SUITE][PASSED] - testCLoud: Test Cases/Drive_excel/Drive_excel]]></system-out>
      <system-err><![CDATA[]]></system-err>
   </testsuite>
</testsuites>
