<?xml version="1.0" encoding="UTF-8"?>
<testsuites name="Data_excel" time="102.467" tests="5" failures="0" errors="0">
   <testsuite name="Data_excel" tests="5" failures="0" errors="0" time="102.467" skipped="0" timestamp="2022-11-23 19:44:57" hostname="admin - 192.168.0.13" id="Test Suites/Data_excel">
      <properties>
         <property name="deviceName" value=""/>
         <property name="devicePlatform" value=""/>
         <property name="logFolder" value="C:\\Users\\admin\\Katalon Studio\\Proyectos\\Proyecto_uno\\Reports\\20221123_194411\\Data_excel\\20221123_194412"/>
         <property name="logFiles" value="C:\\Users\\admin\\Katalon Studio\\Proyectos\\Proyecto_uno\\Reports\\20221123_194411\\Data_excel\\20221123_194412\\execution0.log"/>
         <property name="attachments" value=""/>
         <property name="hostName" value="admin - 192.168.0.13"/>
         <property name="os" value="Windows 10 64bit"/>
         <property name="katalonVersion" value="8.5.2.208"/>
         <property name="browser" value="Chrome 107.0.0.0"/>
         <property name="hostAddress" value="192.168.0.13"/>
         <property name="sessionId" value="6c607cf37e71133cdf42771055614853"/>
         <property name="seleniumVersion" value="3.141.59"/>
         <property name="proxyInformation" value="ProxyInformation { proxyOption=NO_PROXY, proxyServerType=HTTP, username=, password=********, proxyServerAddress=, proxyServerPort=0, executionList=&quot;&quot;, isApplyToDesiredCapabilities=true }"/>
         <property name="platform" value="Windows 10"/>
      </properties>
      <testcase name="Test Cases/Drive_excel/Drive_excel" time="23.52" classname="Test Cases/Drive_excel/Drive_excel" status="PASSED">
         <system-out><![CDATA[2022-11-23 19:44:57 - [TEST_CASE][PASSED] - Test Cases/Drive_excel/Drive_excel: Test Cases/Drive_excel/Drive_excel

2022-11-23 19:44:58 - [TEST_STEP][PASSED] - openBrowser(""): Browser is opened with url: ''

2022-11-23 19:44:59 - [MESSAGE][INFO] - Starting 'Chrome' driver

2022-11-23 19:44:59 - [MESSAGE][INFO] - Action delay is set to 0 milliseconds

2022-11-23 19:45:02 - [MESSAGE][PASSED] - Browser is opened with url: ''

2022-11-23 19:45:02 - [TEST_STEP][PASSED] - navigateToUrl("https://demoqa.com/automation-practice-form"): Navigate to 'https://demoqa.com/automation-practice-form' successfully

2022-11-23 19:45:13 - [MESSAGE][PASSED] - Navigate to 'https://demoqa.com/automation-practice-form' successfully

2022-11-23 19:45:13 - [TEST_STEP][PASSED] - waitForPageLoad(40): Wait for page load successfully

2022-11-23 19:45:14 - [MESSAGE][PASSED] - Wait for page load successfully

2022-11-23 19:45:14 - [TEST_STEP][PASSED] - maximizeWindow(): Current window maximized

2022-11-23 19:45:14 - [MESSAGE][PASSED] - Current window maximized

2022-11-23 19:45:14 - [TEST_STEP][PASSED] - setText(findTestObject("Object Repository/Drive_excel/Page_ToolsQA/input_Name_firstName"), nombre): Text 'nombre1' is set on object 'Object Repository/Drive_excel/Page_ToolsQA/input_Name_firstName'

2022-11-23 19:45:16 - [MESSAGE][PASSED] - Text 'nombre1' is set on object 'Object Repository/Drive_excel/Page_ToolsQA/input_Name_firstName'

2022-11-23 19:45:16 - [TEST_STEP][PASSED] - setText(findTestObject("Object Repository/Drive_excel/Page_ToolsQA/input_Name_lastName"), apellido): Text 'apellido1' is set on object 'Object Repository/Drive_excel/Page_ToolsQA/input_Name_lastName'

2022-11-23 19:45:17 - [MESSAGE][PASSED] - Text 'apellido1' is set on object 'Object Repository/Drive_excel/Page_ToolsQA/input_Name_lastName'

2022-11-23 19:45:17 - [TEST_STEP][PASSED] - setText(findTestObject("Object Repository/Drive_excel/Page_ToolsQA/input_Email_userEmail"), email): Text 'email@gmail.com1' is set on object 'Object Repository/Drive_excel/Page_ToolsQA/input_Email_userEmail'

2022-11-23 19:45:18 - [MESSAGE][PASSED] - Text 'email@gmail.com1' is set on object 'Object Repository/Drive_excel/Page_ToolsQA/input_Email_userEmail'

2022-11-23 19:45:18 - [TEST_STEP][PASSED] - delay(2): Delayed 2 second(s)

2022-11-23 19:45:20 - [MESSAGE][PASSED] - Delayed 2 second(s)

2022-11-23 19:45:20 - [TEST_STEP][PASSED] - closeBrowser(): Browser is closed

2022-11-23 19:45:21 - [MESSAGE][PASSED] - Browser is closed]]></system-out>
         <system-err><![CDATA[]]></system-err>
      </testcase>
      <testcase name="Test Cases/Drive_excel/Drive_excel" time="23.688" classname="Test Cases/Drive_excel/Drive_excel" status="PASSED">
         <system-out><![CDATA[2022-11-23 19:45:21 - [TEST_CASE][PASSED] - Test Cases/Drive_excel/Drive_excel: Test Cases/Drive_excel/Drive_excel

2022-11-23 19:45:21 - [TEST_STEP][PASSED] - openBrowser(""): Browser is opened with url: ''

2022-11-23 19:45:21 - [MESSAGE][INFO] - Starting 'Chrome' driver

2022-11-23 19:45:21 - [MESSAGE][INFO] - Action delay is set to 0 milliseconds

2022-11-23 19:45:23 - [MESSAGE][PASSED] - Browser is opened with url: ''

2022-11-23 19:45:23 - [TEST_STEP][PASSED] - navigateToUrl("https://demoqa.com/automation-practice-form"): Navigate to 'https://demoqa.com/automation-practice-form' successfully

2022-11-23 19:45:38 - [MESSAGE][PASSED] - Navigate to 'https://demoqa.com/automation-practice-form' successfully

2022-11-23 19:45:38 - [TEST_STEP][PASSED] - waitForPageLoad(40): Wait for page load successfully

2022-11-23 19:45:38 - [MESSAGE][PASSED] - Wait for page load successfully

2022-11-23 19:45:38 - [TEST_STEP][PASSED] - maximizeWindow(): Current window maximized

2022-11-23 19:45:38 - [MESSAGE][PASSED] - Current window maximized

2022-11-23 19:45:38 - [TEST_STEP][PASSED] - setText(findTestObject("Object Repository/Drive_excel/Page_ToolsQA/input_Name_firstName"), nombre): Text 'nombre2' is set on object 'Object Repository/Drive_excel/Page_ToolsQA/input_Name_firstName'

2022-11-23 19:45:40 - [MESSAGE][PASSED] - Text 'nombre2' is set on object 'Object Repository/Drive_excel/Page_ToolsQA/input_Name_firstName'

2022-11-23 19:45:40 - [TEST_STEP][PASSED] - setText(findTestObject("Object Repository/Drive_excel/Page_ToolsQA/input_Name_lastName"), apellido): Text 'apellido2' is set on object 'Object Repository/Drive_excel/Page_ToolsQA/input_Name_lastName'

2022-11-23 19:45:40 - [MESSAGE][PASSED] - Text 'apellido2' is set on object 'Object Repository/Drive_excel/Page_ToolsQA/input_Name_lastName'

2022-11-23 19:45:40 - [TEST_STEP][PASSED] - setText(findTestObject("Object Repository/Drive_excel/Page_ToolsQA/input_Email_userEmail"), email): Text 'email@gmail.com2' is set on object 'Object Repository/Drive_excel/Page_ToolsQA/input_Email_userEmail'

2022-11-23 19:45:41 - [MESSAGE][PASSED] - Text 'email@gmail.com2' is set on object 'Object Repository/Drive_excel/Page_ToolsQA/input_Email_userEmail'

2022-11-23 19:45:41 - [TEST_STEP][PASSED] - delay(2): Delayed 2 second(s)

2022-11-23 19:45:43 - [MESSAGE][PASSED] - Delayed 2 second(s)

2022-11-23 19:45:43 - [TEST_STEP][PASSED] - closeBrowser(): Browser is closed

2022-11-23 19:45:45 - [MESSAGE][PASSED] - Browser is closed]]></system-out>
         <system-err><![CDATA[]]></system-err>
      </testcase>
      <testcase name="Test Cases/Drive_excel/Drive_excel" time="16.188" classname="Test Cases/Drive_excel/Drive_excel" status="PASSED">
         <system-out><![CDATA[2022-11-23 19:45:45 - [TEST_CASE][PASSED] - Test Cases/Drive_excel/Drive_excel: Test Cases/Drive_excel/Drive_excel

2022-11-23 19:45:45 - [TEST_STEP][PASSED] - openBrowser(""): Browser is opened with url: ''

2022-11-23 19:45:45 - [MESSAGE][INFO] - Starting 'Chrome' driver

2022-11-23 19:45:45 - [MESSAGE][INFO] - Action delay is set to 0 milliseconds

2022-11-23 19:45:46 - [MESSAGE][PASSED] - Browser is opened with url: ''

2022-11-23 19:45:46 - [TEST_STEP][PASSED] - navigateToUrl("https://demoqa.com/automation-practice-form"): Navigate to 'https://demoqa.com/automation-practice-form' successfully

2022-11-23 19:45:54 - [MESSAGE][PASSED] - Navigate to 'https://demoqa.com/automation-practice-form' successfully

2022-11-23 19:45:54 - [TEST_STEP][PASSED] - waitForPageLoad(40): Wait for page load successfully

2022-11-23 19:45:54 - [MESSAGE][PASSED] - Wait for page load successfully

2022-11-23 19:45:54 - [TEST_STEP][PASSED] - maximizeWindow(): Current window maximized

2022-11-23 19:45:54 - [MESSAGE][PASSED] - Current window maximized

2022-11-23 19:45:54 - [TEST_STEP][PASSED] - setText(findTestObject("Object Repository/Drive_excel/Page_ToolsQA/input_Name_firstName"), nombre): Text 'nombre3' is set on object 'Object Repository/Drive_excel/Page_ToolsQA/input_Name_firstName'

2022-11-23 19:45:56 - [MESSAGE][PASSED] - Text 'nombre3' is set on object 'Object Repository/Drive_excel/Page_ToolsQA/input_Name_firstName'

2022-11-23 19:45:56 - [TEST_STEP][PASSED] - setText(findTestObject("Object Repository/Drive_excel/Page_ToolsQA/input_Name_lastName"), apellido): Text 'apellido3' is set on object 'Object Repository/Drive_excel/Page_ToolsQA/input_Name_lastName'

2022-11-23 19:45:57 - [MESSAGE][PASSED] - Text 'apellido3' is set on object 'Object Repository/Drive_excel/Page_ToolsQA/input_Name_lastName'

2022-11-23 19:45:57 - [TEST_STEP][PASSED] - setText(findTestObject("Object Repository/Drive_excel/Page_ToolsQA/input_Email_userEmail"), email): Text 'email@gmail.com3' is set on object 'Object Repository/Drive_excel/Page_ToolsQA/input_Email_userEmail'

2022-11-23 19:45:58 - [MESSAGE][PASSED] - Text 'email@gmail.com3' is set on object 'Object Repository/Drive_excel/Page_ToolsQA/input_Email_userEmail'

2022-11-23 19:45:58 - [TEST_STEP][PASSED] - delay(2): Delayed 2 second(s)

2022-11-23 19:46:00 - [MESSAGE][PASSED] - Delayed 2 second(s)

2022-11-23 19:46:00 - [TEST_STEP][PASSED] - closeBrowser(): Browser is closed

2022-11-23 19:46:01 - [MESSAGE][PASSED] - Browser is closed]]></system-out>
         <system-err><![CDATA[]]></system-err>
      </testcase>
      <testcase name="Test Cases/Drive_excel/Drive_excel" time="18.333" classname="Test Cases/Drive_excel/Drive_excel" status="PASSED">
         <system-out><![CDATA[2022-11-23 19:46:01 - [TEST_CASE][PASSED] - Test Cases/Drive_excel/Drive_excel: Test Cases/Drive_excel/Drive_excel

2022-11-23 19:46:01 - [TEST_STEP][PASSED] - openBrowser(""): Browser is opened with url: ''

2022-11-23 19:46:01 - [MESSAGE][INFO] - Starting 'Chrome' driver

2022-11-23 19:46:01 - [MESSAGE][INFO] - Action delay is set to 0 milliseconds

2022-11-23 19:46:02 - [MESSAGE][PASSED] - Browser is opened with url: ''

2022-11-23 19:46:02 - [TEST_STEP][PASSED] - navigateToUrl("https://demoqa.com/automation-practice-form"): Navigate to 'https://demoqa.com/automation-practice-form' successfully

2022-11-23 19:46:12 - [MESSAGE][PASSED] - Navigate to 'https://demoqa.com/automation-practice-form' successfully

2022-11-23 19:46:12 - [TEST_STEP][PASSED] - waitForPageLoad(40): Wait for page load successfully

2022-11-23 19:46:12 - [MESSAGE][PASSED] - Wait for page load successfully

2022-11-23 19:46:12 - [TEST_STEP][PASSED] - maximizeWindow(): Current window maximized

2022-11-23 19:46:12 - [MESSAGE][PASSED] - Current window maximized

2022-11-23 19:46:12 - [TEST_STEP][PASSED] - setText(findTestObject("Object Repository/Drive_excel/Page_ToolsQA/input_Name_firstName"), nombre): Text 'nombre4' is set on object 'Object Repository/Drive_excel/Page_ToolsQA/input_Name_firstName'

2022-11-23 19:46:15 - [MESSAGE][PASSED] - Text 'nombre4' is set on object 'Object Repository/Drive_excel/Page_ToolsQA/input_Name_firstName'

2022-11-23 19:46:15 - [TEST_STEP][PASSED] - setText(findTestObject("Object Repository/Drive_excel/Page_ToolsQA/input_Name_lastName"), apellido): Text 'apellido4' is set on object 'Object Repository/Drive_excel/Page_ToolsQA/input_Name_lastName'

2022-11-23 19:46:16 - [MESSAGE][PASSED] - Text 'apellido4' is set on object 'Object Repository/Drive_excel/Page_ToolsQA/input_Name_lastName'

2022-11-23 19:46:16 - [TEST_STEP][PASSED] - setText(findTestObject("Object Repository/Drive_excel/Page_ToolsQA/input_Email_userEmail"), email): Text 'email@gmail.com4' is set on object 'Object Repository/Drive_excel/Page_ToolsQA/input_Email_userEmail'

2022-11-23 19:46:17 - [MESSAGE][PASSED] - Text 'email@gmail.com4' is set on object 'Object Repository/Drive_excel/Page_ToolsQA/input_Email_userEmail'

2022-11-23 19:46:17 - [TEST_STEP][PASSED] - delay(2): Delayed 2 second(s)

2022-11-23 19:46:19 - [MESSAGE][PASSED] - Delayed 2 second(s)

2022-11-23 19:46:19 - [TEST_STEP][PASSED] - closeBrowser(): Browser is closed

2022-11-23 19:46:19 - [MESSAGE][PASSED] - Browser is closed]]></system-out>
         <system-err><![CDATA[]]></system-err>
      </testcase>
      <testcase name="Test Cases/Drive_excel/Drive_excel" time="19.699" classname="Test Cases/Drive_excel/Drive_excel" status="PASSED">
         <system-out><![CDATA[2022-11-23 19:46:19 - [TEST_CASE][PASSED] - Test Cases/Drive_excel/Drive_excel: Test Cases/Drive_excel/Drive_excel

2022-11-23 19:46:19 - [TEST_STEP][PASSED] - openBrowser(""): Browser is opened with url: ''

2022-11-23 19:46:19 - [MESSAGE][INFO] - Starting 'Chrome' driver

2022-11-23 19:46:19 - [MESSAGE][INFO] - Action delay is set to 0 milliseconds

2022-11-23 19:46:21 - [MESSAGE][PASSED] - Browser is opened with url: ''

2022-11-23 19:46:21 - [TEST_STEP][PASSED] - navigateToUrl("https://demoqa.com/automation-practice-form"): Navigate to 'https://demoqa.com/automation-practice-form' successfully

2022-11-23 19:46:32 - [MESSAGE][PASSED] - Navigate to 'https://demoqa.com/automation-practice-form' successfully

2022-11-23 19:46:32 - [TEST_STEP][PASSED] - waitForPageLoad(40): Wait for page load successfully

2022-11-23 19:46:32 - [MESSAGE][PASSED] - Wait for page load successfully

2022-11-23 19:46:32 - [TEST_STEP][PASSED] - maximizeWindow(): Current window maximized

2022-11-23 19:46:32 - [MESSAGE][PASSED] - Current window maximized

2022-11-23 19:46:32 - [TEST_STEP][PASSED] - setText(findTestObject("Object Repository/Drive_excel/Page_ToolsQA/input_Name_firstName"), nombre): Text 'nombre5' is set on object 'Object Repository/Drive_excel/Page_ToolsQA/input_Name_firstName'

2022-11-23 19:46:34 - [MESSAGE][PASSED] - Text 'nombre5' is set on object 'Object Repository/Drive_excel/Page_ToolsQA/input_Name_firstName'

2022-11-23 19:46:34 - [TEST_STEP][PASSED] - setText(findTestObject("Object Repository/Drive_excel/Page_ToolsQA/input_Name_lastName"), apellido): Text 'apellido5' is set on object 'Object Repository/Drive_excel/Page_ToolsQA/input_Name_lastName'

2022-11-23 19:46:35 - [MESSAGE][PASSED] - Text 'apellido5' is set on object 'Object Repository/Drive_excel/Page_ToolsQA/input_Name_lastName'

2022-11-23 19:46:35 - [TEST_STEP][PASSED] - setText(findTestObject("Object Repository/Drive_excel/Page_ToolsQA/input_Email_userEmail"), email): Text 'email@gmail.com5' is set on object 'Object Repository/Drive_excel/Page_ToolsQA/input_Email_userEmail'

2022-11-23 19:46:36 - [MESSAGE][PASSED] - Text 'email@gmail.com5' is set on object 'Object Repository/Drive_excel/Page_ToolsQA/input_Email_userEmail'

2022-11-23 19:46:36 - [TEST_STEP][PASSED] - delay(2): Delayed 2 second(s)

2022-11-23 19:46:38 - [MESSAGE][PASSED] - Delayed 2 second(s)

2022-11-23 19:46:38 - [TEST_STEP][PASSED] - closeBrowser(): Browser is closed

2022-11-23 19:46:39 - [MESSAGE][PASSED] - Browser is closed]]></system-out>
         <system-err><![CDATA[]]></system-err>
      </testcase>
      <system-out><![CDATA[2022-11-23 19:44:57 - [TEST_SUITE][PASSED] - Data_excel: Test Cases/Drive_excel/Drive_excel]]></system-out>
      <system-err><![CDATA[]]></system-err>
   </testsuite>
</testsuites>
