<?xml version="1.0" encoding="UTF-8"?>
<testsuites name="testCLoud" time="684.192" tests="34" failures="0" errors="0">
   <testsuite name="testCLoud" tests="34" failures="0" errors="0" time="684.192" skipped="0" timestamp="2022-11-30 14:26:13" hostname="admin - 192.168.0.13" id="Test Suites/testCLoud">
      <properties>
         <property name="deviceName" value=""/>
         <property name="devicePlatform" value=""/>
         <property name="logFolder" value="C:\\Users\\admin\\git\\KatalonCertificacion\\Reports\\20221130_142553\\testCLoud\\20221130_142553"/>
         <property name="logFiles" value="C:\\Users\\admin\\git\\KatalonCertificacion\\Reports\\20221130_142553\\testCLoud\\20221130_142553\\execution0.log"/>
         <property name="attachments" value=""/>
         <property name="hostName" value="admin - 192.168.0.13"/>
         <property name="os" value="Windows 10 64bit"/>
         <property name="katalonVersion" value="8.5.2.208"/>
         <property name="browser" value="Chrome 107.0.0.0"/>
         <property name="hostAddress" value="192.168.0.13"/>
         <property name="sessionId" value="4841df530199efce9fcff722a908042e"/>
         <property name="seleniumVersion" value="3.141.59"/>
         <property name="proxyInformation" value="ProxyInformation { proxyOption=NO_PROXY, proxyServerType=HTTP, username=, password=********, proxyServerAddress=, proxyServerPort=0, executionList=&quot;&quot;, isApplyToDesiredCapabilities=true }"/>
         <property name="platform" value="Windows 10"/>
      </properties>
      <testcase name="Test Cases/Navegador/Navegador" time="23.523" classname="Test Cases/Navegador/Navegador" status="PASSED">
         <system-out><![CDATA[2022-11-30 14:26:14 - [TEST_CASE][PASSED] - Test Cases/Navegador/Navegador: Test Cases/Navegador/Navegador

2022-11-30 14:26:15 - [TEST_STEP][PASSED] - openBrowser("https://demoqa.com/text-box"): Browser is opened with url: 'https://demoqa.com/text-box'

2022-11-30 14:26:16 - [MESSAGE][INFO] - Starting 'Chrome' driver

2022-11-30 14:26:16 - [MESSAGE][INFO] - Action delay is set to 0 milliseconds

2022-11-30 14:26:36 - [MESSAGE][PASSED] - Browser is opened with url: 'https://demoqa.com/text-box'

2022-11-30 14:26:36 - [TEST_STEP][PASSED] - maximizeWindow(): Current window maximized

2022-11-30 14:26:36 - [MESSAGE][PASSED] - Current window maximized

2022-11-30 14:26:36 - [TEST_STEP][PASSED] - page_url = getUrl(): Current window's url is: 'https://demoqa.com/text-box'

2022-11-30 14:26:36 - [MESSAGE][PASSED] - Current window's url is: 'https://demoqa.com/text-box'

2022-11-30 14:26:36 - [TEST_STEP][PASSED] - print(page_url): null

2022-11-30 14:26:36 - [TEST_STEP][PASSED] - Titulo = getWindowTitle(): Current window's title is: 'ToolsQA'

2022-11-30 14:26:36 - [MESSAGE][PASSED] - Current window's title is: 'ToolsQA'

2022-11-30 14:26:36 - [TEST_STEP][PASSED] - print("titiulo de la pagina" + Titulo): null

2022-11-30 14:26:36 - [TEST_STEP][PASSED] - closeBrowser(): Browser is closed

2022-11-30 14:26:37 - [MESSAGE][PASSED] - Browser is closed]]></system-out>
         <system-err><![CDATA[]]></system-err>
      </testcase>
      <testcase name="Test Cases/Objecto_xpath/Caso_xpath" time="24.496" classname="Test Cases/Objecto_xpath/Caso_xpath" status="PASSED">
         <system-out><![CDATA[2022-11-30 14:26:37 - [TEST_CASE][PASSED] - Test Cases/Objecto_xpath/Caso_xpath: Test Cases/Objecto_xpath/Caso_xpath

2022-11-30 14:26:38 - [TEST_STEP][PASSED] - openBrowser(""): Browser is opened with url: ''

2022-11-30 14:26:38 - [MESSAGE][INFO] - Starting 'Chrome' driver

2022-11-30 14:26:38 - [MESSAGE][INFO] - Action delay is set to 0 milliseconds

2022-11-30 14:26:40 - [MESSAGE][PASSED] - Browser is opened with url: ''

2022-11-30 14:26:40 - [TEST_STEP][PASSED] - navigateToUrl("https://demoqa.com/text-box"): Navigate to 'https://demoqa.com/text-box' successfully

2022-11-30 14:26:55 - [MESSAGE][PASSED] - Navigate to 'https://demoqa.com/text-box' successfully

2022-11-30 14:26:55 - [TEST_STEP][PASSED] - maximizeWindow(): Current window maximized

2022-11-30 14:26:55 - [MESSAGE][PASSED] - Current window maximized

2022-11-30 14:26:55 - [TEST_STEP][PASSED] - setText(findTestObject("Objeto_xpath/Campo_nombre"), "Ljubo"): Text 'Ljubo' is set on object 'Object Repository/Objeto_xpath/Campo_nombre'

2022-11-30 14:26:57 - [MESSAGE][PASSED] - Text 'Ljubo' is set on object 'Object Repository/Objeto_xpath/Campo_nombre'

2022-11-30 14:26:57 - [TEST_STEP][PASSED] - delay(3): Delayed 3 second(s)

2022-11-30 14:27:00 - [MESSAGE][PASSED] - Delayed 3 second(s)

2022-11-30 14:27:00 - [TEST_STEP][PASSED] - closeBrowser(): Browser is closed

2022-11-30 14:27:02 - [MESSAGE][PASSED] - Browser is closed]]></system-out>
         <system-err><![CDATA[]]></system-err>
      </testcase>
      <testcase name="Test Cases/Condicionales_If/Condicionar_titulo" time="41.642" classname="Test Cases/Condicionales_If/Condicionar_titulo" status="PASSED">
         <system-out><![CDATA[2022-11-30 14:27:02 - [TEST_CASE][PASSED] - Test Cases/Condicionales_If/Condicionar_titulo: Test Cases/Condicionales_If/Condicionar_titulo

2022-11-30 14:27:02 - [TEST_STEP][PASSED] - openBrowser(""): Browser is opened with url: ''

2022-11-30 14:27:02 - [MESSAGE][INFO] - Starting 'Chrome' driver

2022-11-30 14:27:02 - [MESSAGE][INFO] - Action delay is set to 0 milliseconds

2022-11-30 14:27:04 - [MESSAGE][PASSED] - Browser is opened with url: ''

2022-11-30 14:27:04 - [TEST_STEP][PASSED] - navigateToUrl("https://demoqa.com/"): Navigate to 'https://demoqa.com/' successfully

2022-11-30 14:27:23 - [MESSAGE][PASSED] - Navigate to 'https://demoqa.com/' successfully

2022-11-30 14:27:23 - [TEST_STEP][PASSED] - maximizeWindow(): Current window maximized

2022-11-30 14:27:24 - [MESSAGE][PASSED] - Current window maximized

2022-11-30 14:27:24 - [TEST_STEP][PASSED] - waitForPageLoad(5): Wait for page load successfully

2022-11-30 14:27:24 - [MESSAGE][PASSED] - Wait for page load successfully

2022-11-30 14:27:24 - [TEST_STEP][PASSED] - Existe = waitForElementVisible(findTestObject("Condicionales/Texto_radio"), 3): Web element with id: 'Object Repository/Condicionales/Texto_radio' located by '//div[@class='main-header'][contains(.,'Radio Button')]' not found

2022-11-30 14:27:29 - [MESSAGE][INFO] - Unable to find the element located by 'By.xpath: //div[@class='main-header'][contains(.,'Radio Button')]'. Please recheck the objects properties to make sure the desired element is located. 

2022-11-30 14:27:29 - [MESSAGE][WARNING] - [SELF-HEALING] Failed to find element with id 'Object Repository/Condicionales/Texto_radio'. Try using Self-healing.

2022-11-30 14:27:30 - [MESSAGE][INFO] - [SELF-HEALING] No working XPath is found.

2022-11-30 14:27:31 - [MESSAGE][INFO] - Unable to find the element located by 'By.xpath: '. Please recheck the objects properties to make sure the desired element is located. 

2022-11-30 14:27:31 - [MESSAGE][WARNING] - [SELF-HEALING] Cannot find elements when the selector is null

2022-11-30 14:27:31 - [MESSAGE][WARNING] - Web element with id: 'Object Repository/Condicionales/Texto_radio' located by '//div[@class='main-header'][contains(.,'Radio Button')]' not found

2022-11-30 14:27:31 - [TEST_STEP][PASSED] - print(Existe): null

2022-11-30 14:27:31 - [TEST_STEP][PASSED] - if (Existe == true): null

2022-11-30 14:27:31 - [TEST_STEP][PASSED] - else: Browser is closed

2022-11-30 14:27:31 - [TEST_STEP][PASSED] - print("-----  Error no esta el elemento de texto radio ------"): null

2022-11-30 14:27:31 - [TEST_STEP][PASSED] - navigateToUrl("https://demoqa.com/radio-button"): Navigate to 'https://demoqa.com/radio-button' successfully

2022-11-30 14:27:35 - [MESSAGE][PASSED] - Navigate to 'https://demoqa.com/radio-button' successfully

2022-11-30 14:27:35 - [TEST_STEP][PASSED] - click(findTestObject("Condicionales/Objeto_yes")): Object: 'Object Repository/Condicionales/Objeto_yes' is clicked on

2022-11-30 14:27:41 - [MESSAGE][PASSED] - Object: 'Object Repository/Condicionales/Objeto_yes' is clicked on

2022-11-30 14:27:41 - [TEST_STEP][PASSED] - delay(2): Delayed 2 second(s)

2022-11-30 14:27:43 - [MESSAGE][PASSED] - Delayed 2 second(s)

2022-11-30 14:27:43 - [TEST_STEP][PASSED] - closeBrowser(): Browser is closed

2022-11-30 14:27:43 - [MESSAGE][PASSED] - Browser is closed]]></system-out>
         <system-err><![CDATA[]]></system-err>
      </testcase>
      <testcase name="Test Cases/Condicionales_If/Test_1" time="0.849" classname="Test Cases/Condicionales_If/Test_1" status="PASSED">
         <system-out><![CDATA[2022-11-30 14:27:43 - [TEST_CASE][PASSED] - Test Cases/Condicionales_If/Test_1: Test Cases/Condicionales_If/Test_1

2022-11-30 14:27:44 - [TEST_STEP][PASSED] - if (num == 10): null

2022-11-30 14:27:44 - [TEST_STEP][PASSED] - else: null

2022-11-30 14:27:44 - [TEST_STEP][PASSED] - print("El numero no es un 10 es el numero:  " + num + "#####"): null]]></system-out>
         <system-err><![CDATA[]]></system-err>
      </testcase>
      <testcase name="Test Cases/Condicionales_If/Test_2" time="1.248" classname="Test Cases/Condicionales_If/Test_2" status="PASSED">
         <system-out><![CDATA[2022-11-30 14:27:44 - [TEST_CASE][PASSED] - Test Cases/Condicionales_If/Test_2: Test Cases/Condicionales_If/Test_2

2022-11-30 14:27:45 - [TEST_STEP][PASSED] - if (num == 5): null

2022-11-30 14:27:46 - [TEST_STEP][PASSED] - if (num == 10): null

2022-11-30 14:27:46 - [TEST_STEP][PASSED] - println("El valor de la variables es un: 10"): null]]></system-out>
         <system-err><![CDATA[]]></system-err>
      </testcase>
      <testcase name="Test Cases/Condicionales_If/Test_3" time="0.766" classname="Test Cases/Condicionales_If/Test_3" status="PASSED">
         <system-out><![CDATA[2022-11-30 14:27:46 - [TEST_CASE][PASSED] - Test Cases/Condicionales_If/Test_3: Test Cases/Condicionales_If/Test_3

2022-11-30 14:27:46 - [TEST_STEP][PASSED] - if (nombre == "Juan"): null

2022-11-30 14:27:46 - [TEST_STEP][PASSED] - if (nombre == "JUan"): null

2022-11-30 14:27:46 - [TEST_STEP][PASSED] - if (nombre == "juan"): null

2022-11-30 14:27:46 - [TEST_STEP][PASSED] - println("Tu nombre es juan"): null]]></system-out>
         <system-err><![CDATA[]]></system-err>
      </testcase>
      <testcase name="Test Cases/Condicionales_If/Test_4" time="0.881" classname="Test Cases/Condicionales_If/Test_4" status="PASSED">
         <system-out><![CDATA[2022-11-30 14:27:46 - [TEST_CASE][PASSED] - Test Cases/Condicionales_If/Test_4: Test Cases/Condicionales_If/Test_4

2022-11-30 14:27:47 - [TEST_STEP][PASSED] - if (num <= 7): null

2022-11-30 14:27:47 - [TEST_STEP][PASSED] - println("El numero es menor ó igual que 5"): null

2022-11-30 14:27:47 - [TEST_STEP][PASSED] - if (num >= 8): null

2022-11-30 14:27:47 - [TEST_STEP][PASSED] - if (num != 5): null]]></system-out>
         <system-err><![CDATA[]]></system-err>
      </testcase>
      <testcase name="Test Cases/Condicionales_If/Test_edad" time="0.703" classname="Test Cases/Condicionales_If/Test_edad" status="PASSED">
         <system-out><![CDATA[2022-11-30 14:27:47 - [TEST_CASE][PASSED] - Test Cases/Condicionales_If/Test_edad: Test Cases/Condicionales_If/Test_edad

2022-11-30 14:27:48 - [TEST_STEP][PASSED] - if (edad >= 1 && edad <= 17): null

2022-11-30 14:27:48 - [TEST_STEP][PASSED] - else if (edad == 18): null

2022-11-30 14:27:48 - [TEST_STEP][PASSED] - else if (edad <= 0): null

2022-11-30 14:27:48 - [TEST_STEP][PASSED] - else if (edad == 120): null

2022-11-30 14:27:48 - [TEST_STEP][PASSED] - else: null

2022-11-30 14:27:48 - [TEST_STEP][PASSED] - print("No se cumple ninguna de las opciones"): null]]></system-out>
         <system-err><![CDATA[]]></system-err>
      </testcase>
      <testcase name="Test Cases/Condicionales_If/Test_valor" time="30.833" classname="Test Cases/Condicionales_If/Test_valor" status="PASSED">
         <system-out><![CDATA[2022-11-30 14:27:48 - [TEST_CASE][PASSED] - Test Cases/Condicionales_If/Test_valor: Test Cases/Condicionales_If/Test_valor

2022-11-30 14:27:49 - [TEST_STEP][PASSED] - openBrowser(""): Browser is opened with url: ''

2022-11-30 14:27:49 - [MESSAGE][INFO] - Starting 'Chrome' driver

2022-11-30 14:27:49 - [MESSAGE][INFO] - Action delay is set to 0 milliseconds

2022-11-30 14:27:51 - [MESSAGE][PASSED] - Browser is opened with url: ''

2022-11-30 14:27:51 - [TEST_STEP][PASSED] - navigateToUrl("https://demoqa.com/"): Navigate to 'https://demoqa.com/' successfully

2022-11-30 14:28:09 - [MESSAGE][PASSED] - Navigate to 'https://demoqa.com/' successfully

2022-11-30 14:28:09 - [TEST_STEP][PASSED] - maximizeWindow(): Current window maximized

2022-11-30 14:28:10 - [MESSAGE][PASSED] - Current window maximized

2022-11-30 14:28:10 - [TEST_STEP][PASSED] - waitForPageLoad(10): Wait for page load successfully

2022-11-30 14:28:10 - [MESSAGE][PASSED] - Wait for page load successfully

2022-11-30 14:28:10 - [TEST_STEP][PASSED] - Existe = waitForElementVisible(findTestObject("Condicionales/titulo1"), 5): Web element with id: 'Object Repository/Condicionales/titulo1' located by '//div[@class='main-header'][contains(.,'Radio Button')]' not found

2022-11-30 14:28:16 - [MESSAGE][INFO] - Unable to find the element located by 'By.xpath: //div[@class='main-header'][contains(.,'Radio Button')]'. Please recheck the objects properties to make sure the desired element is located. 

2022-11-30 14:28:16 - [MESSAGE][WARNING] - [SELF-HEALING] Failed to find element with id 'Object Repository/Condicionales/titulo1'. Try using Self-healing.

2022-11-30 14:28:17 - [MESSAGE][INFO] - [SELF-HEALING] No working XPath is found.

2022-11-30 14:28:18 - [MESSAGE][INFO] - Unable to find the element located by 'By.xpath: '. Please recheck the objects properties to make sure the desired element is located. 

2022-11-30 14:28:18 - [MESSAGE][WARNING] - [SELF-HEALING] Cannot find elements when the selector is null

2022-11-30 14:28:18 - [MESSAGE][WARNING] - Web element with id: 'Object Repository/Condicionales/titulo1' located by '//div[@class='main-header'][contains(.,'Radio Button')]' not found

2022-11-30 14:28:18 - [TEST_STEP][PASSED] - if (Existe == true): null

2022-11-30 14:28:18 - [TEST_STEP][PASSED] - else: Browser is closed

2022-11-30 14:28:18 - [TEST_STEP][PASSED] - print("No estas en la página correcta"): null

2022-11-30 14:28:18 - [TEST_STEP][PASSED] - closeBrowser(): Browser is closed

2022-11-30 14:28:19 - [MESSAGE][PASSED] - Browser is closed]]></system-out>
         <system-err><![CDATA[]]></system-err>
      </testcase>
      <testcase name="Test Cases/BUCLES/Reto_For" time="89.952" classname="Test Cases/BUCLES/Reto_For" status="PASSED">
         <system-out><![CDATA[2022-11-30 14:28:19 - [TEST_CASE][PASSED] - Test Cases/BUCLES/Reto_For: Test Cases/BUCLES/Reto_For

2022-11-30 14:28:20 - [TEST_STEP][PASSED] - openBrowser(""): Browser is opened with url: ''

2022-11-30 14:28:20 - [MESSAGE][INFO] - Starting 'Chrome' driver

2022-11-30 14:28:20 - [MESSAGE][INFO] - Action delay is set to 0 milliseconds

2022-11-30 14:28:21 - [MESSAGE][PASSED] - Browser is opened with url: ''

2022-11-30 14:28:21 - [TEST_STEP][PASSED] - navigateToUrl("https://demoqa.com/text-box"): Navigate to 'https://demoqa.com/text-box' successfully

2022-11-30 14:28:38 - [MESSAGE][PASSED] - Navigate to 'https://demoqa.com/text-box' successfully

2022-11-30 14:28:38 - [TEST_STEP][PASSED] - maximizeWindow(): Current window maximized

2022-11-30 14:28:38 - [MESSAGE][PASSED] - Current window maximized

2022-11-30 14:28:38 - [TEST_STEP][PASSED] - waitForPageLoad(5): Wait for page load successfully

2022-11-30 14:28:38 - [MESSAGE][PASSED] - Wait for page load successfully

2022-11-30 14:28:38 - [TEST_STEP][PASSED] - for ([x = 1, x <= 4, (x++)]): Browser is scrolled to position x = 0, y = 100

2022-11-30 14:28:38 - [TEST_STEP][PASSED] - z = ["Carlos", "Erika", "Paco", "Rodrigo", "Juan"]: null

2022-11-30 14:28:38 - [TEST_STEP][PASSED] - rn = new java.util.Random(): null

2022-11-30 14:28:38 - [TEST_STEP][PASSED] - tx_nombre = z[rn.nextInt(size)]: null

2022-11-30 14:28:38 - [TEST_STEP][PASSED] - setText(findTestObject("Object Repository/Reto_for/Page_ToolsQA/input_Full Name_userName"), tx_nombre): Text 'Paco' is set on object 'Object Repository/Reto_for/Page_ToolsQA/input_Full Name_userName'

2022-11-30 14:28:40 - [MESSAGE][PASSED] - Text 'Paco' is set on object 'Object Repository/Reto_for/Page_ToolsQA/input_Full Name_userName'

2022-11-30 14:28:40 - [TEST_STEP][PASSED] - setText(findTestObject("Object Repository/Reto_for/Page_ToolsQA/input_Email_userEmail"), tx_nombre + "@gmail.com"): Text 'Paco@gmail.com' is set on object 'Object Repository/Reto_for/Page_ToolsQA/input_Email_userEmail'

2022-11-30 14:28:44 - [MESSAGE][PASSED] - Text 'Paco@gmail.com' is set on object 'Object Repository/Reto_for/Page_ToolsQA/input_Email_userEmail'

2022-11-30 14:28:44 - [TEST_STEP][PASSED] - setText(findTestObject("Object Repository/Reto_for/Page_ToolsQA/textarea_Current Address_currentAddress"), "Dirección#" + x): Text 'Dirección#1' is set on object 'Object Repository/Reto_for/Page_ToolsQA/textarea_Current Address_currentAddress'

2022-11-30 14:28:48 - [MESSAGE][PASSED] - Text 'Dirección#1' is set on object 'Object Repository/Reto_for/Page_ToolsQA/textarea_Current Address_currentAddress'

2022-11-30 14:28:48 - [TEST_STEP][PASSED] - setText(findTestObject("Object Repository/Reto_for/Page_ToolsQA/textarea_Permanent Address_permanentAddress"), "Dirección dos#" + x): Text 'Dirección dos#1' is set on object 'Object Repository/Reto_for/Page_ToolsQA/textarea_Permanent Address_permanentAddress'

2022-11-30 14:28:52 - [MESSAGE][PASSED] - Text 'Dirección dos#1' is set on object 'Object Repository/Reto_for/Page_ToolsQA/textarea_Permanent Address_permanentAddress'

2022-11-30 14:28:52 - [TEST_STEP][PASSED] - scrollToPosition(0, 500): Browser is scrolled to position x = 0, y = 500

2022-11-30 14:28:52 - [MESSAGE][PASSED] - Browser is scrolled to position x = 0, y = 500

2022-11-30 14:28:52 - [TEST_STEP][PASSED] - click(findTestObject("Object Repository/Reto_for/Page_ToolsQA/button_Submit")): Object: 'Object Repository/Reto_for/Page_ToolsQA/button_Submit' is clicked on

2022-11-30 14:28:54 - [MESSAGE][PASSED] - Object: 'Object Repository/Reto_for/Page_ToolsQA/button_Submit' is clicked on

2022-11-30 14:28:54 - [TEST_STEP][PASSED] - scrollToPosition(0, 100): Browser is scrolled to position x = 0, y = 100

2022-11-30 14:28:54 - [MESSAGE][PASSED] - Browser is scrolled to position x = 0, y = 100

2022-11-30 14:28:54 - [TEST_STEP][PASSED] - z = ["Carlos", "Erika", "Paco", "Rodrigo", "Juan"]: null

2022-11-30 14:28:54 - [TEST_STEP][PASSED] - rn = new java.util.Random(): null

2022-11-30 14:28:54 - [TEST_STEP][PASSED] - tx_nombre = z[rn.nextInt(size)]: null

2022-11-30 14:28:54 - [TEST_STEP][PASSED] - setText(findTestObject("Object Repository/Reto_for/Page_ToolsQA/input_Full Name_userName"), tx_nombre): Text 'Carlos' is set on object 'Object Repository/Reto_for/Page_ToolsQA/input_Full Name_userName'

2022-11-30 14:28:58 - [MESSAGE][PASSED] - Text 'Carlos' is set on object 'Object Repository/Reto_for/Page_ToolsQA/input_Full Name_userName'

2022-11-30 14:28:58 - [TEST_STEP][PASSED] - setText(findTestObject("Object Repository/Reto_for/Page_ToolsQA/input_Email_userEmail"), tx_nombre + "@gmail.com"): Text 'Carlos@gmail.com' is set on object 'Object Repository/Reto_for/Page_ToolsQA/input_Email_userEmail'

2022-11-30 14:29:02 - [MESSAGE][PASSED] - Text 'Carlos@gmail.com' is set on object 'Object Repository/Reto_for/Page_ToolsQA/input_Email_userEmail'

2022-11-30 14:29:02 - [TEST_STEP][PASSED] - setText(findTestObject("Object Repository/Reto_for/Page_ToolsQA/textarea_Current Address_currentAddress"), "Dirección#" + x): Text 'Dirección#2' is set on object 'Object Repository/Reto_for/Page_ToolsQA/textarea_Current Address_currentAddress'

2022-11-30 14:29:06 - [MESSAGE][PASSED] - Text 'Dirección#2' is set on object 'Object Repository/Reto_for/Page_ToolsQA/textarea_Current Address_currentAddress'

2022-11-30 14:29:06 - [TEST_STEP][PASSED] - setText(findTestObject("Object Repository/Reto_for/Page_ToolsQA/textarea_Permanent Address_permanentAddress"), "Dirección dos#" + x): Text 'Dirección dos#2' is set on object 'Object Repository/Reto_for/Page_ToolsQA/textarea_Permanent Address_permanentAddress'

2022-11-30 14:29:10 - [MESSAGE][PASSED] - Text 'Dirección dos#2' is set on object 'Object Repository/Reto_for/Page_ToolsQA/textarea_Permanent Address_permanentAddress'

2022-11-30 14:29:10 - [TEST_STEP][PASSED] - scrollToPosition(0, 500): Browser is scrolled to position x = 0, y = 500

2022-11-30 14:29:10 - [MESSAGE][PASSED] - Browser is scrolled to position x = 0, y = 500

2022-11-30 14:29:10 - [TEST_STEP][PASSED] - click(findTestObject("Object Repository/Reto_for/Page_ToolsQA/button_Submit")): Object: 'Object Repository/Reto_for/Page_ToolsQA/button_Submit' is clicked on

2022-11-30 14:29:12 - [MESSAGE][PASSED] - Object: 'Object Repository/Reto_for/Page_ToolsQA/button_Submit' is clicked on

2022-11-30 14:29:12 - [TEST_STEP][PASSED] - scrollToPosition(0, 100): Browser is scrolled to position x = 0, y = 100

2022-11-30 14:29:12 - [MESSAGE][PASSED] - Browser is scrolled to position x = 0, y = 100

2022-11-30 14:29:12 - [TEST_STEP][PASSED] - z = ["Carlos", "Erika", "Paco", "Rodrigo", "Juan"]: null

2022-11-30 14:29:12 - [TEST_STEP][PASSED] - rn = new java.util.Random(): null

2022-11-30 14:29:12 - [TEST_STEP][PASSED] - tx_nombre = z[rn.nextInt(size)]: null

2022-11-30 14:29:12 - [TEST_STEP][PASSED] - setText(findTestObject("Object Repository/Reto_for/Page_ToolsQA/input_Full Name_userName"), tx_nombre): Text 'Rodrigo' is set on object 'Object Repository/Reto_for/Page_ToolsQA/input_Full Name_userName'

2022-11-30 14:29:16 - [MESSAGE][PASSED] - Text 'Rodrigo' is set on object 'Object Repository/Reto_for/Page_ToolsQA/input_Full Name_userName'

2022-11-30 14:29:16 - [TEST_STEP][PASSED] - setText(findTestObject("Object Repository/Reto_for/Page_ToolsQA/input_Email_userEmail"), tx_nombre + "@gmail.com"): Text 'Rodrigo@gmail.com' is set on object 'Object Repository/Reto_for/Page_ToolsQA/input_Email_userEmail'

2022-11-30 14:29:20 - [MESSAGE][PASSED] - Text 'Rodrigo@gmail.com' is set on object 'Object Repository/Reto_for/Page_ToolsQA/input_Email_userEmail'

2022-11-30 14:29:20 - [TEST_STEP][PASSED] - setText(findTestObject("Object Repository/Reto_for/Page_ToolsQA/textarea_Current Address_currentAddress"), "Dirección#" + x): Text 'Dirección#3' is set on object 'Object Repository/Reto_for/Page_ToolsQA/textarea_Current Address_currentAddress'

2022-11-30 14:29:24 - [MESSAGE][PASSED] - Text 'Dirección#3' is set on object 'Object Repository/Reto_for/Page_ToolsQA/textarea_Current Address_currentAddress'

2022-11-30 14:29:24 - [TEST_STEP][PASSED] - setText(findTestObject("Object Repository/Reto_for/Page_ToolsQA/textarea_Permanent Address_permanentAddress"), "Dirección dos#" + x): Text 'Dirección dos#3' is set on object 'Object Repository/Reto_for/Page_ToolsQA/textarea_Permanent Address_permanentAddress'

2022-11-30 14:29:28 - [MESSAGE][PASSED] - Text 'Dirección dos#3' is set on object 'Object Repository/Reto_for/Page_ToolsQA/textarea_Permanent Address_permanentAddress'

2022-11-30 14:29:28 - [TEST_STEP][PASSED] - scrollToPosition(0, 500): Browser is scrolled to position x = 0, y = 500

2022-11-30 14:29:28 - [MESSAGE][PASSED] - Browser is scrolled to position x = 0, y = 500

2022-11-30 14:29:28 - [TEST_STEP][PASSED] - click(findTestObject("Object Repository/Reto_for/Page_ToolsQA/button_Submit")): Object: 'Object Repository/Reto_for/Page_ToolsQA/button_Submit' is clicked on

2022-11-30 14:29:30 - [MESSAGE][PASSED] - Object: 'Object Repository/Reto_for/Page_ToolsQA/button_Submit' is clicked on

2022-11-30 14:29:30 - [TEST_STEP][PASSED] - scrollToPosition(0, 100): Browser is scrolled to position x = 0, y = 100

2022-11-30 14:29:30 - [MESSAGE][PASSED] - Browser is scrolled to position x = 0, y = 100

2022-11-30 14:29:30 - [TEST_STEP][PASSED] - z = ["Carlos", "Erika", "Paco", "Rodrigo", "Juan"]: null

2022-11-30 14:29:30 - [TEST_STEP][PASSED] - rn = new java.util.Random(): null

2022-11-30 14:29:30 - [TEST_STEP][PASSED] - tx_nombre = z[rn.nextInt(size)]: null

2022-11-30 14:29:30 - [TEST_STEP][PASSED] - setText(findTestObject("Object Repository/Reto_for/Page_ToolsQA/input_Full Name_userName"), tx_nombre): Text 'Paco' is set on object 'Object Repository/Reto_for/Page_ToolsQA/input_Full Name_userName'

2022-11-30 14:29:34 - [MESSAGE][PASSED] - Text 'Paco' is set on object 'Object Repository/Reto_for/Page_ToolsQA/input_Full Name_userName'

2022-11-30 14:29:34 - [TEST_STEP][PASSED] - setText(findTestObject("Object Repository/Reto_for/Page_ToolsQA/input_Email_userEmail"), tx_nombre + "@gmail.com"): Text 'Paco@gmail.com' is set on object 'Object Repository/Reto_for/Page_ToolsQA/input_Email_userEmail'

2022-11-30 14:29:38 - [MESSAGE][PASSED] - Text 'Paco@gmail.com' is set on object 'Object Repository/Reto_for/Page_ToolsQA/input_Email_userEmail'

2022-11-30 14:29:38 - [TEST_STEP][PASSED] - setText(findTestObject("Object Repository/Reto_for/Page_ToolsQA/textarea_Current Address_currentAddress"), "Dirección#" + x): Text 'Dirección#4' is set on object 'Object Repository/Reto_for/Page_ToolsQA/textarea_Current Address_currentAddress'

2022-11-30 14:29:42 - [MESSAGE][PASSED] - Text 'Dirección#4' is set on object 'Object Repository/Reto_for/Page_ToolsQA/textarea_Current Address_currentAddress'

2022-11-30 14:29:42 - [TEST_STEP][PASSED] - setText(findTestObject("Object Repository/Reto_for/Page_ToolsQA/textarea_Permanent Address_permanentAddress"), "Dirección dos#" + x): Text 'Dirección dos#4' is set on object 'Object Repository/Reto_for/Page_ToolsQA/textarea_Permanent Address_permanentAddress'

2022-11-30 14:29:46 - [MESSAGE][PASSED] - Text 'Dirección dos#4' is set on object 'Object Repository/Reto_for/Page_ToolsQA/textarea_Permanent Address_permanentAddress'

2022-11-30 14:29:46 - [TEST_STEP][PASSED] - scrollToPosition(0, 500): Browser is scrolled to position x = 0, y = 500

2022-11-30 14:29:46 - [MESSAGE][PASSED] - Browser is scrolled to position x = 0, y = 500

2022-11-30 14:29:46 - [TEST_STEP][PASSED] - click(findTestObject("Object Repository/Reto_for/Page_ToolsQA/button_Submit")): Object: 'Object Repository/Reto_for/Page_ToolsQA/button_Submit' is clicked on

2022-11-30 14:29:48 - [MESSAGE][PASSED] - Object: 'Object Repository/Reto_for/Page_ToolsQA/button_Submit' is clicked on

2022-11-30 14:29:48 - [TEST_STEP][PASSED] - scrollToPosition(0, 100): Browser is scrolled to position x = 0, y = 100

2022-11-30 14:29:48 - [MESSAGE][PASSED] - Browser is scrolled to position x = 0, y = 100

2022-11-30 14:29:48 - [TEST_STEP][PASSED] - closeBrowser(): Browser is closed

2022-11-30 14:29:49 - [MESSAGE][PASSED] - Browser is closed]]></system-out>
         <system-err><![CDATA[]]></system-err>
      </testcase>
      <testcase name="Test Cases/BUCLES/Reto_while" time="37.742" classname="Test Cases/BUCLES/Reto_while" status="PASSED">
         <system-out><![CDATA[2022-11-30 14:29:49 - [TEST_CASE][PASSED] - Test Cases/BUCLES/Reto_while: Test Cases/BUCLES/Reto_while

2022-11-30 14:29:49 - [TEST_STEP][PASSED] - openBrowser(""): Browser is opened with url: ''

2022-11-30 14:29:49 - [MESSAGE][INFO] - Starting 'Chrome' driver

2022-11-30 14:29:49 - [MESSAGE][INFO] - Action delay is set to 0 milliseconds

2022-11-30 14:29:51 - [MESSAGE][PASSED] - Browser is opened with url: ''

2022-11-30 14:29:51 - [TEST_STEP][PASSED] - navigateToUrl("https://www.google.com/"): Navigate to 'https://www.google.com/' successfully

2022-11-30 14:29:54 - [MESSAGE][PASSED] - Navigate to 'https://www.google.com/' successfully

2022-11-30 14:29:54 - [TEST_STEP][PASSED] - Bandera = 0: null

2022-11-30 14:29:54 - [TEST_STEP][PASSED] - while (Bandera != 1): null

2022-11-30 14:29:54 - [TEST_STEP][PASSED] - num = Math.random() * 5 - 1 + 1: null

2022-11-30 14:29:54 - [TEST_STEP][PASSED] - setText(findTestObject("Object Repository/While_google/Page_Google/input__q"), "5+" + num): Text '5+2' is set on object 'Object Repository/While_google/Page_Google/input__q'

2022-11-30 14:29:55 - [MESSAGE][PASSED] - Text '5+2' is set on object 'Object Repository/While_google/Page_Google/input__q'

2022-11-30 14:29:55 - [TEST_STEP][PASSED] - sendKeys(findTestObject("Object Repository/While_google/Page_Google/input__q"), Keys.chord(ENTER)): Keys 'ENTER + ' sent to object: 'Object Repository/While_google/Page_Google/input__q'

2022-11-30 14:30:02 - [MESSAGE][PASSED] - Keys 'ENTER + ' sent to object: 'Object Repository/While_google/Page_Google/input__q'

2022-11-30 14:30:02 - [TEST_STEP][PASSED] - Resultado = getText(findTestObject("While_google/Extras/Resultado_10")): Text of object 'Object Repository/While_google/Extras/Resultado_10' is: '7'

2022-11-30 14:30:03 - [MESSAGE][PASSED] - Text of object 'Object Repository/While_google/Extras/Resultado_10' is: '7'

2022-11-30 14:30:03 - [TEST_STEP][PASSED] - if (Resultado == "8"): null

2022-11-30 14:30:03 - [TEST_STEP][PASSED] - else: null

2022-11-30 14:30:03 - [TEST_STEP][PASSED] - Bandera = 0: null

2022-11-30 14:30:03 - [TEST_STEP][PASSED] - print(Bandera + "------"): null

2022-11-30 14:30:03 - [TEST_STEP][PASSED] - num = Math.random() * 5 - 1 + 1: null

2022-11-30 14:30:03 - [TEST_STEP][PASSED] - setText(findTestObject("Object Repository/While_google/Page_Google/input__q"), "5+" + num): Text '5+4' is set on object 'Object Repository/While_google/Page_Google/input__q'

2022-11-30 14:30:04 - [MESSAGE][PASSED] - Text '5+4' is set on object 'Object Repository/While_google/Page_Google/input__q'

2022-11-30 14:30:04 - [TEST_STEP][PASSED] - sendKeys(findTestObject("Object Repository/While_google/Page_Google/input__q"), Keys.chord(ENTER)): Keys 'ENTER + ' sent to object: 'Object Repository/While_google/Page_Google/input__q'

2022-11-30 14:30:09 - [MESSAGE][PASSED] - Keys 'ENTER + ' sent to object: 'Object Repository/While_google/Page_Google/input__q'

2022-11-30 14:30:09 - [TEST_STEP][PASSED] - Resultado = getText(findTestObject("While_google/Extras/Resultado_10")): Text of object 'Object Repository/While_google/Extras/Resultado_10' is: '9'

2022-11-30 14:30:10 - [MESSAGE][PASSED] - Text of object 'Object Repository/While_google/Extras/Resultado_10' is: '9'

2022-11-30 14:30:10 - [TEST_STEP][PASSED] - if (Resultado == "8"): null

2022-11-30 14:30:10 - [TEST_STEP][PASSED] - else: null

2022-11-30 14:30:10 - [TEST_STEP][PASSED] - Bandera = 0: null

2022-11-30 14:30:10 - [TEST_STEP][PASSED] - print(Bandera + "------"): null

2022-11-30 14:30:10 - [TEST_STEP][PASSED] - num = Math.random() * 5 - 1 + 1: null

2022-11-30 14:30:10 - [TEST_STEP][PASSED] - setText(findTestObject("Object Repository/While_google/Page_Google/input__q"), "5+" + num): Text '5+4' is set on object 'Object Repository/While_google/Page_Google/input__q'

2022-11-30 14:30:11 - [MESSAGE][PASSED] - Text '5+4' is set on object 'Object Repository/While_google/Page_Google/input__q'

2022-11-30 14:30:11 - [TEST_STEP][PASSED] - sendKeys(findTestObject("Object Repository/While_google/Page_Google/input__q"), Keys.chord(ENTER)): Keys 'ENTER + ' sent to object: 'Object Repository/While_google/Page_Google/input__q'

2022-11-30 14:30:14 - [MESSAGE][PASSED] - Keys 'ENTER + ' sent to object: 'Object Repository/While_google/Page_Google/input__q'

2022-11-30 14:30:14 - [TEST_STEP][PASSED] - Resultado = getText(findTestObject("While_google/Extras/Resultado_10")): Text of object 'Object Repository/While_google/Extras/Resultado_10' is: '9'

2022-11-30 14:30:14 - [MESSAGE][PASSED] - Text of object 'Object Repository/While_google/Extras/Resultado_10' is: '9'

2022-11-30 14:30:14 - [TEST_STEP][PASSED] - if (Resultado == "8"): null

2022-11-30 14:30:14 - [TEST_STEP][PASSED] - else: null

2022-11-30 14:30:14 - [TEST_STEP][PASSED] - Bandera = 0: null

2022-11-30 14:30:14 - [TEST_STEP][PASSED] - print(Bandera + "------"): null

2022-11-30 14:30:14 - [TEST_STEP][PASSED] - num = Math.random() * 5 - 1 + 1: null

2022-11-30 14:30:14 - [TEST_STEP][PASSED] - setText(findTestObject("Object Repository/While_google/Page_Google/input__q"), "5+" + num): Text '5+1' is set on object 'Object Repository/While_google/Page_Google/input__q'

2022-11-30 14:30:15 - [MESSAGE][PASSED] - Text '5+1' is set on object 'Object Repository/While_google/Page_Google/input__q'

2022-11-30 14:30:15 - [TEST_STEP][PASSED] - sendKeys(findTestObject("Object Repository/While_google/Page_Google/input__q"), Keys.chord(ENTER)): Keys 'ENTER + ' sent to object: 'Object Repository/While_google/Page_Google/input__q'

2022-11-30 14:30:17 - [MESSAGE][PASSED] - Keys 'ENTER + ' sent to object: 'Object Repository/While_google/Page_Google/input__q'

2022-11-30 14:30:17 - [TEST_STEP][PASSED] - Resultado = getText(findTestObject("While_google/Extras/Resultado_10")): Text of object 'Object Repository/While_google/Extras/Resultado_10' is: '6'

2022-11-30 14:30:19 - [MESSAGE][PASSED] - Text of object 'Object Repository/While_google/Extras/Resultado_10' is: '6'

2022-11-30 14:30:19 - [TEST_STEP][PASSED] - if (Resultado == "8"): null

2022-11-30 14:30:19 - [TEST_STEP][PASSED] - else: null

2022-11-30 14:30:19 - [TEST_STEP][PASSED] - Bandera = 0: null

2022-11-30 14:30:19 - [TEST_STEP][PASSED] - print(Bandera + "------"): null

2022-11-30 14:30:19 - [TEST_STEP][PASSED] - num = Math.random() * 5 - 1 + 1: null

2022-11-30 14:30:19 - [TEST_STEP][PASSED] - setText(findTestObject("Object Repository/While_google/Page_Google/input__q"), "5+" + num): Text '5+3' is set on object 'Object Repository/While_google/Page_Google/input__q'

2022-11-30 14:30:20 - [MESSAGE][PASSED] - Text '5+3' is set on object 'Object Repository/While_google/Page_Google/input__q'

2022-11-30 14:30:20 - [TEST_STEP][PASSED] - sendKeys(findTestObject("Object Repository/While_google/Page_Google/input__q"), Keys.chord(ENTER)): Keys 'ENTER + ' sent to object: 'Object Repository/While_google/Page_Google/input__q'

2022-11-30 14:30:25 - [MESSAGE][PASSED] - Keys 'ENTER + ' sent to object: 'Object Repository/While_google/Page_Google/input__q'

2022-11-30 14:30:25 - [TEST_STEP][PASSED] - Resultado = getText(findTestObject("While_google/Extras/Resultado_10")): Text of object 'Object Repository/While_google/Extras/Resultado_10' is: '8'

2022-11-30 14:30:26 - [MESSAGE][PASSED] - Text of object 'Object Repository/While_google/Extras/Resultado_10' is: '8'

2022-11-30 14:30:26 - [TEST_STEP][PASSED] - if (Resultado == "8"): Browser is closed

2022-11-30 14:30:26 - [TEST_STEP][PASSED] - Bandera = 1: null

2022-11-30 14:30:26 - [TEST_STEP][PASSED] - print("Listo termina"): null

2022-11-30 14:30:26 - [TEST_STEP][PASSED] - closeBrowser(): Browser is closed

2022-11-30 14:30:26 - [MESSAGE][PASSED] - Browser is closed

2022-11-30 14:30:26 - [TEST_STEP][PASSED] - print(Bandera + "------"): null]]></system-out>
         <system-err><![CDATA[]]></system-err>
      </testcase>
      <testcase name="Test Cases/BUCLES/Reto_while_solucion" time="32.531" classname="Test Cases/BUCLES/Reto_while_solucion" status="PASSED">
         <system-out><![CDATA[2022-11-30 14:30:26 - [TEST_CASE][PASSED] - Test Cases/BUCLES/Reto_while_solucion: Test Cases/BUCLES/Reto_while_solucion

2022-11-30 14:30:27 - [TEST_STEP][PASSED] - openBrowser(""): Browser is opened with url: ''

2022-11-30 14:30:27 - [MESSAGE][INFO] - Starting 'Chrome' driver

2022-11-30 14:30:27 - [MESSAGE][INFO] - Action delay is set to 0 milliseconds

2022-11-30 14:30:29 - [MESSAGE][PASSED] - Browser is opened with url: ''

2022-11-30 14:30:29 - [TEST_STEP][PASSED] - navigateToUrl("https://www.google.com/"): Navigate to 'https://www.google.com/' successfully

2022-11-30 14:30:32 - [MESSAGE][PASSED] - Navigate to 'https://www.google.com/' successfully

2022-11-30 14:30:32 - [TEST_STEP][PASSED] - Res = 0: null

2022-11-30 14:30:32 - [TEST_STEP][PASSED] - while (Res != 8): Browser is closed

2022-11-30 14:30:32 - [TEST_STEP][PASSED] - num = Math.random() * 5 - 1 + 1: null

2022-11-30 14:30:32 - [TEST_STEP][PASSED] - setText(findTestObject("Object Repository/Reto_while1/Page_Google/input__q"), "5+" + num): Text '5+1' is set on object 'Object Repository/Reto_while1/Page_Google/input__q'

2022-11-30 14:30:33 - [MESSAGE][PASSED] - Text '5+1' is set on object 'Object Repository/Reto_while1/Page_Google/input__q'

2022-11-30 14:30:33 - [TEST_STEP][PASSED] - sendKeys(findTestObject("Object Repository/Reto_while1/Page_Google/input__q"), Keys.chord(ENTER)): Keys 'ENTER + ' sent to object: 'Object Repository/Reto_while1/Page_Google/input__q'

2022-11-30 14:30:41 - [MESSAGE][PASSED] - Keys 'ENTER + ' sent to object: 'Object Repository/Reto_while1/Page_Google/input__q'

2022-11-30 14:30:41 - [TEST_STEP][PASSED] - Res = getText(findTestObject("Reto_while1/Resultado_8")).toInteger(): Text of object 'Object Repository/Reto_while1/Resultado_8' is: '6'

2022-11-30 14:30:41 - [MESSAGE][PASSED] - Text of object 'Object Repository/Reto_while1/Resultado_8' is: '6'

2022-11-30 14:30:41 - [TEST_STEP][PASSED] - if (Res == 8): null

2022-11-30 14:30:41 - [TEST_STEP][PASSED] - num = Math.random() * 5 - 1 + 1: null

2022-11-30 14:30:41 - [TEST_STEP][PASSED] - setText(findTestObject("Object Repository/Reto_while1/Page_Google/input__q"), "5+" + num): Text '5+2' is set on object 'Object Repository/Reto_while1/Page_Google/input__q'

2022-11-30 14:30:42 - [MESSAGE][PASSED] - Text '5+2' is set on object 'Object Repository/Reto_while1/Page_Google/input__q'

2022-11-30 14:30:42 - [TEST_STEP][PASSED] - sendKeys(findTestObject("Object Repository/Reto_while1/Page_Google/input__q"), Keys.chord(ENTER)): Keys 'ENTER + ' sent to object: 'Object Repository/Reto_while1/Page_Google/input__q'

2022-11-30 14:30:47 - [MESSAGE][PASSED] - Keys 'ENTER + ' sent to object: 'Object Repository/Reto_while1/Page_Google/input__q'

2022-11-30 14:30:47 - [TEST_STEP][PASSED] - Res = getText(findTestObject("Reto_while1/Resultado_8")).toInteger(): Text of object 'Object Repository/Reto_while1/Resultado_8' is: '7'

2022-11-30 14:30:47 - [MESSAGE][PASSED] - Text of object 'Object Repository/Reto_while1/Resultado_8' is: '7'

2022-11-30 14:30:47 - [TEST_STEP][PASSED] - if (Res == 8): null

2022-11-30 14:30:47 - [TEST_STEP][PASSED] - num = Math.random() * 5 - 1 + 1: null

2022-11-30 14:30:47 - [TEST_STEP][PASSED] - setText(findTestObject("Object Repository/Reto_while1/Page_Google/input__q"), "5+" + num): Text '5+4' is set on object 'Object Repository/Reto_while1/Page_Google/input__q'

2022-11-30 14:30:48 - [MESSAGE][PASSED] - Text '5+4' is set on object 'Object Repository/Reto_while1/Page_Google/input__q'

2022-11-30 14:30:48 - [TEST_STEP][PASSED] - sendKeys(findTestObject("Object Repository/Reto_while1/Page_Google/input__q"), Keys.chord(ENTER)): Keys 'ENTER + ' sent to object: 'Object Repository/Reto_while1/Page_Google/input__q'

2022-11-30 14:30:54 - [MESSAGE][PASSED] - Keys 'ENTER + ' sent to object: 'Object Repository/Reto_while1/Page_Google/input__q'

2022-11-30 14:30:54 - [TEST_STEP][PASSED] - Res = getText(findTestObject("Reto_while1/Resultado_8")).toInteger(): Text of object 'Object Repository/Reto_while1/Resultado_8' is: '9'

2022-11-30 14:30:54 - [MESSAGE][PASSED] - Text of object 'Object Repository/Reto_while1/Resultado_8' is: '9'

2022-11-30 14:30:54 - [TEST_STEP][PASSED] - if (Res == 8): null

2022-11-30 14:30:54 - [TEST_STEP][PASSED] - num = Math.random() * 5 - 1 + 1: null

2022-11-30 14:30:54 - [TEST_STEP][PASSED] - setText(findTestObject("Object Repository/Reto_while1/Page_Google/input__q"), "5+" + num): Text '5+3' is set on object 'Object Repository/Reto_while1/Page_Google/input__q'

2022-11-30 14:30:55 - [MESSAGE][PASSED] - Text '5+3' is set on object 'Object Repository/Reto_while1/Page_Google/input__q'

2022-11-30 14:30:55 - [TEST_STEP][PASSED] - sendKeys(findTestObject("Object Repository/Reto_while1/Page_Google/input__q"), Keys.chord(ENTER)): Keys 'ENTER + ' sent to object: 'Object Repository/Reto_while1/Page_Google/input__q'

2022-11-30 14:30:57 - [MESSAGE][PASSED] - Keys 'ENTER + ' sent to object: 'Object Repository/Reto_while1/Page_Google/input__q'

2022-11-30 14:30:57 - [TEST_STEP][PASSED] - Res = getText(findTestObject("Reto_while1/Resultado_8")).toInteger(): Text of object 'Object Repository/Reto_while1/Resultado_8' is: '8'

2022-11-30 14:30:58 - [MESSAGE][PASSED] - Text of object 'Object Repository/Reto_while1/Resultado_8' is: '8'

2022-11-30 14:30:58 - [TEST_STEP][PASSED] - if (Res == 8): Browser is closed

2022-11-30 14:30:58 - [TEST_STEP][PASSED] - closeBrowser(): Browser is closed

2022-11-30 14:30:59 - [MESSAGE][PASSED] - Browser is closed]]></system-out>
         <system-err><![CDATA[]]></system-err>
      </testcase>
      <testcase name="Test Cases/BUCLES/Test_1" time="39.307" classname="Test Cases/BUCLES/Test_1" status="PASSED">
         <system-out><![CDATA[2022-11-30 14:30:59 - [TEST_CASE][PASSED] - Test Cases/BUCLES/Test_1: Test Cases/BUCLES/Test_1

2022-11-30 14:31:00 - [TEST_STEP][PASSED] - openBrowser(""): Browser is opened with url: ''

2022-11-30 14:31:00 - [MESSAGE][INFO] - Starting 'Chrome' driver

2022-11-30 14:31:00 - [MESSAGE][INFO] - Action delay is set to 0 milliseconds

2022-11-30 14:31:01 - [MESSAGE][PASSED] - Browser is opened with url: ''

2022-11-30 14:31:01 - [TEST_STEP][PASSED] - navigateToUrl("https://demoqa.com/text-box"): Navigate to 'https://demoqa.com/text-box' successfully

2022-11-30 14:31:12 - [MESSAGE][PASSED] - Navigate to 'https://demoqa.com/text-box' successfully

2022-11-30 14:31:12 - [TEST_STEP][PASSED] - for ([x = 1, x <= 2, (x++)]): null

2022-11-30 14:31:12 - [TEST_STEP][PASSED] - openBrowser(""): Browser is opened with url: ''

2022-11-30 14:31:12 - [MESSAGE][WARNING] - A browser is already opened. Closing browser and opening a new one

2022-11-30 14:31:13 - [MESSAGE][INFO] - Starting 'Chrome' driver

2022-11-30 14:31:13 - [MESSAGE][INFO] - Action delay is set to 0 milliseconds

2022-11-30 14:31:14 - [MESSAGE][PASSED] - Browser is opened with url: ''

2022-11-30 14:31:14 - [TEST_STEP][PASSED] - navigateToUrl("https://demoqa.com/text-box"): Navigate to 'https://demoqa.com/text-box' successfully

2022-11-30 14:31:24 - [MESSAGE][PASSED] - Navigate to 'https://demoqa.com/text-box' successfully

2022-11-30 14:31:24 - [TEST_STEP][PASSED] - RN = Math.random() * 10 - 1 + 1: null

2022-11-30 14:31:24 - [TEST_STEP][PASSED] - print("Numero : " + RN + "----"): null

2022-11-30 14:31:24 - [TEST_STEP][PASSED] - z = ["Demo1", "Demo2", "Demo3", "Demo4", "Demo5"]: null

2022-11-30 14:31:24 - [TEST_STEP][PASSED] - rnd = new java.util.Random(): null

2022-11-30 14:31:24 - [TEST_STEP][PASSED] - texto = z[rnd.nextInt(size)]: null

2022-11-30 14:31:24 - [TEST_STEP][PASSED] - print(texto): null

2022-11-30 14:31:24 - [TEST_STEP][PASSED] - openBrowser(""): Browser is opened with url: ''

2022-11-30 14:31:24 - [MESSAGE][WARNING] - A browser is already opened. Closing browser and opening a new one

2022-11-30 14:31:25 - [MESSAGE][INFO] - Starting 'Chrome' driver

2022-11-30 14:31:25 - [MESSAGE][INFO] - Action delay is set to 0 milliseconds

2022-11-30 14:31:26 - [MESSAGE][PASSED] - Browser is opened with url: ''

2022-11-30 14:31:26 - [TEST_STEP][PASSED] - navigateToUrl("https://demoqa.com/text-box"): Navigate to 'https://demoqa.com/text-box' successfully

2022-11-30 14:31:38 - [MESSAGE][PASSED] - Navigate to 'https://demoqa.com/text-box' successfully

2022-11-30 14:31:38 - [TEST_STEP][PASSED] - RN = Math.random() * 10 - 1 + 1: null

2022-11-30 14:31:38 - [TEST_STEP][PASSED] - print("Numero : " + RN + "----"): null

2022-11-30 14:31:38 - [TEST_STEP][PASSED] - z = ["Demo1", "Demo2", "Demo3", "Demo4", "Demo5"]: null

2022-11-30 14:31:38 - [TEST_STEP][PASSED] - rnd = new java.util.Random(): null

2022-11-30 14:31:38 - [TEST_STEP][PASSED] - texto = z[rnd.nextInt(size)]: null

2022-11-30 14:31:38 - [TEST_STEP][PASSED] - print(texto): null

2022-11-30 14:31:38 - [TEST_STEP][PASSED] - closeBrowser(): Browser is closed

2022-11-30 14:31:38 - [MESSAGE][PASSED] - Browser is closed]]></system-out>
         <system-err><![CDATA[]]></system-err>
      </testcase>
      <testcase name="Test Cases/BUCLES/Test_2" time="12.822" classname="Test Cases/BUCLES/Test_2" status="PASSED">
         <system-out><![CDATA[2022-11-30 14:31:38 - [TEST_CASE][PASSED] - Test Cases/BUCLES/Test_2: Test Cases/BUCLES/Test_2

2022-11-30 14:31:39 - [TEST_STEP][PASSED] - openBrowser(""): Browser is opened with url: ''

2022-11-30 14:31:39 - [MESSAGE][INFO] - Starting 'Chrome' driver

2022-11-30 14:31:39 - [MESSAGE][INFO] - Action delay is set to 0 milliseconds

2022-11-30 14:31:40 - [MESSAGE][PASSED] - Browser is opened with url: ''

2022-11-30 14:31:40 - [TEST_STEP][PASSED] - navigateToUrl("https://demoqa.com/text-box"): Navigate to 'https://demoqa.com/text-box' successfully

2022-11-30 14:31:50 - [MESSAGE][PASSED] - Navigate to 'https://demoqa.com/text-box' successfully

2022-11-30 14:31:50 - [TEST_STEP][PASSED] - for ([x = 1, x <= 10, x = x + 2]): null

2022-11-30 14:31:50 - [TEST_STEP][PASSED] - print(" hola mundo " + x + "-------"): null

2022-11-30 14:31:50 - [TEST_STEP][PASSED] - print(" hola mundo " + x + "-------"): null

2022-11-30 14:31:50 - [TEST_STEP][PASSED] - print(" hola mundo " + x + "-------"): null

2022-11-30 14:31:50 - [TEST_STEP][PASSED] - print(" hola mundo " + x + "-------"): null

2022-11-30 14:31:50 - [TEST_STEP][PASSED] - print(" hola mundo " + x + "-------"): null

2022-11-30 14:31:50 - [TEST_STEP][PASSED] - closeBrowser(): Browser is closed

2022-11-30 14:31:51 - [MESSAGE][PASSED] - Browser is closed]]></system-out>
         <system-err><![CDATA[]]></system-err>
      </testcase>
      <testcase name="Test Cases/BUCLES/Test_while" time="13.448" classname="Test Cases/BUCLES/Test_while" status="PASSED">
         <system-out><![CDATA[2022-11-30 14:31:51 - [TEST_CASE][PASSED] - Test Cases/BUCLES/Test_while: Test Cases/BUCLES/Test_while

2022-11-30 14:31:52 - [TEST_STEP][PASSED] - openBrowser(""): Browser is opened with url: ''

2022-11-30 14:31:52 - [MESSAGE][INFO] - Starting 'Chrome' driver

2022-11-30 14:31:52 - [MESSAGE][INFO] - Action delay is set to 0 milliseconds

2022-11-30 14:31:53 - [MESSAGE][PASSED] - Browser is opened with url: ''

2022-11-30 14:31:53 - [TEST_STEP][PASSED] - navigateToUrl("https://demoqa.com/text-box"): Navigate to 'https://demoqa.com/text-box' successfully

2022-11-30 14:32:04 - [MESSAGE][PASSED] - Navigate to 'https://demoqa.com/text-box' successfully

2022-11-30 14:32:04 - [TEST_STEP][PASSED] - maximizeWindow(): Current window maximized

2022-11-30 14:32:04 - [MESSAGE][PASSED] - Current window maximized

2022-11-30 14:32:04 - [TEST_STEP][PASSED] - waitForPageLoad(5): Wait for page load successfully

2022-11-30 14:32:04 - [MESSAGE][PASSED] - Wait for page load successfully

2022-11-30 14:32:04 - [TEST_STEP][PASSED] - x = 1: null

2022-11-30 14:32:04 - [TEST_STEP][PASSED] - while (x <= 3): null

2022-11-30 14:32:04 - [TEST_STEP][PASSED] - print("Hola " + x + "----------"): null

2022-11-30 14:32:04 - [TEST_STEP][PASSED] - (x++): null

2022-11-30 14:32:04 - [TEST_STEP][PASSED] - print("Hola " + x + "----------"): null

2022-11-30 14:32:04 - [TEST_STEP][PASSED] - (x++): null

2022-11-30 14:32:04 - [TEST_STEP][PASSED] - print("Hola " + x + "----------"): null

2022-11-30 14:32:04 - [TEST_STEP][PASSED] - (x++): null

2022-11-30 14:32:04 - [TEST_STEP][PASSED] - closeBrowser(): Browser is closed

2022-11-30 14:32:05 - [MESSAGE][PASSED] - Browser is closed]]></system-out>
         <system-err><![CDATA[]]></system-err>
      </testcase>
      <testcase name="Test Cases/BUCLES/Test_while2" time="11.714" classname="Test Cases/BUCLES/Test_while2" status="PASSED">
         <system-out><![CDATA[2022-11-30 14:32:05 - [TEST_CASE][PASSED] - Test Cases/BUCLES/Test_while2: Test Cases/BUCLES/Test_while2

2022-11-30 14:32:05 - [TEST_STEP][PASSED] - openBrowser(""): Browser is opened with url: ''

2022-11-30 14:32:05 - [MESSAGE][INFO] - Starting 'Chrome' driver

2022-11-30 14:32:05 - [MESSAGE][INFO] - Action delay is set to 0 milliseconds

2022-11-30 14:32:07 - [MESSAGE][PASSED] - Browser is opened with url: ''

2022-11-30 14:32:07 - [TEST_STEP][PASSED] - navigateToUrl("https://demoqa.com/text-box"): Navigate to 'https://demoqa.com/text-box' successfully

2022-11-30 14:32:15 - [MESSAGE][PASSED] - Navigate to 'https://demoqa.com/text-box' successfully

2022-11-30 14:32:15 - [TEST_STEP][PASSED] - maximizeWindow(): Current window maximized

2022-11-30 14:32:16 - [MESSAGE][PASSED] - Current window maximized

2022-11-30 14:32:16 - [TEST_STEP][PASSED] - waitForPageLoad(5): Wait for page load successfully

2022-11-30 14:32:16 - [MESSAGE][PASSED] - Wait for page load successfully

2022-11-30 14:32:16 - [TEST_STEP][PASSED] - x = 1: null

2022-11-30 14:32:16 - [TEST_STEP][PASSED] - while (x <= 5): null

2022-11-30 14:32:16 - [TEST_STEP][PASSED] - print("Valor de X" + x + "------>"): null

2022-11-30 14:32:16 - [TEST_STEP][PASSED] - (x++): null

2022-11-30 14:32:16 - [TEST_STEP][PASSED] - print("Valor de X" + x + "------>"): null

2022-11-30 14:32:16 - [TEST_STEP][PASSED] - (x++): null

2022-11-30 14:32:16 - [TEST_STEP][PASSED] - print("Valor de X" + x + "------>"): null

2022-11-30 14:32:16 - [TEST_STEP][PASSED] - (x++): null

2022-11-30 14:32:16 - [TEST_STEP][PASSED] - print("Valor de X" + x + "------>"): null

2022-11-30 14:32:16 - [TEST_STEP][PASSED] - (x++): null

2022-11-30 14:32:16 - [TEST_STEP][PASSED] - print("Valor de X" + x + "------>"): null

2022-11-30 14:32:16 - [TEST_STEP][PASSED] - (x++): null

2022-11-30 14:32:16 - [TEST_STEP][PASSED] - closeBrowser(): Browser is closed

2022-11-30 14:32:16 - [MESSAGE][PASSED] - Browser is closed]]></system-out>
         <system-err><![CDATA[]]></system-err>
      </testcase>
      <testcase name="Test Cases/Drive_excel/Drive_excel" time="19.253" classname="Test Cases/Drive_excel/Drive_excel" status="PASSED">
         <system-out><![CDATA[2022-11-30 14:32:16 - [TEST_CASE][PASSED] - Test Cases/Drive_excel/Drive_excel: Test Cases/Drive_excel/Drive_excel

2022-11-30 14:32:17 - [TEST_STEP][PASSED] - openBrowser(""): Browser is opened with url: ''

2022-11-30 14:32:17 - [MESSAGE][INFO] - Starting 'Chrome' driver

2022-11-30 14:32:17 - [MESSAGE][INFO] - Action delay is set to 0 milliseconds

2022-11-30 14:32:18 - [MESSAGE][PASSED] - Browser is opened with url: ''

2022-11-30 14:32:18 - [TEST_STEP][PASSED] - navigateToUrl("https://demoqa.com/automation-practice-form"): Navigate to 'https://demoqa.com/automation-practice-form' successfully

2022-11-30 14:32:29 - [MESSAGE][PASSED] - Navigate to 'https://demoqa.com/automation-practice-form' successfully

2022-11-30 14:32:29 - [TEST_STEP][PASSED] - waitForPageLoad(40): Wait for page load successfully

2022-11-30 14:32:29 - [MESSAGE][PASSED] - Wait for page load successfully

2022-11-30 14:32:29 - [TEST_STEP][PASSED] - maximizeWindow(): Current window maximized

2022-11-30 14:32:29 - [MESSAGE][PASSED] - Current window maximized

2022-11-30 14:32:29 - [TEST_STEP][PASSED] - setText(findTestObject("Object Repository/Drive_excel/Page_ToolsQA/input_Name_firstName"), nombre): Text '' is set on object 'Object Repository/Drive_excel/Page_ToolsQA/input_Name_firstName'

2022-11-30 14:32:31 - [MESSAGE][PASSED] - Text '' is set on object 'Object Repository/Drive_excel/Page_ToolsQA/input_Name_firstName'

2022-11-30 14:32:31 - [TEST_STEP][PASSED] - setText(findTestObject("Object Repository/Drive_excel/Page_ToolsQA/input_Name_lastName"), apellido): Text '' is set on object 'Object Repository/Drive_excel/Page_ToolsQA/input_Name_lastName'

2022-11-30 14:32:32 - [MESSAGE][PASSED] - Text '' is set on object 'Object Repository/Drive_excel/Page_ToolsQA/input_Name_lastName'

2022-11-30 14:32:32 - [TEST_STEP][PASSED] - setText(findTestObject("Object Repository/Drive_excel/Page_ToolsQA/input_Email_userEmail"), email): Text '' is set on object 'Object Repository/Drive_excel/Page_ToolsQA/input_Email_userEmail'

2022-11-30 14:32:33 - [MESSAGE][PASSED] - Text '' is set on object 'Object Repository/Drive_excel/Page_ToolsQA/input_Email_userEmail'

2022-11-30 14:32:33 - [TEST_STEP][PASSED] - delay(2): Delayed 2 second(s)

2022-11-30 14:32:35 - [MESSAGE][PASSED] - Delayed 2 second(s)

2022-11-30 14:32:35 - [TEST_STEP][PASSED] - closeBrowser(): Browser is closed

2022-11-30 14:32:36 - [MESSAGE][PASSED] - Browser is closed]]></system-out>
         <system-err><![CDATA[]]></system-err>
      </testcase>
      <testcase name="Test Cases/Navegador/Navegador" time="13.636" classname="Test Cases/Navegador/Navegador" status="PASSED">
         <system-out><![CDATA[2022-11-30 14:32:36 - [TEST_CASE][PASSED] - Test Cases/Navegador/Navegador: Test Cases/Navegador/Navegador

2022-11-30 14:32:36 - [TEST_STEP][PASSED] - openBrowser("https://demoqa.com/text-box"): Browser is opened with url: 'https://demoqa.com/text-box'

2022-11-30 14:32:36 - [MESSAGE][INFO] - Starting 'Chrome' driver

2022-11-30 14:32:36 - [MESSAGE][INFO] - Action delay is set to 0 milliseconds

2022-11-30 14:32:48 - [MESSAGE][PASSED] - Browser is opened with url: 'https://demoqa.com/text-box'

2022-11-30 14:32:48 - [TEST_STEP][PASSED] - maximizeWindow(): Current window maximized

2022-11-30 14:32:49 - [MESSAGE][PASSED] - Current window maximized

2022-11-30 14:32:49 - [TEST_STEP][PASSED] - page_url = getUrl(): Current window's url is: 'https://demoqa.com/text-box'

2022-11-30 14:32:49 - [MESSAGE][PASSED] - Current window's url is: 'https://demoqa.com/text-box'

2022-11-30 14:32:49 - [TEST_STEP][PASSED] - print(page_url): null

2022-11-30 14:32:49 - [TEST_STEP][PASSED] - Titulo = getWindowTitle(): Current window's title is: 'ToolsQA'

2022-11-30 14:32:49 - [MESSAGE][PASSED] - Current window's title is: 'ToolsQA'

2022-11-30 14:32:49 - [TEST_STEP][PASSED] - print("titiulo de la pagina" + Titulo): null

2022-11-30 14:32:49 - [TEST_STEP][PASSED] - closeBrowser(): Browser is closed

2022-11-30 14:32:49 - [MESSAGE][PASSED] - Browser is closed]]></system-out>
         <system-err><![CDATA[]]></system-err>
      </testcase>
      <testcase name="Test Cases/Objecto_xpath/Caso_xpath" time="17.851" classname="Test Cases/Objecto_xpath/Caso_xpath" status="PASSED">
         <system-out><![CDATA[2022-11-30 14:32:49 - [TEST_CASE][PASSED] - Test Cases/Objecto_xpath/Caso_xpath: Test Cases/Objecto_xpath/Caso_xpath

2022-11-30 14:32:49 - [TEST_STEP][PASSED] - openBrowser(""): Browser is opened with url: ''

2022-11-30 14:32:49 - [MESSAGE][INFO] - Starting 'Chrome' driver

2022-11-30 14:32:49 - [MESSAGE][INFO] - Action delay is set to 0 milliseconds

2022-11-30 14:32:51 - [MESSAGE][PASSED] - Browser is opened with url: ''

2022-11-30 14:32:51 - [TEST_STEP][PASSED] - navigateToUrl("https://demoqa.com/text-box"): Navigate to 'https://demoqa.com/text-box' successfully

2022-11-30 14:33:01 - [MESSAGE][PASSED] - Navigate to 'https://demoqa.com/text-box' successfully

2022-11-30 14:33:01 - [TEST_STEP][PASSED] - maximizeWindow(): Current window maximized

2022-11-30 14:33:01 - [MESSAGE][PASSED] - Current window maximized

2022-11-30 14:33:01 - [TEST_STEP][PASSED] - setText(findTestObject("Objeto_xpath/Campo_nombre"), "Ljubo"): Text 'Ljubo' is set on object 'Object Repository/Objeto_xpath/Campo_nombre'

2022-11-30 14:33:03 - [MESSAGE][PASSED] - Text 'Ljubo' is set on object 'Object Repository/Objeto_xpath/Campo_nombre'

2022-11-30 14:33:03 - [TEST_STEP][PASSED] - delay(3): Delayed 3 second(s)

2022-11-30 14:33:06 - [MESSAGE][PASSED] - Delayed 3 second(s)

2022-11-30 14:33:06 - [TEST_STEP][PASSED] - closeBrowser(): Browser is closed

2022-11-30 14:33:07 - [MESSAGE][PASSED] - Browser is closed]]></system-out>
         <system-err><![CDATA[]]></system-err>
      </testcase>
      <testcase name="Test Cases/Condicionales_If/Condicionar_titulo" time="32.38" classname="Test Cases/Condicionales_If/Condicionar_titulo" status="PASSED">
         <system-out><![CDATA[2022-11-30 14:33:07 - [TEST_CASE][PASSED] - Test Cases/Condicionales_If/Condicionar_titulo: Test Cases/Condicionales_If/Condicionar_titulo

2022-11-30 14:33:07 - [TEST_STEP][PASSED] - openBrowser(""): Browser is opened with url: ''

2022-11-30 14:33:07 - [MESSAGE][INFO] - Starting 'Chrome' driver

2022-11-30 14:33:07 - [MESSAGE][INFO] - Action delay is set to 0 milliseconds

2022-11-30 14:33:09 - [MESSAGE][PASSED] - Browser is opened with url: ''

2022-11-30 14:33:09 - [TEST_STEP][PASSED] - navigateToUrl("https://demoqa.com/"): Navigate to 'https://demoqa.com/' successfully

2022-11-30 14:33:21 - [MESSAGE][PASSED] - Navigate to 'https://demoqa.com/' successfully

2022-11-30 14:33:21 - [TEST_STEP][PASSED] - maximizeWindow(): Current window maximized

2022-11-30 14:33:21 - [MESSAGE][PASSED] - Current window maximized

2022-11-30 14:33:21 - [TEST_STEP][PASSED] - waitForPageLoad(5): Wait for page load successfully

2022-11-30 14:33:21 - [MESSAGE][PASSED] - Wait for page load successfully

2022-11-30 14:33:21 - [TEST_STEP][PASSED] - Existe = waitForElementVisible(findTestObject("Condicionales/Texto_radio"), 3): Web element with id: 'Object Repository/Condicionales/Texto_radio' located by '//div[@class='main-header'][contains(.,'Radio Button')]' not found

2022-11-30 14:33:25 - [MESSAGE][INFO] - Unable to find the element located by 'By.xpath: //div[@class='main-header'][contains(.,'Radio Button')]'. Please recheck the objects properties to make sure the desired element is located. 

2022-11-30 14:33:25 - [MESSAGE][WARNING] - [SELF-HEALING] Failed to find element with id 'Object Repository/Condicionales/Texto_radio'. Try using Self-healing.

2022-11-30 14:33:26 - [MESSAGE][INFO] - [SELF-HEALING] No working XPath is found.

2022-11-30 14:33:27 - [MESSAGE][INFO] - Unable to find the element located by 'By.xpath: '. Please recheck the objects properties to make sure the desired element is located. 

2022-11-30 14:33:27 - [MESSAGE][WARNING] - [SELF-HEALING] Cannot find elements when the selector is null

2022-11-30 14:33:27 - [MESSAGE][WARNING] - Web element with id: 'Object Repository/Condicionales/Texto_radio' located by '//div[@class='main-header'][contains(.,'Radio Button')]' not found

2022-11-30 14:33:27 - [TEST_STEP][PASSED] - print(Existe): null

2022-11-30 14:33:27 - [TEST_STEP][PASSED] - if (Existe == true): null

2022-11-30 14:33:27 - [TEST_STEP][PASSED] - else: Browser is closed

2022-11-30 14:33:27 - [TEST_STEP][PASSED] - print("-----  Error no esta el elemento de texto radio ------"): null

2022-11-30 14:33:27 - [TEST_STEP][PASSED] - navigateToUrl("https://demoqa.com/radio-button"): Navigate to 'https://demoqa.com/radio-button' successfully

2022-11-30 14:33:33 - [MESSAGE][PASSED] - Navigate to 'https://demoqa.com/radio-button' successfully

2022-11-30 14:33:33 - [TEST_STEP][PASSED] - click(findTestObject("Condicionales/Objeto_yes")): Object: 'Object Repository/Condicionales/Objeto_yes' is clicked on

2022-11-30 14:33:37 - [MESSAGE][PASSED] - Object: 'Object Repository/Condicionales/Objeto_yes' is clicked on

2022-11-30 14:33:37 - [TEST_STEP][PASSED] - delay(2): Delayed 2 second(s)

2022-11-30 14:33:39 - [MESSAGE][PASSED] - Delayed 2 second(s)

2022-11-30 14:33:39 - [TEST_STEP][PASSED] - closeBrowser(): Browser is closed

2022-11-30 14:33:40 - [MESSAGE][PASSED] - Browser is closed]]></system-out>
         <system-err><![CDATA[]]></system-err>
      </testcase>
      <testcase name="Test Cases/Condicionales_If/Test_1" time="0.051" classname="Test Cases/Condicionales_If/Test_1" status="PASSED">
         <system-out><![CDATA[2022-11-30 14:33:40 - [TEST_CASE][PASSED] - Test Cases/Condicionales_If/Test_1: Test Cases/Condicionales_If/Test_1

2022-11-30 14:33:40 - [TEST_STEP][PASSED] - if (num == 10): null

2022-11-30 14:33:40 - [TEST_STEP][PASSED] - else: null

2022-11-30 14:33:40 - [TEST_STEP][PASSED] - print("El numero no es un 10 es el numero:  " + num + "#####"): null]]></system-out>
         <system-err><![CDATA[]]></system-err>
      </testcase>
      <testcase name="Test Cases/Condicionales_If/Test_2" time="0.036" classname="Test Cases/Condicionales_If/Test_2" status="PASSED">
         <system-out><![CDATA[2022-11-30 14:33:40 - [TEST_CASE][PASSED] - Test Cases/Condicionales_If/Test_2: Test Cases/Condicionales_If/Test_2

2022-11-30 14:33:40 - [TEST_STEP][PASSED] - if (num == 5): null

2022-11-30 14:33:40 - [TEST_STEP][PASSED] - if (num == 10): null

2022-11-30 14:33:40 - [TEST_STEP][PASSED] - println("El valor de la variables es un: 10"): null]]></system-out>
         <system-err><![CDATA[]]></system-err>
      </testcase>
      <testcase name="Test Cases/Condicionales_If/Test_3" time="0.038" classname="Test Cases/Condicionales_If/Test_3" status="PASSED">
         <system-out><![CDATA[2022-11-30 14:33:40 - [TEST_CASE][PASSED] - Test Cases/Condicionales_If/Test_3: Test Cases/Condicionales_If/Test_3

2022-11-30 14:33:40 - [TEST_STEP][PASSED] - if (nombre == "Juan"): null

2022-11-30 14:33:40 - [TEST_STEP][PASSED] - if (nombre == "JUan"): null

2022-11-30 14:33:40 - [TEST_STEP][PASSED] - if (nombre == "juan"): null

2022-11-30 14:33:40 - [TEST_STEP][PASSED] - println("Tu nombre es juan"): null]]></system-out>
         <system-err><![CDATA[]]></system-err>
      </testcase>
      <testcase name="Test Cases/Condicionales_If/Test_4" time="0.048" classname="Test Cases/Condicionales_If/Test_4" status="PASSED">
         <system-out><![CDATA[2022-11-30 14:33:40 - [TEST_CASE][PASSED] - Test Cases/Condicionales_If/Test_4: Test Cases/Condicionales_If/Test_4

2022-11-30 14:33:40 - [TEST_STEP][PASSED] - if (num <= 7): null

2022-11-30 14:33:40 - [TEST_STEP][PASSED] - println("El numero es menor ó igual que 5"): null

2022-11-30 14:33:40 - [TEST_STEP][PASSED] - if (num >= 8): null

2022-11-30 14:33:40 - [TEST_STEP][PASSED] - if (num != 5): null]]></system-out>
         <system-err><![CDATA[]]></system-err>
      </testcase>
      <testcase name="Test Cases/Condicionales_If/Test_edad" time="0.025" classname="Test Cases/Condicionales_If/Test_edad" status="PASSED">
         <system-out><![CDATA[2022-11-30 14:33:40 - [TEST_CASE][PASSED] - Test Cases/Condicionales_If/Test_edad: Test Cases/Condicionales_If/Test_edad

2022-11-30 14:33:40 - [TEST_STEP][PASSED] - if (edad >= 1 && edad <= 17): null

2022-11-30 14:33:40 - [TEST_STEP][PASSED] - else if (edad == 18): null

2022-11-30 14:33:40 - [TEST_STEP][PASSED] - else if (edad <= 0): null

2022-11-30 14:33:40 - [TEST_STEP][PASSED] - else if (edad == 120): null

2022-11-30 14:33:40 - [TEST_STEP][PASSED] - else: null

2022-11-30 14:33:40 - [TEST_STEP][PASSED] - print("No se cumple ninguna de las opciones"): null]]></system-out>
         <system-err><![CDATA[]]></system-err>
      </testcase>
      <testcase name="Test Cases/Condicionales_If/Test_valor" time="23.088" classname="Test Cases/Condicionales_If/Test_valor" status="PASSED">
         <system-out><![CDATA[2022-11-30 14:33:40 - [TEST_CASE][PASSED] - Test Cases/Condicionales_If/Test_valor: Test Cases/Condicionales_If/Test_valor

2022-11-30 14:33:40 - [TEST_STEP][PASSED] - openBrowser(""): Browser is opened with url: ''

2022-11-30 14:33:40 - [MESSAGE][INFO] - Starting 'Chrome' driver

2022-11-30 14:33:40 - [MESSAGE][INFO] - Action delay is set to 0 milliseconds

2022-11-30 14:33:41 - [MESSAGE][PASSED] - Browser is opened with url: ''

2022-11-30 14:33:41 - [TEST_STEP][PASSED] - navigateToUrl("https://demoqa.com/"): Navigate to 'https://demoqa.com/' successfully

2022-11-30 14:33:54 - [MESSAGE][PASSED] - Navigate to 'https://demoqa.com/' successfully

2022-11-30 14:33:54 - [TEST_STEP][PASSED] - maximizeWindow(): Current window maximized

2022-11-30 14:33:54 - [MESSAGE][PASSED] - Current window maximized

2022-11-30 14:33:54 - [TEST_STEP][PASSED] - waitForPageLoad(10): Wait for page load successfully

2022-11-30 14:33:54 - [MESSAGE][PASSED] - Wait for page load successfully

2022-11-30 14:33:54 - [TEST_STEP][PASSED] - Existe = waitForElementVisible(findTestObject("Condicionales/titulo1"), 5): Web element with id: 'Object Repository/Condicionales/titulo1' located by '//div[@class='main-header'][contains(.,'Radio Button')]' not found

2022-11-30 14:34:00 - [MESSAGE][INFO] - Unable to find the element located by 'By.xpath: //div[@class='main-header'][contains(.,'Radio Button')]'. Please recheck the objects properties to make sure the desired element is located. 

2022-11-30 14:34:00 - [MESSAGE][WARNING] - [SELF-HEALING] Failed to find element with id 'Object Repository/Condicionales/titulo1'. Try using Self-healing.

2022-11-30 14:34:01 - [MESSAGE][INFO] - [SELF-HEALING] No working XPath is found.

2022-11-30 14:34:02 - [MESSAGE][INFO] - Unable to find the element located by 'By.xpath: '. Please recheck the objects properties to make sure the desired element is located. 

2022-11-30 14:34:02 - [MESSAGE][WARNING] - [SELF-HEALING] Cannot find elements when the selector is null

2022-11-30 14:34:02 - [MESSAGE][WARNING] - Web element with id: 'Object Repository/Condicionales/titulo1' located by '//div[@class='main-header'][contains(.,'Radio Button')]' not found

2022-11-30 14:34:02 - [TEST_STEP][PASSED] - if (Existe == true): null

2022-11-30 14:34:02 - [TEST_STEP][PASSED] - else: Browser is closed

2022-11-30 14:34:02 - [TEST_STEP][PASSED] - print("No estas en la página correcta"): null

2022-11-30 14:34:02 - [TEST_STEP][PASSED] - closeBrowser(): Browser is closed

2022-11-30 14:34:03 - [MESSAGE][PASSED] - Browser is closed]]></system-out>
         <system-err><![CDATA[]]></system-err>
      </testcase>
      <testcase name="Test Cases/BUCLES/Reto_For" time="31.024" classname="Test Cases/BUCLES/Reto_For" status="PASSED">
         <system-out><![CDATA[2022-11-30 14:34:03 - [TEST_CASE][PASSED] - Test Cases/BUCLES/Reto_For: Test Cases/BUCLES/Reto_For

2022-11-30 14:34:03 - [TEST_STEP][PASSED] - openBrowser(""): Browser is opened with url: ''

2022-11-30 14:34:03 - [MESSAGE][INFO] - Starting 'Chrome' driver

2022-11-30 14:34:03 - [MESSAGE][INFO] - Action delay is set to 0 milliseconds

2022-11-30 14:34:04 - [MESSAGE][PASSED] - Browser is opened with url: ''

2022-11-30 14:34:04 - [TEST_STEP][PASSED] - navigateToUrl("https://demoqa.com/text-box"): Navigate to 'https://demoqa.com/text-box' successfully

2022-11-30 14:34:15 - [MESSAGE][PASSED] - Navigate to 'https://demoqa.com/text-box' successfully

2022-11-30 14:34:15 - [TEST_STEP][PASSED] - maximizeWindow(): Current window maximized

2022-11-30 14:34:15 - [MESSAGE][PASSED] - Current window maximized

2022-11-30 14:34:15 - [TEST_STEP][PASSED] - waitForPageLoad(5): Wait for page load successfully

2022-11-30 14:34:15 - [MESSAGE][PASSED] - Wait for page load successfully

2022-11-30 14:34:15 - [TEST_STEP][PASSED] - for ([x = 1, x <= 4, (x++)]): Browser is scrolled to position x = 0, y = 100

2022-11-30 14:34:15 - [TEST_STEP][PASSED] - z = ["Carlos", "Erika", "Paco", "Rodrigo", "Juan"]: null

2022-11-30 14:34:15 - [TEST_STEP][PASSED] - rn = new java.util.Random(): null

2022-11-30 14:34:15 - [TEST_STEP][PASSED] - tx_nombre = z[rn.nextInt(size)]: null

2022-11-30 14:34:15 - [TEST_STEP][PASSED] - setText(findTestObject("Object Repository/Reto_for/Page_ToolsQA/input_Full Name_userName"), tx_nombre): Text 'Rodrigo' is set on object 'Object Repository/Reto_for/Page_ToolsQA/input_Full Name_userName'

2022-11-30 14:34:17 - [MESSAGE][PASSED] - Text 'Rodrigo' is set on object 'Object Repository/Reto_for/Page_ToolsQA/input_Full Name_userName'

2022-11-30 14:34:17 - [TEST_STEP][PASSED] - setText(findTestObject("Object Repository/Reto_for/Page_ToolsQA/input_Email_userEmail"), tx_nombre + "@gmail.com"): Text 'Rodrigo@gmail.com' is set on object 'Object Repository/Reto_for/Page_ToolsQA/input_Email_userEmail'

2022-11-30 14:34:18 - [MESSAGE][PASSED] - Text 'Rodrigo@gmail.com' is set on object 'Object Repository/Reto_for/Page_ToolsQA/input_Email_userEmail'

2022-11-30 14:34:18 - [TEST_STEP][PASSED] - setText(findTestObject("Object Repository/Reto_for/Page_ToolsQA/textarea_Current Address_currentAddress"), "Dirección#" + x): Text 'Dirección#1' is set on object 'Object Repository/Reto_for/Page_ToolsQA/textarea_Current Address_currentAddress'

2022-11-30 14:34:19 - [MESSAGE][PASSED] - Text 'Dirección#1' is set on object 'Object Repository/Reto_for/Page_ToolsQA/textarea_Current Address_currentAddress'

2022-11-30 14:34:19 - [TEST_STEP][PASSED] - setText(findTestObject("Object Repository/Reto_for/Page_ToolsQA/textarea_Permanent Address_permanentAddress"), "Dirección dos#" + x): Text 'Dirección dos#1' is set on object 'Object Repository/Reto_for/Page_ToolsQA/textarea_Permanent Address_permanentAddress'

2022-11-30 14:34:20 - [MESSAGE][PASSED] - Text 'Dirección dos#1' is set on object 'Object Repository/Reto_for/Page_ToolsQA/textarea_Permanent Address_permanentAddress'

2022-11-30 14:34:20 - [TEST_STEP][PASSED] - scrollToPosition(0, 500): Browser is scrolled to position x = 0, y = 500

2022-11-30 14:34:20 - [MESSAGE][PASSED] - Browser is scrolled to position x = 0, y = 500

2022-11-30 14:34:20 - [TEST_STEP][PASSED] - click(findTestObject("Object Repository/Reto_for/Page_ToolsQA/button_Submit")): Object: 'Object Repository/Reto_for/Page_ToolsQA/button_Submit' is clicked on

2022-11-30 14:34:21 - [MESSAGE][PASSED] - Object: 'Object Repository/Reto_for/Page_ToolsQA/button_Submit' is clicked on

2022-11-30 14:34:21 - [TEST_STEP][PASSED] - scrollToPosition(0, 100): Browser is scrolled to position x = 0, y = 100

2022-11-30 14:34:21 - [MESSAGE][PASSED] - Browser is scrolled to position x = 0, y = 100

2022-11-30 14:34:21 - [TEST_STEP][PASSED] - z = ["Carlos", "Erika", "Paco", "Rodrigo", "Juan"]: null

2022-11-30 14:34:21 - [TEST_STEP][PASSED] - rn = new java.util.Random(): null

2022-11-30 14:34:21 - [TEST_STEP][PASSED] - tx_nombre = z[rn.nextInt(size)]: null

2022-11-30 14:34:21 - [TEST_STEP][PASSED] - setText(findTestObject("Object Repository/Reto_for/Page_ToolsQA/input_Full Name_userName"), tx_nombre): Text 'Juan' is set on object 'Object Repository/Reto_for/Page_ToolsQA/input_Full Name_userName'

2022-11-30 14:34:22 - [MESSAGE][PASSED] - Text 'Juan' is set on object 'Object Repository/Reto_for/Page_ToolsQA/input_Full Name_userName'

2022-11-30 14:34:22 - [TEST_STEP][PASSED] - setText(findTestObject("Object Repository/Reto_for/Page_ToolsQA/input_Email_userEmail"), tx_nombre + "@gmail.com"): Text 'Juan@gmail.com' is set on object 'Object Repository/Reto_for/Page_ToolsQA/input_Email_userEmail'

2022-11-30 14:34:22 - [MESSAGE][PASSED] - Text 'Juan@gmail.com' is set on object 'Object Repository/Reto_for/Page_ToolsQA/input_Email_userEmail'

2022-11-30 14:34:22 - [TEST_STEP][PASSED] - setText(findTestObject("Object Repository/Reto_for/Page_ToolsQA/textarea_Current Address_currentAddress"), "Dirección#" + x): Text 'Dirección#2' is set on object 'Object Repository/Reto_for/Page_ToolsQA/textarea_Current Address_currentAddress'

2022-11-30 14:34:23 - [MESSAGE][PASSED] - Text 'Dirección#2' is set on object 'Object Repository/Reto_for/Page_ToolsQA/textarea_Current Address_currentAddress'

2022-11-30 14:34:23 - [TEST_STEP][PASSED] - setText(findTestObject("Object Repository/Reto_for/Page_ToolsQA/textarea_Permanent Address_permanentAddress"), "Dirección dos#" + x): Text 'Dirección dos#2' is set on object 'Object Repository/Reto_for/Page_ToolsQA/textarea_Permanent Address_permanentAddress'

2022-11-30 14:34:24 - [MESSAGE][PASSED] - Text 'Dirección dos#2' is set on object 'Object Repository/Reto_for/Page_ToolsQA/textarea_Permanent Address_permanentAddress'

2022-11-30 14:34:24 - [TEST_STEP][PASSED] - scrollToPosition(0, 500): Browser is scrolled to position x = 0, y = 500

2022-11-30 14:34:24 - [MESSAGE][PASSED] - Browser is scrolled to position x = 0, y = 500

2022-11-30 14:34:24 - [TEST_STEP][PASSED] - click(findTestObject("Object Repository/Reto_for/Page_ToolsQA/button_Submit")): Object: 'Object Repository/Reto_for/Page_ToolsQA/button_Submit' is clicked on

2022-11-30 14:34:25 - [MESSAGE][PASSED] - Object: 'Object Repository/Reto_for/Page_ToolsQA/button_Submit' is clicked on

2022-11-30 14:34:25 - [TEST_STEP][PASSED] - scrollToPosition(0, 100): Browser is scrolled to position x = 0, y = 100

2022-11-30 14:34:25 - [MESSAGE][PASSED] - Browser is scrolled to position x = 0, y = 100

2022-11-30 14:34:25 - [TEST_STEP][PASSED] - z = ["Carlos", "Erika", "Paco", "Rodrigo", "Juan"]: null

2022-11-30 14:34:25 - [TEST_STEP][PASSED] - rn = new java.util.Random(): null

2022-11-30 14:34:25 - [TEST_STEP][PASSED] - tx_nombre = z[rn.nextInt(size)]: null

2022-11-30 14:34:25 - [TEST_STEP][PASSED] - setText(findTestObject("Object Repository/Reto_for/Page_ToolsQA/input_Full Name_userName"), tx_nombre): Text 'Erika' is set on object 'Object Repository/Reto_for/Page_ToolsQA/input_Full Name_userName'

2022-11-30 14:34:26 - [MESSAGE][PASSED] - Text 'Erika' is set on object 'Object Repository/Reto_for/Page_ToolsQA/input_Full Name_userName'

2022-11-30 14:34:26 - [TEST_STEP][PASSED] - setText(findTestObject("Object Repository/Reto_for/Page_ToolsQA/input_Email_userEmail"), tx_nombre + "@gmail.com"): Text 'Erika@gmail.com' is set on object 'Object Repository/Reto_for/Page_ToolsQA/input_Email_userEmail'

2022-11-30 14:34:26 - [MESSAGE][PASSED] - Text 'Erika@gmail.com' is set on object 'Object Repository/Reto_for/Page_ToolsQA/input_Email_userEmail'

2022-11-30 14:34:26 - [TEST_STEP][PASSED] - setText(findTestObject("Object Repository/Reto_for/Page_ToolsQA/textarea_Current Address_currentAddress"), "Dirección#" + x): Text 'Dirección#3' is set on object 'Object Repository/Reto_for/Page_ToolsQA/textarea_Current Address_currentAddress'

2022-11-30 14:34:27 - [MESSAGE][PASSED] - Text 'Dirección#3' is set on object 'Object Repository/Reto_for/Page_ToolsQA/textarea_Current Address_currentAddress'

2022-11-30 14:34:27 - [TEST_STEP][PASSED] - setText(findTestObject("Object Repository/Reto_for/Page_ToolsQA/textarea_Permanent Address_permanentAddress"), "Dirección dos#" + x): Text 'Dirección dos#3' is set on object 'Object Repository/Reto_for/Page_ToolsQA/textarea_Permanent Address_permanentAddress'

2022-11-30 14:34:28 - [MESSAGE][PASSED] - Text 'Dirección dos#3' is set on object 'Object Repository/Reto_for/Page_ToolsQA/textarea_Permanent Address_permanentAddress'

2022-11-30 14:34:28 - [TEST_STEP][PASSED] - scrollToPosition(0, 500): Browser is scrolled to position x = 0, y = 500

2022-11-30 14:34:28 - [MESSAGE][PASSED] - Browser is scrolled to position x = 0, y = 500

2022-11-30 14:34:28 - [TEST_STEP][PASSED] - click(findTestObject("Object Repository/Reto_for/Page_ToolsQA/button_Submit")): Object: 'Object Repository/Reto_for/Page_ToolsQA/button_Submit' is clicked on

2022-11-30 14:34:29 - [MESSAGE][PASSED] - Object: 'Object Repository/Reto_for/Page_ToolsQA/button_Submit' is clicked on

2022-11-30 14:34:29 - [TEST_STEP][PASSED] - scrollToPosition(0, 100): Browser is scrolled to position x = 0, y = 100

2022-11-30 14:34:29 - [MESSAGE][PASSED] - Browser is scrolled to position x = 0, y = 100

2022-11-30 14:34:29 - [TEST_STEP][PASSED] - z = ["Carlos", "Erika", "Paco", "Rodrigo", "Juan"]: null

2022-11-30 14:34:29 - [TEST_STEP][PASSED] - rn = new java.util.Random(): null

2022-11-30 14:34:29 - [TEST_STEP][PASSED] - tx_nombre = z[rn.nextInt(size)]: null

2022-11-30 14:34:29 - [TEST_STEP][PASSED] - setText(findTestObject("Object Repository/Reto_for/Page_ToolsQA/input_Full Name_userName"), tx_nombre): Text 'Rodrigo' is set on object 'Object Repository/Reto_for/Page_ToolsQA/input_Full Name_userName'

2022-11-30 14:34:30 - [MESSAGE][PASSED] - Text 'Rodrigo' is set on object 'Object Repository/Reto_for/Page_ToolsQA/input_Full Name_userName'

2022-11-30 14:34:30 - [TEST_STEP][PASSED] - setText(findTestObject("Object Repository/Reto_for/Page_ToolsQA/input_Email_userEmail"), tx_nombre + "@gmail.com"): Text 'Rodrigo@gmail.com' is set on object 'Object Repository/Reto_for/Page_ToolsQA/input_Email_userEmail'

2022-11-30 14:34:30 - [MESSAGE][PASSED] - Text 'Rodrigo@gmail.com' is set on object 'Object Repository/Reto_for/Page_ToolsQA/input_Email_userEmail'

2022-11-30 14:34:30 - [TEST_STEP][PASSED] - setText(findTestObject("Object Repository/Reto_for/Page_ToolsQA/textarea_Current Address_currentAddress"), "Dirección#" + x): Text 'Dirección#4' is set on object 'Object Repository/Reto_for/Page_ToolsQA/textarea_Current Address_currentAddress'

2022-11-30 14:34:31 - [MESSAGE][PASSED] - Text 'Dirección#4' is set on object 'Object Repository/Reto_for/Page_ToolsQA/textarea_Current Address_currentAddress'

2022-11-30 14:34:31 - [TEST_STEP][PASSED] - setText(findTestObject("Object Repository/Reto_for/Page_ToolsQA/textarea_Permanent Address_permanentAddress"), "Dirección dos#" + x): Text 'Dirección dos#4' is set on object 'Object Repository/Reto_for/Page_ToolsQA/textarea_Permanent Address_permanentAddress'

2022-11-30 14:34:32 - [MESSAGE][PASSED] - Text 'Dirección dos#4' is set on object 'Object Repository/Reto_for/Page_ToolsQA/textarea_Permanent Address_permanentAddress'

2022-11-30 14:34:32 - [TEST_STEP][PASSED] - scrollToPosition(0, 500): Browser is scrolled to position x = 0, y = 500

2022-11-30 14:34:32 - [MESSAGE][PASSED] - Browser is scrolled to position x = 0, y = 500

2022-11-30 14:34:32 - [TEST_STEP][PASSED] - click(findTestObject("Object Repository/Reto_for/Page_ToolsQA/button_Submit")): Object: 'Object Repository/Reto_for/Page_ToolsQA/button_Submit' is clicked on

2022-11-30 14:34:33 - [MESSAGE][PASSED] - Object: 'Object Repository/Reto_for/Page_ToolsQA/button_Submit' is clicked on

2022-11-30 14:34:33 - [TEST_STEP][PASSED] - scrollToPosition(0, 100): Browser is scrolled to position x = 0, y = 100

2022-11-30 14:34:33 - [MESSAGE][PASSED] - Browser is scrolled to position x = 0, y = 100

2022-11-30 14:34:33 - [TEST_STEP][PASSED] - closeBrowser(): Browser is closed

2022-11-30 14:34:34 - [MESSAGE][PASSED] - Browser is closed]]></system-out>
         <system-err><![CDATA[]]></system-err>
      </testcase>
      <testcase name="Test Cases/BUCLES/Reto_while" time="37.877" classname="Test Cases/BUCLES/Reto_while" status="PASSED">
         <system-out><![CDATA[2022-11-30 14:34:34 - [TEST_CASE][PASSED] - Test Cases/BUCLES/Reto_while: Test Cases/BUCLES/Reto_while

2022-11-30 14:34:34 - [TEST_STEP][PASSED] - openBrowser(""): Browser is opened with url: ''

2022-11-30 14:34:34 - [MESSAGE][INFO] - Starting 'Chrome' driver

2022-11-30 14:34:34 - [MESSAGE][INFO] - Action delay is set to 0 milliseconds

2022-11-30 14:34:35 - [MESSAGE][PASSED] - Browser is opened with url: ''

2022-11-30 14:34:35 - [TEST_STEP][PASSED] - navigateToUrl("https://www.google.com/"): Navigate to 'https://www.google.com/' successfully

2022-11-30 14:34:38 - [MESSAGE][PASSED] - Navigate to 'https://www.google.com/' successfully

2022-11-30 14:34:38 - [TEST_STEP][PASSED] - Bandera = 0: null

2022-11-30 14:34:38 - [TEST_STEP][PASSED] - while (Bandera != 1): null

2022-11-30 14:34:38 - [TEST_STEP][PASSED] - num = Math.random() * 5 - 1 + 1: null

2022-11-30 14:34:38 - [TEST_STEP][PASSED] - setText(findTestObject("Object Repository/While_google/Page_Google/input__q"), "5+" + num): Text '5+2' is set on object 'Object Repository/While_google/Page_Google/input__q'

2022-11-30 14:34:39 - [MESSAGE][PASSED] - Text '5+2' is set on object 'Object Repository/While_google/Page_Google/input__q'

2022-11-30 14:34:39 - [TEST_STEP][PASSED] - sendKeys(findTestObject("Object Repository/While_google/Page_Google/input__q"), Keys.chord(ENTER)): Keys 'ENTER + ' sent to object: 'Object Repository/While_google/Page_Google/input__q'

2022-11-30 14:34:48 - [MESSAGE][PASSED] - Keys 'ENTER + ' sent to object: 'Object Repository/While_google/Page_Google/input__q'

2022-11-30 14:34:48 - [TEST_STEP][PASSED] - Resultado = getText(findTestObject("While_google/Extras/Resultado_10")): Text of object 'Object Repository/While_google/Extras/Resultado_10' is: '7'

2022-11-30 14:34:48 - [MESSAGE][PASSED] - Text of object 'Object Repository/While_google/Extras/Resultado_10' is: '7'

2022-11-30 14:34:48 - [TEST_STEP][PASSED] - if (Resultado == "8"): null

2022-11-30 14:34:48 - [TEST_STEP][PASSED] - else: null

2022-11-30 14:34:48 - [TEST_STEP][PASSED] - Bandera = 0: null

2022-11-30 14:34:48 - [TEST_STEP][PASSED] - print(Bandera + "------"): null

2022-11-30 14:34:48 - [TEST_STEP][PASSED] - num = Math.random() * 5 - 1 + 1: null

2022-11-30 14:34:48 - [TEST_STEP][PASSED] - setText(findTestObject("Object Repository/While_google/Page_Google/input__q"), "5+" + num): Text '5+1' is set on object 'Object Repository/While_google/Page_Google/input__q'

2022-11-30 14:34:49 - [MESSAGE][PASSED] - Text '5+1' is set on object 'Object Repository/While_google/Page_Google/input__q'

2022-11-30 14:34:49 - [TEST_STEP][PASSED] - sendKeys(findTestObject("Object Repository/While_google/Page_Google/input__q"), Keys.chord(ENTER)): Keys 'ENTER + ' sent to object: 'Object Repository/While_google/Page_Google/input__q'

2022-11-30 14:34:54 - [MESSAGE][PASSED] - Keys 'ENTER + ' sent to object: 'Object Repository/While_google/Page_Google/input__q'

2022-11-30 14:34:54 - [TEST_STEP][PASSED] - Resultado = getText(findTestObject("While_google/Extras/Resultado_10")): Text of object 'Object Repository/While_google/Extras/Resultado_10' is: '6'

2022-11-30 14:34:55 - [MESSAGE][PASSED] - Text of object 'Object Repository/While_google/Extras/Resultado_10' is: '6'

2022-11-30 14:34:55 - [TEST_STEP][PASSED] - if (Resultado == "8"): null

2022-11-30 14:34:55 - [TEST_STEP][PASSED] - else: null

2022-11-30 14:34:55 - [TEST_STEP][PASSED] - Bandera = 0: null

2022-11-30 14:34:55 - [TEST_STEP][PASSED] - print(Bandera + "------"): null

2022-11-30 14:34:55 - [TEST_STEP][PASSED] - num = Math.random() * 5 - 1 + 1: null

2022-11-30 14:34:55 - [TEST_STEP][PASSED] - setText(findTestObject("Object Repository/While_google/Page_Google/input__q"), "5+" + num): Text '5+4' is set on object 'Object Repository/While_google/Page_Google/input__q'

2022-11-30 14:34:56 - [MESSAGE][PASSED] - Text '5+4' is set on object 'Object Repository/While_google/Page_Google/input__q'

2022-11-30 14:34:56 - [TEST_STEP][PASSED] - sendKeys(findTestObject("Object Repository/While_google/Page_Google/input__q"), Keys.chord(ENTER)): Keys 'ENTER + ' sent to object: 'Object Repository/While_google/Page_Google/input__q'

2022-11-30 14:35:04 - [MESSAGE][PASSED] - Keys 'ENTER + ' sent to object: 'Object Repository/While_google/Page_Google/input__q'

2022-11-30 14:35:04 - [TEST_STEP][PASSED] - Resultado = getText(findTestObject("While_google/Extras/Resultado_10")): Text of object 'Object Repository/While_google/Extras/Resultado_10' is: '9'

2022-11-30 14:35:04 - [MESSAGE][PASSED] - Text of object 'Object Repository/While_google/Extras/Resultado_10' is: '9'

2022-11-30 14:35:04 - [TEST_STEP][PASSED] - if (Resultado == "8"): null

2022-11-30 14:35:04 - [TEST_STEP][PASSED] - else: null

2022-11-30 14:35:04 - [TEST_STEP][PASSED] - Bandera = 0: null

2022-11-30 14:35:04 - [TEST_STEP][PASSED] - print(Bandera + "------"): null

2022-11-30 14:35:04 - [TEST_STEP][PASSED] - num = Math.random() * 5 - 1 + 1: null

2022-11-30 14:35:04 - [TEST_STEP][PASSED] - setText(findTestObject("Object Repository/While_google/Page_Google/input__q"), "5+" + num): Text '5+3' is set on object 'Object Repository/While_google/Page_Google/input__q'

2022-11-30 14:35:05 - [MESSAGE][PASSED] - Text '5+3' is set on object 'Object Repository/While_google/Page_Google/input__q'

2022-11-30 14:35:05 - [TEST_STEP][PASSED] - sendKeys(findTestObject("Object Repository/While_google/Page_Google/input__q"), Keys.chord(ENTER)): Keys 'ENTER + ' sent to object: 'Object Repository/While_google/Page_Google/input__q'

2022-11-30 14:35:10 - [MESSAGE][PASSED] - Keys 'ENTER + ' sent to object: 'Object Repository/While_google/Page_Google/input__q'

2022-11-30 14:35:10 - [TEST_STEP][PASSED] - Resultado = getText(findTestObject("While_google/Extras/Resultado_10")): Text of object 'Object Repository/While_google/Extras/Resultado_10' is: '8'

2022-11-30 14:35:11 - [MESSAGE][PASSED] - Text of object 'Object Repository/While_google/Extras/Resultado_10' is: '8'

2022-11-30 14:35:11 - [TEST_STEP][PASSED] - if (Resultado == "8"): Browser is closed

2022-11-30 14:35:11 - [TEST_STEP][PASSED] - Bandera = 1: null

2022-11-30 14:35:11 - [TEST_STEP][PASSED] - print("Listo termina"): null

2022-11-30 14:35:11 - [TEST_STEP][PASSED] - closeBrowser(): Browser is closed

2022-11-30 14:35:12 - [MESSAGE][PASSED] - Browser is closed

2022-11-30 14:35:12 - [TEST_STEP][PASSED] - print(Bandera + "------"): null]]></system-out>
         <system-err><![CDATA[]]></system-err>
      </testcase>
      <testcase name="Test Cases/BUCLES/Reto_while_solucion" time="43.016" classname="Test Cases/BUCLES/Reto_while_solucion" status="PASSED">
         <system-out><![CDATA[2022-11-30 14:35:12 - [TEST_CASE][PASSED] - Test Cases/BUCLES/Reto_while_solucion: Test Cases/BUCLES/Reto_while_solucion

2022-11-30 14:35:12 - [TEST_STEP][PASSED] - openBrowser(""): Browser is opened with url: ''

2022-11-30 14:35:12 - [MESSAGE][INFO] - Starting 'Chrome' driver

2022-11-30 14:35:12 - [MESSAGE][INFO] - Action delay is set to 0 milliseconds

2022-11-30 14:35:13 - [MESSAGE][PASSED] - Browser is opened with url: ''

2022-11-30 14:35:13 - [TEST_STEP][PASSED] - navigateToUrl("https://www.google.com/"): Navigate to 'https://www.google.com/' successfully

2022-11-30 14:35:16 - [MESSAGE][PASSED] - Navigate to 'https://www.google.com/' successfully

2022-11-30 14:35:16 - [TEST_STEP][PASSED] - Res = 0: null

2022-11-30 14:35:16 - [TEST_STEP][PASSED] - while (Res != 8): Browser is closed

2022-11-30 14:35:16 - [TEST_STEP][PASSED] - num = Math.random() * 5 - 1 + 1: null

2022-11-30 14:35:16 - [TEST_STEP][PASSED] - setText(findTestObject("Object Repository/Reto_while1/Page_Google/input__q"), "5+" + num): Text '5+4' is set on object 'Object Repository/Reto_while1/Page_Google/input__q'

2022-11-30 14:35:17 - [MESSAGE][PASSED] - Text '5+4' is set on object 'Object Repository/Reto_while1/Page_Google/input__q'

2022-11-30 14:35:17 - [TEST_STEP][PASSED] - sendKeys(findTestObject("Object Repository/Reto_while1/Page_Google/input__q"), Keys.chord(ENTER)): Keys 'ENTER + ' sent to object: 'Object Repository/Reto_while1/Page_Google/input__q'

2022-11-30 14:35:21 - [MESSAGE][PASSED] - Keys 'ENTER + ' sent to object: 'Object Repository/Reto_while1/Page_Google/input__q'

2022-11-30 14:35:21 - [TEST_STEP][PASSED] - Res = getText(findTestObject("Reto_while1/Resultado_8")).toInteger(): Text of object 'Object Repository/Reto_while1/Resultado_8' is: '9'

2022-11-30 14:35:22 - [MESSAGE][PASSED] - Text of object 'Object Repository/Reto_while1/Resultado_8' is: '9'

2022-11-30 14:35:22 - [TEST_STEP][PASSED] - if (Res == 8): null

2022-11-30 14:35:22 - [TEST_STEP][PASSED] - num = Math.random() * 5 - 1 + 1: null

2022-11-30 14:35:22 - [TEST_STEP][PASSED] - setText(findTestObject("Object Repository/Reto_while1/Page_Google/input__q"), "5+" + num): Text '5+4' is set on object 'Object Repository/Reto_while1/Page_Google/input__q'

2022-11-30 14:35:22 - [MESSAGE][PASSED] - Text '5+4' is set on object 'Object Repository/Reto_while1/Page_Google/input__q'

2022-11-30 14:35:22 - [TEST_STEP][PASSED] - sendKeys(findTestObject("Object Repository/Reto_while1/Page_Google/input__q"), Keys.chord(ENTER)): Keys 'ENTER + ' sent to object: 'Object Repository/Reto_while1/Page_Google/input__q'

2022-11-30 14:35:25 - [MESSAGE][PASSED] - Keys 'ENTER + ' sent to object: 'Object Repository/Reto_while1/Page_Google/input__q'

2022-11-30 14:35:25 - [TEST_STEP][PASSED] - Res = getText(findTestObject("Reto_while1/Resultado_8")).toInteger(): Text of object 'Object Repository/Reto_while1/Resultado_8' is: '9'

2022-11-30 14:35:26 - [MESSAGE][PASSED] - Text of object 'Object Repository/Reto_while1/Resultado_8' is: '9'

2022-11-30 14:35:26 - [TEST_STEP][PASSED] - if (Res == 8): null

2022-11-30 14:35:26 - [TEST_STEP][PASSED] - num = Math.random() * 5 - 1 + 1: null

2022-11-30 14:35:26 - [TEST_STEP][PASSED] - setText(findTestObject("Object Repository/Reto_while1/Page_Google/input__q"), "5+" + num): Text '5+4' is set on object 'Object Repository/Reto_while1/Page_Google/input__q'

2022-11-30 14:35:27 - [MESSAGE][PASSED] - Text '5+4' is set on object 'Object Repository/Reto_while1/Page_Google/input__q'

2022-11-30 14:35:27 - [TEST_STEP][PASSED] - sendKeys(findTestObject("Object Repository/Reto_while1/Page_Google/input__q"), Keys.chord(ENTER)): Keys 'ENTER + ' sent to object: 'Object Repository/Reto_while1/Page_Google/input__q'

2022-11-30 14:35:29 - [MESSAGE][PASSED] - Keys 'ENTER + ' sent to object: 'Object Repository/Reto_while1/Page_Google/input__q'

2022-11-30 14:35:29 - [TEST_STEP][PASSED] - Res = getText(findTestObject("Reto_while1/Resultado_8")).toInteger(): Text of object 'Object Repository/Reto_while1/Resultado_8' is: '9'

2022-11-30 14:35:29 - [MESSAGE][PASSED] - Text of object 'Object Repository/Reto_while1/Resultado_8' is: '9'

2022-11-30 14:35:29 - [TEST_STEP][PASSED] - if (Res == 8): null

2022-11-30 14:35:29 - [TEST_STEP][PASSED] - num = Math.random() * 5 - 1 + 1: null

2022-11-30 14:35:29 - [TEST_STEP][PASSED] - setText(findTestObject("Object Repository/Reto_while1/Page_Google/input__q"), "5+" + num): Text '5+2' is set on object 'Object Repository/Reto_while1/Page_Google/input__q'

2022-11-30 14:35:30 - [MESSAGE][PASSED] - Text '5+2' is set on object 'Object Repository/Reto_while1/Page_Google/input__q'

2022-11-30 14:35:30 - [TEST_STEP][PASSED] - sendKeys(findTestObject("Object Repository/Reto_while1/Page_Google/input__q"), Keys.chord(ENTER)): Keys 'ENTER + ' sent to object: 'Object Repository/Reto_while1/Page_Google/input__q'

2022-11-30 14:35:34 - [MESSAGE][PASSED] - Keys 'ENTER + ' sent to object: 'Object Repository/Reto_while1/Page_Google/input__q'

2022-11-30 14:35:34 - [TEST_STEP][PASSED] - Res = getText(findTestObject("Reto_while1/Resultado_8")).toInteger(): Text of object 'Object Repository/Reto_while1/Resultado_8' is: '7'

2022-11-30 14:35:35 - [MESSAGE][PASSED] - Text of object 'Object Repository/Reto_while1/Resultado_8' is: '7'

2022-11-30 14:35:35 - [TEST_STEP][PASSED] - if (Res == 8): null

2022-11-30 14:35:35 - [TEST_STEP][PASSED] - num = Math.random() * 5 - 1 + 1: null

2022-11-30 14:35:35 - [TEST_STEP][PASSED] - setText(findTestObject("Object Repository/Reto_while1/Page_Google/input__q"), "5+" + num): Text '5+1' is set on object 'Object Repository/Reto_while1/Page_Google/input__q'

2022-11-30 14:35:36 - [MESSAGE][PASSED] - Text '5+1' is set on object 'Object Repository/Reto_while1/Page_Google/input__q'

2022-11-30 14:35:36 - [TEST_STEP][PASSED] - sendKeys(findTestObject("Object Repository/Reto_while1/Page_Google/input__q"), Keys.chord(ENTER)): Keys 'ENTER + ' sent to object: 'Object Repository/Reto_while1/Page_Google/input__q'

2022-11-30 14:35:39 - [MESSAGE][PASSED] - Keys 'ENTER + ' sent to object: 'Object Repository/Reto_while1/Page_Google/input__q'

2022-11-30 14:35:39 - [TEST_STEP][PASSED] - Res = getText(findTestObject("Reto_while1/Resultado_8")).toInteger(): Text of object 'Object Repository/Reto_while1/Resultado_8' is: '6'

2022-11-30 14:35:40 - [MESSAGE][PASSED] - Text of object 'Object Repository/Reto_while1/Resultado_8' is: '6'

2022-11-30 14:35:40 - [TEST_STEP][PASSED] - if (Res == 8): null

2022-11-30 14:35:40 - [TEST_STEP][PASSED] - num = Math.random() * 5 - 1 + 1: null

2022-11-30 14:35:40 - [TEST_STEP][PASSED] - setText(findTestObject("Object Repository/Reto_while1/Page_Google/input__q"), "5+" + num): Text '5+4' is set on object 'Object Repository/Reto_while1/Page_Google/input__q'

2022-11-30 14:35:41 - [MESSAGE][PASSED] - Text '5+4' is set on object 'Object Repository/Reto_while1/Page_Google/input__q'

2022-11-30 14:35:41 - [TEST_STEP][PASSED] - sendKeys(findTestObject("Object Repository/Reto_while1/Page_Google/input__q"), Keys.chord(ENTER)): Keys 'ENTER + ' sent to object: 'Object Repository/Reto_while1/Page_Google/input__q'

2022-11-30 14:35:46 - [MESSAGE][PASSED] - Keys 'ENTER + ' sent to object: 'Object Repository/Reto_while1/Page_Google/input__q'

2022-11-30 14:35:46 - [TEST_STEP][PASSED] - Res = getText(findTestObject("Reto_while1/Resultado_8")).toInteger(): Text of object 'Object Repository/Reto_while1/Resultado_8' is: '9'

2022-11-30 14:35:46 - [MESSAGE][PASSED] - Text of object 'Object Repository/Reto_while1/Resultado_8' is: '9'

2022-11-30 14:35:46 - [TEST_STEP][PASSED] - if (Res == 8): null

2022-11-30 14:35:46 - [TEST_STEP][PASSED] - num = Math.random() * 5 - 1 + 1: null

2022-11-30 14:35:46 - [TEST_STEP][PASSED] - setText(findTestObject("Object Repository/Reto_while1/Page_Google/input__q"), "5+" + num): Text '5+2' is set on object 'Object Repository/Reto_while1/Page_Google/input__q'

2022-11-30 14:35:47 - [MESSAGE][PASSED] - Text '5+2' is set on object 'Object Repository/Reto_while1/Page_Google/input__q'

2022-11-30 14:35:47 - [TEST_STEP][PASSED] - sendKeys(findTestObject("Object Repository/Reto_while1/Page_Google/input__q"), Keys.chord(ENTER)): Keys 'ENTER + ' sent to object: 'Object Repository/Reto_while1/Page_Google/input__q'

2022-11-30 14:35:48 - [MESSAGE][PASSED] - Keys 'ENTER + ' sent to object: 'Object Repository/Reto_while1/Page_Google/input__q'

2022-11-30 14:35:48 - [TEST_STEP][PASSED] - Res = getText(findTestObject("Reto_while1/Resultado_8")).toInteger(): Text of object 'Object Repository/Reto_while1/Resultado_8' is: '7'

2022-11-30 14:35:50 - [MESSAGE][PASSED] - Text of object 'Object Repository/Reto_while1/Resultado_8' is: '7'

2022-11-30 14:35:50 - [TEST_STEP][PASSED] - if (Res == 8): null

2022-11-30 14:35:50 - [TEST_STEP][PASSED] - num = Math.random() * 5 - 1 + 1: null

2022-11-30 14:35:50 - [TEST_STEP][PASSED] - setText(findTestObject("Object Repository/Reto_while1/Page_Google/input__q"), "5+" + num): Text '5+3' is set on object 'Object Repository/Reto_while1/Page_Google/input__q'

2022-11-30 14:35:51 - [MESSAGE][PASSED] - Text '5+3' is set on object 'Object Repository/Reto_while1/Page_Google/input__q'

2022-11-30 14:35:51 - [TEST_STEP][PASSED] - sendKeys(findTestObject("Object Repository/Reto_while1/Page_Google/input__q"), Keys.chord(ENTER)): Keys 'ENTER + ' sent to object: 'Object Repository/Reto_while1/Page_Google/input__q'

2022-11-30 14:35:54 - [MESSAGE][PASSED] - Keys 'ENTER + ' sent to object: 'Object Repository/Reto_while1/Page_Google/input__q'

2022-11-30 14:35:54 - [TEST_STEP][PASSED] - Res = getText(findTestObject("Reto_while1/Resultado_8")).toInteger(): Text of object 'Object Repository/Reto_while1/Resultado_8' is: '8'

2022-11-30 14:35:54 - [MESSAGE][PASSED] - Text of object 'Object Repository/Reto_while1/Resultado_8' is: '8'

2022-11-30 14:35:54 - [TEST_STEP][PASSED] - if (Res == 8): Browser is closed

2022-11-30 14:35:54 - [TEST_STEP][PASSED] - closeBrowser(): Browser is closed

2022-11-30 14:35:55 - [MESSAGE][PASSED] - Browser is closed]]></system-out>
         <system-err><![CDATA[]]></system-err>
      </testcase>
      <testcase name="Test Cases/BUCLES/Test_1" time="43.154" classname="Test Cases/BUCLES/Test_1" status="PASSED">
         <system-out><![CDATA[2022-11-30 14:35:55 - [TEST_CASE][PASSED] - Test Cases/BUCLES/Test_1: Test Cases/BUCLES/Test_1

2022-11-30 14:35:55 - [TEST_STEP][PASSED] - openBrowser(""): Browser is opened with url: ''

2022-11-30 14:35:55 - [MESSAGE][INFO] - Starting 'Chrome' driver

2022-11-30 14:35:55 - [MESSAGE][INFO] - Action delay is set to 0 milliseconds

2022-11-30 14:35:56 - [MESSAGE][PASSED] - Browser is opened with url: ''

2022-11-30 14:35:56 - [TEST_STEP][PASSED] - navigateToUrl("https://demoqa.com/text-box"): Navigate to 'https://demoqa.com/text-box' successfully

2022-11-30 14:36:09 - [MESSAGE][PASSED] - Navigate to 'https://demoqa.com/text-box' successfully

2022-11-30 14:36:09 - [TEST_STEP][PASSED] - for ([x = 1, x <= 2, (x++)]): null

2022-11-30 14:36:09 - [TEST_STEP][PASSED] - openBrowser(""): Browser is opened with url: ''

2022-11-30 14:36:09 - [MESSAGE][WARNING] - A browser is already opened. Closing browser and opening a new one

2022-11-30 14:36:09 - [MESSAGE][INFO] - Starting 'Chrome' driver

2022-11-30 14:36:09 - [MESSAGE][INFO] - Action delay is set to 0 milliseconds

2022-11-30 14:36:11 - [MESSAGE][PASSED] - Browser is opened with url: ''

2022-11-30 14:36:11 - [TEST_STEP][PASSED] - navigateToUrl("https://demoqa.com/text-box"): Navigate to 'https://demoqa.com/text-box' successfully

2022-11-30 14:36:23 - [MESSAGE][PASSED] - Navigate to 'https://demoqa.com/text-box' successfully

2022-11-30 14:36:23 - [TEST_STEP][PASSED] - RN = Math.random() * 10 - 1 + 1: null

2022-11-30 14:36:23 - [TEST_STEP][PASSED] - print("Numero : " + RN + "----"): null

2022-11-30 14:36:23 - [TEST_STEP][PASSED] - z = ["Demo1", "Demo2", "Demo3", "Demo4", "Demo5"]: null

2022-11-30 14:36:23 - [TEST_STEP][PASSED] - rnd = new java.util.Random(): null

2022-11-30 14:36:23 - [TEST_STEP][PASSED] - texto = z[rnd.nextInt(size)]: null

2022-11-30 14:36:23 - [TEST_STEP][PASSED] - print(texto): null

2022-11-30 14:36:23 - [TEST_STEP][PASSED] - openBrowser(""): Browser is opened with url: ''

2022-11-30 14:36:23 - [MESSAGE][WARNING] - A browser is already opened. Closing browser and opening a new one

2022-11-30 14:36:23 - [MESSAGE][INFO] - Starting 'Chrome' driver

2022-11-30 14:36:23 - [MESSAGE][INFO] - Action delay is set to 0 milliseconds

2022-11-30 14:36:25 - [MESSAGE][PASSED] - Browser is opened with url: ''

2022-11-30 14:36:25 - [TEST_STEP][PASSED] - navigateToUrl("https://demoqa.com/text-box"): Navigate to 'https://demoqa.com/text-box' successfully

2022-11-30 14:36:37 - [MESSAGE][PASSED] - Navigate to 'https://demoqa.com/text-box' successfully

2022-11-30 14:36:37 - [TEST_STEP][PASSED] - RN = Math.random() * 10 - 1 + 1: null

2022-11-30 14:36:37 - [TEST_STEP][PASSED] - print("Numero : " + RN + "----"): null

2022-11-30 14:36:37 - [TEST_STEP][PASSED] - z = ["Demo1", "Demo2", "Demo3", "Demo4", "Demo5"]: null

2022-11-30 14:36:37 - [TEST_STEP][PASSED] - rnd = new java.util.Random(): null

2022-11-30 14:36:37 - [TEST_STEP][PASSED] - texto = z[rnd.nextInt(size)]: null

2022-11-30 14:36:37 - [TEST_STEP][PASSED] - print(texto): null

2022-11-30 14:36:37 - [TEST_STEP][PASSED] - closeBrowser(): Browser is closed

2022-11-30 14:36:38 - [MESSAGE][PASSED] - Browser is closed]]></system-out>
         <system-err><![CDATA[]]></system-err>
      </testcase>
      <testcase name="Test Cases/BUCLES/Test_2" time="12.027" classname="Test Cases/BUCLES/Test_2" status="PASSED">
         <system-out><![CDATA[2022-11-30 14:36:38 - [TEST_CASE][PASSED] - Test Cases/BUCLES/Test_2: Test Cases/BUCLES/Test_2

2022-11-30 14:36:38 - [TEST_STEP][PASSED] - openBrowser(""): Browser is opened with url: ''

2022-11-30 14:36:38 - [MESSAGE][INFO] - Starting 'Chrome' driver

2022-11-30 14:36:38 - [MESSAGE][INFO] - Action delay is set to 0 milliseconds

2022-11-30 14:36:39 - [MESSAGE][PASSED] - Browser is opened with url: ''

2022-11-30 14:36:39 - [TEST_STEP][PASSED] - navigateToUrl("https://demoqa.com/text-box"): Navigate to 'https://demoqa.com/text-box' successfully

2022-11-30 14:36:49 - [MESSAGE][PASSED] - Navigate to 'https://demoqa.com/text-box' successfully

2022-11-30 14:36:49 - [TEST_STEP][PASSED] - for ([x = 1, x <= 10, x = x + 2]): null

2022-11-30 14:36:49 - [TEST_STEP][PASSED] - print(" hola mundo " + x + "-------"): null

2022-11-30 14:36:49 - [TEST_STEP][PASSED] - print(" hola mundo " + x + "-------"): null

2022-11-30 14:36:49 - [TEST_STEP][PASSED] - print(" hola mundo " + x + "-------"): null

2022-11-30 14:36:49 - [TEST_STEP][PASSED] - print(" hola mundo " + x + "-------"): null

2022-11-30 14:36:49 - [TEST_STEP][PASSED] - print(" hola mundo " + x + "-------"): null

2022-11-30 14:36:49 - [TEST_STEP][PASSED] - closeBrowser(): Browser is closed

2022-11-30 14:36:50 - [MESSAGE][PASSED] - Browser is closed]]></system-out>
         <system-err><![CDATA[]]></system-err>
      </testcase>
      <testcase name="Test Cases/BUCLES/Test_while" time="14.468" classname="Test Cases/BUCLES/Test_while" status="PASSED">
         <system-out><![CDATA[2022-11-30 14:36:50 - [TEST_CASE][PASSED] - Test Cases/BUCLES/Test_while: Test Cases/BUCLES/Test_while

2022-11-30 14:36:50 - [TEST_STEP][PASSED] - openBrowser(""): Browser is opened with url: ''

2022-11-30 14:36:50 - [MESSAGE][INFO] - Starting 'Chrome' driver

2022-11-30 14:36:50 - [MESSAGE][INFO] - Action delay is set to 0 milliseconds

2022-11-30 14:36:51 - [MESSAGE][PASSED] - Browser is opened with url: ''

2022-11-30 14:36:51 - [TEST_STEP][PASSED] - navigateToUrl("https://demoqa.com/text-box"): Navigate to 'https://demoqa.com/text-box' successfully

2022-11-30 14:37:04 - [MESSAGE][PASSED] - Navigate to 'https://demoqa.com/text-box' successfully

2022-11-30 14:37:04 - [TEST_STEP][PASSED] - maximizeWindow(): Current window maximized

2022-11-30 14:37:04 - [MESSAGE][PASSED] - Current window maximized

2022-11-30 14:37:04 - [TEST_STEP][PASSED] - waitForPageLoad(5): Wait for page load successfully

2022-11-30 14:37:04 - [MESSAGE][PASSED] - Wait for page load successfully

2022-11-30 14:37:04 - [TEST_STEP][PASSED] - x = 1: null

2022-11-30 14:37:04 - [TEST_STEP][PASSED] - while (x <= 3): null

2022-11-30 14:37:04 - [TEST_STEP][PASSED] - print("Hola " + x + "----------"): null

2022-11-30 14:37:04 - [TEST_STEP][PASSED] - (x++): null

2022-11-30 14:37:04 - [TEST_STEP][PASSED] - print("Hola " + x + "----------"): null

2022-11-30 14:37:04 - [TEST_STEP][PASSED] - (x++): null

2022-11-30 14:37:04 - [TEST_STEP][PASSED] - print("Hola " + x + "----------"): null

2022-11-30 14:37:04 - [TEST_STEP][PASSED] - (x++): null

2022-11-30 14:37:04 - [TEST_STEP][PASSED] - closeBrowser(): Browser is closed

2022-11-30 14:37:04 - [MESSAGE][PASSED] - Browser is closed]]></system-out>
         <system-err><![CDATA[]]></system-err>
      </testcase>
      <testcase name="Test Cases/BUCLES/Test_while2" time="13.032" classname="Test Cases/BUCLES/Test_while2" status="PASSED">
         <system-out><![CDATA[2022-11-30 14:37:04 - [TEST_CASE][PASSED] - Test Cases/BUCLES/Test_while2: Test Cases/BUCLES/Test_while2

2022-11-30 14:37:04 - [TEST_STEP][PASSED] - openBrowser(""): Browser is opened with url: ''

2022-11-30 14:37:05 - [MESSAGE][INFO] - Starting 'Chrome' driver

2022-11-30 14:37:05 - [MESSAGE][INFO] - Action delay is set to 0 milliseconds

2022-11-30 14:37:06 - [MESSAGE][PASSED] - Browser is opened with url: ''

2022-11-30 14:37:06 - [TEST_STEP][PASSED] - navigateToUrl("https://demoqa.com/text-box"): Navigate to 'https://demoqa.com/text-box' successfully

2022-11-30 14:37:17 - [MESSAGE][PASSED] - Navigate to 'https://demoqa.com/text-box' successfully

2022-11-30 14:37:17 - [TEST_STEP][PASSED] - maximizeWindow(): Current window maximized

2022-11-30 14:37:17 - [MESSAGE][PASSED] - Current window maximized

2022-11-30 14:37:17 - [TEST_STEP][PASSED] - waitForPageLoad(5): Wait for page load successfully

2022-11-30 14:37:17 - [MESSAGE][PASSED] - Wait for page load successfully

2022-11-30 14:37:17 - [TEST_STEP][PASSED] - x = 1: null

2022-11-30 14:37:17 - [TEST_STEP][PASSED] - while (x <= 5): null

2022-11-30 14:37:17 - [TEST_STEP][PASSED] - print("Valor de X" + x + "------>"): null

2022-11-30 14:37:17 - [TEST_STEP][PASSED] - (x++): null

2022-11-30 14:37:17 - [TEST_STEP][PASSED] - print("Valor de X" + x + "------>"): null

2022-11-30 14:37:17 - [TEST_STEP][PASSED] - (x++): null

2022-11-30 14:37:17 - [TEST_STEP][PASSED] - print("Valor de X" + x + "------>"): null

2022-11-30 14:37:17 - [TEST_STEP][PASSED] - (x++): null

2022-11-30 14:37:17 - [TEST_STEP][PASSED] - print("Valor de X" + x + "------>"): null

2022-11-30 14:37:17 - [TEST_STEP][PASSED] - (x++): null

2022-11-30 14:37:17 - [TEST_STEP][PASSED] - print("Valor de X" + x + "------>"): null

2022-11-30 14:37:17 - [TEST_STEP][PASSED] - (x++): null

2022-11-30 14:37:17 - [TEST_STEP][PASSED] - closeBrowser(): Browser is closed

2022-11-30 14:37:18 - [MESSAGE][PASSED] - Browser is closed]]></system-out>
         <system-err><![CDATA[]]></system-err>
      </testcase>
      <testcase name="Test Cases/Drive_excel/Drive_excel" time="19.54" classname="Test Cases/Drive_excel/Drive_excel" status="PASSED">
         <system-out><![CDATA[2022-11-30 14:37:18 - [TEST_CASE][PASSED] - Test Cases/Drive_excel/Drive_excel: Test Cases/Drive_excel/Drive_excel

2022-11-30 14:37:18 - [TEST_STEP][PASSED] - openBrowser(""): Browser is opened with url: ''

2022-11-30 14:37:18 - [MESSAGE][INFO] - Starting 'Chrome' driver

2022-11-30 14:37:18 - [MESSAGE][INFO] - Action delay is set to 0 milliseconds

2022-11-30 14:37:19 - [MESSAGE][PASSED] - Browser is opened with url: ''

2022-11-30 14:37:19 - [TEST_STEP][PASSED] - navigateToUrl("https://demoqa.com/automation-practice-form"): Navigate to 'https://demoqa.com/automation-practice-form' successfully

2022-11-30 14:37:30 - [MESSAGE][PASSED] - Navigate to 'https://demoqa.com/automation-practice-form' successfully

2022-11-30 14:37:30 - [TEST_STEP][PASSED] - waitForPageLoad(40): Wait for page load successfully

2022-11-30 14:37:30 - [MESSAGE][PASSED] - Wait for page load successfully

2022-11-30 14:37:30 - [TEST_STEP][PASSED] - maximizeWindow(): Current window maximized

2022-11-30 14:37:30 - [MESSAGE][PASSED] - Current window maximized

2022-11-30 14:37:30 - [TEST_STEP][PASSED] - setText(findTestObject("Object Repository/Drive_excel/Page_ToolsQA/input_Name_firstName"), nombre): Text '' is set on object 'Object Repository/Drive_excel/Page_ToolsQA/input_Name_firstName'

2022-11-30 14:37:32 - [MESSAGE][PASSED] - Text '' is set on object 'Object Repository/Drive_excel/Page_ToolsQA/input_Name_firstName'

2022-11-30 14:37:32 - [TEST_STEP][PASSED] - setText(findTestObject("Object Repository/Drive_excel/Page_ToolsQA/input_Name_lastName"), apellido): Text '' is set on object 'Object Repository/Drive_excel/Page_ToolsQA/input_Name_lastName'

2022-11-30 14:37:33 - [MESSAGE][PASSED] - Text '' is set on object 'Object Repository/Drive_excel/Page_ToolsQA/input_Name_lastName'

2022-11-30 14:37:33 - [TEST_STEP][PASSED] - setText(findTestObject("Object Repository/Drive_excel/Page_ToolsQA/input_Email_userEmail"), email): Text '' is set on object 'Object Repository/Drive_excel/Page_ToolsQA/input_Email_userEmail'

2022-11-30 14:37:34 - [MESSAGE][PASSED] - Text '' is set on object 'Object Repository/Drive_excel/Page_ToolsQA/input_Email_userEmail'

2022-11-30 14:37:34 - [TEST_STEP][PASSED] - delay(2): Delayed 2 second(s)

2022-11-30 14:37:36 - [MESSAGE][PASSED] - Delayed 2 second(s)

2022-11-30 14:37:36 - [TEST_STEP][PASSED] - closeBrowser(): Browser is closed

2022-11-30 14:37:37 - [MESSAGE][PASSED] - Browser is closed]]></system-out>
         <system-err><![CDATA[]]></system-err>
      </testcase>
      <system-out><![CDATA[2022-11-30 14:26:13 - [TEST_SUITE][PASSED] - testCLoud: Test Cases/Drive_excel/Drive_excel]]></system-out>
      <system-err><![CDATA[]]></system-err>
   </testsuite>
</testsuites>
