<?xml version="1.0" encoding="UTF-8"?>
<testsuites name="Test_suite_4" time="130.454" tests="6" failures="0" errors="0">
   <testsuite name="Test_suite_4" tests="6" failures="0" errors="0" time="130.454" skipped="0" timestamp="2021-07-19 16:57:52" hostname="rodrigo.villanueva.c - EELX01RODRIGOVI.ad.gob" id="Test Suites/Test_suite_4">
      <properties>
         <property name="deviceName" value=""/>
         <property name="devicePlatform" value=""/>
         <property name="logFolder" value="C:\\Todo_Katalon\\Proyectos\\Proyecto_uno\\Reports\\20210719_165709\\Test_suite_4\\20210719_165716"/>
         <property name="logFiles" value="C:\\Todo_Katalon\\Proyectos\\Proyecto_uno\\Reports\\20210719_165709\\Test_suite_4\\20210719_165716\\execution0.log"/>
         <property name="attachments" value=""/>
         <property name="hostName" value="rodrigo.villanueva.c - EELX01RODRIGOVI.ad.gob"/>
         <property name="os" value="Windows 10 64bit"/>
         <property name="katalonVersion" value="8.0.5.208"/>
         <property name="browser" value="Firefox 90.0"/>
         <property name="hostAddress" value="10.255.249.109"/>
         <property name="sessionId" value="3c4e0aa8-5245-4b7d-9144-0c0746551248"/>
         <property name="seleniumVersion" value="3.141.59"/>
         <property name="proxyInformation" value="ProxyInformation { proxyOption=NO_PROXY, proxyServerType=HTTP, username=, password=********, proxyServerAddress=, proxyServerPort=0, executionList=&quot;&quot;, isApplyToDesiredCapabilities=true }"/>
         <property name="platform" value="Windows 10"/>
      </properties>
      <testcase name="Test Cases/Prueba_1/Caso_1" time="30.829" classname="Test Cases/Prueba_1/Caso_1" status="PASSED">
         <system-out><![CDATA[2021-07-19 16:57:52 - [TEST_CASE][PASSED] - Test Cases/Prueba_1/Caso_1: Test Cases/Prueba_1/Caso_1

2021-07-19 16:57:53 - [TEST_STEP][PASSED] - openBrowser(""): Browser is opened with url: ''

2021-07-19 16:57:54 - [MESSAGE][INFO] - Starting 'Firefox' driver

2021-07-19 16:57:54 - [MESSAGE][INFO] - Action delay is set to 0 milliseconds

2021-07-19 16:58:05 - [MESSAGE][PASSED] - Browser is opened with url: ''

2021-07-19 16:58:05 - [TEST_STEP][PASSED] - navigateToUrl("https://demoqa.com/"): Navigate to 'https://demoqa.com/' successfully

2021-07-19 16:58:10 - [MESSAGE][PASSED] - Navigate to 'https://demoqa.com/' successfully

2021-07-19 16:58:10 - [TEST_STEP][PASSED] - maximizeWindow(): Current window maximized

2021-07-19 16:58:11 - [MESSAGE][PASSED] - Current window maximized

2021-07-19 16:58:11 - [TEST_STEP][PASSED] - click(findTestObject("Object Repository/Prueba_1/Page_ToolsQA/div_Elements_card-up")): Object: 'Object Repository/Prueba_1/Page_ToolsQA/div_Elements_card-up' is clicked on

2021-07-19 16:58:12 - [MESSAGE][PASSED] - Object: 'Object Repository/Prueba_1/Page_ToolsQA/div_Elements_card-up' is clicked on

2021-07-19 16:58:12 - [TEST_STEP][PASSED] - click(findTestObject("Object Repository/Prueba_1/Page_ToolsQA/span_Text Box")): Object: 'Object Repository/Prueba_1/Page_ToolsQA/span_Text Box' is clicked on

2021-07-19 16:58:13 - [MESSAGE][PASSED] - Object: 'Object Repository/Prueba_1/Page_ToolsQA/span_Text Box' is clicked on

2021-07-19 16:58:13 - [TEST_STEP][PASSED] - click(findTestObject("Object Repository/Prueba_1/Page_ToolsQA/input_Full Name_userName")): Object: 'Object Repository/Prueba_1/Page_ToolsQA/input_Full Name_userName' is clicked on

2021-07-19 16:58:14 - [MESSAGE][PASSED] - Object: 'Object Repository/Prueba_1/Page_ToolsQA/input_Full Name_userName' is clicked on

2021-07-19 16:58:14 - [TEST_STEP][PASSED] - setText(findTestObject("Prueba_1/Page_ToolsQA/input_Full Name_userName"), "Rodrigo"): Text 'Rodrigo' is set on object 'Object Repository/Prueba_1/Page_ToolsQA/input_Full Name_userName'

2021-07-19 16:58:15 - [MESSAGE][PASSED] - Text 'Rodrigo' is set on object 'Object Repository/Prueba_1/Page_ToolsQA/input_Full Name_userName'

2021-07-19 16:58:15 - [TEST_STEP][PASSED] - nombre = getAttribute(findTestObject("Prueba_1/Page_ToolsQA/input_Full Name_userName"), "value"): Attribute 'value' of object 'Object Repository/Prueba_1/Page_ToolsQA/input_Full Name_userName' is: 'Rodrigo'

2021-07-19 16:58:16 - [MESSAGE][PASSED] - Attribute 'value' of object 'Object Repository/Prueba_1/Page_ToolsQA/input_Full Name_userName' is: 'Rodrigo'

2021-07-19 16:58:16 - [TEST_STEP][PASSED] - print(nombre): null

2021-07-19 16:58:16 - [TEST_STEP][PASSED] - setText(findTestObject("Object Repository/Prueba_1/Page_ToolsQA/input_Email_userEmail"), "rodrigo@gmail.com"): Text 'rodrigo@gmail.com' is set on object 'Object Repository/Prueba_1/Page_ToolsQA/input_Email_userEmail'

2021-07-19 16:58:16 - [MESSAGE][PASSED] - Text 'rodrigo@gmail.com' is set on object 'Object Repository/Prueba_1/Page_ToolsQA/input_Email_userEmail'

2021-07-19 16:58:16 - [TEST_STEP][PASSED] - setText(findTestObject("Object Repository/Prueba_1/Page_ToolsQA/textarea_Current Address_currentAddress"), "dirección_uno"): Text 'dirección_uno' is set on object 'Object Repository/Prueba_1/Page_ToolsQA/textarea_Current Address_currentAddress'

2021-07-19 16:58:17 - [MESSAGE][PASSED] - Text 'dirección_uno' is set on object 'Object Repository/Prueba_1/Page_ToolsQA/textarea_Current Address_currentAddress'

2021-07-19 16:58:17 - [TEST_STEP][PASSED] - setText(findTestObject("Object Repository/Prueba_1/Page_ToolsQA/textarea_Permanent Address_permanentAddress"), "dirección dos"): Text 'dirección dos' is set on object 'Object Repository/Prueba_1/Page_ToolsQA/textarea_Permanent Address_permanentAddress'

2021-07-19 16:58:19 - [MESSAGE][PASSED] - Text 'dirección dos' is set on object 'Object Repository/Prueba_1/Page_ToolsQA/textarea_Permanent Address_permanentAddress'

2021-07-19 16:58:19 - [TEST_STEP][PASSED] - scrollToPosition(0, 120): Browser is scrolled to position x = 0, y = 120

2021-07-19 16:58:19 - [MESSAGE][PASSED] - Browser is scrolled to position x = 0, y = 120

2021-07-19 16:58:19 - [TEST_STEP][PASSED] - click(findTestObject("Object Repository/Prueba_1/Page_ToolsQA/button_Submit")): Object: 'Object Repository/Prueba_1/Page_ToolsQA/button_Submit' is clicked on

2021-07-19 16:58:19 - [MESSAGE][PASSED] - Object: 'Object Repository/Prueba_1/Page_ToolsQA/button_Submit' is clicked on

2021-07-19 16:58:19 - [TEST_STEP][PASSED] - closeBrowser(): Browser is closed

2021-07-19 16:58:23 - [MESSAGE][PASSED] - Browser is closed]]></system-out>
         <system-err><![CDATA[]]></system-err>
      </testcase>
      <testcase name="Test Cases/Prueba_1/Caso_2" time="21.223" classname="Test Cases/Prueba_1/Caso_2" status="PASSED">
         <system-out><![CDATA[2021-07-19 16:58:23 - [TEST_CASE][PASSED] - Test Cases/Prueba_1/Caso_2: Test Cases/Prueba_1/Caso_2

2021-07-19 16:58:24 - [TEST_STEP][PASSED] - openBrowser(""): Browser is opened with url: ''

2021-07-19 16:58:24 - [MESSAGE][INFO] - Starting 'Firefox' driver

2021-07-19 16:58:24 - [MESSAGE][INFO] - Action delay is set to 0 milliseconds

2021-07-19 16:58:32 - [MESSAGE][PASSED] - Browser is opened with url: ''

2021-07-19 16:58:32 - [TEST_STEP][PASSED] - navigateToUrl("https://demoqa.com/"): Navigate to 'https://demoqa.com/' successfully

2021-07-19 16:58:35 - [MESSAGE][PASSED] - Navigate to 'https://demoqa.com/' successfully

2021-07-19 16:58:35 - [TEST_STEP][PASSED] - maximizeWindow(): Current window maximized

2021-07-19 16:58:36 - [MESSAGE][PASSED] - Current window maximized

2021-07-19 16:58:36 - [TEST_STEP][PASSED] - click(findTestObject("Object Repository/Prueba_2/Page_ToolsQA/div_Elements_card-up")): Object: 'Object Repository/Prueba_2/Page_ToolsQA/div_Elements_card-up' is clicked on

2021-07-19 16:58:36 - [MESSAGE][PASSED] - Object: 'Object Repository/Prueba_2/Page_ToolsQA/div_Elements_card-up' is clicked on

2021-07-19 16:58:36 - [TEST_STEP][PASSED] - click(findTestObject("Object Repository/Prueba_2/Page_ToolsQA/li_Text Box")): Object: 'Object Repository/Prueba_2/Page_ToolsQA/li_Text Box' is clicked on

2021-07-19 16:58:37 - [MESSAGE][PASSED] - Object: 'Object Repository/Prueba_2/Page_ToolsQA/li_Text Box' is clicked on

2021-07-19 16:58:37 - [TEST_STEP][PASSED] - setText(findTestObject("Object Repository/Prueba_2/Page_ToolsQA/input_Full Name_userName"), "Rodrigo"): Text 'Rodrigo' is set on object 'Object Repository/Prueba_2/Page_ToolsQA/input_Full Name_userName'

2021-07-19 16:58:38 - [MESSAGE][PASSED] - Text 'Rodrigo' is set on object 'Object Repository/Prueba_2/Page_ToolsQA/input_Full Name_userName'

2021-07-19 16:58:38 - [TEST_STEP][PASSED] - setText(findTestObject("Object Repository/Prueba_2/Page_ToolsQA/input_Email_userEmail"), "rodrigo@gmail.com"): Text 'rodrigo@gmail.com' is set on object 'Object Repository/Prueba_2/Page_ToolsQA/input_Email_userEmail'

2021-07-19 16:58:38 - [MESSAGE][PASSED] - Text 'rodrigo@gmail.com' is set on object 'Object Repository/Prueba_2/Page_ToolsQA/input_Email_userEmail'

2021-07-19 16:58:38 - [TEST_STEP][PASSED] - setText(findTestObject("Object Repository/Prueba_2/Page_ToolsQA/textarea_Current Address_currentAddress"), "Dir uno"): Text 'Dir uno' is set on object 'Object Repository/Prueba_2/Page_ToolsQA/textarea_Current Address_currentAddress'

2021-07-19 16:58:39 - [MESSAGE][PASSED] - Text 'Dir uno' is set on object 'Object Repository/Prueba_2/Page_ToolsQA/textarea_Current Address_currentAddress'

2021-07-19 16:58:39 - [TEST_STEP][PASSED] - setText(findTestObject("Object Repository/Prueba_2/Page_ToolsQA/textarea_Permanent Address_permanentAddress"), "dir dos"): Text 'dir dos' is set on object 'Object Repository/Prueba_2/Page_ToolsQA/textarea_Permanent Address_permanentAddress'

2021-07-19 16:58:40 - [MESSAGE][PASSED] - Text 'dir dos' is set on object 'Object Repository/Prueba_2/Page_ToolsQA/textarea_Permanent Address_permanentAddress'

2021-07-19 16:58:40 - [TEST_STEP][PASSED] - scrollToPosition(0, 120): Browser is scrolled to position x = 0, y = 120

2021-07-19 16:58:40 - [MESSAGE][PASSED] - Browser is scrolled to position x = 0, y = 120

2021-07-19 16:58:40 - [TEST_STEP][PASSED] - click(findTestObject("Object Repository/Prueba_2/Page_ToolsQA/button_Submit")): Object: 'Object Repository/Prueba_2/Page_ToolsQA/button_Submit' is clicked on

2021-07-19 16:58:41 - [MESSAGE][PASSED] - Object: 'Object Repository/Prueba_2/Page_ToolsQA/button_Submit' is clicked on

2021-07-19 16:58:41 - [TEST_STEP][PASSED] - click(findTestObject("Object Repository/Prueba_2/Page_ToolsQA/div_Text Box")): Object: 'Object Repository/Prueba_2/Page_ToolsQA/div_Text Box' is clicked on

2021-07-19 16:58:41 - [MESSAGE][PASSED] - Object: 'Object Repository/Prueba_2/Page_ToolsQA/div_Text Box' is clicked on

2021-07-19 16:58:41 - [TEST_STEP][PASSED] - rightClick(findTestObject("Object Repository/Prueba_2/Page_ToolsQA/div_Text Box")): Object: 'Object Repository/Prueba_2/Page_ToolsQA/div_Text Box' is right clicked on

2021-07-19 16:58:42 - [MESSAGE][PASSED] - Object: 'Object Repository/Prueba_2/Page_ToolsQA/div_Text Box' is right clicked on

2021-07-19 16:58:42 - [TEST_STEP][PASSED] - verifyElementText(findTestObject("Prueba_2/Page_ToolsQA/div_Text Box"), "Text Box"): Actual text and expected text of test object 'Object Repository/Prueba_2/Page_ToolsQA/div_Text Box' are matched.

2021-07-19 16:58:42 - [MESSAGE][PASSED] - Actual text and expected text of test object 'Object Repository/Prueba_2/Page_ToolsQA/div_Text Box' are matched.

2021-07-19 16:58:42 - [TEST_STEP][PASSED] - closeBrowser(): Browser is closed

2021-07-19 16:58:44 - [MESSAGE][PASSED] - Browser is closed]]></system-out>
         <system-err><![CDATA[]]></system-err>
      </testcase>
      <testcase name="Test Cases/Reto_script/Reto_script" time="20.897" classname="Test Cases/Reto_script/Reto_script" status="PASSED">
         <system-out><![CDATA[2021-07-19 16:58:44 - [TEST_CASE][PASSED] - Test Cases/Reto_script/Reto_script: Test Cases/Reto_script/Reto_script

2021-07-19 16:58:45 - [TEST_STEP][PASSED] - openBrowser(""): Browser is opened with url: ''

2021-07-19 16:58:45 - [MESSAGE][INFO] - Starting 'Firefox' driver

2021-07-19 16:58:45 - [MESSAGE][INFO] - Action delay is set to 0 milliseconds

2021-07-19 16:58:55 - [MESSAGE][PASSED] - Browser is opened with url: ''

2021-07-19 16:58:55 - [TEST_STEP][PASSED] - navigateToUrl("https://www.seleniumeasy.com/test/basic-first-form-demo.html"): Navigate to 'https://www.seleniumeasy.com/test/basic-first-form-demo.html' successfully

2021-07-19 16:58:58 - [MESSAGE][PASSED] - Navigate to 'https://www.seleniumeasy.com/test/basic-first-form-demo.html' successfully

2021-07-19 16:58:58 - [TEST_STEP][PASSED] - maximizeWindow(): Current window maximized

2021-07-19 16:58:58 - [MESSAGE][PASSED] - Current window maximized

2021-07-19 16:58:58 - [TEST_STEP][PASSED] - waitForElementClickable(findTestObject("Object Repository/Reto_script/Page_Selenium Easy Demo - Simple Form to Automate using Selenium/a_No, thanks"), 20): Object 'Object Repository/Reto_script/Page_Selenium Easy Demo - Simple Form to Automate using Selenium/a_No, thanks' is clickable

2021-07-19 16:59:00 - [MESSAGE][PASSED] - Object 'Object Repository/Reto_script/Page_Selenium Easy Demo - Simple Form to Automate using Selenium/a_No, thanks' is clickable

2021-07-19 16:59:00 - [TEST_STEP][PASSED] - click(findTestObject("Object Repository/Reto_script/Page_Selenium Easy Demo - Simple Form to Automate using Selenium/a_No, thanks")): Object: 'Object Repository/Reto_script/Page_Selenium Easy Demo - Simple Form to Automate using Selenium/a_No, thanks' is clicked on

2021-07-19 16:59:00 - [MESSAGE][PASSED] - Object: 'Object Repository/Reto_script/Page_Selenium Easy Demo - Simple Form to Automate using Selenium/a_No, thanks' is clicked on

2021-07-19 16:59:00 - [TEST_STEP][PASSED] - setText(findTestObject("Object Repository/Reto_script/Page_Selenium Easy Demo - Simple Form to Automate using Selenium/input_Enter message_user-message"), "Bienvenidos a Katalon"): Text 'Bienvenidos a Katalon' is set on object 'Object Repository/Reto_script/Page_Selenium Easy Demo - Simple Form to Automate using Selenium/input_Enter message_user-message'

2021-07-19 16:59:01 - [MESSAGE][PASSED] - Text 'Bienvenidos a Katalon' is set on object 'Object Repository/Reto_script/Page_Selenium Easy Demo - Simple Form to Automate using Selenium/input_Enter message_user-message'

2021-07-19 16:59:01 - [TEST_STEP][PASSED] - click(findTestObject("Object Repository/Reto_script/Page_Selenium Easy Demo - Simple Form to Automate using Selenium/button_Show Message")): Object: 'Object Repository/Reto_script/Page_Selenium Easy Demo - Simple Form to Automate using Selenium/button_Show Message' is clicked on

2021-07-19 16:59:02 - [MESSAGE][PASSED] - Object: 'Object Repository/Reto_script/Page_Selenium Easy Demo - Simple Form to Automate using Selenium/button_Show Message' is clicked on

2021-07-19 16:59:02 - [TEST_STEP][PASSED] - scrollToPosition(0, 200): Browser is scrolled to position x = 0, y = 200

2021-07-19 16:59:02 - [MESSAGE][PASSED] - Browser is scrolled to position x = 0, y = 200

2021-07-19 16:59:02 - [TEST_STEP][PASSED] - setText(findTestObject("Object Repository/Reto_script/Page_Selenium Easy Demo - Simple Form to Automate using Selenium/input_Enter a_sum1"), "5"): Text '5' is set on object 'Object Repository/Reto_script/Page_Selenium Easy Demo - Simple Form to Automate using Selenium/input_Enter a_sum1'

2021-07-19 16:59:03 - [MESSAGE][PASSED] - Text '5' is set on object 'Object Repository/Reto_script/Page_Selenium Easy Demo - Simple Form to Automate using Selenium/input_Enter a_sum1'

2021-07-19 16:59:03 - [TEST_STEP][PASSED] - setText(findTestObject("Object Repository/Reto_script/Page_Selenium Easy Demo - Simple Form to Automate using Selenium/input_Enter b_sum2"), "5"): Text '5' is set on object 'Object Repository/Reto_script/Page_Selenium Easy Demo - Simple Form to Automate using Selenium/input_Enter b_sum2'

2021-07-19 16:59:03 - [MESSAGE][PASSED] - Text '5' is set on object 'Object Repository/Reto_script/Page_Selenium Easy Demo - Simple Form to Automate using Selenium/input_Enter b_sum2'

2021-07-19 16:59:03 - [TEST_STEP][PASSED] - click(findTestObject("Object Repository/Reto_script/Page_Selenium Easy Demo - Simple Form to Automate using Selenium/button_Get Total")): Object: 'Object Repository/Reto_script/Page_Selenium Easy Demo - Simple Form to Automate using Selenium/button_Get Total' is clicked on

2021-07-19 16:59:04 - [MESSAGE][PASSED] - Object: 'Object Repository/Reto_script/Page_Selenium Easy Demo - Simple Form to Automate using Selenium/button_Get Total' is clicked on

2021-07-19 16:59:04 - [TEST_STEP][PASSED] - closeBrowser(): Browser is closed

2021-07-19 16:59:05 - [MESSAGE][PASSED] - Browser is closed]]></system-out>
         <system-err><![CDATA[]]></system-err>
      </testcase>
      <testcase name="Test Cases/Reto_select/Reto_select" time="20.947" classname="Test Cases/Reto_select/Reto_select" status="PASSED">
         <system-out><![CDATA[2021-07-19 16:59:05 - [TEST_CASE][PASSED] - Test Cases/Reto_select/Reto_select: Test Cases/Reto_select/Reto_select

2021-07-19 16:59:06 - [TEST_STEP][PASSED] - openBrowser(""): Browser is opened with url: ''

2021-07-19 16:59:06 - [MESSAGE][INFO] - Starting 'Firefox' driver

2021-07-19 16:59:06 - [MESSAGE][INFO] - Action delay is set to 0 milliseconds

2021-07-19 16:59:14 - [MESSAGE][PASSED] - Browser is opened with url: ''

2021-07-19 16:59:14 - [TEST_STEP][PASSED] - navigateToUrl("https://testsheepnz.github.io/BasicCalculator.html"): Navigate to 'https://testsheepnz.github.io/BasicCalculator.html' successfully

2021-07-19 16:59:15 - [MESSAGE][PASSED] - Navigate to 'https://testsheepnz.github.io/BasicCalculator.html' successfully

2021-07-19 16:59:15 - [TEST_STEP][PASSED] - maximizeWindow(): Current window maximized

2021-07-19 16:59:15 - [MESSAGE][PASSED] - Current window maximized

2021-07-19 16:59:15 - [TEST_STEP][PASSED] - scrollToElement(findTestObject("Reto_select/Campo_1"), 0): Scroll to object 'Object Repository/Reto_select/Campo_1' successfully

2021-07-19 16:59:15 - [MESSAGE][WARNING] - Timeout '0' is invalid. Using default page load timeout: '30'

2021-07-19 16:59:16 - [MESSAGE][PASSED] - Scroll to object 'Object Repository/Reto_select/Campo_1' successfully

2021-07-19 16:59:16 - [TEST_STEP][PASSED] - scrollToElement(findTestObject("Reto_select/Campo_1"), 0): Scroll to object 'Object Repository/Reto_select/Campo_1' successfully

2021-07-19 16:59:16 - [MESSAGE][WARNING] - Timeout '0' is invalid. Using default page load timeout: '30'

2021-07-19 16:59:16 - [MESSAGE][PASSED] - Scroll to object 'Object Repository/Reto_select/Campo_1' successfully

2021-07-19 16:59:16 - [TEST_STEP][PASSED] - setText(findTestObject("Reto_select/Campo_1"), "10"): Text '10' is set on object 'Object Repository/Reto_select/Campo_1'

2021-07-19 16:59:17 - [MESSAGE][PASSED] - Text '10' is set on object 'Object Repository/Reto_select/Campo_1'

2021-07-19 16:59:17 - [TEST_STEP][PASSED] - a = getAttribute(findTestObject("Reto_select/Campo_1"), "value"): Attribute 'value' of object 'Object Repository/Reto_select/Campo_1' is: '10'

2021-07-19 16:59:17 - [MESSAGE][PASSED] - Attribute 'value' of object 'Object Repository/Reto_select/Campo_1' is: '10'

2021-07-19 16:59:17 - [TEST_STEP][PASSED] - print("Valor de a: " + a): null

2021-07-19 16:59:17 - [TEST_STEP][PASSED] - setText(findTestObject("Reto_select/Campo_2"), "5"): Text '5' is set on object 'Object Repository/Reto_select/Campo_2'

2021-07-19 16:59:18 - [MESSAGE][PASSED] - Text '5' is set on object 'Object Repository/Reto_select/Campo_2'

2021-07-19 16:59:18 - [TEST_STEP][PASSED] - selectOptionByLabel(findTestObject("Reto_select/Seleccionar_Operacion"), "Multiply", false): All options with label 'Multiply' are selected in object 'Object Repository/Reto_select/Seleccionar_Operacion' 

2021-07-19 16:59:19 - [MESSAGE][PASSED] - All options with label 'Multiply' are selected in object 'Object Repository/Reto_select/Seleccionar_Operacion' 

2021-07-19 16:59:19 - [TEST_STEP][PASSED] - click(findTestObject("Reto_select/Calcular")): Object: 'Object Repository/Reto_select/Calcular' is clicked on

2021-07-19 16:59:19 - [MESSAGE][PASSED] - Object: 'Object Repository/Reto_select/Calcular' is clicked on

2021-07-19 16:59:19 - [TEST_STEP][PASSED] - delay(0.5): Delayed 0.5 second(s)

2021-07-19 16:59:20 - [MESSAGE][PASSED] - Delayed 0.5 second(s)

2021-07-19 16:59:20 - [TEST_STEP][PASSED] - Resultado_1 = getText(findTestObject("Reto_select/Respuesta")): Text of object 'Object Repository/Reto_select/Respuesta' is: ''

2021-07-19 16:59:20 - [MESSAGE][PASSED] - Text of object 'Object Repository/Reto_select/Respuesta' is: ''

2021-07-19 16:59:20 - [TEST_STEP][PASSED] - print("Hola" + Resultado_1): null

2021-07-19 16:59:20 - [TEST_STEP][PASSED] - click(findTestObject("Reto_select/Limpiar")): Object: 'Object Repository/Reto_select/Limpiar' is clicked on

2021-07-19 16:59:21 - [MESSAGE][PASSED] - Object: 'Object Repository/Reto_select/Limpiar' is clicked on

2021-07-19 16:59:21 - [TEST_STEP][PASSED] - delay(0.5): Delayed 0.5 second(s)

2021-07-19 16:59:21 - [MESSAGE][PASSED] - Delayed 0.5 second(s)

2021-07-19 16:59:21 - [TEST_STEP][PASSED] - setText(findTestObject("Reto_select/Campo_1"), "50"): Text '50' is set on object 'Object Repository/Reto_select/Campo_1'

2021-07-19 16:59:22 - [MESSAGE][PASSED] - Text '50' is set on object 'Object Repository/Reto_select/Campo_1'

2021-07-19 16:59:22 - [TEST_STEP][PASSED] - setText(findTestObject("Reto_select/Campo_2"), "5"): Text '5' is set on object 'Object Repository/Reto_select/Campo_2'

2021-07-19 16:59:22 - [MESSAGE][PASSED] - Text '5' is set on object 'Object Repository/Reto_select/Campo_2'

2021-07-19 16:59:22 - [TEST_STEP][PASSED] - selectOptionByLabel(findTestObject("Reto_select/Seleccionar_Operacion"), "Divide", false): All options with label 'Divide' are selected in object 'Object Repository/Reto_select/Seleccionar_Operacion' 

2021-07-19 16:59:23 - [MESSAGE][PASSED] - All options with label 'Divide' are selected in object 'Object Repository/Reto_select/Seleccionar_Operacion' 

2021-07-19 16:59:23 - [TEST_STEP][PASSED] - click(findTestObject("Reto_select/Calcular")): Object: 'Object Repository/Reto_select/Calcular' is clicked on

2021-07-19 16:59:24 - [MESSAGE][PASSED] - Object: 'Object Repository/Reto_select/Calcular' is clicked on

2021-07-19 16:59:24 - [TEST_STEP][PASSED] - delay(0.5): Delayed 0.5 second(s)

2021-07-19 16:59:24 - [MESSAGE][PASSED] - Delayed 0.5 second(s)

2021-07-19 16:59:24 - [TEST_STEP][PASSED] - click(findTestObject("Reto_select/Limpiar")): Object: 'Object Repository/Reto_select/Limpiar' is clicked on

2021-07-19 16:59:25 - [MESSAGE][PASSED] - Object: 'Object Repository/Reto_select/Limpiar' is clicked on

2021-07-19 16:59:25 - [TEST_STEP][PASSED] - closeBrowser(): Browser is closed

2021-07-19 16:59:26 - [MESSAGE][PASSED] - Browser is closed]]></system-out>
         <system-err><![CDATA[]]></system-err>
      </testcase>
      <testcase name="Test Cases/Reto_spy_web/Reto_spy_web" time="20.429" classname="Test Cases/Reto_spy_web/Reto_spy_web" status="PASSED">
         <system-out><![CDATA[2021-07-19 16:59:26 - [TEST_CASE][PASSED] - Test Cases/Reto_spy_web/Reto_spy_web: Test Cases/Reto_spy_web/Reto_spy_web

2021-07-19 16:59:27 - [TEST_STEP][PASSED] - openBrowser(""): Browser is opened with url: ''

2021-07-19 16:59:27 - [MESSAGE][INFO] - Starting 'Firefox' driver

2021-07-19 16:59:27 - [MESSAGE][INFO] - Action delay is set to 0 milliseconds

2021-07-19 16:59:35 - [MESSAGE][PASSED] - Browser is opened with url: ''

2021-07-19 16:59:35 - [TEST_STEP][PASSED] - navigateToUrl("http://opencart.abstracta.us/"): Navigate to 'http://opencart.abstracta.us/' successfully

2021-07-19 16:59:36 - [MESSAGE][PASSED] - Navigate to 'http://opencart.abstracta.us/' successfully

2021-07-19 16:59:36 - [TEST_STEP][PASSED] - maximizeWindow(): Current window maximized

2021-07-19 16:59:37 - [MESSAGE][PASSED] - Current window maximized

2021-07-19 16:59:37 - [TEST_STEP][PASSED] - scrollToPosition(0, 200): Browser is scrolled to position x = 0, y = 200

2021-07-19 16:59:37 - [MESSAGE][PASSED] - Browser is scrolled to position x = 0, y = 200

2021-07-19 16:59:37 - [TEST_STEP][PASSED] - click(findTestObject("Reto_spy_web/Page_MacBook/Page_Your Store/a_MacBook")): Object: 'Object Repository/Reto_spy_web/Page_MacBook/Page_Your Store/a_MacBook' is clicked on

2021-07-19 16:59:39 - [MESSAGE][PASSED] - Object: 'Object Repository/Reto_spy_web/Page_MacBook/Page_Your Store/a_MacBook' is clicked on

2021-07-19 16:59:39 - [TEST_STEP][PASSED] - click(findTestObject("Reto_spy_web/Page_MacBook/img")): Object: 'Object Repository/Reto_spy_web/Page_MacBook/img' is clicked on

2021-07-19 16:59:40 - [MESSAGE][PASSED] - Object: 'Object Repository/Reto_spy_web/Page_MacBook/img' is clicked on

2021-07-19 16:59:40 - [TEST_STEP][PASSED] - click(findTestObject("Reto_spy_web/Page_MacBook/button_")): Object: 'Object Repository/Reto_spy_web/Page_MacBook/button_' is clicked on

2021-07-19 16:59:40 - [MESSAGE][PASSED] - Object: 'Object Repository/Reto_spy_web/Page_MacBook/button_' is clicked on

2021-07-19 16:59:40 - [TEST_STEP][PASSED] - setText(findTestObject("Reto_spy_web/Page_MacBook/input_Qty_quantity"), "2"): Text '2' is set on object 'Object Repository/Reto_spy_web/Page_MacBook/input_Qty_quantity'

2021-07-19 16:59:41 - [MESSAGE][PASSED] - Text '2' is set on object 'Object Repository/Reto_spy_web/Page_MacBook/input_Qty_quantity'

2021-07-19 16:59:41 - [TEST_STEP][PASSED] - click(findTestObject("Reto_spy_web/Page_MacBook/button_Add to Cart")): Object: 'Object Repository/Reto_spy_web/Page_MacBook/button_Add to Cart' is clicked on

2021-07-19 16:59:42 - [MESSAGE][PASSED] - Object: 'Object Repository/Reto_spy_web/Page_MacBook/button_Add to Cart' is clicked on

2021-07-19 16:59:42 - [TEST_STEP][PASSED] - click(findTestObject("Reto_spy_web/Page_MacBook/button_3 item(s) - 1,806.00")): Object: 'Object Repository/Reto_spy_web/Page_MacBook/button_3 item(s) - 1,806.00' is clicked on

2021-07-19 16:59:43 - [MESSAGE][PASSED] - Object: 'Object Repository/Reto_spy_web/Page_MacBook/button_3 item(s) - 1,806.00' is clicked on

2021-07-19 16:59:43 - [TEST_STEP][PASSED] - click(findTestObject("Reto_spy_web/Page_MacBook/strong_View Cart")): Object: 'Object Repository/Reto_spy_web/Page_MacBook/strong_View Cart' is clicked on

2021-07-19 16:59:44 - [MESSAGE][PASSED] - Object: 'Object Repository/Reto_spy_web/Page_MacBook/strong_View Cart' is clicked on

2021-07-19 16:59:44 - [TEST_STEP][PASSED] - scrollToPosition(0, 250): Browser is scrolled to position x = 0, y = 250

2021-07-19 16:59:44 - [MESSAGE][PASSED] - Browser is scrolled to position x = 0, y = 250

2021-07-19 16:59:44 - [TEST_STEP][PASSED] - click(findTestObject("Reto_spy_web/Page_Shopping Cart/a_Checkout")): Object: 'Object Repository/Reto_spy_web/Page_Shopping Cart/a_Checkout' is clicked on

2021-07-19 16:59:45 - [MESSAGE][PASSED] - Object: 'Object Repository/Reto_spy_web/Page_Shopping Cart/a_Checkout' is clicked on

2021-07-19 16:59:45 - [TEST_STEP][PASSED] - closeBrowser(): Browser is closed

2021-07-19 16:59:46 - [MESSAGE][PASSED] - Browser is closed]]></system-out>
         <system-err><![CDATA[]]></system-err>
      </testcase>
      <testcase name="Test Cases/Reto_uno/Reto_uno" time="14.202" classname="Test Cases/Reto_uno/Reto_uno" status="PASSED">
         <system-out><![CDATA[2021-07-19 16:59:46 - [TEST_CASE][PASSED] - Test Cases/Reto_uno/Reto_uno: Test Cases/Reto_uno/Reto_uno

2021-07-19 16:59:47 - [TEST_STEP][PASSED] - openBrowser(""): Browser is opened with url: ''

2021-07-19 16:59:47 - [MESSAGE][INFO] - Starting 'Firefox' driver

2021-07-19 16:59:47 - [MESSAGE][INFO] - Action delay is set to 0 milliseconds

2021-07-19 16:59:52 - [MESSAGE][PASSED] - Browser is opened with url: ''

2021-07-19 16:59:52 - [TEST_STEP][PASSED] - navigateToUrl("https://demoqa.com/"): Navigate to 'https://demoqa.com/' successfully

2021-07-19 16:59:55 - [MESSAGE][PASSED] - Navigate to 'https://demoqa.com/' successfully

2021-07-19 16:59:55 - [TEST_STEP][PASSED] - maximizeWindow(): Current window maximized

2021-07-19 16:59:55 - [MESSAGE][PASSED] - Current window maximized

2021-07-19 16:59:55 - [TEST_STEP][PASSED] - click(findTestObject("Object Repository/Reto_uno/Page_ToolsQA/div_Elements_card-up")): Object: 'Object Repository/Reto_uno/Page_ToolsQA/div_Elements_card-up' is clicked on

2021-07-19 16:59:56 - [MESSAGE][PASSED] - Object: 'Object Repository/Reto_uno/Page_ToolsQA/div_Elements_card-up' is clicked on

2021-07-19 16:59:56 - [TEST_STEP][PASSED] - click(findTestObject("Object Repository/Reto_uno/Page_ToolsQA/span_Check Box")): Object: 'Object Repository/Reto_uno/Page_ToolsQA/span_Check Box' is clicked on

2021-07-19 16:59:57 - [MESSAGE][PASSED] - Object: 'Object Repository/Reto_uno/Page_ToolsQA/span_Check Box' is clicked on

2021-07-19 16:59:57 - [TEST_STEP][PASSED] - click(findTestObject("Object Repository/Reto_uno/Page_ToolsQA/svg_Book Store API_rct-icon rct-icon-uncheck")): Object: 'Object Repository/Reto_uno/Page_ToolsQA/svg_Book Store API_rct-icon rct-icon-uncheck' is clicked on

2021-07-19 16:59:57 - [MESSAGE][PASSED] - Object: 'Object Repository/Reto_uno/Page_ToolsQA/svg_Book Store API_rct-icon rct-icon-uncheck' is clicked on

2021-07-19 16:59:57 - [TEST_STEP][PASSED] - click(findTestObject("Object Repository/Reto_uno/Page_ToolsQA/svg_Book Store API_rct-icon rct-icon-expand-close")): Object: 'Object Repository/Reto_uno/Page_ToolsQA/svg_Book Store API_rct-icon rct-icon-expand-close' is clicked on

2021-07-19 16:59:58 - [MESSAGE][PASSED] - Object: 'Object Repository/Reto_uno/Page_ToolsQA/svg_Book Store API_rct-icon rct-icon-expand-close' is clicked on

2021-07-19 16:59:58 - [TEST_STEP][PASSED] - click(findTestObject("Object Repository/Reto_uno/Page_ToolsQA/span_Radio Button")): Object: 'Object Repository/Reto_uno/Page_ToolsQA/span_Radio Button' is clicked on

2021-07-19 16:59:59 - [MESSAGE][PASSED] - Object: 'Object Repository/Reto_uno/Page_ToolsQA/span_Radio Button' is clicked on

2021-07-19 16:59:59 - [TEST_STEP][PASSED] - click(findTestObject("Object Repository/Reto_uno/Page_ToolsQA/label_Yes")): Object: 'Object Repository/Reto_uno/Page_ToolsQA/label_Yes' is clicked on

2021-07-19 16:59:59 - [MESSAGE][PASSED] - Object: 'Object Repository/Reto_uno/Page_ToolsQA/label_Yes' is clicked on

2021-07-19 16:59:59 - [TEST_STEP][PASSED] - click(findTestObject("Object Repository/Reto_uno/Page_ToolsQA/label_Impressive")): Object: 'Object Repository/Reto_uno/Page_ToolsQA/label_Impressive' is clicked on

2021-07-19 17:00:00 - [MESSAGE][PASSED] - Object: 'Object Repository/Reto_uno/Page_ToolsQA/label_Impressive' is clicked on

2021-07-19 17:00:00 - [TEST_STEP][PASSED] - click(findTestObject("Object Repository/Reto_uno/Page_ToolsQA/div_Radio Button")): Object: 'Object Repository/Reto_uno/Page_ToolsQA/div_Radio Button' is clicked on

2021-07-19 17:00:00 - [MESSAGE][PASSED] - Object: 'Object Repository/Reto_uno/Page_ToolsQA/div_Radio Button' is clicked on

2021-07-19 17:00:00 - [TEST_STEP][PASSED] - verifyElementVisible(findTestObject("Reto_uno/Page_ToolsQA/div_Radio Button")): Object 'Object Repository/Reto_uno/Page_ToolsQA/div_Radio Button' is visible

2021-07-19 17:00:00 - [MESSAGE][PASSED] - Object 'Object Repository/Reto_uno/Page_ToolsQA/div_Radio Button' is visible

2021-07-19 17:00:00 - [TEST_STEP][PASSED] - verifyElementText(findTestObject("Reto_uno/Page_ToolsQA/div_Radio Button"), "Radio Button"): Actual text and expected text of test object 'Object Repository/Reto_uno/Page_ToolsQA/div_Radio Button' are matched.

2021-07-19 17:00:01 - [MESSAGE][PASSED] - Actual text and expected text of test object 'Object Repository/Reto_uno/Page_ToolsQA/div_Radio Button' are matched.]]></system-out>
         <system-err><![CDATA[]]></system-err>
      </testcase>
      <system-out><![CDATA[2021-07-19 16:57:52 - [TEST_SUITE][PASSED] - Test_suite_4: Test Cases/Reto_uno/Reto_uno]]></system-out>
      <system-err><![CDATA[]]></system-err>
   </testsuite>
</testsuites>
