<?xml version="1.0" encoding="UTF-8"?>
<testsuites name="testCLoud" time="472.908" tests="34" failures="0" errors="0">
   <testsuite name="testCLoud" tests="34" failures="0" errors="0" time="472.908" skipped="0" timestamp="2022-11-30 09:22:21" hostname="admin - 192.168.0.13" id="Test Suites/testCLoud">
      <properties>
         <property name="deviceName" value=""/>
         <property name="devicePlatform" value=""/>
         <property name="logFolder" value="C:\\Users\\admin\\git\\KatalonCertificacion\\Reports\\20221130_092157\\testCLoud\\20221130_092158"/>
         <property name="logFiles" value="C:\\Users\\admin\\git\\KatalonCertificacion\\Reports\\20221130_092157\\testCLoud\\20221130_092158\\execution0.log"/>
         <property name="attachments" value=""/>
         <property name="hostName" value="admin - 192.168.0.13"/>
         <property name="os" value="Windows 10 64bit"/>
         <property name="katalonVersion" value="8.5.2.208"/>
         <property name="browser" value="Chrome 107.0.0.0"/>
         <property name="hostAddress" value="192.168.0.13"/>
         <property name="sessionId" value="a95185d52126f7e1be3236ec3880ece5"/>
         <property name="seleniumVersion" value="3.141.59"/>
         <property name="proxyInformation" value="ProxyInformation { proxyOption=NO_PROXY, proxyServerType=HTTP, username=, password=********, proxyServerAddress=, proxyServerPort=0, executionList=&quot;&quot;, isApplyToDesiredCapabilities=true }"/>
         <property name="platform" value="Windows 10"/>
      </properties>
      <testcase name="Test Cases/Navegador/Navegador" time="16.535" classname="Test Cases/Navegador/Navegador" status="PASSED">
         <system-out><![CDATA[2022-11-30 09:22:22 - [TEST_CASE][PASSED] - Test Cases/Navegador/Navegador: Test Cases/Navegador/Navegador

2022-11-30 09:22:23 - [TEST_STEP][PASSED] - openBrowser("https://demoqa.com/text-box"): Browser is opened with url: 'https://demoqa.com/text-box'

2022-11-30 09:22:23 - [MESSAGE][INFO] - Starting 'Chrome' driver

2022-11-30 09:22:23 - [MESSAGE][INFO] - Action delay is set to 0 milliseconds

2022-11-30 09:22:37 - [MESSAGE][PASSED] - Browser is opened with url: 'https://demoqa.com/text-box'

2022-11-30 09:22:37 - [TEST_STEP][PASSED] - maximizeWindow(): Current window maximized

2022-11-30 09:22:37 - [MESSAGE][PASSED] - Current window maximized

2022-11-30 09:22:37 - [TEST_STEP][PASSED] - page_url = getUrl(): Current window's url is: 'https://demoqa.com/text-box'

2022-11-30 09:22:37 - [MESSAGE][PASSED] - Current window's url is: 'https://demoqa.com/text-box'

2022-11-30 09:22:37 - [TEST_STEP][PASSED] - print(page_url): null

2022-11-30 09:22:37 - [TEST_STEP][PASSED] - Titulo = getWindowTitle(): Current window's title is: 'ToolsQA'

2022-11-30 09:22:38 - [MESSAGE][PASSED] - Current window's title is: 'ToolsQA'

2022-11-30 09:22:38 - [TEST_STEP][PASSED] - print("titiulo de la pagina" + Titulo): null

2022-11-30 09:22:38 - [TEST_STEP][PASSED] - closeBrowser(): Browser is closed

2022-11-30 09:22:39 - [MESSAGE][PASSED] - Browser is closed]]></system-out>
         <system-err><![CDATA[]]></system-err>
      </testcase>
      <testcase name="Test Cases/Objecto_xpath/Caso_xpath" time="16.207" classname="Test Cases/Objecto_xpath/Caso_xpath" status="PASSED">
         <system-out><![CDATA[2022-11-30 09:22:39 - [TEST_CASE][PASSED] - Test Cases/Objecto_xpath/Caso_xpath: Test Cases/Objecto_xpath/Caso_xpath

2022-11-30 09:22:39 - [TEST_STEP][PASSED] - openBrowser(""): Browser is opened with url: ''

2022-11-30 09:22:39 - [MESSAGE][INFO] - Starting 'Chrome' driver

2022-11-30 09:22:39 - [MESSAGE][INFO] - Action delay is set to 0 milliseconds

2022-11-30 09:22:41 - [MESSAGE][PASSED] - Browser is opened with url: ''

2022-11-30 09:22:41 - [TEST_STEP][PASSED] - navigateToUrl("https://demoqa.com/text-box"): Navigate to 'https://demoqa.com/text-box' successfully

2022-11-30 09:22:49 - [MESSAGE][PASSED] - Navigate to 'https://demoqa.com/text-box' successfully

2022-11-30 09:22:49 - [TEST_STEP][PASSED] - maximizeWindow(): Current window maximized

2022-11-30 09:22:49 - [MESSAGE][PASSED] - Current window maximized

2022-11-30 09:22:49 - [TEST_STEP][PASSED] - setText(findTestObject("Objeto_xpath/Campo_nombre"), "Ljubo"): Text 'Ljubo' is set on object 'Object Repository/Objeto_xpath/Campo_nombre'

2022-11-30 09:22:51 - [MESSAGE][PASSED] - Text 'Ljubo' is set on object 'Object Repository/Objeto_xpath/Campo_nombre'

2022-11-30 09:22:51 - [TEST_STEP][PASSED] - delay(3): Delayed 3 second(s)

2022-11-30 09:22:54 - [MESSAGE][PASSED] - Delayed 3 second(s)

2022-11-30 09:22:54 - [TEST_STEP][PASSED] - closeBrowser(): Browser is closed

2022-11-30 09:22:55 - [MESSAGE][PASSED] - Browser is closed]]></system-out>
         <system-err><![CDATA[]]></system-err>
      </testcase>
      <testcase name="Test Cases/Condicionales_If/Condicionar_titulo" time="26.916" classname="Test Cases/Condicionales_If/Condicionar_titulo" status="PASSED">
         <system-out><![CDATA[2022-11-30 09:22:55 - [TEST_CASE][PASSED] - Test Cases/Condicionales_If/Condicionar_titulo: Test Cases/Condicionales_If/Condicionar_titulo

2022-11-30 09:22:56 - [TEST_STEP][PASSED] - openBrowser(""): Browser is opened with url: ''

2022-11-30 09:22:56 - [MESSAGE][INFO] - Starting 'Chrome' driver

2022-11-30 09:22:56 - [MESSAGE][INFO] - Action delay is set to 0 milliseconds

2022-11-30 09:22:57 - [MESSAGE][PASSED] - Browser is opened with url: ''

2022-11-30 09:22:57 - [TEST_STEP][PASSED] - navigateToUrl("https://demoqa.com/"): Navigate to 'https://demoqa.com/' successfully

2022-11-30 09:23:07 - [MESSAGE][PASSED] - Navigate to 'https://demoqa.com/' successfully

2022-11-30 09:23:07 - [TEST_STEP][PASSED] - maximizeWindow(): Current window maximized

2022-11-30 09:23:07 - [MESSAGE][PASSED] - Current window maximized

2022-11-30 09:23:07 - [TEST_STEP][PASSED] - waitForPageLoad(5): Wait for page load successfully

2022-11-30 09:23:07 - [MESSAGE][PASSED] - Wait for page load successfully

2022-11-30 09:23:07 - [TEST_STEP][PASSED] - Existe = waitForElementVisible(findTestObject("Condicionales/Texto_radio"), 3): Web element with id: 'Object Repository/Condicionales/Texto_radio' located by '//div[@class='main-header'][contains(.,'Radio Button')]' not found

2022-11-30 09:23:12 - [MESSAGE][INFO] - Unable to find the element located by 'By.xpath: //div[@class='main-header'][contains(.,'Radio Button')]'. Please recheck the objects properties to make sure the desired element is located. 

2022-11-30 09:23:12 - [MESSAGE][WARNING] - [SELF-HEALING] Failed to find element with id 'Object Repository/Condicionales/Texto_radio'. Try using Self-healing.

2022-11-30 09:23:13 - [MESSAGE][INFO] - [SELF-HEALING] No working XPath is found.

2022-11-30 09:23:14 - [MESSAGE][INFO] - Unable to find the element located by 'By.xpath: '. Please recheck the objects properties to make sure the desired element is located. 

2022-11-30 09:23:14 - [MESSAGE][WARNING] - [SELF-HEALING] Cannot find elements when the selector is null

2022-11-30 09:23:14 - [MESSAGE][WARNING] - Web element with id: 'Object Repository/Condicionales/Texto_radio' located by '//div[@class='main-header'][contains(.,'Radio Button')]' not found

2022-11-30 09:23:14 - [TEST_STEP][PASSED] - print(Existe): null

2022-11-30 09:23:14 - [TEST_STEP][PASSED] - if (Existe == true): null

2022-11-30 09:23:14 - [TEST_STEP][PASSED] - else: Browser is closed

2022-11-30 09:23:14 - [TEST_STEP][PASSED] - print("-----  Error no esta el elemento de texto radio ------"): null

2022-11-30 09:23:14 - [TEST_STEP][PASSED] - navigateToUrl("https://demoqa.com/radio-button"): Navigate to 'https://demoqa.com/radio-button' successfully

2022-11-30 09:23:17 - [MESSAGE][PASSED] - Navigate to 'https://demoqa.com/radio-button' successfully

2022-11-30 09:23:17 - [TEST_STEP][PASSED] - click(findTestObject("Condicionales/Objeto_yes")): Object: 'Object Repository/Condicionales/Objeto_yes' is clicked on

2022-11-30 09:23:19 - [MESSAGE][PASSED] - Object: 'Object Repository/Condicionales/Objeto_yes' is clicked on

2022-11-30 09:23:19 - [TEST_STEP][PASSED] - delay(2): Delayed 2 second(s)

2022-11-30 09:23:21 - [MESSAGE][PASSED] - Delayed 2 second(s)

2022-11-30 09:23:21 - [TEST_STEP][PASSED] - closeBrowser(): Browser is closed

2022-11-30 09:23:22 - [MESSAGE][PASSED] - Browser is closed]]></system-out>
         <system-err><![CDATA[]]></system-err>
      </testcase>
      <testcase name="Test Cases/Condicionales_If/Test_1" time="0.603" classname="Test Cases/Condicionales_If/Test_1" status="PASSED">
         <system-out><![CDATA[2022-11-30 09:23:22 - [TEST_CASE][PASSED] - Test Cases/Condicionales_If/Test_1: Test Cases/Condicionales_If/Test_1

2022-11-30 09:23:22 - [TEST_STEP][PASSED] - if (num == 10): null

2022-11-30 09:23:22 - [TEST_STEP][PASSED] - else: null

2022-11-30 09:23:22 - [TEST_STEP][PASSED] - print("El numero no es un 10 es el numero:  " + num + "#####"): null]]></system-out>
         <system-err><![CDATA[]]></system-err>
      </testcase>
      <testcase name="Test Cases/Condicionales_If/Test_2" time="0.477" classname="Test Cases/Condicionales_If/Test_2" status="PASSED">
         <system-out><![CDATA[2022-11-30 09:23:22 - [TEST_CASE][PASSED] - Test Cases/Condicionales_If/Test_2: Test Cases/Condicionales_If/Test_2

2022-11-30 09:23:23 - [TEST_STEP][PASSED] - if (num == 5): null

2022-11-30 09:23:23 - [TEST_STEP][PASSED] - if (num == 10): null

2022-11-30 09:23:23 - [TEST_STEP][PASSED] - println("El valor de la variables es un: 10"): null]]></system-out>
         <system-err><![CDATA[]]></system-err>
      </testcase>
      <testcase name="Test Cases/Condicionales_If/Test_3" time="0.462" classname="Test Cases/Condicionales_If/Test_3" status="PASSED">
         <system-out><![CDATA[2022-11-30 09:23:23 - [TEST_CASE][PASSED] - Test Cases/Condicionales_If/Test_3: Test Cases/Condicionales_If/Test_3

2022-11-30 09:23:23 - [TEST_STEP][PASSED] - if (nombre == "Juan"): null

2022-11-30 09:23:23 - [TEST_STEP][PASSED] - if (nombre == "JUan"): null

2022-11-30 09:23:23 - [TEST_STEP][PASSED] - if (nombre == "juan"): null

2022-11-30 09:23:23 - [TEST_STEP][PASSED] - println("Tu nombre es juan"): null]]></system-out>
         <system-err><![CDATA[]]></system-err>
      </testcase>
      <testcase name="Test Cases/Condicionales_If/Test_4" time="0.477" classname="Test Cases/Condicionales_If/Test_4" status="PASSED">
         <system-out><![CDATA[2022-11-30 09:23:23 - [TEST_CASE][PASSED] - Test Cases/Condicionales_If/Test_4: Test Cases/Condicionales_If/Test_4

2022-11-30 09:23:24 - [TEST_STEP][PASSED] - if (num <= 7): null

2022-11-30 09:23:24 - [TEST_STEP][PASSED] - println("El numero es menor ó igual que 5"): null

2022-11-30 09:23:24 - [TEST_STEP][PASSED] - if (num >= 8): null

2022-11-30 09:23:24 - [TEST_STEP][PASSED] - if (num != 5): null]]></system-out>
         <system-err><![CDATA[]]></system-err>
      </testcase>
      <testcase name="Test Cases/Condicionales_If/Test_edad" time="0.465" classname="Test Cases/Condicionales_If/Test_edad" status="PASSED">
         <system-out><![CDATA[2022-11-30 09:23:24 - [TEST_CASE][PASSED] - Test Cases/Condicionales_If/Test_edad: Test Cases/Condicionales_If/Test_edad

2022-11-30 09:23:24 - [TEST_STEP][PASSED] - if (edad >= 1 && edad <= 17): null

2022-11-30 09:23:24 - [TEST_STEP][PASSED] - else if (edad == 18): null

2022-11-30 09:23:24 - [TEST_STEP][PASSED] - else if (edad <= 0): null

2022-11-30 09:23:24 - [TEST_STEP][PASSED] - else if (edad == 120): null

2022-11-30 09:23:24 - [TEST_STEP][PASSED] - else: null

2022-11-30 09:23:24 - [TEST_STEP][PASSED] - print("No se cumple ninguna de las opciones"): null]]></system-out>
         <system-err><![CDATA[]]></system-err>
      </testcase>
      <testcase name="Test Cases/Condicionales_If/Test_valor" time="20.541" classname="Test Cases/Condicionales_If/Test_valor" status="PASSED">
         <system-out><![CDATA[2022-11-30 09:23:24 - [TEST_CASE][PASSED] - Test Cases/Condicionales_If/Test_valor: Test Cases/Condicionales_If/Test_valor

2022-11-30 09:23:25 - [TEST_STEP][PASSED] - openBrowser(""): Browser is opened with url: ''

2022-11-30 09:23:25 - [MESSAGE][INFO] - Starting 'Chrome' driver

2022-11-30 09:23:25 - [MESSAGE][INFO] - Action delay is set to 0 milliseconds

2022-11-30 09:23:26 - [MESSAGE][PASSED] - Browser is opened with url: ''

2022-11-30 09:23:26 - [TEST_STEP][PASSED] - navigateToUrl("https://demoqa.com/"): Navigate to 'https://demoqa.com/' successfully

2022-11-30 09:23:36 - [MESSAGE][PASSED] - Navigate to 'https://demoqa.com/' successfully

2022-11-30 09:23:36 - [TEST_STEP][PASSED] - maximizeWindow(): Current window maximized

2022-11-30 09:23:36 - [MESSAGE][PASSED] - Current window maximized

2022-11-30 09:23:36 - [TEST_STEP][PASSED] - waitForPageLoad(10): Wait for page load successfully

2022-11-30 09:23:36 - [MESSAGE][PASSED] - Wait for page load successfully

2022-11-30 09:23:36 - [TEST_STEP][PASSED] - Existe = waitForElementVisible(findTestObject("Condicionales/titulo1"), 5): Web element with id: 'Object Repository/Condicionales/titulo1' located by '//div[@class='main-header'][contains(.,'Radio Button')]' not found

2022-11-30 09:23:42 - [MESSAGE][INFO] - Unable to find the element located by 'By.xpath: //div[@class='main-header'][contains(.,'Radio Button')]'. Please recheck the objects properties to make sure the desired element is located. 

2022-11-30 09:23:42 - [MESSAGE][WARNING] - [SELF-HEALING] Failed to find element with id 'Object Repository/Condicionales/titulo1'. Try using Self-healing.

2022-11-30 09:23:43 - [MESSAGE][INFO] - [SELF-HEALING] No working XPath is found.

2022-11-30 09:23:44 - [MESSAGE][INFO] - Unable to find the element located by 'By.xpath: '. Please recheck the objects properties to make sure the desired element is located. 

2022-11-30 09:23:44 - [MESSAGE][WARNING] - [SELF-HEALING] Cannot find elements when the selector is null

2022-11-30 09:23:44 - [MESSAGE][WARNING] - Web element with id: 'Object Repository/Condicionales/titulo1' located by '//div[@class='main-header'][contains(.,'Radio Button')]' not found

2022-11-30 09:23:44 - [TEST_STEP][PASSED] - if (Existe == true): null

2022-11-30 09:23:44 - [TEST_STEP][PASSED] - else: Browser is closed

2022-11-30 09:23:44 - [TEST_STEP][PASSED] - print("No estas en la página correcta"): null

2022-11-30 09:23:44 - [TEST_STEP][PASSED] - closeBrowser(): Browser is closed

2022-11-30 09:23:45 - [MESSAGE][PASSED] - Browser is closed]]></system-out>
         <system-err><![CDATA[]]></system-err>
      </testcase>
      <testcase name="Test Cases/BUCLES/Reto_For" time="29.335" classname="Test Cases/BUCLES/Reto_For" status="PASSED">
         <system-out><![CDATA[2022-11-30 09:23:45 - [TEST_CASE][PASSED] - Test Cases/BUCLES/Reto_For: Test Cases/BUCLES/Reto_For

2022-11-30 09:23:45 - [TEST_STEP][PASSED] - openBrowser(""): Browser is opened with url: ''

2022-11-30 09:23:45 - [MESSAGE][INFO] - Starting 'Chrome' driver

2022-11-30 09:23:45 - [MESSAGE][INFO] - Action delay is set to 0 milliseconds

2022-11-30 09:23:47 - [MESSAGE][PASSED] - Browser is opened with url: ''

2022-11-30 09:23:47 - [TEST_STEP][PASSED] - navigateToUrl("https://demoqa.com/text-box"): Navigate to 'https://demoqa.com/text-box' successfully

2022-11-30 09:23:56 - [MESSAGE][PASSED] - Navigate to 'https://demoqa.com/text-box' successfully

2022-11-30 09:23:56 - [TEST_STEP][PASSED] - maximizeWindow(): Current window maximized

2022-11-30 09:23:56 - [MESSAGE][PASSED] - Current window maximized

2022-11-30 09:23:56 - [TEST_STEP][PASSED] - waitForPageLoad(5): Wait for page load successfully

2022-11-30 09:23:56 - [MESSAGE][PASSED] - Wait for page load successfully

2022-11-30 09:23:56 - [TEST_STEP][PASSED] - for ([x = 1, x <= 4, (x++)]): Browser is scrolled to position x = 0, y = 100

2022-11-30 09:23:56 - [TEST_STEP][PASSED] - z = ["Carlos", "Erika", "Paco", "Rodrigo", "Juan"]: null

2022-11-30 09:23:56 - [TEST_STEP][PASSED] - rn = new java.util.Random(): null

2022-11-30 09:23:56 - [TEST_STEP][PASSED] - tx_nombre = z[rn.nextInt(size)]: null

2022-11-30 09:23:56 - [TEST_STEP][PASSED] - setText(findTestObject("Object Repository/Reto_for/Page_ToolsQA/input_Full Name_userName"), tx_nombre): Text 'Juan' is set on object 'Object Repository/Reto_for/Page_ToolsQA/input_Full Name_userName'

2022-11-30 09:23:58 - [MESSAGE][PASSED] - Text 'Juan' is set on object 'Object Repository/Reto_for/Page_ToolsQA/input_Full Name_userName'

2022-11-30 09:23:58 - [TEST_STEP][PASSED] - setText(findTestObject("Object Repository/Reto_for/Page_ToolsQA/input_Email_userEmail"), tx_nombre + "@gmail.com"): Text 'Juan@gmail.com' is set on object 'Object Repository/Reto_for/Page_ToolsQA/input_Email_userEmail'

2022-11-30 09:23:59 - [MESSAGE][PASSED] - Text 'Juan@gmail.com' is set on object 'Object Repository/Reto_for/Page_ToolsQA/input_Email_userEmail'

2022-11-30 09:23:59 - [TEST_STEP][PASSED] - setText(findTestObject("Object Repository/Reto_for/Page_ToolsQA/textarea_Current Address_currentAddress"), "Dirección#" + x): Text 'Dirección#1' is set on object 'Object Repository/Reto_for/Page_ToolsQA/textarea_Current Address_currentAddress'

2022-11-30 09:24:00 - [MESSAGE][PASSED] - Text 'Dirección#1' is set on object 'Object Repository/Reto_for/Page_ToolsQA/textarea_Current Address_currentAddress'

2022-11-30 09:24:00 - [TEST_STEP][PASSED] - setText(findTestObject("Object Repository/Reto_for/Page_ToolsQA/textarea_Permanent Address_permanentAddress"), "Dirección dos#" + x): Text 'Dirección dos#1' is set on object 'Object Repository/Reto_for/Page_ToolsQA/textarea_Permanent Address_permanentAddress'

2022-11-30 09:24:01 - [MESSAGE][PASSED] - Text 'Dirección dos#1' is set on object 'Object Repository/Reto_for/Page_ToolsQA/textarea_Permanent Address_permanentAddress'

2022-11-30 09:24:01 - [TEST_STEP][PASSED] - scrollToPosition(0, 500): Browser is scrolled to position x = 0, y = 500

2022-11-30 09:24:01 - [MESSAGE][PASSED] - Browser is scrolled to position x = 0, y = 500

2022-11-30 09:24:01 - [TEST_STEP][PASSED] - click(findTestObject("Object Repository/Reto_for/Page_ToolsQA/button_Submit")): Object: 'Object Repository/Reto_for/Page_ToolsQA/button_Submit' is clicked on

2022-11-30 09:24:01 - [MESSAGE][PASSED] - Object: 'Object Repository/Reto_for/Page_ToolsQA/button_Submit' is clicked on

2022-11-30 09:24:01 - [TEST_STEP][PASSED] - scrollToPosition(0, 100): Browser is scrolled to position x = 0, y = 100

2022-11-30 09:24:01 - [MESSAGE][PASSED] - Browser is scrolled to position x = 0, y = 100

2022-11-30 09:24:01 - [TEST_STEP][PASSED] - z = ["Carlos", "Erika", "Paco", "Rodrigo", "Juan"]: null

2022-11-30 09:24:01 - [TEST_STEP][PASSED] - rn = new java.util.Random(): null

2022-11-30 09:24:01 - [TEST_STEP][PASSED] - tx_nombre = z[rn.nextInt(size)]: null

2022-11-30 09:24:01 - [TEST_STEP][PASSED] - setText(findTestObject("Object Repository/Reto_for/Page_ToolsQA/input_Full Name_userName"), tx_nombre): Text 'Paco' is set on object 'Object Repository/Reto_for/Page_ToolsQA/input_Full Name_userName'

2022-11-30 09:24:02 - [MESSAGE][PASSED] - Text 'Paco' is set on object 'Object Repository/Reto_for/Page_ToolsQA/input_Full Name_userName'

2022-11-30 09:24:02 - [TEST_STEP][PASSED] - setText(findTestObject("Object Repository/Reto_for/Page_ToolsQA/input_Email_userEmail"), tx_nombre + "@gmail.com"): Text 'Paco@gmail.com' is set on object 'Object Repository/Reto_for/Page_ToolsQA/input_Email_userEmail'

2022-11-30 09:24:03 - [MESSAGE][PASSED] - Text 'Paco@gmail.com' is set on object 'Object Repository/Reto_for/Page_ToolsQA/input_Email_userEmail'

2022-11-30 09:24:03 - [TEST_STEP][PASSED] - setText(findTestObject("Object Repository/Reto_for/Page_ToolsQA/textarea_Current Address_currentAddress"), "Dirección#" + x): Text 'Dirección#2' is set on object 'Object Repository/Reto_for/Page_ToolsQA/textarea_Current Address_currentAddress'

2022-11-30 09:24:04 - [MESSAGE][PASSED] - Text 'Dirección#2' is set on object 'Object Repository/Reto_for/Page_ToolsQA/textarea_Current Address_currentAddress'

2022-11-30 09:24:04 - [TEST_STEP][PASSED] - setText(findTestObject("Object Repository/Reto_for/Page_ToolsQA/textarea_Permanent Address_permanentAddress"), "Dirección dos#" + x): Text 'Dirección dos#2' is set on object 'Object Repository/Reto_for/Page_ToolsQA/textarea_Permanent Address_permanentAddress'

2022-11-30 09:24:05 - [MESSAGE][PASSED] - Text 'Dirección dos#2' is set on object 'Object Repository/Reto_for/Page_ToolsQA/textarea_Permanent Address_permanentAddress'

2022-11-30 09:24:05 - [TEST_STEP][PASSED] - scrollToPosition(0, 500): Browser is scrolled to position x = 0, y = 500

2022-11-30 09:24:05 - [MESSAGE][PASSED] - Browser is scrolled to position x = 0, y = 500

2022-11-30 09:24:05 - [TEST_STEP][PASSED] - click(findTestObject("Object Repository/Reto_for/Page_ToolsQA/button_Submit")): Object: 'Object Repository/Reto_for/Page_ToolsQA/button_Submit' is clicked on

2022-11-30 09:24:05 - [MESSAGE][PASSED] - Object: 'Object Repository/Reto_for/Page_ToolsQA/button_Submit' is clicked on

2022-11-30 09:24:05 - [TEST_STEP][PASSED] - scrollToPosition(0, 100): Browser is scrolled to position x = 0, y = 100

2022-11-30 09:24:05 - [MESSAGE][PASSED] - Browser is scrolled to position x = 0, y = 100

2022-11-30 09:24:05 - [TEST_STEP][PASSED] - z = ["Carlos", "Erika", "Paco", "Rodrigo", "Juan"]: null

2022-11-30 09:24:05 - [TEST_STEP][PASSED] - rn = new java.util.Random(): null

2022-11-30 09:24:05 - [TEST_STEP][PASSED] - tx_nombre = z[rn.nextInt(size)]: null

2022-11-30 09:24:05 - [TEST_STEP][PASSED] - setText(findTestObject("Object Repository/Reto_for/Page_ToolsQA/input_Full Name_userName"), tx_nombre): Text 'Rodrigo' is set on object 'Object Repository/Reto_for/Page_ToolsQA/input_Full Name_userName'

2022-11-30 09:24:06 - [MESSAGE][PASSED] - Text 'Rodrigo' is set on object 'Object Repository/Reto_for/Page_ToolsQA/input_Full Name_userName'

2022-11-30 09:24:06 - [TEST_STEP][PASSED] - setText(findTestObject("Object Repository/Reto_for/Page_ToolsQA/input_Email_userEmail"), tx_nombre + "@gmail.com"): Text 'Rodrigo@gmail.com' is set on object 'Object Repository/Reto_for/Page_ToolsQA/input_Email_userEmail'

2022-11-30 09:24:07 - [MESSAGE][PASSED] - Text 'Rodrigo@gmail.com' is set on object 'Object Repository/Reto_for/Page_ToolsQA/input_Email_userEmail'

2022-11-30 09:24:07 - [TEST_STEP][PASSED] - setText(findTestObject("Object Repository/Reto_for/Page_ToolsQA/textarea_Current Address_currentAddress"), "Dirección#" + x): Text 'Dirección#3' is set on object 'Object Repository/Reto_for/Page_ToolsQA/textarea_Current Address_currentAddress'

2022-11-30 09:24:08 - [MESSAGE][PASSED] - Text 'Dirección#3' is set on object 'Object Repository/Reto_for/Page_ToolsQA/textarea_Current Address_currentAddress'

2022-11-30 09:24:08 - [TEST_STEP][PASSED] - setText(findTestObject("Object Repository/Reto_for/Page_ToolsQA/textarea_Permanent Address_permanentAddress"), "Dirección dos#" + x): Text 'Dirección dos#3' is set on object 'Object Repository/Reto_for/Page_ToolsQA/textarea_Permanent Address_permanentAddress'

2022-11-30 09:24:08 - [MESSAGE][PASSED] - Text 'Dirección dos#3' is set on object 'Object Repository/Reto_for/Page_ToolsQA/textarea_Permanent Address_permanentAddress'

2022-11-30 09:24:08 - [TEST_STEP][PASSED] - scrollToPosition(0, 500): Browser is scrolled to position x = 0, y = 500

2022-11-30 09:24:08 - [MESSAGE][PASSED] - Browser is scrolled to position x = 0, y = 500

2022-11-30 09:24:08 - [TEST_STEP][PASSED] - click(findTestObject("Object Repository/Reto_for/Page_ToolsQA/button_Submit")): Object: 'Object Repository/Reto_for/Page_ToolsQA/button_Submit' is clicked on

2022-11-30 09:24:09 - [MESSAGE][PASSED] - Object: 'Object Repository/Reto_for/Page_ToolsQA/button_Submit' is clicked on

2022-11-30 09:24:09 - [TEST_STEP][PASSED] - scrollToPosition(0, 100): Browser is scrolled to position x = 0, y = 100

2022-11-30 09:24:09 - [MESSAGE][PASSED] - Browser is scrolled to position x = 0, y = 100

2022-11-30 09:24:09 - [TEST_STEP][PASSED] - z = ["Carlos", "Erika", "Paco", "Rodrigo", "Juan"]: null

2022-11-30 09:24:09 - [TEST_STEP][PASSED] - rn = new java.util.Random(): null

2022-11-30 09:24:09 - [TEST_STEP][PASSED] - tx_nombre = z[rn.nextInt(size)]: null

2022-11-30 09:24:09 - [TEST_STEP][PASSED] - setText(findTestObject("Object Repository/Reto_for/Page_ToolsQA/input_Full Name_userName"), tx_nombre): Text 'Rodrigo' is set on object 'Object Repository/Reto_for/Page_ToolsQA/input_Full Name_userName'

2022-11-30 09:24:10 - [MESSAGE][PASSED] - Text 'Rodrigo' is set on object 'Object Repository/Reto_for/Page_ToolsQA/input_Full Name_userName'

2022-11-30 09:24:10 - [TEST_STEP][PASSED] - setText(findTestObject("Object Repository/Reto_for/Page_ToolsQA/input_Email_userEmail"), tx_nombre + "@gmail.com"): Text 'Rodrigo@gmail.com' is set on object 'Object Repository/Reto_for/Page_ToolsQA/input_Email_userEmail'

2022-11-30 09:24:11 - [MESSAGE][PASSED] - Text 'Rodrigo@gmail.com' is set on object 'Object Repository/Reto_for/Page_ToolsQA/input_Email_userEmail'

2022-11-30 09:24:11 - [TEST_STEP][PASSED] - setText(findTestObject("Object Repository/Reto_for/Page_ToolsQA/textarea_Current Address_currentAddress"), "Dirección#" + x): Text 'Dirección#4' is set on object 'Object Repository/Reto_for/Page_ToolsQA/textarea_Current Address_currentAddress'

2022-11-30 09:24:12 - [MESSAGE][PASSED] - Text 'Dirección#4' is set on object 'Object Repository/Reto_for/Page_ToolsQA/textarea_Current Address_currentAddress'

2022-11-30 09:24:12 - [TEST_STEP][PASSED] - setText(findTestObject("Object Repository/Reto_for/Page_ToolsQA/textarea_Permanent Address_permanentAddress"), "Dirección dos#" + x): Text 'Dirección dos#4' is set on object 'Object Repository/Reto_for/Page_ToolsQA/textarea_Permanent Address_permanentAddress'

2022-11-30 09:24:13 - [MESSAGE][PASSED] - Text 'Dirección dos#4' is set on object 'Object Repository/Reto_for/Page_ToolsQA/textarea_Permanent Address_permanentAddress'

2022-11-30 09:24:13 - [TEST_STEP][PASSED] - scrollToPosition(0, 500): Browser is scrolled to position x = 0, y = 500

2022-11-30 09:24:13 - [MESSAGE][PASSED] - Browser is scrolled to position x = 0, y = 500

2022-11-30 09:24:13 - [TEST_STEP][PASSED] - click(findTestObject("Object Repository/Reto_for/Page_ToolsQA/button_Submit")): Object: 'Object Repository/Reto_for/Page_ToolsQA/button_Submit' is clicked on

2022-11-30 09:24:13 - [MESSAGE][PASSED] - Object: 'Object Repository/Reto_for/Page_ToolsQA/button_Submit' is clicked on

2022-11-30 09:24:13 - [TEST_STEP][PASSED] - scrollToPosition(0, 100): Browser is scrolled to position x = 0, y = 100

2022-11-30 09:24:13 - [MESSAGE][PASSED] - Browser is scrolled to position x = 0, y = 100

2022-11-30 09:24:13 - [TEST_STEP][PASSED] - closeBrowser(): Browser is closed

2022-11-30 09:24:14 - [MESSAGE][PASSED] - Browser is closed]]></system-out>
         <system-err><![CDATA[]]></system-err>
      </testcase>
      <testcase name="Test Cases/BUCLES/Reto_while" time="24.173" classname="Test Cases/BUCLES/Reto_while" status="PASSED">
         <system-out><![CDATA[2022-11-30 09:24:14 - [TEST_CASE][PASSED] - Test Cases/BUCLES/Reto_while: Test Cases/BUCLES/Reto_while

2022-11-30 09:24:15 - [TEST_STEP][PASSED] - openBrowser(""): Browser is opened with url: ''

2022-11-30 09:24:15 - [MESSAGE][INFO] - Starting 'Chrome' driver

2022-11-30 09:24:15 - [MESSAGE][INFO] - Action delay is set to 0 milliseconds

2022-11-30 09:24:16 - [MESSAGE][PASSED] - Browser is opened with url: ''

2022-11-30 09:24:16 - [TEST_STEP][PASSED] - navigateToUrl("https://www.google.com/"): Navigate to 'https://www.google.com/' successfully

2022-11-30 09:24:19 - [MESSAGE][PASSED] - Navigate to 'https://www.google.com/' successfully

2022-11-30 09:24:19 - [TEST_STEP][PASSED] - Bandera = 0: null

2022-11-30 09:24:19 - [TEST_STEP][PASSED] - while (Bandera != 1): null

2022-11-30 09:24:19 - [TEST_STEP][PASSED] - num = Math.random() * 5 - 1 + 1: null

2022-11-30 09:24:19 - [TEST_STEP][PASSED] - setText(findTestObject("Object Repository/While_google/Page_Google/input__q"), "5+" + num): Text '5+4' is set on object 'Object Repository/While_google/Page_Google/input__q'

2022-11-30 09:24:20 - [MESSAGE][PASSED] - Text '5+4' is set on object 'Object Repository/While_google/Page_Google/input__q'

2022-11-30 09:24:20 - [TEST_STEP][PASSED] - sendKeys(findTestObject("Object Repository/While_google/Page_Google/input__q"), Keys.chord(ENTER)): Keys 'ENTER + ' sent to object: 'Object Repository/While_google/Page_Google/input__q'

2022-11-30 09:24:21 - [MESSAGE][PASSED] - Keys 'ENTER + ' sent to object: 'Object Repository/While_google/Page_Google/input__q'

2022-11-30 09:24:21 - [TEST_STEP][PASSED] - Resultado = getText(findTestObject("While_google/Extras/Resultado_10")): Text of object 'Object Repository/While_google/Extras/Resultado_10' is: '9'

2022-11-30 09:24:23 - [MESSAGE][PASSED] - Text of object 'Object Repository/While_google/Extras/Resultado_10' is: '9'

2022-11-30 09:24:23 - [TEST_STEP][PASSED] - if (Resultado == "8"): null

2022-11-30 09:24:23 - [TEST_STEP][PASSED] - else: null

2022-11-30 09:24:23 - [TEST_STEP][PASSED] - Bandera = 0: null

2022-11-30 09:24:23 - [TEST_STEP][PASSED] - print(Bandera + "------"): null

2022-11-30 09:24:23 - [TEST_STEP][PASSED] - num = Math.random() * 5 - 1 + 1: null

2022-11-30 09:24:23 - [TEST_STEP][PASSED] - setText(findTestObject("Object Repository/While_google/Page_Google/input__q"), "5+" + num): Text '5+4' is set on object 'Object Repository/While_google/Page_Google/input__q'

2022-11-30 09:24:25 - [MESSAGE][PASSED] - Text '5+4' is set on object 'Object Repository/While_google/Page_Google/input__q'

2022-11-30 09:24:25 - [TEST_STEP][PASSED] - sendKeys(findTestObject("Object Repository/While_google/Page_Google/input__q"), Keys.chord(ENTER)): Keys 'ENTER + ' sent to object: 'Object Repository/While_google/Page_Google/input__q'

2022-11-30 09:24:27 - [MESSAGE][PASSED] - Keys 'ENTER + ' sent to object: 'Object Repository/While_google/Page_Google/input__q'

2022-11-30 09:24:27 - [TEST_STEP][PASSED] - Resultado = getText(findTestObject("While_google/Extras/Resultado_10")): Text of object 'Object Repository/While_google/Extras/Resultado_10' is: '9'

2022-11-30 09:24:28 - [MESSAGE][PASSED] - Text of object 'Object Repository/While_google/Extras/Resultado_10' is: '9'

2022-11-30 09:24:28 - [TEST_STEP][PASSED] - if (Resultado == "8"): null

2022-11-30 09:24:28 - [TEST_STEP][PASSED] - else: null

2022-11-30 09:24:28 - [TEST_STEP][PASSED] - Bandera = 0: null

2022-11-30 09:24:28 - [TEST_STEP][PASSED] - print(Bandera + "------"): null

2022-11-30 09:24:28 - [TEST_STEP][PASSED] - num = Math.random() * 5 - 1 + 1: null

2022-11-30 09:24:28 - [TEST_STEP][PASSED] - setText(findTestObject("Object Repository/While_google/Page_Google/input__q"), "5+" + num): Text '5+1' is set on object 'Object Repository/While_google/Page_Google/input__q'

2022-11-30 09:24:29 - [MESSAGE][PASSED] - Text '5+1' is set on object 'Object Repository/While_google/Page_Google/input__q'

2022-11-30 09:24:29 - [TEST_STEP][PASSED] - sendKeys(findTestObject("Object Repository/While_google/Page_Google/input__q"), Keys.chord(ENTER)): Keys 'ENTER + ' sent to object: 'Object Repository/While_google/Page_Google/input__q'

2022-11-30 09:24:30 - [MESSAGE][PASSED] - Keys 'ENTER + ' sent to object: 'Object Repository/While_google/Page_Google/input__q'

2022-11-30 09:24:30 - [TEST_STEP][PASSED] - Resultado = getText(findTestObject("While_google/Extras/Resultado_10")): Text of object 'Object Repository/While_google/Extras/Resultado_10' is: '6'

2022-11-30 09:24:32 - [MESSAGE][PASSED] - Text of object 'Object Repository/While_google/Extras/Resultado_10' is: '6'

2022-11-30 09:24:32 - [TEST_STEP][PASSED] - if (Resultado == "8"): null

2022-11-30 09:24:32 - [TEST_STEP][PASSED] - else: null

2022-11-30 09:24:32 - [TEST_STEP][PASSED] - Bandera = 0: null

2022-11-30 09:24:32 - [TEST_STEP][PASSED] - print(Bandera + "------"): null

2022-11-30 09:24:32 - [TEST_STEP][PASSED] - num = Math.random() * 5 - 1 + 1: null

2022-11-30 09:24:32 - [TEST_STEP][PASSED] - setText(findTestObject("Object Repository/While_google/Page_Google/input__q"), "5+" + num): Text '5+3' is set on object 'Object Repository/While_google/Page_Google/input__q'

2022-11-30 09:24:33 - [MESSAGE][PASSED] - Text '5+3' is set on object 'Object Repository/While_google/Page_Google/input__q'

2022-11-30 09:24:33 - [TEST_STEP][PASSED] - sendKeys(findTestObject("Object Repository/While_google/Page_Google/input__q"), Keys.chord(ENTER)): Keys 'ENTER + ' sent to object: 'Object Repository/While_google/Page_Google/input__q'

2022-11-30 09:24:37 - [MESSAGE][PASSED] - Keys 'ENTER + ' sent to object: 'Object Repository/While_google/Page_Google/input__q'

2022-11-30 09:24:37 - [TEST_STEP][PASSED] - Resultado = getText(findTestObject("While_google/Extras/Resultado_10")): Text of object 'Object Repository/While_google/Extras/Resultado_10' is: '8'

2022-11-30 09:24:38 - [MESSAGE][PASSED] - Text of object 'Object Repository/While_google/Extras/Resultado_10' is: '8'

2022-11-30 09:24:38 - [TEST_STEP][PASSED] - if (Resultado == "8"): Browser is closed

2022-11-30 09:24:38 - [TEST_STEP][PASSED] - Bandera = 1: null

2022-11-30 09:24:38 - [TEST_STEP][PASSED] - print("Listo termina"): null

2022-11-30 09:24:38 - [TEST_STEP][PASSED] - closeBrowser(): Browser is closed

2022-11-30 09:24:38 - [MESSAGE][PASSED] - Browser is closed

2022-11-30 09:24:38 - [TEST_STEP][PASSED] - print(Bandera + "------"): null]]></system-out>
         <system-err><![CDATA[]]></system-err>
      </testcase>
      <testcase name="Test Cases/BUCLES/Reto_while_solucion" time="36.271" classname="Test Cases/BUCLES/Reto_while_solucion" status="PASSED">
         <system-out><![CDATA[2022-11-30 09:24:38 - [TEST_CASE][PASSED] - Test Cases/BUCLES/Reto_while_solucion: Test Cases/BUCLES/Reto_while_solucion

2022-11-30 09:24:39 - [TEST_STEP][PASSED] - openBrowser(""): Browser is opened with url: ''

2022-11-30 09:24:39 - [MESSAGE][INFO] - Starting 'Chrome' driver

2022-11-30 09:24:39 - [MESSAGE][INFO] - Action delay is set to 0 milliseconds

2022-11-30 09:24:41 - [MESSAGE][PASSED] - Browser is opened with url: ''

2022-11-30 09:24:41 - [TEST_STEP][PASSED] - navigateToUrl("https://www.google.com/"): Navigate to 'https://www.google.com/' successfully

2022-11-30 09:24:43 - [MESSAGE][PASSED] - Navigate to 'https://www.google.com/' successfully

2022-11-30 09:24:43 - [TEST_STEP][PASSED] - Res = 0: null

2022-11-30 09:24:43 - [TEST_STEP][PASSED] - while (Res != 8): Browser is closed

2022-11-30 09:24:43 - [TEST_STEP][PASSED] - num = Math.random() * 5 - 1 + 1: null

2022-11-30 09:24:43 - [TEST_STEP][PASSED] - setText(findTestObject("Object Repository/Reto_while1/Page_Google/input__q"), "5+" + num): Text '5+2' is set on object 'Object Repository/Reto_while1/Page_Google/input__q'

2022-11-30 09:24:44 - [MESSAGE][PASSED] - Text '5+2' is set on object 'Object Repository/Reto_while1/Page_Google/input__q'

2022-11-30 09:24:44 - [TEST_STEP][PASSED] - sendKeys(findTestObject("Object Repository/Reto_while1/Page_Google/input__q"), Keys.chord(ENTER)): Keys 'ENTER + ' sent to object: 'Object Repository/Reto_while1/Page_Google/input__q'

2022-11-30 09:24:49 - [MESSAGE][PASSED] - Keys 'ENTER + ' sent to object: 'Object Repository/Reto_while1/Page_Google/input__q'

2022-11-30 09:24:49 - [TEST_STEP][PASSED] - Res = getText(findTestObject("Reto_while1/Resultado_8")).toInteger(): Text of object 'Object Repository/Reto_while1/Resultado_8' is: '7'

2022-11-30 09:24:50 - [MESSAGE][PASSED] - Text of object 'Object Repository/Reto_while1/Resultado_8' is: '7'

2022-11-30 09:24:50 - [TEST_STEP][PASSED] - if (Res == 8): null

2022-11-30 09:24:50 - [TEST_STEP][PASSED] - num = Math.random() * 5 - 1 + 1: null

2022-11-30 09:24:50 - [TEST_STEP][PASSED] - setText(findTestObject("Object Repository/Reto_while1/Page_Google/input__q"), "5+" + num): Text '5+4' is set on object 'Object Repository/Reto_while1/Page_Google/input__q'

2022-11-30 09:24:50 - [MESSAGE][PASSED] - Text '5+4' is set on object 'Object Repository/Reto_while1/Page_Google/input__q'

2022-11-30 09:24:50 - [TEST_STEP][PASSED] - sendKeys(findTestObject("Object Repository/Reto_while1/Page_Google/input__q"), Keys.chord(ENTER)): Keys 'ENTER + ' sent to object: 'Object Repository/Reto_while1/Page_Google/input__q'

2022-11-30 09:24:56 - [MESSAGE][PASSED] - Keys 'ENTER + ' sent to object: 'Object Repository/Reto_while1/Page_Google/input__q'

2022-11-30 09:24:56 - [TEST_STEP][PASSED] - Res = getText(findTestObject("Reto_while1/Resultado_8")).toInteger(): Text of object 'Object Repository/Reto_while1/Resultado_8' is: '9'

2022-11-30 09:24:56 - [MESSAGE][PASSED] - Text of object 'Object Repository/Reto_while1/Resultado_8' is: '9'

2022-11-30 09:24:56 - [TEST_STEP][PASSED] - if (Res == 8): null

2022-11-30 09:24:56 - [TEST_STEP][PASSED] - num = Math.random() * 5 - 1 + 1: null

2022-11-30 09:24:56 - [TEST_STEP][PASSED] - setText(findTestObject("Object Repository/Reto_while1/Page_Google/input__q"), "5+" + num): Text '5+1' is set on object 'Object Repository/Reto_while1/Page_Google/input__q'

2022-11-30 09:24:57 - [MESSAGE][PASSED] - Text '5+1' is set on object 'Object Repository/Reto_while1/Page_Google/input__q'

2022-11-30 09:24:57 - [TEST_STEP][PASSED] - sendKeys(findTestObject("Object Repository/Reto_while1/Page_Google/input__q"), Keys.chord(ENTER)): Keys 'ENTER + ' sent to object: 'Object Repository/Reto_while1/Page_Google/input__q'

2022-11-30 09:24:59 - [MESSAGE][PASSED] - Keys 'ENTER + ' sent to object: 'Object Repository/Reto_while1/Page_Google/input__q'

2022-11-30 09:24:59 - [TEST_STEP][PASSED] - Res = getText(findTestObject("Reto_while1/Resultado_8")).toInteger(): Text of object 'Object Repository/Reto_while1/Resultado_8' is: '6'

2022-11-30 09:25:01 - [MESSAGE][PASSED] - Text of object 'Object Repository/Reto_while1/Resultado_8' is: '6'

2022-11-30 09:25:01 - [TEST_STEP][PASSED] - if (Res == 8): null

2022-11-30 09:25:01 - [TEST_STEP][PASSED] - num = Math.random() * 5 - 1 + 1: null

2022-11-30 09:25:01 - [TEST_STEP][PASSED] - setText(findTestObject("Object Repository/Reto_while1/Page_Google/input__q"), "5+" + num): Text '5+2' is set on object 'Object Repository/Reto_while1/Page_Google/input__q'

2022-11-30 09:25:02 - [MESSAGE][PASSED] - Text '5+2' is set on object 'Object Repository/Reto_while1/Page_Google/input__q'

2022-11-30 09:25:02 - [TEST_STEP][PASSED] - sendKeys(findTestObject("Object Repository/Reto_while1/Page_Google/input__q"), Keys.chord(ENTER)): Keys 'ENTER + ' sent to object: 'Object Repository/Reto_while1/Page_Google/input__q'

2022-11-30 09:25:06 - [MESSAGE][PASSED] - Keys 'ENTER + ' sent to object: 'Object Repository/Reto_while1/Page_Google/input__q'

2022-11-30 09:25:06 - [TEST_STEP][PASSED] - Res = getText(findTestObject("Reto_while1/Resultado_8")).toInteger(): Text of object 'Object Repository/Reto_while1/Resultado_8' is: '7'

2022-11-30 09:25:06 - [MESSAGE][PASSED] - Text of object 'Object Repository/Reto_while1/Resultado_8' is: '7'

2022-11-30 09:25:06 - [TEST_STEP][PASSED] - if (Res == 8): null

2022-11-30 09:25:06 - [TEST_STEP][PASSED] - num = Math.random() * 5 - 1 + 1: null

2022-11-30 09:25:06 - [TEST_STEP][PASSED] - setText(findTestObject("Object Repository/Reto_while1/Page_Google/input__q"), "5+" + num): Text '5+2' is set on object 'Object Repository/Reto_while1/Page_Google/input__q'

2022-11-30 09:25:07 - [MESSAGE][PASSED] - Text '5+2' is set on object 'Object Repository/Reto_while1/Page_Google/input__q'

2022-11-30 09:25:07 - [TEST_STEP][PASSED] - sendKeys(findTestObject("Object Repository/Reto_while1/Page_Google/input__q"), Keys.chord(ENTER)): Keys 'ENTER + ' sent to object: 'Object Repository/Reto_while1/Page_Google/input__q'

2022-11-30 09:25:10 - [MESSAGE][PASSED] - Keys 'ENTER + ' sent to object: 'Object Repository/Reto_while1/Page_Google/input__q'

2022-11-30 09:25:10 - [TEST_STEP][PASSED] - Res = getText(findTestObject("Reto_while1/Resultado_8")).toInteger(): Text of object 'Object Repository/Reto_while1/Resultado_8' is: '7'

2022-11-30 09:25:11 - [MESSAGE][PASSED] - Text of object 'Object Repository/Reto_while1/Resultado_8' is: '7'

2022-11-30 09:25:11 - [TEST_STEP][PASSED] - if (Res == 8): null

2022-11-30 09:25:11 - [TEST_STEP][PASSED] - num = Math.random() * 5 - 1 + 1: null

2022-11-30 09:25:11 - [TEST_STEP][PASSED] - setText(findTestObject("Object Repository/Reto_while1/Page_Google/input__q"), "5+" + num): Text '5+3' is set on object 'Object Repository/Reto_while1/Page_Google/input__q'

2022-11-30 09:25:11 - [MESSAGE][PASSED] - Text '5+3' is set on object 'Object Repository/Reto_while1/Page_Google/input__q'

2022-11-30 09:25:11 - [TEST_STEP][PASSED] - sendKeys(findTestObject("Object Repository/Reto_while1/Page_Google/input__q"), Keys.chord(ENTER)): Keys 'ENTER + ' sent to object: 'Object Repository/Reto_while1/Page_Google/input__q'

2022-11-30 09:25:13 - [MESSAGE][PASSED] - Keys 'ENTER + ' sent to object: 'Object Repository/Reto_while1/Page_Google/input__q'

2022-11-30 09:25:13 - [TEST_STEP][PASSED] - Res = getText(findTestObject("Reto_while1/Resultado_8")).toInteger(): Text of object 'Object Repository/Reto_while1/Resultado_8' is: '8'

2022-11-30 09:25:14 - [MESSAGE][PASSED] - Text of object 'Object Repository/Reto_while1/Resultado_8' is: '8'

2022-11-30 09:25:14 - [TEST_STEP][PASSED] - if (Res == 8): Browser is closed

2022-11-30 09:25:14 - [TEST_STEP][PASSED] - closeBrowser(): Browser is closed

2022-11-30 09:25:15 - [MESSAGE][PASSED] - Browser is closed]]></system-out>
         <system-err><![CDATA[]]></system-err>
      </testcase>
      <testcase name="Test Cases/BUCLES/Test_1" time="34.974" classname="Test Cases/BUCLES/Test_1" status="PASSED">
         <system-out><![CDATA[2022-11-30 09:25:15 - [TEST_CASE][PASSED] - Test Cases/BUCLES/Test_1: Test Cases/BUCLES/Test_1

2022-11-30 09:25:15 - [TEST_STEP][PASSED] - openBrowser(""): Browser is opened with url: ''

2022-11-30 09:25:15 - [MESSAGE][INFO] - Starting 'Chrome' driver

2022-11-30 09:25:15 - [MESSAGE][INFO] - Action delay is set to 0 milliseconds

2022-11-30 09:25:17 - [MESSAGE][PASSED] - Browser is opened with url: ''

2022-11-30 09:25:17 - [TEST_STEP][PASSED] - navigateToUrl("https://demoqa.com/text-box"): Navigate to 'https://demoqa.com/text-box' successfully

2022-11-30 09:25:30 - [MESSAGE][PASSED] - Navigate to 'https://demoqa.com/text-box' successfully

2022-11-30 09:25:30 - [TEST_STEP][PASSED] - for ([x = 1, x <= 2, (x++)]): null

2022-11-30 09:25:30 - [TEST_STEP][PASSED] - openBrowser(""): Browser is opened with url: ''

2022-11-30 09:25:30 - [MESSAGE][WARNING] - A browser is already opened. Closing browser and opening a new one

2022-11-30 09:25:31 - [MESSAGE][INFO] - Starting 'Chrome' driver

2022-11-30 09:25:31 - [MESSAGE][INFO] - Action delay is set to 0 milliseconds

2022-11-30 09:25:32 - [MESSAGE][PASSED] - Browser is opened with url: ''

2022-11-30 09:25:32 - [TEST_STEP][PASSED] - navigateToUrl("https://demoqa.com/text-box"): Navigate to 'https://demoqa.com/text-box' successfully

2022-11-30 09:25:39 - [MESSAGE][PASSED] - Navigate to 'https://demoqa.com/text-box' successfully

2022-11-30 09:25:39 - [TEST_STEP][PASSED] - RN = Math.random() * 10 - 1 + 1: null

2022-11-30 09:25:39 - [TEST_STEP][PASSED] - print("Numero : " + RN + "----"): null

2022-11-30 09:25:39 - [TEST_STEP][PASSED] - z = ["Demo1", "Demo2", "Demo3", "Demo4", "Demo5"]: null

2022-11-30 09:25:39 - [TEST_STEP][PASSED] - rnd = new java.util.Random(): null

2022-11-30 09:25:39 - [TEST_STEP][PASSED] - texto = z[rnd.nextInt(size)]: null

2022-11-30 09:25:39 - [TEST_STEP][PASSED] - print(texto): null

2022-11-30 09:25:39 - [TEST_STEP][PASSED] - openBrowser(""): Browser is opened with url: ''

2022-11-30 09:25:39 - [MESSAGE][WARNING] - A browser is already opened. Closing browser and opening a new one

2022-11-30 09:25:40 - [MESSAGE][INFO] - Starting 'Chrome' driver

2022-11-30 09:25:40 - [MESSAGE][INFO] - Action delay is set to 0 milliseconds

2022-11-30 09:25:42 - [MESSAGE][PASSED] - Browser is opened with url: ''

2022-11-30 09:25:42 - [TEST_STEP][PASSED] - navigateToUrl("https://demoqa.com/text-box"): Navigate to 'https://demoqa.com/text-box' successfully

2022-11-30 09:25:49 - [MESSAGE][PASSED] - Navigate to 'https://demoqa.com/text-box' successfully

2022-11-30 09:25:49 - [TEST_STEP][PASSED] - RN = Math.random() * 10 - 1 + 1: null

2022-11-30 09:25:49 - [TEST_STEP][PASSED] - print("Numero : " + RN + "----"): null

2022-11-30 09:25:49 - [TEST_STEP][PASSED] - z = ["Demo1", "Demo2", "Demo3", "Demo4", "Demo5"]: null

2022-11-30 09:25:49 - [TEST_STEP][PASSED] - rnd = new java.util.Random(): null

2022-11-30 09:25:49 - [TEST_STEP][PASSED] - texto = z[rnd.nextInt(size)]: null

2022-11-30 09:25:49 - [TEST_STEP][PASSED] - print(texto): null

2022-11-30 09:25:49 - [TEST_STEP][PASSED] - closeBrowser(): Browser is closed

2022-11-30 09:25:50 - [MESSAGE][PASSED] - Browser is closed]]></system-out>
         <system-err><![CDATA[]]></system-err>
      </testcase>
      <testcase name="Test Cases/BUCLES/Test_2" time="12.42" classname="Test Cases/BUCLES/Test_2" status="PASSED">
         <system-out><![CDATA[2022-11-30 09:25:50 - [TEST_CASE][PASSED] - Test Cases/BUCLES/Test_2: Test Cases/BUCLES/Test_2

2022-11-30 09:25:50 - [TEST_STEP][PASSED] - openBrowser(""): Browser is opened with url: ''

2022-11-30 09:25:50 - [MESSAGE][INFO] - Starting 'Chrome' driver

2022-11-30 09:25:50 - [MESSAGE][INFO] - Action delay is set to 0 milliseconds

2022-11-30 09:25:52 - [MESSAGE][PASSED] - Browser is opened with url: ''

2022-11-30 09:25:52 - [TEST_STEP][PASSED] - navigateToUrl("https://demoqa.com/text-box"): Navigate to 'https://demoqa.com/text-box' successfully

2022-11-30 09:26:01 - [MESSAGE][PASSED] - Navigate to 'https://demoqa.com/text-box' successfully

2022-11-30 09:26:01 - [TEST_STEP][PASSED] - for ([x = 1, x <= 10, x = x + 2]): null

2022-11-30 09:26:01 - [TEST_STEP][PASSED] - print(" hola mundo " + x + "-------"): null

2022-11-30 09:26:01 - [TEST_STEP][PASSED] - print(" hola mundo " + x + "-------"): null

2022-11-30 09:26:01 - [TEST_STEP][PASSED] - print(" hola mundo " + x + "-------"): null

2022-11-30 09:26:01 - [TEST_STEP][PASSED] - print(" hola mundo " + x + "-------"): null

2022-11-30 09:26:01 - [TEST_STEP][PASSED] - print(" hola mundo " + x + "-------"): null

2022-11-30 09:26:01 - [TEST_STEP][PASSED] - closeBrowser(): Browser is closed

2022-11-30 09:26:02 - [MESSAGE][PASSED] - Browser is closed]]></system-out>
         <system-err><![CDATA[]]></system-err>
      </testcase>
      <testcase name="Test Cases/BUCLES/Test_while" time="10.367" classname="Test Cases/BUCLES/Test_while" status="PASSED">
         <system-out><![CDATA[2022-11-30 09:26:02 - [TEST_CASE][PASSED] - Test Cases/BUCLES/Test_while: Test Cases/BUCLES/Test_while

2022-11-30 09:26:03 - [TEST_STEP][PASSED] - openBrowser(""): Browser is opened with url: ''

2022-11-30 09:26:03 - [MESSAGE][INFO] - Starting 'Chrome' driver

2022-11-30 09:26:03 - [MESSAGE][INFO] - Action delay is set to 0 milliseconds

2022-11-30 09:26:04 - [MESSAGE][PASSED] - Browser is opened with url: ''

2022-11-30 09:26:04 - [TEST_STEP][PASSED] - navigateToUrl("https://demoqa.com/text-box"): Navigate to 'https://demoqa.com/text-box' successfully

2022-11-30 09:26:12 - [MESSAGE][PASSED] - Navigate to 'https://demoqa.com/text-box' successfully

2022-11-30 09:26:12 - [TEST_STEP][PASSED] - maximizeWindow(): Current window maximized

2022-11-30 09:26:12 - [MESSAGE][PASSED] - Current window maximized

2022-11-30 09:26:12 - [TEST_STEP][PASSED] - waitForPageLoad(5): Wait for page load successfully

2022-11-30 09:26:12 - [MESSAGE][PASSED] - Wait for page load successfully

2022-11-30 09:26:12 - [TEST_STEP][PASSED] - x = 1: null

2022-11-30 09:26:12 - [TEST_STEP][PASSED] - while (x <= 3): null

2022-11-30 09:26:12 - [TEST_STEP][PASSED] - print("Hola " + x + "----------"): null

2022-11-30 09:26:12 - [TEST_STEP][PASSED] - (x++): null

2022-11-30 09:26:12 - [TEST_STEP][PASSED] - print("Hola " + x + "----------"): null

2022-11-30 09:26:12 - [TEST_STEP][PASSED] - (x++): null

2022-11-30 09:26:12 - [TEST_STEP][PASSED] - print("Hola " + x + "----------"): null

2022-11-30 09:26:12 - [TEST_STEP][PASSED] - (x++): null

2022-11-30 09:26:12 - [TEST_STEP][PASSED] - closeBrowser(): Browser is closed

2022-11-30 09:26:12 - [MESSAGE][PASSED] - Browser is closed]]></system-out>
         <system-err><![CDATA[]]></system-err>
      </testcase>
      <testcase name="Test Cases/BUCLES/Test_while2" time="11.396" classname="Test Cases/BUCLES/Test_while2" status="PASSED">
         <system-out><![CDATA[2022-11-30 09:26:12 - [TEST_CASE][PASSED] - Test Cases/BUCLES/Test_while2: Test Cases/BUCLES/Test_while2

2022-11-30 09:26:13 - [TEST_STEP][PASSED] - openBrowser(""): Browser is opened with url: ''

2022-11-30 09:26:13 - [MESSAGE][INFO] - Starting 'Chrome' driver

2022-11-30 09:26:13 - [MESSAGE][INFO] - Action delay is set to 0 milliseconds

2022-11-30 09:26:14 - [MESSAGE][PASSED] - Browser is opened with url: ''

2022-11-30 09:26:14 - [TEST_STEP][PASSED] - navigateToUrl("https://demoqa.com/text-box"): Navigate to 'https://demoqa.com/text-box' successfully

2022-11-30 09:26:23 - [MESSAGE][PASSED] - Navigate to 'https://demoqa.com/text-box' successfully

2022-11-30 09:26:23 - [TEST_STEP][PASSED] - maximizeWindow(): Current window maximized

2022-11-30 09:26:23 - [MESSAGE][PASSED] - Current window maximized

2022-11-30 09:26:23 - [TEST_STEP][PASSED] - waitForPageLoad(5): Wait for page load successfully

2022-11-30 09:26:23 - [MESSAGE][PASSED] - Wait for page load successfully

2022-11-30 09:26:23 - [TEST_STEP][PASSED] - x = 1: null

2022-11-30 09:26:23 - [TEST_STEP][PASSED] - while (x <= 5): null

2022-11-30 09:26:23 - [TEST_STEP][PASSED] - print("Valor de X" + x + "------>"): null

2022-11-30 09:26:23 - [TEST_STEP][PASSED] - (x++): null

2022-11-30 09:26:23 - [TEST_STEP][PASSED] - print("Valor de X" + x + "------>"): null

2022-11-30 09:26:23 - [TEST_STEP][PASSED] - (x++): null

2022-11-30 09:26:23 - [TEST_STEP][PASSED] - print("Valor de X" + x + "------>"): null

2022-11-30 09:26:23 - [TEST_STEP][PASSED] - (x++): null

2022-11-30 09:26:23 - [TEST_STEP][PASSED] - print("Valor de X" + x + "------>"): null

2022-11-30 09:26:23 - [TEST_STEP][PASSED] - (x++): null

2022-11-30 09:26:23 - [TEST_STEP][PASSED] - print("Valor de X" + x + "------>"): null

2022-11-30 09:26:23 - [TEST_STEP][PASSED] - (x++): null

2022-11-30 09:26:23 - [TEST_STEP][PASSED] - closeBrowser(): Browser is closed

2022-11-30 09:26:24 - [MESSAGE][PASSED] - Browser is closed]]></system-out>
         <system-err><![CDATA[]]></system-err>
      </testcase>
      <testcase name="Test Cases/Drive_excel/Drive_excel" time="18.5" classname="Test Cases/Drive_excel/Drive_excel" status="PASSED">
         <system-out><![CDATA[2022-11-30 09:26:24 - [TEST_CASE][PASSED] - Test Cases/Drive_excel/Drive_excel: Test Cases/Drive_excel/Drive_excel

2022-11-30 09:26:24 - [TEST_STEP][PASSED] - openBrowser(""): Browser is opened with url: ''

2022-11-30 09:26:24 - [MESSAGE][INFO] - Starting 'Chrome' driver

2022-11-30 09:26:24 - [MESSAGE][INFO] - Action delay is set to 0 milliseconds

2022-11-30 09:26:26 - [MESSAGE][PASSED] - Browser is opened with url: ''

2022-11-30 09:26:26 - [TEST_STEP][PASSED] - navigateToUrl("https://demoqa.com/automation-practice-form"): Navigate to 'https://demoqa.com/automation-practice-form' successfully

2022-11-30 09:26:36 - [MESSAGE][PASSED] - Navigate to 'https://demoqa.com/automation-practice-form' successfully

2022-11-30 09:26:36 - [TEST_STEP][PASSED] - waitForPageLoad(40): Wait for page load successfully

2022-11-30 09:26:36 - [MESSAGE][PASSED] - Wait for page load successfully

2022-11-30 09:26:36 - [TEST_STEP][PASSED] - maximizeWindow(): Current window maximized

2022-11-30 09:26:36 - [MESSAGE][PASSED] - Current window maximized

2022-11-30 09:26:36 - [TEST_STEP][PASSED] - setText(findTestObject("Object Repository/Drive_excel/Page_ToolsQA/input_Name_firstName"), nombre): Text '' is set on object 'Object Repository/Drive_excel/Page_ToolsQA/input_Name_firstName'

2022-11-30 09:26:37 - [MESSAGE][PASSED] - Text '' is set on object 'Object Repository/Drive_excel/Page_ToolsQA/input_Name_firstName'

2022-11-30 09:26:37 - [TEST_STEP][PASSED] - setText(findTestObject("Object Repository/Drive_excel/Page_ToolsQA/input_Name_lastName"), apellido): Text '' is set on object 'Object Repository/Drive_excel/Page_ToolsQA/input_Name_lastName'

2022-11-30 09:26:38 - [MESSAGE][PASSED] - Text '' is set on object 'Object Repository/Drive_excel/Page_ToolsQA/input_Name_lastName'

2022-11-30 09:26:38 - [TEST_STEP][PASSED] - setText(findTestObject("Object Repository/Drive_excel/Page_ToolsQA/input_Email_userEmail"), email): Text '' is set on object 'Object Repository/Drive_excel/Page_ToolsQA/input_Email_userEmail'

2022-11-30 09:26:39 - [MESSAGE][PASSED] - Text '' is set on object 'Object Repository/Drive_excel/Page_ToolsQA/input_Email_userEmail'

2022-11-30 09:26:39 - [TEST_STEP][PASSED] - delay(2): Delayed 2 second(s)

2022-11-30 09:26:41 - [MESSAGE][PASSED] - Delayed 2 second(s)

2022-11-30 09:26:41 - [TEST_STEP][PASSED] - closeBrowser(): Browser is closed

2022-11-30 09:26:42 - [MESSAGE][PASSED] - Browser is closed]]></system-out>
         <system-err><![CDATA[]]></system-err>
      </testcase>
      <testcase name="Test Cases/Navegador/Navegador" time="11.266" classname="Test Cases/Navegador/Navegador" status="PASSED">
         <system-out><![CDATA[2022-11-30 09:26:42 - [TEST_CASE][PASSED] - Test Cases/Navegador/Navegador: Test Cases/Navegador/Navegador

2022-11-30 09:26:42 - [TEST_STEP][PASSED] - openBrowser("https://demoqa.com/text-box"): Browser is opened with url: 'https://demoqa.com/text-box'

2022-11-30 09:26:42 - [MESSAGE][INFO] - Starting 'Chrome' driver

2022-11-30 09:26:42 - [MESSAGE][INFO] - Action delay is set to 0 milliseconds

2022-11-30 09:26:53 - [MESSAGE][PASSED] - Browser is opened with url: 'https://demoqa.com/text-box'

2022-11-30 09:26:53 - [TEST_STEP][PASSED] - maximizeWindow(): Current window maximized

2022-11-30 09:26:53 - [MESSAGE][PASSED] - Current window maximized

2022-11-30 09:26:53 - [TEST_STEP][PASSED] - page_url = getUrl(): Current window's url is: 'https://demoqa.com/text-box'

2022-11-30 09:26:53 - [MESSAGE][PASSED] - Current window's url is: 'https://demoqa.com/text-box'

2022-11-30 09:26:53 - [TEST_STEP][PASSED] - print(page_url): null

2022-11-30 09:26:53 - [TEST_STEP][PASSED] - Titulo = getWindowTitle(): Current window's title is: 'ToolsQA'

2022-11-30 09:26:53 - [MESSAGE][PASSED] - Current window's title is: 'ToolsQA'

2022-11-30 09:26:53 - [TEST_STEP][PASSED] - print("titiulo de la pagina" + Titulo): null

2022-11-30 09:26:53 - [TEST_STEP][PASSED] - closeBrowser(): Browser is closed

2022-11-30 09:26:54 - [MESSAGE][PASSED] - Browser is closed]]></system-out>
         <system-err><![CDATA[]]></system-err>
      </testcase>
      <testcase name="Test Cases/Objecto_xpath/Caso_xpath" time="16.939" classname="Test Cases/Objecto_xpath/Caso_xpath" status="PASSED">
         <system-out><![CDATA[2022-11-30 09:26:54 - [TEST_CASE][PASSED] - Test Cases/Objecto_xpath/Caso_xpath: Test Cases/Objecto_xpath/Caso_xpath

2022-11-30 09:26:54 - [TEST_STEP][PASSED] - openBrowser(""): Browser is opened with url: ''

2022-11-30 09:26:54 - [MESSAGE][INFO] - Starting 'Chrome' driver

2022-11-30 09:26:54 - [MESSAGE][INFO] - Action delay is set to 0 milliseconds

2022-11-30 09:26:55 - [MESSAGE][PASSED] - Browser is opened with url: ''

2022-11-30 09:26:55 - [TEST_STEP][PASSED] - navigateToUrl("https://demoqa.com/text-box"): Navigate to 'https://demoqa.com/text-box' successfully

2022-11-30 09:27:05 - [MESSAGE][PASSED] - Navigate to 'https://demoqa.com/text-box' successfully

2022-11-30 09:27:05 - [TEST_STEP][PASSED] - maximizeWindow(): Current window maximized

2022-11-30 09:27:05 - [MESSAGE][PASSED] - Current window maximized

2022-11-30 09:27:05 - [TEST_STEP][PASSED] - setText(findTestObject("Objeto_xpath/Campo_nombre"), "Ljubo"): Text 'Ljubo' is set on object 'Object Repository/Objeto_xpath/Campo_nombre'

2022-11-30 09:27:06 - [MESSAGE][PASSED] - Text 'Ljubo' is set on object 'Object Repository/Objeto_xpath/Campo_nombre'

2022-11-30 09:27:06 - [TEST_STEP][PASSED] - delay(3): Delayed 3 second(s)

2022-11-30 09:27:09 - [MESSAGE][PASSED] - Delayed 3 second(s)

2022-11-30 09:27:09 - [TEST_STEP][PASSED] - closeBrowser(): Browser is closed

2022-11-30 09:27:11 - [MESSAGE][PASSED] - Browser is closed]]></system-out>
         <system-err><![CDATA[]]></system-err>
      </testcase>
      <testcase name="Test Cases/Condicionales_If/Condicionar_titulo" time="22.634" classname="Test Cases/Condicionales_If/Condicionar_titulo" status="PASSED">
         <system-out><![CDATA[2022-11-30 09:27:11 - [TEST_CASE][PASSED] - Test Cases/Condicionales_If/Condicionar_titulo: Test Cases/Condicionales_If/Condicionar_titulo

2022-11-30 09:27:11 - [TEST_STEP][PASSED] - openBrowser(""): Browser is opened with url: ''

2022-11-30 09:27:11 - [MESSAGE][INFO] - Starting 'Chrome' driver

2022-11-30 09:27:11 - [MESSAGE][INFO] - Action delay is set to 0 milliseconds

2022-11-30 09:27:12 - [MESSAGE][PASSED] - Browser is opened with url: ''

2022-11-30 09:27:12 - [TEST_STEP][PASSED] - navigateToUrl("https://demoqa.com/"): Navigate to 'https://demoqa.com/' successfully

2022-11-30 09:27:20 - [MESSAGE][PASSED] - Navigate to 'https://demoqa.com/' successfully

2022-11-30 09:27:20 - [TEST_STEP][PASSED] - maximizeWindow(): Current window maximized

2022-11-30 09:27:20 - [MESSAGE][PASSED] - Current window maximized

2022-11-30 09:27:20 - [TEST_STEP][PASSED] - waitForPageLoad(5): Wait for page load successfully

2022-11-30 09:27:20 - [MESSAGE][PASSED] - Wait for page load successfully

2022-11-30 09:27:20 - [TEST_STEP][PASSED] - Existe = waitForElementVisible(findTestObject("Condicionales/Texto_radio"), 3): Web element with id: 'Object Repository/Condicionales/Texto_radio' located by '//div[@class='main-header'][contains(.,'Radio Button')]' not found

2022-11-30 09:27:25 - [MESSAGE][INFO] - Unable to find the element located by 'By.xpath: //div[@class='main-header'][contains(.,'Radio Button')]'. Please recheck the objects properties to make sure the desired element is located. 

2022-11-30 09:27:25 - [MESSAGE][WARNING] - [SELF-HEALING] Failed to find element with id 'Object Repository/Condicionales/Texto_radio'. Try using Self-healing.

2022-11-30 09:27:26 - [MESSAGE][INFO] - [SELF-HEALING] No working XPath is found.

2022-11-30 09:27:27 - [MESSAGE][INFO] - Unable to find the element located by 'By.xpath: '. Please recheck the objects properties to make sure the desired element is located. 

2022-11-30 09:27:27 - [MESSAGE][WARNING] - [SELF-HEALING] Cannot find elements when the selector is null

2022-11-30 09:27:27 - [MESSAGE][WARNING] - Web element with id: 'Object Repository/Condicionales/Texto_radio' located by '//div[@class='main-header'][contains(.,'Radio Button')]' not found

2022-11-30 09:27:27 - [TEST_STEP][PASSED] - print(Existe): null

2022-11-30 09:27:27 - [TEST_STEP][PASSED] - if (Existe == true): null

2022-11-30 09:27:27 - [TEST_STEP][PASSED] - else: Browser is closed

2022-11-30 09:27:27 - [TEST_STEP][PASSED] - print("-----  Error no esta el elemento de texto radio ------"): null

2022-11-30 09:27:27 - [TEST_STEP][PASSED] - navigateToUrl("https://demoqa.com/radio-button"): Navigate to 'https://demoqa.com/radio-button' successfully

2022-11-30 09:27:29 - [MESSAGE][PASSED] - Navigate to 'https://demoqa.com/radio-button' successfully

2022-11-30 09:27:29 - [TEST_STEP][PASSED] - click(findTestObject("Condicionales/Objeto_yes")): Object: 'Object Repository/Condicionales/Objeto_yes' is clicked on

2022-11-30 09:27:30 - [MESSAGE][PASSED] - Object: 'Object Repository/Condicionales/Objeto_yes' is clicked on

2022-11-30 09:27:30 - [TEST_STEP][PASSED] - delay(2): Delayed 2 second(s)

2022-11-30 09:27:32 - [MESSAGE][PASSED] - Delayed 2 second(s)

2022-11-30 09:27:32 - [TEST_STEP][PASSED] - closeBrowser(): Browser is closed

2022-11-30 09:27:33 - [MESSAGE][PASSED] - Browser is closed]]></system-out>
         <system-err><![CDATA[]]></system-err>
      </testcase>
      <testcase name="Test Cases/Condicionales_If/Test_1" time="0.058" classname="Test Cases/Condicionales_If/Test_1" status="PASSED">
         <system-out><![CDATA[2022-11-30 09:27:33 - [TEST_CASE][PASSED] - Test Cases/Condicionales_If/Test_1: Test Cases/Condicionales_If/Test_1

2022-11-30 09:27:33 - [TEST_STEP][PASSED] - if (num == 10): null

2022-11-30 09:27:33 - [TEST_STEP][PASSED] - else: null

2022-11-30 09:27:33 - [TEST_STEP][PASSED] - print("El numero no es un 10 es el numero:  " + num + "#####"): null]]></system-out>
         <system-err><![CDATA[]]></system-err>
      </testcase>
      <testcase name="Test Cases/Condicionales_If/Test_2" time="0.031" classname="Test Cases/Condicionales_If/Test_2" status="PASSED">
         <system-out><![CDATA[2022-11-30 09:27:33 - [TEST_CASE][PASSED] - Test Cases/Condicionales_If/Test_2: Test Cases/Condicionales_If/Test_2

2022-11-30 09:27:33 - [TEST_STEP][PASSED] - if (num == 5): null

2022-11-30 09:27:33 - [TEST_STEP][PASSED] - if (num == 10): null

2022-11-30 09:27:33 - [TEST_STEP][PASSED] - println("El valor de la variables es un: 10"): null]]></system-out>
         <system-err><![CDATA[]]></system-err>
      </testcase>
      <testcase name="Test Cases/Condicionales_If/Test_3" time="0.024" classname="Test Cases/Condicionales_If/Test_3" status="PASSED">
         <system-out><![CDATA[2022-11-30 09:27:33 - [TEST_CASE][PASSED] - Test Cases/Condicionales_If/Test_3: Test Cases/Condicionales_If/Test_3

2022-11-30 09:27:33 - [TEST_STEP][PASSED] - if (nombre == "Juan"): null

2022-11-30 09:27:33 - [TEST_STEP][PASSED] - if (nombre == "JUan"): null

2022-11-30 09:27:33 - [TEST_STEP][PASSED] - if (nombre == "juan"): null

2022-11-30 09:27:33 - [TEST_STEP][PASSED] - println("Tu nombre es juan"): null]]></system-out>
         <system-err><![CDATA[]]></system-err>
      </testcase>
      <testcase name="Test Cases/Condicionales_If/Test_4" time="0.047" classname="Test Cases/Condicionales_If/Test_4" status="PASSED">
         <system-out><![CDATA[2022-11-30 09:27:33 - [TEST_CASE][PASSED] - Test Cases/Condicionales_If/Test_4: Test Cases/Condicionales_If/Test_4

2022-11-30 09:27:33 - [TEST_STEP][PASSED] - if (num <= 7): null

2022-11-30 09:27:33 - [TEST_STEP][PASSED] - println("El numero es menor ó igual que 5"): null

2022-11-30 09:27:33 - [TEST_STEP][PASSED] - if (num >= 8): null

2022-11-30 09:27:33 - [TEST_STEP][PASSED] - if (num != 5): null]]></system-out>
         <system-err><![CDATA[]]></system-err>
      </testcase>
      <testcase name="Test Cases/Condicionales_If/Test_edad" time="0.021" classname="Test Cases/Condicionales_If/Test_edad" status="PASSED">
         <system-out><![CDATA[2022-11-30 09:27:33 - [TEST_CASE][PASSED] - Test Cases/Condicionales_If/Test_edad: Test Cases/Condicionales_If/Test_edad

2022-11-30 09:27:33 - [TEST_STEP][PASSED] - if (edad >= 1 && edad <= 17): null

2022-11-30 09:27:33 - [TEST_STEP][PASSED] - else if (edad == 18): null

2022-11-30 09:27:33 - [TEST_STEP][PASSED] - else if (edad <= 0): null

2022-11-30 09:27:33 - [TEST_STEP][PASSED] - else if (edad == 120): null

2022-11-30 09:27:33 - [TEST_STEP][PASSED] - else: null

2022-11-30 09:27:33 - [TEST_STEP][PASSED] - print("No se cumple ninguna de las opciones"): null]]></system-out>
         <system-err><![CDATA[]]></system-err>
      </testcase>
      <testcase name="Test Cases/Condicionales_If/Test_valor" time="24.442" classname="Test Cases/Condicionales_If/Test_valor" status="PASSED">
         <system-out><![CDATA[2022-11-30 09:27:33 - [TEST_CASE][PASSED] - Test Cases/Condicionales_If/Test_valor: Test Cases/Condicionales_If/Test_valor

2022-11-30 09:27:33 - [TEST_STEP][PASSED] - openBrowser(""): Browser is opened with url: ''

2022-11-30 09:27:33 - [MESSAGE][INFO] - Starting 'Chrome' driver

2022-11-30 09:27:34 - [MESSAGE][INFO] - Action delay is set to 0 milliseconds

2022-11-30 09:27:35 - [MESSAGE][PASSED] - Browser is opened with url: ''

2022-11-30 09:27:35 - [TEST_STEP][PASSED] - navigateToUrl("https://demoqa.com/"): Navigate to 'https://demoqa.com/' successfully

2022-11-30 09:27:48 - [MESSAGE][PASSED] - Navigate to 'https://demoqa.com/' successfully

2022-11-30 09:27:48 - [TEST_STEP][PASSED] - maximizeWindow(): Current window maximized

2022-11-30 09:27:48 - [MESSAGE][PASSED] - Current window maximized

2022-11-30 09:27:48 - [TEST_STEP][PASSED] - waitForPageLoad(10): Wait for page load successfully

2022-11-30 09:27:49 - [MESSAGE][PASSED] - Wait for page load successfully

2022-11-30 09:27:49 - [TEST_STEP][PASSED] - Existe = waitForElementVisible(findTestObject("Condicionales/titulo1"), 5): Web element with id: 'Object Repository/Condicionales/titulo1' located by '//div[@class='main-header'][contains(.,'Radio Button')]' not found

2022-11-30 09:27:55 - [MESSAGE][INFO] - Unable to find the element located by 'By.xpath: //div[@class='main-header'][contains(.,'Radio Button')]'. Please recheck the objects properties to make sure the desired element is located. 

2022-11-30 09:27:55 - [MESSAGE][WARNING] - [SELF-HEALING] Failed to find element with id 'Object Repository/Condicionales/titulo1'. Try using Self-healing.

2022-11-30 09:27:56 - [MESSAGE][INFO] - [SELF-HEALING] No working XPath is found.

2022-11-30 09:27:57 - [MESSAGE][INFO] - Unable to find the element located by 'By.xpath: '. Please recheck the objects properties to make sure the desired element is located. 

2022-11-30 09:27:57 - [MESSAGE][WARNING] - [SELF-HEALING] Cannot find elements when the selector is null

2022-11-30 09:27:57 - [MESSAGE][WARNING] - Web element with id: 'Object Repository/Condicionales/titulo1' located by '//div[@class='main-header'][contains(.,'Radio Button')]' not found

2022-11-30 09:27:57 - [TEST_STEP][PASSED] - if (Existe == true): null

2022-11-30 09:27:57 - [TEST_STEP][PASSED] - else: Browser is closed

2022-11-30 09:27:57 - [TEST_STEP][PASSED] - print("No estas en la página correcta"): null

2022-11-30 09:27:57 - [TEST_STEP][PASSED] - closeBrowser(): Browser is closed

2022-11-30 09:27:58 - [MESSAGE][PASSED] - Browser is closed]]></system-out>
         <system-err><![CDATA[]]></system-err>
      </testcase>
      <testcase name="Test Cases/BUCLES/Reto_For" time="27.203" classname="Test Cases/BUCLES/Reto_For" status="PASSED">
         <system-out><![CDATA[2022-11-30 09:27:58 - [TEST_CASE][PASSED] - Test Cases/BUCLES/Reto_For: Test Cases/BUCLES/Reto_For

2022-11-30 09:27:58 - [TEST_STEP][PASSED] - openBrowser(""): Browser is opened with url: ''

2022-11-30 09:27:58 - [MESSAGE][INFO] - Starting 'Chrome' driver

2022-11-30 09:27:58 - [MESSAGE][INFO] - Action delay is set to 0 milliseconds

2022-11-30 09:27:59 - [MESSAGE][PASSED] - Browser is opened with url: ''

2022-11-30 09:27:59 - [TEST_STEP][PASSED] - navigateToUrl("https://demoqa.com/text-box"): Navigate to 'https://demoqa.com/text-box' successfully

2022-11-30 09:28:07 - [MESSAGE][PASSED] - Navigate to 'https://demoqa.com/text-box' successfully

2022-11-30 09:28:07 - [TEST_STEP][PASSED] - maximizeWindow(): Current window maximized

2022-11-30 09:28:07 - [MESSAGE][PASSED] - Current window maximized

2022-11-30 09:28:07 - [TEST_STEP][PASSED] - waitForPageLoad(5): Wait for page load successfully

2022-11-30 09:28:07 - [MESSAGE][PASSED] - Wait for page load successfully

2022-11-30 09:28:07 - [TEST_STEP][PASSED] - for ([x = 1, x <= 4, (x++)]): Browser is scrolled to position x = 0, y = 100

2022-11-30 09:28:07 - [TEST_STEP][PASSED] - z = ["Carlos", "Erika", "Paco", "Rodrigo", "Juan"]: null

2022-11-30 09:28:07 - [TEST_STEP][PASSED] - rn = new java.util.Random(): null

2022-11-30 09:28:07 - [TEST_STEP][PASSED] - tx_nombre = z[rn.nextInt(size)]: null

2022-11-30 09:28:07 - [TEST_STEP][PASSED] - setText(findTestObject("Object Repository/Reto_for/Page_ToolsQA/input_Full Name_userName"), tx_nombre): Text 'Juan' is set on object 'Object Repository/Reto_for/Page_ToolsQA/input_Full Name_userName'

2022-11-30 09:28:09 - [MESSAGE][PASSED] - Text 'Juan' is set on object 'Object Repository/Reto_for/Page_ToolsQA/input_Full Name_userName'

2022-11-30 09:28:09 - [TEST_STEP][PASSED] - setText(findTestObject("Object Repository/Reto_for/Page_ToolsQA/input_Email_userEmail"), tx_nombre + "@gmail.com"): Text 'Juan@gmail.com' is set on object 'Object Repository/Reto_for/Page_ToolsQA/input_Email_userEmail'

2022-11-30 09:28:10 - [MESSAGE][PASSED] - Text 'Juan@gmail.com' is set on object 'Object Repository/Reto_for/Page_ToolsQA/input_Email_userEmail'

2022-11-30 09:28:10 - [TEST_STEP][PASSED] - setText(findTestObject("Object Repository/Reto_for/Page_ToolsQA/textarea_Current Address_currentAddress"), "Dirección#" + x): Text 'Dirección#1' is set on object 'Object Repository/Reto_for/Page_ToolsQA/textarea_Current Address_currentAddress'

2022-11-30 09:28:11 - [MESSAGE][PASSED] - Text 'Dirección#1' is set on object 'Object Repository/Reto_for/Page_ToolsQA/textarea_Current Address_currentAddress'

2022-11-30 09:28:11 - [TEST_STEP][PASSED] - setText(findTestObject("Object Repository/Reto_for/Page_ToolsQA/textarea_Permanent Address_permanentAddress"), "Dirección dos#" + x): Text 'Dirección dos#1' is set on object 'Object Repository/Reto_for/Page_ToolsQA/textarea_Permanent Address_permanentAddress'

2022-11-30 09:28:12 - [MESSAGE][PASSED] - Text 'Dirección dos#1' is set on object 'Object Repository/Reto_for/Page_ToolsQA/textarea_Permanent Address_permanentAddress'

2022-11-30 09:28:12 - [TEST_STEP][PASSED] - scrollToPosition(0, 500): Browser is scrolled to position x = 0, y = 500

2022-11-30 09:28:12 - [MESSAGE][PASSED] - Browser is scrolled to position x = 0, y = 500

2022-11-30 09:28:12 - [TEST_STEP][PASSED] - click(findTestObject("Object Repository/Reto_for/Page_ToolsQA/button_Submit")): Object: 'Object Repository/Reto_for/Page_ToolsQA/button_Submit' is clicked on

2022-11-30 09:28:12 - [MESSAGE][PASSED] - Object: 'Object Repository/Reto_for/Page_ToolsQA/button_Submit' is clicked on

2022-11-30 09:28:12 - [TEST_STEP][PASSED] - scrollToPosition(0, 100): Browser is scrolled to position x = 0, y = 100

2022-11-30 09:28:12 - [MESSAGE][PASSED] - Browser is scrolled to position x = 0, y = 100

2022-11-30 09:28:12 - [TEST_STEP][PASSED] - z = ["Carlos", "Erika", "Paco", "Rodrigo", "Juan"]: null

2022-11-30 09:28:12 - [TEST_STEP][PASSED] - rn = new java.util.Random(): null

2022-11-30 09:28:12 - [TEST_STEP][PASSED] - tx_nombre = z[rn.nextInt(size)]: null

2022-11-30 09:28:12 - [TEST_STEP][PASSED] - setText(findTestObject("Object Repository/Reto_for/Page_ToolsQA/input_Full Name_userName"), tx_nombre): Text 'Juan' is set on object 'Object Repository/Reto_for/Page_ToolsQA/input_Full Name_userName'

2022-11-30 09:28:13 - [MESSAGE][PASSED] - Text 'Juan' is set on object 'Object Repository/Reto_for/Page_ToolsQA/input_Full Name_userName'

2022-11-30 09:28:13 - [TEST_STEP][PASSED] - setText(findTestObject("Object Repository/Reto_for/Page_ToolsQA/input_Email_userEmail"), tx_nombre + "@gmail.com"): Text 'Juan@gmail.com' is set on object 'Object Repository/Reto_for/Page_ToolsQA/input_Email_userEmail'

2022-11-30 09:28:14 - [MESSAGE][PASSED] - Text 'Juan@gmail.com' is set on object 'Object Repository/Reto_for/Page_ToolsQA/input_Email_userEmail'

2022-11-30 09:28:14 - [TEST_STEP][PASSED] - setText(findTestObject("Object Repository/Reto_for/Page_ToolsQA/textarea_Current Address_currentAddress"), "Dirección#" + x): Text 'Dirección#2' is set on object 'Object Repository/Reto_for/Page_ToolsQA/textarea_Current Address_currentAddress'

2022-11-30 09:28:15 - [MESSAGE][PASSED] - Text 'Dirección#2' is set on object 'Object Repository/Reto_for/Page_ToolsQA/textarea_Current Address_currentAddress'

2022-11-30 09:28:15 - [TEST_STEP][PASSED] - setText(findTestObject("Object Repository/Reto_for/Page_ToolsQA/textarea_Permanent Address_permanentAddress"), "Dirección dos#" + x): Text 'Dirección dos#2' is set on object 'Object Repository/Reto_for/Page_ToolsQA/textarea_Permanent Address_permanentAddress'

2022-11-30 09:28:16 - [MESSAGE][PASSED] - Text 'Dirección dos#2' is set on object 'Object Repository/Reto_for/Page_ToolsQA/textarea_Permanent Address_permanentAddress'

2022-11-30 09:28:16 - [TEST_STEP][PASSED] - scrollToPosition(0, 500): Browser is scrolled to position x = 0, y = 500

2022-11-30 09:28:16 - [MESSAGE][PASSED] - Browser is scrolled to position x = 0, y = 500

2022-11-30 09:28:16 - [TEST_STEP][PASSED] - click(findTestObject("Object Repository/Reto_for/Page_ToolsQA/button_Submit")): Object: 'Object Repository/Reto_for/Page_ToolsQA/button_Submit' is clicked on

2022-11-30 09:28:16 - [MESSAGE][PASSED] - Object: 'Object Repository/Reto_for/Page_ToolsQA/button_Submit' is clicked on

2022-11-30 09:28:16 - [TEST_STEP][PASSED] - scrollToPosition(0, 100): Browser is scrolled to position x = 0, y = 100

2022-11-30 09:28:16 - [MESSAGE][PASSED] - Browser is scrolled to position x = 0, y = 100

2022-11-30 09:28:16 - [TEST_STEP][PASSED] - z = ["Carlos", "Erika", "Paco", "Rodrigo", "Juan"]: null

2022-11-30 09:28:16 - [TEST_STEP][PASSED] - rn = new java.util.Random(): null

2022-11-30 09:28:16 - [TEST_STEP][PASSED] - tx_nombre = z[rn.nextInt(size)]: null

2022-11-30 09:28:16 - [TEST_STEP][PASSED] - setText(findTestObject("Object Repository/Reto_for/Page_ToolsQA/input_Full Name_userName"), tx_nombre): Text 'Rodrigo' is set on object 'Object Repository/Reto_for/Page_ToolsQA/input_Full Name_userName'

2022-11-30 09:28:17 - [MESSAGE][PASSED] - Text 'Rodrigo' is set on object 'Object Repository/Reto_for/Page_ToolsQA/input_Full Name_userName'

2022-11-30 09:28:17 - [TEST_STEP][PASSED] - setText(findTestObject("Object Repository/Reto_for/Page_ToolsQA/input_Email_userEmail"), tx_nombre + "@gmail.com"): Text 'Rodrigo@gmail.com' is set on object 'Object Repository/Reto_for/Page_ToolsQA/input_Email_userEmail'

2022-11-30 09:28:18 - [MESSAGE][PASSED] - Text 'Rodrigo@gmail.com' is set on object 'Object Repository/Reto_for/Page_ToolsQA/input_Email_userEmail'

2022-11-30 09:28:18 - [TEST_STEP][PASSED] - setText(findTestObject("Object Repository/Reto_for/Page_ToolsQA/textarea_Current Address_currentAddress"), "Dirección#" + x): Text 'Dirección#3' is set on object 'Object Repository/Reto_for/Page_ToolsQA/textarea_Current Address_currentAddress'

2022-11-30 09:28:19 - [MESSAGE][PASSED] - Text 'Dirección#3' is set on object 'Object Repository/Reto_for/Page_ToolsQA/textarea_Current Address_currentAddress'

2022-11-30 09:28:19 - [TEST_STEP][PASSED] - setText(findTestObject("Object Repository/Reto_for/Page_ToolsQA/textarea_Permanent Address_permanentAddress"), "Dirección dos#" + x): Text 'Dirección dos#3' is set on object 'Object Repository/Reto_for/Page_ToolsQA/textarea_Permanent Address_permanentAddress'

2022-11-30 09:28:20 - [MESSAGE][PASSED] - Text 'Dirección dos#3' is set on object 'Object Repository/Reto_for/Page_ToolsQA/textarea_Permanent Address_permanentAddress'

2022-11-30 09:28:20 - [TEST_STEP][PASSED] - scrollToPosition(0, 500): Browser is scrolled to position x = 0, y = 500

2022-11-30 09:28:20 - [MESSAGE][PASSED] - Browser is scrolled to position x = 0, y = 500

2022-11-30 09:28:20 - [TEST_STEP][PASSED] - click(findTestObject("Object Repository/Reto_for/Page_ToolsQA/button_Submit")): Object: 'Object Repository/Reto_for/Page_ToolsQA/button_Submit' is clicked on

2022-11-30 09:28:20 - [MESSAGE][PASSED] - Object: 'Object Repository/Reto_for/Page_ToolsQA/button_Submit' is clicked on

2022-11-30 09:28:20 - [TEST_STEP][PASSED] - scrollToPosition(0, 100): Browser is scrolled to position x = 0, y = 100

2022-11-30 09:28:20 - [MESSAGE][PASSED] - Browser is scrolled to position x = 0, y = 100

2022-11-30 09:28:20 - [TEST_STEP][PASSED] - z = ["Carlos", "Erika", "Paco", "Rodrigo", "Juan"]: null

2022-11-30 09:28:20 - [TEST_STEP][PASSED] - rn = new java.util.Random(): null

2022-11-30 09:28:20 - [TEST_STEP][PASSED] - tx_nombre = z[rn.nextInt(size)]: null

2022-11-30 09:28:20 - [TEST_STEP][PASSED] - setText(findTestObject("Object Repository/Reto_for/Page_ToolsQA/input_Full Name_userName"), tx_nombre): Text 'Erika' is set on object 'Object Repository/Reto_for/Page_ToolsQA/input_Full Name_userName'

2022-11-30 09:28:21 - [MESSAGE][PASSED] - Text 'Erika' is set on object 'Object Repository/Reto_for/Page_ToolsQA/input_Full Name_userName'

2022-11-30 09:28:21 - [TEST_STEP][PASSED] - setText(findTestObject("Object Repository/Reto_for/Page_ToolsQA/input_Email_userEmail"), tx_nombre + "@gmail.com"): Text 'Erika@gmail.com' is set on object 'Object Repository/Reto_for/Page_ToolsQA/input_Email_userEmail'

2022-11-30 09:28:22 - [MESSAGE][PASSED] - Text 'Erika@gmail.com' is set on object 'Object Repository/Reto_for/Page_ToolsQA/input_Email_userEmail'

2022-11-30 09:28:22 - [TEST_STEP][PASSED] - setText(findTestObject("Object Repository/Reto_for/Page_ToolsQA/textarea_Current Address_currentAddress"), "Dirección#" + x): Text 'Dirección#4' is set on object 'Object Repository/Reto_for/Page_ToolsQA/textarea_Current Address_currentAddress'

2022-11-30 09:28:23 - [MESSAGE][PASSED] - Text 'Dirección#4' is set on object 'Object Repository/Reto_for/Page_ToolsQA/textarea_Current Address_currentAddress'

2022-11-30 09:28:23 - [TEST_STEP][PASSED] - setText(findTestObject("Object Repository/Reto_for/Page_ToolsQA/textarea_Permanent Address_permanentAddress"), "Dirección dos#" + x): Text 'Dirección dos#4' is set on object 'Object Repository/Reto_for/Page_ToolsQA/textarea_Permanent Address_permanentAddress'

2022-11-30 09:28:24 - [MESSAGE][PASSED] - Text 'Dirección dos#4' is set on object 'Object Repository/Reto_for/Page_ToolsQA/textarea_Permanent Address_permanentAddress'

2022-11-30 09:28:24 - [TEST_STEP][PASSED] - scrollToPosition(0, 500): Browser is scrolled to position x = 0, y = 500

2022-11-30 09:28:24 - [MESSAGE][PASSED] - Browser is scrolled to position x = 0, y = 500

2022-11-30 09:28:24 - [TEST_STEP][PASSED] - click(findTestObject("Object Repository/Reto_for/Page_ToolsQA/button_Submit")): Object: 'Object Repository/Reto_for/Page_ToolsQA/button_Submit' is clicked on

2022-11-30 09:28:24 - [MESSAGE][PASSED] - Object: 'Object Repository/Reto_for/Page_ToolsQA/button_Submit' is clicked on

2022-11-30 09:28:24 - [TEST_STEP][PASSED] - scrollToPosition(0, 100): Browser is scrolled to position x = 0, y = 100

2022-11-30 09:28:24 - [MESSAGE][PASSED] - Browser is scrolled to position x = 0, y = 100

2022-11-30 09:28:24 - [TEST_STEP][PASSED] - closeBrowser(): Browser is closed

2022-11-30 09:28:25 - [MESSAGE][PASSED] - Browser is closed]]></system-out>
         <system-err><![CDATA[]]></system-err>
      </testcase>
      <testcase name="Test Cases/BUCLES/Reto_while" time="10.463" classname="Test Cases/BUCLES/Reto_while" status="PASSED">
         <system-out><![CDATA[2022-11-30 09:28:25 - [TEST_CASE][PASSED] - Test Cases/BUCLES/Reto_while: Test Cases/BUCLES/Reto_while

2022-11-30 09:28:25 - [TEST_STEP][PASSED] - openBrowser(""): Browser is opened with url: ''

2022-11-30 09:28:25 - [MESSAGE][INFO] - Starting 'Chrome' driver

2022-11-30 09:28:25 - [MESSAGE][INFO] - Action delay is set to 0 milliseconds

2022-11-30 09:28:27 - [MESSAGE][PASSED] - Browser is opened with url: ''

2022-11-30 09:28:27 - [TEST_STEP][PASSED] - navigateToUrl("https://www.google.com/"): Navigate to 'https://www.google.com/' successfully

2022-11-30 09:28:28 - [MESSAGE][PASSED] - Navigate to 'https://www.google.com/' successfully

2022-11-30 09:28:28 - [TEST_STEP][PASSED] - Bandera = 0: null

2022-11-30 09:28:28 - [TEST_STEP][PASSED] - while (Bandera != 1): null

2022-11-30 09:28:28 - [TEST_STEP][PASSED] - num = Math.random() * 5 - 1 + 1: null

2022-11-30 09:28:28 - [TEST_STEP][PASSED] - setText(findTestObject("Object Repository/While_google/Page_Google/input__q"), "5+" + num): Text '5+3' is set on object 'Object Repository/While_google/Page_Google/input__q'

2022-11-30 09:28:29 - [MESSAGE][PASSED] - Text '5+3' is set on object 'Object Repository/While_google/Page_Google/input__q'

2022-11-30 09:28:29 - [TEST_STEP][PASSED] - sendKeys(findTestObject("Object Repository/While_google/Page_Google/input__q"), Keys.chord(ENTER)): Keys 'ENTER + ' sent to object: 'Object Repository/While_google/Page_Google/input__q'

2022-11-30 09:28:34 - [MESSAGE][PASSED] - Keys 'ENTER + ' sent to object: 'Object Repository/While_google/Page_Google/input__q'

2022-11-30 09:28:34 - [TEST_STEP][PASSED] - Resultado = getText(findTestObject("While_google/Extras/Resultado_10")): Text of object 'Object Repository/While_google/Extras/Resultado_10' is: '8'

2022-11-30 09:28:35 - [MESSAGE][PASSED] - Text of object 'Object Repository/While_google/Extras/Resultado_10' is: '8'

2022-11-30 09:28:35 - [TEST_STEP][PASSED] - if (Resultado == "8"): Browser is closed

2022-11-30 09:28:35 - [TEST_STEP][PASSED] - Bandera = 1: null

2022-11-30 09:28:35 - [TEST_STEP][PASSED] - print("Listo termina"): null

2022-11-30 09:28:35 - [TEST_STEP][PASSED] - closeBrowser(): Browser is closed

2022-11-30 09:28:36 - [MESSAGE][PASSED] - Browser is closed

2022-11-30 09:28:36 - [TEST_STEP][PASSED] - print(Bandera + "------"): null]]></system-out>
         <system-err><![CDATA[]]></system-err>
      </testcase>
      <testcase name="Test Cases/BUCLES/Reto_while_solucion" time="18.637" classname="Test Cases/BUCLES/Reto_while_solucion" status="PASSED">
         <system-out><![CDATA[2022-11-30 09:28:36 - [TEST_CASE][PASSED] - Test Cases/BUCLES/Reto_while_solucion: Test Cases/BUCLES/Reto_while_solucion

2022-11-30 09:28:36 - [TEST_STEP][PASSED] - openBrowser(""): Browser is opened with url: ''

2022-11-30 09:28:36 - [MESSAGE][INFO] - Starting 'Chrome' driver

2022-11-30 09:28:36 - [MESSAGE][INFO] - Action delay is set to 0 milliseconds

2022-11-30 09:28:37 - [MESSAGE][PASSED] - Browser is opened with url: ''

2022-11-30 09:28:37 - [TEST_STEP][PASSED] - navigateToUrl("https://www.google.com/"): Navigate to 'https://www.google.com/' successfully

2022-11-30 09:28:38 - [MESSAGE][PASSED] - Navigate to 'https://www.google.com/' successfully

2022-11-30 09:28:38 - [TEST_STEP][PASSED] - Res = 0: null

2022-11-30 09:28:38 - [TEST_STEP][PASSED] - while (Res != 8): Browser is closed

2022-11-30 09:28:38 - [TEST_STEP][PASSED] - num = Math.random() * 5 - 1 + 1: null

2022-11-30 09:28:38 - [TEST_STEP][PASSED] - setText(findTestObject("Object Repository/Reto_while1/Page_Google/input__q"), "5+" + num): Text '5+1' is set on object 'Object Repository/Reto_while1/Page_Google/input__q'

2022-11-30 09:28:39 - [MESSAGE][PASSED] - Text '5+1' is set on object 'Object Repository/Reto_while1/Page_Google/input__q'

2022-11-30 09:28:39 - [TEST_STEP][PASSED] - sendKeys(findTestObject("Object Repository/Reto_while1/Page_Google/input__q"), Keys.chord(ENTER)): Keys 'ENTER + ' sent to object: 'Object Repository/Reto_while1/Page_Google/input__q'

2022-11-30 09:28:44 - [MESSAGE][PASSED] - Keys 'ENTER + ' sent to object: 'Object Repository/Reto_while1/Page_Google/input__q'

2022-11-30 09:28:44 - [TEST_STEP][PASSED] - Res = getText(findTestObject("Reto_while1/Resultado_8")).toInteger(): Text of object 'Object Repository/Reto_while1/Resultado_8' is: '6'

2022-11-30 09:28:45 - [MESSAGE][PASSED] - Text of object 'Object Repository/Reto_while1/Resultado_8' is: '6'

2022-11-30 09:28:45 - [TEST_STEP][PASSED] - if (Res == 8): null

2022-11-30 09:28:45 - [TEST_STEP][PASSED] - num = Math.random() * 5 - 1 + 1: null

2022-11-30 09:28:45 - [TEST_STEP][PASSED] - setText(findTestObject("Object Repository/Reto_while1/Page_Google/input__q"), "5+" + num): Text '5+1' is set on object 'Object Repository/Reto_while1/Page_Google/input__q'

2022-11-30 09:28:46 - [MESSAGE][PASSED] - Text '5+1' is set on object 'Object Repository/Reto_while1/Page_Google/input__q'

2022-11-30 09:28:46 - [TEST_STEP][PASSED] - sendKeys(findTestObject("Object Repository/Reto_while1/Page_Google/input__q"), Keys.chord(ENTER)): Keys 'ENTER + ' sent to object: 'Object Repository/Reto_while1/Page_Google/input__q'

2022-11-30 09:28:49 - [MESSAGE][PASSED] - Keys 'ENTER + ' sent to object: 'Object Repository/Reto_while1/Page_Google/input__q'

2022-11-30 09:28:49 - [TEST_STEP][PASSED] - Res = getText(findTestObject("Reto_while1/Resultado_8")).toInteger(): Text of object 'Object Repository/Reto_while1/Resultado_8' is: '6'

2022-11-30 09:28:49 - [MESSAGE][PASSED] - Text of object 'Object Repository/Reto_while1/Resultado_8' is: '6'

2022-11-30 09:28:49 - [TEST_STEP][PASSED] - if (Res == 8): null

2022-11-30 09:28:49 - [TEST_STEP][PASSED] - num = Math.random() * 5 - 1 + 1: null

2022-11-30 09:28:49 - [TEST_STEP][PASSED] - setText(findTestObject("Object Repository/Reto_while1/Page_Google/input__q"), "5+" + num): Text '5+3' is set on object 'Object Repository/Reto_while1/Page_Google/input__q'

2022-11-30 09:28:50 - [MESSAGE][PASSED] - Text '5+3' is set on object 'Object Repository/Reto_while1/Page_Google/input__q'

2022-11-30 09:28:50 - [TEST_STEP][PASSED] - sendKeys(findTestObject("Object Repository/Reto_while1/Page_Google/input__q"), Keys.chord(ENTER)): Keys 'ENTER + ' sent to object: 'Object Repository/Reto_while1/Page_Google/input__q'

2022-11-30 09:28:52 - [MESSAGE][PASSED] - Keys 'ENTER + ' sent to object: 'Object Repository/Reto_while1/Page_Google/input__q'

2022-11-30 09:28:52 - [TEST_STEP][PASSED] - Res = getText(findTestObject("Reto_while1/Resultado_8")).toInteger(): Text of object 'Object Repository/Reto_while1/Resultado_8' is: '8'

2022-11-30 09:28:53 - [MESSAGE][PASSED] - Text of object 'Object Repository/Reto_while1/Resultado_8' is: '8'

2022-11-30 09:28:53 - [TEST_STEP][PASSED] - if (Res == 8): Browser is closed

2022-11-30 09:28:53 - [TEST_STEP][PASSED] - closeBrowser(): Browser is closed

2022-11-30 09:28:54 - [MESSAGE][PASSED] - Browser is closed]]></system-out>
         <system-err><![CDATA[]]></system-err>
      </testcase>
      <testcase name="Test Cases/BUCLES/Test_1" time="29.599" classname="Test Cases/BUCLES/Test_1" status="PASSED">
         <system-out><![CDATA[2022-11-30 09:28:54 - [TEST_CASE][PASSED] - Test Cases/BUCLES/Test_1: Test Cases/BUCLES/Test_1

2022-11-30 09:28:54 - [TEST_STEP][PASSED] - openBrowser(""): Browser is opened with url: ''

2022-11-30 09:28:54 - [MESSAGE][INFO] - Starting 'Chrome' driver

2022-11-30 09:28:54 - [MESSAGE][INFO] - Action delay is set to 0 milliseconds

2022-11-30 09:28:56 - [MESSAGE][PASSED] - Browser is opened with url: ''

2022-11-30 09:28:56 - [TEST_STEP][PASSED] - navigateToUrl("https://demoqa.com/text-box"): Navigate to 'https://demoqa.com/text-box' successfully

2022-11-30 09:29:05 - [MESSAGE][PASSED] - Navigate to 'https://demoqa.com/text-box' successfully

2022-11-30 09:29:05 - [TEST_STEP][PASSED] - for ([x = 1, x <= 2, (x++)]): null

2022-11-30 09:29:05 - [TEST_STEP][PASSED] - openBrowser(""): Browser is opened with url: ''

2022-11-30 09:29:05 - [MESSAGE][WARNING] - A browser is already opened. Closing browser and opening a new one

2022-11-30 09:29:06 - [MESSAGE][INFO] - Starting 'Chrome' driver

2022-11-30 09:29:06 - [MESSAGE][INFO] - Action delay is set to 0 milliseconds

2022-11-30 09:29:08 - [MESSAGE][PASSED] - Browser is opened with url: ''

2022-11-30 09:29:08 - [TEST_STEP][PASSED] - navigateToUrl("https://demoqa.com/text-box"): Navigate to 'https://demoqa.com/text-box' successfully

2022-11-30 09:29:15 - [MESSAGE][PASSED] - Navigate to 'https://demoqa.com/text-box' successfully

2022-11-30 09:29:15 - [TEST_STEP][PASSED] - RN = Math.random() * 10 - 1 + 1: null

2022-11-30 09:29:15 - [TEST_STEP][PASSED] - print("Numero : " + RN + "----"): null

2022-11-30 09:29:15 - [TEST_STEP][PASSED] - z = ["Demo1", "Demo2", "Demo3", "Demo4", "Demo5"]: null

2022-11-30 09:29:15 - [TEST_STEP][PASSED] - rnd = new java.util.Random(): null

2022-11-30 09:29:15 - [TEST_STEP][PASSED] - texto = z[rnd.nextInt(size)]: null

2022-11-30 09:29:15 - [TEST_STEP][PASSED] - print(texto): null

2022-11-30 09:29:15 - [TEST_STEP][PASSED] - openBrowser(""): Browser is opened with url: ''

2022-11-30 09:29:15 - [MESSAGE][WARNING] - A browser is already opened. Closing browser and opening a new one

2022-11-30 09:29:16 - [MESSAGE][INFO] - Starting 'Chrome' driver

2022-11-30 09:29:16 - [MESSAGE][INFO] - Action delay is set to 0 milliseconds

2022-11-30 09:29:18 - [MESSAGE][PASSED] - Browser is opened with url: ''

2022-11-30 09:29:18 - [TEST_STEP][PASSED] - navigateToUrl("https://demoqa.com/text-box"): Navigate to 'https://demoqa.com/text-box' successfully

2022-11-30 09:29:23 - [MESSAGE][PASSED] - Navigate to 'https://demoqa.com/text-box' successfully

2022-11-30 09:29:23 - [TEST_STEP][PASSED] - RN = Math.random() * 10 - 1 + 1: null

2022-11-30 09:29:23 - [TEST_STEP][PASSED] - print("Numero : " + RN + "----"): null

2022-11-30 09:29:23 - [TEST_STEP][PASSED] - z = ["Demo1", "Demo2", "Demo3", "Demo4", "Demo5"]: null

2022-11-30 09:29:23 - [TEST_STEP][PASSED] - rnd = new java.util.Random(): null

2022-11-30 09:29:23 - [TEST_STEP][PASSED] - texto = z[rnd.nextInt(size)]: null

2022-11-30 09:29:23 - [TEST_STEP][PASSED] - print(texto): null

2022-11-30 09:29:23 - [TEST_STEP][PASSED] - closeBrowser(): Browser is closed

2022-11-30 09:29:24 - [MESSAGE][PASSED] - Browser is closed]]></system-out>
         <system-err><![CDATA[]]></system-err>
      </testcase>
      <testcase name="Test Cases/BUCLES/Test_2" time="9.468" classname="Test Cases/BUCLES/Test_2" status="PASSED">
         <system-out><![CDATA[2022-11-30 09:29:24 - [TEST_CASE][PASSED] - Test Cases/BUCLES/Test_2: Test Cases/BUCLES/Test_2

2022-11-30 09:29:24 - [TEST_STEP][PASSED] - openBrowser(""): Browser is opened with url: ''

2022-11-30 09:29:24 - [MESSAGE][INFO] - Starting 'Chrome' driver

2022-11-30 09:29:24 - [MESSAGE][INFO] - Action delay is set to 0 milliseconds

2022-11-30 09:29:25 - [MESSAGE][PASSED] - Browser is opened with url: ''

2022-11-30 09:29:25 - [TEST_STEP][PASSED] - navigateToUrl("https://demoqa.com/text-box"): Navigate to 'https://demoqa.com/text-box' successfully

2022-11-30 09:29:33 - [MESSAGE][PASSED] - Navigate to 'https://demoqa.com/text-box' successfully

2022-11-30 09:29:33 - [TEST_STEP][PASSED] - for ([x = 1, x <= 10, x = x + 2]): null

2022-11-30 09:29:33 - [TEST_STEP][PASSED] - print(" hola mundo " + x + "-------"): null

2022-11-30 09:29:33 - [TEST_STEP][PASSED] - print(" hola mundo " + x + "-------"): null

2022-11-30 09:29:33 - [TEST_STEP][PASSED] - print(" hola mundo " + x + "-------"): null

2022-11-30 09:29:33 - [TEST_STEP][PASSED] - print(" hola mundo " + x + "-------"): null

2022-11-30 09:29:33 - [TEST_STEP][PASSED] - print(" hola mundo " + x + "-------"): null

2022-11-30 09:29:33 - [TEST_STEP][PASSED] - closeBrowser(): Browser is closed

2022-11-30 09:29:33 - [MESSAGE][PASSED] - Browser is closed]]></system-out>
         <system-err><![CDATA[]]></system-err>
      </testcase>
      <testcase name="Test Cases/BUCLES/Test_while" time="11.712" classname="Test Cases/BUCLES/Test_while" status="PASSED">
         <system-out><![CDATA[2022-11-30 09:29:33 - [TEST_CASE][PASSED] - Test Cases/BUCLES/Test_while: Test Cases/BUCLES/Test_while

2022-11-30 09:29:33 - [TEST_STEP][PASSED] - openBrowser(""): Browser is opened with url: ''

2022-11-30 09:29:33 - [MESSAGE][INFO] - Starting 'Chrome' driver

2022-11-30 09:29:33 - [MESSAGE][INFO] - Action delay is set to 0 milliseconds

2022-11-30 09:29:35 - [MESSAGE][PASSED] - Browser is opened with url: ''

2022-11-30 09:29:35 - [TEST_STEP][PASSED] - navigateToUrl("https://demoqa.com/text-box"): Navigate to 'https://demoqa.com/text-box' successfully

2022-11-30 09:29:44 - [MESSAGE][PASSED] - Navigate to 'https://demoqa.com/text-box' successfully

2022-11-30 09:29:44 - [TEST_STEP][PASSED] - maximizeWindow(): Current window maximized

2022-11-30 09:29:44 - [MESSAGE][PASSED] - Current window maximized

2022-11-30 09:29:44 - [TEST_STEP][PASSED] - waitForPageLoad(5): Wait for page load successfully

2022-11-30 09:29:44 - [MESSAGE][PASSED] - Wait for page load successfully

2022-11-30 09:29:44 - [TEST_STEP][PASSED] - x = 1: null

2022-11-30 09:29:44 - [TEST_STEP][PASSED] - while (x <= 3): null

2022-11-30 09:29:44 - [TEST_STEP][PASSED] - print("Hola " + x + "----------"): null

2022-11-30 09:29:44 - [TEST_STEP][PASSED] - (x++): null

2022-11-30 09:29:44 - [TEST_STEP][PASSED] - print("Hola " + x + "----------"): null

2022-11-30 09:29:44 - [TEST_STEP][PASSED] - (x++): null

2022-11-30 09:29:44 - [TEST_STEP][PASSED] - print("Hola " + x + "----------"): null

2022-11-30 09:29:44 - [TEST_STEP][PASSED] - (x++): null

2022-11-30 09:29:44 - [TEST_STEP][PASSED] - closeBrowser(): Browser is closed

2022-11-30 09:29:45 - [MESSAGE][PASSED] - Browser is closed]]></system-out>
         <system-err><![CDATA[]]></system-err>
      </testcase>
      <testcase name="Test Cases/BUCLES/Test_while2" time="9.849" classname="Test Cases/BUCLES/Test_while2" status="PASSED">
         <system-out><![CDATA[2022-11-30 09:29:45 - [TEST_CASE][PASSED] - Test Cases/BUCLES/Test_while2: Test Cases/BUCLES/Test_while2

2022-11-30 09:29:45 - [TEST_STEP][PASSED] - openBrowser(""): Browser is opened with url: ''

2022-11-30 09:29:45 - [MESSAGE][INFO] - Starting 'Chrome' driver

2022-11-30 09:29:45 - [MESSAGE][INFO] - Action delay is set to 0 milliseconds

2022-11-30 09:29:47 - [MESSAGE][PASSED] - Browser is opened with url: ''

2022-11-30 09:29:47 - [TEST_STEP][PASSED] - navigateToUrl("https://demoqa.com/text-box"): Navigate to 'https://demoqa.com/text-box' successfully

2022-11-30 09:29:54 - [MESSAGE][PASSED] - Navigate to 'https://demoqa.com/text-box' successfully

2022-11-30 09:29:54 - [TEST_STEP][PASSED] - maximizeWindow(): Current window maximized

2022-11-30 09:29:54 - [MESSAGE][PASSED] - Current window maximized

2022-11-30 09:29:54 - [TEST_STEP][PASSED] - waitForPageLoad(5): Wait for page load successfully

2022-11-30 09:29:54 - [MESSAGE][PASSED] - Wait for page load successfully

2022-11-30 09:29:54 - [TEST_STEP][PASSED] - x = 1: null

2022-11-30 09:29:54 - [TEST_STEP][PASSED] - while (x <= 5): null

2022-11-30 09:29:54 - [TEST_STEP][PASSED] - print("Valor de X" + x + "------>"): null

2022-11-30 09:29:54 - [TEST_STEP][PASSED] - (x++): null

2022-11-30 09:29:54 - [TEST_STEP][PASSED] - print("Valor de X" + x + "------>"): null

2022-11-30 09:29:54 - [TEST_STEP][PASSED] - (x++): null

2022-11-30 09:29:54 - [TEST_STEP][PASSED] - print("Valor de X" + x + "------>"): null

2022-11-30 09:29:54 - [TEST_STEP][PASSED] - (x++): null

2022-11-30 09:29:54 - [TEST_STEP][PASSED] - print("Valor de X" + x + "------>"): null

2022-11-30 09:29:54 - [TEST_STEP][PASSED] - (x++): null

2022-11-30 09:29:54 - [TEST_STEP][PASSED] - print("Valor de X" + x + "------>"): null

2022-11-30 09:29:54 - [TEST_STEP][PASSED] - (x++): null

2022-11-30 09:29:54 - [TEST_STEP][PASSED] - closeBrowser(): Browser is closed

2022-11-30 09:29:55 - [MESSAGE][PASSED] - Browser is closed]]></system-out>
         <system-err><![CDATA[]]></system-err>
      </testcase>
      <testcase name="Test Cases/Drive_excel/Drive_excel" time="19.456" classname="Test Cases/Drive_excel/Drive_excel" status="PASSED">
         <system-out><![CDATA[2022-11-30 09:29:55 - [TEST_CASE][PASSED] - Test Cases/Drive_excel/Drive_excel: Test Cases/Drive_excel/Drive_excel

2022-11-30 09:29:55 - [TEST_STEP][PASSED] - openBrowser(""): Browser is opened with url: ''

2022-11-30 09:29:55 - [MESSAGE][INFO] - Starting 'Chrome' driver

2022-11-30 09:29:55 - [MESSAGE][INFO] - Action delay is set to 0 milliseconds

2022-11-30 09:29:56 - [MESSAGE][PASSED] - Browser is opened with url: ''

2022-11-30 09:29:56 - [TEST_STEP][PASSED] - navigateToUrl("https://demoqa.com/automation-practice-form"): Navigate to 'https://demoqa.com/automation-practice-form' successfully

2022-11-30 09:30:08 - [MESSAGE][PASSED] - Navigate to 'https://demoqa.com/automation-practice-form' successfully

2022-11-30 09:30:08 - [TEST_STEP][PASSED] - waitForPageLoad(40): Wait for page load successfully

2022-11-30 09:30:08 - [MESSAGE][PASSED] - Wait for page load successfully

2022-11-30 09:30:08 - [TEST_STEP][PASSED] - maximizeWindow(): Current window maximized

2022-11-30 09:30:08 - [MESSAGE][PASSED] - Current window maximized

2022-11-30 09:30:08 - [TEST_STEP][PASSED] - setText(findTestObject("Object Repository/Drive_excel/Page_ToolsQA/input_Name_firstName"), nombre): Text '' is set on object 'Object Repository/Drive_excel/Page_ToolsQA/input_Name_firstName'

2022-11-30 09:30:10 - [MESSAGE][PASSED] - Text '' is set on object 'Object Repository/Drive_excel/Page_ToolsQA/input_Name_firstName'

2022-11-30 09:30:10 - [TEST_STEP][PASSED] - setText(findTestObject("Object Repository/Drive_excel/Page_ToolsQA/input_Name_lastName"), apellido): Text '' is set on object 'Object Repository/Drive_excel/Page_ToolsQA/input_Name_lastName'

2022-11-30 09:30:11 - [MESSAGE][PASSED] - Text '' is set on object 'Object Repository/Drive_excel/Page_ToolsQA/input_Name_lastName'

2022-11-30 09:30:11 - [TEST_STEP][PASSED] - setText(findTestObject("Object Repository/Drive_excel/Page_ToolsQA/input_Email_userEmail"), email): Text '' is set on object 'Object Repository/Drive_excel/Page_ToolsQA/input_Email_userEmail'

2022-11-30 09:30:12 - [MESSAGE][PASSED] - Text '' is set on object 'Object Repository/Drive_excel/Page_ToolsQA/input_Email_userEmail'

2022-11-30 09:30:12 - [TEST_STEP][PASSED] - delay(2): Delayed 2 second(s)

2022-11-30 09:30:14 - [MESSAGE][PASSED] - Delayed 2 second(s)

2022-11-30 09:30:14 - [TEST_STEP][PASSED] - closeBrowser(): Browser is closed

2022-11-30 09:30:14 - [MESSAGE][PASSED] - Browser is closed]]></system-out>
         <system-err><![CDATA[]]></system-err>
      </testcase>
      <system-out><![CDATA[2022-11-30 09:22:21 - [TEST_SUITE][PASSED] - testCLoud: Test Cases/Drive_excel/Drive_excel]]></system-out>
      <system-err><![CDATA[]]></system-err>
   </testsuite>
</testsuites>
