<?xml version="1.0" encoding="UTF-8"?>
<testsuites name="testCLoud" time="580.587" tests="34" failures="0" errors="0">
   <testsuite name="testCLoud" tests="34" failures="0" errors="0" time="580.587" skipped="0" timestamp="2022-11-30 11:36:34" hostname="admin - 192.168.0.13" id="Test Suites/testCLoud">
      <properties>
         <property name="deviceName" value=""/>
         <property name="devicePlatform" value=""/>
         <property name="logFolder" value="C:\\Users\\admin\\git\\KatalonCertificacion\\Reports\\20221130_113619\\testCLoud\\20221130_113619"/>
         <property name="logFiles" value="C:\\Users\\admin\\git\\KatalonCertificacion\\Reports\\20221130_113619\\testCLoud\\20221130_113619\\execution0.log"/>
         <property name="attachments" value=""/>
         <property name="hostName" value="admin - 192.168.0.13"/>
         <property name="os" value="Windows 10 64bit"/>
         <property name="katalonVersion" value="8.5.2.208"/>
         <property name="browser" value="Chrome 107.0.0.0"/>
         <property name="hostAddress" value="192.168.0.13"/>
         <property name="sessionId" value="2459597e9a16f8e14b19712cbe11976d"/>
         <property name="seleniumVersion" value="3.141.59"/>
         <property name="proxyInformation" value="ProxyInformation { proxyOption=NO_PROXY, proxyServerType=HTTP, username=, password=********, proxyServerAddress=, proxyServerPort=0, executionList=&quot;&quot;, isApplyToDesiredCapabilities=true }"/>
         <property name="platform" value="Windows 10"/>
      </properties>
      <testcase name="Test Cases/Navegador/Navegador" time="15.859" classname="Test Cases/Navegador/Navegador" status="PASSED">
         <system-out><![CDATA[2022-11-30 11:36:34 - [TEST_CASE][PASSED] - Test Cases/Navegador/Navegador: Test Cases/Navegador/Navegador

2022-11-30 11:36:35 - [TEST_STEP][PASSED] - openBrowser("https://demoqa.com/text-box"): Browser is opened with url: 'https://demoqa.com/text-box'

2022-11-30 11:36:35 - [MESSAGE][INFO] - Starting 'Chrome' driver

2022-11-30 11:36:35 - [MESSAGE][INFO] - Action delay is set to 0 milliseconds

2022-11-30 11:36:49 - [MESSAGE][PASSED] - Browser is opened with url: 'https://demoqa.com/text-box'

2022-11-30 11:36:49 - [TEST_STEP][PASSED] - maximizeWindow(): Current window maximized

2022-11-30 11:36:49 - [MESSAGE][PASSED] - Current window maximized

2022-11-30 11:36:49 - [TEST_STEP][PASSED] - page_url = getUrl(): Current window's url is: 'https://demoqa.com/text-box'

2022-11-30 11:36:49 - [MESSAGE][PASSED] - Current window's url is: 'https://demoqa.com/text-box'

2022-11-30 11:36:49 - [TEST_STEP][PASSED] - print(page_url): null

2022-11-30 11:36:49 - [TEST_STEP][PASSED] - Titulo = getWindowTitle(): Current window's title is: 'ToolsQA'

2022-11-30 11:36:49 - [MESSAGE][PASSED] - Current window's title is: 'ToolsQA'

2022-11-30 11:36:49 - [TEST_STEP][PASSED] - print("titiulo de la pagina" + Titulo): null

2022-11-30 11:36:49 - [TEST_STEP][PASSED] - closeBrowser(): Browser is closed

2022-11-30 11:36:50 - [MESSAGE][PASSED] - Browser is closed]]></system-out>
         <system-err><![CDATA[]]></system-err>
      </testcase>
      <testcase name="Test Cases/Objecto_xpath/Caso_xpath" time="32.884" classname="Test Cases/Objecto_xpath/Caso_xpath" status="PASSED">
         <system-out><![CDATA[2022-11-30 11:36:50 - [TEST_CASE][PASSED] - Test Cases/Objecto_xpath/Caso_xpath: Test Cases/Objecto_xpath/Caso_xpath

2022-11-30 11:36:51 - [TEST_STEP][PASSED] - openBrowser(""): Browser is opened with url: ''

2022-11-30 11:36:51 - [MESSAGE][INFO] - Starting 'Chrome' driver

2022-11-30 11:36:51 - [MESSAGE][INFO] - Action delay is set to 0 milliseconds

2022-11-30 11:36:52 - [MESSAGE][PASSED] - Browser is opened with url: ''

2022-11-30 11:36:52 - [TEST_STEP][PASSED] - navigateToUrl("https://demoqa.com/text-box"): Navigate to 'https://demoqa.com/text-box' successfully

2022-11-30 11:37:17 - [MESSAGE][PASSED] - Navigate to 'https://demoqa.com/text-box' successfully

2022-11-30 11:37:17 - [TEST_STEP][PASSED] - maximizeWindow(): Current window maximized

2022-11-30 11:37:18 - [MESSAGE][PASSED] - Current window maximized

2022-11-30 11:37:18 - [TEST_STEP][PASSED] - setText(findTestObject("Objeto_xpath/Campo_nombre"), "Ljubo"): Text 'Ljubo' is set on object 'Object Repository/Objeto_xpath/Campo_nombre'

2022-11-30 11:37:19 - [MESSAGE][PASSED] - Text 'Ljubo' is set on object 'Object Repository/Objeto_xpath/Campo_nombre'

2022-11-30 11:37:19 - [TEST_STEP][PASSED] - delay(3): Delayed 3 second(s)

2022-11-30 11:37:22 - [MESSAGE][PASSED] - Delayed 3 second(s)

2022-11-30 11:37:22 - [TEST_STEP][PASSED] - closeBrowser(): Browser is closed

2022-11-30 11:37:23 - [MESSAGE][PASSED] - Browser is closed]]></system-out>
         <system-err><![CDATA[]]></system-err>
      </testcase>
      <testcase name="Test Cases/Condicionales_If/Condicionar_titulo" time="33.405" classname="Test Cases/Condicionales_If/Condicionar_titulo" status="PASSED">
         <system-out><![CDATA[2022-11-30 11:37:23 - [TEST_CASE][PASSED] - Test Cases/Condicionales_If/Condicionar_titulo: Test Cases/Condicionales_If/Condicionar_titulo

2022-11-30 11:37:24 - [TEST_STEP][PASSED] - openBrowser(""): Browser is opened with url: ''

2022-11-30 11:37:24 - [MESSAGE][INFO] - Starting 'Chrome' driver

2022-11-30 11:37:24 - [MESSAGE][INFO] - Action delay is set to 0 milliseconds

2022-11-30 11:37:25 - [MESSAGE][PASSED] - Browser is opened with url: ''

2022-11-30 11:37:25 - [TEST_STEP][PASSED] - navigateToUrl("https://demoqa.com/"): Navigate to 'https://demoqa.com/' successfully

2022-11-30 11:37:38 - [MESSAGE][PASSED] - Navigate to 'https://demoqa.com/' successfully

2022-11-30 11:37:38 - [TEST_STEP][PASSED] - maximizeWindow(): Current window maximized

2022-11-30 11:37:39 - [MESSAGE][PASSED] - Current window maximized

2022-11-30 11:37:39 - [TEST_STEP][PASSED] - waitForPageLoad(5): Wait for page load successfully

2022-11-30 11:37:39 - [MESSAGE][PASSED] - Wait for page load successfully

2022-11-30 11:37:39 - [TEST_STEP][PASSED] - Existe = waitForElementVisible(findTestObject("Condicionales/Texto_radio"), 3): Web element with id: 'Object Repository/Condicionales/Texto_radio' located by '//div[@class='main-header'][contains(.,'Radio Button')]' not found

2022-11-30 11:37:43 - [MESSAGE][INFO] - Unable to find the element located by 'By.xpath: //div[@class='main-header'][contains(.,'Radio Button')]'. Please recheck the objects properties to make sure the desired element is located. 

2022-11-30 11:37:43 - [MESSAGE][WARNING] - [SELF-HEALING] Failed to find element with id 'Object Repository/Condicionales/Texto_radio'. Try using Self-healing.

2022-11-30 11:37:44 - [MESSAGE][INFO] - [SELF-HEALING] No working XPath is found.

2022-11-30 11:37:45 - [MESSAGE][INFO] - Unable to find the element located by 'By.xpath: '. Please recheck the objects properties to make sure the desired element is located. 

2022-11-30 11:37:45 - [MESSAGE][WARNING] - [SELF-HEALING] Cannot find elements when the selector is null

2022-11-30 11:37:45 - [MESSAGE][WARNING] - Web element with id: 'Object Repository/Condicionales/Texto_radio' located by '//div[@class='main-header'][contains(.,'Radio Button')]' not found

2022-11-30 11:37:45 - [TEST_STEP][PASSED] - print(Existe): null

2022-11-30 11:37:45 - [TEST_STEP][PASSED] - if (Existe == true): null

2022-11-30 11:37:45 - [TEST_STEP][PASSED] - else: Browser is closed

2022-11-30 11:37:45 - [TEST_STEP][PASSED] - print("-----  Error no esta el elemento de texto radio ------"): null

2022-11-30 11:37:45 - [TEST_STEP][PASSED] - navigateToUrl("https://demoqa.com/radio-button"): Navigate to 'https://demoqa.com/radio-button' successfully

2022-11-30 11:37:51 - [MESSAGE][PASSED] - Navigate to 'https://demoqa.com/radio-button' successfully

2022-11-30 11:37:51 - [TEST_STEP][PASSED] - click(findTestObject("Condicionales/Objeto_yes")): Object: 'Object Repository/Condicionales/Objeto_yes' is clicked on

2022-11-30 11:37:54 - [MESSAGE][PASSED] - Object: 'Object Repository/Condicionales/Objeto_yes' is clicked on

2022-11-30 11:37:54 - [TEST_STEP][PASSED] - delay(2): Delayed 2 second(s)

2022-11-30 11:37:56 - [MESSAGE][PASSED] - Delayed 2 second(s)

2022-11-30 11:37:56 - [TEST_STEP][PASSED] - closeBrowser(): Browser is closed

2022-11-30 11:37:56 - [MESSAGE][PASSED] - Browser is closed]]></system-out>
         <system-err><![CDATA[]]></system-err>
      </testcase>
      <testcase name="Test Cases/Condicionales_If/Test_1" time="0.634" classname="Test Cases/Condicionales_If/Test_1" status="PASSED">
         <system-out><![CDATA[2022-11-30 11:37:56 - [TEST_CASE][PASSED] - Test Cases/Condicionales_If/Test_1: Test Cases/Condicionales_If/Test_1

2022-11-30 11:37:57 - [TEST_STEP][PASSED] - if (num == 10): null

2022-11-30 11:37:57 - [TEST_STEP][PASSED] - else: null

2022-11-30 11:37:57 - [TEST_STEP][PASSED] - print("El numero no es un 10 es el numero:  " + num + "#####"): null]]></system-out>
         <system-err><![CDATA[]]></system-err>
      </testcase>
      <testcase name="Test Cases/Condicionales_If/Test_2" time="0.459" classname="Test Cases/Condicionales_If/Test_2" status="PASSED">
         <system-out><![CDATA[2022-11-30 11:37:57 - [TEST_CASE][PASSED] - Test Cases/Condicionales_If/Test_2: Test Cases/Condicionales_If/Test_2

2022-11-30 11:37:58 - [TEST_STEP][PASSED] - if (num == 5): null

2022-11-30 11:37:58 - [TEST_STEP][PASSED] - if (num == 10): null

2022-11-30 11:37:58 - [TEST_STEP][PASSED] - println("El valor de la variables es un: 10"): null]]></system-out>
         <system-err><![CDATA[]]></system-err>
      </testcase>
      <testcase name="Test Cases/Condicionales_If/Test_3" time="0.453" classname="Test Cases/Condicionales_If/Test_3" status="PASSED">
         <system-out><![CDATA[2022-11-30 11:37:58 - [TEST_CASE][PASSED] - Test Cases/Condicionales_If/Test_3: Test Cases/Condicionales_If/Test_3

2022-11-30 11:37:58 - [TEST_STEP][PASSED] - if (nombre == "Juan"): null

2022-11-30 11:37:58 - [TEST_STEP][PASSED] - if (nombre == "JUan"): null

2022-11-30 11:37:58 - [TEST_STEP][PASSED] - if (nombre == "juan"): null

2022-11-30 11:37:58 - [TEST_STEP][PASSED] - println("Tu nombre es juan"): null]]></system-out>
         <system-err><![CDATA[]]></system-err>
      </testcase>
      <testcase name="Test Cases/Condicionales_If/Test_4" time="0.487" classname="Test Cases/Condicionales_If/Test_4" status="PASSED">
         <system-out><![CDATA[2022-11-30 11:37:58 - [TEST_CASE][PASSED] - Test Cases/Condicionales_If/Test_4: Test Cases/Condicionales_If/Test_4

2022-11-30 11:37:58 - [TEST_STEP][PASSED] - if (num <= 7): null

2022-11-30 11:37:58 - [TEST_STEP][PASSED] - println("El numero es menor ó igual que 5"): null

2022-11-30 11:37:58 - [TEST_STEP][PASSED] - if (num >= 8): null

2022-11-30 11:37:58 - [TEST_STEP][PASSED] - if (num != 5): null]]></system-out>
         <system-err><![CDATA[]]></system-err>
      </testcase>
      <testcase name="Test Cases/Condicionales_If/Test_edad" time="0.472" classname="Test Cases/Condicionales_If/Test_edad" status="PASSED">
         <system-out><![CDATA[2022-11-30 11:37:58 - [TEST_CASE][PASSED] - Test Cases/Condicionales_If/Test_edad: Test Cases/Condicionales_If/Test_edad

2022-11-30 11:37:59 - [TEST_STEP][PASSED] - if (edad >= 1 && edad <= 17): null

2022-11-30 11:37:59 - [TEST_STEP][PASSED] - else if (edad == 18): null

2022-11-30 11:37:59 - [TEST_STEP][PASSED] - else if (edad <= 0): null

2022-11-30 11:37:59 - [TEST_STEP][PASSED] - else if (edad == 120): null

2022-11-30 11:37:59 - [TEST_STEP][PASSED] - else: null

2022-11-30 11:37:59 - [TEST_STEP][PASSED] - print("No se cumple ninguna de las opciones"): null]]></system-out>
         <system-err><![CDATA[]]></system-err>
      </testcase>
      <testcase name="Test Cases/Condicionales_If/Test_valor" time="21.765" classname="Test Cases/Condicionales_If/Test_valor" status="PASSED">
         <system-out><![CDATA[2022-11-30 11:37:59 - [TEST_CASE][PASSED] - Test Cases/Condicionales_If/Test_valor: Test Cases/Condicionales_If/Test_valor

2022-11-30 11:38:00 - [TEST_STEP][PASSED] - openBrowser(""): Browser is opened with url: ''

2022-11-30 11:38:00 - [MESSAGE][INFO] - Starting 'Chrome' driver

2022-11-30 11:38:00 - [MESSAGE][INFO] - Action delay is set to 0 milliseconds

2022-11-30 11:38:01 - [MESSAGE][PASSED] - Browser is opened with url: ''

2022-11-30 11:38:01 - [TEST_STEP][PASSED] - navigateToUrl("https://demoqa.com/"): Navigate to 'https://demoqa.com/' successfully

2022-11-30 11:38:11 - [MESSAGE][PASSED] - Navigate to 'https://demoqa.com/' successfully

2022-11-30 11:38:11 - [TEST_STEP][PASSED] - maximizeWindow(): Current window maximized

2022-11-30 11:38:11 - [MESSAGE][PASSED] - Current window maximized

2022-11-30 11:38:11 - [TEST_STEP][PASSED] - waitForPageLoad(10): Wait for page load successfully

2022-11-30 11:38:11 - [MESSAGE][PASSED] - Wait for page load successfully

2022-11-30 11:38:11 - [TEST_STEP][PASSED] - Existe = waitForElementVisible(findTestObject("Condicionales/titulo1"), 5): Web element with id: 'Object Repository/Condicionales/titulo1' located by '//div[@class='main-header'][contains(.,'Radio Button')]' not found

2022-11-30 11:38:18 - [MESSAGE][INFO] - Unable to find the element located by 'By.xpath: //div[@class='main-header'][contains(.,'Radio Button')]'. Please recheck the objects properties to make sure the desired element is located. 

2022-11-30 11:38:18 - [MESSAGE][WARNING] - [SELF-HEALING] Failed to find element with id 'Object Repository/Condicionales/titulo1'. Try using Self-healing.

2022-11-30 11:38:19 - [MESSAGE][INFO] - [SELF-HEALING] No working XPath is found.

2022-11-30 11:38:20 - [MESSAGE][INFO] - Unable to find the element located by 'By.xpath: '. Please recheck the objects properties to make sure the desired element is located. 

2022-11-30 11:38:20 - [MESSAGE][WARNING] - [SELF-HEALING] Cannot find elements when the selector is null

2022-11-30 11:38:20 - [MESSAGE][WARNING] - Web element with id: 'Object Repository/Condicionales/titulo1' located by '//div[@class='main-header'][contains(.,'Radio Button')]' not found

2022-11-30 11:38:20 - [TEST_STEP][PASSED] - if (Existe == true): null

2022-11-30 11:38:20 - [TEST_STEP][PASSED] - else: Browser is closed

2022-11-30 11:38:20 - [TEST_STEP][PASSED] - print("No estas en la página correcta"): null

2022-11-30 11:38:20 - [TEST_STEP][PASSED] - closeBrowser(): Browser is closed

2022-11-30 11:38:21 - [MESSAGE][PASSED] - Browser is closed]]></system-out>
         <system-err><![CDATA[]]></system-err>
      </testcase>
      <testcase name="Test Cases/BUCLES/Reto_For" time="33.226" classname="Test Cases/BUCLES/Reto_For" status="PASSED">
         <system-out><![CDATA[2022-11-30 11:38:21 - [TEST_CASE][PASSED] - Test Cases/BUCLES/Reto_For: Test Cases/BUCLES/Reto_For

2022-11-30 11:38:21 - [TEST_STEP][PASSED] - openBrowser(""): Browser is opened with url: ''

2022-11-30 11:38:21 - [MESSAGE][INFO] - Starting 'Chrome' driver

2022-11-30 11:38:21 - [MESSAGE][INFO] - Action delay is set to 0 milliseconds

2022-11-30 11:38:23 - [MESSAGE][PASSED] - Browser is opened with url: ''

2022-11-30 11:38:23 - [TEST_STEP][PASSED] - navigateToUrl("https://demoqa.com/text-box"): Navigate to 'https://demoqa.com/text-box' successfully

2022-11-30 11:38:36 - [MESSAGE][PASSED] - Navigate to 'https://demoqa.com/text-box' successfully

2022-11-30 11:38:36 - [TEST_STEP][PASSED] - maximizeWindow(): Current window maximized

2022-11-30 11:38:36 - [MESSAGE][PASSED] - Current window maximized

2022-11-30 11:38:36 - [TEST_STEP][PASSED] - waitForPageLoad(5): Wait for page load successfully

2022-11-30 11:38:36 - [MESSAGE][PASSED] - Wait for page load successfully

2022-11-30 11:38:36 - [TEST_STEP][PASSED] - for ([x = 1, x <= 4, (x++)]): Browser is scrolled to position x = 0, y = 100

2022-11-30 11:38:36 - [TEST_STEP][PASSED] - z = ["Carlos", "Erika", "Paco", "Rodrigo", "Juan"]: null

2022-11-30 11:38:36 - [TEST_STEP][PASSED] - rn = new java.util.Random(): null

2022-11-30 11:38:36 - [TEST_STEP][PASSED] - tx_nombre = z[rn.nextInt(size)]: null

2022-11-30 11:38:36 - [TEST_STEP][PASSED] - setText(findTestObject("Object Repository/Reto_for/Page_ToolsQA/input_Full Name_userName"), tx_nombre): Text 'Carlos' is set on object 'Object Repository/Reto_for/Page_ToolsQA/input_Full Name_userName'

2022-11-30 11:38:37 - [MESSAGE][PASSED] - Text 'Carlos' is set on object 'Object Repository/Reto_for/Page_ToolsQA/input_Full Name_userName'

2022-11-30 11:38:37 - [TEST_STEP][PASSED] - setText(findTestObject("Object Repository/Reto_for/Page_ToolsQA/input_Email_userEmail"), tx_nombre + "@gmail.com"): Text 'Carlos@gmail.com' is set on object 'Object Repository/Reto_for/Page_ToolsQA/input_Email_userEmail'

2022-11-30 11:38:38 - [MESSAGE][PASSED] - Text 'Carlos@gmail.com' is set on object 'Object Repository/Reto_for/Page_ToolsQA/input_Email_userEmail'

2022-11-30 11:38:38 - [TEST_STEP][PASSED] - setText(findTestObject("Object Repository/Reto_for/Page_ToolsQA/textarea_Current Address_currentAddress"), "Dirección#" + x): Text 'Dirección#1' is set on object 'Object Repository/Reto_for/Page_ToolsQA/textarea_Current Address_currentAddress'

2022-11-30 11:38:39 - [MESSAGE][PASSED] - Text 'Dirección#1' is set on object 'Object Repository/Reto_for/Page_ToolsQA/textarea_Current Address_currentAddress'

2022-11-30 11:38:39 - [TEST_STEP][PASSED] - setText(findTestObject("Object Repository/Reto_for/Page_ToolsQA/textarea_Permanent Address_permanentAddress"), "Dirección dos#" + x): Text 'Dirección dos#1' is set on object 'Object Repository/Reto_for/Page_ToolsQA/textarea_Permanent Address_permanentAddress'

2022-11-30 11:38:41 - [MESSAGE][PASSED] - Text 'Dirección dos#1' is set on object 'Object Repository/Reto_for/Page_ToolsQA/textarea_Permanent Address_permanentAddress'

2022-11-30 11:38:41 - [TEST_STEP][PASSED] - scrollToPosition(0, 500): Browser is scrolled to position x = 0, y = 500

2022-11-30 11:38:41 - [MESSAGE][PASSED] - Browser is scrolled to position x = 0, y = 500

2022-11-30 11:38:41 - [TEST_STEP][PASSED] - click(findTestObject("Object Repository/Reto_for/Page_ToolsQA/button_Submit")): Object: 'Object Repository/Reto_for/Page_ToolsQA/button_Submit' is clicked on

2022-11-30 11:38:41 - [MESSAGE][PASSED] - Object: 'Object Repository/Reto_for/Page_ToolsQA/button_Submit' is clicked on

2022-11-30 11:38:41 - [TEST_STEP][PASSED] - scrollToPosition(0, 100): Browser is scrolled to position x = 0, y = 100

2022-11-30 11:38:41 - [MESSAGE][PASSED] - Browser is scrolled to position x = 0, y = 100

2022-11-30 11:38:41 - [TEST_STEP][PASSED] - z = ["Carlos", "Erika", "Paco", "Rodrigo", "Juan"]: null

2022-11-30 11:38:41 - [TEST_STEP][PASSED] - rn = new java.util.Random(): null

2022-11-30 11:38:41 - [TEST_STEP][PASSED] - tx_nombre = z[rn.nextInt(size)]: null

2022-11-30 11:38:41 - [TEST_STEP][PASSED] - setText(findTestObject("Object Repository/Reto_for/Page_ToolsQA/input_Full Name_userName"), tx_nombre): Text 'Carlos' is set on object 'Object Repository/Reto_for/Page_ToolsQA/input_Full Name_userName'

2022-11-30 11:38:42 - [MESSAGE][PASSED] - Text 'Carlos' is set on object 'Object Repository/Reto_for/Page_ToolsQA/input_Full Name_userName'

2022-11-30 11:38:42 - [TEST_STEP][PASSED] - setText(findTestObject("Object Repository/Reto_for/Page_ToolsQA/input_Email_userEmail"), tx_nombre + "@gmail.com"): Text 'Carlos@gmail.com' is set on object 'Object Repository/Reto_for/Page_ToolsQA/input_Email_userEmail'

2022-11-30 11:38:43 - [MESSAGE][PASSED] - Text 'Carlos@gmail.com' is set on object 'Object Repository/Reto_for/Page_ToolsQA/input_Email_userEmail'

2022-11-30 11:38:43 - [TEST_STEP][PASSED] - setText(findTestObject("Object Repository/Reto_for/Page_ToolsQA/textarea_Current Address_currentAddress"), "Dirección#" + x): Text 'Dirección#2' is set on object 'Object Repository/Reto_for/Page_ToolsQA/textarea_Current Address_currentAddress'

2022-11-30 11:38:44 - [MESSAGE][PASSED] - Text 'Dirección#2' is set on object 'Object Repository/Reto_for/Page_ToolsQA/textarea_Current Address_currentAddress'

2022-11-30 11:38:44 - [TEST_STEP][PASSED] - setText(findTestObject("Object Repository/Reto_for/Page_ToolsQA/textarea_Permanent Address_permanentAddress"), "Dirección dos#" + x): Text 'Dirección dos#2' is set on object 'Object Repository/Reto_for/Page_ToolsQA/textarea_Permanent Address_permanentAddress'

2022-11-30 11:38:45 - [MESSAGE][PASSED] - Text 'Dirección dos#2' is set on object 'Object Repository/Reto_for/Page_ToolsQA/textarea_Permanent Address_permanentAddress'

2022-11-30 11:38:45 - [TEST_STEP][PASSED] - scrollToPosition(0, 500): Browser is scrolled to position x = 0, y = 500

2022-11-30 11:38:45 - [MESSAGE][PASSED] - Browser is scrolled to position x = 0, y = 500

2022-11-30 11:38:45 - [TEST_STEP][PASSED] - click(findTestObject("Object Repository/Reto_for/Page_ToolsQA/button_Submit")): Object: 'Object Repository/Reto_for/Page_ToolsQA/button_Submit' is clicked on

2022-11-30 11:38:45 - [MESSAGE][PASSED] - Object: 'Object Repository/Reto_for/Page_ToolsQA/button_Submit' is clicked on

2022-11-30 11:38:45 - [TEST_STEP][PASSED] - scrollToPosition(0, 100): Browser is scrolled to position x = 0, y = 100

2022-11-30 11:38:45 - [MESSAGE][PASSED] - Browser is scrolled to position x = 0, y = 100

2022-11-30 11:38:45 - [TEST_STEP][PASSED] - z = ["Carlos", "Erika", "Paco", "Rodrigo", "Juan"]: null

2022-11-30 11:38:45 - [TEST_STEP][PASSED] - rn = new java.util.Random(): null

2022-11-30 11:38:45 - [TEST_STEP][PASSED] - tx_nombre = z[rn.nextInt(size)]: null

2022-11-30 11:38:45 - [TEST_STEP][PASSED] - setText(findTestObject("Object Repository/Reto_for/Page_ToolsQA/input_Full Name_userName"), tx_nombre): Text 'Carlos' is set on object 'Object Repository/Reto_for/Page_ToolsQA/input_Full Name_userName'

2022-11-30 11:38:46 - [MESSAGE][PASSED] - Text 'Carlos' is set on object 'Object Repository/Reto_for/Page_ToolsQA/input_Full Name_userName'

2022-11-30 11:38:46 - [TEST_STEP][PASSED] - setText(findTestObject("Object Repository/Reto_for/Page_ToolsQA/input_Email_userEmail"), tx_nombre + "@gmail.com"): Text 'Carlos@gmail.com' is set on object 'Object Repository/Reto_for/Page_ToolsQA/input_Email_userEmail'

2022-11-30 11:38:47 - [MESSAGE][PASSED] - Text 'Carlos@gmail.com' is set on object 'Object Repository/Reto_for/Page_ToolsQA/input_Email_userEmail'

2022-11-30 11:38:47 - [TEST_STEP][PASSED] - setText(findTestObject("Object Repository/Reto_for/Page_ToolsQA/textarea_Current Address_currentAddress"), "Dirección#" + x): Text 'Dirección#3' is set on object 'Object Repository/Reto_for/Page_ToolsQA/textarea_Current Address_currentAddress'

2022-11-30 11:38:48 - [MESSAGE][PASSED] - Text 'Dirección#3' is set on object 'Object Repository/Reto_for/Page_ToolsQA/textarea_Current Address_currentAddress'

2022-11-30 11:38:48 - [TEST_STEP][PASSED] - setText(findTestObject("Object Repository/Reto_for/Page_ToolsQA/textarea_Permanent Address_permanentAddress"), "Dirección dos#" + x): Text 'Dirección dos#3' is set on object 'Object Repository/Reto_for/Page_ToolsQA/textarea_Permanent Address_permanentAddress'

2022-11-30 11:38:49 - [MESSAGE][PASSED] - Text 'Dirección dos#3' is set on object 'Object Repository/Reto_for/Page_ToolsQA/textarea_Permanent Address_permanentAddress'

2022-11-30 11:38:49 - [TEST_STEP][PASSED] - scrollToPosition(0, 500): Browser is scrolled to position x = 0, y = 500

2022-11-30 11:38:49 - [MESSAGE][PASSED] - Browser is scrolled to position x = 0, y = 500

2022-11-30 11:38:49 - [TEST_STEP][PASSED] - click(findTestObject("Object Repository/Reto_for/Page_ToolsQA/button_Submit")): Object: 'Object Repository/Reto_for/Page_ToolsQA/button_Submit' is clicked on

2022-11-30 11:38:49 - [MESSAGE][PASSED] - Object: 'Object Repository/Reto_for/Page_ToolsQA/button_Submit' is clicked on

2022-11-30 11:38:49 - [TEST_STEP][PASSED] - scrollToPosition(0, 100): Browser is scrolled to position x = 0, y = 100

2022-11-30 11:38:49 - [MESSAGE][PASSED] - Browser is scrolled to position x = 0, y = 100

2022-11-30 11:38:49 - [TEST_STEP][PASSED] - z = ["Carlos", "Erika", "Paco", "Rodrigo", "Juan"]: null

2022-11-30 11:38:49 - [TEST_STEP][PASSED] - rn = new java.util.Random(): null

2022-11-30 11:38:49 - [TEST_STEP][PASSED] - tx_nombre = z[rn.nextInt(size)]: null

2022-11-30 11:38:49 - [TEST_STEP][PASSED] - setText(findTestObject("Object Repository/Reto_for/Page_ToolsQA/input_Full Name_userName"), tx_nombre): Text 'Carlos' is set on object 'Object Repository/Reto_for/Page_ToolsQA/input_Full Name_userName'

2022-11-30 11:38:50 - [MESSAGE][PASSED] - Text 'Carlos' is set on object 'Object Repository/Reto_for/Page_ToolsQA/input_Full Name_userName'

2022-11-30 11:38:50 - [TEST_STEP][PASSED] - setText(findTestObject("Object Repository/Reto_for/Page_ToolsQA/input_Email_userEmail"), tx_nombre + "@gmail.com"): Text 'Carlos@gmail.com' is set on object 'Object Repository/Reto_for/Page_ToolsQA/input_Email_userEmail'

2022-11-30 11:38:51 - [MESSAGE][PASSED] - Text 'Carlos@gmail.com' is set on object 'Object Repository/Reto_for/Page_ToolsQA/input_Email_userEmail'

2022-11-30 11:38:51 - [TEST_STEP][PASSED] - setText(findTestObject("Object Repository/Reto_for/Page_ToolsQA/textarea_Current Address_currentAddress"), "Dirección#" + x): Text 'Dirección#4' is set on object 'Object Repository/Reto_for/Page_ToolsQA/textarea_Current Address_currentAddress'

2022-11-30 11:38:52 - [MESSAGE][PASSED] - Text 'Dirección#4' is set on object 'Object Repository/Reto_for/Page_ToolsQA/textarea_Current Address_currentAddress'

2022-11-30 11:38:52 - [TEST_STEP][PASSED] - setText(findTestObject("Object Repository/Reto_for/Page_ToolsQA/textarea_Permanent Address_permanentAddress"), "Dirección dos#" + x): Text 'Dirección dos#4' is set on object 'Object Repository/Reto_for/Page_ToolsQA/textarea_Permanent Address_permanentAddress'

2022-11-30 11:38:53 - [MESSAGE][PASSED] - Text 'Dirección dos#4' is set on object 'Object Repository/Reto_for/Page_ToolsQA/textarea_Permanent Address_permanentAddress'

2022-11-30 11:38:53 - [TEST_STEP][PASSED] - scrollToPosition(0, 500): Browser is scrolled to position x = 0, y = 500

2022-11-30 11:38:53 - [MESSAGE][PASSED] - Browser is scrolled to position x = 0, y = 500

2022-11-30 11:38:53 - [TEST_STEP][PASSED] - click(findTestObject("Object Repository/Reto_for/Page_ToolsQA/button_Submit")): Object: 'Object Repository/Reto_for/Page_ToolsQA/button_Submit' is clicked on

2022-11-30 11:38:53 - [MESSAGE][PASSED] - Object: 'Object Repository/Reto_for/Page_ToolsQA/button_Submit' is clicked on

2022-11-30 11:38:53 - [TEST_STEP][PASSED] - scrollToPosition(0, 100): Browser is scrolled to position x = 0, y = 100

2022-11-30 11:38:53 - [MESSAGE][PASSED] - Browser is scrolled to position x = 0, y = 100

2022-11-30 11:38:53 - [TEST_STEP][PASSED] - closeBrowser(): Browser is closed

2022-11-30 11:38:54 - [MESSAGE][PASSED] - Browser is closed]]></system-out>
         <system-err><![CDATA[]]></system-err>
      </testcase>
      <testcase name="Test Cases/BUCLES/Reto_while" time="25.976" classname="Test Cases/BUCLES/Reto_while" status="PASSED">
         <system-out><![CDATA[2022-11-30 11:38:54 - [TEST_CASE][PASSED] - Test Cases/BUCLES/Reto_while: Test Cases/BUCLES/Reto_while

2022-11-30 11:38:55 - [TEST_STEP][PASSED] - openBrowser(""): Browser is opened with url: ''

2022-11-30 11:38:55 - [MESSAGE][INFO] - Starting 'Chrome' driver

2022-11-30 11:38:55 - [MESSAGE][INFO] - Action delay is set to 0 milliseconds

2022-11-30 11:38:56 - [MESSAGE][PASSED] - Browser is opened with url: ''

2022-11-30 11:38:56 - [TEST_STEP][PASSED] - navigateToUrl("https://www.google.com/"): Navigate to 'https://www.google.com/' successfully

2022-11-30 11:39:06 - [MESSAGE][PASSED] - Navigate to 'https://www.google.com/' successfully

2022-11-30 11:39:06 - [TEST_STEP][PASSED] - Bandera = 0: null

2022-11-30 11:39:06 - [TEST_STEP][PASSED] - while (Bandera != 1): null

2022-11-30 11:39:06 - [TEST_STEP][PASSED] - num = Math.random() * 5 - 1 + 1: null

2022-11-30 11:39:06 - [TEST_STEP][PASSED] - setText(findTestObject("Object Repository/While_google/Page_Google/input__q"), "5+" + num): Text '5+3' is set on object 'Object Repository/While_google/Page_Google/input__q'

2022-11-30 11:39:07 - [MESSAGE][PASSED] - Text '5+3' is set on object 'Object Repository/While_google/Page_Google/input__q'

2022-11-30 11:39:07 - [TEST_STEP][PASSED] - sendKeys(findTestObject("Object Repository/While_google/Page_Google/input__q"), Keys.chord(ENTER)): Keys 'ENTER + ' sent to object: 'Object Repository/While_google/Page_Google/input__q'

2022-11-30 11:39:19 - [MESSAGE][PASSED] - Keys 'ENTER + ' sent to object: 'Object Repository/While_google/Page_Google/input__q'

2022-11-30 11:39:19 - [TEST_STEP][PASSED] - Resultado = getText(findTestObject("While_google/Extras/Resultado_10")): Text of object 'Object Repository/While_google/Extras/Resultado_10' is: '8'

2022-11-30 11:39:19 - [MESSAGE][PASSED] - Text of object 'Object Repository/While_google/Extras/Resultado_10' is: '8'

2022-11-30 11:39:19 - [TEST_STEP][PASSED] - if (Resultado == "8"): Browser is closed

2022-11-30 11:39:19 - [TEST_STEP][PASSED] - Bandera = 1: null

2022-11-30 11:39:19 - [TEST_STEP][PASSED] - print("Listo termina"): null

2022-11-30 11:39:19 - [TEST_STEP][PASSED] - closeBrowser(): Browser is closed

2022-11-30 11:39:20 - [MESSAGE][PASSED] - Browser is closed

2022-11-30 11:39:20 - [TEST_STEP][PASSED] - print(Bandera + "------"): null]]></system-out>
         <system-err><![CDATA[]]></system-err>
      </testcase>
      <testcase name="Test Cases/BUCLES/Reto_while_solucion" time="38.133" classname="Test Cases/BUCLES/Reto_while_solucion" status="PASSED">
         <system-out><![CDATA[2022-11-30 11:39:20 - [TEST_CASE][PASSED] - Test Cases/BUCLES/Reto_while_solucion: Test Cases/BUCLES/Reto_while_solucion

2022-11-30 11:39:20 - [TEST_STEP][PASSED] - openBrowser(""): Browser is opened with url: ''

2022-11-30 11:39:20 - [MESSAGE][INFO] - Starting 'Chrome' driver

2022-11-30 11:39:20 - [MESSAGE][INFO] - Action delay is set to 0 milliseconds

2022-11-30 11:39:22 - [MESSAGE][PASSED] - Browser is opened with url: ''

2022-11-30 11:39:22 - [TEST_STEP][PASSED] - navigateToUrl("https://www.google.com/"): Navigate to 'https://www.google.com/' successfully

2022-11-30 11:39:26 - [MESSAGE][PASSED] - Navigate to 'https://www.google.com/' successfully

2022-11-30 11:39:26 - [TEST_STEP][PASSED] - Res = 0: null

2022-11-30 11:39:26 - [TEST_STEP][PASSED] - while (Res != 8): Browser is closed

2022-11-30 11:39:26 - [TEST_STEP][PASSED] - num = Math.random() * 5 - 1 + 1: null

2022-11-30 11:39:26 - [TEST_STEP][PASSED] - setText(findTestObject("Object Repository/Reto_while1/Page_Google/input__q"), "5+" + num): Text '5+1' is set on object 'Object Repository/Reto_while1/Page_Google/input__q'

2022-11-30 11:39:27 - [MESSAGE][PASSED] - Text '5+1' is set on object 'Object Repository/Reto_while1/Page_Google/input__q'

2022-11-30 11:39:27 - [TEST_STEP][PASSED] - sendKeys(findTestObject("Object Repository/Reto_while1/Page_Google/input__q"), Keys.chord(ENTER)): Keys 'ENTER + ' sent to object: 'Object Repository/Reto_while1/Page_Google/input__q'

2022-11-30 11:39:36 - [MESSAGE][PASSED] - Keys 'ENTER + ' sent to object: 'Object Repository/Reto_while1/Page_Google/input__q'

2022-11-30 11:39:36 - [TEST_STEP][PASSED] - Res = getText(findTestObject("Reto_while1/Resultado_8")).toInteger(): Text of object 'Object Repository/Reto_while1/Resultado_8' is: '6'

2022-11-30 11:39:37 - [MESSAGE][PASSED] - Text of object 'Object Repository/Reto_while1/Resultado_8' is: '6'

2022-11-30 11:39:37 - [TEST_STEP][PASSED] - if (Res == 8): null

2022-11-30 11:39:37 - [TEST_STEP][PASSED] - num = Math.random() * 5 - 1 + 1: null

2022-11-30 11:39:37 - [TEST_STEP][PASSED] - setText(findTestObject("Object Repository/Reto_while1/Page_Google/input__q"), "5+" + num): Text '5+2' is set on object 'Object Repository/Reto_while1/Page_Google/input__q'

2022-11-30 11:39:38 - [MESSAGE][PASSED] - Text '5+2' is set on object 'Object Repository/Reto_while1/Page_Google/input__q'

2022-11-30 11:39:38 - [TEST_STEP][PASSED] - sendKeys(findTestObject("Object Repository/Reto_while1/Page_Google/input__q"), Keys.chord(ENTER)): Keys 'ENTER + ' sent to object: 'Object Repository/Reto_while1/Page_Google/input__q'

2022-11-30 11:39:40 - [MESSAGE][PASSED] - Keys 'ENTER + ' sent to object: 'Object Repository/Reto_while1/Page_Google/input__q'

2022-11-30 11:39:40 - [TEST_STEP][PASSED] - Res = getText(findTestObject("Reto_while1/Resultado_8")).toInteger(): Text of object 'Object Repository/Reto_while1/Resultado_8' is: '7'

2022-11-30 11:39:41 - [MESSAGE][PASSED] - Text of object 'Object Repository/Reto_while1/Resultado_8' is: '7'

2022-11-30 11:39:41 - [TEST_STEP][PASSED] - if (Res == 8): null

2022-11-30 11:39:41 - [TEST_STEP][PASSED] - num = Math.random() * 5 - 1 + 1: null

2022-11-30 11:39:41 - [TEST_STEP][PASSED] - setText(findTestObject("Object Repository/Reto_while1/Page_Google/input__q"), "5+" + num): Text '5+1' is set on object 'Object Repository/Reto_while1/Page_Google/input__q'

2022-11-30 11:39:43 - [MESSAGE][PASSED] - Text '5+1' is set on object 'Object Repository/Reto_while1/Page_Google/input__q'

2022-11-30 11:39:43 - [TEST_STEP][PASSED] - sendKeys(findTestObject("Object Repository/Reto_while1/Page_Google/input__q"), Keys.chord(ENTER)): Keys 'ENTER + ' sent to object: 'Object Repository/Reto_while1/Page_Google/input__q'

2022-11-30 11:39:45 - [MESSAGE][PASSED] - Keys 'ENTER + ' sent to object: 'Object Repository/Reto_while1/Page_Google/input__q'

2022-11-30 11:39:45 - [TEST_STEP][PASSED] - Res = getText(findTestObject("Reto_while1/Resultado_8")).toInteger(): Text of object 'Object Repository/Reto_while1/Resultado_8' is: '6'

2022-11-30 11:39:47 - [MESSAGE][PASSED] - Text of object 'Object Repository/Reto_while1/Resultado_8' is: '6'

2022-11-30 11:39:47 - [TEST_STEP][PASSED] - if (Res == 8): null

2022-11-30 11:39:47 - [TEST_STEP][PASSED] - num = Math.random() * 5 - 1 + 1: null

2022-11-30 11:39:47 - [TEST_STEP][PASSED] - setText(findTestObject("Object Repository/Reto_while1/Page_Google/input__q"), "5+" + num): Text '5+3' is set on object 'Object Repository/Reto_while1/Page_Google/input__q'

2022-11-30 11:39:48 - [MESSAGE][PASSED] - Text '5+3' is set on object 'Object Repository/Reto_while1/Page_Google/input__q'

2022-11-30 11:39:48 - [TEST_STEP][PASSED] - sendKeys(findTestObject("Object Repository/Reto_while1/Page_Google/input__q"), Keys.chord(ENTER)): Keys 'ENTER + ' sent to object: 'Object Repository/Reto_while1/Page_Google/input__q'

2022-11-30 11:39:57 - [MESSAGE][PASSED] - Keys 'ENTER + ' sent to object: 'Object Repository/Reto_while1/Page_Google/input__q'

2022-11-30 11:39:57 - [TEST_STEP][PASSED] - Res = getText(findTestObject("Reto_while1/Resultado_8")).toInteger(): Text of object 'Object Repository/Reto_while1/Resultado_8' is: '8'

2022-11-30 11:39:57 - [MESSAGE][PASSED] - Text of object 'Object Repository/Reto_while1/Resultado_8' is: '8'

2022-11-30 11:39:57 - [TEST_STEP][PASSED] - if (Res == 8): Browser is closed

2022-11-30 11:39:57 - [TEST_STEP][PASSED] - closeBrowser(): Browser is closed

2022-11-30 11:39:58 - [MESSAGE][PASSED] - Browser is closed]]></system-out>
         <system-err><![CDATA[]]></system-err>
      </testcase>
      <testcase name="Test Cases/BUCLES/Test_1" time="39.011" classname="Test Cases/BUCLES/Test_1" status="PASSED">
         <system-out><![CDATA[2022-11-30 11:39:58 - [TEST_CASE][PASSED] - Test Cases/BUCLES/Test_1: Test Cases/BUCLES/Test_1

2022-11-30 11:39:59 - [TEST_STEP][PASSED] - openBrowser(""): Browser is opened with url: ''

2022-11-30 11:39:59 - [MESSAGE][INFO] - Starting 'Chrome' driver

2022-11-30 11:39:59 - [MESSAGE][INFO] - Action delay is set to 0 milliseconds

2022-11-30 11:40:00 - [MESSAGE][PASSED] - Browser is opened with url: ''

2022-11-30 11:40:00 - [TEST_STEP][PASSED] - navigateToUrl("https://demoqa.com/text-box"): Navigate to 'https://demoqa.com/text-box' successfully

2022-11-30 11:40:11 - [MESSAGE][PASSED] - Navigate to 'https://demoqa.com/text-box' successfully

2022-11-30 11:40:11 - [TEST_STEP][PASSED] - for ([x = 1, x <= 2, (x++)]): null

2022-11-30 11:40:11 - [TEST_STEP][PASSED] - openBrowser(""): Browser is opened with url: ''

2022-11-30 11:40:11 - [MESSAGE][WARNING] - A browser is already opened. Closing browser and opening a new one

2022-11-30 11:40:12 - [MESSAGE][INFO] - Starting 'Chrome' driver

2022-11-30 11:40:12 - [MESSAGE][INFO] - Action delay is set to 0 milliseconds

2022-11-30 11:40:14 - [MESSAGE][PASSED] - Browser is opened with url: ''

2022-11-30 11:40:14 - [TEST_STEP][PASSED] - navigateToUrl("https://demoqa.com/text-box"): Navigate to 'https://demoqa.com/text-box' successfully

2022-11-30 11:40:25 - [MESSAGE][PASSED] - Navigate to 'https://demoqa.com/text-box' successfully

2022-11-30 11:40:25 - [TEST_STEP][PASSED] - RN = Math.random() * 10 - 1 + 1: null

2022-11-30 11:40:25 - [TEST_STEP][PASSED] - print("Numero : " + RN + "----"): null

2022-11-30 11:40:25 - [TEST_STEP][PASSED] - z = ["Demo1", "Demo2", "Demo3", "Demo4", "Demo5"]: null

2022-11-30 11:40:25 - [TEST_STEP][PASSED] - rnd = new java.util.Random(): null

2022-11-30 11:40:25 - [TEST_STEP][PASSED] - texto = z[rnd.nextInt(size)]: null

2022-11-30 11:40:25 - [TEST_STEP][PASSED] - print(texto): null

2022-11-30 11:40:25 - [TEST_STEP][PASSED] - openBrowser(""): Browser is opened with url: ''

2022-11-30 11:40:25 - [MESSAGE][WARNING] - A browser is already opened. Closing browser and opening a new one

2022-11-30 11:40:26 - [MESSAGE][INFO] - Starting 'Chrome' driver

2022-11-30 11:40:26 - [MESSAGE][INFO] - Action delay is set to 0 milliseconds

2022-11-30 11:40:27 - [MESSAGE][PASSED] - Browser is opened with url: ''

2022-11-30 11:40:27 - [TEST_STEP][PASSED] - navigateToUrl("https://demoqa.com/text-box"): Navigate to 'https://demoqa.com/text-box' successfully

2022-11-30 11:40:36 - [MESSAGE][PASSED] - Navigate to 'https://demoqa.com/text-box' successfully

2022-11-30 11:40:36 - [TEST_STEP][PASSED] - RN = Math.random() * 10 - 1 + 1: null

2022-11-30 11:40:36 - [TEST_STEP][PASSED] - print("Numero : " + RN + "----"): null

2022-11-30 11:40:36 - [TEST_STEP][PASSED] - z = ["Demo1", "Demo2", "Demo3", "Demo4", "Demo5"]: null

2022-11-30 11:40:36 - [TEST_STEP][PASSED] - rnd = new java.util.Random(): null

2022-11-30 11:40:36 - [TEST_STEP][PASSED] - texto = z[rnd.nextInt(size)]: null

2022-11-30 11:40:36 - [TEST_STEP][PASSED] - print(texto): null

2022-11-30 11:40:36 - [TEST_STEP][PASSED] - closeBrowser(): Browser is closed

2022-11-30 11:40:37 - [MESSAGE][PASSED] - Browser is closed]]></system-out>
         <system-err><![CDATA[]]></system-err>
      </testcase>
      <testcase name="Test Cases/BUCLES/Test_2" time="16.421" classname="Test Cases/BUCLES/Test_2" status="PASSED">
         <system-out><![CDATA[2022-11-30 11:40:37 - [TEST_CASE][PASSED] - Test Cases/BUCLES/Test_2: Test Cases/BUCLES/Test_2

2022-11-30 11:40:38 - [TEST_STEP][PASSED] - openBrowser(""): Browser is opened with url: ''

2022-11-30 11:40:38 - [MESSAGE][INFO] - Starting 'Chrome' driver

2022-11-30 11:40:38 - [MESSAGE][INFO] - Action delay is set to 0 milliseconds

2022-11-30 11:40:39 - [MESSAGE][PASSED] - Browser is opened with url: ''

2022-11-30 11:40:39 - [TEST_STEP][PASSED] - navigateToUrl("https://demoqa.com/text-box"): Navigate to 'https://demoqa.com/text-box' successfully

2022-11-30 11:40:53 - [MESSAGE][PASSED] - Navigate to 'https://demoqa.com/text-box' successfully

2022-11-30 11:40:53 - [TEST_STEP][PASSED] - for ([x = 1, x <= 10, x = x + 2]): null

2022-11-30 11:40:53 - [TEST_STEP][PASSED] - print(" hola mundo " + x + "-------"): null

2022-11-30 11:40:53 - [TEST_STEP][PASSED] - print(" hola mundo " + x + "-------"): null

2022-11-30 11:40:53 - [TEST_STEP][PASSED] - print(" hola mundo " + x + "-------"): null

2022-11-30 11:40:53 - [TEST_STEP][PASSED] - print(" hola mundo " + x + "-------"): null

2022-11-30 11:40:53 - [TEST_STEP][PASSED] - print(" hola mundo " + x + "-------"): null

2022-11-30 11:40:53 - [TEST_STEP][PASSED] - closeBrowser(): Browser is closed

2022-11-30 11:40:54 - [MESSAGE][PASSED] - Browser is closed]]></system-out>
         <system-err><![CDATA[]]></system-err>
      </testcase>
      <testcase name="Test Cases/BUCLES/Test_while" time="15.523" classname="Test Cases/BUCLES/Test_while" status="PASSED">
         <system-out><![CDATA[2022-11-30 11:40:54 - [TEST_CASE][PASSED] - Test Cases/BUCLES/Test_while: Test Cases/BUCLES/Test_while

2022-11-30 11:40:54 - [TEST_STEP][PASSED] - openBrowser(""): Browser is opened with url: ''

2022-11-30 11:40:54 - [MESSAGE][INFO] - Starting 'Chrome' driver

2022-11-30 11:40:54 - [MESSAGE][INFO] - Action delay is set to 0 milliseconds

2022-11-30 11:40:56 - [MESSAGE][PASSED] - Browser is opened with url: ''

2022-11-30 11:40:56 - [TEST_STEP][PASSED] - navigateToUrl("https://demoqa.com/text-box"): Navigate to 'https://demoqa.com/text-box' successfully

2022-11-30 11:41:08 - [MESSAGE][PASSED] - Navigate to 'https://demoqa.com/text-box' successfully

2022-11-30 11:41:08 - [TEST_STEP][PASSED] - maximizeWindow(): Current window maximized

2022-11-30 11:41:08 - [MESSAGE][PASSED] - Current window maximized

2022-11-30 11:41:08 - [TEST_STEP][PASSED] - waitForPageLoad(5): Wait for page load successfully

2022-11-30 11:41:08 - [MESSAGE][PASSED] - Wait for page load successfully

2022-11-30 11:41:08 - [TEST_STEP][PASSED] - x = 1: null

2022-11-30 11:41:08 - [TEST_STEP][PASSED] - while (x <= 3): null

2022-11-30 11:41:08 - [TEST_STEP][PASSED] - print("Hola " + x + "----------"): null

2022-11-30 11:41:08 - [TEST_STEP][PASSED] - (x++): null

2022-11-30 11:41:08 - [TEST_STEP][PASSED] - print("Hola " + x + "----------"): null

2022-11-30 11:41:08 - [TEST_STEP][PASSED] - (x++): null

2022-11-30 11:41:08 - [TEST_STEP][PASSED] - print("Hola " + x + "----------"): null

2022-11-30 11:41:08 - [TEST_STEP][PASSED] - (x++): null

2022-11-30 11:41:08 - [TEST_STEP][PASSED] - closeBrowser(): Browser is closed

2022-11-30 11:41:09 - [MESSAGE][PASSED] - Browser is closed]]></system-out>
         <system-err><![CDATA[]]></system-err>
      </testcase>
      <testcase name="Test Cases/BUCLES/Test_while2" time="16.734" classname="Test Cases/BUCLES/Test_while2" status="PASSED">
         <system-out><![CDATA[2022-11-30 11:41:09 - [TEST_CASE][PASSED] - Test Cases/BUCLES/Test_while2: Test Cases/BUCLES/Test_while2

2022-11-30 11:41:10 - [TEST_STEP][PASSED] - openBrowser(""): Browser is opened with url: ''

2022-11-30 11:41:10 - [MESSAGE][INFO] - Starting 'Chrome' driver

2022-11-30 11:41:10 - [MESSAGE][INFO] - Action delay is set to 0 milliseconds

2022-11-30 11:41:11 - [MESSAGE][PASSED] - Browser is opened with url: ''

2022-11-30 11:41:11 - [TEST_STEP][PASSED] - navigateToUrl("https://demoqa.com/text-box"): Navigate to 'https://demoqa.com/text-box' successfully

2022-11-30 11:41:25 - [MESSAGE][PASSED] - Navigate to 'https://demoqa.com/text-box' successfully

2022-11-30 11:41:25 - [TEST_STEP][PASSED] - maximizeWindow(): Current window maximized

2022-11-30 11:41:25 - [MESSAGE][PASSED] - Current window maximized

2022-11-30 11:41:25 - [TEST_STEP][PASSED] - waitForPageLoad(5): Wait for page load successfully

2022-11-30 11:41:25 - [MESSAGE][PASSED] - Wait for page load successfully

2022-11-30 11:41:25 - [TEST_STEP][PASSED] - x = 1: null

2022-11-30 11:41:25 - [TEST_STEP][PASSED] - while (x <= 5): null

2022-11-30 11:41:25 - [TEST_STEP][PASSED] - print("Valor de X" + x + "------>"): null

2022-11-30 11:41:25 - [TEST_STEP][PASSED] - (x++): null

2022-11-30 11:41:25 - [TEST_STEP][PASSED] - print("Valor de X" + x + "------>"): null

2022-11-30 11:41:25 - [TEST_STEP][PASSED] - (x++): null

2022-11-30 11:41:25 - [TEST_STEP][PASSED] - print("Valor de X" + x + "------>"): null

2022-11-30 11:41:25 - [TEST_STEP][PASSED] - (x++): null

2022-11-30 11:41:25 - [TEST_STEP][PASSED] - print("Valor de X" + x + "------>"): null

2022-11-30 11:41:25 - [TEST_STEP][PASSED] - (x++): null

2022-11-30 11:41:25 - [TEST_STEP][PASSED] - print("Valor de X" + x + "------>"): null

2022-11-30 11:41:25 - [TEST_STEP][PASSED] - (x++): null

2022-11-30 11:41:25 - [TEST_STEP][PASSED] - closeBrowser(): Browser is closed

2022-11-30 11:41:26 - [MESSAGE][PASSED] - Browser is closed]]></system-out>
         <system-err><![CDATA[]]></system-err>
      </testcase>
      <testcase name="Test Cases/Drive_excel/Drive_excel" time="21.242" classname="Test Cases/Drive_excel/Drive_excel" status="PASSED">
         <system-out><![CDATA[2022-11-30 11:41:26 - [TEST_CASE][PASSED] - Test Cases/Drive_excel/Drive_excel: Test Cases/Drive_excel/Drive_excel

2022-11-30 11:41:26 - [TEST_STEP][PASSED] - openBrowser(""): Browser is opened with url: ''

2022-11-30 11:41:26 - [MESSAGE][INFO] - Starting 'Chrome' driver

2022-11-30 11:41:26 - [MESSAGE][INFO] - Action delay is set to 0 milliseconds

2022-11-30 11:41:28 - [MESSAGE][PASSED] - Browser is opened with url: ''

2022-11-30 11:41:28 - [TEST_STEP][PASSED] - navigateToUrl("https://demoqa.com/automation-practice-form"): Navigate to 'https://demoqa.com/automation-practice-form' successfully

2022-11-30 11:41:40 - [MESSAGE][PASSED] - Navigate to 'https://demoqa.com/automation-practice-form' successfully

2022-11-30 11:41:40 - [TEST_STEP][PASSED] - waitForPageLoad(40): Wait for page load successfully

2022-11-30 11:41:40 - [MESSAGE][PASSED] - Wait for page load successfully

2022-11-30 11:41:40 - [TEST_STEP][PASSED] - maximizeWindow(): Current window maximized

2022-11-30 11:41:40 - [MESSAGE][PASSED] - Current window maximized

2022-11-30 11:41:40 - [TEST_STEP][PASSED] - setText(findTestObject("Object Repository/Drive_excel/Page_ToolsQA/input_Name_firstName"), nombre): Text '' is set on object 'Object Repository/Drive_excel/Page_ToolsQA/input_Name_firstName'

2022-11-30 11:41:42 - [MESSAGE][PASSED] - Text '' is set on object 'Object Repository/Drive_excel/Page_ToolsQA/input_Name_firstName'

2022-11-30 11:41:42 - [TEST_STEP][PASSED] - setText(findTestObject("Object Repository/Drive_excel/Page_ToolsQA/input_Name_lastName"), apellido): Text '' is set on object 'Object Repository/Drive_excel/Page_ToolsQA/input_Name_lastName'

2022-11-30 11:41:43 - [MESSAGE][PASSED] - Text '' is set on object 'Object Repository/Drive_excel/Page_ToolsQA/input_Name_lastName'

2022-11-30 11:41:43 - [TEST_STEP][PASSED] - setText(findTestObject("Object Repository/Drive_excel/Page_ToolsQA/input_Email_userEmail"), email): Text '' is set on object 'Object Repository/Drive_excel/Page_ToolsQA/input_Email_userEmail'

2022-11-30 11:41:44 - [MESSAGE][PASSED] - Text '' is set on object 'Object Repository/Drive_excel/Page_ToolsQA/input_Email_userEmail'

2022-11-30 11:41:44 - [TEST_STEP][PASSED] - delay(2): Delayed 2 second(s)

2022-11-30 11:41:46 - [MESSAGE][PASSED] - Delayed 2 second(s)

2022-11-30 11:41:46 - [TEST_STEP][PASSED] - closeBrowser(): Browser is closed

2022-11-30 11:41:47 - [MESSAGE][PASSED] - Browser is closed]]></system-out>
         <system-err><![CDATA[]]></system-err>
      </testcase>
      <testcase name="Test Cases/Navegador/Navegador" time="12.93" classname="Test Cases/Navegador/Navegador" status="PASSED">
         <system-out><![CDATA[2022-11-30 11:41:47 - [TEST_CASE][PASSED] - Test Cases/Navegador/Navegador: Test Cases/Navegador/Navegador

2022-11-30 11:41:47 - [TEST_STEP][PASSED] - openBrowser("https://demoqa.com/text-box"): Browser is opened with url: 'https://demoqa.com/text-box'

2022-11-30 11:41:47 - [MESSAGE][INFO] - Starting 'Chrome' driver

2022-11-30 11:41:47 - [MESSAGE][INFO] - Action delay is set to 0 milliseconds

2022-11-30 11:41:59 - [MESSAGE][PASSED] - Browser is opened with url: 'https://demoqa.com/text-box'

2022-11-30 11:41:59 - [TEST_STEP][PASSED] - maximizeWindow(): Current window maximized

2022-11-30 11:41:59 - [MESSAGE][PASSED] - Current window maximized

2022-11-30 11:41:59 - [TEST_STEP][PASSED] - page_url = getUrl(): Current window's url is: 'https://demoqa.com/text-box'

2022-11-30 11:41:59 - [MESSAGE][PASSED] - Current window's url is: 'https://demoqa.com/text-box'

2022-11-30 11:41:59 - [TEST_STEP][PASSED] - print(page_url): null

2022-11-30 11:41:59 - [TEST_STEP][PASSED] - Titulo = getWindowTitle(): Current window's title is: 'ToolsQA'

2022-11-30 11:41:59 - [MESSAGE][PASSED] - Current window's title is: 'ToolsQA'

2022-11-30 11:41:59 - [TEST_STEP][PASSED] - print("titiulo de la pagina" + Titulo): null

2022-11-30 11:41:59 - [TEST_STEP][PASSED] - closeBrowser(): Browser is closed

2022-11-30 11:42:00 - [MESSAGE][PASSED] - Browser is closed]]></system-out>
         <system-err><![CDATA[]]></system-err>
      </testcase>
      <testcase name="Test Cases/Objecto_xpath/Caso_xpath" time="21.18" classname="Test Cases/Objecto_xpath/Caso_xpath" status="PASSED">
         <system-out><![CDATA[2022-11-30 11:42:00 - [TEST_CASE][PASSED] - Test Cases/Objecto_xpath/Caso_xpath: Test Cases/Objecto_xpath/Caso_xpath

2022-11-30 11:42:00 - [TEST_STEP][PASSED] - openBrowser(""): Browser is opened with url: ''

2022-11-30 11:42:00 - [MESSAGE][INFO] - Starting 'Chrome' driver

2022-11-30 11:42:00 - [MESSAGE][INFO] - Action delay is set to 0 milliseconds

2022-11-30 11:42:02 - [MESSAGE][PASSED] - Browser is opened with url: ''

2022-11-30 11:42:02 - [TEST_STEP][PASSED] - navigateToUrl("https://demoqa.com/text-box"): Navigate to 'https://demoqa.com/text-box' successfully

2022-11-30 11:42:15 - [MESSAGE][PASSED] - Navigate to 'https://demoqa.com/text-box' successfully

2022-11-30 11:42:15 - [TEST_STEP][PASSED] - maximizeWindow(): Current window maximized

2022-11-30 11:42:15 - [MESSAGE][PASSED] - Current window maximized

2022-11-30 11:42:15 - [TEST_STEP][PASSED] - setText(findTestObject("Objeto_xpath/Campo_nombre"), "Ljubo"): Text 'Ljubo' is set on object 'Object Repository/Objeto_xpath/Campo_nombre'

2022-11-30 11:42:17 - [MESSAGE][PASSED] - Text 'Ljubo' is set on object 'Object Repository/Objeto_xpath/Campo_nombre'

2022-11-30 11:42:17 - [TEST_STEP][PASSED] - delay(3): Delayed 3 second(s)

2022-11-30 11:42:20 - [MESSAGE][PASSED] - Delayed 3 second(s)

2022-11-30 11:42:20 - [TEST_STEP][PASSED] - closeBrowser(): Browser is closed

2022-11-30 11:42:21 - [MESSAGE][PASSED] - Browser is closed]]></system-out>
         <system-err><![CDATA[]]></system-err>
      </testcase>
      <testcase name="Test Cases/Condicionales_If/Condicionar_titulo" time="28.895" classname="Test Cases/Condicionales_If/Condicionar_titulo" status="PASSED">
         <system-out><![CDATA[2022-11-30 11:42:21 - [TEST_CASE][PASSED] - Test Cases/Condicionales_If/Condicionar_titulo: Test Cases/Condicionales_If/Condicionar_titulo

2022-11-30 11:42:21 - [TEST_STEP][PASSED] - openBrowser(""): Browser is opened with url: ''

2022-11-30 11:42:21 - [MESSAGE][INFO] - Starting 'Chrome' driver

2022-11-30 11:42:21 - [MESSAGE][INFO] - Action delay is set to 0 milliseconds

2022-11-30 11:42:23 - [MESSAGE][PASSED] - Browser is opened with url: ''

2022-11-30 11:42:23 - [TEST_STEP][PASSED] - navigateToUrl("https://demoqa.com/"): Navigate to 'https://demoqa.com/' successfully

2022-11-30 11:42:35 - [MESSAGE][PASSED] - Navigate to 'https://demoqa.com/' successfully

2022-11-30 11:42:35 - [TEST_STEP][PASSED] - maximizeWindow(): Current window maximized

2022-11-30 11:42:35 - [MESSAGE][PASSED] - Current window maximized

2022-11-30 11:42:35 - [TEST_STEP][PASSED] - waitForPageLoad(5): Wait for page load successfully

2022-11-30 11:42:35 - [MESSAGE][PASSED] - Wait for page load successfully

2022-11-30 11:42:35 - [TEST_STEP][PASSED] - Existe = waitForElementVisible(findTestObject("Condicionales/Texto_radio"), 3): Web element with id: 'Object Repository/Condicionales/Texto_radio' located by '//div[@class='main-header'][contains(.,'Radio Button')]' not found

2022-11-30 11:42:40 - [MESSAGE][INFO] - Unable to find the element located by 'By.xpath: //div[@class='main-header'][contains(.,'Radio Button')]'. Please recheck the objects properties to make sure the desired element is located. 

2022-11-30 11:42:40 - [MESSAGE][WARNING] - [SELF-HEALING] Failed to find element with id 'Object Repository/Condicionales/Texto_radio'. Try using Self-healing.

2022-11-30 11:42:41 - [MESSAGE][INFO] - [SELF-HEALING] No working XPath is found.

2022-11-30 11:42:42 - [MESSAGE][INFO] - Unable to find the element located by 'By.xpath: '. Please recheck the objects properties to make sure the desired element is located. 

2022-11-30 11:42:42 - [MESSAGE][WARNING] - [SELF-HEALING] Cannot find elements when the selector is null

2022-11-30 11:42:42 - [MESSAGE][WARNING] - Web element with id: 'Object Repository/Condicionales/Texto_radio' located by '//div[@class='main-header'][contains(.,'Radio Button')]' not found

2022-11-30 11:42:42 - [TEST_STEP][PASSED] - print(Existe): null

2022-11-30 11:42:42 - [TEST_STEP][PASSED] - if (Existe == true): null

2022-11-30 11:42:42 - [TEST_STEP][PASSED] - else: Browser is closed

2022-11-30 11:42:42 - [TEST_STEP][PASSED] - print("-----  Error no esta el elemento de texto radio ------"): null

2022-11-30 11:42:42 - [TEST_STEP][PASSED] - navigateToUrl("https://demoqa.com/radio-button"): Navigate to 'https://demoqa.com/radio-button' successfully

2022-11-30 11:42:45 - [MESSAGE][PASSED] - Navigate to 'https://demoqa.com/radio-button' successfully

2022-11-30 11:42:45 - [TEST_STEP][PASSED] - click(findTestObject("Condicionales/Objeto_yes")): Object: 'Object Repository/Condicionales/Objeto_yes' is clicked on

2022-11-30 11:42:47 - [MESSAGE][PASSED] - Object: 'Object Repository/Condicionales/Objeto_yes' is clicked on

2022-11-30 11:42:47 - [TEST_STEP][PASSED] - delay(2): Delayed 2 second(s)

2022-11-30 11:42:49 - [MESSAGE][PASSED] - Delayed 2 second(s)

2022-11-30 11:42:49 - [TEST_STEP][PASSED] - closeBrowser(): Browser is closed

2022-11-30 11:42:50 - [MESSAGE][PASSED] - Browser is closed]]></system-out>
         <system-err><![CDATA[]]></system-err>
      </testcase>
      <testcase name="Test Cases/Condicionales_If/Test_1" time="0.057" classname="Test Cases/Condicionales_If/Test_1" status="PASSED">
         <system-out><![CDATA[2022-11-30 11:42:50 - [TEST_CASE][PASSED] - Test Cases/Condicionales_If/Test_1: Test Cases/Condicionales_If/Test_1

2022-11-30 11:42:50 - [TEST_STEP][PASSED] - if (num == 10): null

2022-11-30 11:42:50 - [TEST_STEP][PASSED] - else: null

2022-11-30 11:42:50 - [TEST_STEP][PASSED] - print("El numero no es un 10 es el numero:  " + num + "#####"): null]]></system-out>
         <system-err><![CDATA[]]></system-err>
      </testcase>
      <testcase name="Test Cases/Condicionales_If/Test_2" time="0.033" classname="Test Cases/Condicionales_If/Test_2" status="PASSED">
         <system-out><![CDATA[2022-11-30 11:42:50 - [TEST_CASE][PASSED] - Test Cases/Condicionales_If/Test_2: Test Cases/Condicionales_If/Test_2

2022-11-30 11:42:50 - [TEST_STEP][PASSED] - if (num == 5): null

2022-11-30 11:42:50 - [TEST_STEP][PASSED] - if (num == 10): null

2022-11-30 11:42:50 - [TEST_STEP][PASSED] - println("El valor de la variables es un: 10"): null]]></system-out>
         <system-err><![CDATA[]]></system-err>
      </testcase>
      <testcase name="Test Cases/Condicionales_If/Test_3" time="0.042" classname="Test Cases/Condicionales_If/Test_3" status="PASSED">
         <system-out><![CDATA[2022-11-30 11:42:50 - [TEST_CASE][PASSED] - Test Cases/Condicionales_If/Test_3: Test Cases/Condicionales_If/Test_3

2022-11-30 11:42:50 - [TEST_STEP][PASSED] - if (nombre == "Juan"): null

2022-11-30 11:42:50 - [TEST_STEP][PASSED] - if (nombre == "JUan"): null

2022-11-30 11:42:50 - [TEST_STEP][PASSED] - if (nombre == "juan"): null

2022-11-30 11:42:50 - [TEST_STEP][PASSED] - println("Tu nombre es juan"): null]]></system-out>
         <system-err><![CDATA[]]></system-err>
      </testcase>
      <testcase name="Test Cases/Condicionales_If/Test_4" time="0.066" classname="Test Cases/Condicionales_If/Test_4" status="PASSED">
         <system-out><![CDATA[2022-11-30 11:42:50 - [TEST_CASE][PASSED] - Test Cases/Condicionales_If/Test_4: Test Cases/Condicionales_If/Test_4

2022-11-30 11:42:50 - [TEST_STEP][PASSED] - if (num <= 7): null

2022-11-30 11:42:50 - [TEST_STEP][PASSED] - println("El numero es menor ó igual que 5"): null

2022-11-30 11:42:50 - [TEST_STEP][PASSED] - if (num >= 8): null

2022-11-30 11:42:50 - [TEST_STEP][PASSED] - if (num != 5): null]]></system-out>
         <system-err><![CDATA[]]></system-err>
      </testcase>
      <testcase name="Test Cases/Condicionales_If/Test_edad" time="0.036" classname="Test Cases/Condicionales_If/Test_edad" status="PASSED">
         <system-out><![CDATA[2022-11-30 11:42:50 - [TEST_CASE][PASSED] - Test Cases/Condicionales_If/Test_edad: Test Cases/Condicionales_If/Test_edad

2022-11-30 11:42:50 - [TEST_STEP][PASSED] - if (edad >= 1 && edad <= 17): null

2022-11-30 11:42:50 - [TEST_STEP][PASSED] - else if (edad == 18): null

2022-11-30 11:42:50 - [TEST_STEP][PASSED] - else if (edad <= 0): null

2022-11-30 11:42:50 - [TEST_STEP][PASSED] - else if (edad == 120): null

2022-11-30 11:42:50 - [TEST_STEP][PASSED] - else: null

2022-11-30 11:42:50 - [TEST_STEP][PASSED] - print("No se cumple ninguna de las opciones"): null]]></system-out>
         <system-err><![CDATA[]]></system-err>
      </testcase>
      <testcase name="Test Cases/Condicionales_If/Test_valor" time="22.03" classname="Test Cases/Condicionales_If/Test_valor" status="PASSED">
         <system-out><![CDATA[2022-11-30 11:42:50 - [TEST_CASE][PASSED] - Test Cases/Condicionales_If/Test_valor: Test Cases/Condicionales_If/Test_valor

2022-11-30 11:42:51 - [TEST_STEP][PASSED] - openBrowser(""): Browser is opened with url: ''

2022-11-30 11:42:51 - [MESSAGE][INFO] - Starting 'Chrome' driver

2022-11-30 11:42:51 - [MESSAGE][INFO] - Action delay is set to 0 milliseconds

2022-11-30 11:42:52 - [MESSAGE][PASSED] - Browser is opened with url: ''

2022-11-30 11:42:52 - [TEST_STEP][PASSED] - navigateToUrl("https://demoqa.com/"): Navigate to 'https://demoqa.com/' successfully

2022-11-30 11:43:03 - [MESSAGE][PASSED] - Navigate to 'https://demoqa.com/' successfully

2022-11-30 11:43:03 - [TEST_STEP][PASSED] - maximizeWindow(): Current window maximized

2022-11-30 11:43:03 - [MESSAGE][PASSED] - Current window maximized

2022-11-30 11:43:03 - [TEST_STEP][PASSED] - waitForPageLoad(10): Wait for page load successfully

2022-11-30 11:43:03 - [MESSAGE][PASSED] - Wait for page load successfully

2022-11-30 11:43:03 - [TEST_STEP][PASSED] - Existe = waitForElementVisible(findTestObject("Condicionales/titulo1"), 5): Web element with id: 'Object Repository/Condicionales/titulo1' located by '//div[@class='main-header'][contains(.,'Radio Button')]' not found

2022-11-30 11:43:09 - [MESSAGE][INFO] - Unable to find the element located by 'By.xpath: //div[@class='main-header'][contains(.,'Radio Button')]'. Please recheck the objects properties to make sure the desired element is located. 

2022-11-30 11:43:09 - [MESSAGE][WARNING] - [SELF-HEALING] Failed to find element with id 'Object Repository/Condicionales/titulo1'. Try using Self-healing.

2022-11-30 11:43:10 - [MESSAGE][INFO] - [SELF-HEALING] No working XPath is found.

2022-11-30 11:43:12 - [MESSAGE][INFO] - Unable to find the element located by 'By.xpath: '. Please recheck the objects properties to make sure the desired element is located. 

2022-11-30 11:43:12 - [MESSAGE][WARNING] - [SELF-HEALING] Cannot find elements when the selector is null

2022-11-30 11:43:12 - [MESSAGE][WARNING] - Web element with id: 'Object Repository/Condicionales/titulo1' located by '//div[@class='main-header'][contains(.,'Radio Button')]' not found

2022-11-30 11:43:12 - [TEST_STEP][PASSED] - if (Existe == true): null

2022-11-30 11:43:12 - [TEST_STEP][PASSED] - else: Browser is closed

2022-11-30 11:43:12 - [TEST_STEP][PASSED] - print("No estas en la página correcta"): null

2022-11-30 11:43:12 - [TEST_STEP][PASSED] - closeBrowser(): Browser is closed

2022-11-30 11:43:13 - [MESSAGE][PASSED] - Browser is closed]]></system-out>
         <system-err><![CDATA[]]></system-err>
      </testcase>
      <testcase name="Test Cases/BUCLES/Reto_For" time="32.327" classname="Test Cases/BUCLES/Reto_For" status="PASSED">
         <system-out><![CDATA[2022-11-30 11:43:13 - [TEST_CASE][PASSED] - Test Cases/BUCLES/Reto_For: Test Cases/BUCLES/Reto_For

2022-11-30 11:43:13 - [TEST_STEP][PASSED] - openBrowser(""): Browser is opened with url: ''

2022-11-30 11:43:13 - [MESSAGE][INFO] - Starting 'Chrome' driver

2022-11-30 11:43:13 - [MESSAGE][INFO] - Action delay is set to 0 milliseconds

2022-11-30 11:43:14 - [MESSAGE][PASSED] - Browser is opened with url: ''

2022-11-30 11:43:14 - [TEST_STEP][PASSED] - navigateToUrl("https://demoqa.com/text-box"): Navigate to 'https://demoqa.com/text-box' successfully

2022-11-30 11:43:27 - [MESSAGE][PASSED] - Navigate to 'https://demoqa.com/text-box' successfully

2022-11-30 11:43:27 - [TEST_STEP][PASSED] - maximizeWindow(): Current window maximized

2022-11-30 11:43:27 - [MESSAGE][PASSED] - Current window maximized

2022-11-30 11:43:27 - [TEST_STEP][PASSED] - waitForPageLoad(5): Wait for page load successfully

2022-11-30 11:43:27 - [MESSAGE][PASSED] - Wait for page load successfully

2022-11-30 11:43:27 - [TEST_STEP][PASSED] - for ([x = 1, x <= 4, (x++)]): Browser is scrolled to position x = 0, y = 100

2022-11-30 11:43:27 - [TEST_STEP][PASSED] - z = ["Carlos", "Erika", "Paco", "Rodrigo", "Juan"]: null

2022-11-30 11:43:27 - [TEST_STEP][PASSED] - rn = new java.util.Random(): null

2022-11-30 11:43:27 - [TEST_STEP][PASSED] - tx_nombre = z[rn.nextInt(size)]: null

2022-11-30 11:43:27 - [TEST_STEP][PASSED] - setText(findTestObject("Object Repository/Reto_for/Page_ToolsQA/input_Full Name_userName"), tx_nombre): Text 'Juan' is set on object 'Object Repository/Reto_for/Page_ToolsQA/input_Full Name_userName'

2022-11-30 11:43:29 - [MESSAGE][PASSED] - Text 'Juan' is set on object 'Object Repository/Reto_for/Page_ToolsQA/input_Full Name_userName'

2022-11-30 11:43:29 - [TEST_STEP][PASSED] - setText(findTestObject("Object Repository/Reto_for/Page_ToolsQA/input_Email_userEmail"), tx_nombre + "@gmail.com"): Text 'Juan@gmail.com' is set on object 'Object Repository/Reto_for/Page_ToolsQA/input_Email_userEmail'

2022-11-30 11:43:29 - [MESSAGE][PASSED] - Text 'Juan@gmail.com' is set on object 'Object Repository/Reto_for/Page_ToolsQA/input_Email_userEmail'

2022-11-30 11:43:29 - [TEST_STEP][PASSED] - setText(findTestObject("Object Repository/Reto_for/Page_ToolsQA/textarea_Current Address_currentAddress"), "Dirección#" + x): Text 'Dirección#1' is set on object 'Object Repository/Reto_for/Page_ToolsQA/textarea_Current Address_currentAddress'

2022-11-30 11:43:30 - [MESSAGE][PASSED] - Text 'Dirección#1' is set on object 'Object Repository/Reto_for/Page_ToolsQA/textarea_Current Address_currentAddress'

2022-11-30 11:43:30 - [TEST_STEP][PASSED] - setText(findTestObject("Object Repository/Reto_for/Page_ToolsQA/textarea_Permanent Address_permanentAddress"), "Dirección dos#" + x): Text 'Dirección dos#1' is set on object 'Object Repository/Reto_for/Page_ToolsQA/textarea_Permanent Address_permanentAddress'

2022-11-30 11:43:31 - [MESSAGE][PASSED] - Text 'Dirección dos#1' is set on object 'Object Repository/Reto_for/Page_ToolsQA/textarea_Permanent Address_permanentAddress'

2022-11-30 11:43:31 - [TEST_STEP][PASSED] - scrollToPosition(0, 500): Browser is scrolled to position x = 0, y = 500

2022-11-30 11:43:31 - [MESSAGE][PASSED] - Browser is scrolled to position x = 0, y = 500

2022-11-30 11:43:31 - [TEST_STEP][PASSED] - click(findTestObject("Object Repository/Reto_for/Page_ToolsQA/button_Submit")): Object: 'Object Repository/Reto_for/Page_ToolsQA/button_Submit' is clicked on

2022-11-30 11:43:32 - [MESSAGE][PASSED] - Object: 'Object Repository/Reto_for/Page_ToolsQA/button_Submit' is clicked on

2022-11-30 11:43:32 - [TEST_STEP][PASSED] - scrollToPosition(0, 100): Browser is scrolled to position x = 0, y = 100

2022-11-30 11:43:32 - [MESSAGE][PASSED] - Browser is scrolled to position x = 0, y = 100

2022-11-30 11:43:32 - [TEST_STEP][PASSED] - z = ["Carlos", "Erika", "Paco", "Rodrigo", "Juan"]: null

2022-11-30 11:43:32 - [TEST_STEP][PASSED] - rn = new java.util.Random(): null

2022-11-30 11:43:32 - [TEST_STEP][PASSED] - tx_nombre = z[rn.nextInt(size)]: null

2022-11-30 11:43:32 - [TEST_STEP][PASSED] - setText(findTestObject("Object Repository/Reto_for/Page_ToolsQA/input_Full Name_userName"), tx_nombre): Text 'Juan' is set on object 'Object Repository/Reto_for/Page_ToolsQA/input_Full Name_userName'

2022-11-30 11:43:33 - [MESSAGE][PASSED] - Text 'Juan' is set on object 'Object Repository/Reto_for/Page_ToolsQA/input_Full Name_userName'

2022-11-30 11:43:33 - [TEST_STEP][PASSED] - setText(findTestObject("Object Repository/Reto_for/Page_ToolsQA/input_Email_userEmail"), tx_nombre + "@gmail.com"): Text 'Juan@gmail.com' is set on object 'Object Repository/Reto_for/Page_ToolsQA/input_Email_userEmail'

2022-11-30 11:43:34 - [MESSAGE][PASSED] - Text 'Juan@gmail.com' is set on object 'Object Repository/Reto_for/Page_ToolsQA/input_Email_userEmail'

2022-11-30 11:43:34 - [TEST_STEP][PASSED] - setText(findTestObject("Object Repository/Reto_for/Page_ToolsQA/textarea_Current Address_currentAddress"), "Dirección#" + x): Text 'Dirección#2' is set on object 'Object Repository/Reto_for/Page_ToolsQA/textarea_Current Address_currentAddress'

2022-11-30 11:43:34 - [MESSAGE][PASSED] - Text 'Dirección#2' is set on object 'Object Repository/Reto_for/Page_ToolsQA/textarea_Current Address_currentAddress'

2022-11-30 11:43:34 - [TEST_STEP][PASSED] - setText(findTestObject("Object Repository/Reto_for/Page_ToolsQA/textarea_Permanent Address_permanentAddress"), "Dirección dos#" + x): Text 'Dirección dos#2' is set on object 'Object Repository/Reto_for/Page_ToolsQA/textarea_Permanent Address_permanentAddress'

2022-11-30 11:43:35 - [MESSAGE][PASSED] - Text 'Dirección dos#2' is set on object 'Object Repository/Reto_for/Page_ToolsQA/textarea_Permanent Address_permanentAddress'

2022-11-30 11:43:35 - [TEST_STEP][PASSED] - scrollToPosition(0, 500): Browser is scrolled to position x = 0, y = 500

2022-11-30 11:43:35 - [MESSAGE][PASSED] - Browser is scrolled to position x = 0, y = 500

2022-11-30 11:43:35 - [TEST_STEP][PASSED] - click(findTestObject("Object Repository/Reto_for/Page_ToolsQA/button_Submit")): Object: 'Object Repository/Reto_for/Page_ToolsQA/button_Submit' is clicked on

2022-11-30 11:43:36 - [MESSAGE][PASSED] - Object: 'Object Repository/Reto_for/Page_ToolsQA/button_Submit' is clicked on

2022-11-30 11:43:36 - [TEST_STEP][PASSED] - scrollToPosition(0, 100): Browser is scrolled to position x = 0, y = 100

2022-11-30 11:43:36 - [MESSAGE][PASSED] - Browser is scrolled to position x = 0, y = 100

2022-11-30 11:43:36 - [TEST_STEP][PASSED] - z = ["Carlos", "Erika", "Paco", "Rodrigo", "Juan"]: null

2022-11-30 11:43:36 - [TEST_STEP][PASSED] - rn = new java.util.Random(): null

2022-11-30 11:43:36 - [TEST_STEP][PASSED] - tx_nombre = z[rn.nextInt(size)]: null

2022-11-30 11:43:36 - [TEST_STEP][PASSED] - setText(findTestObject("Object Repository/Reto_for/Page_ToolsQA/input_Full Name_userName"), tx_nombre): Text 'Juan' is set on object 'Object Repository/Reto_for/Page_ToolsQA/input_Full Name_userName'

2022-11-30 11:43:37 - [MESSAGE][PASSED] - Text 'Juan' is set on object 'Object Repository/Reto_for/Page_ToolsQA/input_Full Name_userName'

2022-11-30 11:43:37 - [TEST_STEP][PASSED] - setText(findTestObject("Object Repository/Reto_for/Page_ToolsQA/input_Email_userEmail"), tx_nombre + "@gmail.com"): Text 'Juan@gmail.com' is set on object 'Object Repository/Reto_for/Page_ToolsQA/input_Email_userEmail'

2022-11-30 11:43:38 - [MESSAGE][PASSED] - Text 'Juan@gmail.com' is set on object 'Object Repository/Reto_for/Page_ToolsQA/input_Email_userEmail'

2022-11-30 11:43:38 - [TEST_STEP][PASSED] - setText(findTestObject("Object Repository/Reto_for/Page_ToolsQA/textarea_Current Address_currentAddress"), "Dirección#" + x): Text 'Dirección#3' is set on object 'Object Repository/Reto_for/Page_ToolsQA/textarea_Current Address_currentAddress'

2022-11-30 11:43:38 - [MESSAGE][PASSED] - Text 'Dirección#3' is set on object 'Object Repository/Reto_for/Page_ToolsQA/textarea_Current Address_currentAddress'

2022-11-30 11:43:38 - [TEST_STEP][PASSED] - setText(findTestObject("Object Repository/Reto_for/Page_ToolsQA/textarea_Permanent Address_permanentAddress"), "Dirección dos#" + x): Text 'Dirección dos#3' is set on object 'Object Repository/Reto_for/Page_ToolsQA/textarea_Permanent Address_permanentAddress'

2022-11-30 11:43:39 - [MESSAGE][PASSED] - Text 'Dirección dos#3' is set on object 'Object Repository/Reto_for/Page_ToolsQA/textarea_Permanent Address_permanentAddress'

2022-11-30 11:43:39 - [TEST_STEP][PASSED] - scrollToPosition(0, 500): Browser is scrolled to position x = 0, y = 500

2022-11-30 11:43:40 - [MESSAGE][PASSED] - Browser is scrolled to position x = 0, y = 500

2022-11-30 11:43:40 - [TEST_STEP][PASSED] - click(findTestObject("Object Repository/Reto_for/Page_ToolsQA/button_Submit")): Object: 'Object Repository/Reto_for/Page_ToolsQA/button_Submit' is clicked on

2022-11-30 11:43:40 - [MESSAGE][PASSED] - Object: 'Object Repository/Reto_for/Page_ToolsQA/button_Submit' is clicked on

2022-11-30 11:43:40 - [TEST_STEP][PASSED] - scrollToPosition(0, 100): Browser is scrolled to position x = 0, y = 100

2022-11-30 11:43:40 - [MESSAGE][PASSED] - Browser is scrolled to position x = 0, y = 100

2022-11-30 11:43:40 - [TEST_STEP][PASSED] - z = ["Carlos", "Erika", "Paco", "Rodrigo", "Juan"]: null

2022-11-30 11:43:40 - [TEST_STEP][PASSED] - rn = new java.util.Random(): null

2022-11-30 11:43:40 - [TEST_STEP][PASSED] - tx_nombre = z[rn.nextInt(size)]: null

2022-11-30 11:43:40 - [TEST_STEP][PASSED] - setText(findTestObject("Object Repository/Reto_for/Page_ToolsQA/input_Full Name_userName"), tx_nombre): Text 'Erika' is set on object 'Object Repository/Reto_for/Page_ToolsQA/input_Full Name_userName'

2022-11-30 11:43:41 - [MESSAGE][PASSED] - Text 'Erika' is set on object 'Object Repository/Reto_for/Page_ToolsQA/input_Full Name_userName'

2022-11-30 11:43:41 - [TEST_STEP][PASSED] - setText(findTestObject("Object Repository/Reto_for/Page_ToolsQA/input_Email_userEmail"), tx_nombre + "@gmail.com"): Text 'Erika@gmail.com' is set on object 'Object Repository/Reto_for/Page_ToolsQA/input_Email_userEmail'

2022-11-30 11:43:42 - [MESSAGE][PASSED] - Text 'Erika@gmail.com' is set on object 'Object Repository/Reto_for/Page_ToolsQA/input_Email_userEmail'

2022-11-30 11:43:42 - [TEST_STEP][PASSED] - setText(findTestObject("Object Repository/Reto_for/Page_ToolsQA/textarea_Current Address_currentAddress"), "Dirección#" + x): Text 'Dirección#4' is set on object 'Object Repository/Reto_for/Page_ToolsQA/textarea_Current Address_currentAddress'

2022-11-30 11:43:43 - [MESSAGE][PASSED] - Text 'Dirección#4' is set on object 'Object Repository/Reto_for/Page_ToolsQA/textarea_Current Address_currentAddress'

2022-11-30 11:43:43 - [TEST_STEP][PASSED] - setText(findTestObject("Object Repository/Reto_for/Page_ToolsQA/textarea_Permanent Address_permanentAddress"), "Dirección dos#" + x): Text 'Dirección dos#4' is set on object 'Object Repository/Reto_for/Page_ToolsQA/textarea_Permanent Address_permanentAddress'

2022-11-30 11:43:44 - [MESSAGE][PASSED] - Text 'Dirección dos#4' is set on object 'Object Repository/Reto_for/Page_ToolsQA/textarea_Permanent Address_permanentAddress'

2022-11-30 11:43:44 - [TEST_STEP][PASSED] - scrollToPosition(0, 500): Browser is scrolled to position x = 0, y = 500

2022-11-30 11:43:44 - [MESSAGE][PASSED] - Browser is scrolled to position x = 0, y = 500

2022-11-30 11:43:44 - [TEST_STEP][PASSED] - click(findTestObject("Object Repository/Reto_for/Page_ToolsQA/button_Submit")): Object: 'Object Repository/Reto_for/Page_ToolsQA/button_Submit' is clicked on

2022-11-30 11:43:44 - [MESSAGE][PASSED] - Object: 'Object Repository/Reto_for/Page_ToolsQA/button_Submit' is clicked on

2022-11-30 11:43:44 - [TEST_STEP][PASSED] - scrollToPosition(0, 100): Browser is scrolled to position x = 0, y = 100

2022-11-30 11:43:44 - [MESSAGE][PASSED] - Browser is scrolled to position x = 0, y = 100

2022-11-30 11:43:44 - [TEST_STEP][PASSED] - closeBrowser(): Browser is closed

2022-11-30 11:43:45 - [MESSAGE][PASSED] - Browser is closed]]></system-out>
         <system-err><![CDATA[]]></system-err>
      </testcase>
      <testcase name="Test Cases/BUCLES/Reto_while" time="22.992" classname="Test Cases/BUCLES/Reto_while" status="PASSED">
         <system-out><![CDATA[2022-11-30 11:43:45 - [TEST_CASE][PASSED] - Test Cases/BUCLES/Reto_while: Test Cases/BUCLES/Reto_while

2022-11-30 11:43:45 - [TEST_STEP][PASSED] - openBrowser(""): Browser is opened with url: ''

2022-11-30 11:43:45 - [MESSAGE][INFO] - Starting 'Chrome' driver

2022-11-30 11:43:45 - [MESSAGE][INFO] - Action delay is set to 0 milliseconds

2022-11-30 11:43:46 - [MESSAGE][PASSED] - Browser is opened with url: ''

2022-11-30 11:43:46 - [TEST_STEP][PASSED] - navigateToUrl("https://www.google.com/"): Navigate to 'https://www.google.com/' successfully

2022-11-30 11:43:50 - [MESSAGE][PASSED] - Navigate to 'https://www.google.com/' successfully

2022-11-30 11:43:50 - [TEST_STEP][PASSED] - Bandera = 0: null

2022-11-30 11:43:50 - [TEST_STEP][PASSED] - while (Bandera != 1): null

2022-11-30 11:43:50 - [TEST_STEP][PASSED] - num = Math.random() * 5 - 1 + 1: null

2022-11-30 11:43:50 - [TEST_STEP][PASSED] - setText(findTestObject("Object Repository/While_google/Page_Google/input__q"), "5+" + num): Text '5+4' is set on object 'Object Repository/While_google/Page_Google/input__q'

2022-11-30 11:43:51 - [MESSAGE][PASSED] - Text '5+4' is set on object 'Object Repository/While_google/Page_Google/input__q'

2022-11-30 11:43:51 - [TEST_STEP][PASSED] - sendKeys(findTestObject("Object Repository/While_google/Page_Google/input__q"), Keys.chord(ENTER)): Keys 'ENTER + ' sent to object: 'Object Repository/While_google/Page_Google/input__q'

2022-11-30 11:43:57 - [MESSAGE][PASSED] - Keys 'ENTER + ' sent to object: 'Object Repository/While_google/Page_Google/input__q'

2022-11-30 11:43:57 - [TEST_STEP][PASSED] - Resultado = getText(findTestObject("While_google/Extras/Resultado_10")): Text of object 'Object Repository/While_google/Extras/Resultado_10' is: '9'

2022-11-30 11:43:58 - [MESSAGE][PASSED] - Text of object 'Object Repository/While_google/Extras/Resultado_10' is: '9'

2022-11-30 11:43:58 - [TEST_STEP][PASSED] - if (Resultado == "8"): null

2022-11-30 11:43:58 - [TEST_STEP][PASSED] - else: null

2022-11-30 11:43:58 - [TEST_STEP][PASSED] - Bandera = 0: null

2022-11-30 11:43:58 - [TEST_STEP][PASSED] - print(Bandera + "------"): null

2022-11-30 11:43:58 - [TEST_STEP][PASSED] - num = Math.random() * 5 - 1 + 1: null

2022-11-30 11:43:58 - [TEST_STEP][PASSED] - setText(findTestObject("Object Repository/While_google/Page_Google/input__q"), "5+" + num): Text '5+3' is set on object 'Object Repository/While_google/Page_Google/input__q'

2022-11-30 11:43:59 - [MESSAGE][PASSED] - Text '5+3' is set on object 'Object Repository/While_google/Page_Google/input__q'

2022-11-30 11:43:59 - [TEST_STEP][PASSED] - sendKeys(findTestObject("Object Repository/While_google/Page_Google/input__q"), Keys.chord(ENTER)): Keys 'ENTER + ' sent to object: 'Object Repository/While_google/Page_Google/input__q'

2022-11-30 11:44:06 - [MESSAGE][PASSED] - Keys 'ENTER + ' sent to object: 'Object Repository/While_google/Page_Google/input__q'

2022-11-30 11:44:06 - [TEST_STEP][PASSED] - Resultado = getText(findTestObject("While_google/Extras/Resultado_10")): Text of object 'Object Repository/While_google/Extras/Resultado_10' is: '8'

2022-11-30 11:44:07 - [MESSAGE][PASSED] - Text of object 'Object Repository/While_google/Extras/Resultado_10' is: '8'

2022-11-30 11:44:07 - [TEST_STEP][PASSED] - if (Resultado == "8"): Browser is closed

2022-11-30 11:44:07 - [TEST_STEP][PASSED] - Bandera = 1: null

2022-11-30 11:44:07 - [TEST_STEP][PASSED] - print("Listo termina"): null

2022-11-30 11:44:07 - [TEST_STEP][PASSED] - closeBrowser(): Browser is closed

2022-11-30 11:44:08 - [MESSAGE][PASSED] - Browser is closed

2022-11-30 11:44:08 - [TEST_STEP][PASSED] - print(Bandera + "------"): null]]></system-out>
         <system-err><![CDATA[]]></system-err>
      </testcase>
      <testcase name="Test Cases/BUCLES/Reto_while_solucion" time="31.411" classname="Test Cases/BUCLES/Reto_while_solucion" status="PASSED">
         <system-out><![CDATA[2022-11-30 11:44:08 - [TEST_CASE][PASSED] - Test Cases/BUCLES/Reto_while_solucion: Test Cases/BUCLES/Reto_while_solucion

2022-11-30 11:44:08 - [TEST_STEP][PASSED] - openBrowser(""): Browser is opened with url: ''

2022-11-30 11:44:08 - [MESSAGE][INFO] - Starting 'Chrome' driver

2022-11-30 11:44:08 - [MESSAGE][INFO] - Action delay is set to 0 milliseconds

2022-11-30 11:44:09 - [MESSAGE][PASSED] - Browser is opened with url: ''

2022-11-30 11:44:09 - [TEST_STEP][PASSED] - navigateToUrl("https://www.google.com/"): Navigate to 'https://www.google.com/' successfully

2022-11-30 11:44:15 - [MESSAGE][PASSED] - Navigate to 'https://www.google.com/' successfully

2022-11-30 11:44:15 - [TEST_STEP][PASSED] - Res = 0: null

2022-11-30 11:44:15 - [TEST_STEP][PASSED] - while (Res != 8): Browser is closed

2022-11-30 11:44:15 - [TEST_STEP][PASSED] - num = Math.random() * 5 - 1 + 1: null

2022-11-30 11:44:15 - [TEST_STEP][PASSED] - setText(findTestObject("Object Repository/Reto_while1/Page_Google/input__q"), "5+" + num): Text '5+2' is set on object 'Object Repository/Reto_while1/Page_Google/input__q'

2022-11-30 11:44:16 - [MESSAGE][PASSED] - Text '5+2' is set on object 'Object Repository/Reto_while1/Page_Google/input__q'

2022-11-30 11:44:16 - [TEST_STEP][PASSED] - sendKeys(findTestObject("Object Repository/Reto_while1/Page_Google/input__q"), Keys.chord(ENTER)): Keys 'ENTER + ' sent to object: 'Object Repository/Reto_while1/Page_Google/input__q'

2022-11-30 11:44:24 - [MESSAGE][PASSED] - Keys 'ENTER + ' sent to object: 'Object Repository/Reto_while1/Page_Google/input__q'

2022-11-30 11:44:24 - [TEST_STEP][PASSED] - Res = getText(findTestObject("Reto_while1/Resultado_8")).toInteger(): Text of object 'Object Repository/Reto_while1/Resultado_8' is: '7'

2022-11-30 11:44:25 - [MESSAGE][PASSED] - Text of object 'Object Repository/Reto_while1/Resultado_8' is: '7'

2022-11-30 11:44:25 - [TEST_STEP][PASSED] - if (Res == 8): null

2022-11-30 11:44:25 - [TEST_STEP][PASSED] - num = Math.random() * 5 - 1 + 1: null

2022-11-30 11:44:25 - [TEST_STEP][PASSED] - setText(findTestObject("Object Repository/Reto_while1/Page_Google/input__q"), "5+" + num): Text '5+2' is set on object 'Object Repository/Reto_while1/Page_Google/input__q'

2022-11-30 11:44:26 - [MESSAGE][PASSED] - Text '5+2' is set on object 'Object Repository/Reto_while1/Page_Google/input__q'

2022-11-30 11:44:26 - [TEST_STEP][PASSED] - sendKeys(findTestObject("Object Repository/Reto_while1/Page_Google/input__q"), Keys.chord(ENTER)): Keys 'ENTER + ' sent to object: 'Object Repository/Reto_while1/Page_Google/input__q'

2022-11-30 11:44:30 - [MESSAGE][PASSED] - Keys 'ENTER + ' sent to object: 'Object Repository/Reto_while1/Page_Google/input__q'

2022-11-30 11:44:30 - [TEST_STEP][PASSED] - Res = getText(findTestObject("Reto_while1/Resultado_8")).toInteger(): Text of object 'Object Repository/Reto_while1/Resultado_8' is: '7'

2022-11-30 11:44:30 - [MESSAGE][PASSED] - Text of object 'Object Repository/Reto_while1/Resultado_8' is: '7'

2022-11-30 11:44:30 - [TEST_STEP][PASSED] - if (Res == 8): null

2022-11-30 11:44:30 - [TEST_STEP][PASSED] - num = Math.random() * 5 - 1 + 1: null

2022-11-30 11:44:30 - [TEST_STEP][PASSED] - setText(findTestObject("Object Repository/Reto_while1/Page_Google/input__q"), "5+" + num): Text '5+3' is set on object 'Object Repository/Reto_while1/Page_Google/input__q'

2022-11-30 11:44:31 - [MESSAGE][PASSED] - Text '5+3' is set on object 'Object Repository/Reto_while1/Page_Google/input__q'

2022-11-30 11:44:31 - [TEST_STEP][PASSED] - sendKeys(findTestObject("Object Repository/Reto_while1/Page_Google/input__q"), Keys.chord(ENTER)): Keys 'ENTER + ' sent to object: 'Object Repository/Reto_while1/Page_Google/input__q'

2022-11-30 11:44:38 - [MESSAGE][PASSED] - Keys 'ENTER + ' sent to object: 'Object Repository/Reto_while1/Page_Google/input__q'

2022-11-30 11:44:38 - [TEST_STEP][PASSED] - Res = getText(findTestObject("Reto_while1/Resultado_8")).toInteger(): Text of object 'Object Repository/Reto_while1/Resultado_8' is: '8'

2022-11-30 11:44:39 - [MESSAGE][PASSED] - Text of object 'Object Repository/Reto_while1/Resultado_8' is: '8'

2022-11-30 11:44:39 - [TEST_STEP][PASSED] - if (Res == 8): Browser is closed

2022-11-30 11:44:39 - [TEST_STEP][PASSED] - closeBrowser(): Browser is closed

2022-11-30 11:44:39 - [MESSAGE][PASSED] - Browser is closed]]></system-out>
         <system-err><![CDATA[]]></system-err>
      </testcase>
      <testcase name="Test Cases/BUCLES/Test_1" time="34.748" classname="Test Cases/BUCLES/Test_1" status="PASSED">
         <system-out><![CDATA[2022-11-30 11:44:39 - [TEST_CASE][PASSED] - Test Cases/BUCLES/Test_1: Test Cases/BUCLES/Test_1

2022-11-30 11:44:39 - [TEST_STEP][PASSED] - openBrowser(""): Browser is opened with url: ''

2022-11-30 11:44:39 - [MESSAGE][INFO] - Starting 'Chrome' driver

2022-11-30 11:44:39 - [MESSAGE][INFO] - Action delay is set to 0 milliseconds

2022-11-30 11:44:41 - [MESSAGE][PASSED] - Browser is opened with url: ''

2022-11-30 11:44:41 - [TEST_STEP][PASSED] - navigateToUrl("https://demoqa.com/text-box"): Navigate to 'https://demoqa.com/text-box' successfully

2022-11-30 11:44:52 - [MESSAGE][PASSED] - Navigate to 'https://demoqa.com/text-box' successfully

2022-11-30 11:44:52 - [TEST_STEP][PASSED] - for ([x = 1, x <= 2, (x++)]): null

2022-11-30 11:44:52 - [TEST_STEP][PASSED] - openBrowser(""): Browser is opened with url: ''

2022-11-30 11:44:52 - [MESSAGE][WARNING] - A browser is already opened. Closing browser and opening a new one

2022-11-30 11:44:53 - [MESSAGE][INFO] - Starting 'Chrome' driver

2022-11-30 11:44:53 - [MESSAGE][INFO] - Action delay is set to 0 milliseconds

2022-11-30 11:44:55 - [MESSAGE][PASSED] - Browser is opened with url: ''

2022-11-30 11:44:55 - [TEST_STEP][PASSED] - navigateToUrl("https://demoqa.com/text-box"): Navigate to 'https://demoqa.com/text-box' successfully

2022-11-30 11:45:03 - [MESSAGE][PASSED] - Navigate to 'https://demoqa.com/text-box' successfully

2022-11-30 11:45:03 - [TEST_STEP][PASSED] - RN = Math.random() * 10 - 1 + 1: null

2022-11-30 11:45:03 - [TEST_STEP][PASSED] - print("Numero : " + RN + "----"): null

2022-11-30 11:45:03 - [TEST_STEP][PASSED] - z = ["Demo1", "Demo2", "Demo3", "Demo4", "Demo5"]: null

2022-11-30 11:45:03 - [TEST_STEP][PASSED] - rnd = new java.util.Random(): null

2022-11-30 11:45:03 - [TEST_STEP][PASSED] - texto = z[rnd.nextInt(size)]: null

2022-11-30 11:45:03 - [TEST_STEP][PASSED] - print(texto): null

2022-11-30 11:45:03 - [TEST_STEP][PASSED] - openBrowser(""): Browser is opened with url: ''

2022-11-30 11:45:03 - [MESSAGE][WARNING] - A browser is already opened. Closing browser and opening a new one

2022-11-30 11:45:04 - [MESSAGE][INFO] - Starting 'Chrome' driver

2022-11-30 11:45:04 - [MESSAGE][INFO] - Action delay is set to 0 milliseconds

2022-11-30 11:45:05 - [MESSAGE][PASSED] - Browser is opened with url: ''

2022-11-30 11:45:05 - [TEST_STEP][PASSED] - navigateToUrl("https://demoqa.com/text-box"): Navigate to 'https://demoqa.com/text-box' successfully

2022-11-30 11:45:13 - [MESSAGE][PASSED] - Navigate to 'https://demoqa.com/text-box' successfully

2022-11-30 11:45:13 - [TEST_STEP][PASSED] - RN = Math.random() * 10 - 1 + 1: null

2022-11-30 11:45:13 - [TEST_STEP][PASSED] - print("Numero : " + RN + "----"): null

2022-11-30 11:45:13 - [TEST_STEP][PASSED] - z = ["Demo1", "Demo2", "Demo3", "Demo4", "Demo5"]: null

2022-11-30 11:45:13 - [TEST_STEP][PASSED] - rnd = new java.util.Random(): null

2022-11-30 11:45:13 - [TEST_STEP][PASSED] - texto = z[rnd.nextInt(size)]: null

2022-11-30 11:45:13 - [TEST_STEP][PASSED] - print(texto): null

2022-11-30 11:45:13 - [TEST_STEP][PASSED] - closeBrowser(): Browser is closed

2022-11-30 11:45:14 - [MESSAGE][PASSED] - Browser is closed]]></system-out>
         <system-err><![CDATA[]]></system-err>
      </testcase>
      <testcase name="Test Cases/BUCLES/Test_2" time="9.813" classname="Test Cases/BUCLES/Test_2" status="PASSED">
         <system-out><![CDATA[2022-11-30 11:45:14 - [TEST_CASE][PASSED] - Test Cases/BUCLES/Test_2: Test Cases/BUCLES/Test_2

2022-11-30 11:45:14 - [TEST_STEP][PASSED] - openBrowser(""): Browser is opened with url: ''

2022-11-30 11:45:14 - [MESSAGE][INFO] - Starting 'Chrome' driver

2022-11-30 11:45:14 - [MESSAGE][INFO] - Action delay is set to 0 milliseconds

2022-11-30 11:45:16 - [MESSAGE][PASSED] - Browser is opened with url: ''

2022-11-30 11:45:16 - [TEST_STEP][PASSED] - navigateToUrl("https://demoqa.com/text-box"): Navigate to 'https://demoqa.com/text-box' successfully

2022-11-30 11:45:23 - [MESSAGE][PASSED] - Navigate to 'https://demoqa.com/text-box' successfully

2022-11-30 11:45:23 - [TEST_STEP][PASSED] - for ([x = 1, x <= 10, x = x + 2]): null

2022-11-30 11:45:23 - [TEST_STEP][PASSED] - print(" hola mundo " + x + "-------"): null

2022-11-30 11:45:23 - [TEST_STEP][PASSED] - print(" hola mundo " + x + "-------"): null

2022-11-30 11:45:23 - [TEST_STEP][PASSED] - print(" hola mundo " + x + "-------"): null

2022-11-30 11:45:23 - [TEST_STEP][PASSED] - print(" hola mundo " + x + "-------"): null

2022-11-30 11:45:23 - [TEST_STEP][PASSED] - print(" hola mundo " + x + "-------"): null

2022-11-30 11:45:23 - [TEST_STEP][PASSED] - closeBrowser(): Browser is closed

2022-11-30 11:45:24 - [MESSAGE][PASSED] - Browser is closed]]></system-out>
         <system-err><![CDATA[]]></system-err>
      </testcase>
      <testcase name="Test Cases/BUCLES/Test_while" time="10.945" classname="Test Cases/BUCLES/Test_while" status="PASSED">
         <system-out><![CDATA[2022-11-30 11:45:24 - [TEST_CASE][PASSED] - Test Cases/BUCLES/Test_while: Test Cases/BUCLES/Test_while

2022-11-30 11:45:24 - [TEST_STEP][PASSED] - openBrowser(""): Browser is opened with url: ''

2022-11-30 11:45:24 - [MESSAGE][INFO] - Starting 'Chrome' driver

2022-11-30 11:45:24 - [MESSAGE][INFO] - Action delay is set to 0 milliseconds

2022-11-30 11:45:25 - [MESSAGE][PASSED] - Browser is opened with url: ''

2022-11-30 11:45:25 - [TEST_STEP][PASSED] - navigateToUrl("https://demoqa.com/text-box"): Navigate to 'https://demoqa.com/text-box' successfully

2022-11-30 11:45:34 - [MESSAGE][PASSED] - Navigate to 'https://demoqa.com/text-box' successfully

2022-11-30 11:45:34 - [TEST_STEP][PASSED] - maximizeWindow(): Current window maximized

2022-11-30 11:45:34 - [MESSAGE][PASSED] - Current window maximized

2022-11-30 11:45:34 - [TEST_STEP][PASSED] - waitForPageLoad(5): Wait for page load successfully

2022-11-30 11:45:34 - [MESSAGE][PASSED] - Wait for page load successfully

2022-11-30 11:45:34 - [TEST_STEP][PASSED] - x = 1: null

2022-11-30 11:45:34 - [TEST_STEP][PASSED] - while (x <= 3): null

2022-11-30 11:45:34 - [TEST_STEP][PASSED] - print("Hola " + x + "----------"): null

2022-11-30 11:45:34 - [TEST_STEP][PASSED] - (x++): null

2022-11-30 11:45:34 - [TEST_STEP][PASSED] - print("Hola " + x + "----------"): null

2022-11-30 11:45:34 - [TEST_STEP][PASSED] - (x++): null

2022-11-30 11:45:34 - [TEST_STEP][PASSED] - print("Hola " + x + "----------"): null

2022-11-30 11:45:34 - [TEST_STEP][PASSED] - (x++): null

2022-11-30 11:45:34 - [TEST_STEP][PASSED] - closeBrowser(): Browser is closed

2022-11-30 11:45:35 - [MESSAGE][PASSED] - Browser is closed]]></system-out>
         <system-err><![CDATA[]]></system-err>
      </testcase>
      <testcase name="Test Cases/BUCLES/Test_while2" time="15.397" classname="Test Cases/BUCLES/Test_while2" status="PASSED">
         <system-out><![CDATA[2022-11-30 11:45:35 - [TEST_CASE][PASSED] - Test Cases/BUCLES/Test_while2: Test Cases/BUCLES/Test_while2

2022-11-30 11:45:35 - [TEST_STEP][PASSED] - openBrowser(""): Browser is opened with url: ''

2022-11-30 11:45:35 - [MESSAGE][INFO] - Starting 'Chrome' driver

2022-11-30 11:45:35 - [MESSAGE][INFO] - Action delay is set to 0 milliseconds

2022-11-30 11:45:36 - [MESSAGE][PASSED] - Browser is opened with url: ''

2022-11-30 11:45:36 - [TEST_STEP][PASSED] - navigateToUrl("https://demoqa.com/text-box"): Navigate to 'https://demoqa.com/text-box' successfully

2022-11-30 11:45:49 - [MESSAGE][PASSED] - Navigate to 'https://demoqa.com/text-box' successfully

2022-11-30 11:45:49 - [TEST_STEP][PASSED] - maximizeWindow(): Current window maximized

2022-11-30 11:45:50 - [MESSAGE][PASSED] - Current window maximized

2022-11-30 11:45:50 - [TEST_STEP][PASSED] - waitForPageLoad(5): Wait for page load successfully

2022-11-30 11:45:50 - [MESSAGE][PASSED] - Wait for page load successfully

2022-11-30 11:45:50 - [TEST_STEP][PASSED] - x = 1: null

2022-11-30 11:45:50 - [TEST_STEP][PASSED] - while (x <= 5): null

2022-11-30 11:45:50 - [TEST_STEP][PASSED] - print("Valor de X" + x + "------>"): null

2022-11-30 11:45:50 - [TEST_STEP][PASSED] - (x++): null

2022-11-30 11:45:50 - [TEST_STEP][PASSED] - print("Valor de X" + x + "------>"): null

2022-11-30 11:45:50 - [TEST_STEP][PASSED] - (x++): null

2022-11-30 11:45:50 - [TEST_STEP][PASSED] - print("Valor de X" + x + "------>"): null

2022-11-30 11:45:50 - [TEST_STEP][PASSED] - (x++): null

2022-11-30 11:45:50 - [TEST_STEP][PASSED] - print("Valor de X" + x + "------>"): null

2022-11-30 11:45:50 - [TEST_STEP][PASSED] - (x++): null

2022-11-30 11:45:50 - [TEST_STEP][PASSED] - print("Valor de X" + x + "------>"): null

2022-11-30 11:45:50 - [TEST_STEP][PASSED] - (x++): null

2022-11-30 11:45:50 - [TEST_STEP][PASSED] - closeBrowser(): Browser is closed

2022-11-30 11:45:50 - [MESSAGE][PASSED] - Browser is closed]]></system-out>
         <system-err><![CDATA[]]></system-err>
      </testcase>
      <testcase name="Test Cases/Drive_excel/Drive_excel" time="23.955" classname="Test Cases/Drive_excel/Drive_excel" status="PASSED">
         <system-out><![CDATA[2022-11-30 11:45:50 - [TEST_CASE][PASSED] - Test Cases/Drive_excel/Drive_excel: Test Cases/Drive_excel/Drive_excel

2022-11-30 11:45:50 - [TEST_STEP][PASSED] - openBrowser(""): Browser is opened with url: ''

2022-11-30 11:45:50 - [MESSAGE][INFO] - Starting 'Chrome' driver

2022-11-30 11:45:50 - [MESSAGE][INFO] - Action delay is set to 0 milliseconds

2022-11-30 11:45:52 - [MESSAGE][PASSED] - Browser is opened with url: ''

2022-11-30 11:45:52 - [TEST_STEP][PASSED] - navigateToUrl("https://demoqa.com/automation-practice-form"): Navigate to 'https://demoqa.com/automation-practice-form' successfully

2022-11-30 11:46:07 - [MESSAGE][PASSED] - Navigate to 'https://demoqa.com/automation-practice-form' successfully

2022-11-30 11:46:07 - [TEST_STEP][PASSED] - waitForPageLoad(40): Wait for page load successfully

2022-11-30 11:46:07 - [MESSAGE][PASSED] - Wait for page load successfully

2022-11-30 11:46:07 - [TEST_STEP][PASSED] - maximizeWindow(): Current window maximized

2022-11-30 11:46:08 - [MESSAGE][PASSED] - Current window maximized

2022-11-30 11:46:08 - [TEST_STEP][PASSED] - setText(findTestObject("Object Repository/Drive_excel/Page_ToolsQA/input_Name_firstName"), nombre): Text '' is set on object 'Object Repository/Drive_excel/Page_ToolsQA/input_Name_firstName'

2022-11-30 11:46:10 - [MESSAGE][PASSED] - Text '' is set on object 'Object Repository/Drive_excel/Page_ToolsQA/input_Name_firstName'

2022-11-30 11:46:10 - [TEST_STEP][PASSED] - setText(findTestObject("Object Repository/Drive_excel/Page_ToolsQA/input_Name_lastName"), apellido): Text '' is set on object 'Object Repository/Drive_excel/Page_ToolsQA/input_Name_lastName'

2022-11-30 11:46:11 - [MESSAGE][PASSED] - Text '' is set on object 'Object Repository/Drive_excel/Page_ToolsQA/input_Name_lastName'

2022-11-30 11:46:11 - [TEST_STEP][PASSED] - setText(findTestObject("Object Repository/Drive_excel/Page_ToolsQA/input_Email_userEmail"), email): Text '' is set on object 'Object Repository/Drive_excel/Page_ToolsQA/input_Email_userEmail'

2022-11-30 11:46:11 - [MESSAGE][PASSED] - Text '' is set on object 'Object Repository/Drive_excel/Page_ToolsQA/input_Email_userEmail'

2022-11-30 11:46:11 - [TEST_STEP][PASSED] - delay(2): Delayed 2 second(s)

2022-11-30 11:46:13 - [MESSAGE][PASSED] - Delayed 2 second(s)

2022-11-30 11:46:13 - [TEST_STEP][PASSED] - closeBrowser(): Browser is closed

2022-11-30 11:46:14 - [MESSAGE][PASSED] - Browser is closed]]></system-out>
         <system-err><![CDATA[]]></system-err>
      </testcase>
      <system-out><![CDATA[2022-11-30 11:36:34 - [TEST_SUITE][PASSED] - testCLoud: Test Cases/Drive_excel/Drive_excel]]></system-out>
      <system-err><![CDATA[]]></system-err>
   </testsuite>
</testsuites>
