<?xml version="1.0" encoding="UTF-8"?>
<testsuites name="Data_csv" time="86.625" tests="3" failures="0" errors="0">
   <testsuite name="Data_csv" tests="3" failures="0" errors="0" time="86.625" skipped="0" timestamp="2022-11-24 12:08:33" hostname="admin - 192.168.0.13" id="Test Suites/Data_csv">
      <properties>
         <property name="deviceName" value=""/>
         <property name="devicePlatform" value=""/>
         <property name="logFolder" value="C:\\Users\\admin\\Katalon Studio\\Proyectos\\Proyecto_uno\\Reports\\20221124_120819\\Data_csv\\20221124_120819"/>
         <property name="logFiles" value="C:\\Users\\admin\\Katalon Studio\\Proyectos\\Proyecto_uno\\Reports\\20221124_120819\\Data_csv\\20221124_120819\\execution0.log"/>
         <property name="attachments" value=""/>
         <property name="hostName" value="admin - 192.168.0.13"/>
         <property name="os" value="Windows 10 64bit"/>
         <property name="katalonVersion" value="8.5.2.208"/>
         <property name="browser" value="Chrome 107.0.0.0"/>
         <property name="hostAddress" value="192.168.0.13"/>
         <property name="sessionId" value="05b08b052f2f8b9e2d375a1b6a000315"/>
         <property name="seleniumVersion" value="3.141.59"/>
         <property name="proxyInformation" value="ProxyInformation { proxyOption=NO_PROXY, proxyServerType=HTTP, username=, password=********, proxyServerAddress=, proxyServerPort=0, executionList=&quot;&quot;, isApplyToDesiredCapabilities=true }"/>
         <property name="platform" value="Windows 10"/>
      </properties>
      <testcase name="Test Cases/Drive_excel/Drive_excel" time="39.037" classname="Test Cases/Drive_excel/Drive_excel" status="PASSED">
         <system-out><![CDATA[2022-11-24 12:08:34 - [TEST_CASE][PASSED] - Test Cases/Drive_excel/Drive_excel: Test Cases/Drive_excel/Drive_excel

2022-11-24 12:08:34 - [TEST_STEP][PASSED] - openBrowser(""): Browser is opened with url: ''

2022-11-24 12:08:35 - [MESSAGE][INFO] - Starting 'Chrome' driver

2022-11-24 12:08:35 - [MESSAGE][INFO] - Action delay is set to 0 milliseconds

2022-11-24 12:08:41 - [MESSAGE][PASSED] - Browser is opened with url: ''

2022-11-24 12:08:41 - [TEST_STEP][PASSED] - navigateToUrl("https://demoqa.com/automation-practice-form"): Navigate to 'https://demoqa.com/automation-practice-form' successfully

2022-11-24 12:09:04 - [MESSAGE][PASSED] - Navigate to 'https://demoqa.com/automation-practice-form' successfully

2022-11-24 12:09:04 - [TEST_STEP][PASSED] - waitForPageLoad(40): Wait for page load successfully

2022-11-24 12:09:05 - [MESSAGE][PASSED] - Wait for page load successfully

2022-11-24 12:09:05 - [TEST_STEP][PASSED] - maximizeWindow(): Current window maximized

2022-11-24 12:09:05 - [MESSAGE][PASSED] - Current window maximized

2022-11-24 12:09:05 - [TEST_STEP][PASSED] - setText(findTestObject("Object Repository/Drive_excel/Page_ToolsQA/input_Name_firstName"), nombre): Text 'nombre1' is set on object 'Object Repository/Drive_excel/Page_ToolsQA/input_Name_firstName'

2022-11-24 12:09:07 - [MESSAGE][PASSED] - Text 'nombre1' is set on object 'Object Repository/Drive_excel/Page_ToolsQA/input_Name_firstName'

2022-11-24 12:09:07 - [TEST_STEP][PASSED] - setText(findTestObject("Object Repository/Drive_excel/Page_ToolsQA/input_Name_lastName"), apellido): Text 'apellido1' is set on object 'Object Repository/Drive_excel/Page_ToolsQA/input_Name_lastName'

2022-11-24 12:09:08 - [MESSAGE][PASSED] - Text 'apellido1' is set on object 'Object Repository/Drive_excel/Page_ToolsQA/input_Name_lastName'

2022-11-24 12:09:08 - [TEST_STEP][PASSED] - setText(findTestObject("Object Repository/Drive_excel/Page_ToolsQA/input_Email_userEmail"), email): Text 'email1' is set on object 'Object Repository/Drive_excel/Page_ToolsQA/input_Email_userEmail'

2022-11-24 12:09:09 - [MESSAGE][PASSED] - Text 'email1' is set on object 'Object Repository/Drive_excel/Page_ToolsQA/input_Email_userEmail'

2022-11-24 12:09:09 - [TEST_STEP][PASSED] - delay(2): Delayed 2 second(s)

2022-11-24 12:09:11 - [MESSAGE][PASSED] - Delayed 2 second(s)

2022-11-24 12:09:11 - [TEST_STEP][PASSED] - closeBrowser(): Browser is closed

2022-11-24 12:09:13 - [MESSAGE][PASSED] - Browser is closed]]></system-out>
         <system-err><![CDATA[]]></system-err>
      </testcase>
      <testcase name="Test Cases/Drive_excel/Drive_excel" time="23.09" classname="Test Cases/Drive_excel/Drive_excel" status="PASSED">
         <system-out><![CDATA[2022-11-24 12:09:13 - [TEST_CASE][PASSED] - Test Cases/Drive_excel/Drive_excel: Test Cases/Drive_excel/Drive_excel

2022-11-24 12:09:13 - [TEST_STEP][PASSED] - openBrowser(""): Browser is opened with url: ''

2022-11-24 12:09:13 - [MESSAGE][INFO] - Starting 'Chrome' driver

2022-11-24 12:09:13 - [MESSAGE][INFO] - Action delay is set to 0 milliseconds

2022-11-24 12:09:14 - [MESSAGE][PASSED] - Browser is opened with url: ''

2022-11-24 12:09:14 - [TEST_STEP][PASSED] - navigateToUrl("https://demoqa.com/automation-practice-form"): Navigate to 'https://demoqa.com/automation-practice-form' successfully

2022-11-24 12:09:28 - [MESSAGE][PASSED] - Navigate to 'https://demoqa.com/automation-practice-form' successfully

2022-11-24 12:09:28 - [TEST_STEP][PASSED] - waitForPageLoad(40): Wait for page load successfully

2022-11-24 12:09:28 - [MESSAGE][PASSED] - Wait for page load successfully

2022-11-24 12:09:28 - [TEST_STEP][PASSED] - maximizeWindow(): Current window maximized

2022-11-24 12:09:28 - [MESSAGE][PASSED] - Current window maximized

2022-11-24 12:09:28 - [TEST_STEP][PASSED] - setText(findTestObject("Object Repository/Drive_excel/Page_ToolsQA/input_Name_firstName"), nombre): Text 'nombre2' is set on object 'Object Repository/Drive_excel/Page_ToolsQA/input_Name_firstName'

2022-11-24 12:09:30 - [MESSAGE][PASSED] - Text 'nombre2' is set on object 'Object Repository/Drive_excel/Page_ToolsQA/input_Name_firstName'

2022-11-24 12:09:30 - [TEST_STEP][PASSED] - setText(findTestObject("Object Repository/Drive_excel/Page_ToolsQA/input_Name_lastName"), apellido): Text 'apellido2' is set on object 'Object Repository/Drive_excel/Page_ToolsQA/input_Name_lastName'

2022-11-24 12:09:32 - [MESSAGE][PASSED] - Text 'apellido2' is set on object 'Object Repository/Drive_excel/Page_ToolsQA/input_Name_lastName'

2022-11-24 12:09:32 - [TEST_STEP][PASSED] - setText(findTestObject("Object Repository/Drive_excel/Page_ToolsQA/input_Email_userEmail"), email): Text 'email2' is set on object 'Object Repository/Drive_excel/Page_ToolsQA/input_Email_userEmail'

2022-11-24 12:09:33 - [MESSAGE][PASSED] - Text 'email2' is set on object 'Object Repository/Drive_excel/Page_ToolsQA/input_Email_userEmail'

2022-11-24 12:09:33 - [TEST_STEP][PASSED] - delay(2): Delayed 2 second(s)

2022-11-24 12:09:35 - [MESSAGE][PASSED] - Delayed 2 second(s)

2022-11-24 12:09:35 - [TEST_STEP][PASSED] - closeBrowser(): Browser is closed

2022-11-24 12:09:36 - [MESSAGE][PASSED] - Browser is closed]]></system-out>
         <system-err><![CDATA[]]></system-err>
      </testcase>
      <testcase name="Test Cases/Drive_excel/Drive_excel" time="23.546" classname="Test Cases/Drive_excel/Drive_excel" status="PASSED">
         <system-out><![CDATA[2022-11-24 12:09:36 - [TEST_CASE][PASSED] - Test Cases/Drive_excel/Drive_excel: Test Cases/Drive_excel/Drive_excel

2022-11-24 12:09:36 - [TEST_STEP][PASSED] - openBrowser(""): Browser is opened with url: ''

2022-11-24 12:09:36 - [MESSAGE][INFO] - Starting 'Chrome' driver

2022-11-24 12:09:36 - [MESSAGE][INFO] - Action delay is set to 0 milliseconds

2022-11-24 12:09:37 - [MESSAGE][PASSED] - Browser is opened with url: ''

2022-11-24 12:09:37 - [TEST_STEP][PASSED] - navigateToUrl("https://demoqa.com/automation-practice-form"): Navigate to 'https://demoqa.com/automation-practice-form' successfully

2022-11-24 12:09:53 - [MESSAGE][PASSED] - Navigate to 'https://demoqa.com/automation-practice-form' successfully

2022-11-24 12:09:53 - [TEST_STEP][PASSED] - waitForPageLoad(40): Wait for page load successfully

2022-11-24 12:09:53 - [MESSAGE][PASSED] - Wait for page load successfully

2022-11-24 12:09:53 - [TEST_STEP][PASSED] - maximizeWindow(): Current window maximized

2022-11-24 12:09:53 - [MESSAGE][PASSED] - Current window maximized

2022-11-24 12:09:53 - [TEST_STEP][PASSED] - setText(findTestObject("Object Repository/Drive_excel/Page_ToolsQA/input_Name_firstName"), nombre): Text 'nombre3' is set on object 'Object Repository/Drive_excel/Page_ToolsQA/input_Name_firstName'

2022-11-24 12:09:55 - [MESSAGE][PASSED] - Text 'nombre3' is set on object 'Object Repository/Drive_excel/Page_ToolsQA/input_Name_firstName'

2022-11-24 12:09:55 - [TEST_STEP][PASSED] - setText(findTestObject("Object Repository/Drive_excel/Page_ToolsQA/input_Name_lastName"), apellido): Text 'apellido3' is set on object 'Object Repository/Drive_excel/Page_ToolsQA/input_Name_lastName'

2022-11-24 12:09:56 - [MESSAGE][PASSED] - Text 'apellido3' is set on object 'Object Repository/Drive_excel/Page_ToolsQA/input_Name_lastName'

2022-11-24 12:09:56 - [TEST_STEP][PASSED] - setText(findTestObject("Object Repository/Drive_excel/Page_ToolsQA/input_Email_userEmail"), email): Text 'email3' is set on object 'Object Repository/Drive_excel/Page_ToolsQA/input_Email_userEmail'

2022-11-24 12:09:57 - [MESSAGE][PASSED] - Text 'email3' is set on object 'Object Repository/Drive_excel/Page_ToolsQA/input_Email_userEmail'

2022-11-24 12:09:57 - [TEST_STEP][PASSED] - delay(2): Delayed 2 second(s)

2022-11-24 12:09:59 - [MESSAGE][PASSED] - Delayed 2 second(s)

2022-11-24 12:09:59 - [TEST_STEP][PASSED] - closeBrowser(): Browser is closed

2022-11-24 12:10:00 - [MESSAGE][PASSED] - Browser is closed]]></system-out>
         <system-err><![CDATA[]]></system-err>
      </testcase>
      <system-out><![CDATA[2022-11-24 12:08:33 - [TEST_SUITE][PASSED] - Data_csv: Test Cases/Drive_excel/Drive_excel]]></system-out>
      <system-err><![CDATA[]]></system-err>
   </testsuite>
</testsuites>
