<?xml version="1.0" encoding="UTF-8"?>
<testsuites name="windows" time="11.914" tests="1" failures="0" errors="0">
   <testsuite name="windows" tests="1" failures="0" errors="0" time="11.914" skipped="0" timestamp="2022-11-29 20:42:33" hostname="admin - 192.168.0.13" id="Test Suites/windows">
      <properties>
         <property name="deviceName" value=""/>
         <property name="devicePlatform" value=""/>
         <property name="logFolder" value="C:\\Users\\admin\\git\\KatalonCertificacion\\Reports\\20221129_204222\\windows\\20221129_204222"/>
         <property name="logFiles" value="C:\\Users\\admin\\git\\KatalonCertificacion\\Reports\\20221129_204222\\windows\\20221129_204222\\execution0.log"/>
         <property name="attachments" value=""/>
         <property name="hostName" value="admin - 192.168.0.13"/>
         <property name="hostAddress" value="192.168.0.13"/>
         <property name="desiredCapabilities" value="{}"/>
         <property name="os" value="Windows 10 64bit"/>
         <property name="katalonVersion" value="8.5.2.208"/>
      </properties>
      <testcase name="Test Cases/Windows/notas" time="11.413" classname="Test Cases/Windows/notas" status="PASSED">
         <system-out><![CDATA[2022-11-29 20:42:34 - [TEST_CASE][PASSED] - Test Cases/Windows/notas: Test Cases/Windows/notas

2022-11-29 20:42:35 - [TEST_STEP][PASSED] - startApplicationWithTitle("C:\Windows\System32\notepad.exe", "Test1"): The application at location: C:\Windows\System32\notepad.exe started.

2022-11-29 20:42:35 - [MESSAGE][INFO] - Starting application C:\Windows\System32\notepad.exe on the local machine at address http://127.0.0.1:4723

2022-11-29 20:42:38 - [MESSAGE][PASSED] - The application at location: C:\Windows\System32\notepad.exe started.

2022-11-29 20:42:38 - [TEST_STEP][PASSED] - setText(findWindowsObject("Object Repository/Windows/Edit"), "Hola Mundo!"): Text Hola Mundo! is set

2022-11-29 20:42:40 - [MESSAGE][PASSED] - Text Hola Mundo! is set

2022-11-29 20:42:40 - [TEST_STEP][PASSED] - closeApplication(): Fire Close event sucessfully.

2022-11-29 20:42:45 - [MESSAGE][PASSED] - Fire Close event sucessfully.

2022-11-29 20:42:45 - [TEST_STEP][PASSED] - click(findWindowsObject("Windows/Button(1)")): Click on element: Object Repository/Windows/Button(1) succesfully

2022-11-29 20:42:45 - [MESSAGE][INFO] - Clicking on element: Object Repository/Windows/Button(1)

2022-11-29 20:42:45 - [MESSAGE][PASSED] - Click on element: Object Repository/Windows/Button(1) succesfully]]></system-out>
         <system-err><![CDATA[]]></system-err>
      </testcase>
      <system-out><![CDATA[2022-11-29 20:42:33 - [TEST_SUITE][PASSED] - windows: Test Cases/Windows/notas]]></system-out>
      <system-err><![CDATA[]]></system-err>
   </testsuite>
</testsuites>
