<?xml version="1.0" encoding="UTF-8"?>
<testsuites name="testCLoud" time="5010.069" tests="34" failures="0" errors="0">
   <testsuite name="testCLoud" tests="34" failures="0" errors="0" time="5010.069" skipped="0" timestamp="2022-11-30 21:31:26" hostname="admin - 192.168.0.13" id="Test Suites/testCLoud">
      <properties>
         <property name="deviceName" value=""/>
         <property name="devicePlatform" value=""/>
         <property name="logFolder" value="C:\\Users\\admin\\git\\KatalonCertificacion\\Reports\\20221130_213116\\testCLoud\\20221130_213116"/>
         <property name="logFiles" value="C:\\Users\\admin\\git\\KatalonCertificacion\\Reports\\20221130_213116\\testCLoud\\20221130_213116\\execution0.log"/>
         <property name="attachments" value=""/>
         <property name="hostName" value="admin - 192.168.0.13"/>
         <property name="remoteDriverUrl" value="testcloud.katalon.com/hub"/>
         <property name="desiredCapabilities" value="{
  &quot;acceptInsecureCerts&quot;: false,
  &quot;browserName&quot;: &quot;chrome&quot;,
  &quot;browserVersion&quot;: &quot;103.0.5060.53&quot;,
  &quot;chrome&quot;: {
    &quot;chromedriverVersion&quot;: &quot;103.0.5060.53 (a1711811edd74ff1cf2150f36ffa3b0dae40b17f-refs/branch-heads/5060@{#853})&quot;,
    &quot;userDataDir&quot;: &quot;C:\\Users\\ADMINI~1\\AppData\\Local\\Temp\\scoped_dir6592_867875421&quot;
  },
  &quot;goog:chromeOptions&quot;: {
    &quot;debuggerAddress&quot;: &quot;localhost:49839&quot;
  },
  &quot;javascriptEnabled&quot;: true,
  &quot;katalon:option&quot;: {
    &quot;unlimitedExecutionMinutes&quot;: true,
    &quot;jwt&quot;: &quot;eyJ0eXAiOiJKV1QiLCJhbGciOiJSUzI1NiJ9.eyJzdWIiOiJsbm92YWtvdmljaEBlY29zaXN0ZW1hcy5jb20uYXIiLCJ1cG4iOiIxMDgwMDQ1IiwiZ3JvdXBzIjpbIlVTRVIiXSwic3RhdHVzIjoiVkVSSUZJRUQiLCJnaXZlbl9uYW1lIjoiTGp1Ym8iLCJmYW1pbHlfbmFtZSI6Ik5vdmFrb3ZpY2giLCJlbWFpbCI6Imxub3Zha292aWNoQGVjb3Npc3RlbWFzLmNvbS5hciIsImVtYWlsX3ZlcmlmaWVkIjp0cnVlLCJjcmVhdGVkX2F0IjoxNjY4NTQwMTA2LCJ1cGRhdGVkX2F0IjoxNjY5ODU0NjY5LCJhbXIiOlsicHdkIl0sImlhdCI6MTY2OTg1NDY3MiwiZXhwIjoxNjcwNDU5NDcyLCJqdGkiOiJiOTFiZjk5MS04ZjNiLTRlYTItOTRmMi1iMjBmYWYxYjdlYWMiLCJpc3MiOiJrYXRhbG9uLWF1dGgifQ.H2fKgjJN0PugXmAzu73MTyhiG8J4VnpEPCvUBu63RW7iS8ERzspc8RTuKD5bj8SP2waMg_uI_BvfuD1y8kgbkkb8yGWLeVy0qlyxDv06hHSrMaSFNdlWQNG0racobs_gHuCjTzzJGMPgquF3NQ7p5KgOSmzsh0PIDyjo4DkAovrfIbNNLwRO9bad-7wpMYRTlYAQrEtRYJS5nnu1SfRoH3dfSWu3_oSyM7saPdQbxf64DflWHMcKDMZsDHXO40febCEfwSFT0U_uK4s5emeQWAZ7kI6IdmoH97biLs5ZPlJ0AwpFgYavhqXiBzOoo11ezSPXN7K1Nac0IGZy7RYwxA&quot;,
    &quot;userId&quot;: 1080045,
    &quot;organizationId&quot;: &quot;987205&quot;,
    &quot;class&quot;: &quot;com.katalon.testcloud.grid.common.tunnel.domain.UserOptionCapability&quot;,
    &quot;usingTunnel&quot;: false,
    &quot;username&quot;: &quot;lnovakovich@ecosistemas.com.ar&quot;
  },
  &quot;networkConnectionEnabled&quot;: false,
  &quot;os&quot;: &quot;windows&quot;,
  &quot;pageLoadStrategy&quot;: &quot;normal&quot;,
  &quot;platform&quot;: &quot;WINDOWS&quot;,
  &quot;platformName&quot;: &quot;WINDOWS&quot;,
  &quot;proxy&quot;: {
    &quot;proxyType&quot;: &quot;DIRECT&quot;,
    &quot;autodetect&quot;: false
  },
  &quot;requestId&quot;: &quot;ba718baa-e633-476d-a776-39f3b650aaa1&quot;,
  &quot;se:cdp&quot;: &quot;ws://10.0.2.2:4444/session/1fc95c55645d338a6a9a8d8941ff2d39/se/cdp&quot;,
  &quot;se:cdpVersion&quot;: &quot;103.0.5060.53&quot;,
  &quot;setWindowRect&quot;: true,
  &quot;strictFileInteractability&quot;: false,
  &quot;timeouts&quot;: {
    &quot;implicit&quot;: 0,
    &quot;pageLoad&quot;: 300000,
    &quot;script&quot;: 30000
  },
  &quot;unhandledPromptBehavior&quot;: &quot;dismiss and notify&quot;,
  &quot;webauthn:extension:credBlob&quot;: true,
  &quot;webauthn:extension:largeBlob&quot;: true,
  &quot;webauthn:virtualAuthenticators&quot;: true
}"/>
         <property name="os" value="Windows 10 64bit"/>
         <property name="remoteOS" value="Windows"/>
         <property name="katalonVersion" value="8.5.2.208"/>
         <property name="browser" value="Chrome 103.0.5060.53"/>
         <property name="hostAddress" value="192.168.0.13"/>
         <property name="sessionId" value="1fc95c55645d338a6a9a8d8941ff2d39"/>
         <property name="seleniumVersion" value="3.141.59"/>
         <property name="proxyInformation" value="ProxyInformation { proxyOption=NO_PROXY, proxyServerType=HTTP, username=, password=********, proxyServerAddress=, proxyServerPort=0, executionList=&quot;&quot;, isApplyToDesiredCapabilities=true }"/>
         <property name="platform" value="Windows 10"/>
      </properties>
      <testcase name="Test Cases/Navegador/Navegador" time="170.867" classname="Test Cases/Navegador/Navegador" status="PASSED">
         <system-out><![CDATA[2022-11-30 21:31:28 - [TEST_CASE][PASSED] - Test Cases/Navegador/Navegador: Test Cases/Navegador/Navegador

2022-11-30 21:31:29 - [TEST_STEP][PASSED] - openBrowser("https://demoqa.com/text-box"): Browser is opened with url: 'https://demoqa.com/text-box'

2022-11-30 21:31:29 - [MESSAGE][INFO] - User set preference: ['os', 'windows']

2022-11-30 21:31:29 - [MESSAGE][INFO] - User set preference: ['browserName', 'chrome']

2022-11-30 21:31:29 - [MESSAGE][INFO] - User set preference: ['browserVersion', '103']

2022-11-30 21:31:29 - [MESSAGE][INFO] - User set preference: ['katalon:option', '{organizationId=987205, tunnelId=, usingTunnel=false}']

2022-11-30 21:31:29 - [MESSAGE][INFO] - Connecting to remote web server 'testcloud.katalon.com/hub' with type 'Selenium'

2022-11-30 21:31:30 - [MESSAGE][INFO] - Action delay is set to 0 milliseconds

2022-11-30 21:34:08 - [MESSAGE][PASSED] - Browser is opened with url: 'https://demoqa.com/text-box'

2022-11-30 21:34:08 - [TEST_STEP][PASSED] - maximizeWindow(): Current window maximized

2022-11-30 21:34:09 - [MESSAGE][PASSED] - Current window maximized

2022-11-30 21:34:09 - [TEST_STEP][PASSED] - page_url = getUrl(): Current window's url is: 'https://demoqa.com/text-box'

2022-11-30 21:34:10 - [MESSAGE][PASSED] - Current window's url is: 'https://demoqa.com/text-box'

2022-11-30 21:34:10 - [TEST_STEP][PASSED] - print(page_url): null

2022-11-30 21:34:10 - [TEST_STEP][PASSED] - Titulo = getWindowTitle(): Current window's title is: 'ToolsQA'

2022-11-30 21:34:11 - [MESSAGE][PASSED] - Current window's title is: 'ToolsQA'

2022-11-30 21:34:11 - [TEST_STEP][PASSED] - print("titiulo de la pagina" + Titulo): null

2022-11-30 21:34:11 - [TEST_STEP][PASSED] - closeBrowser(): Browser is closed

2022-11-30 21:34:19 - [MESSAGE][PASSED] - Browser is closed]]></system-out>
         <system-err><![CDATA[]]></system-err>
      </testcase>
      <testcase name="Test Cases/Objecto_xpath/Caso_xpath" time="197.547" classname="Test Cases/Objecto_xpath/Caso_xpath" status="PASSED">
         <system-out><![CDATA[2022-11-30 21:34:19 - [TEST_CASE][PASSED] - Test Cases/Objecto_xpath/Caso_xpath: Test Cases/Objecto_xpath/Caso_xpath

2022-11-30 21:34:19 - [TEST_STEP][PASSED] - openBrowser(""): Browser is opened with url: ''

2022-11-30 21:34:19 - [MESSAGE][INFO] - User set preference: ['os', 'windows']

2022-11-30 21:34:19 - [MESSAGE][INFO] - User set preference: ['browserName', 'chrome']

2022-11-30 21:34:19 - [MESSAGE][INFO] - User set preference: ['browserVersion', '103']

2022-11-30 21:34:19 - [MESSAGE][INFO] - User set preference: ['katalon:option', '{organizationId=987205, tunnelId=, usingTunnel=false}']

2022-11-30 21:34:19 - [MESSAGE][INFO] - Connecting to remote web server 'testcloud.katalon.com/hub' with type 'Selenium'

2022-11-30 21:34:19 - [MESSAGE][INFO] - Action delay is set to 0 milliseconds

2022-11-30 21:37:10 - [MESSAGE][PASSED] - Browser is opened with url: ''

2022-11-30 21:37:10 - [TEST_STEP][PASSED] - navigateToUrl("https://demoqa.com/text-box"): Navigate to 'https://demoqa.com/text-box' successfully

2022-11-30 21:37:16 - [MESSAGE][PASSED] - Navigate to 'https://demoqa.com/text-box' successfully

2022-11-30 21:37:16 - [TEST_STEP][PASSED] - maximizeWindow(): Current window maximized

2022-11-30 21:37:21 - [MESSAGE][PASSED] - Current window maximized

2022-11-30 21:37:21 - [TEST_STEP][PASSED] - setText(findTestObject("Objeto_xpath/Campo_nombre"), "Ljubo"): Text 'Ljubo' is set on object 'Object Repository/Objeto_xpath/Campo_nombre'

2022-11-30 21:37:30 - [MESSAGE][PASSED] - Text 'Ljubo' is set on object 'Object Repository/Objeto_xpath/Campo_nombre'

2022-11-30 21:37:30 - [TEST_STEP][PASSED] - delay(3): Delayed 3 second(s)

2022-11-30 21:37:33 - [MESSAGE][PASSED] - Delayed 3 second(s)

2022-11-30 21:37:33 - [TEST_STEP][PASSED] - closeBrowser(): Browser is closed

2022-11-30 21:37:36 - [MESSAGE][PASSED] - Browser is closed]]></system-out>
         <system-err><![CDATA[]]></system-err>
      </testcase>
      <testcase name="Test Cases/Condicionales_If/Condicionar_titulo" time="179.704" classname="Test Cases/Condicionales_If/Condicionar_titulo" status="PASSED">
         <system-out><![CDATA[2022-11-30 21:37:36 - [TEST_CASE][PASSED] - Test Cases/Condicionales_If/Condicionar_titulo: Test Cases/Condicionales_If/Condicionar_titulo

2022-11-30 21:37:37 - [TEST_STEP][PASSED] - openBrowser(""): Browser is opened with url: ''

2022-11-30 21:37:37 - [MESSAGE][INFO] - User set preference: ['os', 'windows']

2022-11-30 21:37:37 - [MESSAGE][INFO] - User set preference: ['browserName', 'chrome']

2022-11-30 21:37:37 - [MESSAGE][INFO] - User set preference: ['browserVersion', '103']

2022-11-30 21:37:37 - [MESSAGE][INFO] - User set preference: ['katalon:option', '{organizationId=987205, tunnelId=, usingTunnel=false}']

2022-11-30 21:37:37 - [MESSAGE][INFO] - Connecting to remote web server 'testcloud.katalon.com/hub' with type 'Selenium'

2022-11-30 21:37:37 - [MESSAGE][INFO] - Action delay is set to 0 milliseconds

2022-11-30 21:40:11 - [MESSAGE][PASSED] - Browser is opened with url: ''

2022-11-30 21:40:11 - [TEST_STEP][PASSED] - navigateToUrl("https://demoqa.com/"): Navigate to 'https://demoqa.com/' successfully

2022-11-30 21:40:14 - [MESSAGE][PASSED] - Navigate to 'https://demoqa.com/' successfully

2022-11-30 21:40:14 - [TEST_STEP][PASSED] - maximizeWindow(): Current window maximized

2022-11-30 21:40:15 - [MESSAGE][PASSED] - Current window maximized

2022-11-30 21:40:15 - [TEST_STEP][PASSED] - waitForPageLoad(5): Wait for page load successfully

2022-11-30 21:40:16 - [MESSAGE][PASSED] - Wait for page load successfully

2022-11-30 21:40:16 - [TEST_STEP][PASSED] - Existe = waitForElementVisible(findTestObject("Condicionales/Texto_radio"), 3): Web element with id: 'Object Repository/Condicionales/Texto_radio' located by '//div[@class='main-header'][contains(.,'Radio Button')]' not found

2022-11-30 21:40:22 - [MESSAGE][INFO] - Unable to find the element located by 'By.xpath: //div[@class='main-header'][contains(.,'Radio Button')]'. Please recheck the objects properties to make sure the desired element is located. 

2022-11-30 21:40:22 - [MESSAGE][WARNING] - [SELF-HEALING] Failed to find element with id 'Object Repository/Condicionales/Texto_radio'. Try using Self-healing.

2022-11-30 21:40:23 - [MESSAGE][INFO] - [SELF-HEALING] No working XPath is found.

2022-11-30 21:40:26 - [MESSAGE][INFO] - Unable to find the element located by 'By.xpath: '. Please recheck the objects properties to make sure the desired element is located. 

2022-11-30 21:40:26 - [MESSAGE][WARNING] - [SELF-HEALING] Cannot find elements when the selector is null

2022-11-30 21:40:26 - [MESSAGE][WARNING] - Web element with id: 'Object Repository/Condicionales/Texto_radio' located by '//div[@class='main-header'][contains(.,'Radio Button')]' not found

2022-11-30 21:40:26 - [TEST_STEP][PASSED] - print(Existe): null

2022-11-30 21:40:26 - [TEST_STEP][PASSED] - if (Existe == true): null

2022-11-30 21:40:26 - [TEST_STEP][PASSED] - else: Browser is closed

2022-11-30 21:40:26 - [TEST_STEP][PASSED] - print("-----  Error no esta el elemento de texto radio ------"): null

2022-11-30 21:40:26 - [TEST_STEP][PASSED] - navigateToUrl("https://demoqa.com/radio-button"): Navigate to 'https://demoqa.com/radio-button' successfully

2022-11-30 21:40:28 - [MESSAGE][PASSED] - Navigate to 'https://demoqa.com/radio-button' successfully

2022-11-30 21:40:28 - [TEST_STEP][PASSED] - click(findTestObject("Condicionales/Objeto_yes")): Object: 'Object Repository/Condicionales/Objeto_yes' is clicked on

2022-11-30 21:40:31 - [MESSAGE][PASSED] - Object: 'Object Repository/Condicionales/Objeto_yes' is clicked on

2022-11-30 21:40:31 - [TEST_STEP][PASSED] - delay(2): Delayed 2 second(s)

2022-11-30 21:40:33 - [MESSAGE][PASSED] - Delayed 2 second(s)

2022-11-30 21:40:33 - [TEST_STEP][PASSED] - closeBrowser(): Browser is closed

2022-11-30 21:40:36 - [MESSAGE][PASSED] - Browser is closed]]></system-out>
         <system-err><![CDATA[]]></system-err>
      </testcase>
      <testcase name="Test Cases/Condicionales_If/Test_1" time="1.271" classname="Test Cases/Condicionales_If/Test_1" status="PASSED">
         <system-out><![CDATA[2022-11-30 21:40:36 - [TEST_CASE][PASSED] - Test Cases/Condicionales_If/Test_1: Test Cases/Condicionales_If/Test_1

2022-11-30 21:40:37 - [TEST_STEP][PASSED] - if (num == 10): null

2022-11-30 21:40:37 - [TEST_STEP][PASSED] - else: null

2022-11-30 21:40:37 - [TEST_STEP][PASSED] - print("El numero no es un 10 es el numero:  " + num + "#####"): null]]></system-out>
         <system-err><![CDATA[]]></system-err>
      </testcase>
      <testcase name="Test Cases/Condicionales_If/Test_2" time="0.892" classname="Test Cases/Condicionales_If/Test_2" status="PASSED">
         <system-out><![CDATA[2022-11-30 21:40:37 - [TEST_CASE][PASSED] - Test Cases/Condicionales_If/Test_2: Test Cases/Condicionales_If/Test_2

2022-11-30 21:40:38 - [TEST_STEP][PASSED] - if (num == 5): null

2022-11-30 21:40:38 - [TEST_STEP][PASSED] - if (num == 10): null

2022-11-30 21:40:38 - [TEST_STEP][PASSED] - println("El valor de la variables es un: 10"): null]]></system-out>
         <system-err><![CDATA[]]></system-err>
      </testcase>
      <testcase name="Test Cases/Condicionales_If/Test_3" time="0.539" classname="Test Cases/Condicionales_If/Test_3" status="PASSED">
         <system-out><![CDATA[2022-11-30 21:40:38 - [TEST_CASE][PASSED] - Test Cases/Condicionales_If/Test_3: Test Cases/Condicionales_If/Test_3

2022-11-30 21:40:39 - [TEST_STEP][PASSED] - if (nombre == "Juan"): null

2022-11-30 21:40:39 - [TEST_STEP][PASSED] - if (nombre == "JUan"): null

2022-11-30 21:40:39 - [TEST_STEP][PASSED] - if (nombre == "juan"): null

2022-11-30 21:40:39 - [TEST_STEP][PASSED] - println("Tu nombre es juan"): null]]></system-out>
         <system-err><![CDATA[]]></system-err>
      </testcase>
      <testcase name="Test Cases/Condicionales_If/Test_4" time="0.59" classname="Test Cases/Condicionales_If/Test_4" status="PASSED">
         <system-out><![CDATA[2022-11-30 21:40:39 - [TEST_CASE][PASSED] - Test Cases/Condicionales_If/Test_4: Test Cases/Condicionales_If/Test_4

2022-11-30 21:40:39 - [TEST_STEP][PASSED] - if (num <= 7): null

2022-11-30 21:40:39 - [TEST_STEP][PASSED] - println("El numero es menor ó igual que 5"): null

2022-11-30 21:40:39 - [TEST_STEP][PASSED] - if (num >= 8): null

2022-11-30 21:40:39 - [TEST_STEP][PASSED] - if (num != 5): null]]></system-out>
         <system-err><![CDATA[]]></system-err>
      </testcase>
      <testcase name="Test Cases/Condicionales_If/Test_edad" time="0.574" classname="Test Cases/Condicionales_If/Test_edad" status="PASSED">
         <system-out><![CDATA[2022-11-30 21:40:39 - [TEST_CASE][PASSED] - Test Cases/Condicionales_If/Test_edad: Test Cases/Condicionales_If/Test_edad

2022-11-30 21:40:40 - [TEST_STEP][PASSED] - if (edad >= 1 && edad <= 17): null

2022-11-30 21:40:40 - [TEST_STEP][PASSED] - else if (edad == 18): null

2022-11-30 21:40:40 - [TEST_STEP][PASSED] - else if (edad <= 0): null

2022-11-30 21:40:40 - [TEST_STEP][PASSED] - else if (edad == 120): null

2022-11-30 21:40:40 - [TEST_STEP][PASSED] - else: null

2022-11-30 21:40:40 - [TEST_STEP][PASSED] - print("No se cumple ninguna de las opciones"): null]]></system-out>
         <system-err><![CDATA[]]></system-err>
      </testcase>
      <testcase name="Test Cases/Condicionales_If/Test_valor" time="172.513" classname="Test Cases/Condicionales_If/Test_valor" status="PASSED">
         <system-out><![CDATA[2022-11-30 21:40:40 - [TEST_CASE][PASSED] - Test Cases/Condicionales_If/Test_valor: Test Cases/Condicionales_If/Test_valor

2022-11-30 21:40:41 - [TEST_STEP][PASSED] - openBrowser(""): Browser is opened with url: ''

2022-11-30 21:40:41 - [MESSAGE][INFO] - User set preference: ['os', 'windows']

2022-11-30 21:40:41 - [MESSAGE][INFO] - User set preference: ['browserName', 'chrome']

2022-11-30 21:40:41 - [MESSAGE][INFO] - User set preference: ['browserVersion', '103']

2022-11-30 21:40:41 - [MESSAGE][INFO] - User set preference: ['katalon:option', '{organizationId=987205, tunnelId=, usingTunnel=false}']

2022-11-30 21:40:41 - [MESSAGE][INFO] - Connecting to remote web server 'testcloud.katalon.com/hub' with type 'Selenium'

2022-11-30 21:40:41 - [MESSAGE][INFO] - Action delay is set to 0 milliseconds

2022-11-30 21:43:15 - [MESSAGE][PASSED] - Browser is opened with url: ''

2022-11-30 21:43:15 - [TEST_STEP][PASSED] - navigateToUrl("https://demoqa.com/"): Navigate to 'https://demoqa.com/' successfully

2022-11-30 21:43:18 - [MESSAGE][PASSED] - Navigate to 'https://demoqa.com/' successfully

2022-11-30 21:43:18 - [TEST_STEP][PASSED] - maximizeWindow(): Current window maximized

2022-11-30 21:43:18 - [MESSAGE][PASSED] - Current window maximized

2022-11-30 21:43:18 - [TEST_STEP][PASSED] - waitForPageLoad(10): Wait for page load successfully

2022-11-30 21:43:19 - [MESSAGE][PASSED] - Wait for page load successfully

2022-11-30 21:43:19 - [TEST_STEP][PASSED] - Existe = waitForElementVisible(findTestObject("Condicionales/titulo1"), 5): Web element with id: 'Object Repository/Condicionales/titulo1' located by '//div[@class='main-header'][contains(.,'Radio Button')]' not found

2022-11-30 21:43:25 - [MESSAGE][INFO] - Unable to find the element located by 'By.xpath: //div[@class='main-header'][contains(.,'Radio Button')]'. Please recheck the objects properties to make sure the desired element is located. 

2022-11-30 21:43:25 - [MESSAGE][WARNING] - [SELF-HEALING] Failed to find element with id 'Object Repository/Condicionales/titulo1'. Try using Self-healing.

2022-11-30 21:43:26 - [MESSAGE][INFO] - [SELF-HEALING] No working XPath is found.

2022-11-30 21:43:28 - [MESSAGE][INFO] - Unable to find the element located by 'By.xpath: '. Please recheck the objects properties to make sure the desired element is located. 

2022-11-30 21:43:28 - [MESSAGE][WARNING] - [SELF-HEALING] Cannot find elements when the selector is null

2022-11-30 21:43:28 - [MESSAGE][WARNING] - Web element with id: 'Object Repository/Condicionales/titulo1' located by '//div[@class='main-header'][contains(.,'Radio Button')]' not found

2022-11-30 21:43:28 - [TEST_STEP][PASSED] - if (Existe == true): null

2022-11-30 21:43:28 - [TEST_STEP][PASSED] - else: Browser is closed

2022-11-30 21:43:28 - [TEST_STEP][PASSED] - print("No estas en la página correcta"): null

2022-11-30 21:43:28 - [TEST_STEP][PASSED] - closeBrowser(): Browser is closed

2022-11-30 21:43:33 - [MESSAGE][PASSED] - Browser is closed]]></system-out>
         <system-err><![CDATA[]]></system-err>
      </testcase>
      <testcase name="Test Cases/BUCLES/Reto_For" time="285.056" classname="Test Cases/BUCLES/Reto_For" status="PASSED">
         <system-out><![CDATA[2022-11-30 21:43:33 - [TEST_CASE][PASSED] - Test Cases/BUCLES/Reto_For: Test Cases/BUCLES/Reto_For

2022-11-30 21:43:34 - [TEST_STEP][PASSED] - openBrowser(""): Browser is opened with url: ''

2022-11-30 21:43:34 - [MESSAGE][INFO] - User set preference: ['os', 'windows']

2022-11-30 21:43:34 - [MESSAGE][INFO] - User set preference: ['browserName', 'chrome']

2022-11-30 21:43:34 - [MESSAGE][INFO] - User set preference: ['browserVersion', '103']

2022-11-30 21:43:34 - [MESSAGE][INFO] - User set preference: ['katalon:option', '{organizationId=987205, tunnelId=, usingTunnel=false}']

2022-11-30 21:43:34 - [MESSAGE][INFO] - Connecting to remote web server 'testcloud.katalon.com/hub' with type 'Selenium'

2022-11-30 21:43:34 - [MESSAGE][INFO] - Action delay is set to 0 milliseconds

2022-11-30 21:46:02 - [MESSAGE][PASSED] - Browser is opened with url: ''

2022-11-30 21:46:02 - [TEST_STEP][PASSED] - navigateToUrl("https://demoqa.com/text-box"): Navigate to 'https://demoqa.com/text-box' successfully

2022-11-30 21:46:05 - [MESSAGE][PASSED] - Navigate to 'https://demoqa.com/text-box' successfully

2022-11-30 21:46:05 - [TEST_STEP][PASSED] - maximizeWindow(): Current window maximized

2022-11-30 21:46:06 - [MESSAGE][PASSED] - Current window maximized

2022-11-30 21:46:06 - [TEST_STEP][PASSED] - waitForPageLoad(5): Wait for page load successfully

2022-11-30 21:46:07 - [MESSAGE][PASSED] - Wait for page load successfully

2022-11-30 21:46:07 - [TEST_STEP][PASSED] - for ([x = 1, x <= 4, (x++)]): Browser is scrolled to position x = 0, y = 100

2022-11-30 21:46:07 - [TEST_STEP][PASSED] - z = ["Carlos", "Erika", "Paco", "Rodrigo", "Juan"]: null

2022-11-30 21:46:07 - [TEST_STEP][PASSED] - rn = new java.util.Random(): null

2022-11-30 21:46:07 - [TEST_STEP][PASSED] - tx_nombre = z[rn.nextInt(size)]: null

2022-11-30 21:46:07 - [TEST_STEP][PASSED] - setText(findTestObject("Object Repository/Reto_for/Page_ToolsQA/input_Full Name_userName"), tx_nombre): Text 'Carlos' is set on object 'Object Repository/Reto_for/Page_ToolsQA/input_Full Name_userName'

2022-11-30 21:46:15 - [MESSAGE][PASSED] - Text 'Carlos' is set on object 'Object Repository/Reto_for/Page_ToolsQA/input_Full Name_userName'

2022-11-30 21:46:15 - [TEST_STEP][PASSED] - setText(findTestObject("Object Repository/Reto_for/Page_ToolsQA/input_Email_userEmail"), tx_nombre + "@gmail.com"): Text 'Carlos@gmail.com' is set on object 'Object Repository/Reto_for/Page_ToolsQA/input_Email_userEmail'

2022-11-30 21:46:21 - [MESSAGE][PASSED] - Text 'Carlos@gmail.com' is set on object 'Object Repository/Reto_for/Page_ToolsQA/input_Email_userEmail'

2022-11-30 21:46:21 - [TEST_STEP][PASSED] - setText(findTestObject("Object Repository/Reto_for/Page_ToolsQA/textarea_Current Address_currentAddress"), "Dirección#" + x): Text 'Dirección#1' is set on object 'Object Repository/Reto_for/Page_ToolsQA/textarea_Current Address_currentAddress'

2022-11-30 21:46:29 - [MESSAGE][PASSED] - Text 'Dirección#1' is set on object 'Object Repository/Reto_for/Page_ToolsQA/textarea_Current Address_currentAddress'

2022-11-30 21:46:29 - [TEST_STEP][PASSED] - setText(findTestObject("Object Repository/Reto_for/Page_ToolsQA/textarea_Permanent Address_permanentAddress"), "Dirección dos#" + x): Text 'Dirección dos#1' is set on object 'Object Repository/Reto_for/Page_ToolsQA/textarea_Permanent Address_permanentAddress'

2022-11-30 21:46:38 - [MESSAGE][PASSED] - Text 'Dirección dos#1' is set on object 'Object Repository/Reto_for/Page_ToolsQA/textarea_Permanent Address_permanentAddress'

2022-11-30 21:46:38 - [TEST_STEP][PASSED] - scrollToPosition(0, 500): Browser is scrolled to position x = 0, y = 500

2022-11-30 21:46:39 - [MESSAGE][PASSED] - Browser is scrolled to position x = 0, y = 500

2022-11-30 21:46:39 - [TEST_STEP][PASSED] - click(findTestObject("Object Repository/Reto_for/Page_ToolsQA/button_Submit")): Object: 'Object Repository/Reto_for/Page_ToolsQA/button_Submit' is clicked on

2022-11-30 21:46:42 - [MESSAGE][PASSED] - Object: 'Object Repository/Reto_for/Page_ToolsQA/button_Submit' is clicked on

2022-11-30 21:46:42 - [TEST_STEP][PASSED] - scrollToPosition(0, 100): Browser is scrolled to position x = 0, y = 100

2022-11-30 21:46:42 - [MESSAGE][PASSED] - Browser is scrolled to position x = 0, y = 100

2022-11-30 21:46:42 - [TEST_STEP][PASSED] - z = ["Carlos", "Erika", "Paco", "Rodrigo", "Juan"]: null

2022-11-30 21:46:42 - [TEST_STEP][PASSED] - rn = new java.util.Random(): null

2022-11-30 21:46:42 - [TEST_STEP][PASSED] - tx_nombre = z[rn.nextInt(size)]: null

2022-11-30 21:46:42 - [TEST_STEP][PASSED] - setText(findTestObject("Object Repository/Reto_for/Page_ToolsQA/input_Full Name_userName"), tx_nombre): Text 'Paco' is set on object 'Object Repository/Reto_for/Page_ToolsQA/input_Full Name_userName'

2022-11-30 21:46:49 - [MESSAGE][PASSED] - Text 'Paco' is set on object 'Object Repository/Reto_for/Page_ToolsQA/input_Full Name_userName'

2022-11-30 21:46:49 - [TEST_STEP][PASSED] - setText(findTestObject("Object Repository/Reto_for/Page_ToolsQA/input_Email_userEmail"), tx_nombre + "@gmail.com"): Text 'Paco@gmail.com' is set on object 'Object Repository/Reto_for/Page_ToolsQA/input_Email_userEmail'

2022-11-30 21:46:55 - [MESSAGE][PASSED] - Text 'Paco@gmail.com' is set on object 'Object Repository/Reto_for/Page_ToolsQA/input_Email_userEmail'

2022-11-30 21:46:55 - [TEST_STEP][PASSED] - setText(findTestObject("Object Repository/Reto_for/Page_ToolsQA/textarea_Current Address_currentAddress"), "Dirección#" + x): Text 'Dirección#2' is set on object 'Object Repository/Reto_for/Page_ToolsQA/textarea_Current Address_currentAddress'

2022-11-30 21:47:02 - [MESSAGE][PASSED] - Text 'Dirección#2' is set on object 'Object Repository/Reto_for/Page_ToolsQA/textarea_Current Address_currentAddress'

2022-11-30 21:47:02 - [TEST_STEP][PASSED] - setText(findTestObject("Object Repository/Reto_for/Page_ToolsQA/textarea_Permanent Address_permanentAddress"), "Dirección dos#" + x): Text 'Dirección dos#2' is set on object 'Object Repository/Reto_for/Page_ToolsQA/textarea_Permanent Address_permanentAddress'

2022-11-30 21:47:08 - [MESSAGE][PASSED] - Text 'Dirección dos#2' is set on object 'Object Repository/Reto_for/Page_ToolsQA/textarea_Permanent Address_permanentAddress'

2022-11-30 21:47:08 - [TEST_STEP][PASSED] - scrollToPosition(0, 500): Browser is scrolled to position x = 0, y = 500

2022-11-30 21:47:09 - [MESSAGE][PASSED] - Browser is scrolled to position x = 0, y = 500

2022-11-30 21:47:09 - [TEST_STEP][PASSED] - click(findTestObject("Object Repository/Reto_for/Page_ToolsQA/button_Submit")): Object: 'Object Repository/Reto_for/Page_ToolsQA/button_Submit' is clicked on

2022-11-30 21:47:12 - [MESSAGE][PASSED] - Object: 'Object Repository/Reto_for/Page_ToolsQA/button_Submit' is clicked on

2022-11-30 21:47:12 - [TEST_STEP][PASSED] - scrollToPosition(0, 100): Browser is scrolled to position x = 0, y = 100

2022-11-30 21:47:13 - [MESSAGE][PASSED] - Browser is scrolled to position x = 0, y = 100

2022-11-30 21:47:13 - [TEST_STEP][PASSED] - z = ["Carlos", "Erika", "Paco", "Rodrigo", "Juan"]: null

2022-11-30 21:47:13 - [TEST_STEP][PASSED] - rn = new java.util.Random(): null

2022-11-30 21:47:13 - [TEST_STEP][PASSED] - tx_nombre = z[rn.nextInt(size)]: null

2022-11-30 21:47:13 - [TEST_STEP][PASSED] - setText(findTestObject("Object Repository/Reto_for/Page_ToolsQA/input_Full Name_userName"), tx_nombre): Text 'Carlos' is set on object 'Object Repository/Reto_for/Page_ToolsQA/input_Full Name_userName'

2022-11-30 21:47:21 - [MESSAGE][PASSED] - Text 'Carlos' is set on object 'Object Repository/Reto_for/Page_ToolsQA/input_Full Name_userName'

2022-11-30 21:47:21 - [TEST_STEP][PASSED] - setText(findTestObject("Object Repository/Reto_for/Page_ToolsQA/input_Email_userEmail"), tx_nombre + "@gmail.com"): Text 'Carlos@gmail.com' is set on object 'Object Repository/Reto_for/Page_ToolsQA/input_Email_userEmail'

2022-11-30 21:47:28 - [MESSAGE][PASSED] - Text 'Carlos@gmail.com' is set on object 'Object Repository/Reto_for/Page_ToolsQA/input_Email_userEmail'

2022-11-30 21:47:28 - [TEST_STEP][PASSED] - setText(findTestObject("Object Repository/Reto_for/Page_ToolsQA/textarea_Current Address_currentAddress"), "Dirección#" + x): Text 'Dirección#3' is set on object 'Object Repository/Reto_for/Page_ToolsQA/textarea_Current Address_currentAddress'

2022-11-30 21:47:35 - [MESSAGE][PASSED] - Text 'Dirección#3' is set on object 'Object Repository/Reto_for/Page_ToolsQA/textarea_Current Address_currentAddress'

2022-11-30 21:47:35 - [TEST_STEP][PASSED] - setText(findTestObject("Object Repository/Reto_for/Page_ToolsQA/textarea_Permanent Address_permanentAddress"), "Dirección dos#" + x): Text 'Dirección dos#3' is set on object 'Object Repository/Reto_for/Page_ToolsQA/textarea_Permanent Address_permanentAddress'

2022-11-30 21:47:42 - [MESSAGE][PASSED] - Text 'Dirección dos#3' is set on object 'Object Repository/Reto_for/Page_ToolsQA/textarea_Permanent Address_permanentAddress'

2022-11-30 21:47:42 - [TEST_STEP][PASSED] - scrollToPosition(0, 500): Browser is scrolled to position x = 0, y = 500

2022-11-30 21:47:43 - [MESSAGE][PASSED] - Browser is scrolled to position x = 0, y = 500

2022-11-30 21:47:43 - [TEST_STEP][PASSED] - click(findTestObject("Object Repository/Reto_for/Page_ToolsQA/button_Submit")): Object: 'Object Repository/Reto_for/Page_ToolsQA/button_Submit' is clicked on

2022-11-30 21:47:46 - [MESSAGE][PASSED] - Object: 'Object Repository/Reto_for/Page_ToolsQA/button_Submit' is clicked on

2022-11-30 21:47:46 - [TEST_STEP][PASSED] - scrollToPosition(0, 100): Browser is scrolled to position x = 0, y = 100

2022-11-30 21:47:47 - [MESSAGE][PASSED] - Browser is scrolled to position x = 0, y = 100

2022-11-30 21:47:47 - [TEST_STEP][PASSED] - z = ["Carlos", "Erika", "Paco", "Rodrigo", "Juan"]: null

2022-11-30 21:47:47 - [TEST_STEP][PASSED] - rn = new java.util.Random(): null

2022-11-30 21:47:47 - [TEST_STEP][PASSED] - tx_nombre = z[rn.nextInt(size)]: null

2022-11-30 21:47:47 - [TEST_STEP][PASSED] - setText(findTestObject("Object Repository/Reto_for/Page_ToolsQA/input_Full Name_userName"), tx_nombre): Text 'Juan' is set on object 'Object Repository/Reto_for/Page_ToolsQA/input_Full Name_userName'

2022-11-30 21:47:54 - [MESSAGE][PASSED] - Text 'Juan' is set on object 'Object Repository/Reto_for/Page_ToolsQA/input_Full Name_userName'

2022-11-30 21:47:54 - [TEST_STEP][PASSED] - setText(findTestObject("Object Repository/Reto_for/Page_ToolsQA/input_Email_userEmail"), tx_nombre + "@gmail.com"): Text 'Juan@gmail.com' is set on object 'Object Repository/Reto_for/Page_ToolsQA/input_Email_userEmail'

2022-11-30 21:48:00 - [MESSAGE][PASSED] - Text 'Juan@gmail.com' is set on object 'Object Repository/Reto_for/Page_ToolsQA/input_Email_userEmail'

2022-11-30 21:48:00 - [TEST_STEP][PASSED] - setText(findTestObject("Object Repository/Reto_for/Page_ToolsQA/textarea_Current Address_currentAddress"), "Dirección#" + x): Text 'Dirección#4' is set on object 'Object Repository/Reto_for/Page_ToolsQA/textarea_Current Address_currentAddress'

2022-11-30 21:48:06 - [MESSAGE][PASSED] - Text 'Dirección#4' is set on object 'Object Repository/Reto_for/Page_ToolsQA/textarea_Current Address_currentAddress'

2022-11-30 21:48:06 - [TEST_STEP][PASSED] - setText(findTestObject("Object Repository/Reto_for/Page_ToolsQA/textarea_Permanent Address_permanentAddress"), "Dirección dos#" + x): Text 'Dirección dos#4' is set on object 'Object Repository/Reto_for/Page_ToolsQA/textarea_Permanent Address_permanentAddress'

2022-11-30 21:48:12 - [MESSAGE][PASSED] - Text 'Dirección dos#4' is set on object 'Object Repository/Reto_for/Page_ToolsQA/textarea_Permanent Address_permanentAddress'

2022-11-30 21:48:12 - [TEST_STEP][PASSED] - scrollToPosition(0, 500): Browser is scrolled to position x = 0, y = 500

2022-11-30 21:48:13 - [MESSAGE][PASSED] - Browser is scrolled to position x = 0, y = 500

2022-11-30 21:48:13 - [TEST_STEP][PASSED] - click(findTestObject("Object Repository/Reto_for/Page_ToolsQA/button_Submit")): Object: 'Object Repository/Reto_for/Page_ToolsQA/button_Submit' is clicked on

2022-11-30 21:48:15 - [MESSAGE][PASSED] - Object: 'Object Repository/Reto_for/Page_ToolsQA/button_Submit' is clicked on

2022-11-30 21:48:15 - [TEST_STEP][PASSED] - scrollToPosition(0, 100): Browser is scrolled to position x = 0, y = 100

2022-11-30 21:48:16 - [MESSAGE][PASSED] - Browser is scrolled to position x = 0, y = 100

2022-11-30 21:48:16 - [TEST_STEP][PASSED] - closeBrowser(): Browser is closed

2022-11-30 21:48:18 - [MESSAGE][PASSED] - Browser is closed]]></system-out>
         <system-err><![CDATA[]]></system-err>
      </testcase>
      <testcase name="Test Cases/BUCLES/Reto_while" time="170.117" classname="Test Cases/BUCLES/Reto_while" status="PASSED">
         <system-out><![CDATA[2022-11-30 21:48:18 - [TEST_CASE][PASSED] - Test Cases/BUCLES/Reto_while: Test Cases/BUCLES/Reto_while

2022-11-30 21:48:18 - [TEST_STEP][PASSED] - openBrowser(""): Browser is opened with url: ''

2022-11-30 21:48:18 - [MESSAGE][INFO] - User set preference: ['os', 'windows']

2022-11-30 21:48:18 - [MESSAGE][INFO] - User set preference: ['browserName', 'chrome']

2022-11-30 21:48:18 - [MESSAGE][INFO] - User set preference: ['browserVersion', '103']

2022-11-30 21:48:18 - [MESSAGE][INFO] - User set preference: ['katalon:option', '{organizationId=987205, tunnelId=, usingTunnel=false}']

2022-11-30 21:48:18 - [MESSAGE][INFO] - Connecting to remote web server 'testcloud.katalon.com/hub' with type 'Selenium'

2022-11-30 21:48:18 - [MESSAGE][INFO] - Action delay is set to 0 milliseconds

2022-11-30 21:50:46 - [MESSAGE][PASSED] - Browser is opened with url: ''

2022-11-30 21:50:46 - [TEST_STEP][PASSED] - navigateToUrl("https://www.google.com/"): Navigate to 'https://www.google.com/' successfully

2022-11-30 21:50:48 - [MESSAGE][PASSED] - Navigate to 'https://www.google.com/' successfully

2022-11-30 21:50:48 - [TEST_STEP][PASSED] - Bandera = 0: null

2022-11-30 21:50:48 - [TEST_STEP][PASSED] - while (Bandera != 1): null

2022-11-30 21:50:48 - [TEST_STEP][PASSED] - num = Math.random() * 5 - 1 + 1: null

2022-11-30 21:50:48 - [TEST_STEP][PASSED] - setText(findTestObject("Object Repository/While_google/Page_Google/input__q"), "5+" + num): Text '5+3' is set on object 'Object Repository/While_google/Page_Google/input__q'

2022-11-30 21:50:55 - [MESSAGE][PASSED] - Text '5+3' is set on object 'Object Repository/While_google/Page_Google/input__q'

2022-11-30 21:50:55 - [TEST_STEP][PASSED] - sendKeys(findTestObject("Object Repository/While_google/Page_Google/input__q"), Keys.chord(ENTER)): Keys 'ENTER + ' sent to object: 'Object Repository/While_google/Page_Google/input__q'

2022-11-30 21:51:01 - [MESSAGE][PASSED] - Keys 'ENTER + ' sent to object: 'Object Repository/While_google/Page_Google/input__q'

2022-11-30 21:51:01 - [TEST_STEP][PASSED] - Resultado = getText(findTestObject("While_google/Extras/Resultado_10")): Text of object 'Object Repository/While_google/Extras/Resultado_10' is: '8'

2022-11-30 21:51:04 - [MESSAGE][PASSED] - Text of object 'Object Repository/While_google/Extras/Resultado_10' is: '8'

2022-11-30 21:51:04 - [TEST_STEP][PASSED] - if (Resultado == "8"): Browser is closed

2022-11-30 21:51:04 - [TEST_STEP][PASSED] - Bandera = 1: null

2022-11-30 21:51:04 - [TEST_STEP][PASSED] - print("Listo termina"): null

2022-11-30 21:51:04 - [TEST_STEP][PASSED] - closeBrowser(): Browser is closed

2022-11-30 21:51:08 - [MESSAGE][PASSED] - Browser is closed

2022-11-30 21:51:08 - [TEST_STEP][PASSED] - print(Bandera + "------"): null]]></system-out>
         <system-err><![CDATA[]]></system-err>
      </testcase>
      <testcase name="Test Cases/BUCLES/Reto_while_solucion" time="158.684" classname="Test Cases/BUCLES/Reto_while_solucion" status="PASSED">
         <system-out><![CDATA[2022-11-30 21:51:08 - [TEST_CASE][PASSED] - Test Cases/BUCLES/Reto_while_solucion: Test Cases/BUCLES/Reto_while_solucion

2022-11-30 21:51:08 - [TEST_STEP][PASSED] - openBrowser(""): Browser is opened with url: ''

2022-11-30 21:51:08 - [MESSAGE][INFO] - User set preference: ['os', 'windows']

2022-11-30 21:51:08 - [MESSAGE][INFO] - User set preference: ['browserName', 'chrome']

2022-11-30 21:51:08 - [MESSAGE][INFO] - User set preference: ['browserVersion', '103']

2022-11-30 21:51:08 - [MESSAGE][INFO] - User set preference: ['katalon:option', '{organizationId=987205, tunnelId=, usingTunnel=false}']

2022-11-30 21:51:08 - [MESSAGE][INFO] - Connecting to remote web server 'testcloud.katalon.com/hub' with type 'Selenium'

2022-11-30 21:51:08 - [MESSAGE][INFO] - Action delay is set to 0 milliseconds

2022-11-30 21:53:29 - [MESSAGE][PASSED] - Browser is opened with url: ''

2022-11-30 21:53:29 - [TEST_STEP][PASSED] - navigateToUrl("https://www.google.com/"): Navigate to 'https://www.google.com/' successfully

2022-11-30 21:53:31 - [MESSAGE][PASSED] - Navigate to 'https://www.google.com/' successfully

2022-11-30 21:53:31 - [TEST_STEP][PASSED] - Res = 0: null

2022-11-30 21:53:31 - [TEST_STEP][PASSED] - while (Res != 8): Browser is closed

2022-11-30 21:53:31 - [TEST_STEP][PASSED] - num = Math.random() * 5 - 1 + 1: null

2022-11-30 21:53:31 - [TEST_STEP][PASSED] - setText(findTestObject("Object Repository/Reto_while1/Page_Google/input__q"), "5+" + num): Text '5+3' is set on object 'Object Repository/Reto_while1/Page_Google/input__q'

2022-11-30 21:53:36 - [MESSAGE][PASSED] - Text '5+3' is set on object 'Object Repository/Reto_while1/Page_Google/input__q'

2022-11-30 21:53:36 - [TEST_STEP][PASSED] - sendKeys(findTestObject("Object Repository/Reto_while1/Page_Google/input__q"), Keys.chord(ENTER)): Keys 'ENTER + ' sent to object: 'Object Repository/Reto_while1/Page_Google/input__q'

2022-11-30 21:53:41 - [MESSAGE][PASSED] - Keys 'ENTER + ' sent to object: 'Object Repository/Reto_while1/Page_Google/input__q'

2022-11-30 21:53:41 - [TEST_STEP][PASSED] - Res = getText(findTestObject("Reto_while1/Resultado_8")).toInteger(): Text of object 'Object Repository/Reto_while1/Resultado_8' is: '8'

2022-11-30 21:53:43 - [MESSAGE][PASSED] - Text of object 'Object Repository/Reto_while1/Resultado_8' is: '8'

2022-11-30 21:53:43 - [TEST_STEP][PASSED] - if (Res == 8): Browser is closed

2022-11-30 21:53:43 - [TEST_STEP][PASSED] - closeBrowser(): Browser is closed

2022-11-30 21:53:46 - [MESSAGE][PASSED] - Browser is closed]]></system-out>
         <system-err><![CDATA[]]></system-err>
      </testcase>
      <testcase name="Test Cases/BUCLES/Test_1" time="483.258" classname="Test Cases/BUCLES/Test_1" status="PASSED">
         <system-out><![CDATA[2022-11-30 21:53:46 - [TEST_CASE][PASSED] - Test Cases/BUCLES/Test_1: Test Cases/BUCLES/Test_1

2022-11-30 21:53:47 - [TEST_STEP][PASSED] - openBrowser(""): Browser is opened with url: ''

2022-11-30 21:53:47 - [MESSAGE][INFO] - User set preference: ['os', 'windows']

2022-11-30 21:53:47 - [MESSAGE][INFO] - User set preference: ['browserName', 'chrome']

2022-11-30 21:53:47 - [MESSAGE][INFO] - User set preference: ['browserVersion', '103']

2022-11-30 21:53:47 - [MESSAGE][INFO] - User set preference: ['katalon:option', '{organizationId=987205, tunnelId=, usingTunnel=false}']

2022-11-30 21:53:47 - [MESSAGE][INFO] - Connecting to remote web server 'testcloud.katalon.com/hub' with type 'Selenium'

2022-11-30 21:53:47 - [MESSAGE][INFO] - Action delay is set to 0 milliseconds

2022-11-30 21:56:16 - [MESSAGE][PASSED] - Browser is opened with url: ''

2022-11-30 21:56:16 - [TEST_STEP][PASSED] - navigateToUrl("https://demoqa.com/text-box"): Navigate to 'https://demoqa.com/text-box' successfully

2022-11-30 21:56:20 - [MESSAGE][PASSED] - Navigate to 'https://demoqa.com/text-box' successfully

2022-11-30 21:56:20 - [TEST_STEP][PASSED] - for ([x = 1, x <= 2, (x++)]): null

2022-11-30 21:56:20 - [TEST_STEP][PASSED] - openBrowser(""): Browser is opened with url: ''

2022-11-30 21:56:20 - [MESSAGE][WARNING] - A browser is already opened. Closing browser and opening a new one

2022-11-30 21:56:29 - [MESSAGE][INFO] - User set preference: ['os', 'windows']

2022-11-30 21:56:29 - [MESSAGE][INFO] - User set preference: ['browserName', 'chrome']

2022-11-30 21:56:29 - [MESSAGE][INFO] - User set preference: ['browserVersion', '103']

2022-11-30 21:56:29 - [MESSAGE][INFO] - User set preference: ['katalon:option', '{organizationId=987205, tunnelId=, usingTunnel=false}']

2022-11-30 21:56:29 - [MESSAGE][INFO] - Connecting to remote web server 'testcloud.katalon.com/hub' with type 'Selenium'

2022-11-30 21:56:29 - [MESSAGE][INFO] - Action delay is set to 0 milliseconds

2022-11-30 21:59:04 - [MESSAGE][PASSED] - Browser is opened with url: ''

2022-11-30 21:59:04 - [TEST_STEP][PASSED] - navigateToUrl("https://demoqa.com/text-box"): Navigate to 'https://demoqa.com/text-box' successfully

2022-11-30 21:59:07 - [MESSAGE][PASSED] - Navigate to 'https://demoqa.com/text-box' successfully

2022-11-30 21:59:07 - [TEST_STEP][PASSED] - RN = Math.random() * 10 - 1 + 1: null

2022-11-30 21:59:07 - [TEST_STEP][PASSED] - print("Numero : " + RN + "----"): null

2022-11-30 21:59:07 - [TEST_STEP][PASSED] - z = ["Demo1", "Demo2", "Demo3", "Demo4", "Demo5"]: null

2022-11-30 21:59:07 - [TEST_STEP][PASSED] - rnd = new java.util.Random(): null

2022-11-30 21:59:07 - [TEST_STEP][PASSED] - texto = z[rnd.nextInt(size)]: null

2022-11-30 21:59:07 - [TEST_STEP][PASSED] - print(texto): null

2022-11-30 21:59:07 - [TEST_STEP][PASSED] - openBrowser(""): Browser is opened with url: ''

2022-11-30 21:59:07 - [MESSAGE][WARNING] - A browser is already opened. Closing browser and opening a new one

2022-11-30 21:59:13 - [MESSAGE][INFO] - User set preference: ['os', 'windows']

2022-11-30 21:59:13 - [MESSAGE][INFO] - User set preference: ['browserName', 'chrome']

2022-11-30 21:59:13 - [MESSAGE][INFO] - User set preference: ['browserVersion', '103']

2022-11-30 21:59:13 - [MESSAGE][INFO] - User set preference: ['katalon:option', '{organizationId=987205, tunnelId=, usingTunnel=false}']

2022-11-30 21:59:13 - [MESSAGE][INFO] - Connecting to remote web server 'testcloud.katalon.com/hub' with type 'Selenium'

2022-11-30 21:59:13 - [MESSAGE][INFO] - Action delay is set to 0 milliseconds

2022-11-30 22:01:45 - [MESSAGE][PASSED] - Browser is opened with url: ''

2022-11-30 22:01:45 - [TEST_STEP][PASSED] - navigateToUrl("https://demoqa.com/text-box"): Navigate to 'https://demoqa.com/text-box' successfully

2022-11-30 22:01:47 - [MESSAGE][PASSED] - Navigate to 'https://demoqa.com/text-box' successfully

2022-11-30 22:01:47 - [TEST_STEP][PASSED] - RN = Math.random() * 10 - 1 + 1: null

2022-11-30 22:01:47 - [TEST_STEP][PASSED] - print("Numero : " + RN + "----"): null

2022-11-30 22:01:47 - [TEST_STEP][PASSED] - z = ["Demo1", "Demo2", "Demo3", "Demo4", "Demo5"]: null

2022-11-30 22:01:47 - [TEST_STEP][PASSED] - rnd = new java.util.Random(): null

2022-11-30 22:01:47 - [TEST_STEP][PASSED] - texto = z[rnd.nextInt(size)]: null

2022-11-30 22:01:47 - [TEST_STEP][PASSED] - print(texto): null

2022-11-30 22:01:47 - [TEST_STEP][PASSED] - closeBrowser(): Browser is closed

2022-11-30 22:01:50 - [MESSAGE][PASSED] - Browser is closed]]></system-out>
         <system-err><![CDATA[]]></system-err>
      </testcase>
      <testcase name="Test Cases/BUCLES/Test_2" time="176.87" classname="Test Cases/BUCLES/Test_2" status="PASSED">
         <system-out><![CDATA[2022-11-30 22:01:50 - [TEST_CASE][PASSED] - Test Cases/BUCLES/Test_2: Test Cases/BUCLES/Test_2

2022-11-30 22:01:50 - [TEST_STEP][PASSED] - openBrowser(""): Browser is opened with url: ''

2022-11-30 22:01:50 - [MESSAGE][INFO] - User set preference: ['os', 'windows']

2022-11-30 22:01:50 - [MESSAGE][INFO] - User set preference: ['browserName', 'chrome']

2022-11-30 22:01:50 - [MESSAGE][INFO] - User set preference: ['browserVersion', '103']

2022-11-30 22:01:50 - [MESSAGE][INFO] - User set preference: ['katalon:option', '{organizationId=987205, tunnelId=, usingTunnel=false}']

2022-11-30 22:01:50 - [MESSAGE][INFO] - Connecting to remote web server 'testcloud.katalon.com/hub' with type 'Selenium'

2022-11-30 22:01:50 - [MESSAGE][INFO] - Action delay is set to 0 milliseconds

2022-11-30 22:04:31 - [MESSAGE][PASSED] - Browser is opened with url: ''

2022-11-30 22:04:31 - [TEST_STEP][PASSED] - navigateToUrl("https://demoqa.com/text-box"): Navigate to 'https://demoqa.com/text-box' successfully

2022-11-30 22:04:33 - [MESSAGE][PASSED] - Navigate to 'https://demoqa.com/text-box' successfully

2022-11-30 22:04:33 - [TEST_STEP][PASSED] - for ([x = 1, x <= 10, x = x + 2]): null

2022-11-30 22:04:33 - [TEST_STEP][PASSED] - print(" hola mundo " + x + "-------"): null

2022-11-30 22:04:33 - [TEST_STEP][PASSED] - print(" hola mundo " + x + "-------"): null

2022-11-30 22:04:33 - [TEST_STEP][PASSED] - print(" hola mundo " + x + "-------"): null

2022-11-30 22:04:33 - [TEST_STEP][PASSED] - print(" hola mundo " + x + "-------"): null

2022-11-30 22:04:33 - [TEST_STEP][PASSED] - print(" hola mundo " + x + "-------"): null

2022-11-30 22:04:33 - [TEST_STEP][PASSED] - closeBrowser(): Browser is closed

2022-11-30 22:04:47 - [MESSAGE][PASSED] - Browser is closed]]></system-out>
         <system-err><![CDATA[]]></system-err>
      </testcase>
      <testcase name="Test Cases/BUCLES/Test_while" time="162.273" classname="Test Cases/BUCLES/Test_while" status="PASSED">
         <system-out><![CDATA[2022-11-30 22:04:47 - [TEST_CASE][PASSED] - Test Cases/BUCLES/Test_while: Test Cases/BUCLES/Test_while

2022-11-30 22:04:47 - [TEST_STEP][PASSED] - openBrowser(""): Browser is opened with url: ''

2022-11-30 22:04:47 - [MESSAGE][INFO] - User set preference: ['os', 'windows']

2022-11-30 22:04:47 - [MESSAGE][INFO] - User set preference: ['browserName', 'chrome']

2022-11-30 22:04:47 - [MESSAGE][INFO] - User set preference: ['browserVersion', '103']

2022-11-30 22:04:47 - [MESSAGE][INFO] - User set preference: ['katalon:option', '{organizationId=987205, tunnelId=, usingTunnel=false}']

2022-11-30 22:04:47 - [MESSAGE][INFO] - Connecting to remote web server 'testcloud.katalon.com/hub' with type 'Selenium'

2022-11-30 22:04:47 - [MESSAGE][INFO] - Action delay is set to 0 milliseconds

2022-11-30 22:07:15 - [MESSAGE][PASSED] - Browser is opened with url: ''

2022-11-30 22:07:15 - [TEST_STEP][PASSED] - navigateToUrl("https://demoqa.com/text-box"): Navigate to 'https://demoqa.com/text-box' successfully

2022-11-30 22:07:18 - [MESSAGE][PASSED] - Navigate to 'https://demoqa.com/text-box' successfully

2022-11-30 22:07:18 - [TEST_STEP][PASSED] - maximizeWindow(): Current window maximized

2022-11-30 22:07:18 - [MESSAGE][PASSED] - Current window maximized

2022-11-30 22:07:18 - [TEST_STEP][PASSED] - waitForPageLoad(5): Wait for page load successfully

2022-11-30 22:07:19 - [MESSAGE][PASSED] - Wait for page load successfully

2022-11-30 22:07:19 - [TEST_STEP][PASSED] - x = 1: null

2022-11-30 22:07:19 - [TEST_STEP][PASSED] - while (x <= 3): null

2022-11-30 22:07:19 - [TEST_STEP][PASSED] - print("Hola " + x + "----------"): null

2022-11-30 22:07:19 - [TEST_STEP][PASSED] - (x++): null

2022-11-30 22:07:19 - [TEST_STEP][PASSED] - print("Hola " + x + "----------"): null

2022-11-30 22:07:19 - [TEST_STEP][PASSED] - (x++): null

2022-11-30 22:07:19 - [TEST_STEP][PASSED] - print("Hola " + x + "----------"): null

2022-11-30 22:07:19 - [TEST_STEP][PASSED] - (x++): null

2022-11-30 22:07:19 - [TEST_STEP][PASSED] - closeBrowser(): Browser is closed

2022-11-30 22:07:29 - [MESSAGE][PASSED] - Browser is closed]]></system-out>
         <system-err><![CDATA[]]></system-err>
      </testcase>
      <testcase name="Test Cases/BUCLES/Test_while2" time="168.697" classname="Test Cases/BUCLES/Test_while2" status="PASSED">
         <system-out><![CDATA[2022-11-30 22:07:29 - [TEST_CASE][PASSED] - Test Cases/BUCLES/Test_while2: Test Cases/BUCLES/Test_while2

2022-11-30 22:07:29 - [TEST_STEP][PASSED] - openBrowser(""): Browser is opened with url: ''

2022-11-30 22:07:29 - [MESSAGE][INFO] - User set preference: ['os', 'windows']

2022-11-30 22:07:29 - [MESSAGE][INFO] - User set preference: ['browserName', 'chrome']

2022-11-30 22:07:29 - [MESSAGE][INFO] - User set preference: ['browserVersion', '103']

2022-11-30 22:07:29 - [MESSAGE][INFO] - User set preference: ['katalon:option', '{organizationId=987205, tunnelId=, usingTunnel=false}']

2022-11-30 22:07:29 - [MESSAGE][INFO] - Connecting to remote web server 'testcloud.katalon.com/hub' with type 'Selenium'

2022-11-30 22:07:29 - [MESSAGE][INFO] - Action delay is set to 0 milliseconds

2022-11-30 22:10:05 - [MESSAGE][PASSED] - Browser is opened with url: ''

2022-11-30 22:10:05 - [TEST_STEP][PASSED] - navigateToUrl("https://demoqa.com/text-box"): Navigate to 'https://demoqa.com/text-box' successfully

2022-11-30 22:10:09 - [MESSAGE][PASSED] - Navigate to 'https://demoqa.com/text-box' successfully

2022-11-30 22:10:09 - [TEST_STEP][PASSED] - maximizeWindow(): Current window maximized

2022-11-30 22:10:10 - [MESSAGE][PASSED] - Current window maximized

2022-11-30 22:10:10 - [TEST_STEP][PASSED] - waitForPageLoad(5): Wait for page load successfully

2022-11-30 22:10:10 - [MESSAGE][PASSED] - Wait for page load successfully

2022-11-30 22:10:10 - [TEST_STEP][PASSED] - x = 1: null

2022-11-30 22:10:10 - [TEST_STEP][PASSED] - while (x <= 5): null

2022-11-30 22:10:10 - [TEST_STEP][PASSED] - print("Valor de X" + x + "------>"): null

2022-11-30 22:10:10 - [TEST_STEP][PASSED] - (x++): null

2022-11-30 22:10:10 - [TEST_STEP][PASSED] - print("Valor de X" + x + "------>"): null

2022-11-30 22:10:10 - [TEST_STEP][PASSED] - (x++): null

2022-11-30 22:10:10 - [TEST_STEP][PASSED] - print("Valor de X" + x + "------>"): null

2022-11-30 22:10:10 - [TEST_STEP][PASSED] - (x++): null

2022-11-30 22:10:10 - [TEST_STEP][PASSED] - print("Valor de X" + x + "------>"): null

2022-11-30 22:10:10 - [TEST_STEP][PASSED] - (x++): null

2022-11-30 22:10:10 - [TEST_STEP][PASSED] - print("Valor de X" + x + "------>"): null

2022-11-30 22:10:10 - [TEST_STEP][PASSED] - (x++): null

2022-11-30 22:10:10 - [TEST_STEP][PASSED] - closeBrowser(): Browser is closed

2022-11-30 22:10:18 - [MESSAGE][PASSED] - Browser is closed]]></system-out>
         <system-err><![CDATA[]]></system-err>
      </testcase>
      <testcase name="Test Cases/Drive_excel/Drive_excel" time="183.014" classname="Test Cases/Drive_excel/Drive_excel" status="PASSED">
         <system-out><![CDATA[2022-11-30 22:10:18 - [TEST_CASE][PASSED] - Test Cases/Drive_excel/Drive_excel: Test Cases/Drive_excel/Drive_excel

2022-11-30 22:10:18 - [TEST_STEP][PASSED] - openBrowser(""): Browser is opened with url: ''

2022-11-30 22:10:18 - [MESSAGE][INFO] - User set preference: ['os', 'windows']

2022-11-30 22:10:18 - [MESSAGE][INFO] - User set preference: ['browserName', 'chrome']

2022-11-30 22:10:18 - [MESSAGE][INFO] - User set preference: ['browserVersion', '103']

2022-11-30 22:10:18 - [MESSAGE][INFO] - User set preference: ['katalon:option', '{organizationId=987205, tunnelId=, usingTunnel=false}']

2022-11-30 22:10:18 - [MESSAGE][INFO] - Connecting to remote web server 'testcloud.katalon.com/hub' with type 'Selenium'

2022-11-30 22:10:18 - [MESSAGE][INFO] - Action delay is set to 0 milliseconds

2022-11-30 22:12:48 - [MESSAGE][PASSED] - Browser is opened with url: ''

2022-11-30 22:12:48 - [TEST_STEP][PASSED] - navigateToUrl("https://demoqa.com/automation-practice-form"): Navigate to 'https://demoqa.com/automation-practice-form' successfully

2022-11-30 22:12:52 - [MESSAGE][PASSED] - Navigate to 'https://demoqa.com/automation-practice-form' successfully

2022-11-30 22:12:52 - [TEST_STEP][PASSED] - waitForPageLoad(40): Wait for page load successfully

2022-11-30 22:12:53 - [MESSAGE][PASSED] - Wait for page load successfully

2022-11-30 22:12:53 - [TEST_STEP][PASSED] - maximizeWindow(): Current window maximized

2022-11-30 22:12:54 - [MESSAGE][PASSED] - Current window maximized

2022-11-30 22:12:54 - [TEST_STEP][PASSED] - setText(findTestObject("Object Repository/Drive_excel/Page_ToolsQA/input_Name_firstName"), nombre): Text '' is set on object 'Object Repository/Drive_excel/Page_ToolsQA/input_Name_firstName'

2022-11-30 22:13:02 - [MESSAGE][PASSED] - Text '' is set on object 'Object Repository/Drive_excel/Page_ToolsQA/input_Name_firstName'

2022-11-30 22:13:02 - [TEST_STEP][PASSED] - setText(findTestObject("Object Repository/Drive_excel/Page_ToolsQA/input_Name_lastName"), apellido): Text '' is set on object 'Object Repository/Drive_excel/Page_ToolsQA/input_Name_lastName'

2022-11-30 22:13:09 - [MESSAGE][PASSED] - Text '' is set on object 'Object Repository/Drive_excel/Page_ToolsQA/input_Name_lastName'

2022-11-30 22:13:09 - [TEST_STEP][PASSED] - setText(findTestObject("Object Repository/Drive_excel/Page_ToolsQA/input_Email_userEmail"), email): Text '' is set on object 'Object Repository/Drive_excel/Page_ToolsQA/input_Email_userEmail'

2022-11-30 22:13:15 - [MESSAGE][PASSED] - Text '' is set on object 'Object Repository/Drive_excel/Page_ToolsQA/input_Email_userEmail'

2022-11-30 22:13:15 - [TEST_STEP][PASSED] - delay(2): Delayed 2 second(s)

2022-11-30 22:13:17 - [MESSAGE][PASSED] - Delayed 2 second(s)

2022-11-30 22:13:17 - [TEST_STEP][PASSED] - closeBrowser(): Browser is closed

2022-11-30 22:13:21 - [MESSAGE][PASSED] - Browser is closed]]></system-out>
         <system-err><![CDATA[]]></system-err>
      </testcase>
      <testcase name="Test Cases/Navegador/Navegador" time="161.674" classname="Test Cases/Navegador/Navegador" status="PASSED">
         <system-out><![CDATA[2022-11-30 22:13:21 - [TEST_CASE][PASSED] - Test Cases/Navegador/Navegador: Test Cases/Navegador/Navegador

2022-11-30 22:13:21 - [TEST_STEP][PASSED] - openBrowser("https://demoqa.com/text-box"): Browser is opened with url: 'https://demoqa.com/text-box'

2022-11-30 22:13:21 - [MESSAGE][INFO] - User set preference: ['os', 'windows']

2022-11-30 22:13:21 - [MESSAGE][INFO] - User set preference: ['browserName', 'chrome']

2022-11-30 22:13:21 - [MESSAGE][INFO] - User set preference: ['browserVersion', '103']

2022-11-30 22:13:21 - [MESSAGE][INFO] - User set preference: ['katalon:option', '{organizationId=987205, tunnelId=, usingTunnel=false}']

2022-11-30 22:13:21 - [MESSAGE][INFO] - Connecting to remote web server 'testcloud.katalon.com/hub' with type 'Selenium'

2022-11-30 22:13:21 - [MESSAGE][INFO] - Action delay is set to 0 milliseconds

2022-11-30 22:15:51 - [MESSAGE][PASSED] - Browser is opened with url: 'https://demoqa.com/text-box'

2022-11-30 22:15:51 - [TEST_STEP][PASSED] - maximizeWindow(): Current window maximized

2022-11-30 22:15:52 - [MESSAGE][PASSED] - Current window maximized

2022-11-30 22:15:52 - [TEST_STEP][PASSED] - page_url = getUrl(): Current window's url is: 'https://demoqa.com/text-box'

2022-11-30 22:15:52 - [MESSAGE][PASSED] - Current window's url is: 'https://demoqa.com/text-box'

2022-11-30 22:15:52 - [TEST_STEP][PASSED] - print(page_url): null

2022-11-30 22:15:52 - [TEST_STEP][PASSED] - Titulo = getWindowTitle(): Current window's title is: 'ToolsQA'

2022-11-30 22:15:53 - [MESSAGE][PASSED] - Current window's title is: 'ToolsQA'

2022-11-30 22:15:53 - [TEST_STEP][PASSED] - print("titiulo de la pagina" + Titulo): null

2022-11-30 22:15:53 - [TEST_STEP][PASSED] - closeBrowser(): Browser is closed

2022-11-30 22:16:02 - [MESSAGE][PASSED] - Browser is closed]]></system-out>
         <system-err><![CDATA[]]></system-err>
      </testcase>
      <testcase name="Test Cases/Objecto_xpath/Caso_xpath" time="177.43" classname="Test Cases/Objecto_xpath/Caso_xpath" status="PASSED">
         <system-out><![CDATA[2022-11-30 22:16:02 - [TEST_CASE][PASSED] - Test Cases/Objecto_xpath/Caso_xpath: Test Cases/Objecto_xpath/Caso_xpath

2022-11-30 22:16:02 - [TEST_STEP][PASSED] - openBrowser(""): Browser is opened with url: ''

2022-11-30 22:16:02 - [MESSAGE][INFO] - User set preference: ['os', 'windows']

2022-11-30 22:16:02 - [MESSAGE][INFO] - User set preference: ['browserName', 'chrome']

2022-11-30 22:16:02 - [MESSAGE][INFO] - User set preference: ['browserVersion', '103']

2022-11-30 22:16:02 - [MESSAGE][INFO] - User set preference: ['katalon:option', '{organizationId=987205, tunnelId=, usingTunnel=false}']

2022-11-30 22:16:02 - [MESSAGE][INFO] - Connecting to remote web server 'testcloud.katalon.com/hub' with type 'Selenium'

2022-11-30 22:16:02 - [MESSAGE][INFO] - Action delay is set to 0 milliseconds

2022-11-30 22:18:41 - [MESSAGE][PASSED] - Browser is opened with url: ''

2022-11-30 22:18:41 - [TEST_STEP][PASSED] - navigateToUrl("https://demoqa.com/text-box"): Navigate to 'https://demoqa.com/text-box' successfully

2022-11-30 22:18:44 - [MESSAGE][PASSED] - Navigate to 'https://demoqa.com/text-box' successfully

2022-11-30 22:18:44 - [TEST_STEP][PASSED] - maximizeWindow(): Current window maximized

2022-11-30 22:18:46 - [MESSAGE][PASSED] - Current window maximized

2022-11-30 22:18:46 - [TEST_STEP][PASSED] - setText(findTestObject("Objeto_xpath/Campo_nombre"), "Ljubo"): Text 'Ljubo' is set on object 'Object Repository/Objeto_xpath/Campo_nombre'

2022-11-30 22:18:53 - [MESSAGE][PASSED] - Text 'Ljubo' is set on object 'Object Repository/Objeto_xpath/Campo_nombre'

2022-11-30 22:18:53 - [TEST_STEP][PASSED] - delay(3): Delayed 3 second(s)

2022-11-30 22:18:56 - [MESSAGE][PASSED] - Delayed 3 second(s)

2022-11-30 22:18:56 - [TEST_STEP][PASSED] - closeBrowser(): Browser is closed

2022-11-30 22:19:00 - [MESSAGE][PASSED] - Browser is closed]]></system-out>
         <system-err><![CDATA[]]></system-err>
      </testcase>
      <testcase name="Test Cases/Condicionales_If/Condicionar_titulo" time="174.277" classname="Test Cases/Condicionales_If/Condicionar_titulo" status="PASSED">
         <system-out><![CDATA[2022-11-30 22:19:00 - [TEST_CASE][PASSED] - Test Cases/Condicionales_If/Condicionar_titulo: Test Cases/Condicionales_If/Condicionar_titulo

2022-11-30 22:19:00 - [TEST_STEP][PASSED] - openBrowser(""): Browser is opened with url: ''

2022-11-30 22:19:00 - [MESSAGE][INFO] - User set preference: ['os', 'windows']

2022-11-30 22:19:00 - [MESSAGE][INFO] - User set preference: ['browserName', 'chrome']

2022-11-30 22:19:00 - [MESSAGE][INFO] - User set preference: ['browserVersion', '103']

2022-11-30 22:19:00 - [MESSAGE][INFO] - User set preference: ['katalon:option', '{organizationId=987205, tunnelId=, usingTunnel=false}']

2022-11-30 22:19:00 - [MESSAGE][INFO] - Connecting to remote web server 'testcloud.katalon.com/hub' with type 'Selenium'

2022-11-30 22:19:00 - [MESSAGE][INFO] - Action delay is set to 0 milliseconds

2022-11-30 22:21:31 - [MESSAGE][PASSED] - Browser is opened with url: ''

2022-11-30 22:21:31 - [TEST_STEP][PASSED] - navigateToUrl("https://demoqa.com/"): Navigate to 'https://demoqa.com/' successfully

2022-11-30 22:21:33 - [MESSAGE][PASSED] - Navigate to 'https://demoqa.com/' successfully

2022-11-30 22:21:33 - [TEST_STEP][PASSED] - maximizeWindow(): Current window maximized

2022-11-30 22:21:34 - [MESSAGE][PASSED] - Current window maximized

2022-11-30 22:21:34 - [TEST_STEP][PASSED] - waitForPageLoad(5): Wait for page load successfully

2022-11-30 22:21:34 - [MESSAGE][PASSED] - Wait for page load successfully

2022-11-30 22:21:34 - [TEST_STEP][PASSED] - Existe = waitForElementVisible(findTestObject("Condicionales/Texto_radio"), 3): Web element with id: 'Object Repository/Condicionales/Texto_radio' located by '//div[@class='main-header'][contains(.,'Radio Button')]' not found

2022-11-30 22:21:40 - [MESSAGE][INFO] - Unable to find the element located by 'By.xpath: //div[@class='main-header'][contains(.,'Radio Button')]'. Please recheck the objects properties to make sure the desired element is located. 

2022-11-30 22:21:40 - [MESSAGE][WARNING] - [SELF-HEALING] Failed to find element with id 'Object Repository/Condicionales/Texto_radio'. Try using Self-healing.

2022-11-30 22:21:41 - [MESSAGE][INFO] - [SELF-HEALING] No working XPath is found.

2022-11-30 22:21:43 - [MESSAGE][INFO] - Unable to find the element located by 'By.xpath: '. Please recheck the objects properties to make sure the desired element is located. 

2022-11-30 22:21:43 - [MESSAGE][WARNING] - [SELF-HEALING] Cannot find elements when the selector is null

2022-11-30 22:21:43 - [MESSAGE][WARNING] - Web element with id: 'Object Repository/Condicionales/Texto_radio' located by '//div[@class='main-header'][contains(.,'Radio Button')]' not found

2022-11-30 22:21:43 - [TEST_STEP][PASSED] - print(Existe): null

2022-11-30 22:21:43 - [TEST_STEP][PASSED] - if (Existe == true): null

2022-11-30 22:21:43 - [TEST_STEP][PASSED] - else: Browser is closed

2022-11-30 22:21:43 - [TEST_STEP][PASSED] - print("-----  Error no esta el elemento de texto radio ------"): null

2022-11-30 22:21:43 - [TEST_STEP][PASSED] - navigateToUrl("https://demoqa.com/radio-button"): Navigate to 'https://demoqa.com/radio-button' successfully

2022-11-30 22:21:45 - [MESSAGE][PASSED] - Navigate to 'https://demoqa.com/radio-button' successfully

2022-11-30 22:21:45 - [TEST_STEP][PASSED] - click(findTestObject("Condicionales/Objeto_yes")): Object: 'Object Repository/Condicionales/Objeto_yes' is clicked on

2022-11-30 22:21:49 - [MESSAGE][PASSED] - Object: 'Object Repository/Condicionales/Objeto_yes' is clicked on

2022-11-30 22:21:49 - [TEST_STEP][PASSED] - delay(2): Delayed 2 second(s)

2022-11-30 22:21:51 - [MESSAGE][PASSED] - Delayed 2 second(s)

2022-11-30 22:21:51 - [TEST_STEP][PASSED] - closeBrowser(): Browser is closed

2022-11-30 22:21:54 - [MESSAGE][PASSED] - Browser is closed]]></system-out>
         <system-err><![CDATA[]]></system-err>
      </testcase>
      <testcase name="Test Cases/Condicionales_If/Test_1" time="0.081" classname="Test Cases/Condicionales_If/Test_1" status="PASSED">
         <system-out><![CDATA[2022-11-30 22:21:54 - [TEST_CASE][PASSED] - Test Cases/Condicionales_If/Test_1: Test Cases/Condicionales_If/Test_1

2022-11-30 22:21:54 - [TEST_STEP][PASSED] - if (num == 10): null

2022-11-30 22:21:54 - [TEST_STEP][PASSED] - else: null

2022-11-30 22:21:54 - [TEST_STEP][PASSED] - print("El numero no es un 10 es el numero:  " + num + "#####"): null]]></system-out>
         <system-err><![CDATA[]]></system-err>
      </testcase>
      <testcase name="Test Cases/Condicionales_If/Test_2" time="0.065" classname="Test Cases/Condicionales_If/Test_2" status="PASSED">
         <system-out><![CDATA[2022-11-30 22:21:54 - [TEST_CASE][PASSED] - Test Cases/Condicionales_If/Test_2: Test Cases/Condicionales_If/Test_2

2022-11-30 22:21:54 - [TEST_STEP][PASSED] - if (num == 5): null

2022-11-30 22:21:54 - [TEST_STEP][PASSED] - if (num == 10): null

2022-11-30 22:21:54 - [TEST_STEP][PASSED] - println("El valor de la variables es un: 10"): null]]></system-out>
         <system-err><![CDATA[]]></system-err>
      </testcase>
      <testcase name="Test Cases/Condicionales_If/Test_3" time="0.105" classname="Test Cases/Condicionales_If/Test_3" status="PASSED">
         <system-out><![CDATA[2022-11-30 22:21:54 - [TEST_CASE][PASSED] - Test Cases/Condicionales_If/Test_3: Test Cases/Condicionales_If/Test_3

2022-11-30 22:21:54 - [TEST_STEP][PASSED] - if (nombre == "Juan"): null

2022-11-30 22:21:54 - [TEST_STEP][PASSED] - if (nombre == "JUan"): null

2022-11-30 22:21:54 - [TEST_STEP][PASSED] - if (nombre == "juan"): null

2022-11-30 22:21:54 - [TEST_STEP][PASSED] - println("Tu nombre es juan"): null]]></system-out>
         <system-err><![CDATA[]]></system-err>
      </testcase>
      <testcase name="Test Cases/Condicionales_If/Test_4" time="0.091" classname="Test Cases/Condicionales_If/Test_4" status="PASSED">
         <system-out><![CDATA[2022-11-30 22:21:54 - [TEST_CASE][PASSED] - Test Cases/Condicionales_If/Test_4: Test Cases/Condicionales_If/Test_4

2022-11-30 22:21:54 - [TEST_STEP][PASSED] - if (num <= 7): null

2022-11-30 22:21:54 - [TEST_STEP][PASSED] - println("El numero es menor ó igual que 5"): null

2022-11-30 22:21:54 - [TEST_STEP][PASSED] - if (num >= 8): null

2022-11-30 22:21:54 - [TEST_STEP][PASSED] - if (num != 5): null]]></system-out>
         <system-err><![CDATA[]]></system-err>
      </testcase>
      <testcase name="Test Cases/Condicionales_If/Test_edad" time="0.091" classname="Test Cases/Condicionales_If/Test_edad" status="PASSED">
         <system-out><![CDATA[2022-11-30 22:21:54 - [TEST_CASE][PASSED] - Test Cases/Condicionales_If/Test_edad: Test Cases/Condicionales_If/Test_edad

2022-11-30 22:21:55 - [TEST_STEP][PASSED] - if (edad >= 1 && edad <= 17): null

2022-11-30 22:21:55 - [TEST_STEP][PASSED] - else if (edad == 18): null

2022-11-30 22:21:55 - [TEST_STEP][PASSED] - else if (edad <= 0): null

2022-11-30 22:21:55 - [TEST_STEP][PASSED] - else if (edad == 120): null

2022-11-30 22:21:55 - [TEST_STEP][PASSED] - else: null

2022-11-30 22:21:55 - [TEST_STEP][PASSED] - print("No se cumple ninguna de las opciones"): null]]></system-out>
         <system-err><![CDATA[]]></system-err>
      </testcase>
      <testcase name="Test Cases/Condicionales_If/Test_valor" time="160.072" classname="Test Cases/Condicionales_If/Test_valor" status="PASSED">
         <system-out><![CDATA[2022-11-30 22:21:55 - [TEST_CASE][PASSED] - Test Cases/Condicionales_If/Test_valor: Test Cases/Condicionales_If/Test_valor

2022-11-30 22:21:55 - [TEST_STEP][PASSED] - openBrowser(""): Browser is opened with url: ''

2022-11-30 22:21:55 - [MESSAGE][INFO] - User set preference: ['os', 'windows']

2022-11-30 22:21:55 - [MESSAGE][INFO] - User set preference: ['browserName', 'chrome']

2022-11-30 22:21:55 - [MESSAGE][INFO] - User set preference: ['browserVersion', '103']

2022-11-30 22:21:55 - [MESSAGE][INFO] - User set preference: ['katalon:option', '{organizationId=987205, tunnelId=, usingTunnel=false}']

2022-11-30 22:21:55 - [MESSAGE][INFO] - Connecting to remote web server 'testcloud.katalon.com/hub' with type 'Selenium'

2022-11-30 22:21:55 - [MESSAGE][INFO] - Action delay is set to 0 milliseconds

2022-11-30 22:24:18 - [MESSAGE][PASSED] - Browser is opened with url: ''

2022-11-30 22:24:18 - [TEST_STEP][PASSED] - navigateToUrl("https://demoqa.com/"): Navigate to 'https://demoqa.com/' successfully

2022-11-30 22:24:20 - [MESSAGE][PASSED] - Navigate to 'https://demoqa.com/' successfully

2022-11-30 22:24:20 - [TEST_STEP][PASSED] - maximizeWindow(): Current window maximized

2022-11-30 22:24:21 - [MESSAGE][PASSED] - Current window maximized

2022-11-30 22:24:21 - [TEST_STEP][PASSED] - waitForPageLoad(10): Wait for page load successfully

2022-11-30 22:24:22 - [MESSAGE][PASSED] - Wait for page load successfully

2022-11-30 22:24:22 - [TEST_STEP][PASSED] - Existe = waitForElementVisible(findTestObject("Condicionales/titulo1"), 5): Web element with id: 'Object Repository/Condicionales/titulo1' located by '//div[@class='main-header'][contains(.,'Radio Button')]' not found

2022-11-30 22:24:28 - [MESSAGE][INFO] - Unable to find the element located by 'By.xpath: //div[@class='main-header'][contains(.,'Radio Button')]'. Please recheck the objects properties to make sure the desired element is located. 

2022-11-30 22:24:28 - [MESSAGE][WARNING] - [SELF-HEALING] Failed to find element with id 'Object Repository/Condicionales/titulo1'. Try using Self-healing.

2022-11-30 22:24:29 - [MESSAGE][INFO] - [SELF-HEALING] No working XPath is found.

2022-11-30 22:24:31 - [MESSAGE][INFO] - Unable to find the element located by 'By.xpath: '. Please recheck the objects properties to make sure the desired element is located. 

2022-11-30 22:24:31 - [MESSAGE][WARNING] - [SELF-HEALING] Cannot find elements when the selector is null

2022-11-30 22:24:31 - [MESSAGE][WARNING] - Web element with id: 'Object Repository/Condicionales/titulo1' located by '//div[@class='main-header'][contains(.,'Radio Button')]' not found

2022-11-30 22:24:31 - [TEST_STEP][PASSED] - if (Existe == true): null

2022-11-30 22:24:31 - [TEST_STEP][PASSED] - else: Browser is closed

2022-11-30 22:24:31 - [TEST_STEP][PASSED] - print("No estas en la página correcta"): null

2022-11-30 22:24:31 - [TEST_STEP][PASSED] - closeBrowser(): Browser is closed

2022-11-30 22:24:35 - [MESSAGE][PASSED] - Browser is closed]]></system-out>
         <system-err><![CDATA[]]></system-err>
      </testcase>
      <testcase name="Test Cases/BUCLES/Reto_For" time="270.736" classname="Test Cases/BUCLES/Reto_For" status="PASSED">
         <system-out><![CDATA[2022-11-30 22:24:35 - [TEST_CASE][PASSED] - Test Cases/BUCLES/Reto_For: Test Cases/BUCLES/Reto_For

2022-11-30 22:24:35 - [TEST_STEP][PASSED] - openBrowser(""): Browser is opened with url: ''

2022-11-30 22:24:35 - [MESSAGE][INFO] - User set preference: ['os', 'windows']

2022-11-30 22:24:35 - [MESSAGE][INFO] - User set preference: ['browserName', 'chrome']

2022-11-30 22:24:35 - [MESSAGE][INFO] - User set preference: ['browserVersion', '103']

2022-11-30 22:24:35 - [MESSAGE][INFO] - User set preference: ['katalon:option', '{organizationId=987205, tunnelId=, usingTunnel=false}']

2022-11-30 22:24:35 - [MESSAGE][INFO] - Connecting to remote web server 'testcloud.katalon.com/hub' with type 'Selenium'

2022-11-30 22:24:35 - [MESSAGE][INFO] - Action delay is set to 0 milliseconds

2022-11-30 22:27:03 - [MESSAGE][PASSED] - Browser is opened with url: ''

2022-11-30 22:27:03 - [TEST_STEP][PASSED] - navigateToUrl("https://demoqa.com/text-box"): Navigate to 'https://demoqa.com/text-box' successfully

2022-11-30 22:27:06 - [MESSAGE][PASSED] - Navigate to 'https://demoqa.com/text-box' successfully

2022-11-30 22:27:06 - [TEST_STEP][PASSED] - maximizeWindow(): Current window maximized

2022-11-30 22:27:09 - [MESSAGE][PASSED] - Current window maximized

2022-11-30 22:27:09 - [TEST_STEP][PASSED] - waitForPageLoad(5): Wait for page load successfully

2022-11-30 22:27:10 - [MESSAGE][PASSED] - Wait for page load successfully

2022-11-30 22:27:10 - [TEST_STEP][PASSED] - for ([x = 1, x <= 4, (x++)]): Browser is scrolled to position x = 0, y = 100

2022-11-30 22:27:10 - [TEST_STEP][PASSED] - z = ["Carlos", "Erika", "Paco", "Rodrigo", "Juan"]: null

2022-11-30 22:27:10 - [TEST_STEP][PASSED] - rn = new java.util.Random(): null

2022-11-30 22:27:10 - [TEST_STEP][PASSED] - tx_nombre = z[rn.nextInt(size)]: null

2022-11-30 22:27:10 - [TEST_STEP][PASSED] - setText(findTestObject("Object Repository/Reto_for/Page_ToolsQA/input_Full Name_userName"), tx_nombre): Text 'Erika' is set on object 'Object Repository/Reto_for/Page_ToolsQA/input_Full Name_userName'

2022-11-30 22:27:31 - [MESSAGE][PASSED] - Text 'Erika' is set on object 'Object Repository/Reto_for/Page_ToolsQA/input_Full Name_userName'

2022-11-30 22:27:31 - [TEST_STEP][PASSED] - setText(findTestObject("Object Repository/Reto_for/Page_ToolsQA/input_Email_userEmail"), tx_nombre + "@gmail.com"): Text 'Erika@gmail.com' is set on object 'Object Repository/Reto_for/Page_ToolsQA/input_Email_userEmail'

2022-11-30 22:27:37 - [MESSAGE][PASSED] - Text 'Erika@gmail.com' is set on object 'Object Repository/Reto_for/Page_ToolsQA/input_Email_userEmail'

2022-11-30 22:27:37 - [TEST_STEP][PASSED] - setText(findTestObject("Object Repository/Reto_for/Page_ToolsQA/textarea_Current Address_currentAddress"), "Dirección#" + x): Text 'Dirección#1' is set on object 'Object Repository/Reto_for/Page_ToolsQA/textarea_Current Address_currentAddress'

2022-11-30 22:27:42 - [MESSAGE][PASSED] - Text 'Dirección#1' is set on object 'Object Repository/Reto_for/Page_ToolsQA/textarea_Current Address_currentAddress'

2022-11-30 22:27:42 - [TEST_STEP][PASSED] - setText(findTestObject("Object Repository/Reto_for/Page_ToolsQA/textarea_Permanent Address_permanentAddress"), "Dirección dos#" + x): Text 'Dirección dos#1' is set on object 'Object Repository/Reto_for/Page_ToolsQA/textarea_Permanent Address_permanentAddress'

2022-11-30 22:27:47 - [MESSAGE][PASSED] - Text 'Dirección dos#1' is set on object 'Object Repository/Reto_for/Page_ToolsQA/textarea_Permanent Address_permanentAddress'

2022-11-30 22:27:47 - [TEST_STEP][PASSED] - scrollToPosition(0, 500): Browser is scrolled to position x = 0, y = 500

2022-11-30 22:27:47 - [MESSAGE][PASSED] - Browser is scrolled to position x = 0, y = 500

2022-11-30 22:27:47 - [TEST_STEP][PASSED] - click(findTestObject("Object Repository/Reto_for/Page_ToolsQA/button_Submit")): Object: 'Object Repository/Reto_for/Page_ToolsQA/button_Submit' is clicked on

2022-11-30 22:27:50 - [MESSAGE][PASSED] - Object: 'Object Repository/Reto_for/Page_ToolsQA/button_Submit' is clicked on

2022-11-30 22:27:50 - [TEST_STEP][PASSED] - scrollToPosition(0, 100): Browser is scrolled to position x = 0, y = 100

2022-11-30 22:27:51 - [MESSAGE][PASSED] - Browser is scrolled to position x = 0, y = 100

2022-11-30 22:27:51 - [TEST_STEP][PASSED] - z = ["Carlos", "Erika", "Paco", "Rodrigo", "Juan"]: null

2022-11-30 22:27:51 - [TEST_STEP][PASSED] - rn = new java.util.Random(): null

2022-11-30 22:27:51 - [TEST_STEP][PASSED] - tx_nombre = z[rn.nextInt(size)]: null

2022-11-30 22:27:51 - [TEST_STEP][PASSED] - setText(findTestObject("Object Repository/Reto_for/Page_ToolsQA/input_Full Name_userName"), tx_nombre): Text 'Paco' is set on object 'Object Repository/Reto_for/Page_ToolsQA/input_Full Name_userName'

2022-11-30 22:27:56 - [MESSAGE][PASSED] - Text 'Paco' is set on object 'Object Repository/Reto_for/Page_ToolsQA/input_Full Name_userName'

2022-11-30 22:27:56 - [TEST_STEP][PASSED] - setText(findTestObject("Object Repository/Reto_for/Page_ToolsQA/input_Email_userEmail"), tx_nombre + "@gmail.com"): Text 'Paco@gmail.com' is set on object 'Object Repository/Reto_for/Page_ToolsQA/input_Email_userEmail'

2022-11-30 22:28:01 - [MESSAGE][PASSED] - Text 'Paco@gmail.com' is set on object 'Object Repository/Reto_for/Page_ToolsQA/input_Email_userEmail'

2022-11-30 22:28:01 - [TEST_STEP][PASSED] - setText(findTestObject("Object Repository/Reto_for/Page_ToolsQA/textarea_Current Address_currentAddress"), "Dirección#" + x): Text 'Dirección#2' is set on object 'Object Repository/Reto_for/Page_ToolsQA/textarea_Current Address_currentAddress'

2022-11-30 22:28:06 - [MESSAGE][PASSED] - Text 'Dirección#2' is set on object 'Object Repository/Reto_for/Page_ToolsQA/textarea_Current Address_currentAddress'

2022-11-30 22:28:06 - [TEST_STEP][PASSED] - setText(findTestObject("Object Repository/Reto_for/Page_ToolsQA/textarea_Permanent Address_permanentAddress"), "Dirección dos#" + x): Text 'Dirección dos#2' is set on object 'Object Repository/Reto_for/Page_ToolsQA/textarea_Permanent Address_permanentAddress'

2022-11-30 22:28:12 - [MESSAGE][PASSED] - Text 'Dirección dos#2' is set on object 'Object Repository/Reto_for/Page_ToolsQA/textarea_Permanent Address_permanentAddress'

2022-11-30 22:28:12 - [TEST_STEP][PASSED] - scrollToPosition(0, 500): Browser is scrolled to position x = 0, y = 500

2022-11-30 22:28:12 - [MESSAGE][PASSED] - Browser is scrolled to position x = 0, y = 500

2022-11-30 22:28:12 - [TEST_STEP][PASSED] - click(findTestObject("Object Repository/Reto_for/Page_ToolsQA/button_Submit")): Object: 'Object Repository/Reto_for/Page_ToolsQA/button_Submit' is clicked on

2022-11-30 22:28:14 - [MESSAGE][PASSED] - Object: 'Object Repository/Reto_for/Page_ToolsQA/button_Submit' is clicked on

2022-11-30 22:28:14 - [TEST_STEP][PASSED] - scrollToPosition(0, 100): Browser is scrolled to position x = 0, y = 100

2022-11-30 22:28:15 - [MESSAGE][PASSED] - Browser is scrolled to position x = 0, y = 100

2022-11-30 22:28:15 - [TEST_STEP][PASSED] - z = ["Carlos", "Erika", "Paco", "Rodrigo", "Juan"]: null

2022-11-30 22:28:15 - [TEST_STEP][PASSED] - rn = new java.util.Random(): null

2022-11-30 22:28:15 - [TEST_STEP][PASSED] - tx_nombre = z[rn.nextInt(size)]: null

2022-11-30 22:28:15 - [TEST_STEP][PASSED] - setText(findTestObject("Object Repository/Reto_for/Page_ToolsQA/input_Full Name_userName"), tx_nombre): Text 'Juan' is set on object 'Object Repository/Reto_for/Page_ToolsQA/input_Full Name_userName'

2022-11-30 22:28:20 - [MESSAGE][PASSED] - Text 'Juan' is set on object 'Object Repository/Reto_for/Page_ToolsQA/input_Full Name_userName'

2022-11-30 22:28:20 - [TEST_STEP][PASSED] - setText(findTestObject("Object Repository/Reto_for/Page_ToolsQA/input_Email_userEmail"), tx_nombre + "@gmail.com"): Text 'Juan@gmail.com' is set on object 'Object Repository/Reto_for/Page_ToolsQA/input_Email_userEmail'

2022-11-30 22:28:27 - [MESSAGE][PASSED] - Text 'Juan@gmail.com' is set on object 'Object Repository/Reto_for/Page_ToolsQA/input_Email_userEmail'

2022-11-30 22:28:27 - [TEST_STEP][PASSED] - setText(findTestObject("Object Repository/Reto_for/Page_ToolsQA/textarea_Current Address_currentAddress"), "Dirección#" + x): Text 'Dirección#3' is set on object 'Object Repository/Reto_for/Page_ToolsQA/textarea_Current Address_currentAddress'

2022-11-30 22:28:31 - [MESSAGE][PASSED] - Text 'Dirección#3' is set on object 'Object Repository/Reto_for/Page_ToolsQA/textarea_Current Address_currentAddress'

2022-11-30 22:28:31 - [TEST_STEP][PASSED] - setText(findTestObject("Object Repository/Reto_for/Page_ToolsQA/textarea_Permanent Address_permanentAddress"), "Dirección dos#" + x): Text 'Dirección dos#3' is set on object 'Object Repository/Reto_for/Page_ToolsQA/textarea_Permanent Address_permanentAddress'

2022-11-30 22:28:36 - [MESSAGE][PASSED] - Text 'Dirección dos#3' is set on object 'Object Repository/Reto_for/Page_ToolsQA/textarea_Permanent Address_permanentAddress'

2022-11-30 22:28:36 - [TEST_STEP][PASSED] - scrollToPosition(0, 500): Browser is scrolled to position x = 0, y = 500

2022-11-30 22:28:37 - [MESSAGE][PASSED] - Browser is scrolled to position x = 0, y = 500

2022-11-30 22:28:37 - [TEST_STEP][PASSED] - click(findTestObject("Object Repository/Reto_for/Page_ToolsQA/button_Submit")): Object: 'Object Repository/Reto_for/Page_ToolsQA/button_Submit' is clicked on

2022-11-30 22:28:39 - [MESSAGE][PASSED] - Object: 'Object Repository/Reto_for/Page_ToolsQA/button_Submit' is clicked on

2022-11-30 22:28:39 - [TEST_STEP][PASSED] - scrollToPosition(0, 100): Browser is scrolled to position x = 0, y = 100

2022-11-30 22:28:40 - [MESSAGE][PASSED] - Browser is scrolled to position x = 0, y = 100

2022-11-30 22:28:40 - [TEST_STEP][PASSED] - z = ["Carlos", "Erika", "Paco", "Rodrigo", "Juan"]: null

2022-11-30 22:28:40 - [TEST_STEP][PASSED] - rn = new java.util.Random(): null

2022-11-30 22:28:40 - [TEST_STEP][PASSED] - tx_nombre = z[rn.nextInt(size)]: null

2022-11-30 22:28:40 - [TEST_STEP][PASSED] - setText(findTestObject("Object Repository/Reto_for/Page_ToolsQA/input_Full Name_userName"), tx_nombre): Text 'Juan' is set on object 'Object Repository/Reto_for/Page_ToolsQA/input_Full Name_userName'

2022-11-30 22:28:44 - [MESSAGE][PASSED] - Text 'Juan' is set on object 'Object Repository/Reto_for/Page_ToolsQA/input_Full Name_userName'

2022-11-30 22:28:45 - [TEST_STEP][PASSED] - setText(findTestObject("Object Repository/Reto_for/Page_ToolsQA/input_Email_userEmail"), tx_nombre + "@gmail.com"): Text 'Juan@gmail.com' is set on object 'Object Repository/Reto_for/Page_ToolsQA/input_Email_userEmail'

2022-11-30 22:28:49 - [MESSAGE][PASSED] - Text 'Juan@gmail.com' is set on object 'Object Repository/Reto_for/Page_ToolsQA/input_Email_userEmail'

2022-11-30 22:28:49 - [TEST_STEP][PASSED] - setText(findTestObject("Object Repository/Reto_for/Page_ToolsQA/textarea_Current Address_currentAddress"), "Dirección#" + x): Text 'Dirección#4' is set on object 'Object Repository/Reto_for/Page_ToolsQA/textarea_Current Address_currentAddress'

2022-11-30 22:28:54 - [MESSAGE][PASSED] - Text 'Dirección#4' is set on object 'Object Repository/Reto_for/Page_ToolsQA/textarea_Current Address_currentAddress'

2022-11-30 22:28:54 - [TEST_STEP][PASSED] - setText(findTestObject("Object Repository/Reto_for/Page_ToolsQA/textarea_Permanent Address_permanentAddress"), "Dirección dos#" + x): Text 'Dirección dos#4' is set on object 'Object Repository/Reto_for/Page_ToolsQA/textarea_Permanent Address_permanentAddress'

2022-11-30 22:28:58 - [MESSAGE][PASSED] - Text 'Dirección dos#4' is set on object 'Object Repository/Reto_for/Page_ToolsQA/textarea_Permanent Address_permanentAddress'

2022-11-30 22:28:58 - [TEST_STEP][PASSED] - scrollToPosition(0, 500): Browser is scrolled to position x = 0, y = 500

2022-11-30 22:29:00 - [MESSAGE][PASSED] - Browser is scrolled to position x = 0, y = 500

2022-11-30 22:29:00 - [TEST_STEP][PASSED] - click(findTestObject("Object Repository/Reto_for/Page_ToolsQA/button_Submit")): Object: 'Object Repository/Reto_for/Page_ToolsQA/button_Submit' is clicked on

2022-11-30 22:29:02 - [MESSAGE][PASSED] - Object: 'Object Repository/Reto_for/Page_ToolsQA/button_Submit' is clicked on

2022-11-30 22:29:02 - [TEST_STEP][PASSED] - scrollToPosition(0, 100): Browser is scrolled to position x = 0, y = 100

2022-11-30 22:29:03 - [MESSAGE][PASSED] - Browser is scrolled to position x = 0, y = 100

2022-11-30 22:29:03 - [TEST_STEP][PASSED] - closeBrowser(): Browser is closed

2022-11-30 22:29:05 - [MESSAGE][PASSED] - Browser is closed]]></system-out>
         <system-err><![CDATA[]]></system-err>
      </testcase>
      <testcase name="Test Cases/BUCLES/Reto_while" time="188.481" classname="Test Cases/BUCLES/Reto_while" status="PASSED">
         <system-out><![CDATA[2022-11-30 22:29:05 - [TEST_CASE][PASSED] - Test Cases/BUCLES/Reto_while: Test Cases/BUCLES/Reto_while

2022-11-30 22:29:05 - [TEST_STEP][PASSED] - openBrowser(""): Browser is opened with url: ''

2022-11-30 22:29:05 - [MESSAGE][INFO] - User set preference: ['os', 'windows']

2022-11-30 22:29:05 - [MESSAGE][INFO] - User set preference: ['browserName', 'chrome']

2022-11-30 22:29:05 - [MESSAGE][INFO] - User set preference: ['browserVersion', '103']

2022-11-30 22:29:05 - [MESSAGE][INFO] - User set preference: ['katalon:option', '{organizationId=987205, tunnelId=, usingTunnel=false}']

2022-11-30 22:29:05 - [MESSAGE][INFO] - Connecting to remote web server 'testcloud.katalon.com/hub' with type 'Selenium'

2022-11-30 22:29:05 - [MESSAGE][INFO] - Action delay is set to 0 milliseconds

2022-11-30 22:31:33 - [MESSAGE][PASSED] - Browser is opened with url: ''

2022-11-30 22:31:33 - [TEST_STEP][PASSED] - navigateToUrl("https://www.google.com/"): Navigate to 'https://www.google.com/' successfully

2022-11-30 22:31:34 - [MESSAGE][PASSED] - Navigate to 'https://www.google.com/' successfully

2022-11-30 22:31:34 - [TEST_STEP][PASSED] - Bandera = 0: null

2022-11-30 22:31:34 - [TEST_STEP][PASSED] - while (Bandera != 1): null

2022-11-30 22:31:34 - [TEST_STEP][PASSED] - num = Math.random() * 5 - 1 + 1: null

2022-11-30 22:31:34 - [TEST_STEP][PASSED] - setText(findTestObject("Object Repository/While_google/Page_Google/input__q"), "5+" + num): Text '5+2' is set on object 'Object Repository/While_google/Page_Google/input__q'

2022-11-30 22:31:40 - [MESSAGE][PASSED] - Text '5+2' is set on object 'Object Repository/While_google/Page_Google/input__q'

2022-11-30 22:31:40 - [TEST_STEP][PASSED] - sendKeys(findTestObject("Object Repository/While_google/Page_Google/input__q"), Keys.chord(ENTER)): Keys 'ENTER + ' sent to object: 'Object Repository/While_google/Page_Google/input__q'

2022-11-30 22:31:45 - [MESSAGE][PASSED] - Keys 'ENTER + ' sent to object: 'Object Repository/While_google/Page_Google/input__q'

2022-11-30 22:31:45 - [TEST_STEP][PASSED] - Resultado = getText(findTestObject("While_google/Extras/Resultado_10")): Text of object 'Object Repository/While_google/Extras/Resultado_10' is: '7'

2022-11-30 22:31:48 - [MESSAGE][PASSED] - Text of object 'Object Repository/While_google/Extras/Resultado_10' is: '7'

2022-11-30 22:31:48 - [TEST_STEP][PASSED] - if (Resultado == "8"): null

2022-11-30 22:31:48 - [TEST_STEP][PASSED] - else: null

2022-11-30 22:31:48 - [TEST_STEP][PASSED] - Bandera = 0: null

2022-11-30 22:31:48 - [TEST_STEP][PASSED] - print(Bandera + "------"): null

2022-11-30 22:31:48 - [TEST_STEP][PASSED] - num = Math.random() * 5 - 1 + 1: null

2022-11-30 22:31:48 - [TEST_STEP][PASSED] - setText(findTestObject("Object Repository/While_google/Page_Google/input__q"), "5+" + num): Text '5+2' is set on object 'Object Repository/While_google/Page_Google/input__q'

2022-11-30 22:31:53 - [MESSAGE][PASSED] - Text '5+2' is set on object 'Object Repository/While_google/Page_Google/input__q'

2022-11-30 22:31:53 - [TEST_STEP][PASSED] - sendKeys(findTestObject("Object Repository/While_google/Page_Google/input__q"), Keys.chord(ENTER)): Keys 'ENTER + ' sent to object: 'Object Repository/While_google/Page_Google/input__q'

2022-11-30 22:31:57 - [MESSAGE][PASSED] - Keys 'ENTER + ' sent to object: 'Object Repository/While_google/Page_Google/input__q'

2022-11-30 22:31:57 - [TEST_STEP][PASSED] - Resultado = getText(findTestObject("While_google/Extras/Resultado_10")): Text of object 'Object Repository/While_google/Extras/Resultado_10' is: '7'

2022-11-30 22:32:00 - [MESSAGE][PASSED] - Text of object 'Object Repository/While_google/Extras/Resultado_10' is: '7'

2022-11-30 22:32:00 - [TEST_STEP][PASSED] - if (Resultado == "8"): null

2022-11-30 22:32:00 - [TEST_STEP][PASSED] - else: null

2022-11-30 22:32:00 - [TEST_STEP][PASSED] - Bandera = 0: null

2022-11-30 22:32:00 - [TEST_STEP][PASSED] - print(Bandera + "------"): null

2022-11-30 22:32:00 - [TEST_STEP][PASSED] - num = Math.random() * 5 - 1 + 1: null

2022-11-30 22:32:00 - [TEST_STEP][PASSED] - setText(findTestObject("Object Repository/While_google/Page_Google/input__q"), "5+" + num): Text '5+3' is set on object 'Object Repository/While_google/Page_Google/input__q'

2022-11-30 22:32:05 - [MESSAGE][PASSED] - Text '5+3' is set on object 'Object Repository/While_google/Page_Google/input__q'

2022-11-30 22:32:05 - [TEST_STEP][PASSED] - sendKeys(findTestObject("Object Repository/While_google/Page_Google/input__q"), Keys.chord(ENTER)): Keys 'ENTER + ' sent to object: 'Object Repository/While_google/Page_Google/input__q'

2022-11-30 22:32:08 - [MESSAGE][PASSED] - Keys 'ENTER + ' sent to object: 'Object Repository/While_google/Page_Google/input__q'

2022-11-30 22:32:08 - [TEST_STEP][PASSED] - Resultado = getText(findTestObject("While_google/Extras/Resultado_10")): Text of object 'Object Repository/While_google/Extras/Resultado_10' is: '8'

2022-11-30 22:32:11 - [MESSAGE][PASSED] - Text of object 'Object Repository/While_google/Extras/Resultado_10' is: '8'

2022-11-30 22:32:11 - [TEST_STEP][PASSED] - if (Resultado == "8"): Browser is closed

2022-11-30 22:32:11 - [TEST_STEP][PASSED] - Bandera = 1: null

2022-11-30 22:32:11 - [TEST_STEP][PASSED] - print("Listo termina"): null

2022-11-30 22:32:11 - [TEST_STEP][PASSED] - closeBrowser(): Browser is closed

2022-11-30 22:32:14 - [MESSAGE][PASSED] - Browser is closed

2022-11-30 22:32:14 - [TEST_STEP][PASSED] - print(Bandera + "------"): null]]></system-out>
         <system-err><![CDATA[]]></system-err>
      </testcase>
      <testcase name="Test Cases/BUCLES/Reto_while_solucion" time="177.28" classname="Test Cases/BUCLES/Reto_while_solucion" status="PASSED">
         <system-out><![CDATA[2022-11-30 22:32:14 - [TEST_CASE][PASSED] - Test Cases/BUCLES/Reto_while_solucion: Test Cases/BUCLES/Reto_while_solucion

2022-11-30 22:32:14 - [TEST_STEP][PASSED] - openBrowser(""): Browser is opened with url: ''

2022-11-30 22:32:14 - [MESSAGE][INFO] - User set preference: ['os', 'windows']

2022-11-30 22:32:14 - [MESSAGE][INFO] - User set preference: ['browserName', 'chrome']

2022-11-30 22:32:14 - [MESSAGE][INFO] - User set preference: ['browserVersion', '103']

2022-11-30 22:32:14 - [MESSAGE][INFO] - User set preference: ['katalon:option', '{organizationId=987205, tunnelId=, usingTunnel=false}']

2022-11-30 22:32:14 - [MESSAGE][INFO] - Connecting to remote web server 'testcloud.katalon.com/hub' with type 'Selenium'

2022-11-30 22:32:14 - [MESSAGE][INFO] - Action delay is set to 0 milliseconds

2022-11-30 22:34:53 - [MESSAGE][PASSED] - Browser is opened with url: ''

2022-11-30 22:34:53 - [TEST_STEP][PASSED] - navigateToUrl("https://www.google.com/"): Navigate to 'https://www.google.com/' successfully

2022-11-30 22:34:55 - [MESSAGE][PASSED] - Navigate to 'https://www.google.com/' successfully

2022-11-30 22:34:55 - [TEST_STEP][PASSED] - Res = 0: null

2022-11-30 22:34:55 - [TEST_STEP][PASSED] - while (Res != 8): Browser is closed

2022-11-30 22:34:55 - [TEST_STEP][PASSED] - num = Math.random() * 5 - 1 + 1: null

2022-11-30 22:34:55 - [TEST_STEP][PASSED] - setText(findTestObject("Object Repository/Reto_while1/Page_Google/input__q"), "5+" + num): Text '5+3' is set on object 'Object Repository/Reto_while1/Page_Google/input__q'

2022-11-30 22:35:02 - [MESSAGE][PASSED] - Text '5+3' is set on object 'Object Repository/Reto_while1/Page_Google/input__q'

2022-11-30 22:35:02 - [TEST_STEP][PASSED] - sendKeys(findTestObject("Object Repository/Reto_while1/Page_Google/input__q"), Keys.chord(ENTER)): Keys 'ENTER + ' sent to object: 'Object Repository/Reto_while1/Page_Google/input__q'

2022-11-30 22:35:06 - [MESSAGE][PASSED] - Keys 'ENTER + ' sent to object: 'Object Repository/Reto_while1/Page_Google/input__q'

2022-11-30 22:35:06 - [TEST_STEP][PASSED] - Res = getText(findTestObject("Reto_while1/Resultado_8")).toInteger(): Text of object 'Object Repository/Reto_while1/Resultado_8' is: '8'

2022-11-30 22:35:08 - [MESSAGE][PASSED] - Text of object 'Object Repository/Reto_while1/Resultado_8' is: '8'

2022-11-30 22:35:08 - [TEST_STEP][PASSED] - if (Res == 8): Browser is closed

2022-11-30 22:35:08 - [TEST_STEP][PASSED] - closeBrowser(): Browser is closed

2022-11-30 22:35:11 - [MESSAGE][PASSED] - Browser is closed]]></system-out>
         <system-err><![CDATA[]]></system-err>
      </testcase>
      <testcase name="Test Cases/BUCLES/Test_1" time="498.196" classname="Test Cases/BUCLES/Test_1" status="PASSED">
         <system-out><![CDATA[2022-11-30 22:35:11 - [TEST_CASE][PASSED] - Test Cases/BUCLES/Test_1: Test Cases/BUCLES/Test_1

2022-11-30 22:35:11 - [TEST_STEP][PASSED] - openBrowser(""): Browser is opened with url: ''

2022-11-30 22:35:11 - [MESSAGE][INFO] - User set preference: ['os', 'windows']

2022-11-30 22:35:11 - [MESSAGE][INFO] - User set preference: ['browserName', 'chrome']

2022-11-30 22:35:11 - [MESSAGE][INFO] - User set preference: ['browserVersion', '103']

2022-11-30 22:35:11 - [MESSAGE][INFO] - User set preference: ['katalon:option', '{organizationId=987205, tunnelId=, usingTunnel=false}']

2022-11-30 22:35:11 - [MESSAGE][INFO] - Connecting to remote web server 'testcloud.katalon.com/hub' with type 'Selenium'

2022-11-30 22:35:11 - [MESSAGE][INFO] - Action delay is set to 0 milliseconds

2022-11-30 22:37:50 - [MESSAGE][PASSED] - Browser is opened with url: ''

2022-11-30 22:37:50 - [TEST_STEP][PASSED] - navigateToUrl("https://demoqa.com/text-box"): Navigate to 'https://demoqa.com/text-box' successfully

2022-11-30 22:37:54 - [MESSAGE][PASSED] - Navigate to 'https://demoqa.com/text-box' successfully

2022-11-30 22:37:54 - [TEST_STEP][PASSED] - for ([x = 1, x <= 2, (x++)]): null

2022-11-30 22:37:54 - [TEST_STEP][PASSED] - openBrowser(""): Browser is opened with url: ''

2022-11-30 22:37:54 - [MESSAGE][WARNING] - A browser is already opened. Closing browser and opening a new one

2022-11-30 22:38:02 - [MESSAGE][INFO] - User set preference: ['os', 'windows']

2022-11-30 22:38:02 - [MESSAGE][INFO] - User set preference: ['browserName', 'chrome']

2022-11-30 22:38:02 - [MESSAGE][INFO] - User set preference: ['browserVersion', '103']

2022-11-30 22:38:02 - [MESSAGE][INFO] - User set preference: ['katalon:option', '{organizationId=987205, tunnelId=, usingTunnel=false}']

2022-11-30 22:38:02 - [MESSAGE][INFO] - Connecting to remote web server 'testcloud.katalon.com/hub' with type 'Selenium'

2022-11-30 22:38:02 - [MESSAGE][INFO] - Action delay is set to 0 milliseconds

2022-11-30 22:40:33 - [MESSAGE][PASSED] - Browser is opened with url: ''

2022-11-30 22:40:33 - [TEST_STEP][PASSED] - navigateToUrl("https://demoqa.com/text-box"): Navigate to 'https://demoqa.com/text-box' successfully

2022-11-30 22:40:36 - [MESSAGE][PASSED] - Navigate to 'https://demoqa.com/text-box' successfully

2022-11-30 22:40:36 - [TEST_STEP][PASSED] - RN = Math.random() * 10 - 1 + 1: null

2022-11-30 22:40:36 - [TEST_STEP][PASSED] - print("Numero : " + RN + "----"): null

2022-11-30 22:40:36 - [TEST_STEP][PASSED] - z = ["Demo1", "Demo2", "Demo3", "Demo4", "Demo5"]: null

2022-11-30 22:40:36 - [TEST_STEP][PASSED] - rnd = new java.util.Random(): null

2022-11-30 22:40:36 - [TEST_STEP][PASSED] - texto = z[rnd.nextInt(size)]: null

2022-11-30 22:40:36 - [TEST_STEP][PASSED] - print(texto): null

2022-11-30 22:40:36 - [TEST_STEP][PASSED] - openBrowser(""): Browser is opened with url: ''

2022-11-30 22:40:36 - [MESSAGE][WARNING] - A browser is already opened. Closing browser and opening a new one

2022-11-30 22:40:46 - [MESSAGE][INFO] - User set preference: ['os', 'windows']

2022-11-30 22:40:46 - [MESSAGE][INFO] - User set preference: ['browserName', 'chrome']

2022-11-30 22:40:46 - [MESSAGE][INFO] - User set preference: ['browserVersion', '103']

2022-11-30 22:40:46 - [MESSAGE][INFO] - User set preference: ['katalon:option', '{organizationId=987205, tunnelId=, usingTunnel=false}']

2022-11-30 22:40:46 - [MESSAGE][INFO] - Connecting to remote web server 'testcloud.katalon.com/hub' with type 'Selenium'

2022-11-30 22:40:46 - [MESSAGE][INFO] - Action delay is set to 0 milliseconds

2022-11-30 22:43:23 - [MESSAGE][PASSED] - Browser is opened with url: ''

2022-11-30 22:43:23 - [TEST_STEP][PASSED] - navigateToUrl("https://demoqa.com/text-box"): Navigate to 'https://demoqa.com/text-box' successfully

2022-11-30 22:43:26 - [MESSAGE][PASSED] - Navigate to 'https://demoqa.com/text-box' successfully

2022-11-30 22:43:26 - [TEST_STEP][PASSED] - RN = Math.random() * 10 - 1 + 1: null

2022-11-30 22:43:26 - [TEST_STEP][PASSED] - print("Numero : " + RN + "----"): null

2022-11-30 22:43:26 - [TEST_STEP][PASSED] - z = ["Demo1", "Demo2", "Demo3", "Demo4", "Demo5"]: null

2022-11-30 22:43:26 - [TEST_STEP][PASSED] - rnd = new java.util.Random(): null

2022-11-30 22:43:26 - [TEST_STEP][PASSED] - texto = z[rnd.nextInt(size)]: null

2022-11-30 22:43:26 - [TEST_STEP][PASSED] - print(texto): null

2022-11-30 22:43:26 - [TEST_STEP][PASSED] - closeBrowser(): Browser is closed

2022-11-30 22:43:29 - [MESSAGE][PASSED] - Browser is closed]]></system-out>
         <system-err><![CDATA[]]></system-err>
      </testcase>
      <testcase name="Test Cases/BUCLES/Test_2" time="167.94" classname="Test Cases/BUCLES/Test_2" status="PASSED">
         <system-out><![CDATA[2022-11-30 22:43:29 - [TEST_CASE][PASSED] - Test Cases/BUCLES/Test_2: Test Cases/BUCLES/Test_2

2022-11-30 22:43:30 - [TEST_STEP][PASSED] - openBrowser(""): Browser is opened with url: ''

2022-11-30 22:43:30 - [MESSAGE][INFO] - User set preference: ['os', 'windows']

2022-11-30 22:43:30 - [MESSAGE][INFO] - User set preference: ['browserName', 'chrome']

2022-11-30 22:43:30 - [MESSAGE][INFO] - User set preference: ['browserVersion', '103']

2022-11-30 22:43:30 - [MESSAGE][INFO] - User set preference: ['katalon:option', '{organizationId=987205, tunnelId=, usingTunnel=false}']

2022-11-30 22:43:30 - [MESSAGE][INFO] - Connecting to remote web server 'testcloud.katalon.com/hub' with type 'Selenium'

2022-11-30 22:43:30 - [MESSAGE][INFO] - Action delay is set to 0 milliseconds

2022-11-30 22:46:09 - [MESSAGE][PASSED] - Browser is opened with url: ''

2022-11-30 22:46:09 - [TEST_STEP][PASSED] - navigateToUrl("https://demoqa.com/text-box"): Navigate to 'https://demoqa.com/text-box' successfully

2022-11-30 22:46:12 - [MESSAGE][PASSED] - Navigate to 'https://demoqa.com/text-box' successfully

2022-11-30 22:46:12 - [TEST_STEP][PASSED] - for ([x = 1, x <= 10, x = x + 2]): null

2022-11-30 22:46:12 - [TEST_STEP][PASSED] - print(" hola mundo " + x + "-------"): null

2022-11-30 22:46:12 - [TEST_STEP][PASSED] - print(" hola mundo " + x + "-------"): null

2022-11-30 22:46:12 - [TEST_STEP][PASSED] - print(" hola mundo " + x + "-------"): null

2022-11-30 22:46:12 - [TEST_STEP][PASSED] - print(" hola mundo " + x + "-------"): null

2022-11-30 22:46:12 - [TEST_STEP][PASSED] - print(" hola mundo " + x + "-------"): null

2022-11-30 22:46:12 - [TEST_STEP][PASSED] - closeBrowser(): Browser is closed

2022-11-30 22:46:17 - [MESSAGE][PASSED] - Browser is closed]]></system-out>
         <system-err><![CDATA[]]></system-err>
      </testcase>
      <testcase name="Test Cases/BUCLES/Test_while" time="160.825" classname="Test Cases/BUCLES/Test_while" status="PASSED">
         <system-out><![CDATA[2022-11-30 22:46:17 - [TEST_CASE][PASSED] - Test Cases/BUCLES/Test_while: Test Cases/BUCLES/Test_while

2022-11-30 22:46:17 - [TEST_STEP][PASSED] - openBrowser(""): Browser is opened with url: ''

2022-11-30 22:46:17 - [MESSAGE][INFO] - User set preference: ['os', 'windows']

2022-11-30 22:46:17 - [MESSAGE][INFO] - User set preference: ['browserName', 'chrome']

2022-11-30 22:46:17 - [MESSAGE][INFO] - User set preference: ['browserVersion', '103']

2022-11-30 22:46:17 - [MESSAGE][INFO] - User set preference: ['katalon:option', '{organizationId=987205, tunnelId=, usingTunnel=false}']

2022-11-30 22:46:17 - [MESSAGE][INFO] - Connecting to remote web server 'testcloud.katalon.com/hub' with type 'Selenium'

2022-11-30 22:46:17 - [MESSAGE][INFO] - Action delay is set to 0 milliseconds

2022-11-30 22:48:44 - [MESSAGE][PASSED] - Browser is opened with url: ''

2022-11-30 22:48:44 - [TEST_STEP][PASSED] - navigateToUrl("https://demoqa.com/text-box"): Navigate to 'https://demoqa.com/text-box' successfully

2022-11-30 22:48:47 - [MESSAGE][PASSED] - Navigate to 'https://demoqa.com/text-box' successfully

2022-11-30 22:48:47 - [TEST_STEP][PASSED] - maximizeWindow(): Current window maximized

2022-11-30 22:48:48 - [MESSAGE][PASSED] - Current window maximized

2022-11-30 22:48:48 - [TEST_STEP][PASSED] - waitForPageLoad(5): Wait for page load successfully

2022-11-30 22:48:49 - [MESSAGE][PASSED] - Wait for page load successfully

2022-11-30 22:48:49 - [TEST_STEP][PASSED] - x = 1: null

2022-11-30 22:48:49 - [TEST_STEP][PASSED] - while (x <= 3): null

2022-11-30 22:48:49 - [TEST_STEP][PASSED] - print("Hola " + x + "----------"): null

2022-11-30 22:48:49 - [TEST_STEP][PASSED] - (x++): null

2022-11-30 22:48:49 - [TEST_STEP][PASSED] - print("Hola " + x + "----------"): null

2022-11-30 22:48:49 - [TEST_STEP][PASSED] - (x++): null

2022-11-30 22:48:49 - [TEST_STEP][PASSED] - print("Hola " + x + "----------"): null

2022-11-30 22:48:49 - [TEST_STEP][PASSED] - (x++): null

2022-11-30 22:48:49 - [TEST_STEP][PASSED] - closeBrowser(): Browser is closed

2022-11-30 22:48:58 - [MESSAGE][PASSED] - Browser is closed]]></system-out>
         <system-err><![CDATA[]]></system-err>
      </testcase>
      <testcase name="Test Cases/BUCLES/Test_while2" time="164.093" classname="Test Cases/BUCLES/Test_while2" status="PASSED">
         <system-out><![CDATA[2022-11-30 22:48:58 - [TEST_CASE][PASSED] - Test Cases/BUCLES/Test_while2: Test Cases/BUCLES/Test_while2

2022-11-30 22:48:58 - [TEST_STEP][PASSED] - openBrowser(""): Browser is opened with url: ''

2022-11-30 22:48:58 - [MESSAGE][INFO] - User set preference: ['os', 'windows']

2022-11-30 22:48:58 - [MESSAGE][INFO] - User set preference: ['browserName', 'chrome']

2022-11-30 22:48:58 - [MESSAGE][INFO] - User set preference: ['browserVersion', '103']

2022-11-30 22:48:58 - [MESSAGE][INFO] - User set preference: ['katalon:option', '{organizationId=987205, tunnelId=, usingTunnel=false}']

2022-11-30 22:48:58 - [MESSAGE][INFO] - Connecting to remote web server 'testcloud.katalon.com/hub' with type 'Selenium'

2022-11-30 22:48:58 - [MESSAGE][INFO] - Action delay is set to 0 milliseconds

2022-11-30 22:51:30 - [MESSAGE][PASSED] - Browser is opened with url: ''

2022-11-30 22:51:30 - [TEST_STEP][PASSED] - navigateToUrl("https://demoqa.com/text-box"): Navigate to 'https://demoqa.com/text-box' successfully

2022-11-30 22:51:33 - [MESSAGE][PASSED] - Navigate to 'https://demoqa.com/text-box' successfully

2022-11-30 22:51:33 - [TEST_STEP][PASSED] - maximizeWindow(): Current window maximized

2022-11-30 22:51:34 - [MESSAGE][PASSED] - Current window maximized

2022-11-30 22:51:34 - [TEST_STEP][PASSED] - waitForPageLoad(5): Wait for page load successfully

2022-11-30 22:51:35 - [MESSAGE][PASSED] - Wait for page load successfully

2022-11-30 22:51:35 - [TEST_STEP][PASSED] - x = 1: null

2022-11-30 22:51:35 - [TEST_STEP][PASSED] - while (x <= 5): null

2022-11-30 22:51:35 - [TEST_STEP][PASSED] - print("Valor de X" + x + "------>"): null

2022-11-30 22:51:35 - [TEST_STEP][PASSED] - (x++): null

2022-11-30 22:51:35 - [TEST_STEP][PASSED] - print("Valor de X" + x + "------>"): null

2022-11-30 22:51:35 - [TEST_STEP][PASSED] - (x++): null

2022-11-30 22:51:35 - [TEST_STEP][PASSED] - print("Valor de X" + x + "------>"): null

2022-11-30 22:51:35 - [TEST_STEP][PASSED] - (x++): null

2022-11-30 22:51:35 - [TEST_STEP][PASSED] - print("Valor de X" + x + "------>"): null

2022-11-30 22:51:35 - [TEST_STEP][PASSED] - (x++): null

2022-11-30 22:51:35 - [TEST_STEP][PASSED] - print("Valor de X" + x + "------>"): null

2022-11-30 22:51:35 - [TEST_STEP][PASSED] - (x++): null

2022-11-30 22:51:35 - [TEST_STEP][PASSED] - closeBrowser(): Browser is closed

2022-11-30 22:51:42 - [MESSAGE][PASSED] - Browser is closed]]></system-out>
         <system-err><![CDATA[]]></system-err>
      </testcase>
      <testcase name="Test Cases/Drive_excel/Drive_excel" time="193.957" classname="Test Cases/Drive_excel/Drive_excel" status="PASSED">
         <system-out><![CDATA[2022-11-30 22:51:42 - [TEST_CASE][PASSED] - Test Cases/Drive_excel/Drive_excel: Test Cases/Drive_excel/Drive_excel

2022-11-30 22:51:43 - [TEST_STEP][PASSED] - openBrowser(""): Browser is opened with url: ''

2022-11-30 22:51:43 - [MESSAGE][INFO] - User set preference: ['os', 'windows']

2022-11-30 22:51:43 - [MESSAGE][INFO] - User set preference: ['browserName', 'chrome']

2022-11-30 22:51:43 - [MESSAGE][INFO] - User set preference: ['browserVersion', '103']

2022-11-30 22:51:43 - [MESSAGE][INFO] - User set preference: ['katalon:option', '{organizationId=987205, tunnelId=, usingTunnel=false}']

2022-11-30 22:51:43 - [MESSAGE][INFO] - Connecting to remote web server 'testcloud.katalon.com/hub' with type 'Selenium'

2022-11-30 22:51:43 - [MESSAGE][INFO] - Action delay is set to 0 milliseconds

2022-11-30 22:54:19 - [MESSAGE][PASSED] - Browser is opened with url: ''

2022-11-30 22:54:19 - [TEST_STEP][PASSED] - navigateToUrl("https://demoqa.com/automation-practice-form"): Navigate to 'https://demoqa.com/automation-practice-form' successfully

2022-11-30 22:54:23 - [MESSAGE][PASSED] - Navigate to 'https://demoqa.com/automation-practice-form' successfully

2022-11-30 22:54:23 - [TEST_STEP][PASSED] - waitForPageLoad(40): Wait for page load successfully

2022-11-30 22:54:24 - [MESSAGE][PASSED] - Wait for page load successfully

2022-11-30 22:54:24 - [TEST_STEP][PASSED] - maximizeWindow(): Current window maximized

2022-11-30 22:54:24 - [MESSAGE][PASSED] - Current window maximized

2022-11-30 22:54:24 - [TEST_STEP][PASSED] - setText(findTestObject("Object Repository/Drive_excel/Page_ToolsQA/input_Name_firstName"), nombre): Text '' is set on object 'Object Repository/Drive_excel/Page_ToolsQA/input_Name_firstName'

2022-11-30 22:54:29 - [MESSAGE][PASSED] - Text '' is set on object 'Object Repository/Drive_excel/Page_ToolsQA/input_Name_firstName'

2022-11-30 22:54:29 - [TEST_STEP][PASSED] - setText(findTestObject("Object Repository/Drive_excel/Page_ToolsQA/input_Name_lastName"), apellido): Text '' is set on object 'Object Repository/Drive_excel/Page_ToolsQA/input_Name_lastName'

2022-11-30 22:54:47 - [MESSAGE][PASSED] - Text '' is set on object 'Object Repository/Drive_excel/Page_ToolsQA/input_Name_lastName'

2022-11-30 22:54:47 - [TEST_STEP][PASSED] - setText(findTestObject("Object Repository/Drive_excel/Page_ToolsQA/input_Email_userEmail"), email): Text '' is set on object 'Object Repository/Drive_excel/Page_ToolsQA/input_Email_userEmail'

2022-11-30 22:54:51 - [MESSAGE][PASSED] - Text '' is set on object 'Object Repository/Drive_excel/Page_ToolsQA/input_Email_userEmail'

2022-11-30 22:54:51 - [TEST_STEP][PASSED] - delay(2): Delayed 2 second(s)

2022-11-30 22:54:53 - [MESSAGE][PASSED] - Delayed 2 second(s)

2022-11-30 22:54:53 - [TEST_STEP][PASSED] - closeBrowser(): Browser is closed

2022-11-30 22:54:56 - [MESSAGE][PASSED] - Browser is closed]]></system-out>
         <system-err><![CDATA[]]></system-err>
      </testcase>
      <system-out><![CDATA[2022-11-30 21:31:26 - [TEST_SUITE][PASSED] - testCLoud: Test Cases/Drive_excel/Drive_excel]]></system-out>
      <system-err><![CDATA[]]></system-err>
   </testsuite>
</testsuites>
