<?xml version="1.0" encoding="UTF-8"?>
<testsuites name="testCLoud" time="683.8" tests="34" failures="0" errors="0">
   <testsuite name="testCLoud" tests="34" failures="0" errors="0" time="683.8" skipped="0" timestamp="2022-11-30 09:40:47" hostname="admin - 192.168.0.13" id="Test Suites/testCLoud">
      <properties>
         <property name="deviceName" value=""/>
         <property name="devicePlatform" value=""/>
         <property name="logFolder" value="C:\\Users\\admin\\git\\KatalonCertificacion\\Reports\\20221130_094030\\testCLoud\\20221130_094030"/>
         <property name="logFiles" value="C:\\Users\\admin\\git\\KatalonCertificacion\\Reports\\20221130_094030\\testCLoud\\20221130_094030\\execution0.log"/>
         <property name="attachments" value=""/>
         <property name="hostName" value="admin - 192.168.0.13"/>
         <property name="os" value="Windows 10 64bit"/>
         <property name="katalonVersion" value="8.5.2.208"/>
         <property name="browser" value="Chrome 107.0.0.0"/>
         <property name="hostAddress" value="192.168.0.13"/>
         <property name="sessionId" value="1307628fec8bfcd31103f5855be1895d"/>
         <property name="seleniumVersion" value="3.141.59"/>
         <property name="proxyInformation" value="ProxyInformation { proxyOption=NO_PROXY, proxyServerType=HTTP, username=, password=********, proxyServerAddress=, proxyServerPort=0, executionList=&quot;&quot;, isApplyToDesiredCapabilities=true }"/>
         <property name="platform" value="Windows 10"/>
      </properties>
      <testcase name="Test Cases/Navegador/Navegador" time="22.998" classname="Test Cases/Navegador/Navegador" status="PASSED">
         <system-out><![CDATA[2022-11-30 09:40:48 - [TEST_CASE][PASSED] - Test Cases/Navegador/Navegador: Test Cases/Navegador/Navegador

2022-11-30 09:40:49 - [TEST_STEP][PASSED] - openBrowser("https://demoqa.com/text-box"): Browser is opened with url: 'https://demoqa.com/text-box'

2022-11-30 09:40:49 - [MESSAGE][INFO] - Starting 'Chrome' driver

2022-11-30 09:40:49 - [MESSAGE][INFO] - Action delay is set to 0 milliseconds

2022-11-30 09:41:10 - [MESSAGE][PASSED] - Browser is opened with url: 'https://demoqa.com/text-box'

2022-11-30 09:41:10 - [TEST_STEP][PASSED] - maximizeWindow(): Current window maximized

2022-11-30 09:41:10 - [MESSAGE][PASSED] - Current window maximized

2022-11-30 09:41:10 - [TEST_STEP][PASSED] - page_url = getUrl(): Current window's url is: 'https://demoqa.com/text-box'

2022-11-30 09:41:10 - [MESSAGE][PASSED] - Current window's url is: 'https://demoqa.com/text-box'

2022-11-30 09:41:10 - [TEST_STEP][PASSED] - print(page_url): null

2022-11-30 09:41:10 - [TEST_STEP][PASSED] - Titulo = getWindowTitle(): Current window's title is: 'ToolsQA'

2022-11-30 09:41:10 - [MESSAGE][PASSED] - Current window's title is: 'ToolsQA'

2022-11-30 09:41:10 - [TEST_STEP][PASSED] - print("titiulo de la pagina" + Titulo): null

2022-11-30 09:41:10 - [TEST_STEP][PASSED] - closeBrowser(): Browser is closed

2022-11-30 09:41:11 - [MESSAGE][PASSED] - Browser is closed]]></system-out>
         <system-err><![CDATA[]]></system-err>
      </testcase>
      <testcase name="Test Cases/Objecto_xpath/Caso_xpath" time="28.112" classname="Test Cases/Objecto_xpath/Caso_xpath" status="PASSED">
         <system-out><![CDATA[2022-11-30 09:41:11 - [TEST_CASE][PASSED] - Test Cases/Objecto_xpath/Caso_xpath: Test Cases/Objecto_xpath/Caso_xpath

2022-11-30 09:41:11 - [TEST_STEP][PASSED] - openBrowser(""): Browser is opened with url: ''

2022-11-30 09:41:11 - [MESSAGE][INFO] - Starting 'Chrome' driver

2022-11-30 09:41:11 - [MESSAGE][INFO] - Action delay is set to 0 milliseconds

2022-11-30 09:41:13 - [MESSAGE][PASSED] - Browser is opened with url: ''

2022-11-30 09:41:13 - [TEST_STEP][PASSED] - navigateToUrl("https://demoqa.com/text-box"): Navigate to 'https://demoqa.com/text-box' successfully

2022-11-30 09:41:32 - [MESSAGE][PASSED] - Navigate to 'https://demoqa.com/text-box' successfully

2022-11-30 09:41:32 - [TEST_STEP][PASSED] - maximizeWindow(): Current window maximized

2022-11-30 09:41:32 - [MESSAGE][PASSED] - Current window maximized

2022-11-30 09:41:32 - [TEST_STEP][PASSED] - setText(findTestObject("Objeto_xpath/Campo_nombre"), "Ljubo"): Text 'Ljubo' is set on object 'Object Repository/Objeto_xpath/Campo_nombre'

2022-11-30 09:41:35 - [MESSAGE][PASSED] - Text 'Ljubo' is set on object 'Object Repository/Objeto_xpath/Campo_nombre'

2022-11-30 09:41:35 - [TEST_STEP][PASSED] - delay(3): Delayed 3 second(s)

2022-11-30 09:41:38 - [MESSAGE][PASSED] - Delayed 3 second(s)

2022-11-30 09:41:38 - [TEST_STEP][PASSED] - closeBrowser(): Browser is closed

2022-11-30 09:41:39 - [MESSAGE][PASSED] - Browser is closed]]></system-out>
         <system-err><![CDATA[]]></system-err>
      </testcase>
      <testcase name="Test Cases/Condicionales_If/Condicionar_titulo" time="60.954" classname="Test Cases/Condicionales_If/Condicionar_titulo" status="PASSED">
         <system-out><![CDATA[2022-11-30 09:41:39 - [TEST_CASE][PASSED] - Test Cases/Condicionales_If/Condicionar_titulo: Test Cases/Condicionales_If/Condicionar_titulo

2022-11-30 09:41:40 - [TEST_STEP][PASSED] - openBrowser(""): Browser is opened with url: ''

2022-11-30 09:41:40 - [MESSAGE][INFO] - Starting 'Chrome' driver

2022-11-30 09:41:40 - [MESSAGE][INFO] - Action delay is set to 0 milliseconds

2022-11-30 09:41:41 - [MESSAGE][PASSED] - Browser is opened with url: ''

2022-11-30 09:41:41 - [TEST_STEP][PASSED] - navigateToUrl("https://demoqa.com/"): Navigate to 'https://demoqa.com/' successfully

2022-11-30 09:41:59 - [MESSAGE][PASSED] - Navigate to 'https://demoqa.com/' successfully

2022-11-30 09:41:59 - [TEST_STEP][PASSED] - maximizeWindow(): Current window maximized

2022-11-30 09:42:00 - [MESSAGE][PASSED] - Current window maximized

2022-11-30 09:42:00 - [TEST_STEP][PASSED] - waitForPageLoad(5): Wait for page load successfully

2022-11-30 09:42:00 - [MESSAGE][PASSED] - Wait for page load successfully

2022-11-30 09:42:00 - [TEST_STEP][PASSED] - Existe = waitForElementVisible(findTestObject("Condicionales/Texto_radio"), 3): Web element with id: 'Object Repository/Condicionales/Texto_radio' located by '//div[@class='main-header'][contains(.,'Radio Button')]' not found

2022-11-30 09:42:04 - [MESSAGE][INFO] - Unable to find the element located by 'By.xpath: //div[@class='main-header'][contains(.,'Radio Button')]'. Please recheck the objects properties to make sure the desired element is located. 

2022-11-30 09:42:04 - [MESSAGE][WARNING] - [SELF-HEALING] Failed to find element with id 'Object Repository/Condicionales/Texto_radio'. Try using Self-healing.

2022-11-30 09:42:05 - [MESSAGE][INFO] - [SELF-HEALING] No working XPath is found.

2022-11-30 09:42:06 - [MESSAGE][INFO] - Unable to find the element located by 'By.xpath: '. Please recheck the objects properties to make sure the desired element is located. 

2022-11-30 09:42:06 - [MESSAGE][WARNING] - [SELF-HEALING] Cannot find elements when the selector is null

2022-11-30 09:42:06 - [MESSAGE][WARNING] - Web element with id: 'Object Repository/Condicionales/Texto_radio' located by '//div[@class='main-header'][contains(.,'Radio Button')]' not found

2022-11-30 09:42:06 - [TEST_STEP][PASSED] - print(Existe): null

2022-11-30 09:42:06 - [TEST_STEP][PASSED] - if (Existe == true): null

2022-11-30 09:42:06 - [TEST_STEP][PASSED] - else: Browser is closed

2022-11-30 09:42:06 - [TEST_STEP][PASSED] - print("-----  Error no esta el elemento de texto radio ------"): null

2022-11-30 09:42:06 - [TEST_STEP][PASSED] - navigateToUrl("https://demoqa.com/radio-button"): Navigate to 'https://demoqa.com/radio-button' successfully

2022-11-30 09:42:36 - [MESSAGE][PASSED] - Navigate to 'https://demoqa.com/radio-button' successfully

2022-11-30 09:42:36 - [TEST_STEP][PASSED] - click(findTestObject("Condicionales/Objeto_yes")): Object: 'Object Repository/Condicionales/Objeto_yes' is clicked on

2022-11-30 09:42:37 - [MESSAGE][PASSED] - Object: 'Object Repository/Condicionales/Objeto_yes' is clicked on

2022-11-30 09:42:37 - [TEST_STEP][PASSED] - delay(2): Delayed 2 second(s)

2022-11-30 09:42:39 - [MESSAGE][PASSED] - Delayed 2 second(s)

2022-11-30 09:42:39 - [TEST_STEP][PASSED] - closeBrowser(): Browser is closed

2022-11-30 09:42:40 - [MESSAGE][PASSED] - Browser is closed]]></system-out>
         <system-err><![CDATA[]]></system-err>
      </testcase>
      <testcase name="Test Cases/Condicionales_If/Test_1" time="0.648" classname="Test Cases/Condicionales_If/Test_1" status="PASSED">
         <system-out><![CDATA[2022-11-30 09:42:40 - [TEST_CASE][PASSED] - Test Cases/Condicionales_If/Test_1: Test Cases/Condicionales_If/Test_1

2022-11-30 09:42:41 - [TEST_STEP][PASSED] - if (num == 10): null

2022-11-30 09:42:41 - [TEST_STEP][PASSED] - else: null

2022-11-30 09:42:41 - [TEST_STEP][PASSED] - print("El numero no es un 10 es el numero:  " + num + "#####"): null]]></system-out>
         <system-err><![CDATA[]]></system-err>
      </testcase>
      <testcase name="Test Cases/Condicionales_If/Test_2" time="0.48" classname="Test Cases/Condicionales_If/Test_2" status="PASSED">
         <system-out><![CDATA[2022-11-30 09:42:41 - [TEST_CASE][PASSED] - Test Cases/Condicionales_If/Test_2: Test Cases/Condicionales_If/Test_2

2022-11-30 09:42:41 - [TEST_STEP][PASSED] - if (num == 5): null

2022-11-30 09:42:41 - [TEST_STEP][PASSED] - if (num == 10): null

2022-11-30 09:42:41 - [TEST_STEP][PASSED] - println("El valor de la variables es un: 10"): null]]></system-out>
         <system-err><![CDATA[]]></system-err>
      </testcase>
      <testcase name="Test Cases/Condicionales_If/Test_3" time="0.435" classname="Test Cases/Condicionales_If/Test_3" status="PASSED">
         <system-out><![CDATA[2022-11-30 09:42:41 - [TEST_CASE][PASSED] - Test Cases/Condicionales_If/Test_3: Test Cases/Condicionales_If/Test_3

2022-11-30 09:42:42 - [TEST_STEP][PASSED] - if (nombre == "Juan"): null

2022-11-30 09:42:42 - [TEST_STEP][PASSED] - if (nombre == "JUan"): null

2022-11-30 09:42:42 - [TEST_STEP][PASSED] - if (nombre == "juan"): null

2022-11-30 09:42:42 - [TEST_STEP][PASSED] - println("Tu nombre es juan"): null]]></system-out>
         <system-err><![CDATA[]]></system-err>
      </testcase>
      <testcase name="Test Cases/Condicionales_If/Test_4" time="0.451" classname="Test Cases/Condicionales_If/Test_4" status="PASSED">
         <system-out><![CDATA[2022-11-30 09:42:42 - [TEST_CASE][PASSED] - Test Cases/Condicionales_If/Test_4: Test Cases/Condicionales_If/Test_4

2022-11-30 09:42:42 - [TEST_STEP][PASSED] - if (num <= 7): null

2022-11-30 09:42:42 - [TEST_STEP][PASSED] - println("El numero es menor ó igual que 5"): null

2022-11-30 09:42:42 - [TEST_STEP][PASSED] - if (num >= 8): null

2022-11-30 09:42:42 - [TEST_STEP][PASSED] - if (num != 5): null]]></system-out>
         <system-err><![CDATA[]]></system-err>
      </testcase>
      <testcase name="Test Cases/Condicionales_If/Test_edad" time="0.442" classname="Test Cases/Condicionales_If/Test_edad" status="PASSED">
         <system-out><![CDATA[2022-11-30 09:42:42 - [TEST_CASE][PASSED] - Test Cases/Condicionales_If/Test_edad: Test Cases/Condicionales_If/Test_edad

2022-11-30 09:42:42 - [TEST_STEP][PASSED] - if (edad >= 1 && edad <= 17): null

2022-11-30 09:42:42 - [TEST_STEP][PASSED] - else if (edad == 18): null

2022-11-30 09:42:42 - [TEST_STEP][PASSED] - else if (edad <= 0): null

2022-11-30 09:42:42 - [TEST_STEP][PASSED] - else if (edad == 120): null

2022-11-30 09:42:42 - [TEST_STEP][PASSED] - else: null

2022-11-30 09:42:42 - [TEST_STEP][PASSED] - print("No se cumple ninguna de las opciones"): null]]></system-out>
         <system-err><![CDATA[]]></system-err>
      </testcase>
      <testcase name="Test Cases/Condicionales_If/Test_valor" time="21.291" classname="Test Cases/Condicionales_If/Test_valor" status="PASSED">
         <system-out><![CDATA[2022-11-30 09:42:42 - [TEST_CASE][PASSED] - Test Cases/Condicionales_If/Test_valor: Test Cases/Condicionales_If/Test_valor

2022-11-30 09:42:43 - [TEST_STEP][PASSED] - openBrowser(""): Browser is opened with url: ''

2022-11-30 09:42:43 - [MESSAGE][INFO] - Starting 'Chrome' driver

2022-11-30 09:42:43 - [MESSAGE][INFO] - Action delay is set to 0 milliseconds

2022-11-30 09:42:45 - [MESSAGE][PASSED] - Browser is opened with url: ''

2022-11-30 09:42:45 - [TEST_STEP][PASSED] - navigateToUrl("https://demoqa.com/"): Navigate to 'https://demoqa.com/' successfully

2022-11-30 09:42:54 - [MESSAGE][PASSED] - Navigate to 'https://demoqa.com/' successfully

2022-11-30 09:42:54 - [TEST_STEP][PASSED] - maximizeWindow(): Current window maximized

2022-11-30 09:42:54 - [MESSAGE][PASSED] - Current window maximized

2022-11-30 09:42:54 - [TEST_STEP][PASSED] - waitForPageLoad(10): Wait for page load successfully

2022-11-30 09:42:54 - [MESSAGE][PASSED] - Wait for page load successfully

2022-11-30 09:42:54 - [TEST_STEP][PASSED] - Existe = waitForElementVisible(findTestObject("Condicionales/titulo1"), 5): Web element with id: 'Object Repository/Condicionales/titulo1' located by '//div[@class='main-header'][contains(.,'Radio Button')]' not found

2022-11-30 09:43:01 - [MESSAGE][INFO] - Unable to find the element located by 'By.xpath: //div[@class='main-header'][contains(.,'Radio Button')]'. Please recheck the objects properties to make sure the desired element is located. 

2022-11-30 09:43:01 - [MESSAGE][WARNING] - [SELF-HEALING] Failed to find element with id 'Object Repository/Condicionales/titulo1'. Try using Self-healing.

2022-11-30 09:43:02 - [MESSAGE][INFO] - [SELF-HEALING] No working XPath is found.

2022-11-30 09:43:03 - [MESSAGE][INFO] - Unable to find the element located by 'By.xpath: '. Please recheck the objects properties to make sure the desired element is located. 

2022-11-30 09:43:03 - [MESSAGE][WARNING] - [SELF-HEALING] Cannot find elements when the selector is null

2022-11-30 09:43:03 - [MESSAGE][WARNING] - Web element with id: 'Object Repository/Condicionales/titulo1' located by '//div[@class='main-header'][contains(.,'Radio Button')]' not found

2022-11-30 09:43:03 - [TEST_STEP][PASSED] - if (Existe == true): null

2022-11-30 09:43:03 - [TEST_STEP][PASSED] - else: Browser is closed

2022-11-30 09:43:03 - [TEST_STEP][PASSED] - print("No estas en la página correcta"): null

2022-11-30 09:43:03 - [TEST_STEP][PASSED] - closeBrowser(): Browser is closed

2022-11-30 09:43:04 - [MESSAGE][PASSED] - Browser is closed]]></system-out>
         <system-err><![CDATA[]]></system-err>
      </testcase>
      <testcase name="Test Cases/BUCLES/Reto_For" time="29.788" classname="Test Cases/BUCLES/Reto_For" status="PASSED">
         <system-out><![CDATA[2022-11-30 09:43:04 - [TEST_CASE][PASSED] - Test Cases/BUCLES/Reto_For: Test Cases/BUCLES/Reto_For

2022-11-30 09:43:04 - [TEST_STEP][PASSED] - openBrowser(""): Browser is opened with url: ''

2022-11-30 09:43:04 - [MESSAGE][INFO] - Starting 'Chrome' driver

2022-11-30 09:43:04 - [MESSAGE][INFO] - Action delay is set to 0 milliseconds

2022-11-30 09:43:06 - [MESSAGE][PASSED] - Browser is opened with url: ''

2022-11-30 09:43:06 - [TEST_STEP][PASSED] - navigateToUrl("https://demoqa.com/text-box"): Navigate to 'https://demoqa.com/text-box' successfully

2022-11-30 09:43:15 - [MESSAGE][PASSED] - Navigate to 'https://demoqa.com/text-box' successfully

2022-11-30 09:43:15 - [TEST_STEP][PASSED] - maximizeWindow(): Current window maximized

2022-11-30 09:43:15 - [MESSAGE][PASSED] - Current window maximized

2022-11-30 09:43:15 - [TEST_STEP][PASSED] - waitForPageLoad(5): Wait for page load successfully

2022-11-30 09:43:15 - [MESSAGE][PASSED] - Wait for page load successfully

2022-11-30 09:43:15 - [TEST_STEP][PASSED] - for ([x = 1, x <= 4, (x++)]): Browser is scrolled to position x = 0, y = 100

2022-11-30 09:43:15 - [TEST_STEP][PASSED] - z = ["Carlos", "Erika", "Paco", "Rodrigo", "Juan"]: null

2022-11-30 09:43:15 - [TEST_STEP][PASSED] - rn = new java.util.Random(): null

2022-11-30 09:43:15 - [TEST_STEP][PASSED] - tx_nombre = z[rn.nextInt(size)]: null

2022-11-30 09:43:15 - [TEST_STEP][PASSED] - setText(findTestObject("Object Repository/Reto_for/Page_ToolsQA/input_Full Name_userName"), tx_nombre): Text 'Juan' is set on object 'Object Repository/Reto_for/Page_ToolsQA/input_Full Name_userName'

2022-11-30 09:43:17 - [MESSAGE][PASSED] - Text 'Juan' is set on object 'Object Repository/Reto_for/Page_ToolsQA/input_Full Name_userName'

2022-11-30 09:43:17 - [TEST_STEP][PASSED] - setText(findTestObject("Object Repository/Reto_for/Page_ToolsQA/input_Email_userEmail"), tx_nombre + "@gmail.com"): Text 'Juan@gmail.com' is set on object 'Object Repository/Reto_for/Page_ToolsQA/input_Email_userEmail'

2022-11-30 09:43:18 - [MESSAGE][PASSED] - Text 'Juan@gmail.com' is set on object 'Object Repository/Reto_for/Page_ToolsQA/input_Email_userEmail'

2022-11-30 09:43:18 - [TEST_STEP][PASSED] - setText(findTestObject("Object Repository/Reto_for/Page_ToolsQA/textarea_Current Address_currentAddress"), "Dirección#" + x): Text 'Dirección#1' is set on object 'Object Repository/Reto_for/Page_ToolsQA/textarea_Current Address_currentAddress'

2022-11-30 09:43:19 - [MESSAGE][PASSED] - Text 'Dirección#1' is set on object 'Object Repository/Reto_for/Page_ToolsQA/textarea_Current Address_currentAddress'

2022-11-30 09:43:19 - [TEST_STEP][PASSED] - setText(findTestObject("Object Repository/Reto_for/Page_ToolsQA/textarea_Permanent Address_permanentAddress"), "Dirección dos#" + x): Text 'Dirección dos#1' is set on object 'Object Repository/Reto_for/Page_ToolsQA/textarea_Permanent Address_permanentAddress'

2022-11-30 09:43:20 - [MESSAGE][PASSED] - Text 'Dirección dos#1' is set on object 'Object Repository/Reto_for/Page_ToolsQA/textarea_Permanent Address_permanentAddress'

2022-11-30 09:43:20 - [TEST_STEP][PASSED] - scrollToPosition(0, 500): Browser is scrolled to position x = 0, y = 500

2022-11-30 09:43:20 - [MESSAGE][PASSED] - Browser is scrolled to position x = 0, y = 500

2022-11-30 09:43:20 - [TEST_STEP][PASSED] - click(findTestObject("Object Repository/Reto_for/Page_ToolsQA/button_Submit")): Object: 'Object Repository/Reto_for/Page_ToolsQA/button_Submit' is clicked on

2022-11-30 09:43:21 - [MESSAGE][PASSED] - Object: 'Object Repository/Reto_for/Page_ToolsQA/button_Submit' is clicked on

2022-11-30 09:43:21 - [TEST_STEP][PASSED] - scrollToPosition(0, 100): Browser is scrolled to position x = 0, y = 100

2022-11-30 09:43:21 - [MESSAGE][PASSED] - Browser is scrolled to position x = 0, y = 100

2022-11-30 09:43:21 - [TEST_STEP][PASSED] - z = ["Carlos", "Erika", "Paco", "Rodrigo", "Juan"]: null

2022-11-30 09:43:21 - [TEST_STEP][PASSED] - rn = new java.util.Random(): null

2022-11-30 09:43:21 - [TEST_STEP][PASSED] - tx_nombre = z[rn.nextInt(size)]: null

2022-11-30 09:43:21 - [TEST_STEP][PASSED] - setText(findTestObject("Object Repository/Reto_for/Page_ToolsQA/input_Full Name_userName"), tx_nombre): Text 'Juan' is set on object 'Object Repository/Reto_for/Page_ToolsQA/input_Full Name_userName'

2022-11-30 09:43:21 - [MESSAGE][PASSED] - Text 'Juan' is set on object 'Object Repository/Reto_for/Page_ToolsQA/input_Full Name_userName'

2022-11-30 09:43:21 - [TEST_STEP][PASSED] - setText(findTestObject("Object Repository/Reto_for/Page_ToolsQA/input_Email_userEmail"), tx_nombre + "@gmail.com"): Text 'Juan@gmail.com' is set on object 'Object Repository/Reto_for/Page_ToolsQA/input_Email_userEmail'

2022-11-30 09:43:22 - [MESSAGE][PASSED] - Text 'Juan@gmail.com' is set on object 'Object Repository/Reto_for/Page_ToolsQA/input_Email_userEmail'

2022-11-30 09:43:22 - [TEST_STEP][PASSED] - setText(findTestObject("Object Repository/Reto_for/Page_ToolsQA/textarea_Current Address_currentAddress"), "Dirección#" + x): Text 'Dirección#2' is set on object 'Object Repository/Reto_for/Page_ToolsQA/textarea_Current Address_currentAddress'

2022-11-30 09:43:23 - [MESSAGE][PASSED] - Text 'Dirección#2' is set on object 'Object Repository/Reto_for/Page_ToolsQA/textarea_Current Address_currentAddress'

2022-11-30 09:43:23 - [TEST_STEP][PASSED] - setText(findTestObject("Object Repository/Reto_for/Page_ToolsQA/textarea_Permanent Address_permanentAddress"), "Dirección dos#" + x): Text 'Dirección dos#2' is set on object 'Object Repository/Reto_for/Page_ToolsQA/textarea_Permanent Address_permanentAddress'

2022-11-30 09:43:24 - [MESSAGE][PASSED] - Text 'Dirección dos#2' is set on object 'Object Repository/Reto_for/Page_ToolsQA/textarea_Permanent Address_permanentAddress'

2022-11-30 09:43:24 - [TEST_STEP][PASSED] - scrollToPosition(0, 500): Browser is scrolled to position x = 0, y = 500

2022-11-30 09:43:24 - [MESSAGE][PASSED] - Browser is scrolled to position x = 0, y = 500

2022-11-30 09:43:24 - [TEST_STEP][PASSED] - click(findTestObject("Object Repository/Reto_for/Page_ToolsQA/button_Submit")): Object: 'Object Repository/Reto_for/Page_ToolsQA/button_Submit' is clicked on

2022-11-30 09:43:25 - [MESSAGE][PASSED] - Object: 'Object Repository/Reto_for/Page_ToolsQA/button_Submit' is clicked on

2022-11-30 09:43:25 - [TEST_STEP][PASSED] - scrollToPosition(0, 100): Browser is scrolled to position x = 0, y = 100

2022-11-30 09:43:25 - [MESSAGE][PASSED] - Browser is scrolled to position x = 0, y = 100

2022-11-30 09:43:25 - [TEST_STEP][PASSED] - z = ["Carlos", "Erika", "Paco", "Rodrigo", "Juan"]: null

2022-11-30 09:43:25 - [TEST_STEP][PASSED] - rn = new java.util.Random(): null

2022-11-30 09:43:25 - [TEST_STEP][PASSED] - tx_nombre = z[rn.nextInt(size)]: null

2022-11-30 09:43:25 - [TEST_STEP][PASSED] - setText(findTestObject("Object Repository/Reto_for/Page_ToolsQA/input_Full Name_userName"), tx_nombre): Text 'Juan' is set on object 'Object Repository/Reto_for/Page_ToolsQA/input_Full Name_userName'

2022-11-30 09:43:26 - [MESSAGE][PASSED] - Text 'Juan' is set on object 'Object Repository/Reto_for/Page_ToolsQA/input_Full Name_userName'

2022-11-30 09:43:26 - [TEST_STEP][PASSED] - setText(findTestObject("Object Repository/Reto_for/Page_ToolsQA/input_Email_userEmail"), tx_nombre + "@gmail.com"): Text 'Juan@gmail.com' is set on object 'Object Repository/Reto_for/Page_ToolsQA/input_Email_userEmail'

2022-11-30 09:43:27 - [MESSAGE][PASSED] - Text 'Juan@gmail.com' is set on object 'Object Repository/Reto_for/Page_ToolsQA/input_Email_userEmail'

2022-11-30 09:43:27 - [TEST_STEP][PASSED] - setText(findTestObject("Object Repository/Reto_for/Page_ToolsQA/textarea_Current Address_currentAddress"), "Dirección#" + x): Text 'Dirección#3' is set on object 'Object Repository/Reto_for/Page_ToolsQA/textarea_Current Address_currentAddress'

2022-11-30 09:43:27 - [MESSAGE][PASSED] - Text 'Dirección#3' is set on object 'Object Repository/Reto_for/Page_ToolsQA/textarea_Current Address_currentAddress'

2022-11-30 09:43:27 - [TEST_STEP][PASSED] - setText(findTestObject("Object Repository/Reto_for/Page_ToolsQA/textarea_Permanent Address_permanentAddress"), "Dirección dos#" + x): Text 'Dirección dos#3' is set on object 'Object Repository/Reto_for/Page_ToolsQA/textarea_Permanent Address_permanentAddress'

2022-11-30 09:43:28 - [MESSAGE][PASSED] - Text 'Dirección dos#3' is set on object 'Object Repository/Reto_for/Page_ToolsQA/textarea_Permanent Address_permanentAddress'

2022-11-30 09:43:28 - [TEST_STEP][PASSED] - scrollToPosition(0, 500): Browser is scrolled to position x = 0, y = 500

2022-11-30 09:43:28 - [MESSAGE][PASSED] - Browser is scrolled to position x = 0, y = 500

2022-11-30 09:43:28 - [TEST_STEP][PASSED] - click(findTestObject("Object Repository/Reto_for/Page_ToolsQA/button_Submit")): Object: 'Object Repository/Reto_for/Page_ToolsQA/button_Submit' is clicked on

2022-11-30 09:43:29 - [MESSAGE][PASSED] - Object: 'Object Repository/Reto_for/Page_ToolsQA/button_Submit' is clicked on

2022-11-30 09:43:29 - [TEST_STEP][PASSED] - scrollToPosition(0, 100): Browser is scrolled to position x = 0, y = 100

2022-11-30 09:43:29 - [MESSAGE][PASSED] - Browser is scrolled to position x = 0, y = 100

2022-11-30 09:43:29 - [TEST_STEP][PASSED] - z = ["Carlos", "Erika", "Paco", "Rodrigo", "Juan"]: null

2022-11-30 09:43:29 - [TEST_STEP][PASSED] - rn = new java.util.Random(): null

2022-11-30 09:43:29 - [TEST_STEP][PASSED] - tx_nombre = z[rn.nextInt(size)]: null

2022-11-30 09:43:29 - [TEST_STEP][PASSED] - setText(findTestObject("Object Repository/Reto_for/Page_ToolsQA/input_Full Name_userName"), tx_nombre): Text 'Rodrigo' is set on object 'Object Repository/Reto_for/Page_ToolsQA/input_Full Name_userName'

2022-11-30 09:43:30 - [MESSAGE][PASSED] - Text 'Rodrigo' is set on object 'Object Repository/Reto_for/Page_ToolsQA/input_Full Name_userName'

2022-11-30 09:43:30 - [TEST_STEP][PASSED] - setText(findTestObject("Object Repository/Reto_for/Page_ToolsQA/input_Email_userEmail"), tx_nombre + "@gmail.com"): Text 'Rodrigo@gmail.com' is set on object 'Object Repository/Reto_for/Page_ToolsQA/input_Email_userEmail'

2022-11-30 09:43:31 - [MESSAGE][PASSED] - Text 'Rodrigo@gmail.com' is set on object 'Object Repository/Reto_for/Page_ToolsQA/input_Email_userEmail'

2022-11-30 09:43:31 - [TEST_STEP][PASSED] - setText(findTestObject("Object Repository/Reto_for/Page_ToolsQA/textarea_Current Address_currentAddress"), "Dirección#" + x): Text 'Dirección#4' is set on object 'Object Repository/Reto_for/Page_ToolsQA/textarea_Current Address_currentAddress'

2022-11-30 09:43:31 - [MESSAGE][PASSED] - Text 'Dirección#4' is set on object 'Object Repository/Reto_for/Page_ToolsQA/textarea_Current Address_currentAddress'

2022-11-30 09:43:31 - [TEST_STEP][PASSED] - setText(findTestObject("Object Repository/Reto_for/Page_ToolsQA/textarea_Permanent Address_permanentAddress"), "Dirección dos#" + x): Text 'Dirección dos#4' is set on object 'Object Repository/Reto_for/Page_ToolsQA/textarea_Permanent Address_permanentAddress'

2022-11-30 09:43:32 - [MESSAGE][PASSED] - Text 'Dirección dos#4' is set on object 'Object Repository/Reto_for/Page_ToolsQA/textarea_Permanent Address_permanentAddress'

2022-11-30 09:43:32 - [TEST_STEP][PASSED] - scrollToPosition(0, 500): Browser is scrolled to position x = 0, y = 500

2022-11-30 09:43:32 - [MESSAGE][PASSED] - Browser is scrolled to position x = 0, y = 500

2022-11-30 09:43:32 - [TEST_STEP][PASSED] - click(findTestObject("Object Repository/Reto_for/Page_ToolsQA/button_Submit")): Object: 'Object Repository/Reto_for/Page_ToolsQA/button_Submit' is clicked on

2022-11-30 09:43:33 - [MESSAGE][PASSED] - Object: 'Object Repository/Reto_for/Page_ToolsQA/button_Submit' is clicked on

2022-11-30 09:43:33 - [TEST_STEP][PASSED] - scrollToPosition(0, 100): Browser is scrolled to position x = 0, y = 100

2022-11-30 09:43:33 - [MESSAGE][PASSED] - Browser is scrolled to position x = 0, y = 100

2022-11-30 09:43:33 - [TEST_STEP][PASSED] - closeBrowser(): Browser is closed

2022-11-30 09:43:34 - [MESSAGE][PASSED] - Browser is closed]]></system-out>
         <system-err><![CDATA[]]></system-err>
      </testcase>
      <testcase name="Test Cases/BUCLES/Reto_while" time="63.206" classname="Test Cases/BUCLES/Reto_while" status="PASSED">
         <system-out><![CDATA[2022-11-30 09:43:34 - [TEST_CASE][PASSED] - Test Cases/BUCLES/Reto_while: Test Cases/BUCLES/Reto_while

2022-11-30 09:43:34 - [TEST_STEP][PASSED] - openBrowser(""): Browser is opened with url: ''

2022-11-30 09:43:34 - [MESSAGE][INFO] - Starting 'Chrome' driver

2022-11-30 09:43:34 - [MESSAGE][INFO] - Action delay is set to 0 milliseconds

2022-11-30 09:43:36 - [MESSAGE][PASSED] - Browser is opened with url: ''

2022-11-30 09:43:36 - [TEST_STEP][PASSED] - navigateToUrl("https://www.google.com/"): Navigate to 'https://www.google.com/' successfully

2022-11-30 09:43:39 - [MESSAGE][PASSED] - Navigate to 'https://www.google.com/' successfully

2022-11-30 09:43:39 - [TEST_STEP][PASSED] - Bandera = 0: null

2022-11-30 09:43:39 - [TEST_STEP][PASSED] - while (Bandera != 1): null

2022-11-30 09:43:39 - [TEST_STEP][PASSED] - num = Math.random() * 5 - 1 + 1: null

2022-11-30 09:43:39 - [TEST_STEP][PASSED] - setText(findTestObject("Object Repository/While_google/Page_Google/input__q"), "5+" + num): Text '5+2' is set on object 'Object Repository/While_google/Page_Google/input__q'

2022-11-30 09:43:40 - [MESSAGE][PASSED] - Text '5+2' is set on object 'Object Repository/While_google/Page_Google/input__q'

2022-11-30 09:43:40 - [TEST_STEP][PASSED] - sendKeys(findTestObject("Object Repository/While_google/Page_Google/input__q"), Keys.chord(ENTER)): Keys 'ENTER + ' sent to object: 'Object Repository/While_google/Page_Google/input__q'

2022-11-30 09:43:52 - [MESSAGE][PASSED] - Keys 'ENTER + ' sent to object: 'Object Repository/While_google/Page_Google/input__q'

2022-11-30 09:43:52 - [TEST_STEP][PASSED] - Resultado = getText(findTestObject("While_google/Extras/Resultado_10")): Text of object 'Object Repository/While_google/Extras/Resultado_10' is: '7'

2022-11-30 09:43:53 - [MESSAGE][PASSED] - Text of object 'Object Repository/While_google/Extras/Resultado_10' is: '7'

2022-11-30 09:43:53 - [TEST_STEP][PASSED] - if (Resultado == "8"): null

2022-11-30 09:43:53 - [TEST_STEP][PASSED] - else: null

2022-11-30 09:43:53 - [TEST_STEP][PASSED] - Bandera = 0: null

2022-11-30 09:43:53 - [TEST_STEP][PASSED] - print(Bandera + "------"): null

2022-11-30 09:43:53 - [TEST_STEP][PASSED] - num = Math.random() * 5 - 1 + 1: null

2022-11-30 09:43:53 - [TEST_STEP][PASSED] - setText(findTestObject("Object Repository/While_google/Page_Google/input__q"), "5+" + num): Text '5+4' is set on object 'Object Repository/While_google/Page_Google/input__q'

2022-11-30 09:43:54 - [MESSAGE][PASSED] - Text '5+4' is set on object 'Object Repository/While_google/Page_Google/input__q'

2022-11-30 09:43:54 - [TEST_STEP][PASSED] - sendKeys(findTestObject("Object Repository/While_google/Page_Google/input__q"), Keys.chord(ENTER)): Keys 'ENTER + ' sent to object: 'Object Repository/While_google/Page_Google/input__q'

2022-11-30 09:43:58 - [MESSAGE][PASSED] - Keys 'ENTER + ' sent to object: 'Object Repository/While_google/Page_Google/input__q'

2022-11-30 09:43:58 - [TEST_STEP][PASSED] - Resultado = getText(findTestObject("While_google/Extras/Resultado_10")): Text of object 'Object Repository/While_google/Extras/Resultado_10' is: '9'

2022-11-30 09:43:59 - [MESSAGE][PASSED] - Text of object 'Object Repository/While_google/Extras/Resultado_10' is: '9'

2022-11-30 09:43:59 - [TEST_STEP][PASSED] - if (Resultado == "8"): null

2022-11-30 09:43:59 - [TEST_STEP][PASSED] - else: null

2022-11-30 09:43:59 - [TEST_STEP][PASSED] - Bandera = 0: null

2022-11-30 09:43:59 - [TEST_STEP][PASSED] - print(Bandera + "------"): null

2022-11-30 09:43:59 - [TEST_STEP][PASSED] - num = Math.random() * 5 - 1 + 1: null

2022-11-30 09:43:59 - [TEST_STEP][PASSED] - setText(findTestObject("Object Repository/While_google/Page_Google/input__q"), "5+" + num): Text '5+2' is set on object 'Object Repository/While_google/Page_Google/input__q'

2022-11-30 09:43:59 - [MESSAGE][PASSED] - Text '5+2' is set on object 'Object Repository/While_google/Page_Google/input__q'

2022-11-30 09:43:59 - [TEST_STEP][PASSED] - sendKeys(findTestObject("Object Repository/While_google/Page_Google/input__q"), Keys.chord(ENTER)): Keys 'ENTER + ' sent to object: 'Object Repository/While_google/Page_Google/input__q'

2022-11-30 09:44:04 - [MESSAGE][PASSED] - Keys 'ENTER + ' sent to object: 'Object Repository/While_google/Page_Google/input__q'

2022-11-30 09:44:04 - [TEST_STEP][PASSED] - Resultado = getText(findTestObject("While_google/Extras/Resultado_10")): Text of object 'Object Repository/While_google/Extras/Resultado_10' is: '7'

2022-11-30 09:44:04 - [MESSAGE][PASSED] - Text of object 'Object Repository/While_google/Extras/Resultado_10' is: '7'

2022-11-30 09:44:04 - [TEST_STEP][PASSED] - if (Resultado == "8"): null

2022-11-30 09:44:04 - [TEST_STEP][PASSED] - else: null

2022-11-30 09:44:04 - [TEST_STEP][PASSED] - Bandera = 0: null

2022-11-30 09:44:04 - [TEST_STEP][PASSED] - print(Bandera + "------"): null

2022-11-30 09:44:04 - [TEST_STEP][PASSED] - num = Math.random() * 5 - 1 + 1: null

2022-11-30 09:44:04 - [TEST_STEP][PASSED] - setText(findTestObject("Object Repository/While_google/Page_Google/input__q"), "5+" + num): Text '5+2' is set on object 'Object Repository/While_google/Page_Google/input__q'

2022-11-30 09:44:05 - [MESSAGE][PASSED] - Text '5+2' is set on object 'Object Repository/While_google/Page_Google/input__q'

2022-11-30 09:44:05 - [TEST_STEP][PASSED] - sendKeys(findTestObject("Object Repository/While_google/Page_Google/input__q"), Keys.chord(ENTER)): Keys 'ENTER + ' sent to object: 'Object Repository/While_google/Page_Google/input__q'

2022-11-30 09:44:06 - [MESSAGE][PASSED] - Keys 'ENTER + ' sent to object: 'Object Repository/While_google/Page_Google/input__q'

2022-11-30 09:44:06 - [TEST_STEP][PASSED] - Resultado = getText(findTestObject("While_google/Extras/Resultado_10")): Text of object 'Object Repository/While_google/Extras/Resultado_10' is: '7'

2022-11-30 09:44:08 - [MESSAGE][PASSED] - Text of object 'Object Repository/While_google/Extras/Resultado_10' is: '7'

2022-11-30 09:44:08 - [TEST_STEP][PASSED] - if (Resultado == "8"): null

2022-11-30 09:44:08 - [TEST_STEP][PASSED] - else: null

2022-11-30 09:44:08 - [TEST_STEP][PASSED] - Bandera = 0: null

2022-11-30 09:44:08 - [TEST_STEP][PASSED] - print(Bandera + "------"): null

2022-11-30 09:44:08 - [TEST_STEP][PASSED] - num = Math.random() * 5 - 1 + 1: null

2022-11-30 09:44:08 - [TEST_STEP][PASSED] - setText(findTestObject("Object Repository/While_google/Page_Google/input__q"), "5+" + num): Text '5+1' is set on object 'Object Repository/While_google/Page_Google/input__q'

2022-11-30 09:44:09 - [MESSAGE][PASSED] - Text '5+1' is set on object 'Object Repository/While_google/Page_Google/input__q'

2022-11-30 09:44:09 - [TEST_STEP][PASSED] - sendKeys(findTestObject("Object Repository/While_google/Page_Google/input__q"), Keys.chord(ENTER)): Keys 'ENTER + ' sent to object: 'Object Repository/While_google/Page_Google/input__q'

2022-11-30 09:44:11 - [MESSAGE][PASSED] - Keys 'ENTER + ' sent to object: 'Object Repository/While_google/Page_Google/input__q'

2022-11-30 09:44:11 - [TEST_STEP][PASSED] - Resultado = getText(findTestObject("While_google/Extras/Resultado_10")): Text of object 'Object Repository/While_google/Extras/Resultado_10' is: '6'

2022-11-30 09:44:13 - [MESSAGE][PASSED] - Text of object 'Object Repository/While_google/Extras/Resultado_10' is: '6'

2022-11-30 09:44:13 - [TEST_STEP][PASSED] - if (Resultado == "8"): null

2022-11-30 09:44:13 - [TEST_STEP][PASSED] - else: null

2022-11-30 09:44:13 - [TEST_STEP][PASSED] - Bandera = 0: null

2022-11-30 09:44:13 - [TEST_STEP][PASSED] - print(Bandera + "------"): null

2022-11-30 09:44:13 - [TEST_STEP][PASSED] - num = Math.random() * 5 - 1 + 1: null

2022-11-30 09:44:13 - [TEST_STEP][PASSED] - setText(findTestObject("Object Repository/While_google/Page_Google/input__q"), "5+" + num): Text '5+4' is set on object 'Object Repository/While_google/Page_Google/input__q'

2022-11-30 09:44:14 - [MESSAGE][PASSED] - Text '5+4' is set on object 'Object Repository/While_google/Page_Google/input__q'

2022-11-30 09:44:14 - [TEST_STEP][PASSED] - sendKeys(findTestObject("Object Repository/While_google/Page_Google/input__q"), Keys.chord(ENTER)): Keys 'ENTER + ' sent to object: 'Object Repository/While_google/Page_Google/input__q'

2022-11-30 09:44:16 - [MESSAGE][PASSED] - Keys 'ENTER + ' sent to object: 'Object Repository/While_google/Page_Google/input__q'

2022-11-30 09:44:16 - [TEST_STEP][PASSED] - Resultado = getText(findTestObject("While_google/Extras/Resultado_10")): Text of object 'Object Repository/While_google/Extras/Resultado_10' is: '9'

2022-11-30 09:44:17 - [MESSAGE][PASSED] - Text of object 'Object Repository/While_google/Extras/Resultado_10' is: '9'

2022-11-30 09:44:17 - [TEST_STEP][PASSED] - if (Resultado == "8"): null

2022-11-30 09:44:17 - [TEST_STEP][PASSED] - else: null

2022-11-30 09:44:17 - [TEST_STEP][PASSED] - Bandera = 0: null

2022-11-30 09:44:17 - [TEST_STEP][PASSED] - print(Bandera + "------"): null

2022-11-30 09:44:17 - [TEST_STEP][PASSED] - num = Math.random() * 5 - 1 + 1: null

2022-11-30 09:44:17 - [TEST_STEP][PASSED] - setText(findTestObject("Object Repository/While_google/Page_Google/input__q"), "5+" + num): Text '5+1' is set on object 'Object Repository/While_google/Page_Google/input__q'

2022-11-30 09:44:18 - [MESSAGE][PASSED] - Text '5+1' is set on object 'Object Repository/While_google/Page_Google/input__q'

2022-11-30 09:44:18 - [TEST_STEP][PASSED] - sendKeys(findTestObject("Object Repository/While_google/Page_Google/input__q"), Keys.chord(ENTER)): Keys 'ENTER + ' sent to object: 'Object Repository/While_google/Page_Google/input__q'

2022-11-30 09:44:19 - [MESSAGE][PASSED] - Keys 'ENTER + ' sent to object: 'Object Repository/While_google/Page_Google/input__q'

2022-11-30 09:44:19 - [TEST_STEP][PASSED] - Resultado = getText(findTestObject("While_google/Extras/Resultado_10")): Text of object 'Object Repository/While_google/Extras/Resultado_10' is: '6'

2022-11-30 09:44:21 - [MESSAGE][PASSED] - Text of object 'Object Repository/While_google/Extras/Resultado_10' is: '6'

2022-11-30 09:44:21 - [TEST_STEP][PASSED] - if (Resultado == "8"): null

2022-11-30 09:44:21 - [TEST_STEP][PASSED] - else: null

2022-11-30 09:44:21 - [TEST_STEP][PASSED] - Bandera = 0: null

2022-11-30 09:44:21 - [TEST_STEP][PASSED] - print(Bandera + "------"): null

2022-11-30 09:44:21 - [TEST_STEP][PASSED] - num = Math.random() * 5 - 1 + 1: null

2022-11-30 09:44:21 - [TEST_STEP][PASSED] - setText(findTestObject("Object Repository/While_google/Page_Google/input__q"), "5+" + num): Text '5+4' is set on object 'Object Repository/While_google/Page_Google/input__q'

2022-11-30 09:44:22 - [MESSAGE][PASSED] - Text '5+4' is set on object 'Object Repository/While_google/Page_Google/input__q'

2022-11-30 09:44:22 - [TEST_STEP][PASSED] - sendKeys(findTestObject("Object Repository/While_google/Page_Google/input__q"), Keys.chord(ENTER)): Keys 'ENTER + ' sent to object: 'Object Repository/While_google/Page_Google/input__q'

2022-11-30 09:44:24 - [MESSAGE][PASSED] - Keys 'ENTER + ' sent to object: 'Object Repository/While_google/Page_Google/input__q'

2022-11-30 09:44:24 - [TEST_STEP][PASSED] - Resultado = getText(findTestObject("While_google/Extras/Resultado_10")): Text of object 'Object Repository/While_google/Extras/Resultado_10' is: '9'

2022-11-30 09:44:24 - [MESSAGE][PASSED] - Text of object 'Object Repository/While_google/Extras/Resultado_10' is: '9'

2022-11-30 09:44:24 - [TEST_STEP][PASSED] - if (Resultado == "8"): null

2022-11-30 09:44:24 - [TEST_STEP][PASSED] - else: null

2022-11-30 09:44:24 - [TEST_STEP][PASSED] - Bandera = 0: null

2022-11-30 09:44:24 - [TEST_STEP][PASSED] - print(Bandera + "------"): null

2022-11-30 09:44:24 - [TEST_STEP][PASSED] - num = Math.random() * 5 - 1 + 1: null

2022-11-30 09:44:24 - [TEST_STEP][PASSED] - setText(findTestObject("Object Repository/While_google/Page_Google/input__q"), "5+" + num): Text '5+4' is set on object 'Object Repository/While_google/Page_Google/input__q'

2022-11-30 09:44:25 - [MESSAGE][PASSED] - Text '5+4' is set on object 'Object Repository/While_google/Page_Google/input__q'

2022-11-30 09:44:25 - [TEST_STEP][PASSED] - sendKeys(findTestObject("Object Repository/While_google/Page_Google/input__q"), Keys.chord(ENTER)): Keys 'ENTER + ' sent to object: 'Object Repository/While_google/Page_Google/input__q'

2022-11-30 09:44:27 - [MESSAGE][PASSED] - Keys 'ENTER + ' sent to object: 'Object Repository/While_google/Page_Google/input__q'

2022-11-30 09:44:27 - [TEST_STEP][PASSED] - Resultado = getText(findTestObject("While_google/Extras/Resultado_10")): Text of object 'Object Repository/While_google/Extras/Resultado_10' is: '9'

2022-11-30 09:44:28 - [MESSAGE][PASSED] - Text of object 'Object Repository/While_google/Extras/Resultado_10' is: '9'

2022-11-30 09:44:28 - [TEST_STEP][PASSED] - if (Resultado == "8"): null

2022-11-30 09:44:28 - [TEST_STEP][PASSED] - else: null

2022-11-30 09:44:28 - [TEST_STEP][PASSED] - Bandera = 0: null

2022-11-30 09:44:28 - [TEST_STEP][PASSED] - print(Bandera + "------"): null

2022-11-30 09:44:28 - [TEST_STEP][PASSED] - num = Math.random() * 5 - 1 + 1: null

2022-11-30 09:44:28 - [TEST_STEP][PASSED] - setText(findTestObject("Object Repository/While_google/Page_Google/input__q"), "5+" + num): Text '5+2' is set on object 'Object Repository/While_google/Page_Google/input__q'

2022-11-30 09:44:28 - [MESSAGE][PASSED] - Text '5+2' is set on object 'Object Repository/While_google/Page_Google/input__q'

2022-11-30 09:44:28 - [TEST_STEP][PASSED] - sendKeys(findTestObject("Object Repository/While_google/Page_Google/input__q"), Keys.chord(ENTER)): Keys 'ENTER + ' sent to object: 'Object Repository/While_google/Page_Google/input__q'

2022-11-30 09:44:29 - [MESSAGE][PASSED] - Keys 'ENTER + ' sent to object: 'Object Repository/While_google/Page_Google/input__q'

2022-11-30 09:44:29 - [TEST_STEP][PASSED] - Resultado = getText(findTestObject("While_google/Extras/Resultado_10")): Text of object 'Object Repository/While_google/Extras/Resultado_10' is: '7'

2022-11-30 09:44:31 - [MESSAGE][PASSED] - Text of object 'Object Repository/While_google/Extras/Resultado_10' is: '7'

2022-11-30 09:44:31 - [TEST_STEP][PASSED] - if (Resultado == "8"): null

2022-11-30 09:44:31 - [TEST_STEP][PASSED] - else: null

2022-11-30 09:44:31 - [TEST_STEP][PASSED] - Bandera = 0: null

2022-11-30 09:44:31 - [TEST_STEP][PASSED] - print(Bandera + "------"): null

2022-11-30 09:44:31 - [TEST_STEP][PASSED] - num = Math.random() * 5 - 1 + 1: null

2022-11-30 09:44:31 - [TEST_STEP][PASSED] - setText(findTestObject("Object Repository/While_google/Page_Google/input__q"), "5+" + num): Text '5+3' is set on object 'Object Repository/While_google/Page_Google/input__q'

2022-11-30 09:44:33 - [MESSAGE][PASSED] - Text '5+3' is set on object 'Object Repository/While_google/Page_Google/input__q'

2022-11-30 09:44:33 - [TEST_STEP][PASSED] - sendKeys(findTestObject("Object Repository/While_google/Page_Google/input__q"), Keys.chord(ENTER)): Keys 'ENTER + ' sent to object: 'Object Repository/While_google/Page_Google/input__q'

2022-11-30 09:44:34 - [MESSAGE][PASSED] - Keys 'ENTER + ' sent to object: 'Object Repository/While_google/Page_Google/input__q'

2022-11-30 09:44:34 - [TEST_STEP][PASSED] - Resultado = getText(findTestObject("While_google/Extras/Resultado_10")): Text of object 'Object Repository/While_google/Extras/Resultado_10' is: '8'

2022-11-30 09:44:36 - [MESSAGE][PASSED] - Text of object 'Object Repository/While_google/Extras/Resultado_10' is: '8'

2022-11-30 09:44:36 - [TEST_STEP][PASSED] - if (Resultado == "8"): Browser is closed

2022-11-30 09:44:36 - [TEST_STEP][PASSED] - Bandera = 1: null

2022-11-30 09:44:36 - [TEST_STEP][PASSED] - print("Listo termina"): null

2022-11-30 09:44:36 - [TEST_STEP][PASSED] - closeBrowser(): Browser is closed

2022-11-30 09:44:37 - [MESSAGE][PASSED] - Browser is closed

2022-11-30 09:44:37 - [TEST_STEP][PASSED] - print(Bandera + "------"): null]]></system-out>
         <system-err><![CDATA[]]></system-err>
      </testcase>
      <testcase name="Test Cases/BUCLES/Reto_while_solucion" time="30.006" classname="Test Cases/BUCLES/Reto_while_solucion" status="PASSED">
         <system-out><![CDATA[2022-11-30 09:44:37 - [TEST_CASE][PASSED] - Test Cases/BUCLES/Reto_while_solucion: Test Cases/BUCLES/Reto_while_solucion

2022-11-30 09:44:37 - [TEST_STEP][PASSED] - openBrowser(""): Browser is opened with url: ''

2022-11-30 09:44:37 - [MESSAGE][INFO] - Starting 'Chrome' driver

2022-11-30 09:44:37 - [MESSAGE][INFO] - Action delay is set to 0 milliseconds

2022-11-30 09:44:39 - [MESSAGE][PASSED] - Browser is opened with url: ''

2022-11-30 09:44:39 - [TEST_STEP][PASSED] - navigateToUrl("https://www.google.com/"): Navigate to 'https://www.google.com/' successfully

2022-11-30 09:44:42 - [MESSAGE][PASSED] - Navigate to 'https://www.google.com/' successfully

2022-11-30 09:44:42 - [TEST_STEP][PASSED] - Res = 0: null

2022-11-30 09:44:42 - [TEST_STEP][PASSED] - while (Res != 8): Browser is closed

2022-11-30 09:44:42 - [TEST_STEP][PASSED] - num = Math.random() * 5 - 1 + 1: null

2022-11-30 09:44:42 - [TEST_STEP][PASSED] - setText(findTestObject("Object Repository/Reto_while1/Page_Google/input__q"), "5+" + num): Text '5+2' is set on object 'Object Repository/Reto_while1/Page_Google/input__q'

2022-11-30 09:44:43 - [MESSAGE][PASSED] - Text '5+2' is set on object 'Object Repository/Reto_while1/Page_Google/input__q'

2022-11-30 09:44:43 - [TEST_STEP][PASSED] - sendKeys(findTestObject("Object Repository/Reto_while1/Page_Google/input__q"), Keys.chord(ENTER)): Keys 'ENTER + ' sent to object: 'Object Repository/Reto_while1/Page_Google/input__q'

2022-11-30 09:44:52 - [MESSAGE][PASSED] - Keys 'ENTER + ' sent to object: 'Object Repository/Reto_while1/Page_Google/input__q'

2022-11-30 09:44:52 - [TEST_STEP][PASSED] - Res = getText(findTestObject("Reto_while1/Resultado_8")).toInteger(): Text of object 'Object Repository/Reto_while1/Resultado_8' is: '7'

2022-11-30 09:44:53 - [MESSAGE][PASSED] - Text of object 'Object Repository/Reto_while1/Resultado_8' is: '7'

2022-11-30 09:44:53 - [TEST_STEP][PASSED] - if (Res == 8): null

2022-11-30 09:44:53 - [TEST_STEP][PASSED] - num = Math.random() * 5 - 1 + 1: null

2022-11-30 09:44:53 - [TEST_STEP][PASSED] - setText(findTestObject("Object Repository/Reto_while1/Page_Google/input__q"), "5+" + num): Text '5+1' is set on object 'Object Repository/Reto_while1/Page_Google/input__q'

2022-11-30 09:44:54 - [MESSAGE][PASSED] - Text '5+1' is set on object 'Object Repository/Reto_while1/Page_Google/input__q'

2022-11-30 09:44:54 - [TEST_STEP][PASSED] - sendKeys(findTestObject("Object Repository/Reto_while1/Page_Google/input__q"), Keys.chord(ENTER)): Keys 'ENTER + ' sent to object: 'Object Repository/Reto_while1/Page_Google/input__q'

2022-11-30 09:44:58 - [MESSAGE][PASSED] - Keys 'ENTER + ' sent to object: 'Object Repository/Reto_while1/Page_Google/input__q'

2022-11-30 09:44:58 - [TEST_STEP][PASSED] - Res = getText(findTestObject("Reto_while1/Resultado_8")).toInteger(): Text of object 'Object Repository/Reto_while1/Resultado_8' is: '6'

2022-11-30 09:44:58 - [MESSAGE][PASSED] - Text of object 'Object Repository/Reto_while1/Resultado_8' is: '6'

2022-11-30 09:44:58 - [TEST_STEP][PASSED] - if (Res == 8): null

2022-11-30 09:44:58 - [TEST_STEP][PASSED] - num = Math.random() * 5 - 1 + 1: null

2022-11-30 09:44:58 - [TEST_STEP][PASSED] - setText(findTestObject("Object Repository/Reto_while1/Page_Google/input__q"), "5+" + num): Text '5+4' is set on object 'Object Repository/Reto_while1/Page_Google/input__q'

2022-11-30 09:44:59 - [MESSAGE][PASSED] - Text '5+4' is set on object 'Object Repository/Reto_while1/Page_Google/input__q'

2022-11-30 09:44:59 - [TEST_STEP][PASSED] - sendKeys(findTestObject("Object Repository/Reto_while1/Page_Google/input__q"), Keys.chord(ENTER)): Keys 'ENTER + ' sent to object: 'Object Repository/Reto_while1/Page_Google/input__q'

2022-11-30 09:45:02 - [MESSAGE][PASSED] - Keys 'ENTER + ' sent to object: 'Object Repository/Reto_while1/Page_Google/input__q'

2022-11-30 09:45:02 - [TEST_STEP][PASSED] - Res = getText(findTestObject("Reto_while1/Resultado_8")).toInteger(): Text of object 'Object Repository/Reto_while1/Resultado_8' is: '9'

2022-11-30 09:45:02 - [MESSAGE][PASSED] - Text of object 'Object Repository/Reto_while1/Resultado_8' is: '9'

2022-11-30 09:45:02 - [TEST_STEP][PASSED] - if (Res == 8): null

2022-11-30 09:45:02 - [TEST_STEP][PASSED] - num = Math.random() * 5 - 1 + 1: null

2022-11-30 09:45:02 - [TEST_STEP][PASSED] - setText(findTestObject("Object Repository/Reto_while1/Page_Google/input__q"), "5+" + num): Text '5+3' is set on object 'Object Repository/Reto_while1/Page_Google/input__q'

2022-11-30 09:45:03 - [MESSAGE][PASSED] - Text '5+3' is set on object 'Object Repository/Reto_while1/Page_Google/input__q'

2022-11-30 09:45:03 - [TEST_STEP][PASSED] - sendKeys(findTestObject("Object Repository/Reto_while1/Page_Google/input__q"), Keys.chord(ENTER)): Keys 'ENTER + ' sent to object: 'Object Repository/Reto_while1/Page_Google/input__q'

2022-11-30 09:45:05 - [MESSAGE][PASSED] - Keys 'ENTER + ' sent to object: 'Object Repository/Reto_while1/Page_Google/input__q'

2022-11-30 09:45:05 - [TEST_STEP][PASSED] - Res = getText(findTestObject("Reto_while1/Resultado_8")).toInteger(): Text of object 'Object Repository/Reto_while1/Resultado_8' is: '8'

2022-11-30 09:45:06 - [MESSAGE][PASSED] - Text of object 'Object Repository/Reto_while1/Resultado_8' is: '8'

2022-11-30 09:45:06 - [TEST_STEP][PASSED] - if (Res == 8): Browser is closed

2022-11-30 09:45:06 - [TEST_STEP][PASSED] - closeBrowser(): Browser is closed

2022-11-30 09:45:07 - [MESSAGE][PASSED] - Browser is closed]]></system-out>
         <system-err><![CDATA[]]></system-err>
      </testcase>
      <testcase name="Test Cases/BUCLES/Test_1" time="42.302" classname="Test Cases/BUCLES/Test_1" status="PASSED">
         <system-out><![CDATA[2022-11-30 09:45:07 - [TEST_CASE][PASSED] - Test Cases/BUCLES/Test_1: Test Cases/BUCLES/Test_1

2022-11-30 09:45:07 - [TEST_STEP][PASSED] - openBrowser(""): Browser is opened with url: ''

2022-11-30 09:45:07 - [MESSAGE][INFO] - Starting 'Chrome' driver

2022-11-30 09:45:07 - [MESSAGE][INFO] - Action delay is set to 0 milliseconds

2022-11-30 09:45:09 - [MESSAGE][PASSED] - Browser is opened with url: ''

2022-11-30 09:45:09 - [TEST_STEP][PASSED] - navigateToUrl("https://demoqa.com/text-box"): Navigate to 'https://demoqa.com/text-box' successfully

2022-11-30 09:45:22 - [MESSAGE][PASSED] - Navigate to 'https://demoqa.com/text-box' successfully

2022-11-30 09:45:22 - [TEST_STEP][PASSED] - for ([x = 1, x <= 2, (x++)]): null

2022-11-30 09:45:22 - [TEST_STEP][PASSED] - openBrowser(""): Browser is opened with url: ''

2022-11-30 09:45:22 - [MESSAGE][WARNING] - A browser is already opened. Closing browser and opening a new one

2022-11-30 09:45:22 - [MESSAGE][INFO] - Starting 'Chrome' driver

2022-11-30 09:45:22 - [MESSAGE][INFO] - Action delay is set to 0 milliseconds

2022-11-30 09:45:24 - [MESSAGE][PASSED] - Browser is opened with url: ''

2022-11-30 09:45:24 - [TEST_STEP][PASSED] - navigateToUrl("https://demoqa.com/text-box"): Navigate to 'https://demoqa.com/text-box' successfully

2022-11-30 09:45:34 - [MESSAGE][PASSED] - Navigate to 'https://demoqa.com/text-box' successfully

2022-11-30 09:45:34 - [TEST_STEP][PASSED] - RN = Math.random() * 10 - 1 + 1: null

2022-11-30 09:45:34 - [TEST_STEP][PASSED] - print("Numero : " + RN + "----"): null

2022-11-30 09:45:34 - [TEST_STEP][PASSED] - z = ["Demo1", "Demo2", "Demo3", "Demo4", "Demo5"]: null

2022-11-30 09:45:34 - [TEST_STEP][PASSED] - rnd = new java.util.Random(): null

2022-11-30 09:45:34 - [TEST_STEP][PASSED] - texto = z[rnd.nextInt(size)]: null

2022-11-30 09:45:34 - [TEST_STEP][PASSED] - print(texto): null

2022-11-30 09:45:34 - [TEST_STEP][PASSED] - openBrowser(""): Browser is opened with url: ''

2022-11-30 09:45:34 - [MESSAGE][WARNING] - A browser is already opened. Closing browser and opening a new one

2022-11-30 09:45:34 - [MESSAGE][INFO] - Starting 'Chrome' driver

2022-11-30 09:45:34 - [MESSAGE][INFO] - Action delay is set to 0 milliseconds

2022-11-30 09:45:36 - [MESSAGE][PASSED] - Browser is opened with url: ''

2022-11-30 09:45:36 - [TEST_STEP][PASSED] - navigateToUrl("https://demoqa.com/text-box"): Navigate to 'https://demoqa.com/text-box' successfully

2022-11-30 09:45:48 - [MESSAGE][PASSED] - Navigate to 'https://demoqa.com/text-box' successfully

2022-11-30 09:45:48 - [TEST_STEP][PASSED] - RN = Math.random() * 10 - 1 + 1: null

2022-11-30 09:45:48 - [TEST_STEP][PASSED] - print("Numero : " + RN + "----"): null

2022-11-30 09:45:48 - [TEST_STEP][PASSED] - z = ["Demo1", "Demo2", "Demo3", "Demo4", "Demo5"]: null

2022-11-30 09:45:48 - [TEST_STEP][PASSED] - rnd = new java.util.Random(): null

2022-11-30 09:45:48 - [TEST_STEP][PASSED] - texto = z[rnd.nextInt(size)]: null

2022-11-30 09:45:48 - [TEST_STEP][PASSED] - print(texto): null

2022-11-30 09:45:48 - [TEST_STEP][PASSED] - closeBrowser(): Browser is closed

2022-11-30 09:45:49 - [MESSAGE][PASSED] - Browser is closed]]></system-out>
         <system-err><![CDATA[]]></system-err>
      </testcase>
      <testcase name="Test Cases/BUCLES/Test_2" time="12.36" classname="Test Cases/BUCLES/Test_2" status="PASSED">
         <system-out><![CDATA[2022-11-30 09:45:49 - [TEST_CASE][PASSED] - Test Cases/BUCLES/Test_2: Test Cases/BUCLES/Test_2

2022-11-30 09:45:50 - [TEST_STEP][PASSED] - openBrowser(""): Browser is opened with url: ''

2022-11-30 09:45:50 - [MESSAGE][INFO] - Starting 'Chrome' driver

2022-11-30 09:45:50 - [MESSAGE][INFO] - Action delay is set to 0 milliseconds

2022-11-30 09:45:51 - [MESSAGE][PASSED] - Browser is opened with url: ''

2022-11-30 09:45:51 - [TEST_STEP][PASSED] - navigateToUrl("https://demoqa.com/text-box"): Navigate to 'https://demoqa.com/text-box' successfully

2022-11-30 09:46:01 - [MESSAGE][PASSED] - Navigate to 'https://demoqa.com/text-box' successfully

2022-11-30 09:46:01 - [TEST_STEP][PASSED] - for ([x = 1, x <= 10, x = x + 2]): null

2022-11-30 09:46:01 - [TEST_STEP][PASSED] - print(" hola mundo " + x + "-------"): null

2022-11-30 09:46:01 - [TEST_STEP][PASSED] - print(" hola mundo " + x + "-------"): null

2022-11-30 09:46:01 - [TEST_STEP][PASSED] - print(" hola mundo " + x + "-------"): null

2022-11-30 09:46:01 - [TEST_STEP][PASSED] - print(" hola mundo " + x + "-------"): null

2022-11-30 09:46:01 - [TEST_STEP][PASSED] - print(" hola mundo " + x + "-------"): null

2022-11-30 09:46:01 - [TEST_STEP][PASSED] - closeBrowser(): Browser is closed

2022-11-30 09:46:02 - [MESSAGE][PASSED] - Browser is closed]]></system-out>
         <system-err><![CDATA[]]></system-err>
      </testcase>
      <testcase name="Test Cases/BUCLES/Test_while" time="12.252" classname="Test Cases/BUCLES/Test_while" status="PASSED">
         <system-out><![CDATA[2022-11-30 09:46:02 - [TEST_CASE][PASSED] - Test Cases/BUCLES/Test_while: Test Cases/BUCLES/Test_while

2022-11-30 09:46:02 - [TEST_STEP][PASSED] - openBrowser(""): Browser is opened with url: ''

2022-11-30 09:46:02 - [MESSAGE][INFO] - Starting 'Chrome' driver

2022-11-30 09:46:02 - [MESSAGE][INFO] - Action delay is set to 0 milliseconds

2022-11-30 09:46:04 - [MESSAGE][PASSED] - Browser is opened with url: ''

2022-11-30 09:46:04 - [TEST_STEP][PASSED] - navigateToUrl("https://demoqa.com/text-box"): Navigate to 'https://demoqa.com/text-box' successfully

2022-11-30 09:46:13 - [MESSAGE][PASSED] - Navigate to 'https://demoqa.com/text-box' successfully

2022-11-30 09:46:13 - [TEST_STEP][PASSED] - maximizeWindow(): Current window maximized

2022-11-30 09:46:13 - [MESSAGE][PASSED] - Current window maximized

2022-11-30 09:46:13 - [TEST_STEP][PASSED] - waitForPageLoad(5): Wait for page load successfully

2022-11-30 09:46:13 - [MESSAGE][PASSED] - Wait for page load successfully

2022-11-30 09:46:13 - [TEST_STEP][PASSED] - x = 1: null

2022-11-30 09:46:13 - [TEST_STEP][PASSED] - while (x <= 3): null

2022-11-30 09:46:13 - [TEST_STEP][PASSED] - print("Hola " + x + "----------"): null

2022-11-30 09:46:13 - [TEST_STEP][PASSED] - (x++): null

2022-11-30 09:46:13 - [TEST_STEP][PASSED] - print("Hola " + x + "----------"): null

2022-11-30 09:46:13 - [TEST_STEP][PASSED] - (x++): null

2022-11-30 09:46:13 - [TEST_STEP][PASSED] - print("Hola " + x + "----------"): null

2022-11-30 09:46:13 - [TEST_STEP][PASSED] - (x++): null

2022-11-30 09:46:13 - [TEST_STEP][PASSED] - closeBrowser(): Browser is closed

2022-11-30 09:46:14 - [MESSAGE][PASSED] - Browser is closed]]></system-out>
         <system-err><![CDATA[]]></system-err>
      </testcase>
      <testcase name="Test Cases/BUCLES/Test_while2" time="11.496" classname="Test Cases/BUCLES/Test_while2" status="PASSED">
         <system-out><![CDATA[2022-11-30 09:46:14 - [TEST_CASE][PASSED] - Test Cases/BUCLES/Test_while2: Test Cases/BUCLES/Test_while2

2022-11-30 09:46:14 - [TEST_STEP][PASSED] - openBrowser(""): Browser is opened with url: ''

2022-11-30 09:46:14 - [MESSAGE][INFO] - Starting 'Chrome' driver

2022-11-30 09:46:14 - [MESSAGE][INFO] - Action delay is set to 0 milliseconds

2022-11-30 09:46:16 - [MESSAGE][PASSED] - Browser is opened with url: ''

2022-11-30 09:46:16 - [TEST_STEP][PASSED] - navigateToUrl("https://demoqa.com/text-box"): Navigate to 'https://demoqa.com/text-box' successfully

2022-11-30 09:46:24 - [MESSAGE][PASSED] - Navigate to 'https://demoqa.com/text-box' successfully

2022-11-30 09:46:24 - [TEST_STEP][PASSED] - maximizeWindow(): Current window maximized

2022-11-30 09:46:24 - [MESSAGE][PASSED] - Current window maximized

2022-11-30 09:46:24 - [TEST_STEP][PASSED] - waitForPageLoad(5): Wait for page load successfully

2022-11-30 09:46:24 - [MESSAGE][PASSED] - Wait for page load successfully

2022-11-30 09:46:24 - [TEST_STEP][PASSED] - x = 1: null

2022-11-30 09:46:24 - [TEST_STEP][PASSED] - while (x <= 5): null

2022-11-30 09:46:24 - [TEST_STEP][PASSED] - print("Valor de X" + x + "------>"): null

2022-11-30 09:46:24 - [TEST_STEP][PASSED] - (x++): null

2022-11-30 09:46:24 - [TEST_STEP][PASSED] - print("Valor de X" + x + "------>"): null

2022-11-30 09:46:24 - [TEST_STEP][PASSED] - (x++): null

2022-11-30 09:46:24 - [TEST_STEP][PASSED] - print("Valor de X" + x + "------>"): null

2022-11-30 09:46:24 - [TEST_STEP][PASSED] - (x++): null

2022-11-30 09:46:24 - [TEST_STEP][PASSED] - print("Valor de X" + x + "------>"): null

2022-11-30 09:46:24 - [TEST_STEP][PASSED] - (x++): null

2022-11-30 09:46:24 - [TEST_STEP][PASSED] - print("Valor de X" + x + "------>"): null

2022-11-30 09:46:24 - [TEST_STEP][PASSED] - (x++): null

2022-11-30 09:46:24 - [TEST_STEP][PASSED] - closeBrowser(): Browser is closed

2022-11-30 09:46:25 - [MESSAGE][PASSED] - Browser is closed]]></system-out>
         <system-err><![CDATA[]]></system-err>
      </testcase>
      <testcase name="Test Cases/Drive_excel/Drive_excel" time="17.812" classname="Test Cases/Drive_excel/Drive_excel" status="PASSED">
         <system-out><![CDATA[2022-11-30 09:46:25 - [TEST_CASE][PASSED] - Test Cases/Drive_excel/Drive_excel: Test Cases/Drive_excel/Drive_excel

2022-11-30 09:46:26 - [TEST_STEP][PASSED] - openBrowser(""): Browser is opened with url: ''

2022-11-30 09:46:26 - [MESSAGE][INFO] - Starting 'Chrome' driver

2022-11-30 09:46:26 - [MESSAGE][INFO] - Action delay is set to 0 milliseconds

2022-11-30 09:46:27 - [MESSAGE][PASSED] - Browser is opened with url: ''

2022-11-30 09:46:27 - [TEST_STEP][PASSED] - navigateToUrl("https://demoqa.com/automation-practice-form"): Navigate to 'https://demoqa.com/automation-practice-form' successfully

2022-11-30 09:46:36 - [MESSAGE][PASSED] - Navigate to 'https://demoqa.com/automation-practice-form' successfully

2022-11-30 09:46:36 - [TEST_STEP][PASSED] - waitForPageLoad(40): Wait for page load successfully

2022-11-30 09:46:36 - [MESSAGE][PASSED] - Wait for page load successfully

2022-11-30 09:46:36 - [TEST_STEP][PASSED] - maximizeWindow(): Current window maximized

2022-11-30 09:46:36 - [MESSAGE][PASSED] - Current window maximized

2022-11-30 09:46:36 - [TEST_STEP][PASSED] - setText(findTestObject("Object Repository/Drive_excel/Page_ToolsQA/input_Name_firstName"), nombre): Text '' is set on object 'Object Repository/Drive_excel/Page_ToolsQA/input_Name_firstName'

2022-11-30 09:46:38 - [MESSAGE][PASSED] - Text '' is set on object 'Object Repository/Drive_excel/Page_ToolsQA/input_Name_firstName'

2022-11-30 09:46:38 - [TEST_STEP][PASSED] - setText(findTestObject("Object Repository/Drive_excel/Page_ToolsQA/input_Name_lastName"), apellido): Text '' is set on object 'Object Repository/Drive_excel/Page_ToolsQA/input_Name_lastName'

2022-11-30 09:46:39 - [MESSAGE][PASSED] - Text '' is set on object 'Object Repository/Drive_excel/Page_ToolsQA/input_Name_lastName'

2022-11-30 09:46:39 - [TEST_STEP][PASSED] - setText(findTestObject("Object Repository/Drive_excel/Page_ToolsQA/input_Email_userEmail"), email): Text '' is set on object 'Object Repository/Drive_excel/Page_ToolsQA/input_Email_userEmail'

2022-11-30 09:46:40 - [MESSAGE][PASSED] - Text '' is set on object 'Object Repository/Drive_excel/Page_ToolsQA/input_Email_userEmail'

2022-11-30 09:46:40 - [TEST_STEP][PASSED] - delay(2): Delayed 2 second(s)

2022-11-30 09:46:42 - [MESSAGE][PASSED] - Delayed 2 second(s)

2022-11-30 09:46:42 - [TEST_STEP][PASSED] - closeBrowser(): Browser is closed

2022-11-30 09:46:43 - [MESSAGE][PASSED] - Browser is closed]]></system-out>
         <system-err><![CDATA[]]></system-err>
      </testcase>
      <testcase name="Test Cases/Navegador/Navegador" time="13.733" classname="Test Cases/Navegador/Navegador" status="PASSED">
         <system-out><![CDATA[2022-11-30 09:46:43 - [TEST_CASE][PASSED] - Test Cases/Navegador/Navegador: Test Cases/Navegador/Navegador

2022-11-30 09:46:43 - [TEST_STEP][PASSED] - openBrowser("https://demoqa.com/text-box"): Browser is opened with url: 'https://demoqa.com/text-box'

2022-11-30 09:46:43 - [MESSAGE][INFO] - Starting 'Chrome' driver

2022-11-30 09:46:43 - [MESSAGE][INFO] - Action delay is set to 0 milliseconds

2022-11-30 09:46:56 - [MESSAGE][PASSED] - Browser is opened with url: 'https://demoqa.com/text-box'

2022-11-30 09:46:56 - [TEST_STEP][PASSED] - maximizeWindow(): Current window maximized

2022-11-30 09:46:56 - [MESSAGE][PASSED] - Current window maximized

2022-11-30 09:46:56 - [TEST_STEP][PASSED] - page_url = getUrl(): Current window's url is: 'https://demoqa.com/text-box'

2022-11-30 09:46:56 - [MESSAGE][PASSED] - Current window's url is: 'https://demoqa.com/text-box'

2022-11-30 09:46:56 - [TEST_STEP][PASSED] - print(page_url): null

2022-11-30 09:46:56 - [TEST_STEP][PASSED] - Titulo = getWindowTitle(): Current window's title is: 'ToolsQA'

2022-11-30 09:46:56 - [MESSAGE][PASSED] - Current window's title is: 'ToolsQA'

2022-11-30 09:46:56 - [TEST_STEP][PASSED] - print("titiulo de la pagina" + Titulo): null

2022-11-30 09:46:56 - [TEST_STEP][PASSED] - closeBrowser(): Browser is closed

2022-11-30 09:46:57 - [MESSAGE][PASSED] - Browser is closed]]></system-out>
         <system-err><![CDATA[]]></system-err>
      </testcase>
      <testcase name="Test Cases/Objecto_xpath/Caso_xpath" time="16.838" classname="Test Cases/Objecto_xpath/Caso_xpath" status="PASSED">
         <system-out><![CDATA[2022-11-30 09:46:57 - [TEST_CASE][PASSED] - Test Cases/Objecto_xpath/Caso_xpath: Test Cases/Objecto_xpath/Caso_xpath

2022-11-30 09:46:57 - [TEST_STEP][PASSED] - openBrowser(""): Browser is opened with url: ''

2022-11-30 09:46:57 - [MESSAGE][INFO] - Starting 'Chrome' driver

2022-11-30 09:46:57 - [MESSAGE][INFO] - Action delay is set to 0 milliseconds

2022-11-30 09:46:58 - [MESSAGE][PASSED] - Browser is opened with url: ''

2022-11-30 09:46:58 - [TEST_STEP][PASSED] - navigateToUrl("https://demoqa.com/text-box"): Navigate to 'https://demoqa.com/text-box' successfully

2022-11-30 09:47:07 - [MESSAGE][PASSED] - Navigate to 'https://demoqa.com/text-box' successfully

2022-11-30 09:47:07 - [TEST_STEP][PASSED] - maximizeWindow(): Current window maximized

2022-11-30 09:47:07 - [MESSAGE][PASSED] - Current window maximized

2022-11-30 09:47:07 - [TEST_STEP][PASSED] - setText(findTestObject("Objeto_xpath/Campo_nombre"), "Ljubo"): Text 'Ljubo' is set on object 'Object Repository/Objeto_xpath/Campo_nombre'

2022-11-30 09:47:09 - [MESSAGE][PASSED] - Text 'Ljubo' is set on object 'Object Repository/Objeto_xpath/Campo_nombre'

2022-11-30 09:47:09 - [TEST_STEP][PASSED] - delay(3): Delayed 3 second(s)

2022-11-30 09:47:12 - [MESSAGE][PASSED] - Delayed 3 second(s)

2022-11-30 09:47:12 - [TEST_STEP][PASSED] - closeBrowser(): Browser is closed

2022-11-30 09:47:14 - [MESSAGE][PASSED] - Browser is closed]]></system-out>
         <system-err><![CDATA[]]></system-err>
      </testcase>
      <testcase name="Test Cases/Condicionales_If/Condicionar_titulo" time="26.953" classname="Test Cases/Condicionales_If/Condicionar_titulo" status="PASSED">
         <system-out><![CDATA[2022-11-30 09:47:14 - [TEST_CASE][PASSED] - Test Cases/Condicionales_If/Condicionar_titulo: Test Cases/Condicionales_If/Condicionar_titulo

2022-11-30 09:47:14 - [TEST_STEP][PASSED] - openBrowser(""): Browser is opened with url: ''

2022-11-30 09:47:14 - [MESSAGE][INFO] - Starting 'Chrome' driver

2022-11-30 09:47:14 - [MESSAGE][INFO] - Action delay is set to 0 milliseconds

2022-11-30 09:47:15 - [MESSAGE][PASSED] - Browser is opened with url: ''

2022-11-30 09:47:15 - [TEST_STEP][PASSED] - navigateToUrl("https://demoqa.com/"): Navigate to 'https://demoqa.com/' successfully

2022-11-30 09:47:25 - [MESSAGE][PASSED] - Navigate to 'https://demoqa.com/' successfully

2022-11-30 09:47:25 - [TEST_STEP][PASSED] - maximizeWindow(): Current window maximized

2022-11-30 09:47:25 - [MESSAGE][PASSED] - Current window maximized

2022-11-30 09:47:25 - [TEST_STEP][PASSED] - waitForPageLoad(5): Wait for page load successfully

2022-11-30 09:47:25 - [MESSAGE][PASSED] - Wait for page load successfully

2022-11-30 09:47:25 - [TEST_STEP][PASSED] - Existe = waitForElementVisible(findTestObject("Condicionales/Texto_radio"), 3): Web element with id: 'Object Repository/Condicionales/Texto_radio' located by '//div[@class='main-header'][contains(.,'Radio Button')]' not found

2022-11-30 09:47:30 - [MESSAGE][INFO] - Unable to find the element located by 'By.xpath: //div[@class='main-header'][contains(.,'Radio Button')]'. Please recheck the objects properties to make sure the desired element is located. 

2022-11-30 09:47:30 - [MESSAGE][WARNING] - [SELF-HEALING] Failed to find element with id 'Object Repository/Condicionales/Texto_radio'. Try using Self-healing.

2022-11-30 09:47:31 - [MESSAGE][INFO] - [SELF-HEALING] No working XPath is found.

2022-11-30 09:47:32 - [MESSAGE][INFO] - Unable to find the element located by 'By.xpath: '. Please recheck the objects properties to make sure the desired element is located. 

2022-11-30 09:47:32 - [MESSAGE][WARNING] - [SELF-HEALING] Cannot find elements when the selector is null

2022-11-30 09:47:32 - [MESSAGE][WARNING] - Web element with id: 'Object Repository/Condicionales/Texto_radio' located by '//div[@class='main-header'][contains(.,'Radio Button')]' not found

2022-11-30 09:47:32 - [TEST_STEP][PASSED] - print(Existe): null

2022-11-30 09:47:32 - [TEST_STEP][PASSED] - if (Existe == true): null

2022-11-30 09:47:32 - [TEST_STEP][PASSED] - else: Browser is closed

2022-11-30 09:47:32 - [TEST_STEP][PASSED] - print("-----  Error no esta el elemento de texto radio ------"): null

2022-11-30 09:47:32 - [TEST_STEP][PASSED] - navigateToUrl("https://demoqa.com/radio-button"): Navigate to 'https://demoqa.com/radio-button' successfully

2022-11-30 09:47:36 - [MESSAGE][PASSED] - Navigate to 'https://demoqa.com/radio-button' successfully

2022-11-30 09:47:36 - [TEST_STEP][PASSED] - click(findTestObject("Condicionales/Objeto_yes")): Object: 'Object Repository/Condicionales/Objeto_yes' is clicked on

2022-11-30 09:47:38 - [MESSAGE][PASSED] - Object: 'Object Repository/Condicionales/Objeto_yes' is clicked on

2022-11-30 09:47:38 - [TEST_STEP][PASSED] - delay(2): Delayed 2 second(s)

2022-11-30 09:47:40 - [MESSAGE][PASSED] - Delayed 2 second(s)

2022-11-30 09:47:40 - [TEST_STEP][PASSED] - closeBrowser(): Browser is closed

2022-11-30 09:47:41 - [MESSAGE][PASSED] - Browser is closed]]></system-out>
         <system-err><![CDATA[]]></system-err>
      </testcase>
      <testcase name="Test Cases/Condicionales_If/Test_1" time="0.041" classname="Test Cases/Condicionales_If/Test_1" status="PASSED">
         <system-out><![CDATA[2022-11-30 09:47:41 - [TEST_CASE][PASSED] - Test Cases/Condicionales_If/Test_1: Test Cases/Condicionales_If/Test_1

2022-11-30 09:47:41 - [TEST_STEP][PASSED] - if (num == 10): null

2022-11-30 09:47:41 - [TEST_STEP][PASSED] - else: null

2022-11-30 09:47:41 - [TEST_STEP][PASSED] - print("El numero no es un 10 es el numero:  " + num + "#####"): null]]></system-out>
         <system-err><![CDATA[]]></system-err>
      </testcase>
      <testcase name="Test Cases/Condicionales_If/Test_2" time="0.041" classname="Test Cases/Condicionales_If/Test_2" status="PASSED">
         <system-out><![CDATA[2022-11-30 09:47:41 - [TEST_CASE][PASSED] - Test Cases/Condicionales_If/Test_2: Test Cases/Condicionales_If/Test_2

2022-11-30 09:47:41 - [TEST_STEP][PASSED] - if (num == 5): null

2022-11-30 09:47:41 - [TEST_STEP][PASSED] - if (num == 10): null

2022-11-30 09:47:41 - [TEST_STEP][PASSED] - println("El valor de la variables es un: 10"): null]]></system-out>
         <system-err><![CDATA[]]></system-err>
      </testcase>
      <testcase name="Test Cases/Condicionales_If/Test_3" time="0.035" classname="Test Cases/Condicionales_If/Test_3" status="PASSED">
         <system-out><![CDATA[2022-11-30 09:47:41 - [TEST_CASE][PASSED] - Test Cases/Condicionales_If/Test_3: Test Cases/Condicionales_If/Test_3

2022-11-30 09:47:41 - [TEST_STEP][PASSED] - if (nombre == "Juan"): null

2022-11-30 09:47:41 - [TEST_STEP][PASSED] - if (nombre == "JUan"): null

2022-11-30 09:47:41 - [TEST_STEP][PASSED] - if (nombre == "juan"): null

2022-11-30 09:47:41 - [TEST_STEP][PASSED] - println("Tu nombre es juan"): null]]></system-out>
         <system-err><![CDATA[]]></system-err>
      </testcase>
      <testcase name="Test Cases/Condicionales_If/Test_4" time="0.069" classname="Test Cases/Condicionales_If/Test_4" status="PASSED">
         <system-out><![CDATA[2022-11-30 09:47:41 - [TEST_CASE][PASSED] - Test Cases/Condicionales_If/Test_4: Test Cases/Condicionales_If/Test_4

2022-11-30 09:47:41 - [TEST_STEP][PASSED] - if (num <= 7): null

2022-11-30 09:47:41 - [TEST_STEP][PASSED] - println("El numero es menor ó igual que 5"): null

2022-11-30 09:47:41 - [TEST_STEP][PASSED] - if (num >= 8): null

2022-11-30 09:47:41 - [TEST_STEP][PASSED] - if (num != 5): null]]></system-out>
         <system-err><![CDATA[]]></system-err>
      </testcase>
      <testcase name="Test Cases/Condicionales_If/Test_edad" time="0.039" classname="Test Cases/Condicionales_If/Test_edad" status="PASSED">
         <system-out><![CDATA[2022-11-30 09:47:41 - [TEST_CASE][PASSED] - Test Cases/Condicionales_If/Test_edad: Test Cases/Condicionales_If/Test_edad

2022-11-30 09:47:41 - [TEST_STEP][PASSED] - if (edad >= 1 && edad <= 17): null

2022-11-30 09:47:41 - [TEST_STEP][PASSED] - else if (edad == 18): null

2022-11-30 09:47:41 - [TEST_STEP][PASSED] - else if (edad <= 0): null

2022-11-30 09:47:41 - [TEST_STEP][PASSED] - else if (edad == 120): null

2022-11-30 09:47:41 - [TEST_STEP][PASSED] - else: null

2022-11-30 09:47:41 - [TEST_STEP][PASSED] - print("No se cumple ninguna de las opciones"): null]]></system-out>
         <system-err><![CDATA[]]></system-err>
      </testcase>
      <testcase name="Test Cases/Condicionales_If/Test_valor" time="21.605" classname="Test Cases/Condicionales_If/Test_valor" status="PASSED">
         <system-out><![CDATA[2022-11-30 09:47:41 - [TEST_CASE][PASSED] - Test Cases/Condicionales_If/Test_valor: Test Cases/Condicionales_If/Test_valor

2022-11-30 09:47:41 - [TEST_STEP][PASSED] - openBrowser(""): Browser is opened with url: ''

2022-11-30 09:47:41 - [MESSAGE][INFO] - Starting 'Chrome' driver

2022-11-30 09:47:41 - [MESSAGE][INFO] - Action delay is set to 0 milliseconds

2022-11-30 09:47:42 - [MESSAGE][PASSED] - Browser is opened with url: ''

2022-11-30 09:47:42 - [TEST_STEP][PASSED] - navigateToUrl("https://demoqa.com/"): Navigate to 'https://demoqa.com/' successfully

2022-11-30 09:47:53 - [MESSAGE][PASSED] - Navigate to 'https://demoqa.com/' successfully

2022-11-30 09:47:53 - [TEST_STEP][PASSED] - maximizeWindow(): Current window maximized

2022-11-30 09:47:53 - [MESSAGE][PASSED] - Current window maximized

2022-11-30 09:47:53 - [TEST_STEP][PASSED] - waitForPageLoad(10): Wait for page load successfully

2022-11-30 09:47:53 - [MESSAGE][PASSED] - Wait for page load successfully

2022-11-30 09:47:53 - [TEST_STEP][PASSED] - Existe = waitForElementVisible(findTestObject("Condicionales/titulo1"), 5): Web element with id: 'Object Repository/Condicionales/titulo1' located by '//div[@class='main-header'][contains(.,'Radio Button')]' not found

2022-11-30 09:48:00 - [MESSAGE][INFO] - Unable to find the element located by 'By.xpath: //div[@class='main-header'][contains(.,'Radio Button')]'. Please recheck the objects properties to make sure the desired element is located. 

2022-11-30 09:48:00 - [MESSAGE][WARNING] - [SELF-HEALING] Failed to find element with id 'Object Repository/Condicionales/titulo1'. Try using Self-healing.

2022-11-30 09:48:01 - [MESSAGE][INFO] - [SELF-HEALING] No working XPath is found.

2022-11-30 09:48:02 - [MESSAGE][INFO] - Unable to find the element located by 'By.xpath: '. Please recheck the objects properties to make sure the desired element is located. 

2022-11-30 09:48:02 - [MESSAGE][WARNING] - [SELF-HEALING] Cannot find elements when the selector is null

2022-11-30 09:48:02 - [MESSAGE][WARNING] - Web element with id: 'Object Repository/Condicionales/titulo1' located by '//div[@class='main-header'][contains(.,'Radio Button')]' not found

2022-11-30 09:48:02 - [TEST_STEP][PASSED] - if (Existe == true): null

2022-11-30 09:48:02 - [TEST_STEP][PASSED] - else: Browser is closed

2022-11-30 09:48:02 - [TEST_STEP][PASSED] - print("No estas en la página correcta"): null

2022-11-30 09:48:02 - [TEST_STEP][PASSED] - closeBrowser(): Browser is closed

2022-11-30 09:48:03 - [MESSAGE][PASSED] - Browser is closed]]></system-out>
         <system-err><![CDATA[]]></system-err>
      </testcase>
      <testcase name="Test Cases/BUCLES/Reto_For" time="27.694" classname="Test Cases/BUCLES/Reto_For" status="PASSED">
         <system-out><![CDATA[2022-11-30 09:48:03 - [TEST_CASE][PASSED] - Test Cases/BUCLES/Reto_For: Test Cases/BUCLES/Reto_For

2022-11-30 09:48:03 - [TEST_STEP][PASSED] - openBrowser(""): Browser is opened with url: ''

2022-11-30 09:48:03 - [MESSAGE][INFO] - Starting 'Chrome' driver

2022-11-30 09:48:03 - [MESSAGE][INFO] - Action delay is set to 0 milliseconds

2022-11-30 09:48:04 - [MESSAGE][PASSED] - Browser is opened with url: ''

2022-11-30 09:48:04 - [TEST_STEP][PASSED] - navigateToUrl("https://demoqa.com/text-box"): Navigate to 'https://demoqa.com/text-box' successfully

2022-11-30 09:48:12 - [MESSAGE][PASSED] - Navigate to 'https://demoqa.com/text-box' successfully

2022-11-30 09:48:12 - [TEST_STEP][PASSED] - maximizeWindow(): Current window maximized

2022-11-30 09:48:12 - [MESSAGE][PASSED] - Current window maximized

2022-11-30 09:48:12 - [TEST_STEP][PASSED] - waitForPageLoad(5): Wait for page load successfully

2022-11-30 09:48:12 - [MESSAGE][PASSED] - Wait for page load successfully

2022-11-30 09:48:12 - [TEST_STEP][PASSED] - for ([x = 1, x <= 4, (x++)]): Browser is scrolled to position x = 0, y = 100

2022-11-30 09:48:12 - [TEST_STEP][PASSED] - z = ["Carlos", "Erika", "Paco", "Rodrigo", "Juan"]: null

2022-11-30 09:48:12 - [TEST_STEP][PASSED] - rn = new java.util.Random(): null

2022-11-30 09:48:12 - [TEST_STEP][PASSED] - tx_nombre = z[rn.nextInt(size)]: null

2022-11-30 09:48:12 - [TEST_STEP][PASSED] - setText(findTestObject("Object Repository/Reto_for/Page_ToolsQA/input_Full Name_userName"), tx_nombre): Text 'Rodrigo' is set on object 'Object Repository/Reto_for/Page_ToolsQA/input_Full Name_userName'

2022-11-30 09:48:14 - [MESSAGE][PASSED] - Text 'Rodrigo' is set on object 'Object Repository/Reto_for/Page_ToolsQA/input_Full Name_userName'

2022-11-30 09:48:14 - [TEST_STEP][PASSED] - setText(findTestObject("Object Repository/Reto_for/Page_ToolsQA/input_Email_userEmail"), tx_nombre + "@gmail.com"): Text 'Rodrigo@gmail.com' is set on object 'Object Repository/Reto_for/Page_ToolsQA/input_Email_userEmail'

2022-11-30 09:48:15 - [MESSAGE][PASSED] - Text 'Rodrigo@gmail.com' is set on object 'Object Repository/Reto_for/Page_ToolsQA/input_Email_userEmail'

2022-11-30 09:48:15 - [TEST_STEP][PASSED] - setText(findTestObject("Object Repository/Reto_for/Page_ToolsQA/textarea_Current Address_currentAddress"), "Dirección#" + x): Text 'Dirección#1' is set on object 'Object Repository/Reto_for/Page_ToolsQA/textarea_Current Address_currentAddress'

2022-11-30 09:48:16 - [MESSAGE][PASSED] - Text 'Dirección#1' is set on object 'Object Repository/Reto_for/Page_ToolsQA/textarea_Current Address_currentAddress'

2022-11-30 09:48:16 - [TEST_STEP][PASSED] - setText(findTestObject("Object Repository/Reto_for/Page_ToolsQA/textarea_Permanent Address_permanentAddress"), "Dirección dos#" + x): Text 'Dirección dos#1' is set on object 'Object Repository/Reto_for/Page_ToolsQA/textarea_Permanent Address_permanentAddress'

2022-11-30 09:48:17 - [MESSAGE][PASSED] - Text 'Dirección dos#1' is set on object 'Object Repository/Reto_for/Page_ToolsQA/textarea_Permanent Address_permanentAddress'

2022-11-30 09:48:17 - [TEST_STEP][PASSED] - scrollToPosition(0, 500): Browser is scrolled to position x = 0, y = 500

2022-11-30 09:48:17 - [MESSAGE][PASSED] - Browser is scrolled to position x = 0, y = 500

2022-11-30 09:48:17 - [TEST_STEP][PASSED] - click(findTestObject("Object Repository/Reto_for/Page_ToolsQA/button_Submit")): Object: 'Object Repository/Reto_for/Page_ToolsQA/button_Submit' is clicked on

2022-11-30 09:48:17 - [MESSAGE][PASSED] - Object: 'Object Repository/Reto_for/Page_ToolsQA/button_Submit' is clicked on

2022-11-30 09:48:17 - [TEST_STEP][PASSED] - scrollToPosition(0, 100): Browser is scrolled to position x = 0, y = 100

2022-11-30 09:48:17 - [MESSAGE][PASSED] - Browser is scrolled to position x = 0, y = 100

2022-11-30 09:48:17 - [TEST_STEP][PASSED] - z = ["Carlos", "Erika", "Paco", "Rodrigo", "Juan"]: null

2022-11-30 09:48:17 - [TEST_STEP][PASSED] - rn = new java.util.Random(): null

2022-11-30 09:48:17 - [TEST_STEP][PASSED] - tx_nombre = z[rn.nextInt(size)]: null

2022-11-30 09:48:17 - [TEST_STEP][PASSED] - setText(findTestObject("Object Repository/Reto_for/Page_ToolsQA/input_Full Name_userName"), tx_nombre): Text 'Carlos' is set on object 'Object Repository/Reto_for/Page_ToolsQA/input_Full Name_userName'

2022-11-30 09:48:18 - [MESSAGE][PASSED] - Text 'Carlos' is set on object 'Object Repository/Reto_for/Page_ToolsQA/input_Full Name_userName'

2022-11-30 09:48:18 - [TEST_STEP][PASSED] - setText(findTestObject("Object Repository/Reto_for/Page_ToolsQA/input_Email_userEmail"), tx_nombre + "@gmail.com"): Text 'Carlos@gmail.com' is set on object 'Object Repository/Reto_for/Page_ToolsQA/input_Email_userEmail'

2022-11-30 09:48:19 - [MESSAGE][PASSED] - Text 'Carlos@gmail.com' is set on object 'Object Repository/Reto_for/Page_ToolsQA/input_Email_userEmail'

2022-11-30 09:48:19 - [TEST_STEP][PASSED] - setText(findTestObject("Object Repository/Reto_for/Page_ToolsQA/textarea_Current Address_currentAddress"), "Dirección#" + x): Text 'Dirección#2' is set on object 'Object Repository/Reto_for/Page_ToolsQA/textarea_Current Address_currentAddress'

2022-11-30 09:48:20 - [MESSAGE][PASSED] - Text 'Dirección#2' is set on object 'Object Repository/Reto_for/Page_ToolsQA/textarea_Current Address_currentAddress'

2022-11-30 09:48:20 - [TEST_STEP][PASSED] - setText(findTestObject("Object Repository/Reto_for/Page_ToolsQA/textarea_Permanent Address_permanentAddress"), "Dirección dos#" + x): Text 'Dirección dos#2' is set on object 'Object Repository/Reto_for/Page_ToolsQA/textarea_Permanent Address_permanentAddress'

2022-11-30 09:48:21 - [MESSAGE][PASSED] - Text 'Dirección dos#2' is set on object 'Object Repository/Reto_for/Page_ToolsQA/textarea_Permanent Address_permanentAddress'

2022-11-30 09:48:21 - [TEST_STEP][PASSED] - scrollToPosition(0, 500): Browser is scrolled to position x = 0, y = 500

2022-11-30 09:48:21 - [MESSAGE][PASSED] - Browser is scrolled to position x = 0, y = 500

2022-11-30 09:48:21 - [TEST_STEP][PASSED] - click(findTestObject("Object Repository/Reto_for/Page_ToolsQA/button_Submit")): Object: 'Object Repository/Reto_for/Page_ToolsQA/button_Submit' is clicked on

2022-11-30 09:48:21 - [MESSAGE][PASSED] - Object: 'Object Repository/Reto_for/Page_ToolsQA/button_Submit' is clicked on

2022-11-30 09:48:21 - [TEST_STEP][PASSED] - scrollToPosition(0, 100): Browser is scrolled to position x = 0, y = 100

2022-11-30 09:48:21 - [MESSAGE][PASSED] - Browser is scrolled to position x = 0, y = 100

2022-11-30 09:48:21 - [TEST_STEP][PASSED] - z = ["Carlos", "Erika", "Paco", "Rodrigo", "Juan"]: null

2022-11-30 09:48:21 - [TEST_STEP][PASSED] - rn = new java.util.Random(): null

2022-11-30 09:48:21 - [TEST_STEP][PASSED] - tx_nombre = z[rn.nextInt(size)]: null

2022-11-30 09:48:21 - [TEST_STEP][PASSED] - setText(findTestObject("Object Repository/Reto_for/Page_ToolsQA/input_Full Name_userName"), tx_nombre): Text 'Carlos' is set on object 'Object Repository/Reto_for/Page_ToolsQA/input_Full Name_userName'

2022-11-30 09:48:22 - [MESSAGE][PASSED] - Text 'Carlos' is set on object 'Object Repository/Reto_for/Page_ToolsQA/input_Full Name_userName'

2022-11-30 09:48:22 - [TEST_STEP][PASSED] - setText(findTestObject("Object Repository/Reto_for/Page_ToolsQA/input_Email_userEmail"), tx_nombre + "@gmail.com"): Text 'Carlos@gmail.com' is set on object 'Object Repository/Reto_for/Page_ToolsQA/input_Email_userEmail'

2022-11-30 09:48:23 - [MESSAGE][PASSED] - Text 'Carlos@gmail.com' is set on object 'Object Repository/Reto_for/Page_ToolsQA/input_Email_userEmail'

2022-11-30 09:48:23 - [TEST_STEP][PASSED] - setText(findTestObject("Object Repository/Reto_for/Page_ToolsQA/textarea_Current Address_currentAddress"), "Dirección#" + x): Text 'Dirección#3' is set on object 'Object Repository/Reto_for/Page_ToolsQA/textarea_Current Address_currentAddress'

2022-11-30 09:48:24 - [MESSAGE][PASSED] - Text 'Dirección#3' is set on object 'Object Repository/Reto_for/Page_ToolsQA/textarea_Current Address_currentAddress'

2022-11-30 09:48:24 - [TEST_STEP][PASSED] - setText(findTestObject("Object Repository/Reto_for/Page_ToolsQA/textarea_Permanent Address_permanentAddress"), "Dirección dos#" + x): Text 'Dirección dos#3' is set on object 'Object Repository/Reto_for/Page_ToolsQA/textarea_Permanent Address_permanentAddress'

2022-11-30 09:48:25 - [MESSAGE][PASSED] - Text 'Dirección dos#3' is set on object 'Object Repository/Reto_for/Page_ToolsQA/textarea_Permanent Address_permanentAddress'

2022-11-30 09:48:25 - [TEST_STEP][PASSED] - scrollToPosition(0, 500): Browser is scrolled to position x = 0, y = 500

2022-11-30 09:48:25 - [MESSAGE][PASSED] - Browser is scrolled to position x = 0, y = 500

2022-11-30 09:48:25 - [TEST_STEP][PASSED] - click(findTestObject("Object Repository/Reto_for/Page_ToolsQA/button_Submit")): Object: 'Object Repository/Reto_for/Page_ToolsQA/button_Submit' is clicked on

2022-11-30 09:48:25 - [MESSAGE][PASSED] - Object: 'Object Repository/Reto_for/Page_ToolsQA/button_Submit' is clicked on

2022-11-30 09:48:25 - [TEST_STEP][PASSED] - scrollToPosition(0, 100): Browser is scrolled to position x = 0, y = 100

2022-11-30 09:48:25 - [MESSAGE][PASSED] - Browser is scrolled to position x = 0, y = 100

2022-11-30 09:48:25 - [TEST_STEP][PASSED] - z = ["Carlos", "Erika", "Paco", "Rodrigo", "Juan"]: null

2022-11-30 09:48:25 - [TEST_STEP][PASSED] - rn = new java.util.Random(): null

2022-11-30 09:48:25 - [TEST_STEP][PASSED] - tx_nombre = z[rn.nextInt(size)]: null

2022-11-30 09:48:25 - [TEST_STEP][PASSED] - setText(findTestObject("Object Repository/Reto_for/Page_ToolsQA/input_Full Name_userName"), tx_nombre): Text 'Paco' is set on object 'Object Repository/Reto_for/Page_ToolsQA/input_Full Name_userName'

2022-11-30 09:48:26 - [MESSAGE][PASSED] - Text 'Paco' is set on object 'Object Repository/Reto_for/Page_ToolsQA/input_Full Name_userName'

2022-11-30 09:48:26 - [TEST_STEP][PASSED] - setText(findTestObject("Object Repository/Reto_for/Page_ToolsQA/input_Email_userEmail"), tx_nombre + "@gmail.com"): Text 'Paco@gmail.com' is set on object 'Object Repository/Reto_for/Page_ToolsQA/input_Email_userEmail'

2022-11-30 09:48:27 - [MESSAGE][PASSED] - Text 'Paco@gmail.com' is set on object 'Object Repository/Reto_for/Page_ToolsQA/input_Email_userEmail'

2022-11-30 09:48:27 - [TEST_STEP][PASSED] - setText(findTestObject("Object Repository/Reto_for/Page_ToolsQA/textarea_Current Address_currentAddress"), "Dirección#" + x): Text 'Dirección#4' is set on object 'Object Repository/Reto_for/Page_ToolsQA/textarea_Current Address_currentAddress'

2022-11-30 09:48:28 - [MESSAGE][PASSED] - Text 'Dirección#4' is set on object 'Object Repository/Reto_for/Page_ToolsQA/textarea_Current Address_currentAddress'

2022-11-30 09:48:28 - [TEST_STEP][PASSED] - setText(findTestObject("Object Repository/Reto_for/Page_ToolsQA/textarea_Permanent Address_permanentAddress"), "Dirección dos#" + x): Text 'Dirección dos#4' is set on object 'Object Repository/Reto_for/Page_ToolsQA/textarea_Permanent Address_permanentAddress'

2022-11-30 09:48:29 - [MESSAGE][PASSED] - Text 'Dirección dos#4' is set on object 'Object Repository/Reto_for/Page_ToolsQA/textarea_Permanent Address_permanentAddress'

2022-11-30 09:48:29 - [TEST_STEP][PASSED] - scrollToPosition(0, 500): Browser is scrolled to position x = 0, y = 500

2022-11-30 09:48:29 - [MESSAGE][PASSED] - Browser is scrolled to position x = 0, y = 500

2022-11-30 09:48:29 - [TEST_STEP][PASSED] - click(findTestObject("Object Repository/Reto_for/Page_ToolsQA/button_Submit")): Object: 'Object Repository/Reto_for/Page_ToolsQA/button_Submit' is clicked on

2022-11-30 09:48:29 - [MESSAGE][PASSED] - Object: 'Object Repository/Reto_for/Page_ToolsQA/button_Submit' is clicked on

2022-11-30 09:48:29 - [TEST_STEP][PASSED] - scrollToPosition(0, 100): Browser is scrolled to position x = 0, y = 100

2022-11-30 09:48:30 - [MESSAGE][PASSED] - Browser is scrolled to position x = 0, y = 100

2022-11-30 09:48:30 - [TEST_STEP][PASSED] - closeBrowser(): Browser is closed

2022-11-30 09:48:30 - [MESSAGE][PASSED] - Browser is closed]]></system-out>
         <system-err><![CDATA[]]></system-err>
      </testcase>
      <testcase name="Test Cases/BUCLES/Reto_while" time="105.93" classname="Test Cases/BUCLES/Reto_while" status="PASSED">
         <system-out><![CDATA[2022-11-30 09:48:30 - [TEST_CASE][PASSED] - Test Cases/BUCLES/Reto_while: Test Cases/BUCLES/Reto_while

2022-11-30 09:48:30 - [TEST_STEP][PASSED] - openBrowser(""): Browser is opened with url: ''

2022-11-30 09:48:30 - [MESSAGE][INFO] - Starting 'Chrome' driver

2022-11-30 09:48:30 - [MESSAGE][INFO] - Action delay is set to 0 milliseconds

2022-11-30 09:48:32 - [MESSAGE][PASSED] - Browser is opened with url: ''

2022-11-30 09:48:32 - [TEST_STEP][PASSED] - navigateToUrl("https://www.google.com/"): Navigate to 'https://www.google.com/' successfully

2022-11-30 09:48:33 - [MESSAGE][PASSED] - Navigate to 'https://www.google.com/' successfully

2022-11-30 09:48:33 - [TEST_STEP][PASSED] - Bandera = 0: null

2022-11-30 09:48:33 - [TEST_STEP][PASSED] - while (Bandera != 1): null

2022-11-30 09:48:33 - [TEST_STEP][PASSED] - num = Math.random() * 5 - 1 + 1: null

2022-11-30 09:48:33 - [TEST_STEP][PASSED] - setText(findTestObject("Object Repository/While_google/Page_Google/input__q"), "5+" + num): Text '5+2' is set on object 'Object Repository/While_google/Page_Google/input__q'

2022-11-30 09:48:34 - [MESSAGE][PASSED] - Text '5+2' is set on object 'Object Repository/While_google/Page_Google/input__q'

2022-11-30 09:48:34 - [TEST_STEP][PASSED] - sendKeys(findTestObject("Object Repository/While_google/Page_Google/input__q"), Keys.chord(ENTER)): Keys 'ENTER + ' sent to object: 'Object Repository/While_google/Page_Google/input__q'

2022-11-30 09:48:41 - [MESSAGE][PASSED] - Keys 'ENTER + ' sent to object: 'Object Repository/While_google/Page_Google/input__q'

2022-11-30 09:48:41 - [TEST_STEP][PASSED] - Resultado = getText(findTestObject("While_google/Extras/Resultado_10")): Text of object 'Object Repository/While_google/Extras/Resultado_10' is: '7'

2022-11-30 09:48:41 - [MESSAGE][PASSED] - Text of object 'Object Repository/While_google/Extras/Resultado_10' is: '7'

2022-11-30 09:48:41 - [TEST_STEP][PASSED] - if (Resultado == "8"): null

2022-11-30 09:48:41 - [TEST_STEP][PASSED] - else: null

2022-11-30 09:48:41 - [TEST_STEP][PASSED] - Bandera = 0: null

2022-11-30 09:48:41 - [TEST_STEP][PASSED] - print(Bandera + "------"): null

2022-11-30 09:48:41 - [TEST_STEP][PASSED] - num = Math.random() * 5 - 1 + 1: null

2022-11-30 09:48:41 - [TEST_STEP][PASSED] - setText(findTestObject("Object Repository/While_google/Page_Google/input__q"), "5+" + num): Text '5+4' is set on object 'Object Repository/While_google/Page_Google/input__q'

2022-11-30 09:48:42 - [MESSAGE][PASSED] - Text '5+4' is set on object 'Object Repository/While_google/Page_Google/input__q'

2022-11-30 09:48:42 - [TEST_STEP][PASSED] - sendKeys(findTestObject("Object Repository/While_google/Page_Google/input__q"), Keys.chord(ENTER)): Keys 'ENTER + ' sent to object: 'Object Repository/While_google/Page_Google/input__q'

2022-11-30 09:48:46 - [MESSAGE][PASSED] - Keys 'ENTER + ' sent to object: 'Object Repository/While_google/Page_Google/input__q'

2022-11-30 09:48:46 - [TEST_STEP][PASSED] - Resultado = getText(findTestObject("While_google/Extras/Resultado_10")): Text of object 'Object Repository/While_google/Extras/Resultado_10' is: '9'

2022-11-30 09:48:46 - [MESSAGE][PASSED] - Text of object 'Object Repository/While_google/Extras/Resultado_10' is: '9'

2022-11-30 09:48:46 - [TEST_STEP][PASSED] - if (Resultado == "8"): null

2022-11-30 09:48:46 - [TEST_STEP][PASSED] - else: null

2022-11-30 09:48:46 - [TEST_STEP][PASSED] - Bandera = 0: null

2022-11-30 09:48:46 - [TEST_STEP][PASSED] - print(Bandera + "------"): null

2022-11-30 09:48:46 - [TEST_STEP][PASSED] - num = Math.random() * 5 - 1 + 1: null

2022-11-30 09:48:46 - [TEST_STEP][PASSED] - setText(findTestObject("Object Repository/While_google/Page_Google/input__q"), "5+" + num): Text '5+1' is set on object 'Object Repository/While_google/Page_Google/input__q'

2022-11-30 09:48:47 - [MESSAGE][PASSED] - Text '5+1' is set on object 'Object Repository/While_google/Page_Google/input__q'

2022-11-30 09:48:47 - [TEST_STEP][PASSED] - sendKeys(findTestObject("Object Repository/While_google/Page_Google/input__q"), Keys.chord(ENTER)): Keys 'ENTER + ' sent to object: 'Object Repository/While_google/Page_Google/input__q'

2022-11-30 09:48:49 - [MESSAGE][PASSED] - Keys 'ENTER + ' sent to object: 'Object Repository/While_google/Page_Google/input__q'

2022-11-30 09:48:49 - [TEST_STEP][PASSED] - Resultado = getText(findTestObject("While_google/Extras/Resultado_10")): Text of object 'Object Repository/While_google/Extras/Resultado_10' is: '6'

2022-11-30 09:48:51 - [MESSAGE][PASSED] - Text of object 'Object Repository/While_google/Extras/Resultado_10' is: '6'

2022-11-30 09:48:51 - [TEST_STEP][PASSED] - if (Resultado == "8"): null

2022-11-30 09:48:51 - [TEST_STEP][PASSED] - else: null

2022-11-30 09:48:51 - [TEST_STEP][PASSED] - Bandera = 0: null

2022-11-30 09:48:51 - [TEST_STEP][PASSED] - print(Bandera + "------"): null

2022-11-30 09:48:51 - [TEST_STEP][PASSED] - num = Math.random() * 5 - 1 + 1: null

2022-11-30 09:48:51 - [TEST_STEP][PASSED] - setText(findTestObject("Object Repository/While_google/Page_Google/input__q"), "5+" + num): Text '5+2' is set on object 'Object Repository/While_google/Page_Google/input__q'

2022-11-30 09:48:52 - [MESSAGE][PASSED] - Text '5+2' is set on object 'Object Repository/While_google/Page_Google/input__q'

2022-11-30 09:48:52 - [TEST_STEP][PASSED] - sendKeys(findTestObject("Object Repository/While_google/Page_Google/input__q"), Keys.chord(ENTER)): Keys 'ENTER + ' sent to object: 'Object Repository/While_google/Page_Google/input__q'

2022-11-30 09:48:54 - [MESSAGE][PASSED] - Keys 'ENTER + ' sent to object: 'Object Repository/While_google/Page_Google/input__q'

2022-11-30 09:48:54 - [TEST_STEP][PASSED] - Resultado = getText(findTestObject("While_google/Extras/Resultado_10")): Text of object 'Object Repository/While_google/Extras/Resultado_10' is: '7'

2022-11-30 09:48:56 - [MESSAGE][PASSED] - Text of object 'Object Repository/While_google/Extras/Resultado_10' is: '7'

2022-11-30 09:48:56 - [TEST_STEP][PASSED] - if (Resultado == "8"): null

2022-11-30 09:48:56 - [TEST_STEP][PASSED] - else: null

2022-11-30 09:48:56 - [TEST_STEP][PASSED] - Bandera = 0: null

2022-11-30 09:48:56 - [TEST_STEP][PASSED] - print(Bandera + "------"): null

2022-11-30 09:48:56 - [TEST_STEP][PASSED] - num = Math.random() * 5 - 1 + 1: null

2022-11-30 09:48:56 - [TEST_STEP][PASSED] - setText(findTestObject("Object Repository/While_google/Page_Google/input__q"), "5+" + num): Text '5+2' is set on object 'Object Repository/While_google/Page_Google/input__q'

2022-11-30 09:48:57 - [MESSAGE][PASSED] - Text '5+2' is set on object 'Object Repository/While_google/Page_Google/input__q'

2022-11-30 09:48:57 - [TEST_STEP][PASSED] - sendKeys(findTestObject("Object Repository/While_google/Page_Google/input__q"), Keys.chord(ENTER)): Keys 'ENTER + ' sent to object: 'Object Repository/While_google/Page_Google/input__q'

2022-11-30 09:48:59 - [MESSAGE][PASSED] - Keys 'ENTER + ' sent to object: 'Object Repository/While_google/Page_Google/input__q'

2022-11-30 09:48:59 - [TEST_STEP][PASSED] - Resultado = getText(findTestObject("While_google/Extras/Resultado_10")): Text of object 'Object Repository/While_google/Extras/Resultado_10' is: '7'

2022-11-30 09:49:00 - [MESSAGE][PASSED] - Text of object 'Object Repository/While_google/Extras/Resultado_10' is: '7'

2022-11-30 09:49:00 - [TEST_STEP][PASSED] - if (Resultado == "8"): null

2022-11-30 09:49:00 - [TEST_STEP][PASSED] - else: null

2022-11-30 09:49:00 - [TEST_STEP][PASSED] - Bandera = 0: null

2022-11-30 09:49:00 - [TEST_STEP][PASSED] - print(Bandera + "------"): null

2022-11-30 09:49:00 - [TEST_STEP][PASSED] - num = Math.random() * 5 - 1 + 1: null

2022-11-30 09:49:00 - [TEST_STEP][PASSED] - setText(findTestObject("Object Repository/While_google/Page_Google/input__q"), "5+" + num): Text '5+2' is set on object 'Object Repository/While_google/Page_Google/input__q'

2022-11-30 09:49:02 - [MESSAGE][PASSED] - Text '5+2' is set on object 'Object Repository/While_google/Page_Google/input__q'

2022-11-30 09:49:02 - [TEST_STEP][PASSED] - sendKeys(findTestObject("Object Repository/While_google/Page_Google/input__q"), Keys.chord(ENTER)): Keys 'ENTER + ' sent to object: 'Object Repository/While_google/Page_Google/input__q'

2022-11-30 09:49:03 - [MESSAGE][PASSED] - Keys 'ENTER + ' sent to object: 'Object Repository/While_google/Page_Google/input__q'

2022-11-30 09:49:03 - [TEST_STEP][PASSED] - Resultado = getText(findTestObject("While_google/Extras/Resultado_10")): Text of object 'Object Repository/While_google/Extras/Resultado_10' is: '7'

2022-11-30 09:49:04 - [MESSAGE][PASSED] - Text of object 'Object Repository/While_google/Extras/Resultado_10' is: '7'

2022-11-30 09:49:04 - [TEST_STEP][PASSED] - if (Resultado == "8"): null

2022-11-30 09:49:04 - [TEST_STEP][PASSED] - else: null

2022-11-30 09:49:04 - [TEST_STEP][PASSED] - Bandera = 0: null

2022-11-30 09:49:04 - [TEST_STEP][PASSED] - print(Bandera + "------"): null

2022-11-30 09:49:04 - [TEST_STEP][PASSED] - num = Math.random() * 5 - 1 + 1: null

2022-11-30 09:49:04 - [TEST_STEP][PASSED] - setText(findTestObject("Object Repository/While_google/Page_Google/input__q"), "5+" + num): Text '5+4' is set on object 'Object Repository/While_google/Page_Google/input__q'

2022-11-30 09:49:06 - [MESSAGE][PASSED] - Text '5+4' is set on object 'Object Repository/While_google/Page_Google/input__q'

2022-11-30 09:49:06 - [TEST_STEP][PASSED] - sendKeys(findTestObject("Object Repository/While_google/Page_Google/input__q"), Keys.chord(ENTER)): Keys 'ENTER + ' sent to object: 'Object Repository/While_google/Page_Google/input__q'

2022-11-30 09:49:09 - [MESSAGE][PASSED] - Keys 'ENTER + ' sent to object: 'Object Repository/While_google/Page_Google/input__q'

2022-11-30 09:49:09 - [TEST_STEP][PASSED] - Resultado = getText(findTestObject("While_google/Extras/Resultado_10")): Text of object 'Object Repository/While_google/Extras/Resultado_10' is: '9'

2022-11-30 09:49:10 - [MESSAGE][PASSED] - Text of object 'Object Repository/While_google/Extras/Resultado_10' is: '9'

2022-11-30 09:49:10 - [TEST_STEP][PASSED] - if (Resultado == "8"): null

2022-11-30 09:49:10 - [TEST_STEP][PASSED] - else: null

2022-11-30 09:49:10 - [TEST_STEP][PASSED] - Bandera = 0: null

2022-11-30 09:49:10 - [TEST_STEP][PASSED] - print(Bandera + "------"): null

2022-11-30 09:49:10 - [TEST_STEP][PASSED] - num = Math.random() * 5 - 1 + 1: null

2022-11-30 09:49:10 - [TEST_STEP][PASSED] - setText(findTestObject("Object Repository/While_google/Page_Google/input__q"), "5+" + num): Text '5+1' is set on object 'Object Repository/While_google/Page_Google/input__q'

2022-11-30 09:49:10 - [MESSAGE][PASSED] - Text '5+1' is set on object 'Object Repository/While_google/Page_Google/input__q'

2022-11-30 09:49:10 - [TEST_STEP][PASSED] - sendKeys(findTestObject("Object Repository/While_google/Page_Google/input__q"), Keys.chord(ENTER)): Keys 'ENTER + ' sent to object: 'Object Repository/While_google/Page_Google/input__q'

2022-11-30 09:49:13 - [MESSAGE][PASSED] - Keys 'ENTER + ' sent to object: 'Object Repository/While_google/Page_Google/input__q'

2022-11-30 09:49:13 - [TEST_STEP][PASSED] - Resultado = getText(findTestObject("While_google/Extras/Resultado_10")): Text of object 'Object Repository/While_google/Extras/Resultado_10' is: '6'

2022-11-30 09:49:14 - [MESSAGE][PASSED] - Text of object 'Object Repository/While_google/Extras/Resultado_10' is: '6'

2022-11-30 09:49:14 - [TEST_STEP][PASSED] - if (Resultado == "8"): null

2022-11-30 09:49:14 - [TEST_STEP][PASSED] - else: null

2022-11-30 09:49:14 - [TEST_STEP][PASSED] - Bandera = 0: null

2022-11-30 09:49:14 - [TEST_STEP][PASSED] - print(Bandera + "------"): null

2022-11-30 09:49:14 - [TEST_STEP][PASSED] - num = Math.random() * 5 - 1 + 1: null

2022-11-30 09:49:14 - [TEST_STEP][PASSED] - setText(findTestObject("Object Repository/While_google/Page_Google/input__q"), "5+" + num): Text '5+1' is set on object 'Object Repository/While_google/Page_Google/input__q'

2022-11-30 09:49:15 - [MESSAGE][PASSED] - Text '5+1' is set on object 'Object Repository/While_google/Page_Google/input__q'

2022-11-30 09:49:15 - [TEST_STEP][PASSED] - sendKeys(findTestObject("Object Repository/While_google/Page_Google/input__q"), Keys.chord(ENTER)): Keys 'ENTER + ' sent to object: 'Object Repository/While_google/Page_Google/input__q'

2022-11-30 09:49:17 - [MESSAGE][PASSED] - Keys 'ENTER + ' sent to object: 'Object Repository/While_google/Page_Google/input__q'

2022-11-30 09:49:17 - [TEST_STEP][PASSED] - Resultado = getText(findTestObject("While_google/Extras/Resultado_10")): Text of object 'Object Repository/While_google/Extras/Resultado_10' is: '6'

2022-11-30 09:49:18 - [MESSAGE][PASSED] - Text of object 'Object Repository/While_google/Extras/Resultado_10' is: '6'

2022-11-30 09:49:18 - [TEST_STEP][PASSED] - if (Resultado == "8"): null

2022-11-30 09:49:18 - [TEST_STEP][PASSED] - else: null

2022-11-30 09:49:18 - [TEST_STEP][PASSED] - Bandera = 0: null

2022-11-30 09:49:18 - [TEST_STEP][PASSED] - print(Bandera + "------"): null

2022-11-30 09:49:18 - [TEST_STEP][PASSED] - num = Math.random() * 5 - 1 + 1: null

2022-11-30 09:49:18 - [TEST_STEP][PASSED] - setText(findTestObject("Object Repository/While_google/Page_Google/input__q"), "5+" + num): Text '5+4' is set on object 'Object Repository/While_google/Page_Google/input__q'

2022-11-30 09:49:19 - [MESSAGE][PASSED] - Text '5+4' is set on object 'Object Repository/While_google/Page_Google/input__q'

2022-11-30 09:49:19 - [TEST_STEP][PASSED] - sendKeys(findTestObject("Object Repository/While_google/Page_Google/input__q"), Keys.chord(ENTER)): Keys 'ENTER + ' sent to object: 'Object Repository/While_google/Page_Google/input__q'

2022-11-30 09:49:22 - [MESSAGE][PASSED] - Keys 'ENTER + ' sent to object: 'Object Repository/While_google/Page_Google/input__q'

2022-11-30 09:49:22 - [TEST_STEP][PASSED] - Resultado = getText(findTestObject("While_google/Extras/Resultado_10")): Text of object 'Object Repository/While_google/Extras/Resultado_10' is: '9'

2022-11-30 09:49:22 - [MESSAGE][PASSED] - Text of object 'Object Repository/While_google/Extras/Resultado_10' is: '9'

2022-11-30 09:49:22 - [TEST_STEP][PASSED] - if (Resultado == "8"): null

2022-11-30 09:49:22 - [TEST_STEP][PASSED] - else: null

2022-11-30 09:49:22 - [TEST_STEP][PASSED] - Bandera = 0: null

2022-11-30 09:49:22 - [TEST_STEP][PASSED] - print(Bandera + "------"): null

2022-11-30 09:49:22 - [TEST_STEP][PASSED] - num = Math.random() * 5 - 1 + 1: null

2022-11-30 09:49:22 - [TEST_STEP][PASSED] - setText(findTestObject("Object Repository/While_google/Page_Google/input__q"), "5+" + num): Text '5+4' is set on object 'Object Repository/While_google/Page_Google/input__q'

2022-11-30 09:49:23 - [MESSAGE][PASSED] - Text '5+4' is set on object 'Object Repository/While_google/Page_Google/input__q'

2022-11-30 09:49:23 - [TEST_STEP][PASSED] - sendKeys(findTestObject("Object Repository/While_google/Page_Google/input__q"), Keys.chord(ENTER)): Keys 'ENTER + ' sent to object: 'Object Repository/While_google/Page_Google/input__q'

2022-11-30 09:49:26 - [MESSAGE][PASSED] - Keys 'ENTER + ' sent to object: 'Object Repository/While_google/Page_Google/input__q'

2022-11-30 09:49:26 - [TEST_STEP][PASSED] - Resultado = getText(findTestObject("While_google/Extras/Resultado_10")): Text of object 'Object Repository/While_google/Extras/Resultado_10' is: '9'

2022-11-30 09:49:27 - [MESSAGE][PASSED] - Text of object 'Object Repository/While_google/Extras/Resultado_10' is: '9'

2022-11-30 09:49:27 - [TEST_STEP][PASSED] - if (Resultado == "8"): null

2022-11-30 09:49:27 - [TEST_STEP][PASSED] - else: null

2022-11-30 09:49:27 - [TEST_STEP][PASSED] - Bandera = 0: null

2022-11-30 09:49:27 - [TEST_STEP][PASSED] - print(Bandera + "------"): null

2022-11-30 09:49:27 - [TEST_STEP][PASSED] - num = Math.random() * 5 - 1 + 1: null

2022-11-30 09:49:27 - [TEST_STEP][PASSED] - setText(findTestObject("Object Repository/While_google/Page_Google/input__q"), "5+" + num): Text '5+2' is set on object 'Object Repository/While_google/Page_Google/input__q'

2022-11-30 09:49:28 - [MESSAGE][PASSED] - Text '5+2' is set on object 'Object Repository/While_google/Page_Google/input__q'

2022-11-30 09:49:28 - [TEST_STEP][PASSED] - sendKeys(findTestObject("Object Repository/While_google/Page_Google/input__q"), Keys.chord(ENTER)): Keys 'ENTER + ' sent to object: 'Object Repository/While_google/Page_Google/input__q'

2022-11-30 09:49:30 - [MESSAGE][PASSED] - Keys 'ENTER + ' sent to object: 'Object Repository/While_google/Page_Google/input__q'

2022-11-30 09:49:30 - [TEST_STEP][PASSED] - Resultado = getText(findTestObject("While_google/Extras/Resultado_10")): Text of object 'Object Repository/While_google/Extras/Resultado_10' is: '7'

2022-11-30 09:49:31 - [MESSAGE][PASSED] - Text of object 'Object Repository/While_google/Extras/Resultado_10' is: '7'

2022-11-30 09:49:31 - [TEST_STEP][PASSED] - if (Resultado == "8"): null

2022-11-30 09:49:31 - [TEST_STEP][PASSED] - else: null

2022-11-30 09:49:31 - [TEST_STEP][PASSED] - Bandera = 0: null

2022-11-30 09:49:31 - [TEST_STEP][PASSED] - print(Bandera + "------"): null

2022-11-30 09:49:31 - [TEST_STEP][PASSED] - num = Math.random() * 5 - 1 + 1: null

2022-11-30 09:49:31 - [TEST_STEP][PASSED] - setText(findTestObject("Object Repository/While_google/Page_Google/input__q"), "5+" + num): Text '5+1' is set on object 'Object Repository/While_google/Page_Google/input__q'

2022-11-30 09:49:32 - [MESSAGE][PASSED] - Text '5+1' is set on object 'Object Repository/While_google/Page_Google/input__q'

2022-11-30 09:49:32 - [TEST_STEP][PASSED] - sendKeys(findTestObject("Object Repository/While_google/Page_Google/input__q"), Keys.chord(ENTER)): Keys 'ENTER + ' sent to object: 'Object Repository/While_google/Page_Google/input__q'

2022-11-30 09:49:36 - [MESSAGE][PASSED] - Keys 'ENTER + ' sent to object: 'Object Repository/While_google/Page_Google/input__q'

2022-11-30 09:49:36 - [TEST_STEP][PASSED] - Resultado = getText(findTestObject("While_google/Extras/Resultado_10")): Text of object 'Object Repository/While_google/Extras/Resultado_10' is: '6'

2022-11-30 09:49:36 - [MESSAGE][PASSED] - Text of object 'Object Repository/While_google/Extras/Resultado_10' is: '6'

2022-11-30 09:49:36 - [TEST_STEP][PASSED] - if (Resultado == "8"): null

2022-11-30 09:49:36 - [TEST_STEP][PASSED] - else: null

2022-11-30 09:49:36 - [TEST_STEP][PASSED] - Bandera = 0: null

2022-11-30 09:49:36 - [TEST_STEP][PASSED] - print(Bandera + "------"): null

2022-11-30 09:49:36 - [TEST_STEP][PASSED] - num = Math.random() * 5 - 1 + 1: null

2022-11-30 09:49:36 - [TEST_STEP][PASSED] - setText(findTestObject("Object Repository/While_google/Page_Google/input__q"), "5+" + num): Text '5+2' is set on object 'Object Repository/While_google/Page_Google/input__q'

2022-11-30 09:49:37 - [MESSAGE][PASSED] - Text '5+2' is set on object 'Object Repository/While_google/Page_Google/input__q'

2022-11-30 09:49:37 - [TEST_STEP][PASSED] - sendKeys(findTestObject("Object Repository/While_google/Page_Google/input__q"), Keys.chord(ENTER)): Keys 'ENTER + ' sent to object: 'Object Repository/While_google/Page_Google/input__q'

2022-11-30 09:49:40 - [MESSAGE][PASSED] - Keys 'ENTER + ' sent to object: 'Object Repository/While_google/Page_Google/input__q'

2022-11-30 09:49:40 - [TEST_STEP][PASSED] - Resultado = getText(findTestObject("While_google/Extras/Resultado_10")): Text of object 'Object Repository/While_google/Extras/Resultado_10' is: '7'

2022-11-30 09:49:42 - [MESSAGE][PASSED] - Text of object 'Object Repository/While_google/Extras/Resultado_10' is: '7'

2022-11-30 09:49:42 - [TEST_STEP][PASSED] - if (Resultado == "8"): null

2022-11-30 09:49:42 - [TEST_STEP][PASSED] - else: null

2022-11-30 09:49:42 - [TEST_STEP][PASSED] - Bandera = 0: null

2022-11-30 09:49:42 - [TEST_STEP][PASSED] - print(Bandera + "------"): null

2022-11-30 09:49:42 - [TEST_STEP][PASSED] - num = Math.random() * 5 - 1 + 1: null

2022-11-30 09:49:42 - [TEST_STEP][PASSED] - setText(findTestObject("Object Repository/While_google/Page_Google/input__q"), "5+" + num): Text '5+4' is set on object 'Object Repository/While_google/Page_Google/input__q'

2022-11-30 09:49:43 - [MESSAGE][PASSED] - Text '5+4' is set on object 'Object Repository/While_google/Page_Google/input__q'

2022-11-30 09:49:43 - [TEST_STEP][PASSED] - sendKeys(findTestObject("Object Repository/While_google/Page_Google/input__q"), Keys.chord(ENTER)): Keys 'ENTER + ' sent to object: 'Object Repository/While_google/Page_Google/input__q'

2022-11-30 09:49:45 - [MESSAGE][PASSED] - Keys 'ENTER + ' sent to object: 'Object Repository/While_google/Page_Google/input__q'

2022-11-30 09:49:45 - [TEST_STEP][PASSED] - Resultado = getText(findTestObject("While_google/Extras/Resultado_10")): Text of object 'Object Repository/While_google/Extras/Resultado_10' is: '9'

2022-11-30 09:49:46 - [MESSAGE][PASSED] - Text of object 'Object Repository/While_google/Extras/Resultado_10' is: '9'

2022-11-30 09:49:46 - [TEST_STEP][PASSED] - if (Resultado == "8"): null

2022-11-30 09:49:46 - [TEST_STEP][PASSED] - else: null

2022-11-30 09:49:46 - [TEST_STEP][PASSED] - Bandera = 0: null

2022-11-30 09:49:46 - [TEST_STEP][PASSED] - print(Bandera + "------"): null

2022-11-30 09:49:46 - [TEST_STEP][PASSED] - num = Math.random() * 5 - 1 + 1: null

2022-11-30 09:49:46 - [TEST_STEP][PASSED] - setText(findTestObject("Object Repository/While_google/Page_Google/input__q"), "5+" + num): Text '5+1' is set on object 'Object Repository/While_google/Page_Google/input__q'

2022-11-30 09:49:47 - [MESSAGE][PASSED] - Text '5+1' is set on object 'Object Repository/While_google/Page_Google/input__q'

2022-11-30 09:49:47 - [TEST_STEP][PASSED] - sendKeys(findTestObject("Object Repository/While_google/Page_Google/input__q"), Keys.chord(ENTER)): Keys 'ENTER + ' sent to object: 'Object Repository/While_google/Page_Google/input__q'

2022-11-30 09:49:50 - [MESSAGE][PASSED] - Keys 'ENTER + ' sent to object: 'Object Repository/While_google/Page_Google/input__q'

2022-11-30 09:49:50 - [TEST_STEP][PASSED] - Resultado = getText(findTestObject("While_google/Extras/Resultado_10")): Text of object 'Object Repository/While_google/Extras/Resultado_10' is: '6'

2022-11-30 09:49:50 - [MESSAGE][PASSED] - Text of object 'Object Repository/While_google/Extras/Resultado_10' is: '6'

2022-11-30 09:49:50 - [TEST_STEP][PASSED] - if (Resultado == "8"): null

2022-11-30 09:49:50 - [TEST_STEP][PASSED] - else: null

2022-11-30 09:49:50 - [TEST_STEP][PASSED] - Bandera = 0: null

2022-11-30 09:49:50 - [TEST_STEP][PASSED] - print(Bandera + "------"): null

2022-11-30 09:49:50 - [TEST_STEP][PASSED] - num = Math.random() * 5 - 1 + 1: null

2022-11-30 09:49:50 - [TEST_STEP][PASSED] - setText(findTestObject("Object Repository/While_google/Page_Google/input__q"), "5+" + num): Text '5+2' is set on object 'Object Repository/While_google/Page_Google/input__q'

2022-11-30 09:49:51 - [MESSAGE][PASSED] - Text '5+2' is set on object 'Object Repository/While_google/Page_Google/input__q'

2022-11-30 09:49:51 - [TEST_STEP][PASSED] - sendKeys(findTestObject("Object Repository/While_google/Page_Google/input__q"), Keys.chord(ENTER)): Keys 'ENTER + ' sent to object: 'Object Repository/While_google/Page_Google/input__q'

2022-11-30 09:49:54 - [MESSAGE][PASSED] - Keys 'ENTER + ' sent to object: 'Object Repository/While_google/Page_Google/input__q'

2022-11-30 09:49:54 - [TEST_STEP][PASSED] - Resultado = getText(findTestObject("While_google/Extras/Resultado_10")): Text of object 'Object Repository/While_google/Extras/Resultado_10' is: '7'

2022-11-30 09:49:55 - [MESSAGE][PASSED] - Text of object 'Object Repository/While_google/Extras/Resultado_10' is: '7'

2022-11-30 09:49:55 - [TEST_STEP][PASSED] - if (Resultado == "8"): null

2022-11-30 09:49:55 - [TEST_STEP][PASSED] - else: null

2022-11-30 09:49:55 - [TEST_STEP][PASSED] - Bandera = 0: null

2022-11-30 09:49:55 - [TEST_STEP][PASSED] - print(Bandera + "------"): null

2022-11-30 09:49:55 - [TEST_STEP][PASSED] - num = Math.random() * 5 - 1 + 1: null

2022-11-30 09:49:55 - [TEST_STEP][PASSED] - setText(findTestObject("Object Repository/While_google/Page_Google/input__q"), "5+" + num): Text '5+4' is set on object 'Object Repository/While_google/Page_Google/input__q'

2022-11-30 09:49:56 - [MESSAGE][PASSED] - Text '5+4' is set on object 'Object Repository/While_google/Page_Google/input__q'

2022-11-30 09:49:56 - [TEST_STEP][PASSED] - sendKeys(findTestObject("Object Repository/While_google/Page_Google/input__q"), Keys.chord(ENTER)): Keys 'ENTER + ' sent to object: 'Object Repository/While_google/Page_Google/input__q'

2022-11-30 09:49:59 - [MESSAGE][PASSED] - Keys 'ENTER + ' sent to object: 'Object Repository/While_google/Page_Google/input__q'

2022-11-30 09:49:59 - [TEST_STEP][PASSED] - Resultado = getText(findTestObject("While_google/Extras/Resultado_10")): Text of object 'Object Repository/While_google/Extras/Resultado_10' is: '9'

2022-11-30 09:50:00 - [MESSAGE][PASSED] - Text of object 'Object Repository/While_google/Extras/Resultado_10' is: '9'

2022-11-30 09:50:00 - [TEST_STEP][PASSED] - if (Resultado == "8"): null

2022-11-30 09:50:00 - [TEST_STEP][PASSED] - else: null

2022-11-30 09:50:00 - [TEST_STEP][PASSED] - Bandera = 0: null

2022-11-30 09:50:00 - [TEST_STEP][PASSED] - print(Bandera + "------"): null

2022-11-30 09:50:00 - [TEST_STEP][PASSED] - num = Math.random() * 5 - 1 + 1: null

2022-11-30 09:50:00 - [TEST_STEP][PASSED] - setText(findTestObject("Object Repository/While_google/Page_Google/input__q"), "5+" + num): Text '5+1' is set on object 'Object Repository/While_google/Page_Google/input__q'

2022-11-30 09:50:01 - [MESSAGE][PASSED] - Text '5+1' is set on object 'Object Repository/While_google/Page_Google/input__q'

2022-11-30 09:50:01 - [TEST_STEP][PASSED] - sendKeys(findTestObject("Object Repository/While_google/Page_Google/input__q"), Keys.chord(ENTER)): Keys 'ENTER + ' sent to object: 'Object Repository/While_google/Page_Google/input__q'

2022-11-30 09:50:04 - [MESSAGE][PASSED] - Keys 'ENTER + ' sent to object: 'Object Repository/While_google/Page_Google/input__q'

2022-11-30 09:50:04 - [TEST_STEP][PASSED] - Resultado = getText(findTestObject("While_google/Extras/Resultado_10")): Text of object 'Object Repository/While_google/Extras/Resultado_10' is: '6'

2022-11-30 09:50:04 - [MESSAGE][PASSED] - Text of object 'Object Repository/While_google/Extras/Resultado_10' is: '6'

2022-11-30 09:50:04 - [TEST_STEP][PASSED] - if (Resultado == "8"): null

2022-11-30 09:50:04 - [TEST_STEP][PASSED] - else: null

2022-11-30 09:50:04 - [TEST_STEP][PASSED] - Bandera = 0: null

2022-11-30 09:50:04 - [TEST_STEP][PASSED] - print(Bandera + "------"): null

2022-11-30 09:50:04 - [TEST_STEP][PASSED] - num = Math.random() * 5 - 1 + 1: null

2022-11-30 09:50:04 - [TEST_STEP][PASSED] - setText(findTestObject("Object Repository/While_google/Page_Google/input__q"), "5+" + num): Text '5+1' is set on object 'Object Repository/While_google/Page_Google/input__q'

2022-11-30 09:50:05 - [MESSAGE][PASSED] - Text '5+1' is set on object 'Object Repository/While_google/Page_Google/input__q'

2022-11-30 09:50:05 - [TEST_STEP][PASSED] - sendKeys(findTestObject("Object Repository/While_google/Page_Google/input__q"), Keys.chord(ENTER)): Keys 'ENTER + ' sent to object: 'Object Repository/While_google/Page_Google/input__q'

2022-11-30 09:50:09 - [MESSAGE][PASSED] - Keys 'ENTER + ' sent to object: 'Object Repository/While_google/Page_Google/input__q'

2022-11-30 09:50:09 - [TEST_STEP][PASSED] - Resultado = getText(findTestObject("While_google/Extras/Resultado_10")): Text of object 'Object Repository/While_google/Extras/Resultado_10' is: '6'

2022-11-30 09:50:09 - [MESSAGE][PASSED] - Text of object 'Object Repository/While_google/Extras/Resultado_10' is: '6'

2022-11-30 09:50:09 - [TEST_STEP][PASSED] - if (Resultado == "8"): null

2022-11-30 09:50:09 - [TEST_STEP][PASSED] - else: null

2022-11-30 09:50:09 - [TEST_STEP][PASSED] - Bandera = 0: null

2022-11-30 09:50:09 - [TEST_STEP][PASSED] - print(Bandera + "------"): null

2022-11-30 09:50:09 - [TEST_STEP][PASSED] - num = Math.random() * 5 - 1 + 1: null

2022-11-30 09:50:09 - [TEST_STEP][PASSED] - setText(findTestObject("Object Repository/While_google/Page_Google/input__q"), "5+" + num): Text '5+3' is set on object 'Object Repository/While_google/Page_Google/input__q'

2022-11-30 09:50:10 - [MESSAGE][PASSED] - Text '5+3' is set on object 'Object Repository/While_google/Page_Google/input__q'

2022-11-30 09:50:10 - [TEST_STEP][PASSED] - sendKeys(findTestObject("Object Repository/While_google/Page_Google/input__q"), Keys.chord(ENTER)): Keys 'ENTER + ' sent to object: 'Object Repository/While_google/Page_Google/input__q'

2022-11-30 09:50:15 - [MESSAGE][PASSED] - Keys 'ENTER + ' sent to object: 'Object Repository/While_google/Page_Google/input__q'

2022-11-30 09:50:15 - [TEST_STEP][PASSED] - Resultado = getText(findTestObject("While_google/Extras/Resultado_10")): Text of object 'Object Repository/While_google/Extras/Resultado_10' is: '8'

2022-11-30 09:50:15 - [MESSAGE][PASSED] - Text of object 'Object Repository/While_google/Extras/Resultado_10' is: '8'

2022-11-30 09:50:15 - [TEST_STEP][PASSED] - if (Resultado == "8"): Browser is closed

2022-11-30 09:50:15 - [TEST_STEP][PASSED] - Bandera = 1: null

2022-11-30 09:50:15 - [TEST_STEP][PASSED] - print("Listo termina"): null

2022-11-30 09:50:15 - [TEST_STEP][PASSED] - closeBrowser(): Browser is closed

2022-11-30 09:50:16 - [MESSAGE][PASSED] - Browser is closed

2022-11-30 09:50:16 - [TEST_STEP][PASSED] - print(Bandera + "------"): null]]></system-out>
         <system-err><![CDATA[]]></system-err>
      </testcase>
      <testcase name="Test Cases/BUCLES/Reto_while_solucion" time="35.581" classname="Test Cases/BUCLES/Reto_while_solucion" status="PASSED">
         <system-out><![CDATA[2022-11-30 09:50:16 - [TEST_CASE][PASSED] - Test Cases/BUCLES/Reto_while_solucion: Test Cases/BUCLES/Reto_while_solucion

2022-11-30 09:50:16 - [TEST_STEP][PASSED] - openBrowser(""): Browser is opened with url: ''

2022-11-30 09:50:16 - [MESSAGE][INFO] - Starting 'Chrome' driver

2022-11-30 09:50:16 - [MESSAGE][INFO] - Action delay is set to 0 milliseconds

2022-11-30 09:50:18 - [MESSAGE][PASSED] - Browser is opened with url: ''

2022-11-30 09:50:18 - [TEST_STEP][PASSED] - navigateToUrl("https://www.google.com/"): Navigate to 'https://www.google.com/' successfully

2022-11-30 09:50:19 - [MESSAGE][PASSED] - Navigate to 'https://www.google.com/' successfully

2022-11-30 09:50:19 - [TEST_STEP][PASSED] - Res = 0: null

2022-11-30 09:50:19 - [TEST_STEP][PASSED] - while (Res != 8): Browser is closed

2022-11-30 09:50:19 - [TEST_STEP][PASSED] - num = Math.random() * 5 - 1 + 1: null

2022-11-30 09:50:19 - [TEST_STEP][PASSED] - setText(findTestObject("Object Repository/Reto_while1/Page_Google/input__q"), "5+" + num): Text '5+2' is set on object 'Object Repository/Reto_while1/Page_Google/input__q'

2022-11-30 09:50:20 - [MESSAGE][PASSED] - Text '5+2' is set on object 'Object Repository/Reto_while1/Page_Google/input__q'

2022-11-30 09:50:20 - [TEST_STEP][PASSED] - sendKeys(findTestObject("Object Repository/Reto_while1/Page_Google/input__q"), Keys.chord(ENTER)): Keys 'ENTER + ' sent to object: 'Object Repository/Reto_while1/Page_Google/input__q'

2022-11-30 09:50:27 - [MESSAGE][PASSED] - Keys 'ENTER + ' sent to object: 'Object Repository/Reto_while1/Page_Google/input__q'

2022-11-30 09:50:27 - [TEST_STEP][PASSED] - Res = getText(findTestObject("Reto_while1/Resultado_8")).toInteger(): Text of object 'Object Repository/Reto_while1/Resultado_8' is: '7'

2022-11-30 09:50:28 - [MESSAGE][PASSED] - Text of object 'Object Repository/Reto_while1/Resultado_8' is: '7'

2022-11-30 09:50:28 - [TEST_STEP][PASSED] - if (Res == 8): null

2022-11-30 09:50:28 - [TEST_STEP][PASSED] - num = Math.random() * 5 - 1 + 1: null

2022-11-30 09:50:28 - [TEST_STEP][PASSED] - setText(findTestObject("Object Repository/Reto_while1/Page_Google/input__q"), "5+" + num): Text '5+4' is set on object 'Object Repository/Reto_while1/Page_Google/input__q'

2022-11-30 09:50:29 - [MESSAGE][PASSED] - Text '5+4' is set on object 'Object Repository/Reto_while1/Page_Google/input__q'

2022-11-30 09:50:29 - [TEST_STEP][PASSED] - sendKeys(findTestObject("Object Repository/Reto_while1/Page_Google/input__q"), Keys.chord(ENTER)): Keys 'ENTER + ' sent to object: 'Object Repository/Reto_while1/Page_Google/input__q'

2022-11-30 09:50:32 - [MESSAGE][PASSED] - Keys 'ENTER + ' sent to object: 'Object Repository/Reto_while1/Page_Google/input__q'

2022-11-30 09:50:32 - [TEST_STEP][PASSED] - Res = getText(findTestObject("Reto_while1/Resultado_8")).toInteger(): Text of object 'Object Repository/Reto_while1/Resultado_8' is: '9'

2022-11-30 09:50:33 - [MESSAGE][PASSED] - Text of object 'Object Repository/Reto_while1/Resultado_8' is: '9'

2022-11-30 09:50:33 - [TEST_STEP][PASSED] - if (Res == 8): null

2022-11-30 09:50:33 - [TEST_STEP][PASSED] - num = Math.random() * 5 - 1 + 1: null

2022-11-30 09:50:33 - [TEST_STEP][PASSED] - setText(findTestObject("Object Repository/Reto_while1/Page_Google/input__q"), "5+" + num): Text '5+4' is set on object 'Object Repository/Reto_while1/Page_Google/input__q'

2022-11-30 09:50:34 - [MESSAGE][PASSED] - Text '5+4' is set on object 'Object Repository/Reto_while1/Page_Google/input__q'

2022-11-30 09:50:34 - [TEST_STEP][PASSED] - sendKeys(findTestObject("Object Repository/Reto_while1/Page_Google/input__q"), Keys.chord(ENTER)): Keys 'ENTER + ' sent to object: 'Object Repository/Reto_while1/Page_Google/input__q'

2022-11-30 09:50:35 - [MESSAGE][PASSED] - Keys 'ENTER + ' sent to object: 'Object Repository/Reto_while1/Page_Google/input__q'

2022-11-30 09:50:35 - [TEST_STEP][PASSED] - Res = getText(findTestObject("Reto_while1/Resultado_8")).toInteger(): Text of object 'Object Repository/Reto_while1/Resultado_8' is: '9'

2022-11-30 09:50:36 - [MESSAGE][PASSED] - Text of object 'Object Repository/Reto_while1/Resultado_8' is: '9'

2022-11-30 09:50:36 - [TEST_STEP][PASSED] - if (Res == 8): null

2022-11-30 09:50:36 - [TEST_STEP][PASSED] - num = Math.random() * 5 - 1 + 1: null

2022-11-30 09:50:36 - [TEST_STEP][PASSED] - setText(findTestObject("Object Repository/Reto_while1/Page_Google/input__q"), "5+" + num): Text '5+1' is set on object 'Object Repository/Reto_while1/Page_Google/input__q'

2022-11-30 09:50:37 - [MESSAGE][PASSED] - Text '5+1' is set on object 'Object Repository/Reto_while1/Page_Google/input__q'

2022-11-30 09:50:37 - [TEST_STEP][PASSED] - sendKeys(findTestObject("Object Repository/Reto_while1/Page_Google/input__q"), Keys.chord(ENTER)): Keys 'ENTER + ' sent to object: 'Object Repository/Reto_while1/Page_Google/input__q'

2022-11-30 09:50:38 - [MESSAGE][PASSED] - Keys 'ENTER + ' sent to object: 'Object Repository/Reto_while1/Page_Google/input__q'

2022-11-30 09:50:38 - [TEST_STEP][PASSED] - Res = getText(findTestObject("Reto_while1/Resultado_8")).toInteger(): Text of object 'Object Repository/Reto_while1/Resultado_8' is: '6'

2022-11-30 09:50:39 - [MESSAGE][PASSED] - Text of object 'Object Repository/Reto_while1/Resultado_8' is: '6'

2022-11-30 09:50:39 - [TEST_STEP][PASSED] - if (Res == 8): null

2022-11-30 09:50:39 - [TEST_STEP][PASSED] - num = Math.random() * 5 - 1 + 1: null

2022-11-30 09:50:39 - [TEST_STEP][PASSED] - setText(findTestObject("Object Repository/Reto_while1/Page_Google/input__q"), "5+" + num): Text '5+2' is set on object 'Object Repository/Reto_while1/Page_Google/input__q'

2022-11-30 09:50:41 - [MESSAGE][PASSED] - Text '5+2' is set on object 'Object Repository/Reto_while1/Page_Google/input__q'

2022-11-30 09:50:41 - [TEST_STEP][PASSED] - sendKeys(findTestObject("Object Repository/Reto_while1/Page_Google/input__q"), Keys.chord(ENTER)): Keys 'ENTER + ' sent to object: 'Object Repository/Reto_while1/Page_Google/input__q'

2022-11-30 09:50:45 - [MESSAGE][PASSED] - Keys 'ENTER + ' sent to object: 'Object Repository/Reto_while1/Page_Google/input__q'

2022-11-30 09:50:45 - [TEST_STEP][PASSED] - Res = getText(findTestObject("Reto_while1/Resultado_8")).toInteger(): Text of object 'Object Repository/Reto_while1/Resultado_8' is: '7'

2022-11-30 09:50:45 - [MESSAGE][PASSED] - Text of object 'Object Repository/Reto_while1/Resultado_8' is: '7'

2022-11-30 09:50:45 - [TEST_STEP][PASSED] - if (Res == 8): null

2022-11-30 09:50:45 - [TEST_STEP][PASSED] - num = Math.random() * 5 - 1 + 1: null

2022-11-30 09:50:45 - [TEST_STEP][PASSED] - setText(findTestObject("Object Repository/Reto_while1/Page_Google/input__q"), "5+" + num): Text '5+3' is set on object 'Object Repository/Reto_while1/Page_Google/input__q'

2022-11-30 09:50:46 - [MESSAGE][PASSED] - Text '5+3' is set on object 'Object Repository/Reto_while1/Page_Google/input__q'

2022-11-30 09:50:46 - [TEST_STEP][PASSED] - sendKeys(findTestObject("Object Repository/Reto_while1/Page_Google/input__q"), Keys.chord(ENTER)): Keys 'ENTER + ' sent to object: 'Object Repository/Reto_while1/Page_Google/input__q'

2022-11-30 09:50:50 - [MESSAGE][PASSED] - Keys 'ENTER + ' sent to object: 'Object Repository/Reto_while1/Page_Google/input__q'

2022-11-30 09:50:50 - [TEST_STEP][PASSED] - Res = getText(findTestObject("Reto_while1/Resultado_8")).toInteger(): Text of object 'Object Repository/Reto_while1/Resultado_8' is: '8'

2022-11-30 09:50:51 - [MESSAGE][PASSED] - Text of object 'Object Repository/Reto_while1/Resultado_8' is: '8'

2022-11-30 09:50:51 - [TEST_STEP][PASSED] - if (Res == 8): Browser is closed

2022-11-30 09:50:51 - [TEST_STEP][PASSED] - closeBrowser(): Browser is closed

2022-11-30 09:50:52 - [MESSAGE][PASSED] - Browser is closed]]></system-out>
         <system-err><![CDATA[]]></system-err>
      </testcase>
      <testcase name="Test Cases/BUCLES/Test_1" time="30.373" classname="Test Cases/BUCLES/Test_1" status="PASSED">
         <system-out><![CDATA[2022-11-30 09:50:52 - [TEST_CASE][PASSED] - Test Cases/BUCLES/Test_1: Test Cases/BUCLES/Test_1

2022-11-30 09:50:52 - [TEST_STEP][PASSED] - openBrowser(""): Browser is opened with url: ''

2022-11-30 09:50:52 - [MESSAGE][INFO] - Starting 'Chrome' driver

2022-11-30 09:50:52 - [MESSAGE][INFO] - Action delay is set to 0 milliseconds

2022-11-30 09:50:53 - [MESSAGE][PASSED] - Browser is opened with url: ''

2022-11-30 09:50:53 - [TEST_STEP][PASSED] - navigateToUrl("https://demoqa.com/text-box"): Navigate to 'https://demoqa.com/text-box' successfully

2022-11-30 09:51:01 - [MESSAGE][PASSED] - Navigate to 'https://demoqa.com/text-box' successfully

2022-11-30 09:51:01 - [TEST_STEP][PASSED] - for ([x = 1, x <= 2, (x++)]): null

2022-11-30 09:51:01 - [TEST_STEP][PASSED] - openBrowser(""): Browser is opened with url: ''

2022-11-30 09:51:01 - [MESSAGE][WARNING] - A browser is already opened. Closing browser and opening a new one

2022-11-30 09:51:02 - [MESSAGE][INFO] - Starting 'Chrome' driver

2022-11-30 09:51:02 - [MESSAGE][INFO] - Action delay is set to 0 milliseconds

2022-11-30 09:51:04 - [MESSAGE][PASSED] - Browser is opened with url: ''

2022-11-30 09:51:04 - [TEST_STEP][PASSED] - navigateToUrl("https://demoqa.com/text-box"): Navigate to 'https://demoqa.com/text-box' successfully

2022-11-30 09:51:10 - [MESSAGE][PASSED] - Navigate to 'https://demoqa.com/text-box' successfully

2022-11-30 09:51:10 - [TEST_STEP][PASSED] - RN = Math.random() * 10 - 1 + 1: null

2022-11-30 09:51:10 - [TEST_STEP][PASSED] - print("Numero : " + RN + "----"): null

2022-11-30 09:51:10 - [TEST_STEP][PASSED] - z = ["Demo1", "Demo2", "Demo3", "Demo4", "Demo5"]: null

2022-11-30 09:51:10 - [TEST_STEP][PASSED] - rnd = new java.util.Random(): null

2022-11-30 09:51:10 - [TEST_STEP][PASSED] - texto = z[rnd.nextInt(size)]: null

2022-11-30 09:51:10 - [TEST_STEP][PASSED] - print(texto): null

2022-11-30 09:51:10 - [TEST_STEP][PASSED] - openBrowser(""): Browser is opened with url: ''

2022-11-30 09:51:10 - [MESSAGE][WARNING] - A browser is already opened. Closing browser and opening a new one

2022-11-30 09:51:11 - [MESSAGE][INFO] - Starting 'Chrome' driver

2022-11-30 09:51:11 - [MESSAGE][INFO] - Action delay is set to 0 milliseconds

2022-11-30 09:51:12 - [MESSAGE][PASSED] - Browser is opened with url: ''

2022-11-30 09:51:12 - [TEST_STEP][PASSED] - navigateToUrl("https://demoqa.com/text-box"): Navigate to 'https://demoqa.com/text-box' successfully

2022-11-30 09:51:21 - [MESSAGE][PASSED] - Navigate to 'https://demoqa.com/text-box' successfully

2022-11-30 09:51:21 - [TEST_STEP][PASSED] - RN = Math.random() * 10 - 1 + 1: null

2022-11-30 09:51:21 - [TEST_STEP][PASSED] - print("Numero : " + RN + "----"): null

2022-11-30 09:51:21 - [TEST_STEP][PASSED] - z = ["Demo1", "Demo2", "Demo3", "Demo4", "Demo5"]: null

2022-11-30 09:51:21 - [TEST_STEP][PASSED] - rnd = new java.util.Random(): null

2022-11-30 09:51:21 - [TEST_STEP][PASSED] - texto = z[rnd.nextInt(size)]: null

2022-11-30 09:51:21 - [TEST_STEP][PASSED] - print(texto): null

2022-11-30 09:51:21 - [TEST_STEP][PASSED] - closeBrowser(): Browser is closed

2022-11-30 09:51:22 - [MESSAGE][PASSED] - Browser is closed]]></system-out>
         <system-err><![CDATA[]]></system-err>
      </testcase>
      <testcase name="Test Cases/BUCLES/Test_2" time="12.972" classname="Test Cases/BUCLES/Test_2" status="PASSED">
         <system-out><![CDATA[2022-11-30 09:51:22 - [TEST_CASE][PASSED] - Test Cases/BUCLES/Test_2: Test Cases/BUCLES/Test_2

2022-11-30 09:51:22 - [TEST_STEP][PASSED] - openBrowser(""): Browser is opened with url: ''

2022-11-30 09:51:22 - [MESSAGE][INFO] - Starting 'Chrome' driver

2022-11-30 09:51:22 - [MESSAGE][INFO] - Action delay is set to 0 milliseconds

2022-11-30 09:51:24 - [MESSAGE][PASSED] - Browser is opened with url: ''

2022-11-30 09:51:24 - [TEST_STEP][PASSED] - navigateToUrl("https://demoqa.com/text-box"): Navigate to 'https://demoqa.com/text-box' successfully

2022-11-30 09:51:34 - [MESSAGE][PASSED] - Navigate to 'https://demoqa.com/text-box' successfully

2022-11-30 09:51:34 - [TEST_STEP][PASSED] - for ([x = 1, x <= 10, x = x + 2]): null

2022-11-30 09:51:34 - [TEST_STEP][PASSED] - print(" hola mundo " + x + "-------"): null

2022-11-30 09:51:34 - [TEST_STEP][PASSED] - print(" hola mundo " + x + "-------"): null

2022-11-30 09:51:34 - [TEST_STEP][PASSED] - print(" hola mundo " + x + "-------"): null

2022-11-30 09:51:34 - [TEST_STEP][PASSED] - print(" hola mundo " + x + "-------"): null

2022-11-30 09:51:34 - [TEST_STEP][PASSED] - print(" hola mundo " + x + "-------"): null

2022-11-30 09:51:34 - [TEST_STEP][PASSED] - closeBrowser(): Browser is closed

2022-11-30 09:51:35 - [MESSAGE][PASSED] - Browser is closed]]></system-out>
         <system-err><![CDATA[]]></system-err>
      </testcase>
      <testcase name="Test Cases/BUCLES/Test_while" time="12.088" classname="Test Cases/BUCLES/Test_while" status="PASSED">
         <system-out><![CDATA[2022-11-30 09:51:35 - [TEST_CASE][PASSED] - Test Cases/BUCLES/Test_while: Test Cases/BUCLES/Test_while

2022-11-30 09:51:35 - [TEST_STEP][PASSED] - openBrowser(""): Browser is opened with url: ''

2022-11-30 09:51:35 - [MESSAGE][INFO] - Starting 'Chrome' driver

2022-11-30 09:51:35 - [MESSAGE][INFO] - Action delay is set to 0 milliseconds

2022-11-30 09:51:37 - [MESSAGE][PASSED] - Browser is opened with url: ''

2022-11-30 09:51:37 - [TEST_STEP][PASSED] - navigateToUrl("https://demoqa.com/text-box"): Navigate to 'https://demoqa.com/text-box' successfully

2022-11-30 09:51:46 - [MESSAGE][PASSED] - Navigate to 'https://demoqa.com/text-box' successfully

2022-11-30 09:51:46 - [TEST_STEP][PASSED] - maximizeWindow(): Current window maximized

2022-11-30 09:51:46 - [MESSAGE][PASSED] - Current window maximized

2022-11-30 09:51:46 - [TEST_STEP][PASSED] - waitForPageLoad(5): Wait for page load successfully

2022-11-30 09:51:46 - [MESSAGE][PASSED] - Wait for page load successfully

2022-11-30 09:51:46 - [TEST_STEP][PASSED] - x = 1: null

2022-11-30 09:51:46 - [TEST_STEP][PASSED] - while (x <= 3): null

2022-11-30 09:51:46 - [TEST_STEP][PASSED] - print("Hola " + x + "----------"): null

2022-11-30 09:51:46 - [TEST_STEP][PASSED] - (x++): null

2022-11-30 09:51:46 - [TEST_STEP][PASSED] - print("Hola " + x + "----------"): null

2022-11-30 09:51:46 - [TEST_STEP][PASSED] - (x++): null

2022-11-30 09:51:46 - [TEST_STEP][PASSED] - print("Hola " + x + "----------"): null

2022-11-30 09:51:46 - [TEST_STEP][PASSED] - (x++): null

2022-11-30 09:51:46 - [TEST_STEP][PASSED] - closeBrowser(): Browser is closed

2022-11-30 09:51:47 - [MESSAGE][PASSED] - Browser is closed]]></system-out>
         <system-err><![CDATA[]]></system-err>
      </testcase>
      <testcase name="Test Cases/BUCLES/Test_while2" time="9.422" classname="Test Cases/BUCLES/Test_while2" status="PASSED">
         <system-out><![CDATA[2022-11-30 09:51:47 - [TEST_CASE][PASSED] - Test Cases/BUCLES/Test_while2: Test Cases/BUCLES/Test_while2

2022-11-30 09:51:47 - [TEST_STEP][PASSED] - openBrowser(""): Browser is opened with url: ''

2022-11-30 09:51:47 - [MESSAGE][INFO] - Starting 'Chrome' driver

2022-11-30 09:51:47 - [MESSAGE][INFO] - Action delay is set to 0 milliseconds

2022-11-30 09:51:49 - [MESSAGE][PASSED] - Browser is opened with url: ''

2022-11-30 09:51:49 - [TEST_STEP][PASSED] - navigateToUrl("https://demoqa.com/text-box"): Navigate to 'https://demoqa.com/text-box' successfully

2022-11-30 09:51:56 - [MESSAGE][PASSED] - Navigate to 'https://demoqa.com/text-box' successfully

2022-11-30 09:51:56 - [TEST_STEP][PASSED] - maximizeWindow(): Current window maximized

2022-11-30 09:51:56 - [MESSAGE][PASSED] - Current window maximized

2022-11-30 09:51:56 - [TEST_STEP][PASSED] - waitForPageLoad(5): Wait for page load successfully

2022-11-30 09:51:56 - [MESSAGE][PASSED] - Wait for page load successfully

2022-11-30 09:51:56 - [TEST_STEP][PASSED] - x = 1: null

2022-11-30 09:51:56 - [TEST_STEP][PASSED] - while (x <= 5): null

2022-11-30 09:51:56 - [TEST_STEP][PASSED] - print("Valor de X" + x + "------>"): null

2022-11-30 09:51:56 - [TEST_STEP][PASSED] - (x++): null

2022-11-30 09:51:56 - [TEST_STEP][PASSED] - print("Valor de X" + x + "------>"): null

2022-11-30 09:51:56 - [TEST_STEP][PASSED] - (x++): null

2022-11-30 09:51:56 - [TEST_STEP][PASSED] - print("Valor de X" + x + "------>"): null

2022-11-30 09:51:56 - [TEST_STEP][PASSED] - (x++): null

2022-11-30 09:51:56 - [TEST_STEP][PASSED] - print("Valor de X" + x + "------>"): null

2022-11-30 09:51:56 - [TEST_STEP][PASSED] - (x++): null

2022-11-30 09:51:56 - [TEST_STEP][PASSED] - print("Valor de X" + x + "------>"): null

2022-11-30 09:51:56 - [TEST_STEP][PASSED] - (x++): null

2022-11-30 09:51:56 - [TEST_STEP][PASSED] - closeBrowser(): Browser is closed

2022-11-30 09:51:57 - [MESSAGE][PASSED] - Browser is closed]]></system-out>
         <system-err><![CDATA[]]></system-err>
      </testcase>
      <testcase name="Test Cases/Drive_excel/Drive_excel" time="14.367" classname="Test Cases/Drive_excel/Drive_excel" status="PASSED">
         <system-out><![CDATA[2022-11-30 09:51:57 - [TEST_CASE][PASSED] - Test Cases/Drive_excel/Drive_excel: Test Cases/Drive_excel/Drive_excel

2022-11-30 09:51:57 - [TEST_STEP][PASSED] - openBrowser(""): Browser is opened with url: ''

2022-11-30 09:51:57 - [MESSAGE][INFO] - Starting 'Chrome' driver

2022-11-30 09:51:57 - [MESSAGE][INFO] - Action delay is set to 0 milliseconds

2022-11-30 09:51:58 - [MESSAGE][PASSED] - Browser is opened with url: ''

2022-11-30 09:51:58 - [TEST_STEP][PASSED] - navigateToUrl("https://demoqa.com/automation-practice-form"): Navigate to 'https://demoqa.com/automation-practice-form' successfully

2022-11-30 09:52:05 - [MESSAGE][PASSED] - Navigate to 'https://demoqa.com/automation-practice-form' successfully

2022-11-30 09:52:05 - [TEST_STEP][PASSED] - waitForPageLoad(40): Wait for page load successfully

2022-11-30 09:52:05 - [MESSAGE][PASSED] - Wait for page load successfully

2022-11-30 09:52:05 - [TEST_STEP][PASSED] - maximizeWindow(): Current window maximized

2022-11-30 09:52:05 - [MESSAGE][PASSED] - Current window maximized

2022-11-30 09:52:05 - [TEST_STEP][PASSED] - setText(findTestObject("Object Repository/Drive_excel/Page_ToolsQA/input_Name_firstName"), nombre): Text '' is set on object 'Object Repository/Drive_excel/Page_ToolsQA/input_Name_firstName'

2022-11-30 09:52:06 - [MESSAGE][PASSED] - Text '' is set on object 'Object Repository/Drive_excel/Page_ToolsQA/input_Name_firstName'

2022-11-30 09:52:06 - [TEST_STEP][PASSED] - setText(findTestObject("Object Repository/Drive_excel/Page_ToolsQA/input_Name_lastName"), apellido): Text '' is set on object 'Object Repository/Drive_excel/Page_ToolsQA/input_Name_lastName'

2022-11-30 09:52:07 - [MESSAGE][PASSED] - Text '' is set on object 'Object Repository/Drive_excel/Page_ToolsQA/input_Name_lastName'

2022-11-30 09:52:07 - [TEST_STEP][PASSED] - setText(findTestObject("Object Repository/Drive_excel/Page_ToolsQA/input_Email_userEmail"), email): Text '' is set on object 'Object Repository/Drive_excel/Page_ToolsQA/input_Email_userEmail'

2022-11-30 09:52:08 - [MESSAGE][PASSED] - Text '' is set on object 'Object Repository/Drive_excel/Page_ToolsQA/input_Email_userEmail'

2022-11-30 09:52:08 - [TEST_STEP][PASSED] - delay(2): Delayed 2 second(s)

2022-11-30 09:52:10 - [MESSAGE][PASSED] - Delayed 2 second(s)

2022-11-30 09:52:10 - [TEST_STEP][PASSED] - closeBrowser(): Browser is closed

2022-11-30 09:52:11 - [MESSAGE][PASSED] - Browser is closed]]></system-out>
         <system-err><![CDATA[]]></system-err>
      </testcase>
      <system-out><![CDATA[2022-11-30 09:40:47 - [TEST_SUITE][PASSED] - testCLoud: Test Cases/Drive_excel/Drive_excel]]></system-out>
      <system-err><![CDATA[]]></system-err>
   </testsuite>
</testsuites>
