<?xml version="1.0" encoding="UTF-8"?>
<testsuites name="Data_interno" time="42.557" tests="2" failures="0" errors="0">
   <testsuite name="Data_interno" tests="2" failures="0" errors="0" time="42.557" skipped="0" timestamp="2022-11-24 12:15:00" hostname="admin - 192.168.0.13" id="Test Suites/Data_interno">
      <properties>
         <property name="deviceName" value=""/>
         <property name="devicePlatform" value=""/>
         <property name="logFolder" value="C:\\Users\\admin\\Katalon Studio\\Proyectos\\Proyecto_uno\\Reports\\20221124_121447\\Data_interno\\20221124_121447"/>
         <property name="logFiles" value="C:\\Users\\admin\\Katalon Studio\\Proyectos\\Proyecto_uno\\Reports\\20221124_121447\\Data_interno\\20221124_121447\\execution0.log"/>
         <property name="attachments" value=""/>
         <property name="hostName" value="admin - 192.168.0.13"/>
         <property name="os" value="Windows 10 64bit"/>
         <property name="katalonVersion" value="8.5.2.208"/>
         <property name="browser" value="Chrome 107.0.0.0"/>
         <property name="hostAddress" value="192.168.0.13"/>
         <property name="sessionId" value="e120b88060055d1bd5f5cfda5a2212a3"/>
         <property name="seleniumVersion" value="3.141.59"/>
         <property name="proxyInformation" value="ProxyInformation { proxyOption=NO_PROXY, proxyServerType=HTTP, username=, password=********, proxyServerAddress=, proxyServerPort=0, executionList=&quot;&quot;, isApplyToDesiredCapabilities=true }"/>
         <property name="platform" value="Windows 10"/>
      </properties>
      <testcase name="Test Cases/Drive_excel/Drive_excel" time="21.949" classname="Test Cases/Drive_excel/Drive_excel" status="PASSED">
         <system-out><![CDATA[2022-11-24 12:15:01 - [TEST_CASE][PASSED] - Test Cases/Drive_excel/Drive_excel: Test Cases/Drive_excel/Drive_excel

2022-11-24 12:15:02 - [TEST_STEP][PASSED] - openBrowser(""): Browser is opened with url: ''

2022-11-24 12:15:02 - [MESSAGE][INFO] - Starting 'Chrome' driver

2022-11-24 12:15:03 - [MESSAGE][INFO] - Action delay is set to 0 milliseconds

2022-11-24 12:15:06 - [MESSAGE][PASSED] - Browser is opened with url: ''

2022-11-24 12:15:06 - [TEST_STEP][PASSED] - navigateToUrl("https://demoqa.com/automation-practice-form"): Navigate to 'https://demoqa.com/automation-practice-form' successfully

2022-11-24 12:15:16 - [MESSAGE][PASSED] - Navigate to 'https://demoqa.com/automation-practice-form' successfully

2022-11-24 12:15:16 - [TEST_STEP][PASSED] - waitForPageLoad(40): Wait for page load successfully

2022-11-24 12:15:16 - [MESSAGE][PASSED] - Wait for page load successfully

2022-11-24 12:15:16 - [TEST_STEP][PASSED] - maximizeWindow(): Current window maximized

2022-11-24 12:15:16 - [MESSAGE][PASSED] - Current window maximized

2022-11-24 12:15:16 - [TEST_STEP][PASSED] - setText(findTestObject("Object Repository/Drive_excel/Page_ToolsQA/input_Name_firstName"), nombre): Text 'nombre1' is set on object 'Object Repository/Drive_excel/Page_ToolsQA/input_Name_firstName'

2022-11-24 12:15:18 - [MESSAGE][PASSED] - Text 'nombre1' is set on object 'Object Repository/Drive_excel/Page_ToolsQA/input_Name_firstName'

2022-11-24 12:15:18 - [TEST_STEP][PASSED] - setText(findTestObject("Object Repository/Drive_excel/Page_ToolsQA/input_Name_lastName"), apellido): Text 'apellido1' is set on object 'Object Repository/Drive_excel/Page_ToolsQA/input_Name_lastName'

2022-11-24 12:15:19 - [MESSAGE][PASSED] - Text 'apellido1' is set on object 'Object Repository/Drive_excel/Page_ToolsQA/input_Name_lastName'

2022-11-24 12:15:19 - [TEST_STEP][PASSED] - setText(findTestObject("Object Repository/Drive_excel/Page_ToolsQA/input_Email_userEmail"), email): Text 'email1' is set on object 'Object Repository/Drive_excel/Page_ToolsQA/input_Email_userEmail'

2022-11-24 12:15:19 - [MESSAGE][PASSED] - Text 'email1' is set on object 'Object Repository/Drive_excel/Page_ToolsQA/input_Email_userEmail'

2022-11-24 12:15:20 - [TEST_STEP][PASSED] - delay(2): Delayed 2 second(s)

2022-11-24 12:15:22 - [MESSAGE][PASSED] - Delayed 2 second(s)

2022-11-24 12:15:22 - [TEST_STEP][PASSED] - closeBrowser(): Browser is closed

2022-11-24 12:15:23 - [MESSAGE][PASSED] - Browser is closed]]></system-out>
         <system-err><![CDATA[]]></system-err>
      </testcase>
      <testcase name="Test Cases/Drive_excel/Drive_excel" time="19.803" classname="Test Cases/Drive_excel/Drive_excel" status="PASSED">
         <system-out><![CDATA[2022-11-24 12:15:23 - [TEST_CASE][PASSED] - Test Cases/Drive_excel/Drive_excel: Test Cases/Drive_excel/Drive_excel

2022-11-24 12:15:23 - [TEST_STEP][PASSED] - openBrowser(""): Browser is opened with url: ''

2022-11-24 12:15:23 - [MESSAGE][INFO] - Starting 'Chrome' driver

2022-11-24 12:15:23 - [MESSAGE][INFO] - Action delay is set to 0 milliseconds

2022-11-24 12:15:25 - [MESSAGE][PASSED] - Browser is opened with url: ''

2022-11-24 12:15:25 - [TEST_STEP][PASSED] - navigateToUrl("https://demoqa.com/automation-practice-form"): Navigate to 'https://demoqa.com/automation-practice-form' successfully

2022-11-24 12:15:35 - [MESSAGE][PASSED] - Navigate to 'https://demoqa.com/automation-practice-form' successfully

2022-11-24 12:15:35 - [TEST_STEP][PASSED] - waitForPageLoad(40): Wait for page load successfully

2022-11-24 12:15:35 - [MESSAGE][PASSED] - Wait for page load successfully

2022-11-24 12:15:35 - [TEST_STEP][PASSED] - maximizeWindow(): Current window maximized

2022-11-24 12:15:35 - [MESSAGE][PASSED] - Current window maximized

2022-11-24 12:15:35 - [TEST_STEP][PASSED] - setText(findTestObject("Object Repository/Drive_excel/Page_ToolsQA/input_Name_firstName"), nombre): Text 'nombre2' is set on object 'Object Repository/Drive_excel/Page_ToolsQA/input_Name_firstName'

2022-11-24 12:15:38 - [MESSAGE][PASSED] - Text 'nombre2' is set on object 'Object Repository/Drive_excel/Page_ToolsQA/input_Name_firstName'

2022-11-24 12:15:38 - [TEST_STEP][PASSED] - setText(findTestObject("Object Repository/Drive_excel/Page_ToolsQA/input_Name_lastName"), apellido): Text 'apellido2' is set on object 'Object Repository/Drive_excel/Page_ToolsQA/input_Name_lastName'

2022-11-24 12:15:39 - [MESSAGE][PASSED] - Text 'apellido2' is set on object 'Object Repository/Drive_excel/Page_ToolsQA/input_Name_lastName'

2022-11-24 12:15:39 - [TEST_STEP][PASSED] - setText(findTestObject("Object Repository/Drive_excel/Page_ToolsQA/input_Email_userEmail"), email): Text 'email2' is set on object 'Object Repository/Drive_excel/Page_ToolsQA/input_Email_userEmail'

2022-11-24 12:15:40 - [MESSAGE][PASSED] - Text 'email2' is set on object 'Object Repository/Drive_excel/Page_ToolsQA/input_Email_userEmail'

2022-11-24 12:15:40 - [TEST_STEP][PASSED] - delay(2): Delayed 2 second(s)

2022-11-24 12:15:42 - [MESSAGE][PASSED] - Delayed 2 second(s)

2022-11-24 12:15:42 - [TEST_STEP][PASSED] - closeBrowser(): Browser is closed

2022-11-24 12:15:43 - [MESSAGE][PASSED] - Browser is closed]]></system-out>
         <system-err><![CDATA[]]></system-err>
      </testcase>
      <system-out><![CDATA[2022-11-24 12:15:00 - [TEST_SUITE][PASSED] - Data_interno: Test Cases/Drive_excel/Drive_excel]]></system-out>
      <system-err><![CDATA[]]></system-err>
   </testsuite>
</testsuites>
