<?xml version="1.0" encoding="UTF-8"?>
<testsuites name="testCLoud" time="490.115" tests="34" failures="0" errors="0">
   <testsuite name="testCLoud" tests="34" failures="0" errors="0" time="490.115" skipped="0" timestamp="2022-11-30 22:06:25" hostname="NTK2299$ - 192.168.0.13" id="Test Suites/testCLoud">
      <properties>
         <property name="deviceName" value=""/>
         <property name="devicePlatform" value=""/>
         <property name="logFolder" value="C:\\Users\\admin\\git\\KatalonCertificacion\\Reports\\20221130_220558\\testCLoud\\20221130_220615"/>
         <property name="logFiles" value="C:\\Users\\admin\\git\\KatalonCertificacion\\Reports\\20221130_220558\\testCLoud\\20221130_220615\\execution0.log"/>
         <property name="attachments" value=""/>
         <property name="hostName" value="NTK2299$ - 192.168.0.13"/>
         <property name="os" value="Windows 10 64bit"/>
         <property name="katalonVersion" value="8.5.2.208"/>
         <property name="browser" value="Chrome 107.0.0.0"/>
         <property name="hostAddress" value="192.168.0.13"/>
         <property name="sessionId" value="9c1a0d0a06b80950540d31cfeb6857e4"/>
         <property name="seleniumVersion" value="3.141.59"/>
         <property name="proxyInformation" value="ProxyInformation { proxyOption=NO_PROXY, proxyServerType=HTTP, username=, password=********, proxyServerAddress=, proxyServerPort=0, executionList=&quot;&quot;, isApplyToDesiredCapabilities=true }"/>
         <property name="platform" value="Windows 10"/>
      </properties>
      <testcase name="Test Cases/Navegador/Navegador" time="23.691" classname="Test Cases/Navegador/Navegador" status="PASSED">
         <system-out><![CDATA[2022-11-30 22:06:26 - [TEST_CASE][PASSED] - Test Cases/Navegador/Navegador: Test Cases/Navegador/Navegador

2022-11-30 22:06:27 - [TEST_STEP][PASSED] - openBrowser("https://demoqa.com/text-box"): Browser is opened with url: 'https://demoqa.com/text-box'

2022-11-30 22:06:27 - [MESSAGE][INFO] - Starting 'Chrome' driver

2022-11-30 22:06:28 - [MESSAGE][INFO] - Action delay is set to 0 milliseconds

2022-11-30 22:06:48 - [MESSAGE][PASSED] - Browser is opened with url: 'https://demoqa.com/text-box'

2022-11-30 22:06:48 - [TEST_STEP][PASSED] - maximizeWindow(): Current window maximized

2022-11-30 22:06:49 - [MESSAGE][PASSED] - Current window maximized

2022-11-30 22:06:49 - [TEST_STEP][PASSED] - page_url = getUrl(): Current window's url is: 'https://demoqa.com/text-box'

2022-11-30 22:06:49 - [MESSAGE][PASSED] - Current window's url is: 'https://demoqa.com/text-box'

2022-11-30 22:06:49 - [TEST_STEP][PASSED] - print(page_url): null

2022-11-30 22:06:49 - [TEST_STEP][PASSED] - Titulo = getWindowTitle(): Current window's title is: 'ToolsQA'

2022-11-30 22:06:49 - [MESSAGE][PASSED] - Current window's title is: 'ToolsQA'

2022-11-30 22:06:49 - [TEST_STEP][PASSED] - print("titiulo de la pagina" + Titulo): null

2022-11-30 22:06:49 - [TEST_STEP][PASSED] - closeBrowser(): Browser is closed

2022-11-30 22:06:50 - [MESSAGE][PASSED] - Browser is closed]]></system-out>
         <system-err><![CDATA[]]></system-err>
      </testcase>
      <testcase name="Test Cases/Objecto_xpath/Caso_xpath" time="20.042" classname="Test Cases/Objecto_xpath/Caso_xpath" status="PASSED">
         <system-out><![CDATA[2022-11-30 22:06:50 - [TEST_CASE][PASSED] - Test Cases/Objecto_xpath/Caso_xpath: Test Cases/Objecto_xpath/Caso_xpath

2022-11-30 22:06:50 - [TEST_STEP][PASSED] - openBrowser(""): Browser is opened with url: ''

2022-11-30 22:06:50 - [MESSAGE][INFO] - Starting 'Chrome' driver

2022-11-30 22:06:50 - [MESSAGE][INFO] - Action delay is set to 0 milliseconds

2022-11-30 22:06:52 - [MESSAGE][PASSED] - Browser is opened with url: ''

2022-11-30 22:06:52 - [TEST_STEP][PASSED] - navigateToUrl("https://demoqa.com/text-box"): Navigate to 'https://demoqa.com/text-box' successfully

2022-11-30 22:07:04 - [MESSAGE][PASSED] - Navigate to 'https://demoqa.com/text-box' successfully

2022-11-30 22:07:04 - [TEST_STEP][PASSED] - maximizeWindow(): Current window maximized

2022-11-30 22:07:04 - [MESSAGE][PASSED] - Current window maximized

2022-11-30 22:07:04 - [TEST_STEP][PASSED] - setText(findTestObject("Objeto_xpath/Campo_nombre"), "Ljubo"): Text 'Ljubo' is set on object 'Object Repository/Objeto_xpath/Campo_nombre'

2022-11-30 22:07:05 - [MESSAGE][PASSED] - Text 'Ljubo' is set on object 'Object Repository/Objeto_xpath/Campo_nombre'

2022-11-30 22:07:05 - [TEST_STEP][PASSED] - delay(3): Delayed 3 second(s)

2022-11-30 22:07:08 - [MESSAGE][PASSED] - Delayed 3 second(s)

2022-11-30 22:07:08 - [TEST_STEP][PASSED] - closeBrowser(): Browser is closed

2022-11-30 22:07:10 - [MESSAGE][PASSED] - Browser is closed]]></system-out>
         <system-err><![CDATA[]]></system-err>
      </testcase>
      <testcase name="Test Cases/Condicionales_If/Condicionar_titulo" time="25.424" classname="Test Cases/Condicionales_If/Condicionar_titulo" status="PASSED">
         <system-out><![CDATA[2022-11-30 22:07:10 - [TEST_CASE][PASSED] - Test Cases/Condicionales_If/Condicionar_titulo: Test Cases/Condicionales_If/Condicionar_titulo

2022-11-30 22:07:10 - [TEST_STEP][PASSED] - openBrowser(""): Browser is opened with url: ''

2022-11-30 22:07:10 - [MESSAGE][INFO] - Starting 'Chrome' driver

2022-11-30 22:07:10 - [MESSAGE][INFO] - Action delay is set to 0 milliseconds

2022-11-30 22:07:12 - [MESSAGE][PASSED] - Browser is opened with url: ''

2022-11-30 22:07:12 - [TEST_STEP][PASSED] - navigateToUrl("https://demoqa.com/"): Navigate to 'https://demoqa.com/' successfully

2022-11-30 22:07:19 - [MESSAGE][PASSED] - Navigate to 'https://demoqa.com/' successfully

2022-11-30 22:07:19 - [TEST_STEP][PASSED] - maximizeWindow(): Current window maximized

2022-11-30 22:07:19 - [MESSAGE][PASSED] - Current window maximized

2022-11-30 22:07:19 - [TEST_STEP][PASSED] - waitForPageLoad(5): Wait for page load successfully

2022-11-30 22:07:19 - [MESSAGE][PASSED] - Wait for page load successfully

2022-11-30 22:07:19 - [TEST_STEP][PASSED] - Existe = waitForElementVisible(findTestObject("Condicionales/Texto_radio"), 3): Web element with id: 'Object Repository/Condicionales/Texto_radio' located by '//div[@class='main-header'][contains(.,'Radio Button')]' not found

2022-11-30 22:07:24 - [MESSAGE][INFO] - Unable to find the element located by 'By.xpath: //div[@class='main-header'][contains(.,'Radio Button')]'. Please recheck the objects properties to make sure the desired element is located. 

2022-11-30 22:07:24 - [MESSAGE][WARNING] - [SELF-HEALING] Failed to find element with id 'Object Repository/Condicionales/Texto_radio'. Try using Self-healing.

2022-11-30 22:07:25 - [MESSAGE][INFO] - [SELF-HEALING] No working XPath is found.

2022-11-30 22:07:26 - [MESSAGE][INFO] - Unable to find the element located by 'By.xpath: '. Please recheck the objects properties to make sure the desired element is located. 

2022-11-30 22:07:26 - [MESSAGE][WARNING] - [SELF-HEALING] Cannot find elements when the selector is null

2022-11-30 22:07:26 - [MESSAGE][WARNING] - Web element with id: 'Object Repository/Condicionales/Texto_radio' located by '//div[@class='main-header'][contains(.,'Radio Button')]' not found

2022-11-30 22:07:26 - [TEST_STEP][PASSED] - print(Existe): null

2022-11-30 22:07:26 - [TEST_STEP][PASSED] - if (Existe == true): null

2022-11-30 22:07:26 - [TEST_STEP][PASSED] - else: Browser is closed

2022-11-30 22:07:26 - [TEST_STEP][PASSED] - print("-----  Error no esta el elemento de texto radio ------"): null

2022-11-30 22:07:26 - [TEST_STEP][PASSED] - navigateToUrl("https://demoqa.com/radio-button"): Navigate to 'https://demoqa.com/radio-button' successfully

2022-11-30 22:07:30 - [MESSAGE][PASSED] - Navigate to 'https://demoqa.com/radio-button' successfully

2022-11-30 22:07:30 - [TEST_STEP][PASSED] - click(findTestObject("Condicionales/Objeto_yes")): Object: 'Object Repository/Condicionales/Objeto_yes' is clicked on

2022-11-30 22:07:32 - [MESSAGE][PASSED] - Object: 'Object Repository/Condicionales/Objeto_yes' is clicked on

2022-11-30 22:07:32 - [TEST_STEP][PASSED] - delay(2): Delayed 2 second(s)

2022-11-30 22:07:34 - [MESSAGE][PASSED] - Delayed 2 second(s)

2022-11-30 22:07:34 - [TEST_STEP][PASSED] - closeBrowser(): Browser is closed

2022-11-30 22:07:35 - [MESSAGE][PASSED] - Browser is closed]]></system-out>
         <system-err><![CDATA[]]></system-err>
      </testcase>
      <testcase name="Test Cases/Condicionales_If/Test_1" time="0.381" classname="Test Cases/Condicionales_If/Test_1" status="PASSED">
         <system-out><![CDATA[2022-11-30 22:07:35 - [TEST_CASE][PASSED] - Test Cases/Condicionales_If/Test_1: Test Cases/Condicionales_If/Test_1

2022-11-30 22:07:36 - [TEST_STEP][PASSED] - if (num == 10): null

2022-11-30 22:07:36 - [TEST_STEP][PASSED] - else: null

2022-11-30 22:07:36 - [TEST_STEP][PASSED] - print("El numero no es un 10 es el numero:  " + num + "#####"): null]]></system-out>
         <system-err><![CDATA[]]></system-err>
      </testcase>
      <testcase name="Test Cases/Condicionales_If/Test_2" time="0.242" classname="Test Cases/Condicionales_If/Test_2" status="PASSED">
         <system-out><![CDATA[2022-11-30 22:07:36 - [TEST_CASE][PASSED] - Test Cases/Condicionales_If/Test_2: Test Cases/Condicionales_If/Test_2

2022-11-30 22:07:36 - [TEST_STEP][PASSED] - if (num == 5): null

2022-11-30 22:07:36 - [TEST_STEP][PASSED] - if (num == 10): null

2022-11-30 22:07:36 - [TEST_STEP][PASSED] - println("El valor de la variables es un: 10"): null]]></system-out>
         <system-err><![CDATA[]]></system-err>
      </testcase>
      <testcase name="Test Cases/Condicionales_If/Test_3" time="0.241" classname="Test Cases/Condicionales_If/Test_3" status="PASSED">
         <system-out><![CDATA[2022-11-30 22:07:36 - [TEST_CASE][PASSED] - Test Cases/Condicionales_If/Test_3: Test Cases/Condicionales_If/Test_3

2022-11-30 22:07:36 - [TEST_STEP][PASSED] - if (nombre == "Juan"): null

2022-11-30 22:07:36 - [TEST_STEP][PASSED] - if (nombre == "JUan"): null

2022-11-30 22:07:36 - [TEST_STEP][PASSED] - if (nombre == "juan"): null

2022-11-30 22:07:36 - [TEST_STEP][PASSED] - println("Tu nombre es juan"): null]]></system-out>
         <system-err><![CDATA[]]></system-err>
      </testcase>
      <testcase name="Test Cases/Condicionales_If/Test_4" time="0.236" classname="Test Cases/Condicionales_If/Test_4" status="PASSED">
         <system-out><![CDATA[2022-11-30 22:07:36 - [TEST_CASE][PASSED] - Test Cases/Condicionales_If/Test_4: Test Cases/Condicionales_If/Test_4

2022-11-30 22:07:36 - [TEST_STEP][PASSED] - if (num <= 7): null

2022-11-30 22:07:36 - [TEST_STEP][PASSED] - println("El numero es menor ó igual que 5"): null

2022-11-30 22:07:36 - [TEST_STEP][PASSED] - if (num >= 8): null

2022-11-30 22:07:36 - [TEST_STEP][PASSED] - if (num != 5): null]]></system-out>
         <system-err><![CDATA[]]></system-err>
      </testcase>
      <testcase name="Test Cases/Condicionales_If/Test_edad" time="0.316" classname="Test Cases/Condicionales_If/Test_edad" status="PASSED">
         <system-out><![CDATA[2022-11-30 22:07:36 - [TEST_CASE][PASSED] - Test Cases/Condicionales_If/Test_edad: Test Cases/Condicionales_If/Test_edad

2022-11-30 22:07:37 - [TEST_STEP][PASSED] - if (edad >= 1 && edad <= 17): null

2022-11-30 22:07:37 - [TEST_STEP][PASSED] - else if (edad == 18): null

2022-11-30 22:07:37 - [TEST_STEP][PASSED] - else if (edad <= 0): null

2022-11-30 22:07:37 - [TEST_STEP][PASSED] - else if (edad == 120): null

2022-11-30 22:07:37 - [TEST_STEP][PASSED] - else: null

2022-11-30 22:07:37 - [TEST_STEP][PASSED] - print("No se cumple ninguna de las opciones"): null]]></system-out>
         <system-err><![CDATA[]]></system-err>
      </testcase>
      <testcase name="Test Cases/Condicionales_If/Test_valor" time="26.553" classname="Test Cases/Condicionales_If/Test_valor" status="PASSED">
         <system-out><![CDATA[2022-11-30 22:07:37 - [TEST_CASE][PASSED] - Test Cases/Condicionales_If/Test_valor: Test Cases/Condicionales_If/Test_valor

2022-11-30 22:07:37 - [TEST_STEP][PASSED] - openBrowser(""): Browser is opened with url: ''

2022-11-30 22:07:37 - [MESSAGE][INFO] - Starting 'Chrome' driver

2022-11-30 22:07:37 - [MESSAGE][INFO] - Action delay is set to 0 milliseconds

2022-11-30 22:07:39 - [MESSAGE][PASSED] - Browser is opened with url: ''

2022-11-30 22:07:39 - [TEST_STEP][PASSED] - navigateToUrl("https://demoqa.com/"): Navigate to 'https://demoqa.com/' successfully

2022-11-30 22:07:54 - [MESSAGE][PASSED] - Navigate to 'https://demoqa.com/' successfully

2022-11-30 22:07:54 - [TEST_STEP][PASSED] - maximizeWindow(): Current window maximized

2022-11-30 22:07:54 - [MESSAGE][PASSED] - Current window maximized

2022-11-30 22:07:54 - [TEST_STEP][PASSED] - waitForPageLoad(10): Wait for page load successfully

2022-11-30 22:07:54 - [MESSAGE][PASSED] - Wait for page load successfully

2022-11-30 22:07:54 - [TEST_STEP][PASSED] - Existe = waitForElementVisible(findTestObject("Condicionales/titulo1"), 5): Web element with id: 'Object Repository/Condicionales/titulo1' located by '//div[@class='main-header'][contains(.,'Radio Button')]' not found

2022-11-30 22:08:01 - [MESSAGE][INFO] - Unable to find the element located by 'By.xpath: //div[@class='main-header'][contains(.,'Radio Button')]'. Please recheck the objects properties to make sure the desired element is located. 

2022-11-30 22:08:01 - [MESSAGE][WARNING] - [SELF-HEALING] Failed to find element with id 'Object Repository/Condicionales/titulo1'. Try using Self-healing.

2022-11-30 22:08:02 - [MESSAGE][INFO] - [SELF-HEALING] No working XPath is found.

2022-11-30 22:08:03 - [MESSAGE][INFO] - Unable to find the element located by 'By.xpath: '. Please recheck the objects properties to make sure the desired element is located. 

2022-11-30 22:08:03 - [MESSAGE][WARNING] - [SELF-HEALING] Cannot find elements when the selector is null

2022-11-30 22:08:03 - [MESSAGE][WARNING] - Web element with id: 'Object Repository/Condicionales/titulo1' located by '//div[@class='main-header'][contains(.,'Radio Button')]' not found

2022-11-30 22:08:03 - [TEST_STEP][PASSED] - if (Existe == true): null

2022-11-30 22:08:03 - [TEST_STEP][PASSED] - else: Browser is closed

2022-11-30 22:08:03 - [TEST_STEP][PASSED] - print("No estas en la página correcta"): null

2022-11-30 22:08:03 - [TEST_STEP][PASSED] - closeBrowser(): Browser is closed

2022-11-30 22:08:03 - [MESSAGE][PASSED] - Browser is closed]]></system-out>
         <system-err><![CDATA[]]></system-err>
      </testcase>
      <testcase name="Test Cases/BUCLES/Reto_For" time="35.334" classname="Test Cases/BUCLES/Reto_For" status="PASSED">
         <system-out><![CDATA[2022-11-30 22:08:03 - [TEST_CASE][PASSED] - Test Cases/BUCLES/Reto_For: Test Cases/BUCLES/Reto_For

2022-11-30 22:08:03 - [TEST_STEP][PASSED] - openBrowser(""): Browser is opened with url: ''

2022-11-30 22:08:03 - [MESSAGE][INFO] - Starting 'Chrome' driver

2022-11-30 22:08:03 - [MESSAGE][INFO] - Action delay is set to 0 milliseconds

2022-11-30 22:08:05 - [MESSAGE][PASSED] - Browser is opened with url: ''

2022-11-30 22:08:05 - [TEST_STEP][PASSED] - navigateToUrl("https://demoqa.com/text-box"): Navigate to 'https://demoqa.com/text-box' successfully

2022-11-30 22:08:21 - [MESSAGE][PASSED] - Navigate to 'https://demoqa.com/text-box' successfully

2022-11-30 22:08:21 - [TEST_STEP][PASSED] - maximizeWindow(): Current window maximized

2022-11-30 22:08:21 - [MESSAGE][PASSED] - Current window maximized

2022-11-30 22:08:21 - [TEST_STEP][PASSED] - waitForPageLoad(5): Wait for page load successfully

2022-11-30 22:08:21 - [MESSAGE][PASSED] - Wait for page load successfully

2022-11-30 22:08:21 - [TEST_STEP][PASSED] - for ([x = 1, x <= 4, (x++)]): Browser is scrolled to position x = 0, y = 100

2022-11-30 22:08:21 - [TEST_STEP][PASSED] - z = ["Carlos", "Erika", "Paco", "Rodrigo", "Juan"]: null

2022-11-30 22:08:21 - [TEST_STEP][PASSED] - rn = new java.util.Random(): null

2022-11-30 22:08:21 - [TEST_STEP][PASSED] - tx_nombre = z[rn.nextInt(size)]: null

2022-11-30 22:08:21 - [TEST_STEP][PASSED] - setText(findTestObject("Object Repository/Reto_for/Page_ToolsQA/input_Full Name_userName"), tx_nombre): Text 'Carlos' is set on object 'Object Repository/Reto_for/Page_ToolsQA/input_Full Name_userName'

2022-11-30 22:08:22 - [MESSAGE][PASSED] - Text 'Carlos' is set on object 'Object Repository/Reto_for/Page_ToolsQA/input_Full Name_userName'

2022-11-30 22:08:22 - [TEST_STEP][PASSED] - setText(findTestObject("Object Repository/Reto_for/Page_ToolsQA/input_Email_userEmail"), tx_nombre + "@gmail.com"): Text 'Carlos@gmail.com' is set on object 'Object Repository/Reto_for/Page_ToolsQA/input_Email_userEmail'

2022-11-30 22:08:23 - [MESSAGE][PASSED] - Text 'Carlos@gmail.com' is set on object 'Object Repository/Reto_for/Page_ToolsQA/input_Email_userEmail'

2022-11-30 22:08:23 - [TEST_STEP][PASSED] - setText(findTestObject("Object Repository/Reto_for/Page_ToolsQA/textarea_Current Address_currentAddress"), "Dirección#" + x): Text 'Dirección#1' is set on object 'Object Repository/Reto_for/Page_ToolsQA/textarea_Current Address_currentAddress'

2022-11-30 22:08:24 - [MESSAGE][PASSED] - Text 'Dirección#1' is set on object 'Object Repository/Reto_for/Page_ToolsQA/textarea_Current Address_currentAddress'

2022-11-30 22:08:24 - [TEST_STEP][PASSED] - setText(findTestObject("Object Repository/Reto_for/Page_ToolsQA/textarea_Permanent Address_permanentAddress"), "Dirección dos#" + x): Text 'Dirección dos#1' is set on object 'Object Repository/Reto_for/Page_ToolsQA/textarea_Permanent Address_permanentAddress'

2022-11-30 22:08:25 - [MESSAGE][PASSED] - Text 'Dirección dos#1' is set on object 'Object Repository/Reto_for/Page_ToolsQA/textarea_Permanent Address_permanentAddress'

2022-11-30 22:08:25 - [TEST_STEP][PASSED] - scrollToPosition(0, 500): Browser is scrolled to position x = 0, y = 500

2022-11-30 22:08:25 - [MESSAGE][PASSED] - Browser is scrolled to position x = 0, y = 500

2022-11-30 22:08:25 - [TEST_STEP][PASSED] - click(findTestObject("Object Repository/Reto_for/Page_ToolsQA/button_Submit")): Object: 'Object Repository/Reto_for/Page_ToolsQA/button_Submit' is clicked on

2022-11-30 22:08:26 - [MESSAGE][PASSED] - Object: 'Object Repository/Reto_for/Page_ToolsQA/button_Submit' is clicked on

2022-11-30 22:08:26 - [TEST_STEP][PASSED] - scrollToPosition(0, 100): Browser is scrolled to position x = 0, y = 100

2022-11-30 22:08:26 - [MESSAGE][PASSED] - Browser is scrolled to position x = 0, y = 100

2022-11-30 22:08:26 - [TEST_STEP][PASSED] - z = ["Carlos", "Erika", "Paco", "Rodrigo", "Juan"]: null

2022-11-30 22:08:26 - [TEST_STEP][PASSED] - rn = new java.util.Random(): null

2022-11-30 22:08:26 - [TEST_STEP][PASSED] - tx_nombre = z[rn.nextInt(size)]: null

2022-11-30 22:08:26 - [TEST_STEP][PASSED] - setText(findTestObject("Object Repository/Reto_for/Page_ToolsQA/input_Full Name_userName"), tx_nombre): Text 'Juan' is set on object 'Object Repository/Reto_for/Page_ToolsQA/input_Full Name_userName'

2022-11-30 22:08:26 - [MESSAGE][PASSED] - Text 'Juan' is set on object 'Object Repository/Reto_for/Page_ToolsQA/input_Full Name_userName'

2022-11-30 22:08:26 - [TEST_STEP][PASSED] - setText(findTestObject("Object Repository/Reto_for/Page_ToolsQA/input_Email_userEmail"), tx_nombre + "@gmail.com"): Text 'Juan@gmail.com' is set on object 'Object Repository/Reto_for/Page_ToolsQA/input_Email_userEmail'

2022-11-30 22:08:27 - [MESSAGE][PASSED] - Text 'Juan@gmail.com' is set on object 'Object Repository/Reto_for/Page_ToolsQA/input_Email_userEmail'

2022-11-30 22:08:27 - [TEST_STEP][PASSED] - setText(findTestObject("Object Repository/Reto_for/Page_ToolsQA/textarea_Current Address_currentAddress"), "Dirección#" + x): Text 'Dirección#2' is set on object 'Object Repository/Reto_for/Page_ToolsQA/textarea_Current Address_currentAddress'

2022-11-30 22:08:28 - [MESSAGE][PASSED] - Text 'Dirección#2' is set on object 'Object Repository/Reto_for/Page_ToolsQA/textarea_Current Address_currentAddress'

2022-11-30 22:08:28 - [TEST_STEP][PASSED] - setText(findTestObject("Object Repository/Reto_for/Page_ToolsQA/textarea_Permanent Address_permanentAddress"), "Dirección dos#" + x): Text 'Dirección dos#2' is set on object 'Object Repository/Reto_for/Page_ToolsQA/textarea_Permanent Address_permanentAddress'

2022-11-30 22:08:29 - [MESSAGE][PASSED] - Text 'Dirección dos#2' is set on object 'Object Repository/Reto_for/Page_ToolsQA/textarea_Permanent Address_permanentAddress'

2022-11-30 22:08:29 - [TEST_STEP][PASSED] - scrollToPosition(0, 500): Browser is scrolled to position x = 0, y = 500

2022-11-30 22:08:29 - [MESSAGE][PASSED] - Browser is scrolled to position x = 0, y = 500

2022-11-30 22:08:29 - [TEST_STEP][PASSED] - click(findTestObject("Object Repository/Reto_for/Page_ToolsQA/button_Submit")): Object: 'Object Repository/Reto_for/Page_ToolsQA/button_Submit' is clicked on

2022-11-30 22:08:30 - [MESSAGE][PASSED] - Object: 'Object Repository/Reto_for/Page_ToolsQA/button_Submit' is clicked on

2022-11-30 22:08:30 - [TEST_STEP][PASSED] - scrollToPosition(0, 100): Browser is scrolled to position x = 0, y = 100

2022-11-30 22:08:30 - [MESSAGE][PASSED] - Browser is scrolled to position x = 0, y = 100

2022-11-30 22:08:30 - [TEST_STEP][PASSED] - z = ["Carlos", "Erika", "Paco", "Rodrigo", "Juan"]: null

2022-11-30 22:08:30 - [TEST_STEP][PASSED] - rn = new java.util.Random(): null

2022-11-30 22:08:30 - [TEST_STEP][PASSED] - tx_nombre = z[rn.nextInt(size)]: null

2022-11-30 22:08:30 - [TEST_STEP][PASSED] - setText(findTestObject("Object Repository/Reto_for/Page_ToolsQA/input_Full Name_userName"), tx_nombre): Text 'Erika' is set on object 'Object Repository/Reto_for/Page_ToolsQA/input_Full Name_userName'

2022-11-30 22:08:31 - [MESSAGE][PASSED] - Text 'Erika' is set on object 'Object Repository/Reto_for/Page_ToolsQA/input_Full Name_userName'

2022-11-30 22:08:31 - [TEST_STEP][PASSED] - setText(findTestObject("Object Repository/Reto_for/Page_ToolsQA/input_Email_userEmail"), tx_nombre + "@gmail.com"): Text 'Erika@gmail.com' is set on object 'Object Repository/Reto_for/Page_ToolsQA/input_Email_userEmail'

2022-11-30 22:08:32 - [MESSAGE][PASSED] - Text 'Erika@gmail.com' is set on object 'Object Repository/Reto_for/Page_ToolsQA/input_Email_userEmail'

2022-11-30 22:08:32 - [TEST_STEP][PASSED] - setText(findTestObject("Object Repository/Reto_for/Page_ToolsQA/textarea_Current Address_currentAddress"), "Dirección#" + x): Text 'Dirección#3' is set on object 'Object Repository/Reto_for/Page_ToolsQA/textarea_Current Address_currentAddress'

2022-11-30 22:08:32 - [MESSAGE][PASSED] - Text 'Dirección#3' is set on object 'Object Repository/Reto_for/Page_ToolsQA/textarea_Current Address_currentAddress'

2022-11-30 22:08:32 - [TEST_STEP][PASSED] - setText(findTestObject("Object Repository/Reto_for/Page_ToolsQA/textarea_Permanent Address_permanentAddress"), "Dirección dos#" + x): Text 'Dirección dos#3' is set on object 'Object Repository/Reto_for/Page_ToolsQA/textarea_Permanent Address_permanentAddress'

2022-11-30 22:08:33 - [MESSAGE][PASSED] - Text 'Dirección dos#3' is set on object 'Object Repository/Reto_for/Page_ToolsQA/textarea_Permanent Address_permanentAddress'

2022-11-30 22:08:33 - [TEST_STEP][PASSED] - scrollToPosition(0, 500): Browser is scrolled to position x = 0, y = 500

2022-11-30 22:08:33 - [MESSAGE][PASSED] - Browser is scrolled to position x = 0, y = 500

2022-11-30 22:08:33 - [TEST_STEP][PASSED] - click(findTestObject("Object Repository/Reto_for/Page_ToolsQA/button_Submit")): Object: 'Object Repository/Reto_for/Page_ToolsQA/button_Submit' is clicked on

2022-11-30 22:08:34 - [MESSAGE][PASSED] - Object: 'Object Repository/Reto_for/Page_ToolsQA/button_Submit' is clicked on

2022-11-30 22:08:34 - [TEST_STEP][PASSED] - scrollToPosition(0, 100): Browser is scrolled to position x = 0, y = 100

2022-11-30 22:08:34 - [MESSAGE][PASSED] - Browser is scrolled to position x = 0, y = 100

2022-11-30 22:08:34 - [TEST_STEP][PASSED] - z = ["Carlos", "Erika", "Paco", "Rodrigo", "Juan"]: null

2022-11-30 22:08:34 - [TEST_STEP][PASSED] - rn = new java.util.Random(): null

2022-11-30 22:08:34 - [TEST_STEP][PASSED] - tx_nombre = z[rn.nextInt(size)]: null

2022-11-30 22:08:34 - [TEST_STEP][PASSED] - setText(findTestObject("Object Repository/Reto_for/Page_ToolsQA/input_Full Name_userName"), tx_nombre): Text 'Erika' is set on object 'Object Repository/Reto_for/Page_ToolsQA/input_Full Name_userName'

2022-11-30 22:08:35 - [MESSAGE][PASSED] - Text 'Erika' is set on object 'Object Repository/Reto_for/Page_ToolsQA/input_Full Name_userName'

2022-11-30 22:08:35 - [TEST_STEP][PASSED] - setText(findTestObject("Object Repository/Reto_for/Page_ToolsQA/input_Email_userEmail"), tx_nombre + "@gmail.com"): Text 'Erika@gmail.com' is set on object 'Object Repository/Reto_for/Page_ToolsQA/input_Email_userEmail'

2022-11-30 22:08:36 - [MESSAGE][PASSED] - Text 'Erika@gmail.com' is set on object 'Object Repository/Reto_for/Page_ToolsQA/input_Email_userEmail'

2022-11-30 22:08:36 - [TEST_STEP][PASSED] - setText(findTestObject("Object Repository/Reto_for/Page_ToolsQA/textarea_Current Address_currentAddress"), "Dirección#" + x): Text 'Dirección#4' is set on object 'Object Repository/Reto_for/Page_ToolsQA/textarea_Current Address_currentAddress'

2022-11-30 22:08:36 - [MESSAGE][PASSED] - Text 'Dirección#4' is set on object 'Object Repository/Reto_for/Page_ToolsQA/textarea_Current Address_currentAddress'

2022-11-30 22:08:36 - [TEST_STEP][PASSED] - setText(findTestObject("Object Repository/Reto_for/Page_ToolsQA/textarea_Permanent Address_permanentAddress"), "Dirección dos#" + x): Text 'Dirección dos#4' is set on object 'Object Repository/Reto_for/Page_ToolsQA/textarea_Permanent Address_permanentAddress'

2022-11-30 22:08:37 - [MESSAGE][PASSED] - Text 'Dirección dos#4' is set on object 'Object Repository/Reto_for/Page_ToolsQA/textarea_Permanent Address_permanentAddress'

2022-11-30 22:08:37 - [TEST_STEP][PASSED] - scrollToPosition(0, 500): Browser is scrolled to position x = 0, y = 500

2022-11-30 22:08:37 - [MESSAGE][PASSED] - Browser is scrolled to position x = 0, y = 500

2022-11-30 22:08:37 - [TEST_STEP][PASSED] - click(findTestObject("Object Repository/Reto_for/Page_ToolsQA/button_Submit")): Object: 'Object Repository/Reto_for/Page_ToolsQA/button_Submit' is clicked on

2022-11-30 22:08:38 - [MESSAGE][PASSED] - Object: 'Object Repository/Reto_for/Page_ToolsQA/button_Submit' is clicked on

2022-11-30 22:08:38 - [TEST_STEP][PASSED] - scrollToPosition(0, 100): Browser is scrolled to position x = 0, y = 100

2022-11-30 22:08:38 - [MESSAGE][PASSED] - Browser is scrolled to position x = 0, y = 100

2022-11-30 22:08:38 - [TEST_STEP][PASSED] - closeBrowser(): Browser is closed

2022-11-30 22:08:39 - [MESSAGE][PASSED] - Browser is closed]]></system-out>
         <system-err><![CDATA[]]></system-err>
      </testcase>
      <testcase name="Test Cases/BUCLES/Reto_while" time="21.608" classname="Test Cases/BUCLES/Reto_while" status="PASSED">
         <system-out><![CDATA[2022-11-30 22:08:39 - [TEST_CASE][PASSED] - Test Cases/BUCLES/Reto_while: Test Cases/BUCLES/Reto_while

2022-11-30 22:08:39 - [TEST_STEP][PASSED] - openBrowser(""): Browser is opened with url: ''

2022-11-30 22:08:39 - [MESSAGE][INFO] - Starting 'Chrome' driver

2022-11-30 22:08:39 - [MESSAGE][INFO] - Action delay is set to 0 milliseconds

2022-11-30 22:08:41 - [MESSAGE][PASSED] - Browser is opened with url: ''

2022-11-30 22:08:41 - [TEST_STEP][PASSED] - navigateToUrl("https://www.google.com/"): Navigate to 'https://www.google.com/' successfully

2022-11-30 22:08:44 - [MESSAGE][PASSED] - Navigate to 'https://www.google.com/' successfully

2022-11-30 22:08:44 - [TEST_STEP][PASSED] - Bandera = 0: null

2022-11-30 22:08:44 - [TEST_STEP][PASSED] - while (Bandera != 1): null

2022-11-30 22:08:44 - [TEST_STEP][PASSED] - num = Math.random() * 5 - 1 + 1: null

2022-11-30 22:08:44 - [TEST_STEP][PASSED] - setText(findTestObject("Object Repository/While_google/Page_Google/input__q"), "5+" + num): Text '5+4' is set on object 'Object Repository/While_google/Page_Google/input__q'

2022-11-30 22:08:45 - [MESSAGE][PASSED] - Text '5+4' is set on object 'Object Repository/While_google/Page_Google/input__q'

2022-11-30 22:08:45 - [TEST_STEP][PASSED] - sendKeys(findTestObject("Object Repository/While_google/Page_Google/input__q"), Keys.chord(ENTER)): Keys 'ENTER + ' sent to object: 'Object Repository/While_google/Page_Google/input__q'

2022-11-30 22:08:53 - [MESSAGE][PASSED] - Keys 'ENTER + ' sent to object: 'Object Repository/While_google/Page_Google/input__q'

2022-11-30 22:08:53 - [TEST_STEP][PASSED] - Resultado = getText(findTestObject("While_google/Extras/Resultado_10")): Text of object 'Object Repository/While_google/Extras/Resultado_10' is: '9'

2022-11-30 22:08:54 - [MESSAGE][PASSED] - Text of object 'Object Repository/While_google/Extras/Resultado_10' is: '9'

2022-11-30 22:08:54 - [TEST_STEP][PASSED] - if (Resultado == "8"): null

2022-11-30 22:08:54 - [TEST_STEP][PASSED] - else: null

2022-11-30 22:08:54 - [TEST_STEP][PASSED] - Bandera = 0: null

2022-11-30 22:08:54 - [TEST_STEP][PASSED] - print(Bandera + "------"): null

2022-11-30 22:08:54 - [TEST_STEP][PASSED] - num = Math.random() * 5 - 1 + 1: null

2022-11-30 22:08:54 - [TEST_STEP][PASSED] - setText(findTestObject("Object Repository/While_google/Page_Google/input__q"), "5+" + num): Text '5+3' is set on object 'Object Repository/While_google/Page_Google/input__q'

2022-11-30 22:08:55 - [MESSAGE][PASSED] - Text '5+3' is set on object 'Object Repository/While_google/Page_Google/input__q'

2022-11-30 22:08:55 - [TEST_STEP][PASSED] - sendKeys(findTestObject("Object Repository/While_google/Page_Google/input__q"), Keys.chord(ENTER)): Keys 'ENTER + ' sent to object: 'Object Repository/While_google/Page_Google/input__q'

2022-11-30 22:08:59 - [MESSAGE][PASSED] - Keys 'ENTER + ' sent to object: 'Object Repository/While_google/Page_Google/input__q'

2022-11-30 22:08:59 - [TEST_STEP][PASSED] - Resultado = getText(findTestObject("While_google/Extras/Resultado_10")): Text of object 'Object Repository/While_google/Extras/Resultado_10' is: '8'

2022-11-30 22:08:59 - [MESSAGE][PASSED] - Text of object 'Object Repository/While_google/Extras/Resultado_10' is: '8'

2022-11-30 22:08:59 - [TEST_STEP][PASSED] - if (Resultado == "8"): Browser is closed

2022-11-30 22:08:59 - [TEST_STEP][PASSED] - Bandera = 1: null

2022-11-30 22:08:59 - [TEST_STEP][PASSED] - print("Listo termina"): null

2022-11-30 22:08:59 - [TEST_STEP][PASSED] - closeBrowser(): Browser is closed

2022-11-30 22:09:00 - [MESSAGE][PASSED] - Browser is closed

2022-11-30 22:09:00 - [TEST_STEP][PASSED] - print(Bandera + "------"): null]]></system-out>
         <system-err><![CDATA[]]></system-err>
      </testcase>
      <testcase name="Test Cases/BUCLES/Reto_while_solucion" time="13.518" classname="Test Cases/BUCLES/Reto_while_solucion" status="PASSED">
         <system-out><![CDATA[2022-11-30 22:09:00 - [TEST_CASE][PASSED] - Test Cases/BUCLES/Reto_while_solucion: Test Cases/BUCLES/Reto_while_solucion

2022-11-30 22:09:00 - [TEST_STEP][PASSED] - openBrowser(""): Browser is opened with url: ''

2022-11-30 22:09:00 - [MESSAGE][INFO] - Starting 'Chrome' driver

2022-11-30 22:09:00 - [MESSAGE][INFO] - Action delay is set to 0 milliseconds

2022-11-30 22:09:02 - [MESSAGE][PASSED] - Browser is opened with url: ''

2022-11-30 22:09:02 - [TEST_STEP][PASSED] - navigateToUrl("https://www.google.com/"): Navigate to 'https://www.google.com/' successfully

2022-11-30 22:09:04 - [MESSAGE][PASSED] - Navigate to 'https://www.google.com/' successfully

2022-11-30 22:09:04 - [TEST_STEP][PASSED] - Res = 0: null

2022-11-30 22:09:04 - [TEST_STEP][PASSED] - while (Res != 8): Browser is closed

2022-11-30 22:09:04 - [TEST_STEP][PASSED] - num = Math.random() * 5 - 1 + 1: null

2022-11-30 22:09:04 - [TEST_STEP][PASSED] - setText(findTestObject("Object Repository/Reto_while1/Page_Google/input__q"), "5+" + num): Text '5+3' is set on object 'Object Repository/Reto_while1/Page_Google/input__q'

2022-11-30 22:09:05 - [MESSAGE][PASSED] - Text '5+3' is set on object 'Object Repository/Reto_while1/Page_Google/input__q'

2022-11-30 22:09:05 - [TEST_STEP][PASSED] - sendKeys(findTestObject("Object Repository/Reto_while1/Page_Google/input__q"), Keys.chord(ENTER)): Keys 'ENTER + ' sent to object: 'Object Repository/Reto_while1/Page_Google/input__q'

2022-11-30 22:09:12 - [MESSAGE][PASSED] - Keys 'ENTER + ' sent to object: 'Object Repository/Reto_while1/Page_Google/input__q'

2022-11-30 22:09:12 - [TEST_STEP][PASSED] - Res = getText(findTestObject("Reto_while1/Resultado_8")).toInteger(): Text of object 'Object Repository/Reto_while1/Resultado_8' is: '8'

2022-11-30 22:09:13 - [MESSAGE][PASSED] - Text of object 'Object Repository/Reto_while1/Resultado_8' is: '8'

2022-11-30 22:09:13 - [TEST_STEP][PASSED] - if (Res == 8): Browser is closed

2022-11-30 22:09:13 - [TEST_STEP][PASSED] - closeBrowser(): Browser is closed

2022-11-30 22:09:14 - [MESSAGE][PASSED] - Browser is closed]]></system-out>
         <system-err><![CDATA[]]></system-err>
      </testcase>
      <testcase name="Test Cases/BUCLES/Test_1" time="36.776" classname="Test Cases/BUCLES/Test_1" status="PASSED">
         <system-out><![CDATA[2022-11-30 22:09:14 - [TEST_CASE][PASSED] - Test Cases/BUCLES/Test_1: Test Cases/BUCLES/Test_1

2022-11-30 22:09:14 - [TEST_STEP][PASSED] - openBrowser(""): Browser is opened with url: ''

2022-11-30 22:09:14 - [MESSAGE][INFO] - Starting 'Chrome' driver

2022-11-30 22:09:14 - [MESSAGE][INFO] - Action delay is set to 0 milliseconds

2022-11-30 22:09:16 - [MESSAGE][PASSED] - Browser is opened with url: ''

2022-11-30 22:09:16 - [TEST_STEP][PASSED] - navigateToUrl("https://demoqa.com/text-box"): Navigate to 'https://demoqa.com/text-box' successfully

2022-11-30 22:09:26 - [MESSAGE][PASSED] - Navigate to 'https://demoqa.com/text-box' successfully

2022-11-30 22:09:26 - [TEST_STEP][PASSED] - for ([x = 1, x <= 2, (x++)]): null

2022-11-30 22:09:26 - [TEST_STEP][PASSED] - openBrowser(""): Browser is opened with url: ''

2022-11-30 22:09:26 - [MESSAGE][WARNING] - A browser is already opened. Closing browser and opening a new one

2022-11-30 22:09:26 - [MESSAGE][INFO] - Starting 'Chrome' driver

2022-11-30 22:09:26 - [MESSAGE][INFO] - Action delay is set to 0 milliseconds

2022-11-30 22:09:28 - [MESSAGE][PASSED] - Browser is opened with url: ''

2022-11-30 22:09:28 - [TEST_STEP][PASSED] - navigateToUrl("https://demoqa.com/text-box"): Navigate to 'https://demoqa.com/text-box' successfully

2022-11-30 22:09:37 - [MESSAGE][PASSED] - Navigate to 'https://demoqa.com/text-box' successfully

2022-11-30 22:09:37 - [TEST_STEP][PASSED] - RN = Math.random() * 10 - 1 + 1: null

2022-11-30 22:09:37 - [TEST_STEP][PASSED] - print("Numero : " + RN + "----"): null

2022-11-30 22:09:37 - [TEST_STEP][PASSED] - z = ["Demo1", "Demo2", "Demo3", "Demo4", "Demo5"]: null

2022-11-30 22:09:37 - [TEST_STEP][PASSED] - rnd = new java.util.Random(): null

2022-11-30 22:09:37 - [TEST_STEP][PASSED] - texto = z[rnd.nextInt(size)]: null

2022-11-30 22:09:37 - [TEST_STEP][PASSED] - print(texto): null

2022-11-30 22:09:37 - [TEST_STEP][PASSED] - openBrowser(""): Browser is opened with url: ''

2022-11-30 22:09:37 - [MESSAGE][WARNING] - A browser is already opened. Closing browser and opening a new one

2022-11-30 22:09:38 - [MESSAGE][INFO] - Starting 'Chrome' driver

2022-11-30 22:09:38 - [MESSAGE][INFO] - Action delay is set to 0 milliseconds

2022-11-30 22:09:39 - [MESSAGE][PASSED] - Browser is opened with url: ''

2022-11-30 22:09:39 - [TEST_STEP][PASSED] - navigateToUrl("https://demoqa.com/text-box"): Navigate to 'https://demoqa.com/text-box' successfully

2022-11-30 22:09:50 - [MESSAGE][PASSED] - Navigate to 'https://demoqa.com/text-box' successfully

2022-11-30 22:09:50 - [TEST_STEP][PASSED] - RN = Math.random() * 10 - 1 + 1: null

2022-11-30 22:09:50 - [TEST_STEP][PASSED] - print("Numero : " + RN + "----"): null

2022-11-30 22:09:50 - [TEST_STEP][PASSED] - z = ["Demo1", "Demo2", "Demo3", "Demo4", "Demo5"]: null

2022-11-30 22:09:50 - [TEST_STEP][PASSED] - rnd = new java.util.Random(): null

2022-11-30 22:09:50 - [TEST_STEP][PASSED] - texto = z[rnd.nextInt(size)]: null

2022-11-30 22:09:50 - [TEST_STEP][PASSED] - print(texto): null

2022-11-30 22:09:50 - [TEST_STEP][PASSED] - closeBrowser(): Browser is closed

2022-11-30 22:09:50 - [MESSAGE][PASSED] - Browser is closed]]></system-out>
         <system-err><![CDATA[]]></system-err>
      </testcase>
      <testcase name="Test Cases/BUCLES/Test_2" time="20.706" classname="Test Cases/BUCLES/Test_2" status="PASSED">
         <system-out><![CDATA[2022-11-30 22:09:50 - [TEST_CASE][PASSED] - Test Cases/BUCLES/Test_2: Test Cases/BUCLES/Test_2

2022-11-30 22:09:51 - [TEST_STEP][PASSED] - openBrowser(""): Browser is opened with url: ''

2022-11-30 22:09:51 - [MESSAGE][INFO] - Starting 'Chrome' driver

2022-11-30 22:09:51 - [MESSAGE][INFO] - Action delay is set to 0 milliseconds

2022-11-30 22:09:53 - [MESSAGE][PASSED] - Browser is opened with url: ''

2022-11-30 22:09:53 - [TEST_STEP][PASSED] - navigateToUrl("https://demoqa.com/text-box"): Navigate to 'https://demoqa.com/text-box' successfully

2022-11-30 22:10:11 - [MESSAGE][PASSED] - Navigate to 'https://demoqa.com/text-box' successfully

2022-11-30 22:10:11 - [TEST_STEP][PASSED] - for ([x = 1, x <= 10, x = x + 2]): null

2022-11-30 22:10:11 - [TEST_STEP][PASSED] - print(" hola mundo " + x + "-------"): null

2022-11-30 22:10:11 - [TEST_STEP][PASSED] - print(" hola mundo " + x + "-------"): null

2022-11-30 22:10:11 - [TEST_STEP][PASSED] - print(" hola mundo " + x + "-------"): null

2022-11-30 22:10:11 - [TEST_STEP][PASSED] - print(" hola mundo " + x + "-------"): null

2022-11-30 22:10:11 - [TEST_STEP][PASSED] - print(" hola mundo " + x + "-------"): null

2022-11-30 22:10:11 - [TEST_STEP][PASSED] - closeBrowser(): Browser is closed

2022-11-30 22:10:11 - [MESSAGE][PASSED] - Browser is closed]]></system-out>
         <system-err><![CDATA[]]></system-err>
      </testcase>
      <testcase name="Test Cases/BUCLES/Test_while" time="13.577" classname="Test Cases/BUCLES/Test_while" status="PASSED">
         <system-out><![CDATA[2022-11-30 22:10:11 - [TEST_CASE][PASSED] - Test Cases/BUCLES/Test_while: Test Cases/BUCLES/Test_while

2022-11-30 22:10:11 - [TEST_STEP][PASSED] - openBrowser(""): Browser is opened with url: ''

2022-11-30 22:10:11 - [MESSAGE][INFO] - Starting 'Chrome' driver

2022-11-30 22:10:11 - [MESSAGE][INFO] - Action delay is set to 0 milliseconds

2022-11-30 22:10:13 - [MESSAGE][PASSED] - Browser is opened with url: ''

2022-11-30 22:10:13 - [TEST_STEP][PASSED] - navigateToUrl("https://demoqa.com/text-box"): Navigate to 'https://demoqa.com/text-box' successfully

2022-11-30 22:10:24 - [MESSAGE][PASSED] - Navigate to 'https://demoqa.com/text-box' successfully

2022-11-30 22:10:24 - [TEST_STEP][PASSED] - maximizeWindow(): Current window maximized

2022-11-30 22:10:24 - [MESSAGE][PASSED] - Current window maximized

2022-11-30 22:10:24 - [TEST_STEP][PASSED] - waitForPageLoad(5): Wait for page load successfully

2022-11-30 22:10:24 - [MESSAGE][PASSED] - Wait for page load successfully

2022-11-30 22:10:24 - [TEST_STEP][PASSED] - x = 1: null

2022-11-30 22:10:24 - [TEST_STEP][PASSED] - while (x <= 3): null

2022-11-30 22:10:24 - [TEST_STEP][PASSED] - print("Hola " + x + "----------"): null

2022-11-30 22:10:24 - [TEST_STEP][PASSED] - (x++): null

2022-11-30 22:10:24 - [TEST_STEP][PASSED] - print("Hola " + x + "----------"): null

2022-11-30 22:10:24 - [TEST_STEP][PASSED] - (x++): null

2022-11-30 22:10:24 - [TEST_STEP][PASSED] - print("Hola " + x + "----------"): null

2022-11-30 22:10:24 - [TEST_STEP][PASSED] - (x++): null

2022-11-30 22:10:24 - [TEST_STEP][PASSED] - closeBrowser(): Browser is closed

2022-11-30 22:10:25 - [MESSAGE][PASSED] - Browser is closed]]></system-out>
         <system-err><![CDATA[]]></system-err>
      </testcase>
      <testcase name="Test Cases/BUCLES/Test_while2" time="14.669" classname="Test Cases/BUCLES/Test_while2" status="PASSED">
         <system-out><![CDATA[2022-11-30 22:10:25 - [TEST_CASE][PASSED] - Test Cases/BUCLES/Test_while2: Test Cases/BUCLES/Test_while2

2022-11-30 22:10:25 - [TEST_STEP][PASSED] - openBrowser(""): Browser is opened with url: ''

2022-11-30 22:10:25 - [MESSAGE][INFO] - Starting 'Chrome' driver

2022-11-30 22:10:25 - [MESSAGE][INFO] - Action delay is set to 0 milliseconds

2022-11-30 22:10:27 - [MESSAGE][PASSED] - Browser is opened with url: ''

2022-11-30 22:10:27 - [TEST_STEP][PASSED] - navigateToUrl("https://demoqa.com/text-box"): Navigate to 'https://demoqa.com/text-box' successfully

2022-11-30 22:10:39 - [MESSAGE][PASSED] - Navigate to 'https://demoqa.com/text-box' successfully

2022-11-30 22:10:39 - [TEST_STEP][PASSED] - maximizeWindow(): Current window maximized

2022-11-30 22:10:39 - [MESSAGE][PASSED] - Current window maximized

2022-11-30 22:10:39 - [TEST_STEP][PASSED] - waitForPageLoad(5): Wait for page load successfully

2022-11-30 22:10:39 - [MESSAGE][PASSED] - Wait for page load successfully

2022-11-30 22:10:39 - [TEST_STEP][PASSED] - x = 1: null

2022-11-30 22:10:39 - [TEST_STEP][PASSED] - while (x <= 5): null

2022-11-30 22:10:39 - [TEST_STEP][PASSED] - print("Valor de X" + x + "------>"): null

2022-11-30 22:10:39 - [TEST_STEP][PASSED] - (x++): null

2022-11-30 22:10:39 - [TEST_STEP][PASSED] - print("Valor de X" + x + "------>"): null

2022-11-30 22:10:39 - [TEST_STEP][PASSED] - (x++): null

2022-11-30 22:10:39 - [TEST_STEP][PASSED] - print("Valor de X" + x + "------>"): null

2022-11-30 22:10:39 - [TEST_STEP][PASSED] - (x++): null

2022-11-30 22:10:39 - [TEST_STEP][PASSED] - print("Valor de X" + x + "------>"): null

2022-11-30 22:10:39 - [TEST_STEP][PASSED] - (x++): null

2022-11-30 22:10:39 - [TEST_STEP][PASSED] - print("Valor de X" + x + "------>"): null

2022-11-30 22:10:39 - [TEST_STEP][PASSED] - (x++): null

2022-11-30 22:10:39 - [TEST_STEP][PASSED] - closeBrowser(): Browser is closed

2022-11-30 22:10:39 - [MESSAGE][PASSED] - Browser is closed]]></system-out>
         <system-err><![CDATA[]]></system-err>
      </testcase>
      <testcase name="Test Cases/Drive_excel/Drive_excel" time="16.264" classname="Test Cases/Drive_excel/Drive_excel" status="PASSED">
         <system-out><![CDATA[2022-11-30 22:10:39 - [TEST_CASE][PASSED] - Test Cases/Drive_excel/Drive_excel: Test Cases/Drive_excel/Drive_excel

2022-11-30 22:10:40 - [TEST_STEP][PASSED] - openBrowser(""): Browser is opened with url: ''

2022-11-30 22:10:40 - [MESSAGE][INFO] - Starting 'Chrome' driver

2022-11-30 22:10:40 - [MESSAGE][INFO] - Action delay is set to 0 milliseconds

2022-11-30 22:10:42 - [MESSAGE][PASSED] - Browser is opened with url: ''

2022-11-30 22:10:42 - [TEST_STEP][PASSED] - navigateToUrl("https://demoqa.com/automation-practice-form"): Navigate to 'https://demoqa.com/automation-practice-form' successfully

2022-11-30 22:10:49 - [MESSAGE][PASSED] - Navigate to 'https://demoqa.com/automation-practice-form' successfully

2022-11-30 22:10:49 - [TEST_STEP][PASSED] - waitForPageLoad(40): Wait for page load successfully

2022-11-30 22:10:49 - [MESSAGE][PASSED] - Wait for page load successfully

2022-11-30 22:10:49 - [TEST_STEP][PASSED] - maximizeWindow(): Current window maximized

2022-11-30 22:10:49 - [MESSAGE][PASSED] - Current window maximized

2022-11-30 22:10:49 - [TEST_STEP][PASSED] - setText(findTestObject("Object Repository/Drive_excel/Page_ToolsQA/input_Name_firstName"), nombre): Text '' is set on object 'Object Repository/Drive_excel/Page_ToolsQA/input_Name_firstName'

2022-11-30 22:10:51 - [MESSAGE][PASSED] - Text '' is set on object 'Object Repository/Drive_excel/Page_ToolsQA/input_Name_firstName'

2022-11-30 22:10:51 - [TEST_STEP][PASSED] - setText(findTestObject("Object Repository/Drive_excel/Page_ToolsQA/input_Name_lastName"), apellido): Text '' is set on object 'Object Repository/Drive_excel/Page_ToolsQA/input_Name_lastName'

2022-11-30 22:10:52 - [MESSAGE][PASSED] - Text '' is set on object 'Object Repository/Drive_excel/Page_ToolsQA/input_Name_lastName'

2022-11-30 22:10:52 - [TEST_STEP][PASSED] - setText(findTestObject("Object Repository/Drive_excel/Page_ToolsQA/input_Email_userEmail"), email): Text '' is set on object 'Object Repository/Drive_excel/Page_ToolsQA/input_Email_userEmail'

2022-11-30 22:10:53 - [MESSAGE][PASSED] - Text '' is set on object 'Object Repository/Drive_excel/Page_ToolsQA/input_Email_userEmail'

2022-11-30 22:10:53 - [TEST_STEP][PASSED] - delay(2): Delayed 2 second(s)

2022-11-30 22:10:55 - [MESSAGE][PASSED] - Delayed 2 second(s)

2022-11-30 22:10:55 - [TEST_STEP][PASSED] - closeBrowser(): Browser is closed

2022-11-30 22:10:56 - [MESSAGE][PASSED] - Browser is closed]]></system-out>
         <system-err><![CDATA[]]></system-err>
      </testcase>
      <testcase name="Test Cases/Navegador/Navegador" time="10.703" classname="Test Cases/Navegador/Navegador" status="PASSED">
         <system-out><![CDATA[2022-11-30 22:10:56 - [TEST_CASE][PASSED] - Test Cases/Navegador/Navegador: Test Cases/Navegador/Navegador

2022-11-30 22:10:56 - [TEST_STEP][PASSED] - openBrowser("https://demoqa.com/text-box"): Browser is opened with url: 'https://demoqa.com/text-box'

2022-11-30 22:10:56 - [MESSAGE][INFO] - Starting 'Chrome' driver

2022-11-30 22:10:56 - [MESSAGE][INFO] - Action delay is set to 0 milliseconds

2022-11-30 22:11:06 - [MESSAGE][PASSED] - Browser is opened with url: 'https://demoqa.com/text-box'

2022-11-30 22:11:06 - [TEST_STEP][PASSED] - maximizeWindow(): Current window maximized

2022-11-30 22:11:06 - [MESSAGE][PASSED] - Current window maximized

2022-11-30 22:11:06 - [TEST_STEP][PASSED] - page_url = getUrl(): Current window's url is: 'https://demoqa.com/text-box'

2022-11-30 22:11:06 - [MESSAGE][PASSED] - Current window's url is: 'https://demoqa.com/text-box'

2022-11-30 22:11:06 - [TEST_STEP][PASSED] - print(page_url): null

2022-11-30 22:11:06 - [TEST_STEP][PASSED] - Titulo = getWindowTitle(): Current window's title is: 'ToolsQA'

2022-11-30 22:11:06 - [MESSAGE][PASSED] - Current window's title is: 'ToolsQA'

2022-11-30 22:11:06 - [TEST_STEP][PASSED] - print("titiulo de la pagina" + Titulo): null

2022-11-30 22:11:06 - [TEST_STEP][PASSED] - closeBrowser(): Browser is closed

2022-11-30 22:11:06 - [MESSAGE][PASSED] - Browser is closed]]></system-out>
         <system-err><![CDATA[]]></system-err>
      </testcase>
      <testcase name="Test Cases/Objecto_xpath/Caso_xpath" time="15.935" classname="Test Cases/Objecto_xpath/Caso_xpath" status="PASSED">
         <system-out><![CDATA[2022-11-30 22:11:06 - [TEST_CASE][PASSED] - Test Cases/Objecto_xpath/Caso_xpath: Test Cases/Objecto_xpath/Caso_xpath

2022-11-30 22:11:06 - [TEST_STEP][PASSED] - openBrowser(""): Browser is opened with url: ''

2022-11-30 22:11:06 - [MESSAGE][INFO] - Starting 'Chrome' driver

2022-11-30 22:11:06 - [MESSAGE][INFO] - Action delay is set to 0 milliseconds

2022-11-30 22:11:08 - [MESSAGE][PASSED] - Browser is opened with url: ''

2022-11-30 22:11:08 - [TEST_STEP][PASSED] - navigateToUrl("https://demoqa.com/text-box"): Navigate to 'https://demoqa.com/text-box' successfully

2022-11-30 22:11:17 - [MESSAGE][PASSED] - Navigate to 'https://demoqa.com/text-box' successfully

2022-11-30 22:11:17 - [TEST_STEP][PASSED] - maximizeWindow(): Current window maximized

2022-11-30 22:11:17 - [MESSAGE][PASSED] - Current window maximized

2022-11-30 22:11:17 - [TEST_STEP][PASSED] - setText(findTestObject("Objeto_xpath/Campo_nombre"), "Ljubo"): Text 'Ljubo' is set on object 'Object Repository/Objeto_xpath/Campo_nombre'

2022-11-30 22:11:19 - [MESSAGE][PASSED] - Text 'Ljubo' is set on object 'Object Repository/Objeto_xpath/Campo_nombre'

2022-11-30 22:11:19 - [TEST_STEP][PASSED] - delay(3): Delayed 3 second(s)

2022-11-30 22:11:22 - [MESSAGE][PASSED] - Delayed 3 second(s)

2022-11-30 22:11:22 - [TEST_STEP][PASSED] - closeBrowser(): Browser is closed

2022-11-30 22:11:22 - [MESSAGE][PASSED] - Browser is closed]]></system-out>
         <system-err><![CDATA[]]></system-err>
      </testcase>
      <testcase name="Test Cases/Condicionales_If/Condicionar_titulo" time="23.906" classname="Test Cases/Condicionales_If/Condicionar_titulo" status="PASSED">
         <system-out><![CDATA[2022-11-30 22:11:22 - [TEST_CASE][PASSED] - Test Cases/Condicionales_If/Condicionar_titulo: Test Cases/Condicionales_If/Condicionar_titulo

2022-11-30 22:11:22 - [TEST_STEP][PASSED] - openBrowser(""): Browser is opened with url: ''

2022-11-30 22:11:22 - [MESSAGE][INFO] - Starting 'Chrome' driver

2022-11-30 22:11:22 - [MESSAGE][INFO] - Action delay is set to 0 milliseconds

2022-11-30 22:11:24 - [MESSAGE][PASSED] - Browser is opened with url: ''

2022-11-30 22:11:24 - [TEST_STEP][PASSED] - navigateToUrl("https://demoqa.com/"): Navigate to 'https://demoqa.com/' successfully

2022-11-30 22:11:33 - [MESSAGE][PASSED] - Navigate to 'https://demoqa.com/' successfully

2022-11-30 22:11:33 - [TEST_STEP][PASSED] - maximizeWindow(): Current window maximized

2022-11-30 22:11:33 - [MESSAGE][PASSED] - Current window maximized

2022-11-30 22:11:33 - [TEST_STEP][PASSED] - waitForPageLoad(5): Wait for page load successfully

2022-11-30 22:11:33 - [MESSAGE][PASSED] - Wait for page load successfully

2022-11-30 22:11:33 - [TEST_STEP][PASSED] - Existe = waitForElementVisible(findTestObject("Condicionales/Texto_radio"), 3): Web element with id: 'Object Repository/Condicionales/Texto_radio' located by '//div[@class='main-header'][contains(.,'Radio Button')]' not found

2022-11-30 22:11:37 - [MESSAGE][INFO] - Unable to find the element located by 'By.xpath: //div[@class='main-header'][contains(.,'Radio Button')]'. Please recheck the objects properties to make sure the desired element is located. 

2022-11-30 22:11:37 - [MESSAGE][WARNING] - [SELF-HEALING] Failed to find element with id 'Object Repository/Condicionales/Texto_radio'. Try using Self-healing.

2022-11-30 22:11:38 - [MESSAGE][INFO] - [SELF-HEALING] No working XPath is found.

2022-11-30 22:11:39 - [MESSAGE][INFO] - Unable to find the element located by 'By.xpath: '. Please recheck the objects properties to make sure the desired element is located. 

2022-11-30 22:11:39 - [MESSAGE][WARNING] - [SELF-HEALING] Cannot find elements when the selector is null

2022-11-30 22:11:39 - [MESSAGE][WARNING] - Web element with id: 'Object Repository/Condicionales/Texto_radio' located by '//div[@class='main-header'][contains(.,'Radio Button')]' not found

2022-11-30 22:11:39 - [TEST_STEP][PASSED] - print(Existe): null

2022-11-30 22:11:39 - [TEST_STEP][PASSED] - if (Existe == true): null

2022-11-30 22:11:39 - [TEST_STEP][PASSED] - else: Browser is closed

2022-11-30 22:11:39 - [TEST_STEP][PASSED] - print("-----  Error no esta el elemento de texto radio ------"): null

2022-11-30 22:11:39 - [TEST_STEP][PASSED] - navigateToUrl("https://demoqa.com/radio-button"): Navigate to 'https://demoqa.com/radio-button' successfully

2022-11-30 22:11:42 - [MESSAGE][PASSED] - Navigate to 'https://demoqa.com/radio-button' successfully

2022-11-30 22:11:42 - [TEST_STEP][PASSED] - click(findTestObject("Condicionales/Objeto_yes")): Object: 'Object Repository/Condicionales/Objeto_yes' is clicked on

2022-11-30 22:11:44 - [MESSAGE][PASSED] - Object: 'Object Repository/Condicionales/Objeto_yes' is clicked on

2022-11-30 22:11:44 - [TEST_STEP][PASSED] - delay(2): Delayed 2 second(s)

2022-11-30 22:11:46 - [MESSAGE][PASSED] - Delayed 2 second(s)

2022-11-30 22:11:46 - [TEST_STEP][PASSED] - closeBrowser(): Browser is closed

2022-11-30 22:11:46 - [MESSAGE][PASSED] - Browser is closed]]></system-out>
         <system-err><![CDATA[]]></system-err>
      </testcase>
      <testcase name="Test Cases/Condicionales_If/Test_1" time="0.034" classname="Test Cases/Condicionales_If/Test_1" status="PASSED">
         <system-out><![CDATA[2022-11-30 22:11:46 - [TEST_CASE][PASSED] - Test Cases/Condicionales_If/Test_1: Test Cases/Condicionales_If/Test_1

2022-11-30 22:11:46 - [TEST_STEP][PASSED] - if (num == 10): null

2022-11-30 22:11:46 - [TEST_STEP][PASSED] - else: null

2022-11-30 22:11:46 - [TEST_STEP][PASSED] - print("El numero no es un 10 es el numero:  " + num + "#####"): null]]></system-out>
         <system-err><![CDATA[]]></system-err>
      </testcase>
      <testcase name="Test Cases/Condicionales_If/Test_2" time="0.016" classname="Test Cases/Condicionales_If/Test_2" status="PASSED">
         <system-out><![CDATA[2022-11-30 22:11:46 - [TEST_CASE][PASSED] - Test Cases/Condicionales_If/Test_2: Test Cases/Condicionales_If/Test_2

2022-11-30 22:11:46 - [TEST_STEP][PASSED] - if (num == 5): null

2022-11-30 22:11:46 - [TEST_STEP][PASSED] - if (num == 10): null

2022-11-30 22:11:46 - [TEST_STEP][PASSED] - println("El valor de la variables es un: 10"): null]]></system-out>
         <system-err><![CDATA[]]></system-err>
      </testcase>
      <testcase name="Test Cases/Condicionales_If/Test_3" time="0.015" classname="Test Cases/Condicionales_If/Test_3" status="PASSED">
         <system-out><![CDATA[2022-11-30 22:11:46 - [TEST_CASE][PASSED] - Test Cases/Condicionales_If/Test_3: Test Cases/Condicionales_If/Test_3

2022-11-30 22:11:46 - [TEST_STEP][PASSED] - if (nombre == "Juan"): null

2022-11-30 22:11:46 - [TEST_STEP][PASSED] - if (nombre == "JUan"): null

2022-11-30 22:11:46 - [TEST_STEP][PASSED] - if (nombre == "juan"): null

2022-11-30 22:11:46 - [TEST_STEP][PASSED] - println("Tu nombre es juan"): null]]></system-out>
         <system-err><![CDATA[]]></system-err>
      </testcase>
      <testcase name="Test Cases/Condicionales_If/Test_4" time="0.022" classname="Test Cases/Condicionales_If/Test_4" status="PASSED">
         <system-out><![CDATA[2022-11-30 22:11:46 - [TEST_CASE][PASSED] - Test Cases/Condicionales_If/Test_4: Test Cases/Condicionales_If/Test_4

2022-11-30 22:11:46 - [TEST_STEP][PASSED] - if (num <= 7): null

2022-11-30 22:11:46 - [TEST_STEP][PASSED] - println("El numero es menor ó igual que 5"): null

2022-11-30 22:11:46 - [TEST_STEP][PASSED] - if (num >= 8): null

2022-11-30 22:11:46 - [TEST_STEP][PASSED] - if (num != 5): null]]></system-out>
         <system-err><![CDATA[]]></system-err>
      </testcase>
      <testcase name="Test Cases/Condicionales_If/Test_edad" time="0.022" classname="Test Cases/Condicionales_If/Test_edad" status="PASSED">
         <system-out><![CDATA[2022-11-30 22:11:46 - [TEST_CASE][PASSED] - Test Cases/Condicionales_If/Test_edad: Test Cases/Condicionales_If/Test_edad

2022-11-30 22:11:46 - [TEST_STEP][PASSED] - if (edad >= 1 && edad <= 17): null

2022-11-30 22:11:46 - [TEST_STEP][PASSED] - else if (edad == 18): null

2022-11-30 22:11:46 - [TEST_STEP][PASSED] - else if (edad <= 0): null

2022-11-30 22:11:46 - [TEST_STEP][PASSED] - else if (edad == 120): null

2022-11-30 22:11:46 - [TEST_STEP][PASSED] - else: null

2022-11-30 22:11:46 - [TEST_STEP][PASSED] - print("No se cumple ninguna de las opciones"): null]]></system-out>
         <system-err><![CDATA[]]></system-err>
      </testcase>
      <testcase name="Test Cases/Condicionales_If/Test_valor" time="21.598" classname="Test Cases/Condicionales_If/Test_valor" status="PASSED">
         <system-out><![CDATA[2022-11-30 22:11:46 - [TEST_CASE][PASSED] - Test Cases/Condicionales_If/Test_valor: Test Cases/Condicionales_If/Test_valor

2022-11-30 22:11:46 - [TEST_STEP][PASSED] - openBrowser(""): Browser is opened with url: ''

2022-11-30 22:11:46 - [MESSAGE][INFO] - Starting 'Chrome' driver

2022-11-30 22:11:46 - [MESSAGE][INFO] - Action delay is set to 0 milliseconds

2022-11-30 22:11:48 - [MESSAGE][PASSED] - Browser is opened with url: ''

2022-11-30 22:11:48 - [TEST_STEP][PASSED] - navigateToUrl("https://demoqa.com/"): Navigate to 'https://demoqa.com/' successfully

2022-11-30 22:11:59 - [MESSAGE][PASSED] - Navigate to 'https://demoqa.com/' successfully

2022-11-30 22:11:59 - [TEST_STEP][PASSED] - maximizeWindow(): Current window maximized

2022-11-30 22:11:59 - [MESSAGE][PASSED] - Current window maximized

2022-11-30 22:11:59 - [TEST_STEP][PASSED] - waitForPageLoad(10): Wait for page load successfully

2022-11-30 22:11:59 - [MESSAGE][PASSED] - Wait for page load successfully

2022-11-30 22:11:59 - [TEST_STEP][PASSED] - Existe = waitForElementVisible(findTestObject("Condicionales/titulo1"), 5): Web element with id: 'Object Repository/Condicionales/titulo1' located by '//div[@class='main-header'][contains(.,'Radio Button')]' not found

2022-11-30 22:12:05 - [MESSAGE][INFO] - Unable to find the element located by 'By.xpath: //div[@class='main-header'][contains(.,'Radio Button')]'. Please recheck the objects properties to make sure the desired element is located. 

2022-11-30 22:12:05 - [MESSAGE][WARNING] - [SELF-HEALING] Failed to find element with id 'Object Repository/Condicionales/titulo1'. Try using Self-healing.

2022-11-30 22:12:06 - [MESSAGE][INFO] - [SELF-HEALING] No working XPath is found.

2022-11-30 22:12:07 - [MESSAGE][INFO] - Unable to find the element located by 'By.xpath: '. Please recheck the objects properties to make sure the desired element is located. 

2022-11-30 22:12:07 - [MESSAGE][WARNING] - [SELF-HEALING] Cannot find elements when the selector is null

2022-11-30 22:12:07 - [MESSAGE][WARNING] - Web element with id: 'Object Repository/Condicionales/titulo1' located by '//div[@class='main-header'][contains(.,'Radio Button')]' not found

2022-11-30 22:12:07 - [TEST_STEP][PASSED] - if (Existe == true): null

2022-11-30 22:12:07 - [TEST_STEP][PASSED] - else: Browser is closed

2022-11-30 22:12:07 - [TEST_STEP][PASSED] - print("No estas en la página correcta"): null

2022-11-30 22:12:07 - [TEST_STEP][PASSED] - closeBrowser(): Browser is closed

2022-11-30 22:12:08 - [MESSAGE][PASSED] - Browser is closed]]></system-out>
         <system-err><![CDATA[]]></system-err>
      </testcase>
      <testcase name="Test Cases/BUCLES/Reto_For" time="25.882" classname="Test Cases/BUCLES/Reto_For" status="PASSED">
         <system-out><![CDATA[2022-11-30 22:12:08 - [TEST_CASE][PASSED] - Test Cases/BUCLES/Reto_For: Test Cases/BUCLES/Reto_For

2022-11-30 22:12:08 - [TEST_STEP][PASSED] - openBrowser(""): Browser is opened with url: ''

2022-11-30 22:12:08 - [MESSAGE][INFO] - Starting 'Chrome' driver

2022-11-30 22:12:08 - [MESSAGE][INFO] - Action delay is set to 0 milliseconds

2022-11-30 22:12:10 - [MESSAGE][PASSED] - Browser is opened with url: ''

2022-11-30 22:12:10 - [TEST_STEP][PASSED] - navigateToUrl("https://demoqa.com/text-box"): Navigate to 'https://demoqa.com/text-box' successfully

2022-11-30 22:12:17 - [MESSAGE][PASSED] - Navigate to 'https://demoqa.com/text-box' successfully

2022-11-30 22:12:17 - [TEST_STEP][PASSED] - maximizeWindow(): Current window maximized

2022-11-30 22:12:17 - [MESSAGE][PASSED] - Current window maximized

2022-11-30 22:12:17 - [TEST_STEP][PASSED] - waitForPageLoad(5): Wait for page load successfully

2022-11-30 22:12:17 - [MESSAGE][PASSED] - Wait for page load successfully

2022-11-30 22:12:17 - [TEST_STEP][PASSED] - for ([x = 1, x <= 4, (x++)]): Browser is scrolled to position x = 0, y = 100

2022-11-30 22:12:17 - [TEST_STEP][PASSED] - z = ["Carlos", "Erika", "Paco", "Rodrigo", "Juan"]: null

2022-11-30 22:12:17 - [TEST_STEP][PASSED] - rn = new java.util.Random(): null

2022-11-30 22:12:17 - [TEST_STEP][PASSED] - tx_nombre = z[rn.nextInt(size)]: null

2022-11-30 22:12:17 - [TEST_STEP][PASSED] - setText(findTestObject("Object Repository/Reto_for/Page_ToolsQA/input_Full Name_userName"), tx_nombre): Text 'Rodrigo' is set on object 'Object Repository/Reto_for/Page_ToolsQA/input_Full Name_userName'

2022-11-30 22:12:19 - [MESSAGE][PASSED] - Text 'Rodrigo' is set on object 'Object Repository/Reto_for/Page_ToolsQA/input_Full Name_userName'

2022-11-30 22:12:19 - [TEST_STEP][PASSED] - setText(findTestObject("Object Repository/Reto_for/Page_ToolsQA/input_Email_userEmail"), tx_nombre + "@gmail.com"): Text 'Rodrigo@gmail.com' is set on object 'Object Repository/Reto_for/Page_ToolsQA/input_Email_userEmail'

2022-11-30 22:12:20 - [MESSAGE][PASSED] - Text 'Rodrigo@gmail.com' is set on object 'Object Repository/Reto_for/Page_ToolsQA/input_Email_userEmail'

2022-11-30 22:12:20 - [TEST_STEP][PASSED] - setText(findTestObject("Object Repository/Reto_for/Page_ToolsQA/textarea_Current Address_currentAddress"), "Dirección#" + x): Text 'Dirección#1' is set on object 'Object Repository/Reto_for/Page_ToolsQA/textarea_Current Address_currentAddress'

2022-11-30 22:12:21 - [MESSAGE][PASSED] - Text 'Dirección#1' is set on object 'Object Repository/Reto_for/Page_ToolsQA/textarea_Current Address_currentAddress'

2022-11-30 22:12:21 - [TEST_STEP][PASSED] - setText(findTestObject("Object Repository/Reto_for/Page_ToolsQA/textarea_Permanent Address_permanentAddress"), "Dirección dos#" + x): Text 'Dirección dos#1' is set on object 'Object Repository/Reto_for/Page_ToolsQA/textarea_Permanent Address_permanentAddress'

2022-11-30 22:12:22 - [MESSAGE][PASSED] - Text 'Dirección dos#1' is set on object 'Object Repository/Reto_for/Page_ToolsQA/textarea_Permanent Address_permanentAddress'

2022-11-30 22:12:22 - [TEST_STEP][PASSED] - scrollToPosition(0, 500): Browser is scrolled to position x = 0, y = 500

2022-11-30 22:12:22 - [MESSAGE][PASSED] - Browser is scrolled to position x = 0, y = 500

2022-11-30 22:12:22 - [TEST_STEP][PASSED] - click(findTestObject("Object Repository/Reto_for/Page_ToolsQA/button_Submit")): Object: 'Object Repository/Reto_for/Page_ToolsQA/button_Submit' is clicked on

2022-11-30 22:12:22 - [MESSAGE][PASSED] - Object: 'Object Repository/Reto_for/Page_ToolsQA/button_Submit' is clicked on

2022-11-30 22:12:22 - [TEST_STEP][PASSED] - scrollToPosition(0, 100): Browser is scrolled to position x = 0, y = 100

2022-11-30 22:12:22 - [MESSAGE][PASSED] - Browser is scrolled to position x = 0, y = 100

2022-11-30 22:12:22 - [TEST_STEP][PASSED] - z = ["Carlos", "Erika", "Paco", "Rodrigo", "Juan"]: null

2022-11-30 22:12:22 - [TEST_STEP][PASSED] - rn = new java.util.Random(): null

2022-11-30 22:12:22 - [TEST_STEP][PASSED] - tx_nombre = z[rn.nextInt(size)]: null

2022-11-30 22:12:22 - [TEST_STEP][PASSED] - setText(findTestObject("Object Repository/Reto_for/Page_ToolsQA/input_Full Name_userName"), tx_nombre): Text 'Paco' is set on object 'Object Repository/Reto_for/Page_ToolsQA/input_Full Name_userName'

2022-11-30 22:12:23 - [MESSAGE][PASSED] - Text 'Paco' is set on object 'Object Repository/Reto_for/Page_ToolsQA/input_Full Name_userName'

2022-11-30 22:12:23 - [TEST_STEP][PASSED] - setText(findTestObject("Object Repository/Reto_for/Page_ToolsQA/input_Email_userEmail"), tx_nombre + "@gmail.com"): Text 'Paco@gmail.com' is set on object 'Object Repository/Reto_for/Page_ToolsQA/input_Email_userEmail'

2022-11-30 22:12:24 - [MESSAGE][PASSED] - Text 'Paco@gmail.com' is set on object 'Object Repository/Reto_for/Page_ToolsQA/input_Email_userEmail'

2022-11-30 22:12:24 - [TEST_STEP][PASSED] - setText(findTestObject("Object Repository/Reto_for/Page_ToolsQA/textarea_Current Address_currentAddress"), "Dirección#" + x): Text 'Dirección#2' is set on object 'Object Repository/Reto_for/Page_ToolsQA/textarea_Current Address_currentAddress'

2022-11-30 22:12:25 - [MESSAGE][PASSED] - Text 'Dirección#2' is set on object 'Object Repository/Reto_for/Page_ToolsQA/textarea_Current Address_currentAddress'

2022-11-30 22:12:25 - [TEST_STEP][PASSED] - setText(findTestObject("Object Repository/Reto_for/Page_ToolsQA/textarea_Permanent Address_permanentAddress"), "Dirección dos#" + x): Text 'Dirección dos#2' is set on object 'Object Repository/Reto_for/Page_ToolsQA/textarea_Permanent Address_permanentAddress'

2022-11-30 22:12:25 - [MESSAGE][PASSED] - Text 'Dirección dos#2' is set on object 'Object Repository/Reto_for/Page_ToolsQA/textarea_Permanent Address_permanentAddress'

2022-11-30 22:12:25 - [TEST_STEP][PASSED] - scrollToPosition(0, 500): Browser is scrolled to position x = 0, y = 500

2022-11-30 22:12:25 - [MESSAGE][PASSED] - Browser is scrolled to position x = 0, y = 500

2022-11-30 22:12:25 - [TEST_STEP][PASSED] - click(findTestObject("Object Repository/Reto_for/Page_ToolsQA/button_Submit")): Object: 'Object Repository/Reto_for/Page_ToolsQA/button_Submit' is clicked on

2022-11-30 22:12:26 - [MESSAGE][PASSED] - Object: 'Object Repository/Reto_for/Page_ToolsQA/button_Submit' is clicked on

2022-11-30 22:12:26 - [TEST_STEP][PASSED] - scrollToPosition(0, 100): Browser is scrolled to position x = 0, y = 100

2022-11-30 22:12:26 - [MESSAGE][PASSED] - Browser is scrolled to position x = 0, y = 100

2022-11-30 22:12:26 - [TEST_STEP][PASSED] - z = ["Carlos", "Erika", "Paco", "Rodrigo", "Juan"]: null

2022-11-30 22:12:26 - [TEST_STEP][PASSED] - rn = new java.util.Random(): null

2022-11-30 22:12:26 - [TEST_STEP][PASSED] - tx_nombre = z[rn.nextInt(size)]: null

2022-11-30 22:12:26 - [TEST_STEP][PASSED] - setText(findTestObject("Object Repository/Reto_for/Page_ToolsQA/input_Full Name_userName"), tx_nombre): Text 'Erika' is set on object 'Object Repository/Reto_for/Page_ToolsQA/input_Full Name_userName'

2022-11-30 22:12:27 - [MESSAGE][PASSED] - Text 'Erika' is set on object 'Object Repository/Reto_for/Page_ToolsQA/input_Full Name_userName'

2022-11-30 22:12:27 - [TEST_STEP][PASSED] - setText(findTestObject("Object Repository/Reto_for/Page_ToolsQA/input_Email_userEmail"), tx_nombre + "@gmail.com"): Text 'Erika@gmail.com' is set on object 'Object Repository/Reto_for/Page_ToolsQA/input_Email_userEmail'

2022-11-30 22:12:27 - [MESSAGE][PASSED] - Text 'Erika@gmail.com' is set on object 'Object Repository/Reto_for/Page_ToolsQA/input_Email_userEmail'

2022-11-30 22:12:27 - [TEST_STEP][PASSED] - setText(findTestObject("Object Repository/Reto_for/Page_ToolsQA/textarea_Current Address_currentAddress"), "Dirección#" + x): Text 'Dirección#3' is set on object 'Object Repository/Reto_for/Page_ToolsQA/textarea_Current Address_currentAddress'

2022-11-30 22:12:28 - [MESSAGE][PASSED] - Text 'Dirección#3' is set on object 'Object Repository/Reto_for/Page_ToolsQA/textarea_Current Address_currentAddress'

2022-11-30 22:12:28 - [TEST_STEP][PASSED] - setText(findTestObject("Object Repository/Reto_for/Page_ToolsQA/textarea_Permanent Address_permanentAddress"), "Dirección dos#" + x): Text 'Dirección dos#3' is set on object 'Object Repository/Reto_for/Page_ToolsQA/textarea_Permanent Address_permanentAddress'

2022-11-30 22:12:29 - [MESSAGE][PASSED] - Text 'Dirección dos#3' is set on object 'Object Repository/Reto_for/Page_ToolsQA/textarea_Permanent Address_permanentAddress'

2022-11-30 22:12:29 - [TEST_STEP][PASSED] - scrollToPosition(0, 500): Browser is scrolled to position x = 0, y = 500

2022-11-30 22:12:29 - [MESSAGE][PASSED] - Browser is scrolled to position x = 0, y = 500

2022-11-30 22:12:29 - [TEST_STEP][PASSED] - click(findTestObject("Object Repository/Reto_for/Page_ToolsQA/button_Submit")): Object: 'Object Repository/Reto_for/Page_ToolsQA/button_Submit' is clicked on

2022-11-30 22:12:29 - [MESSAGE][PASSED] - Object: 'Object Repository/Reto_for/Page_ToolsQA/button_Submit' is clicked on

2022-11-30 22:12:29 - [TEST_STEP][PASSED] - scrollToPosition(0, 100): Browser is scrolled to position x = 0, y = 100

2022-11-30 22:12:29 - [MESSAGE][PASSED] - Browser is scrolled to position x = 0, y = 100

2022-11-30 22:12:29 - [TEST_STEP][PASSED] - z = ["Carlos", "Erika", "Paco", "Rodrigo", "Juan"]: null

2022-11-30 22:12:29 - [TEST_STEP][PASSED] - rn = new java.util.Random(): null

2022-11-30 22:12:29 - [TEST_STEP][PASSED] - tx_nombre = z[rn.nextInt(size)]: null

2022-11-30 22:12:29 - [TEST_STEP][PASSED] - setText(findTestObject("Object Repository/Reto_for/Page_ToolsQA/input_Full Name_userName"), tx_nombre): Text 'Rodrigo' is set on object 'Object Repository/Reto_for/Page_ToolsQA/input_Full Name_userName'

2022-11-30 22:12:30 - [MESSAGE][PASSED] - Text 'Rodrigo' is set on object 'Object Repository/Reto_for/Page_ToolsQA/input_Full Name_userName'

2022-11-30 22:12:30 - [TEST_STEP][PASSED] - setText(findTestObject("Object Repository/Reto_for/Page_ToolsQA/input_Email_userEmail"), tx_nombre + "@gmail.com"): Text 'Rodrigo@gmail.com' is set on object 'Object Repository/Reto_for/Page_ToolsQA/input_Email_userEmail'

2022-11-30 22:12:31 - [MESSAGE][PASSED] - Text 'Rodrigo@gmail.com' is set on object 'Object Repository/Reto_for/Page_ToolsQA/input_Email_userEmail'

2022-11-30 22:12:31 - [TEST_STEP][PASSED] - setText(findTestObject("Object Repository/Reto_for/Page_ToolsQA/textarea_Current Address_currentAddress"), "Dirección#" + x): Text 'Dirección#4' is set on object 'Object Repository/Reto_for/Page_ToolsQA/textarea_Current Address_currentAddress'

2022-11-30 22:12:32 - [MESSAGE][PASSED] - Text 'Dirección#4' is set on object 'Object Repository/Reto_for/Page_ToolsQA/textarea_Current Address_currentAddress'

2022-11-30 22:12:32 - [TEST_STEP][PASSED] - setText(findTestObject("Object Repository/Reto_for/Page_ToolsQA/textarea_Permanent Address_permanentAddress"), "Dirección dos#" + x): Text 'Dirección dos#4' is set on object 'Object Repository/Reto_for/Page_ToolsQA/textarea_Permanent Address_permanentAddress'

2022-11-30 22:12:33 - [MESSAGE][PASSED] - Text 'Dirección dos#4' is set on object 'Object Repository/Reto_for/Page_ToolsQA/textarea_Permanent Address_permanentAddress'

2022-11-30 22:12:33 - [TEST_STEP][PASSED] - scrollToPosition(0, 500): Browser is scrolled to position x = 0, y = 500

2022-11-30 22:12:33 - [MESSAGE][PASSED] - Browser is scrolled to position x = 0, y = 500

2022-11-30 22:12:33 - [TEST_STEP][PASSED] - click(findTestObject("Object Repository/Reto_for/Page_ToolsQA/button_Submit")): Object: 'Object Repository/Reto_for/Page_ToolsQA/button_Submit' is clicked on

2022-11-30 22:12:33 - [MESSAGE][PASSED] - Object: 'Object Repository/Reto_for/Page_ToolsQA/button_Submit' is clicked on

2022-11-30 22:12:33 - [TEST_STEP][PASSED] - scrollToPosition(0, 100): Browser is scrolled to position x = 0, y = 100

2022-11-30 22:12:33 - [MESSAGE][PASSED] - Browser is scrolled to position x = 0, y = 100

2022-11-30 22:12:33 - [TEST_STEP][PASSED] - closeBrowser(): Browser is closed

2022-11-30 22:12:34 - [MESSAGE][PASSED] - Browser is closed]]></system-out>
         <system-err><![CDATA[]]></system-err>
      </testcase>
      <testcase name="Test Cases/BUCLES/Reto_while" time="15.607" classname="Test Cases/BUCLES/Reto_while" status="PASSED">
         <system-out><![CDATA[2022-11-30 22:12:34 - [TEST_CASE][PASSED] - Test Cases/BUCLES/Reto_while: Test Cases/BUCLES/Reto_while

2022-11-30 22:12:34 - [TEST_STEP][PASSED] - openBrowser(""): Browser is opened with url: ''

2022-11-30 22:12:34 - [MESSAGE][INFO] - Starting 'Chrome' driver

2022-11-30 22:12:34 - [MESSAGE][INFO] - Action delay is set to 0 milliseconds

2022-11-30 22:12:36 - [MESSAGE][PASSED] - Browser is opened with url: ''

2022-11-30 22:12:36 - [TEST_STEP][PASSED] - navigateToUrl("https://www.google.com/"): Navigate to 'https://www.google.com/' successfully

2022-11-30 22:12:40 - [MESSAGE][PASSED] - Navigate to 'https://www.google.com/' successfully

2022-11-30 22:12:40 - [TEST_STEP][PASSED] - Bandera = 0: null

2022-11-30 22:12:40 - [TEST_STEP][PASSED] - while (Bandera != 1): null

2022-11-30 22:12:40 - [TEST_STEP][PASSED] - num = Math.random() * 5 - 1 + 1: null

2022-11-30 22:12:40 - [TEST_STEP][PASSED] - setText(findTestObject("Object Repository/While_google/Page_Google/input__q"), "5+" + num): Text '5+3' is set on object 'Object Repository/While_google/Page_Google/input__q'

2022-11-30 22:12:41 - [MESSAGE][PASSED] - Text '5+3' is set on object 'Object Repository/While_google/Page_Google/input__q'

2022-11-30 22:12:41 - [TEST_STEP][PASSED] - sendKeys(findTestObject("Object Repository/While_google/Page_Google/input__q"), Keys.chord(ENTER)): Keys 'ENTER + ' sent to object: 'Object Repository/While_google/Page_Google/input__q'

2022-11-30 22:12:48 - [MESSAGE][PASSED] - Keys 'ENTER + ' sent to object: 'Object Repository/While_google/Page_Google/input__q'

2022-11-30 22:12:48 - [TEST_STEP][PASSED] - Resultado = getText(findTestObject("While_google/Extras/Resultado_10")): Text of object 'Object Repository/While_google/Extras/Resultado_10' is: '8'

2022-11-30 22:12:49 - [MESSAGE][PASSED] - Text of object 'Object Repository/While_google/Extras/Resultado_10' is: '8'

2022-11-30 22:12:49 - [TEST_STEP][PASSED] - if (Resultado == "8"): Browser is closed

2022-11-30 22:12:49 - [TEST_STEP][PASSED] - Bandera = 1: null

2022-11-30 22:12:49 - [TEST_STEP][PASSED] - print("Listo termina"): null

2022-11-30 22:12:49 - [TEST_STEP][PASSED] - closeBrowser(): Browser is closed

2022-11-30 22:12:50 - [MESSAGE][PASSED] - Browser is closed

2022-11-30 22:12:50 - [TEST_STEP][PASSED] - print(Bandera + "------"): null]]></system-out>
         <system-err><![CDATA[]]></system-err>
      </testcase>
      <testcase name="Test Cases/BUCLES/Reto_while_solucion" time="23.474" classname="Test Cases/BUCLES/Reto_while_solucion" status="PASSED">
         <system-out><![CDATA[2022-11-30 22:12:50 - [TEST_CASE][PASSED] - Test Cases/BUCLES/Reto_while_solucion: Test Cases/BUCLES/Reto_while_solucion

2022-11-30 22:12:50 - [TEST_STEP][PASSED] - openBrowser(""): Browser is opened with url: ''

2022-11-30 22:12:50 - [MESSAGE][INFO] - Starting 'Chrome' driver

2022-11-30 22:12:50 - [MESSAGE][INFO] - Action delay is set to 0 milliseconds

2022-11-30 22:12:51 - [MESSAGE][PASSED] - Browser is opened with url: ''

2022-11-30 22:12:51 - [TEST_STEP][PASSED] - navigateToUrl("https://www.google.com/"): Navigate to 'https://www.google.com/' successfully

2022-11-30 22:12:53 - [MESSAGE][PASSED] - Navigate to 'https://www.google.com/' successfully

2022-11-30 22:12:53 - [TEST_STEP][PASSED] - Res = 0: null

2022-11-30 22:12:53 - [TEST_STEP][PASSED] - while (Res != 8): Browser is closed

2022-11-30 22:12:53 - [TEST_STEP][PASSED] - num = Math.random() * 5 - 1 + 1: null

2022-11-30 22:12:53 - [TEST_STEP][PASSED] - setText(findTestObject("Object Repository/Reto_while1/Page_Google/input__q"), "5+" + num): Text '5+2' is set on object 'Object Repository/Reto_while1/Page_Google/input__q'

2022-11-30 22:12:54 - [MESSAGE][PASSED] - Text '5+2' is set on object 'Object Repository/Reto_while1/Page_Google/input__q'

2022-11-30 22:12:54 - [TEST_STEP][PASSED] - sendKeys(findTestObject("Object Repository/Reto_while1/Page_Google/input__q"), Keys.chord(ENTER)): Keys 'ENTER + ' sent to object: 'Object Repository/Reto_while1/Page_Google/input__q'

2022-11-30 22:13:02 - [MESSAGE][PASSED] - Keys 'ENTER + ' sent to object: 'Object Repository/Reto_while1/Page_Google/input__q'

2022-11-30 22:13:02 - [TEST_STEP][PASSED] - Res = getText(findTestObject("Reto_while1/Resultado_8")).toInteger(): Text of object 'Object Repository/Reto_while1/Resultado_8' is: '7'

2022-11-30 22:13:03 - [MESSAGE][PASSED] - Text of object 'Object Repository/Reto_while1/Resultado_8' is: '7'

2022-11-30 22:13:03 - [TEST_STEP][PASSED] - if (Res == 8): null

2022-11-30 22:13:03 - [TEST_STEP][PASSED] - num = Math.random() * 5 - 1 + 1: null

2022-11-30 22:13:03 - [TEST_STEP][PASSED] - setText(findTestObject("Object Repository/Reto_while1/Page_Google/input__q"), "5+" + num): Text '5+4' is set on object 'Object Repository/Reto_while1/Page_Google/input__q'

2022-11-30 22:13:04 - [MESSAGE][PASSED] - Text '5+4' is set on object 'Object Repository/Reto_while1/Page_Google/input__q'

2022-11-30 22:13:04 - [TEST_STEP][PASSED] - sendKeys(findTestObject("Object Repository/Reto_while1/Page_Google/input__q"), Keys.chord(ENTER)): Keys 'ENTER + ' sent to object: 'Object Repository/Reto_while1/Page_Google/input__q'

2022-11-30 22:13:08 - [MESSAGE][PASSED] - Keys 'ENTER + ' sent to object: 'Object Repository/Reto_while1/Page_Google/input__q'

2022-11-30 22:13:08 - [TEST_STEP][PASSED] - Res = getText(findTestObject("Reto_while1/Resultado_8")).toInteger(): Text of object 'Object Repository/Reto_while1/Resultado_8' is: '9'

2022-11-30 22:13:09 - [MESSAGE][PASSED] - Text of object 'Object Repository/Reto_while1/Resultado_8' is: '9'

2022-11-30 22:13:09 - [TEST_STEP][PASSED] - if (Res == 8): null

2022-11-30 22:13:09 - [TEST_STEP][PASSED] - num = Math.random() * 5 - 1 + 1: null

2022-11-30 22:13:09 - [TEST_STEP][PASSED] - setText(findTestObject("Object Repository/Reto_while1/Page_Google/input__q"), "5+" + num): Text '5+3' is set on object 'Object Repository/Reto_while1/Page_Google/input__q'

2022-11-30 22:13:09 - [MESSAGE][PASSED] - Text '5+3' is set on object 'Object Repository/Reto_while1/Page_Google/input__q'

2022-11-30 22:13:09 - [TEST_STEP][PASSED] - sendKeys(findTestObject("Object Repository/Reto_while1/Page_Google/input__q"), Keys.chord(ENTER)): Keys 'ENTER + ' sent to object: 'Object Repository/Reto_while1/Page_Google/input__q'

2022-11-30 22:13:11 - [MESSAGE][PASSED] - Keys 'ENTER + ' sent to object: 'Object Repository/Reto_while1/Page_Google/input__q'

2022-11-30 22:13:11 - [TEST_STEP][PASSED] - Res = getText(findTestObject("Reto_while1/Resultado_8")).toInteger(): Text of object 'Object Repository/Reto_while1/Resultado_8' is: '8'

2022-11-30 22:13:12 - [MESSAGE][PASSED] - Text of object 'Object Repository/Reto_while1/Resultado_8' is: '8'

2022-11-30 22:13:12 - [TEST_STEP][PASSED] - if (Res == 8): Browser is closed

2022-11-30 22:13:12 - [TEST_STEP][PASSED] - closeBrowser(): Browser is closed

2022-11-30 22:13:13 - [MESSAGE][PASSED] - Browser is closed]]></system-out>
         <system-err><![CDATA[]]></system-err>
      </testcase>
      <testcase name="Test Cases/BUCLES/Test_1" time="32.521" classname="Test Cases/BUCLES/Test_1" status="PASSED">
         <system-out><![CDATA[2022-11-30 22:13:13 - [TEST_CASE][PASSED] - Test Cases/BUCLES/Test_1: Test Cases/BUCLES/Test_1

2022-11-30 22:13:13 - [TEST_STEP][PASSED] - openBrowser(""): Browser is opened with url: ''

2022-11-30 22:13:13 - [MESSAGE][INFO] - Starting 'Chrome' driver

2022-11-30 22:13:13 - [MESSAGE][INFO] - Action delay is set to 0 milliseconds

2022-11-30 22:13:15 - [MESSAGE][PASSED] - Browser is opened with url: ''

2022-11-30 22:13:15 - [TEST_STEP][PASSED] - navigateToUrl("https://demoqa.com/text-box"): Navigate to 'https://demoqa.com/text-box' successfully

2022-11-30 22:13:24 - [MESSAGE][PASSED] - Navigate to 'https://demoqa.com/text-box' successfully

2022-11-30 22:13:24 - [TEST_STEP][PASSED] - for ([x = 1, x <= 2, (x++)]): null

2022-11-30 22:13:24 - [TEST_STEP][PASSED] - openBrowser(""): Browser is opened with url: ''

2022-11-30 22:13:24 - [MESSAGE][WARNING] - A browser is already opened. Closing browser and opening a new one

2022-11-30 22:13:25 - [MESSAGE][INFO] - Starting 'Chrome' driver

2022-11-30 22:13:25 - [MESSAGE][INFO] - Action delay is set to 0 milliseconds

2022-11-30 22:13:26 - [MESSAGE][PASSED] - Browser is opened with url: ''

2022-11-30 22:13:26 - [TEST_STEP][PASSED] - navigateToUrl("https://demoqa.com/text-box"): Navigate to 'https://demoqa.com/text-box' successfully

2022-11-30 22:13:34 - [MESSAGE][PASSED] - Navigate to 'https://demoqa.com/text-box' successfully

2022-11-30 22:13:34 - [TEST_STEP][PASSED] - RN = Math.random() * 10 - 1 + 1: null

2022-11-30 22:13:34 - [TEST_STEP][PASSED] - print("Numero : " + RN + "----"): null

2022-11-30 22:13:34 - [TEST_STEP][PASSED] - z = ["Demo1", "Demo2", "Demo3", "Demo4", "Demo5"]: null

2022-11-30 22:13:34 - [TEST_STEP][PASSED] - rnd = new java.util.Random(): null

2022-11-30 22:13:34 - [TEST_STEP][PASSED] - texto = z[rnd.nextInt(size)]: null

2022-11-30 22:13:34 - [TEST_STEP][PASSED] - print(texto): null

2022-11-30 22:13:34 - [TEST_STEP][PASSED] - openBrowser(""): Browser is opened with url: ''

2022-11-30 22:13:34 - [MESSAGE][WARNING] - A browser is already opened. Closing browser and opening a new one

2022-11-30 22:13:34 - [MESSAGE][INFO] - Starting 'Chrome' driver

2022-11-30 22:13:34 - [MESSAGE][INFO] - Action delay is set to 0 milliseconds

2022-11-30 22:13:36 - [MESSAGE][PASSED] - Browser is opened with url: ''

2022-11-30 22:13:36 - [TEST_STEP][PASSED] - navigateToUrl("https://demoqa.com/text-box"): Navigate to 'https://demoqa.com/text-box' successfully

2022-11-30 22:13:45 - [MESSAGE][PASSED] - Navigate to 'https://demoqa.com/text-box' successfully

2022-11-30 22:13:45 - [TEST_STEP][PASSED] - RN = Math.random() * 10 - 1 + 1: null

2022-11-30 22:13:45 - [TEST_STEP][PASSED] - print("Numero : " + RN + "----"): null

2022-11-30 22:13:45 - [TEST_STEP][PASSED] - z = ["Demo1", "Demo2", "Demo3", "Demo4", "Demo5"]: null

2022-11-30 22:13:45 - [TEST_STEP][PASSED] - rnd = new java.util.Random(): null

2022-11-30 22:13:45 - [TEST_STEP][PASSED] - texto = z[rnd.nextInt(size)]: null

2022-11-30 22:13:45 - [TEST_STEP][PASSED] - print(texto): null

2022-11-30 22:13:45 - [TEST_STEP][PASSED] - closeBrowser(): Browser is closed

2022-11-30 22:13:46 - [MESSAGE][PASSED] - Browser is closed]]></system-out>
         <system-err><![CDATA[]]></system-err>
      </testcase>
      <testcase name="Test Cases/BUCLES/Test_2" time="11.625" classname="Test Cases/BUCLES/Test_2" status="PASSED">
         <system-out><![CDATA[2022-11-30 22:13:46 - [TEST_CASE][PASSED] - Test Cases/BUCLES/Test_2: Test Cases/BUCLES/Test_2

2022-11-30 22:13:46 - [TEST_STEP][PASSED] - openBrowser(""): Browser is opened with url: ''

2022-11-30 22:13:46 - [MESSAGE][INFO] - Starting 'Chrome' driver

2022-11-30 22:13:46 - [MESSAGE][INFO] - Action delay is set to 0 milliseconds

2022-11-30 22:13:47 - [MESSAGE][PASSED] - Browser is opened with url: ''

2022-11-30 22:13:47 - [TEST_STEP][PASSED] - navigateToUrl("https://demoqa.com/text-box"): Navigate to 'https://demoqa.com/text-box' successfully

2022-11-30 22:13:57 - [MESSAGE][PASSED] - Navigate to 'https://demoqa.com/text-box' successfully

2022-11-30 22:13:57 - [TEST_STEP][PASSED] - for ([x = 1, x <= 10, x = x + 2]): null

2022-11-30 22:13:57 - [TEST_STEP][PASSED] - print(" hola mundo " + x + "-------"): null

2022-11-30 22:13:57 - [TEST_STEP][PASSED] - print(" hola mundo " + x + "-------"): null

2022-11-30 22:13:57 - [TEST_STEP][PASSED] - print(" hola mundo " + x + "-------"): null

2022-11-30 22:13:57 - [TEST_STEP][PASSED] - print(" hola mundo " + x + "-------"): null

2022-11-30 22:13:57 - [TEST_STEP][PASSED] - print(" hola mundo " + x + "-------"): null

2022-11-30 22:13:57 - [TEST_STEP][PASSED] - closeBrowser(): Browser is closed

2022-11-30 22:13:57 - [MESSAGE][PASSED] - Browser is closed]]></system-out>
         <system-err><![CDATA[]]></system-err>
      </testcase>
      <testcase name="Test Cases/BUCLES/Test_while" time="10.814" classname="Test Cases/BUCLES/Test_while" status="PASSED">
         <system-out><![CDATA[2022-11-30 22:13:57 - [TEST_CASE][PASSED] - Test Cases/BUCLES/Test_while: Test Cases/BUCLES/Test_while

2022-11-30 22:13:57 - [TEST_STEP][PASSED] - openBrowser(""): Browser is opened with url: ''

2022-11-30 22:13:57 - [MESSAGE][INFO] - Starting 'Chrome' driver

2022-11-30 22:13:57 - [MESSAGE][INFO] - Action delay is set to 0 milliseconds

2022-11-30 22:13:59 - [MESSAGE][PASSED] - Browser is opened with url: ''

2022-11-30 22:13:59 - [TEST_STEP][PASSED] - navigateToUrl("https://demoqa.com/text-box"): Navigate to 'https://demoqa.com/text-box' successfully

2022-11-30 22:14:07 - [MESSAGE][PASSED] - Navigate to 'https://demoqa.com/text-box' successfully

2022-11-30 22:14:07 - [TEST_STEP][PASSED] - maximizeWindow(): Current window maximized

2022-11-30 22:14:07 - [MESSAGE][PASSED] - Current window maximized

2022-11-30 22:14:07 - [TEST_STEP][PASSED] - waitForPageLoad(5): Wait for page load successfully

2022-11-30 22:14:07 - [MESSAGE][PASSED] - Wait for page load successfully

2022-11-30 22:14:07 - [TEST_STEP][PASSED] - x = 1: null

2022-11-30 22:14:07 - [TEST_STEP][PASSED] - while (x <= 3): null

2022-11-30 22:14:07 - [TEST_STEP][PASSED] - print("Hola " + x + "----------"): null

2022-11-30 22:14:07 - [TEST_STEP][PASSED] - (x++): null

2022-11-30 22:14:07 - [TEST_STEP][PASSED] - print("Hola " + x + "----------"): null

2022-11-30 22:14:07 - [TEST_STEP][PASSED] - (x++): null

2022-11-30 22:14:07 - [TEST_STEP][PASSED] - print("Hola " + x + "----------"): null

2022-11-30 22:14:07 - [TEST_STEP][PASSED] - (x++): null

2022-11-30 22:14:07 - [TEST_STEP][PASSED] - closeBrowser(): Browser is closed

2022-11-30 22:14:08 - [MESSAGE][PASSED] - Browser is closed]]></system-out>
         <system-err><![CDATA[]]></system-err>
      </testcase>
      <testcase name="Test Cases/BUCLES/Test_while2" time="10.193" classname="Test Cases/BUCLES/Test_while2" status="PASSED">
         <system-out><![CDATA[2022-11-30 22:14:08 - [TEST_CASE][PASSED] - Test Cases/BUCLES/Test_while2: Test Cases/BUCLES/Test_while2

2022-11-30 22:14:08 - [TEST_STEP][PASSED] - openBrowser(""): Browser is opened with url: ''

2022-11-30 22:14:08 - [MESSAGE][INFO] - Starting 'Chrome' driver

2022-11-30 22:14:08 - [MESSAGE][INFO] - Action delay is set to 0 milliseconds

2022-11-30 22:14:10 - [MESSAGE][PASSED] - Browser is opened with url: ''

2022-11-30 22:14:10 - [TEST_STEP][PASSED] - navigateToUrl("https://demoqa.com/text-box"): Navigate to 'https://demoqa.com/text-box' successfully

2022-11-30 22:14:17 - [MESSAGE][PASSED] - Navigate to 'https://demoqa.com/text-box' successfully

2022-11-30 22:14:17 - [TEST_STEP][PASSED] - maximizeWindow(): Current window maximized

2022-11-30 22:14:18 - [MESSAGE][PASSED] - Current window maximized

2022-11-30 22:14:18 - [TEST_STEP][PASSED] - waitForPageLoad(5): Wait for page load successfully

2022-11-30 22:14:18 - [MESSAGE][PASSED] - Wait for page load successfully

2022-11-30 22:14:18 - [TEST_STEP][PASSED] - x = 1: null

2022-11-30 22:14:18 - [TEST_STEP][PASSED] - while (x <= 5): null

2022-11-30 22:14:18 - [TEST_STEP][PASSED] - print("Valor de X" + x + "------>"): null

2022-11-30 22:14:18 - [TEST_STEP][PASSED] - (x++): null

2022-11-30 22:14:18 - [TEST_STEP][PASSED] - print("Valor de X" + x + "------>"): null

2022-11-30 22:14:18 - [TEST_STEP][PASSED] - (x++): null

2022-11-30 22:14:18 - [TEST_STEP][PASSED] - print("Valor de X" + x + "------>"): null

2022-11-30 22:14:18 - [TEST_STEP][PASSED] - (x++): null

2022-11-30 22:14:18 - [TEST_STEP][PASSED] - print("Valor de X" + x + "------>"): null

2022-11-30 22:14:18 - [TEST_STEP][PASSED] - (x++): null

2022-11-30 22:14:18 - [TEST_STEP][PASSED] - print("Valor de X" + x + "------>"): null

2022-11-30 22:14:18 - [TEST_STEP][PASSED] - (x++): null

2022-11-30 22:14:18 - [TEST_STEP][PASSED] - closeBrowser(): Browser is closed

2022-11-30 22:14:18 - [MESSAGE][PASSED] - Browser is closed]]></system-out>
         <system-err><![CDATA[]]></system-err>
      </testcase>
      <testcase name="Test Cases/Drive_excel/Drive_excel" time="17.306" classname="Test Cases/Drive_excel/Drive_excel" status="PASSED">
         <system-out><![CDATA[2022-11-30 22:14:18 - [TEST_CASE][PASSED] - Test Cases/Drive_excel/Drive_excel: Test Cases/Drive_excel/Drive_excel

2022-11-30 22:14:18 - [TEST_STEP][PASSED] - openBrowser(""): Browser is opened with url: ''

2022-11-30 22:14:18 - [MESSAGE][INFO] - Starting 'Chrome' driver

2022-11-30 22:14:18 - [MESSAGE][INFO] - Action delay is set to 0 milliseconds

2022-11-30 22:14:20 - [MESSAGE][PASSED] - Browser is opened with url: ''

2022-11-30 22:14:20 - [TEST_STEP][PASSED] - navigateToUrl("https://demoqa.com/automation-practice-form"): Navigate to 'https://demoqa.com/automation-practice-form' successfully

2022-11-30 22:14:29 - [MESSAGE][PASSED] - Navigate to 'https://demoqa.com/automation-practice-form' successfully

2022-11-30 22:14:29 - [TEST_STEP][PASSED] - waitForPageLoad(40): Wait for page load successfully

2022-11-30 22:14:29 - [MESSAGE][PASSED] - Wait for page load successfully

2022-11-30 22:14:29 - [TEST_STEP][PASSED] - maximizeWindow(): Current window maximized

2022-11-30 22:14:29 - [MESSAGE][PASSED] - Current window maximized

2022-11-30 22:14:29 - [TEST_STEP][PASSED] - setText(findTestObject("Object Repository/Drive_excel/Page_ToolsQA/input_Name_firstName"), nombre): Text '' is set on object 'Object Repository/Drive_excel/Page_ToolsQA/input_Name_firstName'

2022-11-30 22:14:30 - [MESSAGE][PASSED] - Text '' is set on object 'Object Repository/Drive_excel/Page_ToolsQA/input_Name_firstName'

2022-11-30 22:14:30 - [TEST_STEP][PASSED] - setText(findTestObject("Object Repository/Drive_excel/Page_ToolsQA/input_Name_lastName"), apellido): Text '' is set on object 'Object Repository/Drive_excel/Page_ToolsQA/input_Name_lastName'

2022-11-30 22:14:31 - [MESSAGE][PASSED] - Text '' is set on object 'Object Repository/Drive_excel/Page_ToolsQA/input_Name_lastName'

2022-11-30 22:14:31 - [TEST_STEP][PASSED] - setText(findTestObject("Object Repository/Drive_excel/Page_ToolsQA/input_Email_userEmail"), email): Text '' is set on object 'Object Repository/Drive_excel/Page_ToolsQA/input_Email_userEmail'

2022-11-30 22:14:32 - [MESSAGE][PASSED] - Text '' is set on object 'Object Repository/Drive_excel/Page_ToolsQA/input_Email_userEmail'

2022-11-30 22:14:32 - [TEST_STEP][PASSED] - delay(2): Delayed 2 second(s)

2022-11-30 22:14:34 - [MESSAGE][PASSED] - Delayed 2 second(s)

2022-11-30 22:14:34 - [TEST_STEP][PASSED] - closeBrowser(): Browser is closed

2022-11-30 22:14:36 - [MESSAGE][PASSED] - Browser is closed]]></system-out>
         <system-err><![CDATA[]]></system-err>
      </testcase>
      <system-out><![CDATA[2022-11-30 22:06:25 - [TEST_SUITE][PASSED] - testCLoud: Test Cases/Drive_excel/Drive_excel]]></system-out>
      <system-err><![CDATA[]]></system-err>
   </testsuite>
</testsuites>
