<?xml version="1.0" encoding="UTF-8"?>
<testsuites name="Integracion_2" time="23.366" tests="8" failures="0" errors="0">
   <testsuite name="Integracion_2" tests="8" failures="0" errors="0" time="23.366" skipped="0" timestamp="2021-08-16 12:52:10" hostname="Usuario1 - DESKTOP-3P0QFSE" id="Test Suites/Integracion_2">
      <properties>
         <property name="deviceName" value=""/>
         <property name="devicePlatform" value=""/>
         <property name="logFolder" value="C:\\Todo_Katalon\\Proyectos\\Proyecto_uno\\Reports\\20210816_125200\\Integracion_2\\20210816_125200"/>
         <property name="logFiles" value="C:\\Todo_Katalon\\Proyectos\\Proyecto_uno\\Reports\\20210816_125200\\Integracion_2\\20210816_125200\\execution0.log"/>
         <property name="attachments" value=""/>
         <property name="hostName" value="Usuario1 - DESKTOP-3P0QFSE"/>
         <property name="os" value="Windows 10 64bit"/>
         <property name="katalonVersion" value="8.0.5.208"/>
         <property name="browser" value="Chrome 92.0.4515.131"/>
         <property name="hostAddress" value="192.168.100.48"/>
         <property name="sessionId" value="f5677a18636a01d8e9b6f36b112fa6c2"/>
         <property name="seleniumVersion" value="3.141.59"/>
         <property name="proxyInformation" value="ProxyInformation { proxyOption=NO_PROXY, proxyServerType=HTTP, username=, password=********, proxyServerAddress=, proxyServerPort=0, executionList=&quot;&quot;, isApplyToDesiredCapabilities=true }"/>
         <property name="platform" value="Windows 10"/>
      </properties>
      <testcase name="Test Cases/BUCLES/Reto_while" time="11.45" classname="Test Cases/BUCLES/Reto_while" status="PASSED">
         <system-out><![CDATA[2021-08-16 12:52:11 - [TEST_CASE][PASSED] - Test Cases/BUCLES/Reto_while: Test Cases/BUCLES/Reto_while

2021-08-16 12:52:11 - [TEST_STEP][PASSED] - openBrowser(""): Browser is opened with url: ''

2021-08-16 12:52:11 - [MESSAGE][INFO] - Starting 'Chrome' driver

2021-08-16 12:52:11 - [MESSAGE][INFO] - Action delay is set to 0 milliseconds

2021-08-16 12:52:14 - [MESSAGE][PASSED] - Browser is opened with url: ''

2021-08-16 12:52:14 - [TEST_STEP][PASSED] - navigateToUrl("https://www.google.com/"): Navigate to 'https://www.google.com/' successfully

2021-08-16 12:52:15 - [MESSAGE][PASSED] - Navigate to 'https://www.google.com/' successfully

2021-08-16 12:52:15 - [TEST_STEP][PASSED] - Bandera = 0: null

2021-08-16 12:52:15 - [TEST_STEP][PASSED] - while (Bandera != 1): null

2021-08-16 12:52:15 - [TEST_STEP][PASSED] - num = Math.random() * 5 - 1 + 1: null

2021-08-16 12:52:15 - [TEST_STEP][PASSED] - setText(findTestObject("Object Repository/While_google/Page_Google/input__q"), "5+" + num): Text '5+2' is set on object 'Object Repository/While_google/Page_Google/input__q'

2021-08-16 12:52:15 - [MESSAGE][PASSED] - Text '5+2' is set on object 'Object Repository/While_google/Page_Google/input__q'

2021-08-16 12:52:15 - [TEST_STEP][PASSED] - sendKeys(findTestObject("Object Repository/While_google/Page_Google/input__q"), Keys.chord(ENTER)): Keys 'ENTER + ' sent to object: 'Object Repository/While_google/Page_Google/input__q'

2021-08-16 12:52:18 - [MESSAGE][PASSED] - Keys 'ENTER + ' sent to object: 'Object Repository/While_google/Page_Google/input__q'

2021-08-16 12:52:18 - [TEST_STEP][PASSED] - Resultado = getText(findTestObject("While_google/Extras/Resultado_10")): Text of object 'Object Repository/While_google/Extras/Resultado_10' is: '7'

2021-08-16 12:52:18 - [MESSAGE][PASSED] - Text of object 'Object Repository/While_google/Extras/Resultado_10' is: '7'

2021-08-16 12:52:18 - [TEST_STEP][PASSED] - if (Resultado == "8"): null

2021-08-16 12:52:18 - [TEST_STEP][PASSED] - else: null

2021-08-16 12:52:18 - [TEST_STEP][PASSED] - Bandera = 0: null

2021-08-16 12:52:18 - [TEST_STEP][PASSED] - print(Bandera + "------"): null

2021-08-16 12:52:18 - [TEST_STEP][PASSED] - num = Math.random() * 5 - 1 + 1: null

2021-08-16 12:52:18 - [TEST_STEP][PASSED] - setText(findTestObject("Object Repository/While_google/Page_Google/input__q"), "5+" + num): Text '5+3' is set on object 'Object Repository/While_google/Page_Google/input__q'

2021-08-16 12:52:19 - [MESSAGE][PASSED] - Text '5+3' is set on object 'Object Repository/While_google/Page_Google/input__q'

2021-08-16 12:52:19 - [TEST_STEP][PASSED] - sendKeys(findTestObject("Object Repository/While_google/Page_Google/input__q"), Keys.chord(ENTER)): Keys 'ENTER + ' sent to object: 'Object Repository/While_google/Page_Google/input__q'

2021-08-16 12:52:21 - [MESSAGE][PASSED] - Keys 'ENTER + ' sent to object: 'Object Repository/While_google/Page_Google/input__q'

2021-08-16 12:52:21 - [TEST_STEP][PASSED] - Resultado = getText(findTestObject("While_google/Extras/Resultado_10")): Text of object 'Object Repository/While_google/Extras/Resultado_10' is: '8'

2021-08-16 12:52:21 - [MESSAGE][PASSED] - Text of object 'Object Repository/While_google/Extras/Resultado_10' is: '8'

2021-08-16 12:52:21 - [TEST_STEP][PASSED] - if (Resultado == "8"): Browser is closed

2021-08-16 12:52:21 - [TEST_STEP][PASSED] - Bandera = 1: null

2021-08-16 12:52:21 - [TEST_STEP][PASSED] - print("Listo termina"): null

2021-08-16 12:52:21 - [TEST_STEP][PASSED] - closeBrowser(): Browser is closed

2021-08-16 12:52:22 - [MESSAGE][PASSED] - Browser is closed

2021-08-16 12:52:22 - [TEST_STEP][PASSED] - print(Bandera + "------"): null]]></system-out>
         <system-err><![CDATA[]]></system-err>
      </testcase>
      <testcase name="Test Cases/Condicionales_If/Test_1" time="0.368" classname="Test Cases/Condicionales_If/Test_1" status="PASSED">
         <system-out><![CDATA[2021-08-16 12:52:22 - [TEST_CASE][PASSED] - Test Cases/Condicionales_If/Test_1: Test Cases/Condicionales_If/Test_1

2021-08-16 12:52:23 - [TEST_STEP][PASSED] - if (num == 10): null

2021-08-16 12:52:23 - [TEST_STEP][PASSED] - else: null

2021-08-16 12:52:23 - [TEST_STEP][PASSED] - print("El numero no es un 10 es el numero:  " + num + "#####"): null]]></system-out>
         <system-err><![CDATA[]]></system-err>
      </testcase>
      <testcase name="Test Cases/Condicionales_If/Test_2" time="0.265" classname="Test Cases/Condicionales_If/Test_2" status="PASSED">
         <system-out><![CDATA[2021-08-16 12:52:23 - [TEST_CASE][PASSED] - Test Cases/Condicionales_If/Test_2: Test Cases/Condicionales_If/Test_2

2021-08-16 12:52:23 - [TEST_STEP][PASSED] - if (num == 5): null

2021-08-16 12:52:23 - [TEST_STEP][PASSED] - if (num == 10): null

2021-08-16 12:52:23 - [TEST_STEP][PASSED] - println("El valor de la variables es un: 10"): null]]></system-out>
         <system-err><![CDATA[]]></system-err>
      </testcase>
      <testcase name="Test Cases/Condicionales_If/Test_3" time="0.272" classname="Test Cases/Condicionales_If/Test_3" status="PASSED">
         <system-out><![CDATA[2021-08-16 12:52:23 - [TEST_CASE][PASSED] - Test Cases/Condicionales_If/Test_3: Test Cases/Condicionales_If/Test_3

2021-08-16 12:52:23 - [TEST_STEP][PASSED] - if (nombre == "Juan"): null

2021-08-16 12:52:23 - [TEST_STEP][PASSED] - if (nombre == "JUan"): null

2021-08-16 12:52:23 - [TEST_STEP][PASSED] - if (nombre == "juan"): null

2021-08-16 12:52:23 - [TEST_STEP][PASSED] - println("Tu nombre es juan"): null]]></system-out>
         <system-err><![CDATA[]]></system-err>
      </testcase>
      <testcase name="Test Cases/Condicionales_If/Test_4" time="0.253" classname="Test Cases/Condicionales_If/Test_4" status="PASSED">
         <system-out><![CDATA[2021-08-16 12:52:23 - [TEST_CASE][PASSED] - Test Cases/Condicionales_If/Test_4: Test Cases/Condicionales_If/Test_4

2021-08-16 12:52:23 - [TEST_STEP][PASSED] - if (num <= 7): null

2021-08-16 12:52:23 - [TEST_STEP][PASSED] - println("El numero es menor รณ igual que 5"): null

2021-08-16 12:52:23 - [TEST_STEP][PASSED] - if (num >= 8): null

2021-08-16 12:52:23 - [TEST_STEP][PASSED] - if (num != 5): null]]></system-out>
         <system-err><![CDATA[]]></system-err>
      </testcase>
      <testcase name="Test Cases/Condicionales_If/Test_2" time="0.02" classname="Test Cases/Condicionales_If/Test_2" status="PASSED">
         <system-out><![CDATA[2021-08-16 12:52:23 - [TEST_CASE][PASSED] - Test Cases/Condicionales_If/Test_2: Test Cases/Condicionales_If/Test_2

2021-08-16 12:52:23 - [TEST_STEP][PASSED] - if (num == 5): null

2021-08-16 12:52:23 - [TEST_STEP][PASSED] - if (num == 10): null

2021-08-16 12:52:23 - [TEST_STEP][PASSED] - println("El valor de la variables es un: 10"): null]]></system-out>
         <system-err><![CDATA[]]></system-err>
      </testcase>
      <testcase name="Test Cases/Condicionales_If/Test_1" time="0.013" classname="Test Cases/Condicionales_If/Test_1" status="PASSED">
         <system-out><![CDATA[2021-08-16 12:52:23 - [TEST_CASE][PASSED] - Test Cases/Condicionales_If/Test_1: Test Cases/Condicionales_If/Test_1

2021-08-16 12:52:23 - [TEST_STEP][PASSED] - if (num == 10): null

2021-08-16 12:52:23 - [TEST_STEP][PASSED] - else: null

2021-08-16 12:52:23 - [TEST_STEP][PASSED] - print("El numero no es un 10 es el numero:  " + num + "#####"): null]]></system-out>
         <system-err><![CDATA[]]></system-err>
      </testcase>
      <testcase name="Test Cases/Google/google" time="9.824" classname="Test Cases/Google/google" status="PASSED">
         <system-out><![CDATA[2021-08-16 12:52:23 - [TEST_CASE][PASSED] - Test Cases/Google/google: Test Cases/Google/google

2021-08-16 12:52:24 - [TEST_STEP][PASSED] - openBrowser(""): Browser is opened with url: ''

2021-08-16 12:52:24 - [MESSAGE][INFO] - Starting 'Chrome' driver

2021-08-16 12:52:24 - [MESSAGE][INFO] - Action delay is set to 0 milliseconds

2021-08-16 12:52:25 - [MESSAGE][PASSED] - Browser is opened with url: ''

2021-08-16 12:52:25 - [TEST_STEP][PASSED] - navigateToUrl("https://www.google.com/"): Navigate to 'https://www.google.com/' successfully

2021-08-16 12:52:25 - [MESSAGE][PASSED] - Navigate to 'https://www.google.com/' successfully

2021-08-16 12:52:25 - [TEST_STEP][PASSED] - maximizeWindow(): Current window maximized

2021-08-16 12:52:26 - [MESSAGE][PASSED] - Current window maximized

2021-08-16 12:52:26 - [TEST_STEP][PASSED] - waitForPageLoad(5): Wait for page load successfully

2021-08-16 12:52:26 - [MESSAGE][PASSED] - Wait for page load successfully

2021-08-16 12:52:26 - [TEST_STEP][PASSED] - setText(findTestObject("Google/Buscar"), "ferr"): Text 'ferr' is set on object 'Object Repository/Google/Buscar'

2021-08-16 12:52:26 - [MESSAGE][PASSED] - Text 'ferr' is set on object 'Object Repository/Google/Buscar'

2021-08-16 12:52:26 - [TEST_STEP][PASSED] - waitForElementPresent(findTestObject("Google/Ferrari"), 2): Object 'Object Repository/Google/Ferrari' is present

2021-08-16 12:52:27 - [MESSAGE][PASSED] - Object 'Object Repository/Google/Ferrari' is present

2021-08-16 12:52:27 - [TEST_STEP][PASSED] - click(findTestObject("Google/Ferrari")): Object: 'Object Repository/Google/Ferrari' is clicked on

2021-08-16 12:52:30 - [MESSAGE][PASSED] - Object: 'Object Repository/Google/Ferrari' is clicked on

2021-08-16 12:52:30 - [TEST_STEP][PASSED] - delay(3): Delayed 3 second(s)

2021-08-16 12:52:33 - [MESSAGE][PASSED] - Delayed 3 second(s)

2021-08-16 12:52:33 - [TEST_STEP][PASSED] - closeBrowser(): Browser is closed

2021-08-16 12:52:33 - [MESSAGE][PASSED] - Browser is closed]]></system-out>
         <system-err><![CDATA[]]></system-err>
      </testcase>
      <system-out><![CDATA[2021-08-16 12:52:10 - [TEST_SUITE][PASSED] - Integracion_2: Test Cases/Google/google]]></system-out>
      <system-err><![CDATA[]]></system-err>
   </testsuite>
</testsuites>
