<?xml version="1.0" encoding="UTF-8"?>
<testsuites name="Test_suite_3" time="77.37" tests="5" failures="0" errors="0">
   <testsuite name="Test_suite_3" tests="5" failures="0" errors="0" time="77.37" skipped="0" timestamp="2021-07-19 16:57:44" hostname="rodrigo.villanueva.c - EELX01RODRIGOVI.ad.gob" id="Test Suites/Test_suite_3">
      <properties>
         <property name="deviceName" value=""/>
         <property name="devicePlatform" value=""/>
         <property name="logFolder" value="C:\\Todo_Katalon\\Proyectos\\Proyecto_uno\\Reports\\20210719_165709\\Test_suite_3\\20210719_165714"/>
         <property name="logFiles" value="C:\\Todo_Katalon\\Proyectos\\Proyecto_uno\\Reports\\20210719_165709\\Test_suite_3\\20210719_165714\\execution0.log"/>
         <property name="attachments" value=""/>
         <property name="hostName" value="rodrigo.villanueva.c - EELX01RODRIGOVI.ad.gob"/>
         <property name="os" value="Windows 10 64bit"/>
         <property name="katalonVersion" value="8.0.5.208"/>
         <property name="browser" value="Chrome 91.0.4472.124"/>
         <property name="hostAddress" value="10.255.249.109"/>
         <property name="sessionId" value="f7b124934743745ee5e7e5cc74c6a06d"/>
         <property name="seleniumVersion" value="3.141.59"/>
         <property name="proxyInformation" value="ProxyInformation { proxyOption=NO_PROXY, proxyServerType=HTTP, username=, password=********, proxyServerAddress=, proxyServerPort=0, executionList=&quot;&quot;, isApplyToDesiredCapabilities=true }"/>
         <property name="platform" value="Windows 10"/>
      </properties>
      <testcase name="Test Cases/Mouse_double_click/Test_1" time="12.825" classname="Test Cases/Mouse_double_click/Test_1" status="PASSED">
         <system-out><![CDATA[2021-07-19 16:57:45 - [TEST_CASE][PASSED] - Test Cases/Mouse_double_click/Test_1: Test Cases/Mouse_double_click/Test_1

2021-07-19 16:57:45 - [TEST_STEP][PASSED] - openBrowser(""): Browser is opened with url: ''

2021-07-19 16:57:46 - [MESSAGE][INFO] - Starting 'Chrome' driver

2021-07-19 16:57:47 - [MESSAGE][INFO] - Action delay is set to 0 milliseconds

2021-07-19 16:57:50 - [MESSAGE][PASSED] - Browser is opened with url: ''

2021-07-19 16:57:50 - [TEST_STEP][PASSED] - navigateToUrl("https://demos.telerik.com/aspnet-ajax/treeview/examples/overview/defaultcs.aspx"): Navigate to 'https://demos.telerik.com/aspnet-ajax/treeview/examples/overview/defaultcs.aspx' successfully

2021-07-19 16:57:54 - [MESSAGE][PASSED] - Navigate to 'https://demos.telerik.com/aspnet-ajax/treeview/examples/overview/defaultcs.aspx' successfully

2021-07-19 16:57:54 - [TEST_STEP][PASSED] - maximizeWindow(): Current window maximized

2021-07-19 16:57:54 - [MESSAGE][PASSED] - Current window maximized

2021-07-19 16:57:54 - [TEST_STEP][PASSED] - waitForPageLoad(30): Wait for page load successfully

2021-07-19 16:57:54 - [MESSAGE][PASSED] - Wait for page load successfully

2021-07-19 16:57:54 - [TEST_STEP][PASSED] - click(findTestObject("Object Repository/Double_click/Page_Telerik Web UI TreeView Overview Demo _6fd094/span_Island")): Object: 'Object Repository/Double_click/Page_Telerik Web UI TreeView Overview Demo _6fd094/span_Island' is clicked on

2021-07-19 16:57:55 - [MESSAGE][PASSED] - Object: 'Object Repository/Double_click/Page_Telerik Web UI TreeView Overview Demo _6fd094/span_Island' is clicked on

2021-07-19 16:57:55 - [TEST_STEP][PASSED] - waitForElementClickable(findTestObject("Double_click/Page_Telerik Web UI TreeView Overview Demo _6fd094/span_Island"), 5): Object 'Object Repository/Double_click/Page_Telerik Web UI TreeView Overview Demo _6fd094/span_Island' is clickable

2021-07-19 16:57:56 - [MESSAGE][PASSED] - Object 'Object Repository/Double_click/Page_Telerik Web UI TreeView Overview Demo _6fd094/span_Island' is clickable

2021-07-19 16:57:56 - [TEST_STEP][PASSED] - doubleClick(findTestObject("Object Repository/Double_click/Page_Telerik Web UI TreeView Overview Demo _6fd094/span_Island")): Object: 'Object Repository/Double_click/Page_Telerik Web UI TreeView Overview Demo _6fd094/span_Island' is double clicked on

2021-07-19 16:57:57 - [MESSAGE][PASSED] - Object: 'Object Repository/Double_click/Page_Telerik Web UI TreeView Overview Demo _6fd094/span_Island' is double clicked on

2021-07-19 16:57:57 - [TEST_STEP][PASSED] - closeBrowser(): Browser is closed

2021-07-19 16:57:57 - [MESSAGE][PASSED] - Browser is closed]]></system-out>
         <system-err><![CDATA[]]></system-err>
      </testcase>
      <testcase name="Test Cases/Mouse_over/Mouse_over" time="16.756" classname="Test Cases/Mouse_over/Mouse_over" status="PASSED">
         <system-out><![CDATA[2021-07-19 16:57:57 - [TEST_CASE][PASSED] - Test Cases/Mouse_over/Mouse_over: Test Cases/Mouse_over/Mouse_over

2021-07-19 16:57:58 - [TEST_STEP][PASSED] - openBrowser(""): Browser is opened with url: ''

2021-07-19 16:57:58 - [MESSAGE][INFO] - Starting 'Chrome' driver

2021-07-19 16:57:58 - [MESSAGE][INFO] - Action delay is set to 0 milliseconds

2021-07-19 16:58:00 - [MESSAGE][PASSED] - Browser is opened with url: ''

2021-07-19 16:58:00 - [TEST_STEP][PASSED] - navigateToUrl("http://automationpractice.com/index.php"): Navigate to 'http://automationpractice.com/index.php' successfully

2021-07-19 16:58:03 - [MESSAGE][PASSED] - Navigate to 'http://automationpractice.com/index.php' successfully

2021-07-19 16:58:03 - [TEST_STEP][PASSED] - waitForPageLoad(40): Wait for page load successfully

2021-07-19 16:58:03 - [MESSAGE][PASSED] - Wait for page load successfully

2021-07-19 16:58:03 - [TEST_STEP][PASSED] - maximizeWindow(): Current window maximized

2021-07-19 16:58:03 - [MESSAGE][PASSED] - Current window maximized

2021-07-19 16:58:03 - [TEST_STEP][PASSED] - mouseOver(findTestObject("Mouse_over/Woman")): Object: 'Object Repository/Mouse_over/Woman' is hovered

2021-07-19 16:58:04 - [MESSAGE][PASSED] - Object: 'Object Repository/Mouse_over/Woman' is hovered

2021-07-19 16:58:04 - [TEST_STEP][PASSED] - delay(3): Delayed 3 second(s)

2021-07-19 16:58:07 - [MESSAGE][PASSED] - Delayed 3 second(s)

2021-07-19 16:58:07 - [TEST_STEP][PASSED] - mouseOver(findTestObject("Mouse_over/Dress")): Object: 'Object Repository/Mouse_over/Dress' is hovered

2021-07-19 16:58:08 - [MESSAGE][PASSED] - Object: 'Object Repository/Mouse_over/Dress' is hovered

2021-07-19 16:58:08 - [TEST_STEP][PASSED] - delay(3): Delayed 3 second(s)

2021-07-19 16:58:11 - [MESSAGE][PASSED] - Delayed 3 second(s)

2021-07-19 16:58:11 - [TEST_STEP][PASSED] - closeBrowser(): Browser is closed

2021-07-19 16:58:14 - [MESSAGE][PASSED] - Browser is closed]]></system-out>
         <system-err><![CDATA[]]></system-err>
      </testcase>
      <testcase name="Test Cases/Mouse_over/Mouse_over2" time="23.091" classname="Test Cases/Mouse_over/Mouse_over2" status="PASSED">
         <system-out><![CDATA[2021-07-19 16:58:14 - [TEST_CASE][PASSED] - Test Cases/Mouse_over/Mouse_over2: Test Cases/Mouse_over/Mouse_over2

2021-07-19 16:58:16 - [TEST_STEP][PASSED] - openBrowser(""): Browser is opened with url: ''

2021-07-19 16:58:16 - [MESSAGE][INFO] - Starting 'Chrome' driver

2021-07-19 16:58:16 - [MESSAGE][INFO] - Action delay is set to 0 milliseconds

2021-07-19 16:58:18 - [MESSAGE][PASSED] - Browser is opened with url: ''

2021-07-19 16:58:18 - [TEST_STEP][PASSED] - navigateToUrl("http://automationpractice.com/index.php"): Navigate to 'http://automationpractice.com/index.php' successfully

2021-07-19 16:58:21 - [MESSAGE][PASSED] - Navigate to 'http://automationpractice.com/index.php' successfully

2021-07-19 16:58:21 - [TEST_STEP][PASSED] - waitForPageLoad(40): Wait for page load successfully

2021-07-19 16:58:21 - [MESSAGE][PASSED] - Wait for page load successfully

2021-07-19 16:58:21 - [TEST_STEP][PASSED] - maximizeWindow(): Current window maximized

2021-07-19 16:58:21 - [MESSAGE][PASSED] - Current window maximized

2021-07-19 16:58:21 - [TEST_STEP][PASSED] - mouseOver(findTestObject("Mouse_over/Woman")): Object: 'Object Repository/Mouse_over/Woman' is hovered

2021-07-19 16:58:22 - [MESSAGE][PASSED] - Object: 'Object Repository/Mouse_over/Woman' is hovered

2021-07-19 16:58:22 - [TEST_STEP][PASSED] - delay(3): Delayed 3 second(s)

2021-07-19 16:58:25 - [MESSAGE][PASSED] - Delayed 3 second(s)

2021-07-19 16:58:25 - [TEST_STEP][PASSED] - mouseOverOffset(findTestObject("Mouse_over/Woman"), 80, 0): Object: 'Object Repository/Mouse_over/Woman' is hovered using offset x = 80 and y = 0

2021-07-19 16:58:26 - [MESSAGE][PASSED] - Object: 'Object Repository/Mouse_over/Woman' is hovered using offset x = 80 and y = 0

2021-07-19 16:58:26 - [TEST_STEP][PASSED] - delay(3): Delayed 3 second(s)

2021-07-19 16:58:29 - [MESSAGE][PASSED] - Delayed 3 second(s)

2021-07-19 16:58:29 - [TEST_STEP][PASSED] - rightClick(findTestObject("Mouse_over/Woman")): Object: 'Object Repository/Mouse_over/Woman' is right clicked on

2021-07-19 16:58:30 - [MESSAGE][PASSED] - Object: 'Object Repository/Mouse_over/Woman' is right clicked on

2021-07-19 16:58:30 - [TEST_STEP][PASSED] - delay(3): Delayed 3 second(s)

2021-07-19 16:58:33 - [MESSAGE][PASSED] - Delayed 3 second(s)

2021-07-19 16:58:33 - [TEST_STEP][PASSED] - closeBrowser(): Browser is closed

2021-07-19 16:58:37 - [MESSAGE][PASSED] - Browser is closed]]></system-out>
         <system-err><![CDATA[]]></system-err>
      </testcase>
      <testcase name="Test Cases/Navegador/Navegador" time="9.857" classname="Test Cases/Navegador/Navegador" status="PASSED">
         <system-out><![CDATA[2021-07-19 16:58:37 - [TEST_CASE][PASSED] - Test Cases/Navegador/Navegador: Test Cases/Navegador/Navegador

2021-07-19 16:58:39 - [TEST_STEP][PASSED] - openBrowser("https://demoqa.com/text-box"): Browser is opened with url: 'https://demoqa.com/text-box'

2021-07-19 16:58:39 - [MESSAGE][INFO] - Starting 'Chrome' driver

2021-07-19 16:58:39 - [MESSAGE][INFO] - Action delay is set to 0 milliseconds

2021-07-19 16:58:45 - [MESSAGE][PASSED] - Browser is opened with url: 'https://demoqa.com/text-box'

2021-07-19 16:58:45 - [TEST_STEP][PASSED] - maximizeWindow(): Current window maximized

2021-07-19 16:58:46 - [MESSAGE][PASSED] - Current window maximized

2021-07-19 16:58:46 - [TEST_STEP][PASSED] - page_url = getUrl(): Current window's url is: 'https://demoqa.com/text-box'

2021-07-19 16:58:46 - [MESSAGE][PASSED] - Current window's url is: 'https://demoqa.com/text-box'

2021-07-19 16:58:46 - [TEST_STEP][PASSED] - print(page_url): null

2021-07-19 16:58:46 - [TEST_STEP][PASSED] - Titulo = getWindowTitle(): Current window's title is: 'ToolsQA'

2021-07-19 16:58:46 - [MESSAGE][PASSED] - Current window's title is: 'ToolsQA'

2021-07-19 16:58:46 - [TEST_STEP][PASSED] - print("titiulo de la pagina" + Titulo): null

2021-07-19 16:58:46 - [TEST_STEP][PASSED] - closeBrowser(): Browser is closed

2021-07-19 16:58:47 - [MESSAGE][PASSED] - Browser is closed]]></system-out>
         <system-err><![CDATA[]]></system-err>
      </testcase>
      <testcase name="Test Cases/Objecto_xpath/Caso_xpath" time="13.078" classname="Test Cases/Objecto_xpath/Caso_xpath" status="PASSED">
         <system-out><![CDATA[2021-07-19 16:58:47 - [TEST_CASE][PASSED] - Test Cases/Objecto_xpath/Caso_xpath: Test Cases/Objecto_xpath/Caso_xpath

2021-07-19 16:58:48 - [TEST_STEP][PASSED] - openBrowser(""): Browser is opened with url: ''

2021-07-19 16:58:48 - [MESSAGE][INFO] - Starting 'Chrome' driver

2021-07-19 16:58:48 - [MESSAGE][INFO] - Action delay is set to 0 milliseconds

2021-07-19 16:58:50 - [MESSAGE][PASSED] - Browser is opened with url: ''

2021-07-19 16:58:50 - [TEST_STEP][PASSED] - navigateToUrl("https://demoqa.com/text-box"): Navigate to 'https://demoqa.com/text-box' successfully

2021-07-19 16:58:53 - [MESSAGE][PASSED] - Navigate to 'https://demoqa.com/text-box' successfully

2021-07-19 16:58:53 - [TEST_STEP][PASSED] - maximizeWindow(): Current window maximized

2021-07-19 16:58:54 - [MESSAGE][PASSED] - Current window maximized

2021-07-19 16:58:54 - [TEST_STEP][PASSED] - setText(findTestObject("Objeto_xpath/Campo_nombre"), "Rodrigo"): Text 'Rodrigo' is set on object 'Object Repository/Objeto_xpath/Campo_nombre'

2021-07-19 16:58:56 - [MESSAGE][PASSED] - Text 'Rodrigo' is set on object 'Object Repository/Objeto_xpath/Campo_nombre'

2021-07-19 16:58:56 - [TEST_STEP][PASSED] - delay(3): Delayed 3 second(s)

2021-07-19 16:58:59 - [MESSAGE][PASSED] - Delayed 3 second(s)

2021-07-19 16:58:59 - [TEST_STEP][PASSED] - closeBrowser(): Browser is closed

2021-07-19 16:59:00 - [MESSAGE][PASSED] - Browser is closed]]></system-out>
         <system-err><![CDATA[]]></system-err>
      </testcase>
      <system-out><![CDATA[2021-07-19 16:57:44 - [TEST_SUITE][PASSED] - Test_suite_3: Test Cases/Objecto_xpath/Caso_xpath]]></system-out>
      <system-err><![CDATA[]]></system-err>
   </testsuite>
</testsuites>
