<?xml version="1.0" encoding="UTF-8"?>
<testsuites name="testCLoud" time="6903.069" tests="34" failures="0" errors="0">
   <testsuite name="testCLoud" tests="34" failures="0" errors="0" time="6903.069" skipped="0" timestamp="2022-11-30 18:55:06" hostname="admin - 192.168.0.13" id="Test Suites/testCLoud">
      <properties>
         <property name="deviceName" value=""/>
         <property name="devicePlatform" value=""/>
         <property name="logFolder" value="C:\\Users\\admin\\git\\KatalonCertificacion\\Reports\\20221130_185452\\testCLoud\\20221130_185452"/>
         <property name="logFiles" value="C:\\Users\\admin\\git\\KatalonCertificacion\\Reports\\20221130_185452\\testCLoud\\20221130_185452\\execution0.log"/>
         <property name="attachments" value=""/>
         <property name="hostName" value="admin - 192.168.0.13"/>
         <property name="remoteDriverUrl" value="testcloud.katalon.com/hub"/>
         <property name="desiredCapabilities" value="{
  &quot;acceptInsecureCerts&quot;: false,
  &quot;browserName&quot;: &quot;chrome&quot;,
  &quot;browserVersion&quot;: &quot;103.0.5060.53&quot;,
  &quot;chrome&quot;: {
    &quot;chromedriverVersion&quot;: &quot;103.0.5060.53 (a1711811edd74ff1cf2150f36ffa3b0dae40b17f-refs/branch-heads/5060@{#853})&quot;,
    &quot;userDataDir&quot;: &quot;C:\\Users\\ADMINI~1\\AppData\\Local\\Temp\\scoped_dir6444_1451933798&quot;
  },
  &quot;goog:chromeOptions&quot;: {
    &quot;debuggerAddress&quot;: &quot;localhost:49833&quot;
  },
  &quot;javascriptEnabled&quot;: true,
  &quot;katalon:option&quot;: {
    &quot;unlimitedExecutionMinutes&quot;: true,
    &quot;jwt&quot;: &quot;eyJ0eXAiOiJKV1QiLCJhbGciOiJSUzI1NiJ9.eyJzdWIiOiJsbm92YWtvdmljaEBlY29zaXN0ZW1hcy5jb20uYXIiLCJ1cG4iOiIxMDgwMDQ1IiwiZ3JvdXBzIjpbIlVTRVIiXSwic3RhdHVzIjoiVkVSSUZJRUQiLCJnaXZlbl9uYW1lIjoiTGp1Ym8iLCJmYW1pbHlfbmFtZSI6Ik5vdmFrb3ZpY2giLCJlbWFpbCI6Imxub3Zha292aWNoQGVjb3Npc3RlbWFzLmNvbS5hciIsImVtYWlsX3ZlcmlmaWVkIjp0cnVlLCJjcmVhdGVkX2F0IjoxNjY4NTQwMTA2LCJ1cGRhdGVkX2F0IjoxNjY5ODM5ODk5LCJhbXIiOlsicHdkIl0sImlhdCI6MTY2OTgzOTkwNiwiZXhwIjoxNjcwNDQ0NzA2LCJqdGkiOiI4OWMzYzNhNS0yMWI1LTQ4ZjktOTU0Zi0yY2JkZDY0YzQ0Y2QiLCJpc3MiOiJrYXRhbG9uLWF1dGgifQ.GcviXgGQEK65S3AJ49qAorDnITxk6_iKk07RBWaMZF0YCz5GOhIZ5rneNgQ7OXBanEB87wN6KZQlzfRAklRbAJHJ46w5NaVoxQJudd3SLFII6tC2M1k40OgZwRnJvZI1ciegwPZzU5oQmbbnTdVIkhjBVgRQY_6AnN57rYXuvLfFzmpIU7z0wmPGUdYHGqR-MQNM9gQecKd1Y0FNLVqLglEUu1y_DX6j7jCv1QxnLg9OctqYJT0nG1rzl2ZbesF6rzHBkzqOYyfSNkNb6kGX5cMMHJeCGQN6bjU4it5xnzb5N6jRUwuhs6PU-sFAAREkEq-S0xrj6WOmRFWU0z2YQw&quot;,
    &quot;userId&quot;: 1080045,
    &quot;organizationId&quot;: &quot;987205&quot;,
    &quot;class&quot;: &quot;com.katalon.testcloud.grid.common.tunnel.domain.UserOptionCapability&quot;,
    &quot;usingTunnel&quot;: false,
    &quot;username&quot;: &quot;lnovakovich@ecosistemas.com.ar&quot;
  },
  &quot;networkConnectionEnabled&quot;: false,
  &quot;pageLoadStrategy&quot;: &quot;normal&quot;,
  &quot;platform&quot;: &quot;WINDOWS&quot;,
  &quot;platformName&quot;: &quot;WINDOWS&quot;,
  &quot;proxy&quot;: {
    &quot;proxyType&quot;: &quot;DIRECT&quot;,
    &quot;autodetect&quot;: false
  },
  &quot;requestId&quot;: &quot;0f527c7b-74ad-402b-95b6-415193674478&quot;,
  &quot;se:cdp&quot;: &quot;ws://10.0.2.2:4444/session/7ea5b3f13fd642d932b3d824a5cc9188/se/cdp&quot;,
  &quot;se:cdpVersion&quot;: &quot;103.0.5060.53&quot;,
  &quot;setWindowRect&quot;: true,
  &quot;strictFileInteractability&quot;: false,
  &quot;timeouts&quot;: {
    &quot;implicit&quot;: 0,
    &quot;pageLoad&quot;: 300000,
    &quot;script&quot;: 30000
  },
  &quot;unhandledPromptBehavior&quot;: &quot;dismiss and notify&quot;,
  &quot;webauthn:extension:credBlob&quot;: true,
  &quot;webauthn:extension:largeBlob&quot;: true,
  &quot;webauthn:virtualAuthenticators&quot;: true
}"/>
         <property name="os" value="Windows 10 64bit"/>
         <property name="remoteOS" value="Windows"/>
         <property name="katalonVersion" value="8.5.2.208"/>
         <property name="browser" value="Chrome 103.0.5060.53"/>
         <property name="hostAddress" value="192.168.0.13"/>
         <property name="sessionId" value="7ea5b3f13fd642d932b3d824a5cc9188"/>
         <property name="seleniumVersion" value="3.141.59"/>
         <property name="proxyInformation" value="ProxyInformation { proxyOption=NO_PROXY, proxyServerType=HTTP, username=, password=********, proxyServerAddress=, proxyServerPort=0, executionList=&quot;&quot;, isApplyToDesiredCapabilities=true }"/>
         <property name="platform" value="Windows 10"/>
      </properties>
      <testcase name="Test Cases/Navegador/Navegador" time="177.372" classname="Test Cases/Navegador/Navegador" status="PASSED">
         <system-out><![CDATA[2022-11-30 18:55:07 - [TEST_CASE][PASSED] - Test Cases/Navegador/Navegador: Test Cases/Navegador/Navegador

2022-11-30 18:55:08 - [TEST_STEP][PASSED] - openBrowser("https://demoqa.com/text-box"): Browser is opened with url: 'https://demoqa.com/text-box'

2022-11-30 18:55:10 - [MESSAGE][INFO] - User set preference: ['os', 'windows']

2022-11-30 18:55:10 - [MESSAGE][INFO] - User set preference: ['browserName', 'chrome']

2022-11-30 18:55:10 - [MESSAGE][INFO] - User set preference: ['browserVersion', '103']

2022-11-30 18:55:10 - [MESSAGE][INFO] - User set preference: ['katalon:option', '{organizationId=987205, tunnelId=, usingTunnel=false}']

2022-11-30 18:55:10 - [MESSAGE][INFO] - Connecting to remote web server 'testcloud.katalon.com/hub' with type 'Selenium'

2022-11-30 18:55:12 - [MESSAGE][INFO] - Action delay is set to 0 milliseconds

2022-11-30 18:57:57 - [MESSAGE][PASSED] - Browser is opened with url: 'https://demoqa.com/text-box'

2022-11-30 18:57:57 - [TEST_STEP][PASSED] - maximizeWindow(): Current window maximized

2022-11-30 18:57:59 - [MESSAGE][PASSED] - Current window maximized

2022-11-30 18:57:59 - [TEST_STEP][PASSED] - page_url = getUrl(): Current window's url is: 'https://demoqa.com/text-box'

2022-11-30 18:58:00 - [MESSAGE][PASSED] - Current window's url is: 'https://demoqa.com/text-box'

2022-11-30 18:58:00 - [TEST_STEP][PASSED] - print(page_url): null

2022-11-30 18:58:00 - [TEST_STEP][PASSED] - Titulo = getWindowTitle(): Current window's title is: 'ToolsQA'

2022-11-30 18:58:01 - [MESSAGE][PASSED] - Current window's title is: 'ToolsQA'

2022-11-30 18:58:01 - [TEST_STEP][PASSED] - print("titiulo de la pagina" + Titulo): null

2022-11-30 18:58:01 - [TEST_STEP][PASSED] - closeBrowser(): Browser is closed

2022-11-30 18:58:04 - [MESSAGE][PASSED] - Browser is closed]]></system-out>
         <system-err><![CDATA[]]></system-err>
      </testcase>
      <testcase name="Test Cases/Objecto_xpath/Caso_xpath" time="173.42" classname="Test Cases/Objecto_xpath/Caso_xpath" status="PASSED">
         <system-out><![CDATA[2022-11-30 18:58:04 - [TEST_CASE][PASSED] - Test Cases/Objecto_xpath/Caso_xpath: Test Cases/Objecto_xpath/Caso_xpath

2022-11-30 18:58:05 - [TEST_STEP][PASSED] - openBrowser(""): Browser is opened with url: ''

2022-11-30 18:58:05 - [MESSAGE][INFO] - User set preference: ['os', 'windows']

2022-11-30 18:58:05 - [MESSAGE][INFO] - User set preference: ['browserName', 'chrome']

2022-11-30 18:58:05 - [MESSAGE][INFO] - User set preference: ['browserVersion', '103']

2022-11-30 18:58:05 - [MESSAGE][INFO] - User set preference: ['katalon:option', '{organizationId=987205, tunnelId=, usingTunnel=false}']

2022-11-30 18:58:05 - [MESSAGE][INFO] - Connecting to remote web server 'testcloud.katalon.com/hub' with type 'Selenium'

2022-11-30 18:58:05 - [MESSAGE][INFO] - Action delay is set to 0 milliseconds

2022-11-30 19:00:36 - [MESSAGE][PASSED] - Browser is opened with url: ''

2022-11-30 19:00:36 - [TEST_STEP][PASSED] - navigateToUrl("https://demoqa.com/text-box"): Navigate to 'https://demoqa.com/text-box' successfully

2022-11-30 19:00:41 - [MESSAGE][PASSED] - Navigate to 'https://demoqa.com/text-box' successfully

2022-11-30 19:00:41 - [TEST_STEP][PASSED] - maximizeWindow(): Current window maximized

2022-11-30 19:00:43 - [MESSAGE][PASSED] - Current window maximized

2022-11-30 19:00:43 - [TEST_STEP][PASSED] - setText(findTestObject("Objeto_xpath/Campo_nombre"), "Ljubo"): Text 'Ljubo' is set on object 'Object Repository/Objeto_xpath/Campo_nombre'

2022-11-30 19:00:52 - [MESSAGE][PASSED] - Text 'Ljubo' is set on object 'Object Repository/Objeto_xpath/Campo_nombre'

2022-11-30 19:00:52 - [TEST_STEP][PASSED] - delay(3): Delayed 3 second(s)

2022-11-30 19:00:55 - [MESSAGE][PASSED] - Delayed 3 second(s)

2022-11-30 19:00:55 - [TEST_STEP][PASSED] - closeBrowser(): Browser is closed

2022-11-30 19:00:58 - [MESSAGE][PASSED] - Browser is closed]]></system-out>
         <system-err><![CDATA[]]></system-err>
      </testcase>
      <testcase name="Test Cases/Condicionales_If/Condicionar_titulo" time="185.232" classname="Test Cases/Condicionales_If/Condicionar_titulo" status="PASSED">
         <system-out><![CDATA[2022-11-30 19:07:30 - [TEST_CASE][PASSED] - Test Cases/Condicionales_If/Condicionar_titulo: Test Cases/Condicionales_If/Condicionar_titulo

2022-11-30 19:07:30 - [TEST_STEP][PASSED] - openBrowser(""): Browser is opened with url: ''

2022-11-30 19:07:30 - [MESSAGE][INFO] - User set preference: ['os', 'windows']

2022-11-30 19:07:30 - [MESSAGE][INFO] - User set preference: ['browserName', 'chrome']

2022-11-30 19:07:30 - [MESSAGE][INFO] - User set preference: ['browserVersion', '103']

2022-11-30 19:07:30 - [MESSAGE][INFO] - User set preference: ['katalon:option', '{organizationId=987205, tunnelId=, usingTunnel=false}']

2022-11-30 19:07:30 - [MESSAGE][INFO] - Connecting to remote web server 'testcloud.katalon.com/hub' with type 'Selenium'

2022-11-30 19:07:30 - [MESSAGE][INFO] - Action delay is set to 0 milliseconds

2022-11-30 19:10:11 - [MESSAGE][PASSED] - Browser is opened with url: ''

2022-11-30 19:10:11 - [TEST_STEP][PASSED] - navigateToUrl("https://demoqa.com/"): Navigate to 'https://demoqa.com/' successfully

2022-11-30 19:10:14 - [MESSAGE][PASSED] - Navigate to 'https://demoqa.com/' successfully

2022-11-30 19:10:14 - [TEST_STEP][PASSED] - maximizeWindow(): Current window maximized

2022-11-30 19:10:15 - [MESSAGE][PASSED] - Current window maximized

2022-11-30 19:10:15 - [TEST_STEP][PASSED] - waitForPageLoad(5): Wait for page load successfully

2022-11-30 19:10:16 - [MESSAGE][PASSED] - Wait for page load successfully

2022-11-30 19:10:16 - [TEST_STEP][PASSED] - Existe = waitForElementVisible(findTestObject("Condicionales/Texto_radio"), 3): Web element with id: 'Object Repository/Condicionales/Texto_radio' located by '//div[@class='main-header'][contains(.,'Radio Button')]' not found

2022-11-30 19:10:21 - [MESSAGE][INFO] - Unable to find the element located by 'By.xpath: //div[@class='main-header'][contains(.,'Radio Button')]'. Please recheck the objects properties to make sure the desired element is located. 

2022-11-30 19:10:21 - [MESSAGE][WARNING] - [SELF-HEALING] Failed to find element with id 'Object Repository/Condicionales/Texto_radio'. Try using Self-healing.

2022-11-30 19:10:22 - [MESSAGE][INFO] - [SELF-HEALING] No working XPath is found.

2022-11-30 19:10:25 - [MESSAGE][INFO] - Unable to find the element located by 'By.xpath: '. Please recheck the objects properties to make sure the desired element is located. 

2022-11-30 19:10:25 - [MESSAGE][WARNING] - [SELF-HEALING] Cannot find elements when the selector is null

2022-11-30 19:10:25 - [MESSAGE][WARNING] - Web element with id: 'Object Repository/Condicionales/Texto_radio' located by '//div[@class='main-header'][contains(.,'Radio Button')]' not found

2022-11-30 19:10:25 - [TEST_STEP][PASSED] - print(Existe): null

2022-11-30 19:10:25 - [TEST_STEP][PASSED] - if (Existe == true): null

2022-11-30 19:10:25 - [TEST_STEP][PASSED] - else: Browser is closed

2022-11-30 19:10:25 - [TEST_STEP][PASSED] - print("-----  Error no esta el elemento de texto radio ------"): null

2022-11-30 19:10:25 - [TEST_STEP][PASSED] - navigateToUrl("https://demoqa.com/radio-button"): Navigate to 'https://demoqa.com/radio-button' successfully

2022-11-30 19:10:27 - [MESSAGE][PASSED] - Navigate to 'https://demoqa.com/radio-button' successfully

2022-11-30 19:10:27 - [TEST_STEP][PASSED] - click(findTestObject("Condicionales/Objeto_yes")): Object: 'Object Repository/Condicionales/Objeto_yes' is clicked on

2022-11-30 19:10:30 - [MESSAGE][PASSED] - Object: 'Object Repository/Condicionales/Objeto_yes' is clicked on

2022-11-30 19:10:30 - [TEST_STEP][PASSED] - delay(2): Delayed 2 second(s)

2022-11-30 19:10:32 - [MESSAGE][PASSED] - Delayed 2 second(s)

2022-11-30 19:10:32 - [TEST_STEP][PASSED] - closeBrowser(): Browser is closed

2022-11-30 19:10:35 - [MESSAGE][PASSED] - Browser is closed]]></system-out>
         <system-err><![CDATA[]]></system-err>
      </testcase>
      <testcase name="Test Cases/Condicionales_If/Test_1" time="0.646" classname="Test Cases/Condicionales_If/Test_1" status="PASSED">
         <system-out><![CDATA[2022-11-30 19:10:35 - [TEST_CASE][PASSED] - Test Cases/Condicionales_If/Test_1: Test Cases/Condicionales_If/Test_1

2022-11-30 19:10:36 - [TEST_STEP][PASSED] - if (num == 10): null

2022-11-30 19:10:36 - [TEST_STEP][PASSED] - else: null

2022-11-30 19:10:36 - [TEST_STEP][PASSED] - print("El numero no es un 10 es el numero:  " + num + "#####"): null]]></system-out>
         <system-err><![CDATA[]]></system-err>
      </testcase>
      <testcase name="Test Cases/Condicionales_If/Test_2" time="0.478" classname="Test Cases/Condicionales_If/Test_2" status="PASSED">
         <system-out><![CDATA[2022-11-30 19:10:36 - [TEST_CASE][PASSED] - Test Cases/Condicionales_If/Test_2: Test Cases/Condicionales_If/Test_2

2022-11-30 19:10:36 - [TEST_STEP][PASSED] - if (num == 5): null

2022-11-30 19:10:36 - [TEST_STEP][PASSED] - if (num == 10): null

2022-11-30 19:10:36 - [TEST_STEP][PASSED] - println("El valor de la variables es un: 10"): null]]></system-out>
         <system-err><![CDATA[]]></system-err>
      </testcase>
      <testcase name="Test Cases/Condicionales_If/Test_3" time="0.466" classname="Test Cases/Condicionales_If/Test_3" status="PASSED">
         <system-out><![CDATA[2022-11-30 19:10:36 - [TEST_CASE][PASSED] - Test Cases/Condicionales_If/Test_3: Test Cases/Condicionales_If/Test_3

2022-11-30 19:10:36 - [TEST_STEP][PASSED] - if (nombre == "Juan"): null

2022-11-30 19:10:36 - [TEST_STEP][PASSED] - if (nombre == "JUan"): null

2022-11-30 19:10:36 - [TEST_STEP][PASSED] - if (nombre == "juan"): null

2022-11-30 19:10:36 - [TEST_STEP][PASSED] - println("Tu nombre es juan"): null]]></system-out>
         <system-err><![CDATA[]]></system-err>
      </testcase>
      <testcase name="Test Cases/Condicionales_If/Test_4" time="0.532" classname="Test Cases/Condicionales_If/Test_4" status="PASSED">
         <system-out><![CDATA[2022-11-30 19:10:37 - [TEST_CASE][PASSED] - Test Cases/Condicionales_If/Test_4: Test Cases/Condicionales_If/Test_4

2022-11-30 19:10:37 - [TEST_STEP][PASSED] - if (num <= 7): null

2022-11-30 19:10:37 - [TEST_STEP][PASSED] - println("El numero es menor ó igual que 5"): null

2022-11-30 19:10:37 - [TEST_STEP][PASSED] - if (num >= 8): null

2022-11-30 19:10:37 - [TEST_STEP][PASSED] - if (num != 5): null]]></system-out>
         <system-err><![CDATA[]]></system-err>
      </testcase>
      <testcase name="Test Cases/Condicionales_If/Test_edad" time="0.577" classname="Test Cases/Condicionales_If/Test_edad" status="PASSED">
         <system-out><![CDATA[2022-11-30 19:10:37 - [TEST_CASE][PASSED] - Test Cases/Condicionales_If/Test_edad: Test Cases/Condicionales_If/Test_edad

2022-11-30 19:10:38 - [TEST_STEP][PASSED] - if (edad >= 1 && edad <= 17): null

2022-11-30 19:10:38 - [TEST_STEP][PASSED] - else if (edad == 18): null

2022-11-30 19:10:38 - [TEST_STEP][PASSED] - else if (edad <= 0): null

2022-11-30 19:10:38 - [TEST_STEP][PASSED] - else if (edad == 120): null

2022-11-30 19:10:38 - [TEST_STEP][PASSED] - else: null

2022-11-30 19:10:38 - [TEST_STEP][PASSED] - print("No se cumple ninguna de las opciones"): null]]></system-out>
         <system-err><![CDATA[]]></system-err>
      </testcase>
      <testcase name="Test Cases/Condicionales_If/Test_valor" time="170.53" classname="Test Cases/Condicionales_If/Test_valor" status="PASSED">
         <system-out><![CDATA[2022-11-30 19:10:38 - [TEST_CASE][PASSED] - Test Cases/Condicionales_If/Test_valor: Test Cases/Condicionales_If/Test_valor

2022-11-30 19:10:38 - [TEST_STEP][PASSED] - openBrowser(""): Browser is opened with url: ''

2022-11-30 19:10:38 - [MESSAGE][INFO] - User set preference: ['os', 'windows']

2022-11-30 19:10:38 - [MESSAGE][INFO] - User set preference: ['browserName', 'chrome']

2022-11-30 19:10:38 - [MESSAGE][INFO] - User set preference: ['browserVersion', '103']

2022-11-30 19:10:38 - [MESSAGE][INFO] - User set preference: ['katalon:option', '{organizationId=987205, tunnelId=, usingTunnel=false}']

2022-11-30 19:10:38 - [MESSAGE][INFO] - Connecting to remote web server 'testcloud.katalon.com/hub' with type 'Selenium'

2022-11-30 19:10:38 - [MESSAGE][INFO] - Action delay is set to 0 milliseconds

2022-11-30 19:13:06 - [MESSAGE][PASSED] - Browser is opened with url: ''

2022-11-30 19:13:06 - [TEST_STEP][PASSED] - navigateToUrl("https://demoqa.com/"): Navigate to 'https://demoqa.com/' successfully

2022-11-30 19:13:10 - [MESSAGE][PASSED] - Navigate to 'https://demoqa.com/' successfully

2022-11-30 19:13:10 - [TEST_STEP][PASSED] - maximizeWindow(): Current window maximized

2022-11-30 19:13:11 - [MESSAGE][PASSED] - Current window maximized

2022-11-30 19:13:11 - [TEST_STEP][PASSED] - waitForPageLoad(10): Wait for page load successfully

2022-11-30 19:13:13 - [MESSAGE][PASSED] - Wait for page load successfully

2022-11-30 19:13:13 - [TEST_STEP][PASSED] - Existe = waitForElementVisible(findTestObject("Condicionales/titulo1"), 5): Web element with id: 'Object Repository/Condicionales/titulo1' located by '//div[@class='main-header'][contains(.,'Radio Button')]' not found

2022-11-30 19:13:21 - [MESSAGE][INFO] - Unable to find the element located by 'By.xpath: //div[@class='main-header'][contains(.,'Radio Button')]'. Please recheck the objects properties to make sure the desired element is located. 

2022-11-30 19:13:21 - [MESSAGE][WARNING] - [SELF-HEALING] Failed to find element with id 'Object Repository/Condicionales/titulo1'. Try using Self-healing.

2022-11-30 19:13:22 - [MESSAGE][INFO] - [SELF-HEALING] No working XPath is found.

2022-11-30 19:13:24 - [MESSAGE][INFO] - Unable to find the element located by 'By.xpath: '. Please recheck the objects properties to make sure the desired element is located. 

2022-11-30 19:13:24 - [MESSAGE][WARNING] - [SELF-HEALING] Cannot find elements when the selector is null

2022-11-30 19:13:24 - [MESSAGE][WARNING] - Web element with id: 'Object Repository/Condicionales/titulo1' located by '//div[@class='main-header'][contains(.,'Radio Button')]' not found

2022-11-30 19:13:24 - [TEST_STEP][PASSED] - if (Existe == true): null

2022-11-30 19:13:24 - [TEST_STEP][PASSED] - else: Browser is closed

2022-11-30 19:13:24 - [TEST_STEP][PASSED] - print("No estas en la página correcta"): null

2022-11-30 19:13:24 - [TEST_STEP][PASSED] - closeBrowser(): Browser is closed

2022-11-30 19:13:28 - [MESSAGE][PASSED] - Browser is closed]]></system-out>
         <system-err><![CDATA[]]></system-err>
      </testcase>
      <testcase name="Test Cases/BUCLES/Reto_For" time="276.507" classname="Test Cases/BUCLES/Reto_For" status="PASSED">
         <system-out><![CDATA[2022-11-30 19:13:28 - [TEST_CASE][PASSED] - Test Cases/BUCLES/Reto_For: Test Cases/BUCLES/Reto_For

2022-11-30 19:13:29 - [TEST_STEP][PASSED] - openBrowser(""): Browser is opened with url: ''

2022-11-30 19:13:29 - [MESSAGE][INFO] - User set preference: ['os', 'windows']

2022-11-30 19:13:29 - [MESSAGE][INFO] - User set preference: ['browserName', 'chrome']

2022-11-30 19:13:29 - [MESSAGE][INFO] - User set preference: ['browserVersion', '103']

2022-11-30 19:13:29 - [MESSAGE][INFO] - User set preference: ['katalon:option', '{organizationId=987205, tunnelId=, usingTunnel=false}']

2022-11-30 19:13:29 - [MESSAGE][INFO] - Connecting to remote web server 'testcloud.katalon.com/hub' with type 'Selenium'

2022-11-30 19:13:29 - [MESSAGE][INFO] - Action delay is set to 0 milliseconds

2022-11-30 19:16:06 - [MESSAGE][PASSED] - Browser is opened with url: ''

2022-11-30 19:16:06 - [TEST_STEP][PASSED] - navigateToUrl("https://demoqa.com/text-box"): Navigate to 'https://demoqa.com/text-box' successfully

2022-11-30 19:16:09 - [MESSAGE][PASSED] - Navigate to 'https://demoqa.com/text-box' successfully

2022-11-30 19:16:09 - [TEST_STEP][PASSED] - maximizeWindow(): Current window maximized

2022-11-30 19:16:10 - [MESSAGE][PASSED] - Current window maximized

2022-11-30 19:16:10 - [TEST_STEP][PASSED] - waitForPageLoad(5): Wait for page load successfully

2022-11-30 19:16:10 - [MESSAGE][PASSED] - Wait for page load successfully

2022-11-30 19:16:10 - [TEST_STEP][PASSED] - for ([x = 1, x <= 4, (x++)]): Browser is scrolled to position x = 0, y = 100

2022-11-30 19:16:10 - [TEST_STEP][PASSED] - z = ["Carlos", "Erika", "Paco", "Rodrigo", "Juan"]: null

2022-11-30 19:16:10 - [TEST_STEP][PASSED] - rn = new java.util.Random(): null

2022-11-30 19:16:10 - [TEST_STEP][PASSED] - tx_nombre = z[rn.nextInt(size)]: null

2022-11-30 19:16:10 - [TEST_STEP][PASSED] - setText(findTestObject("Object Repository/Reto_for/Page_ToolsQA/input_Full Name_userName"), tx_nombre): Text 'Carlos' is set on object 'Object Repository/Reto_for/Page_ToolsQA/input_Full Name_userName'

2022-11-30 19:16:16 - [MESSAGE][PASSED] - Text 'Carlos' is set on object 'Object Repository/Reto_for/Page_ToolsQA/input_Full Name_userName'

2022-11-30 19:16:16 - [TEST_STEP][PASSED] - setText(findTestObject("Object Repository/Reto_for/Page_ToolsQA/input_Email_userEmail"), tx_nombre + "@gmail.com"): Text 'Carlos@gmail.com' is set on object 'Object Repository/Reto_for/Page_ToolsQA/input_Email_userEmail'

2022-11-30 19:16:22 - [MESSAGE][PASSED] - Text 'Carlos@gmail.com' is set on object 'Object Repository/Reto_for/Page_ToolsQA/input_Email_userEmail'

2022-11-30 19:16:22 - [TEST_STEP][PASSED] - setText(findTestObject("Object Repository/Reto_for/Page_ToolsQA/textarea_Current Address_currentAddress"), "Dirección#" + x): Text 'Dirección#1' is set on object 'Object Repository/Reto_for/Page_ToolsQA/textarea_Current Address_currentAddress'

2022-11-30 19:16:27 - [MESSAGE][PASSED] - Text 'Dirección#1' is set on object 'Object Repository/Reto_for/Page_ToolsQA/textarea_Current Address_currentAddress'

2022-11-30 19:16:27 - [TEST_STEP][PASSED] - setText(findTestObject("Object Repository/Reto_for/Page_ToolsQA/textarea_Permanent Address_permanentAddress"), "Dirección dos#" + x): Text 'Dirección dos#1' is set on object 'Object Repository/Reto_for/Page_ToolsQA/textarea_Permanent Address_permanentAddress'

2022-11-30 19:16:33 - [MESSAGE][PASSED] - Text 'Dirección dos#1' is set on object 'Object Repository/Reto_for/Page_ToolsQA/textarea_Permanent Address_permanentAddress'

2022-11-30 19:16:33 - [TEST_STEP][PASSED] - scrollToPosition(0, 500): Browser is scrolled to position x = 0, y = 500

2022-11-30 19:16:34 - [MESSAGE][PASSED] - Browser is scrolled to position x = 0, y = 500

2022-11-30 19:16:34 - [TEST_STEP][PASSED] - click(findTestObject("Object Repository/Reto_for/Page_ToolsQA/button_Submit")): Object: 'Object Repository/Reto_for/Page_ToolsQA/button_Submit' is clicked on

2022-11-30 19:16:36 - [MESSAGE][PASSED] - Object: 'Object Repository/Reto_for/Page_ToolsQA/button_Submit' is clicked on

2022-11-30 19:16:36 - [TEST_STEP][PASSED] - scrollToPosition(0, 100): Browser is scrolled to position x = 0, y = 100

2022-11-30 19:16:37 - [MESSAGE][PASSED] - Browser is scrolled to position x = 0, y = 100

2022-11-30 19:16:37 - [TEST_STEP][PASSED] - z = ["Carlos", "Erika", "Paco", "Rodrigo", "Juan"]: null

2022-11-30 19:16:37 - [TEST_STEP][PASSED] - rn = new java.util.Random(): null

2022-11-30 19:16:37 - [TEST_STEP][PASSED] - tx_nombre = z[rn.nextInt(size)]: null

2022-11-30 19:16:37 - [TEST_STEP][PASSED] - setText(findTestObject("Object Repository/Reto_for/Page_ToolsQA/input_Full Name_userName"), tx_nombre): Text 'Juan' is set on object 'Object Repository/Reto_for/Page_ToolsQA/input_Full Name_userName'

2022-11-30 19:16:43 - [MESSAGE][PASSED] - Text 'Juan' is set on object 'Object Repository/Reto_for/Page_ToolsQA/input_Full Name_userName'

2022-11-30 19:16:43 - [TEST_STEP][PASSED] - setText(findTestObject("Object Repository/Reto_for/Page_ToolsQA/input_Email_userEmail"), tx_nombre + "@gmail.com"): Text 'Juan@gmail.com' is set on object 'Object Repository/Reto_for/Page_ToolsQA/input_Email_userEmail'

2022-11-30 19:16:48 - [MESSAGE][PASSED] - Text 'Juan@gmail.com' is set on object 'Object Repository/Reto_for/Page_ToolsQA/input_Email_userEmail'

2022-11-30 19:16:48 - [TEST_STEP][PASSED] - setText(findTestObject("Object Repository/Reto_for/Page_ToolsQA/textarea_Current Address_currentAddress"), "Dirección#" + x): Text 'Dirección#2' is set on object 'Object Repository/Reto_for/Page_ToolsQA/textarea_Current Address_currentAddress'

2022-11-30 19:16:54 - [MESSAGE][PASSED] - Text 'Dirección#2' is set on object 'Object Repository/Reto_for/Page_ToolsQA/textarea_Current Address_currentAddress'

2022-11-30 19:16:54 - [TEST_STEP][PASSED] - setText(findTestObject("Object Repository/Reto_for/Page_ToolsQA/textarea_Permanent Address_permanentAddress"), "Dirección dos#" + x): Text 'Dirección dos#2' is set on object 'Object Repository/Reto_for/Page_ToolsQA/textarea_Permanent Address_permanentAddress'

2022-11-30 19:17:00 - [MESSAGE][PASSED] - Text 'Dirección dos#2' is set on object 'Object Repository/Reto_for/Page_ToolsQA/textarea_Permanent Address_permanentAddress'

2022-11-30 19:17:00 - [TEST_STEP][PASSED] - scrollToPosition(0, 500): Browser is scrolled to position x = 0, y = 500

2022-11-30 19:17:01 - [MESSAGE][PASSED] - Browser is scrolled to position x = 0, y = 500

2022-11-30 19:17:01 - [TEST_STEP][PASSED] - click(findTestObject("Object Repository/Reto_for/Page_ToolsQA/button_Submit")): Object: 'Object Repository/Reto_for/Page_ToolsQA/button_Submit' is clicked on

2022-11-30 19:17:03 - [MESSAGE][PASSED] - Object: 'Object Repository/Reto_for/Page_ToolsQA/button_Submit' is clicked on

2022-11-30 19:17:03 - [TEST_STEP][PASSED] - scrollToPosition(0, 100): Browser is scrolled to position x = 0, y = 100

2022-11-30 19:17:04 - [MESSAGE][PASSED] - Browser is scrolled to position x = 0, y = 100

2022-11-30 19:17:04 - [TEST_STEP][PASSED] - z = ["Carlos", "Erika", "Paco", "Rodrigo", "Juan"]: null

2022-11-30 19:17:04 - [TEST_STEP][PASSED] - rn = new java.util.Random(): null

2022-11-30 19:17:04 - [TEST_STEP][PASSED] - tx_nombre = z[rn.nextInt(size)]: null

2022-11-30 19:17:04 - [TEST_STEP][PASSED] - setText(findTestObject("Object Repository/Reto_for/Page_ToolsQA/input_Full Name_userName"), tx_nombre): Text 'Juan' is set on object 'Object Repository/Reto_for/Page_ToolsQA/input_Full Name_userName'

2022-11-30 19:17:10 - [MESSAGE][PASSED] - Text 'Juan' is set on object 'Object Repository/Reto_for/Page_ToolsQA/input_Full Name_userName'

2022-11-30 19:17:10 - [TEST_STEP][PASSED] - setText(findTestObject("Object Repository/Reto_for/Page_ToolsQA/input_Email_userEmail"), tx_nombre + "@gmail.com"): Text 'Juan@gmail.com' is set on object 'Object Repository/Reto_for/Page_ToolsQA/input_Email_userEmail'

2022-11-30 19:17:16 - [MESSAGE][PASSED] - Text 'Juan@gmail.com' is set on object 'Object Repository/Reto_for/Page_ToolsQA/input_Email_userEmail'

2022-11-30 19:17:16 - [TEST_STEP][PASSED] - setText(findTestObject("Object Repository/Reto_for/Page_ToolsQA/textarea_Current Address_currentAddress"), "Dirección#" + x): Text 'Dirección#3' is set on object 'Object Repository/Reto_for/Page_ToolsQA/textarea_Current Address_currentAddress'

2022-11-30 19:17:24 - [MESSAGE][PASSED] - Text 'Dirección#3' is set on object 'Object Repository/Reto_for/Page_ToolsQA/textarea_Current Address_currentAddress'

2022-11-30 19:17:24 - [TEST_STEP][PASSED] - setText(findTestObject("Object Repository/Reto_for/Page_ToolsQA/textarea_Permanent Address_permanentAddress"), "Dirección dos#" + x): Text 'Dirección dos#3' is set on object 'Object Repository/Reto_for/Page_ToolsQA/textarea_Permanent Address_permanentAddress'

2022-11-30 19:17:31 - [MESSAGE][PASSED] - Text 'Dirección dos#3' is set on object 'Object Repository/Reto_for/Page_ToolsQA/textarea_Permanent Address_permanentAddress'

2022-11-30 19:17:31 - [TEST_STEP][PASSED] - scrollToPosition(0, 500): Browser is scrolled to position x = 0, y = 500

2022-11-30 19:17:32 - [MESSAGE][PASSED] - Browser is scrolled to position x = 0, y = 500

2022-11-30 19:17:32 - [TEST_STEP][PASSED] - click(findTestObject("Object Repository/Reto_for/Page_ToolsQA/button_Submit")): Object: 'Object Repository/Reto_for/Page_ToolsQA/button_Submit' is clicked on

2022-11-30 19:17:34 - [MESSAGE][PASSED] - Object: 'Object Repository/Reto_for/Page_ToolsQA/button_Submit' is clicked on

2022-11-30 19:17:34 - [TEST_STEP][PASSED] - scrollToPosition(0, 100): Browser is scrolled to position x = 0, y = 100

2022-11-30 19:17:34 - [MESSAGE][PASSED] - Browser is scrolled to position x = 0, y = 100

2022-11-30 19:17:34 - [TEST_STEP][PASSED] - z = ["Carlos", "Erika", "Paco", "Rodrigo", "Juan"]: null

2022-11-30 19:17:34 - [TEST_STEP][PASSED] - rn = new java.util.Random(): null

2022-11-30 19:17:34 - [TEST_STEP][PASSED] - tx_nombre = z[rn.nextInt(size)]: null

2022-11-30 19:17:34 - [TEST_STEP][PASSED] - setText(findTestObject("Object Repository/Reto_for/Page_ToolsQA/input_Full Name_userName"), tx_nombre): Text 'Carlos' is set on object 'Object Repository/Reto_for/Page_ToolsQA/input_Full Name_userName'

2022-11-30 19:17:39 - [MESSAGE][PASSED] - Text 'Carlos' is set on object 'Object Repository/Reto_for/Page_ToolsQA/input_Full Name_userName'

2022-11-30 19:17:39 - [TEST_STEP][PASSED] - setText(findTestObject("Object Repository/Reto_for/Page_ToolsQA/input_Email_userEmail"), tx_nombre + "@gmail.com"): Text 'Carlos@gmail.com' is set on object 'Object Repository/Reto_for/Page_ToolsQA/input_Email_userEmail'

2022-11-30 19:17:45 - [MESSAGE][PASSED] - Text 'Carlos@gmail.com' is set on object 'Object Repository/Reto_for/Page_ToolsQA/input_Email_userEmail'

2022-11-30 19:17:45 - [TEST_STEP][PASSED] - setText(findTestObject("Object Repository/Reto_for/Page_ToolsQA/textarea_Current Address_currentAddress"), "Dirección#" + x): Text 'Dirección#4' is set on object 'Object Repository/Reto_for/Page_ToolsQA/textarea_Current Address_currentAddress'

2022-11-30 19:17:52 - [MESSAGE][PASSED] - Text 'Dirección#4' is set on object 'Object Repository/Reto_for/Page_ToolsQA/textarea_Current Address_currentAddress'

2022-11-30 19:17:52 - [TEST_STEP][PASSED] - setText(findTestObject("Object Repository/Reto_for/Page_ToolsQA/textarea_Permanent Address_permanentAddress"), "Dirección dos#" + x): Text 'Dirección dos#4' is set on object 'Object Repository/Reto_for/Page_ToolsQA/textarea_Permanent Address_permanentAddress'

2022-11-30 19:17:58 - [MESSAGE][PASSED] - Text 'Dirección dos#4' is set on object 'Object Repository/Reto_for/Page_ToolsQA/textarea_Permanent Address_permanentAddress'

2022-11-30 19:17:58 - [TEST_STEP][PASSED] - scrollToPosition(0, 500): Browser is scrolled to position x = 0, y = 500

2022-11-30 19:17:59 - [MESSAGE][PASSED] - Browser is scrolled to position x = 0, y = 500

2022-11-30 19:17:59 - [TEST_STEP][PASSED] - click(findTestObject("Object Repository/Reto_for/Page_ToolsQA/button_Submit")): Object: 'Object Repository/Reto_for/Page_ToolsQA/button_Submit' is clicked on

2022-11-30 19:18:02 - [MESSAGE][PASSED] - Object: 'Object Repository/Reto_for/Page_ToolsQA/button_Submit' is clicked on

2022-11-30 19:18:02 - [TEST_STEP][PASSED] - scrollToPosition(0, 100): Browser is scrolled to position x = 0, y = 100

2022-11-30 19:18:02 - [MESSAGE][PASSED] - Browser is scrolled to position x = 0, y = 100

2022-11-30 19:18:02 - [TEST_STEP][PASSED] - closeBrowser(): Browser is closed

2022-11-30 19:18:05 - [MESSAGE][PASSED] - Browser is closed]]></system-out>
         <system-err><![CDATA[]]></system-err>
      </testcase>
      <testcase name="Test Cases/BUCLES/Reto_while" time="181.673" classname="Test Cases/BUCLES/Reto_while" status="PASSED">
         <system-out><![CDATA[2022-11-30 19:18:05 - [TEST_CASE][PASSED] - Test Cases/BUCLES/Reto_while: Test Cases/BUCLES/Reto_while

2022-11-30 19:18:06 - [TEST_STEP][PASSED] - openBrowser(""): Browser is opened with url: ''

2022-11-30 19:18:06 - [MESSAGE][INFO] - User set preference: ['os', 'windows']

2022-11-30 19:18:06 - [MESSAGE][INFO] - User set preference: ['browserName', 'chrome']

2022-11-30 19:18:06 - [MESSAGE][INFO] - User set preference: ['browserVersion', '103']

2022-11-30 19:18:06 - [MESSAGE][INFO] - User set preference: ['katalon:option', '{organizationId=987205, tunnelId=, usingTunnel=false}']

2022-11-30 19:18:06 - [MESSAGE][INFO] - Connecting to remote web server 'testcloud.katalon.com/hub' with type 'Selenium'

2022-11-30 19:18:06 - [MESSAGE][INFO] - Action delay is set to 0 milliseconds

2022-11-30 19:20:31 - [MESSAGE][PASSED] - Browser is opened with url: ''

2022-11-30 19:20:31 - [TEST_STEP][PASSED] - navigateToUrl("https://www.google.com/"): Navigate to 'https://www.google.com/' successfully

2022-11-30 19:20:33 - [MESSAGE][PASSED] - Navigate to 'https://www.google.com/' successfully

2022-11-30 19:20:33 - [TEST_STEP][PASSED] - Bandera = 0: null

2022-11-30 19:20:33 - [TEST_STEP][PASSED] - while (Bandera != 1): null

2022-11-30 19:20:33 - [TEST_STEP][PASSED] - num = Math.random() * 5 - 1 + 1: null

2022-11-30 19:20:33 - [TEST_STEP][PASSED] - setText(findTestObject("Object Repository/While_google/Page_Google/input__q"), "5+" + num): Text '5+1' is set on object 'Object Repository/While_google/Page_Google/input__q'

2022-11-30 19:20:40 - [MESSAGE][PASSED] - Text '5+1' is set on object 'Object Repository/While_google/Page_Google/input__q'

2022-11-30 19:20:40 - [TEST_STEP][PASSED] - sendKeys(findTestObject("Object Repository/While_google/Page_Google/input__q"), Keys.chord(ENTER)): Keys 'ENTER + ' sent to object: 'Object Repository/While_google/Page_Google/input__q'

2022-11-30 19:20:46 - [MESSAGE][PASSED] - Keys 'ENTER + ' sent to object: 'Object Repository/While_google/Page_Google/input__q'

2022-11-30 19:20:46 - [TEST_STEP][PASSED] - Resultado = getText(findTestObject("While_google/Extras/Resultado_10")): Text of object 'Object Repository/While_google/Extras/Resultado_10' is: '6'

2022-11-30 19:20:49 - [MESSAGE][PASSED] - Text of object 'Object Repository/While_google/Extras/Resultado_10' is: '6'

2022-11-30 19:20:49 - [TEST_STEP][PASSED] - if (Resultado == "8"): null

2022-11-30 19:20:49 - [TEST_STEP][PASSED] - else: null

2022-11-30 19:20:49 - [TEST_STEP][PASSED] - Bandera = 0: null

2022-11-30 19:20:49 - [TEST_STEP][PASSED] - print(Bandera + "------"): null

2022-11-30 19:20:49 - [TEST_STEP][PASSED] - num = Math.random() * 5 - 1 + 1: null

2022-11-30 19:20:49 - [TEST_STEP][PASSED] - setText(findTestObject("Object Repository/While_google/Page_Google/input__q"), "5+" + num): Text '5+3' is set on object 'Object Repository/While_google/Page_Google/input__q'

2022-11-30 19:20:55 - [MESSAGE][PASSED] - Text '5+3' is set on object 'Object Repository/While_google/Page_Google/input__q'

2022-11-30 19:20:55 - [TEST_STEP][PASSED] - sendKeys(findTestObject("Object Repository/While_google/Page_Google/input__q"), Keys.chord(ENTER)): Keys 'ENTER + ' sent to object: 'Object Repository/While_google/Page_Google/input__q'

2022-11-30 19:20:59 - [MESSAGE][PASSED] - Keys 'ENTER + ' sent to object: 'Object Repository/While_google/Page_Google/input__q'

2022-11-30 19:20:59 - [TEST_STEP][PASSED] - Resultado = getText(findTestObject("While_google/Extras/Resultado_10")): Text of object 'Object Repository/While_google/Extras/Resultado_10' is: '8'

2022-11-30 19:21:02 - [MESSAGE][PASSED] - Text of object 'Object Repository/While_google/Extras/Resultado_10' is: '8'

2022-11-30 19:21:02 - [TEST_STEP][PASSED] - if (Resultado == "8"): Browser is closed

2022-11-30 19:21:02 - [TEST_STEP][PASSED] - Bandera = 1: null

2022-11-30 19:21:02 - [TEST_STEP][PASSED] - print("Listo termina"): null

2022-11-30 19:21:02 - [TEST_STEP][PASSED] - closeBrowser(): Browser is closed

2022-11-30 19:21:06 - [MESSAGE][PASSED] - Browser is closed

2022-11-30 19:21:06 - [TEST_STEP][PASSED] - print(Bandera + "------"): null]]></system-out>
         <system-err><![CDATA[]]></system-err>
      </testcase>
      <testcase name="Test Cases/BUCLES/Reto_while_solucion" time="225.927" classname="Test Cases/BUCLES/Reto_while_solucion" status="PASSED">
         <system-out><![CDATA[2022-11-30 19:21:06 - [TEST_CASE][PASSED] - Test Cases/BUCLES/Reto_while_solucion: Test Cases/BUCLES/Reto_while_solucion

2022-11-30 19:21:07 - [TEST_STEP][PASSED] - openBrowser(""): Browser is opened with url: ''

2022-11-30 19:21:07 - [MESSAGE][INFO] - User set preference: ['os', 'windows']

2022-11-30 19:21:07 - [MESSAGE][INFO] - User set preference: ['browserName', 'chrome']

2022-11-30 19:21:07 - [MESSAGE][INFO] - User set preference: ['browserVersion', '103']

2022-11-30 19:21:07 - [MESSAGE][INFO] - User set preference: ['katalon:option', '{organizationId=987205, tunnelId=, usingTunnel=false}']

2022-11-30 19:21:07 - [MESSAGE][INFO] - Connecting to remote web server 'testcloud.katalon.com/hub' with type 'Selenium'

2022-11-30 19:21:07 - [MESSAGE][INFO] - Action delay is set to 0 milliseconds

2022-11-30 19:23:36 - [MESSAGE][PASSED] - Browser is opened with url: ''

2022-11-30 19:23:36 - [TEST_STEP][PASSED] - navigateToUrl("https://www.google.com/"): Navigate to 'https://www.google.com/' successfully

2022-11-30 19:23:38 - [MESSAGE][PASSED] - Navigate to 'https://www.google.com/' successfully

2022-11-30 19:23:38 - [TEST_STEP][PASSED] - Res = 0: null

2022-11-30 19:23:38 - [TEST_STEP][PASSED] - while (Res != 8): Browser is closed

2022-11-30 19:23:38 - [TEST_STEP][PASSED] - num = Math.random() * 5 - 1 + 1: null

2022-11-30 19:23:38 - [TEST_STEP][PASSED] - setText(findTestObject("Object Repository/Reto_while1/Page_Google/input__q"), "5+" + num): Text '5+2' is set on object 'Object Repository/Reto_while1/Page_Google/input__q'

2022-11-30 19:23:47 - [MESSAGE][PASSED] - Text '5+2' is set on object 'Object Repository/Reto_while1/Page_Google/input__q'

2022-11-30 19:23:47 - [TEST_STEP][PASSED] - sendKeys(findTestObject("Object Repository/Reto_while1/Page_Google/input__q"), Keys.chord(ENTER)): Keys 'ENTER + ' sent to object: 'Object Repository/Reto_while1/Page_Google/input__q'

2022-11-30 19:23:51 - [MESSAGE][PASSED] - Keys 'ENTER + ' sent to object: 'Object Repository/Reto_while1/Page_Google/input__q'

2022-11-30 19:23:51 - [TEST_STEP][PASSED] - Res = getText(findTestObject("Reto_while1/Resultado_8")).toInteger(): Text of object 'Object Repository/Reto_while1/Resultado_8' is: '7'

2022-11-30 19:23:54 - [MESSAGE][PASSED] - Text of object 'Object Repository/Reto_while1/Resultado_8' is: '7'

2022-11-30 19:23:54 - [TEST_STEP][PASSED] - if (Res == 8): null

2022-11-30 19:23:54 - [TEST_STEP][PASSED] - num = Math.random() * 5 - 1 + 1: null

2022-11-30 19:23:54 - [TEST_STEP][PASSED] - setText(findTestObject("Object Repository/Reto_while1/Page_Google/input__q"), "5+" + num): Text '5+2' is set on object 'Object Repository/Reto_while1/Page_Google/input__q'

2022-11-30 19:24:05 - [MESSAGE][PASSED] - Text '5+2' is set on object 'Object Repository/Reto_while1/Page_Google/input__q'

2022-11-30 19:24:05 - [TEST_STEP][PASSED] - sendKeys(findTestObject("Object Repository/Reto_while1/Page_Google/input__q"), Keys.chord(ENTER)): Keys 'ENTER + ' sent to object: 'Object Repository/Reto_while1/Page_Google/input__q'

2022-11-30 19:24:09 - [MESSAGE][PASSED] - Keys 'ENTER + ' sent to object: 'Object Repository/Reto_while1/Page_Google/input__q'

2022-11-30 19:24:09 - [TEST_STEP][PASSED] - Res = getText(findTestObject("Reto_while1/Resultado_8")).toInteger(): Text of object 'Object Repository/Reto_while1/Resultado_8' is: '7'

2022-11-30 19:24:12 - [MESSAGE][PASSED] - Text of object 'Object Repository/Reto_while1/Resultado_8' is: '7'

2022-11-30 19:24:12 - [TEST_STEP][PASSED] - if (Res == 8): null

2022-11-30 19:24:12 - [TEST_STEP][PASSED] - num = Math.random() * 5 - 1 + 1: null

2022-11-30 19:24:12 - [TEST_STEP][PASSED] - setText(findTestObject("Object Repository/Reto_while1/Page_Google/input__q"), "5+" + num): Text '5+4' is set on object 'Object Repository/Reto_while1/Page_Google/input__q'

2022-11-30 19:24:21 - [MESSAGE][PASSED] - Text '5+4' is set on object 'Object Repository/Reto_while1/Page_Google/input__q'

2022-11-30 19:24:21 - [TEST_STEP][PASSED] - sendKeys(findTestObject("Object Repository/Reto_while1/Page_Google/input__q"), Keys.chord(ENTER)): Keys 'ENTER + ' sent to object: 'Object Repository/Reto_while1/Page_Google/input__q'

2022-11-30 19:24:26 - [MESSAGE][PASSED] - Keys 'ENTER + ' sent to object: 'Object Repository/Reto_while1/Page_Google/input__q'

2022-11-30 19:24:26 - [TEST_STEP][PASSED] - Res = getText(findTestObject("Reto_while1/Resultado_8")).toInteger(): Text of object 'Object Repository/Reto_while1/Resultado_8' is: '9'

2022-11-30 19:24:31 - [MESSAGE][PASSED] - Text of object 'Object Repository/Reto_while1/Resultado_8' is: '9'

2022-11-30 19:24:31 - [TEST_STEP][PASSED] - if (Res == 8): null

2022-11-30 19:24:31 - [TEST_STEP][PASSED] - num = Math.random() * 5 - 1 + 1: null

2022-11-30 19:24:31 - [TEST_STEP][PASSED] - setText(findTestObject("Object Repository/Reto_while1/Page_Google/input__q"), "5+" + num): Text '5+3' is set on object 'Object Repository/Reto_while1/Page_Google/input__q'

2022-11-30 19:24:43 - [MESSAGE][PASSED] - Text '5+3' is set on object 'Object Repository/Reto_while1/Page_Google/input__q'

2022-11-30 19:24:43 - [TEST_STEP][PASSED] - sendKeys(findTestObject("Object Repository/Reto_while1/Page_Google/input__q"), Keys.chord(ENTER)): Keys 'ENTER + ' sent to object: 'Object Repository/Reto_while1/Page_Google/input__q'

2022-11-30 19:24:48 - [MESSAGE][PASSED] - Keys 'ENTER + ' sent to object: 'Object Repository/Reto_while1/Page_Google/input__q'

2022-11-30 19:24:48 - [TEST_STEP][PASSED] - Res = getText(findTestObject("Reto_while1/Resultado_8")).toInteger(): Text of object 'Object Repository/Reto_while1/Resultado_8' is: '8'

2022-11-30 19:24:50 - [MESSAGE][PASSED] - Text of object 'Object Repository/Reto_while1/Resultado_8' is: '8'

2022-11-30 19:24:50 - [TEST_STEP][PASSED] - if (Res == 8): Browser is closed

2022-11-30 19:24:50 - [TEST_STEP][PASSED] - closeBrowser(): Browser is closed

2022-11-30 19:24:52 - [MESSAGE][PASSED] - Browser is closed]]></system-out>
         <system-err><![CDATA[]]></system-err>
      </testcase>
      <testcase name="Test Cases/BUCLES/Test_1" time="467.875" classname="Test Cases/BUCLES/Test_1" status="PASSED">
         <system-out><![CDATA[2022-11-30 19:42:34 - [TEST_CASE][PASSED] - Test Cases/BUCLES/Test_1: Test Cases/BUCLES/Test_1

2022-11-30 19:42:34 - [TEST_STEP][PASSED] - openBrowser(""): Browser is opened with url: ''

2022-11-30 19:42:34 - [MESSAGE][INFO] - User set preference: ['os', 'windows']

2022-11-30 19:42:34 - [MESSAGE][INFO] - User set preference: ['browserName', 'chrome']

2022-11-30 19:42:34 - [MESSAGE][INFO] - User set preference: ['browserVersion', '103']

2022-11-30 19:42:34 - [MESSAGE][INFO] - User set preference: ['katalon:option', '{organizationId=987205, tunnelId=, usingTunnel=false}']

2022-11-30 19:42:34 - [MESSAGE][INFO] - Connecting to remote web server 'testcloud.katalon.com/hub' with type 'Selenium'

2022-11-30 19:42:34 - [MESSAGE][INFO] - Action delay is set to 0 milliseconds

2022-11-30 19:45:03 - [MESSAGE][PASSED] - Browser is opened with url: ''

2022-11-30 19:45:03 - [TEST_STEP][PASSED] - navigateToUrl("https://demoqa.com/text-box"): Navigate to 'https://demoqa.com/text-box' successfully

2022-11-30 19:45:05 - [MESSAGE][PASSED] - Navigate to 'https://demoqa.com/text-box' successfully

2022-11-30 19:45:05 - [TEST_STEP][PASSED] - for ([x = 1, x <= 2, (x++)]): null

2022-11-30 19:45:05 - [TEST_STEP][PASSED] - openBrowser(""): Browser is opened with url: ''

2022-11-30 19:45:06 - [MESSAGE][WARNING] - A browser is already opened. Closing browser and opening a new one

2022-11-30 19:45:09 - [MESSAGE][INFO] - User set preference: ['os', 'windows']

2022-11-30 19:45:09 - [MESSAGE][INFO] - User set preference: ['browserName', 'chrome']

2022-11-30 19:45:09 - [MESSAGE][INFO] - User set preference: ['browserVersion', '103']

2022-11-30 19:45:09 - [MESSAGE][INFO] - User set preference: ['katalon:option', '{organizationId=987205, tunnelId=, usingTunnel=false}']

2022-11-30 19:45:09 - [MESSAGE][INFO] - Connecting to remote web server 'testcloud.katalon.com/hub' with type 'Selenium'

2022-11-30 19:45:09 - [MESSAGE][INFO] - Action delay is set to 0 milliseconds

2022-11-30 19:47:34 - [MESSAGE][PASSED] - Browser is opened with url: ''

2022-11-30 19:47:34 - [TEST_STEP][PASSED] - navigateToUrl("https://demoqa.com/text-box"): Navigate to 'https://demoqa.com/text-box' successfully

2022-11-30 19:47:37 - [MESSAGE][PASSED] - Navigate to 'https://demoqa.com/text-box' successfully

2022-11-30 19:47:37 - [TEST_STEP][PASSED] - RN = Math.random() * 10 - 1 + 1: null

2022-11-30 19:47:37 - [TEST_STEP][PASSED] - print("Numero : " + RN + "----"): null

2022-11-30 19:47:37 - [TEST_STEP][PASSED] - z = ["Demo1", "Demo2", "Demo3", "Demo4", "Demo5"]: null

2022-11-30 19:47:37 - [TEST_STEP][PASSED] - rnd = new java.util.Random(): null

2022-11-30 19:47:37 - [TEST_STEP][PASSED] - texto = z[rnd.nextInt(size)]: null

2022-11-30 19:47:37 - [TEST_STEP][PASSED] - print(texto): null

2022-11-30 19:47:37 - [TEST_STEP][PASSED] - openBrowser(""): Browser is opened with url: ''

2022-11-30 19:47:37 - [MESSAGE][WARNING] - A browser is already opened. Closing browser and opening a new one

2022-11-30 19:47:42 - [MESSAGE][INFO] - User set preference: ['os', 'windows']

2022-11-30 19:47:42 - [MESSAGE][INFO] - User set preference: ['browserName', 'chrome']

2022-11-30 19:47:42 - [MESSAGE][INFO] - User set preference: ['browserVersion', '103']

2022-11-30 19:47:42 - [MESSAGE][INFO] - User set preference: ['katalon:option', '{organizationId=987205, tunnelId=, usingTunnel=false}']

2022-11-30 19:47:42 - [MESSAGE][INFO] - Connecting to remote web server 'testcloud.katalon.com/hub' with type 'Selenium'

2022-11-30 19:47:42 - [MESSAGE][INFO] - Action delay is set to 0 milliseconds

2022-11-30 19:50:15 - [MESSAGE][PASSED] - Browser is opened with url: ''

2022-11-30 19:50:15 - [TEST_STEP][PASSED] - navigateToUrl("https://demoqa.com/text-box"): Navigate to 'https://demoqa.com/text-box' successfully

2022-11-30 19:50:18 - [MESSAGE][PASSED] - Navigate to 'https://demoqa.com/text-box' successfully

2022-11-30 19:50:18 - [TEST_STEP][PASSED] - RN = Math.random() * 10 - 1 + 1: null

2022-11-30 19:50:18 - [TEST_STEP][PASSED] - print("Numero : " + RN + "----"): null

2022-11-30 19:50:18 - [TEST_STEP][PASSED] - z = ["Demo1", "Demo2", "Demo3", "Demo4", "Demo5"]: null

2022-11-30 19:50:18 - [TEST_STEP][PASSED] - rnd = new java.util.Random(): null

2022-11-30 19:50:18 - [TEST_STEP][PASSED] - texto = z[rnd.nextInt(size)]: null

2022-11-30 19:50:18 - [TEST_STEP][PASSED] - print(texto): null

2022-11-30 19:50:18 - [TEST_STEP][PASSED] - closeBrowser(): Browser is closed

2022-11-30 19:50:21 - [MESSAGE][PASSED] - Browser is closed]]></system-out>
         <system-err><![CDATA[]]></system-err>
      </testcase>
      <testcase name="Test Cases/BUCLES/Test_2" time="162.29" classname="Test Cases/BUCLES/Test_2" status="PASSED">
         <system-out><![CDATA[2022-11-30 19:50:22 - [TEST_CASE][PASSED] - Test Cases/BUCLES/Test_2: Test Cases/BUCLES/Test_2

2022-11-30 19:50:22 - [TEST_STEP][PASSED] - openBrowser(""): Browser is opened with url: ''

2022-11-30 19:50:22 - [MESSAGE][INFO] - User set preference: ['os', 'windows']

2022-11-30 19:50:22 - [MESSAGE][INFO] - User set preference: ['browserName', 'chrome']

2022-11-30 19:50:22 - [MESSAGE][INFO] - User set preference: ['browserVersion', '103']

2022-11-30 19:50:22 - [MESSAGE][INFO] - User set preference: ['katalon:option', '{organizationId=987205, tunnelId=, usingTunnel=false}']

2022-11-30 19:50:22 - [MESSAGE][INFO] - Connecting to remote web server 'testcloud.katalon.com/hub' with type 'Selenium'

2022-11-30 19:50:22 - [MESSAGE][INFO] - Action delay is set to 0 milliseconds

2022-11-30 19:52:49 - [MESSAGE][PASSED] - Browser is opened with url: ''

2022-11-30 19:52:49 - [TEST_STEP][PASSED] - navigateToUrl("https://demoqa.com/text-box"): Navigate to 'https://demoqa.com/text-box' successfully

2022-11-30 19:52:52 - [MESSAGE][PASSED] - Navigate to 'https://demoqa.com/text-box' successfully

2022-11-30 19:52:52 - [TEST_STEP][PASSED] - for ([x = 1, x <= 10, x = x + 2]): null

2022-11-30 19:52:52 - [TEST_STEP][PASSED] - print(" hola mundo " + x + "-------"): null

2022-11-30 19:52:52 - [TEST_STEP][PASSED] - print(" hola mundo " + x + "-------"): null

2022-11-30 19:52:52 - [TEST_STEP][PASSED] - print(" hola mundo " + x + "-------"): null

2022-11-30 19:52:52 - [TEST_STEP][PASSED] - print(" hola mundo " + x + "-------"): null

2022-11-30 19:52:52 - [TEST_STEP][PASSED] - print(" hola mundo " + x + "-------"): null

2022-11-30 19:52:52 - [TEST_STEP][PASSED] - closeBrowser(): Browser is closed

2022-11-30 19:53:04 - [MESSAGE][PASSED] - Browser is closed]]></system-out>
         <system-err><![CDATA[]]></system-err>
      </testcase>
      <testcase name="Test Cases/BUCLES/Test_while" time="162.416" classname="Test Cases/BUCLES/Test_while" status="PASSED">
         <system-out><![CDATA[2022-11-30 19:53:04 - [TEST_CASE][PASSED] - Test Cases/BUCLES/Test_while: Test Cases/BUCLES/Test_while

2022-11-30 19:53:04 - [TEST_STEP][PASSED] - openBrowser(""): Browser is opened with url: ''

2022-11-30 19:53:04 - [MESSAGE][INFO] - User set preference: ['os', 'windows']

2022-11-30 19:53:04 - [MESSAGE][INFO] - User set preference: ['browserName', 'chrome']

2022-11-30 19:53:04 - [MESSAGE][INFO] - User set preference: ['browserVersion', '103']

2022-11-30 19:53:04 - [MESSAGE][INFO] - User set preference: ['katalon:option', '{organizationId=987205, tunnelId=, usingTunnel=false}']

2022-11-30 19:53:04 - [MESSAGE][INFO] - Connecting to remote web server 'testcloud.katalon.com/hub' with type 'Selenium'

2022-11-30 19:53:04 - [MESSAGE][INFO] - Action delay is set to 0 milliseconds

2022-11-30 19:55:31 - [MESSAGE][PASSED] - Browser is opened with url: ''

2022-11-30 19:55:31 - [TEST_STEP][PASSED] - navigateToUrl("https://demoqa.com/text-box"): Navigate to 'https://demoqa.com/text-box' successfully

2022-11-30 19:55:33 - [MESSAGE][PASSED] - Navigate to 'https://demoqa.com/text-box' successfully

2022-11-30 19:55:33 - [TEST_STEP][PASSED] - maximizeWindow(): Current window maximized

2022-11-30 19:55:34 - [MESSAGE][PASSED] - Current window maximized

2022-11-30 19:55:34 - [TEST_STEP][PASSED] - waitForPageLoad(5): Wait for page load successfully

2022-11-30 19:55:34 - [MESSAGE][PASSED] - Wait for page load successfully

2022-11-30 19:55:34 - [TEST_STEP][PASSED] - x = 1: null

2022-11-30 19:55:34 - [TEST_STEP][PASSED] - while (x <= 3): null

2022-11-30 19:55:34 - [TEST_STEP][PASSED] - print("Hola " + x + "----------"): null

2022-11-30 19:55:34 - [TEST_STEP][PASSED] - (x++): null

2022-11-30 19:55:34 - [TEST_STEP][PASSED] - print("Hola " + x + "----------"): null

2022-11-30 19:55:34 - [TEST_STEP][PASSED] - (x++): null

2022-11-30 19:55:34 - [TEST_STEP][PASSED] - print("Hola " + x + "----------"): null

2022-11-30 19:55:34 - [TEST_STEP][PASSED] - (x++): null

2022-11-30 19:55:34 - [TEST_STEP][PASSED] - closeBrowser(): Browser is closed

2022-11-30 19:55:46 - [MESSAGE][PASSED] - Browser is closed]]></system-out>
         <system-err><![CDATA[]]></system-err>
      </testcase>
      <testcase name="Test Cases/BUCLES/Test_while2" time="164.493" classname="Test Cases/BUCLES/Test_while2" status="PASSED">
         <system-out><![CDATA[2022-11-30 19:55:46 - [TEST_CASE][PASSED] - Test Cases/BUCLES/Test_while2: Test Cases/BUCLES/Test_while2

2022-11-30 19:55:47 - [TEST_STEP][PASSED] - openBrowser(""): Browser is opened with url: ''

2022-11-30 19:55:47 - [MESSAGE][INFO] - User set preference: ['os', 'windows']

2022-11-30 19:55:47 - [MESSAGE][INFO] - User set preference: ['browserName', 'chrome']

2022-11-30 19:55:47 - [MESSAGE][INFO] - User set preference: ['browserVersion', '103']

2022-11-30 19:55:47 - [MESSAGE][INFO] - User set preference: ['katalon:option', '{organizationId=987205, tunnelId=, usingTunnel=false}']

2022-11-30 19:55:47 - [MESSAGE][INFO] - Connecting to remote web server 'testcloud.katalon.com/hub' with type 'Selenium'

2022-11-30 19:55:47 - [MESSAGE][INFO] - Action delay is set to 0 milliseconds

2022-11-30 19:58:16 - [MESSAGE][PASSED] - Browser is opened with url: ''

2022-11-30 19:58:16 - [TEST_STEP][PASSED] - navigateToUrl("https://demoqa.com/text-box"): Navigate to 'https://demoqa.com/text-box' successfully

2022-11-30 19:58:19 - [MESSAGE][PASSED] - Navigate to 'https://demoqa.com/text-box' successfully

2022-11-30 19:58:19 - [TEST_STEP][PASSED] - maximizeWindow(): Current window maximized

2022-11-30 19:58:20 - [MESSAGE][PASSED] - Current window maximized

2022-11-30 19:58:20 - [TEST_STEP][PASSED] - waitForPageLoad(5): Wait for page load successfully

2022-11-30 19:58:20 - [MESSAGE][PASSED] - Wait for page load successfully

2022-11-30 19:58:20 - [TEST_STEP][PASSED] - x = 1: null

2022-11-30 19:58:20 - [TEST_STEP][PASSED] - while (x <= 5): null

2022-11-30 19:58:20 - [TEST_STEP][PASSED] - print("Valor de X" + x + "------>"): null

2022-11-30 19:58:20 - [TEST_STEP][PASSED] - (x++): null

2022-11-30 19:58:20 - [TEST_STEP][PASSED] - print("Valor de X" + x + "------>"): null

2022-11-30 19:58:20 - [TEST_STEP][PASSED] - (x++): null

2022-11-30 19:58:20 - [TEST_STEP][PASSED] - print("Valor de X" + x + "------>"): null

2022-11-30 19:58:20 - [TEST_STEP][PASSED] - (x++): null

2022-11-30 19:58:20 - [TEST_STEP][PASSED] - print("Valor de X" + x + "------>"): null

2022-11-30 19:58:20 - [TEST_STEP][PASSED] - (x++): null

2022-11-30 19:58:20 - [TEST_STEP][PASSED] - print("Valor de X" + x + "------>"): null

2022-11-30 19:58:20 - [TEST_STEP][PASSED] - (x++): null

2022-11-30 19:58:20 - [TEST_STEP][PASSED] - closeBrowser(): Browser is closed

2022-11-30 19:58:31 - [MESSAGE][PASSED] - Browser is closed]]></system-out>
         <system-err><![CDATA[]]></system-err>
      </testcase>
      <testcase name="Test Cases/Drive_excel/Drive_excel" time="182.03" classname="Test Cases/Drive_excel/Drive_excel" status="PASSED">
         <system-out><![CDATA[2022-11-30 19:58:31 - [TEST_CASE][PASSED] - Test Cases/Drive_excel/Drive_excel: Test Cases/Drive_excel/Drive_excel

2022-11-30 19:58:31 - [TEST_STEP][PASSED] - openBrowser(""): Browser is opened with url: ''

2022-11-30 19:58:31 - [MESSAGE][INFO] - User set preference: ['os', 'windows']

2022-11-30 19:58:31 - [MESSAGE][INFO] - User set preference: ['browserName', 'chrome']

2022-11-30 19:58:31 - [MESSAGE][INFO] - User set preference: ['browserVersion', '103']

2022-11-30 19:58:31 - [MESSAGE][INFO] - User set preference: ['katalon:option', '{organizationId=987205, tunnelId=, usingTunnel=false}']

2022-11-30 19:58:31 - [MESSAGE][INFO] - Connecting to remote web server 'testcloud.katalon.com/hub' with type 'Selenium'

2022-11-30 19:58:31 - [MESSAGE][INFO] - Action delay is set to 0 milliseconds

2022-11-30 20:01:06 - [MESSAGE][PASSED] - Browser is opened with url: ''

2022-11-30 20:01:06 - [TEST_STEP][PASSED] - navigateToUrl("https://demoqa.com/automation-practice-form"): Navigate to 'https://demoqa.com/automation-practice-form' successfully

2022-11-30 20:01:09 - [MESSAGE][PASSED] - Navigate to 'https://demoqa.com/automation-practice-form' successfully

2022-11-30 20:01:09 - [TEST_STEP][PASSED] - waitForPageLoad(40): Wait for page load successfully

2022-11-30 20:01:10 - [MESSAGE][PASSED] - Wait for page load successfully

2022-11-30 20:01:10 - [TEST_STEP][PASSED] - maximizeWindow(): Current window maximized

2022-11-30 20:01:11 - [MESSAGE][PASSED] - Current window maximized

2022-11-30 20:01:11 - [TEST_STEP][PASSED] - setText(findTestObject("Object Repository/Drive_excel/Page_ToolsQA/input_Name_firstName"), nombre): Text '' is set on object 'Object Repository/Drive_excel/Page_ToolsQA/input_Name_firstName'

2022-11-30 20:01:18 - [MESSAGE][PASSED] - Text '' is set on object 'Object Repository/Drive_excel/Page_ToolsQA/input_Name_firstName'

2022-11-30 20:01:18 - [TEST_STEP][PASSED] - setText(findTestObject("Object Repository/Drive_excel/Page_ToolsQA/input_Name_lastName"), apellido): Text '' is set on object 'Object Repository/Drive_excel/Page_ToolsQA/input_Name_lastName'

2022-11-30 20:01:23 - [MESSAGE][PASSED] - Text '' is set on object 'Object Repository/Drive_excel/Page_ToolsQA/input_Name_lastName'

2022-11-30 20:01:23 - [TEST_STEP][PASSED] - setText(findTestObject("Object Repository/Drive_excel/Page_ToolsQA/input_Email_userEmail"), email): Text '' is set on object 'Object Repository/Drive_excel/Page_ToolsQA/input_Email_userEmail'

2022-11-30 20:01:28 - [MESSAGE][PASSED] - Text '' is set on object 'Object Repository/Drive_excel/Page_ToolsQA/input_Email_userEmail'

2022-11-30 20:01:28 - [TEST_STEP][PASSED] - delay(2): Delayed 2 second(s)

2022-11-30 20:01:30 - [MESSAGE][PASSED] - Delayed 2 second(s)

2022-11-30 20:01:30 - [TEST_STEP][PASSED] - closeBrowser(): Browser is closed

2022-11-30 20:01:33 - [MESSAGE][PASSED] - Browser is closed]]></system-out>
         <system-err><![CDATA[]]></system-err>
      </testcase>
      <testcase name="Test Cases/Navegador/Navegador" time="167.41" classname="Test Cases/Navegador/Navegador" status="PASSED">
         <system-out><![CDATA[2022-11-30 20:01:33 - [TEST_CASE][PASSED] - Test Cases/Navegador/Navegador: Test Cases/Navegador/Navegador

2022-11-30 20:01:33 - [TEST_STEP][PASSED] - openBrowser("https://demoqa.com/text-box"): Browser is opened with url: 'https://demoqa.com/text-box'

2022-11-30 20:01:33 - [MESSAGE][INFO] - User set preference: ['os', 'windows']

2022-11-30 20:01:33 - [MESSAGE][INFO] - User set preference: ['browserName', 'chrome']

2022-11-30 20:01:33 - [MESSAGE][INFO] - User set preference: ['browserVersion', '103']

2022-11-30 20:01:33 - [MESSAGE][INFO] - User set preference: ['katalon:option', '{organizationId=987205, tunnelId=, usingTunnel=false}']

2022-11-30 20:01:33 - [MESSAGE][INFO] - Connecting to remote web server 'testcloud.katalon.com/hub' with type 'Selenium'

2022-11-30 20:01:33 - [MESSAGE][INFO] - Action delay is set to 0 milliseconds

2022-11-30 20:04:10 - [MESSAGE][PASSED] - Browser is opened with url: 'https://demoqa.com/text-box'

2022-11-30 20:04:10 - [TEST_STEP][PASSED] - maximizeWindow(): Current window maximized

2022-11-30 20:04:11 - [MESSAGE][PASSED] - Current window maximized

2022-11-30 20:04:11 - [TEST_STEP][PASSED] - page_url = getUrl(): Current window's url is: 'https://demoqa.com/text-box'

2022-11-30 20:04:11 - [MESSAGE][PASSED] - Current window's url is: 'https://demoqa.com/text-box'

2022-11-30 20:04:11 - [TEST_STEP][PASSED] - print(page_url): null

2022-11-30 20:04:11 - [TEST_STEP][PASSED] - Titulo = getWindowTitle(): Current window's title is: 'ToolsQA'

2022-11-30 20:04:12 - [MESSAGE][PASSED] - Current window's title is: 'ToolsQA'

2022-11-30 20:04:12 - [TEST_STEP][PASSED] - print("titiulo de la pagina" + Titulo): null

2022-11-30 20:04:12 - [TEST_STEP][PASSED] - closeBrowser(): Browser is closed

2022-11-30 20:04:20 - [MESSAGE][PASSED] - Browser is closed]]></system-out>
         <system-err><![CDATA[]]></system-err>
      </testcase>
      <testcase name="Test Cases/Objecto_xpath/Caso_xpath" time="172.113" classname="Test Cases/Objecto_xpath/Caso_xpath" status="PASSED">
         <system-out><![CDATA[2022-11-30 20:04:20 - [TEST_CASE][PASSED] - Test Cases/Objecto_xpath/Caso_xpath: Test Cases/Objecto_xpath/Caso_xpath

2022-11-30 20:04:20 - [TEST_STEP][PASSED] - openBrowser(""): Browser is opened with url: ''

2022-11-30 20:04:20 - [MESSAGE][INFO] - User set preference: ['os', 'windows']

2022-11-30 20:04:20 - [MESSAGE][INFO] - User set preference: ['browserName', 'chrome']

2022-11-30 20:04:20 - [MESSAGE][INFO] - User set preference: ['browserVersion', '103']

2022-11-30 20:04:20 - [MESSAGE][INFO] - User set preference: ['katalon:option', '{organizationId=987205, tunnelId=, usingTunnel=false}']

2022-11-30 20:04:20 - [MESSAGE][INFO] - Connecting to remote web server 'testcloud.katalon.com/hub' with type 'Selenium'

2022-11-30 20:04:20 - [MESSAGE][INFO] - Action delay is set to 0 milliseconds

2022-11-30 20:06:53 - [MESSAGE][PASSED] - Browser is opened with url: ''

2022-11-30 20:06:53 - [TEST_STEP][PASSED] - navigateToUrl("https://demoqa.com/text-box"): Navigate to 'https://demoqa.com/text-box' successfully

2022-11-30 20:06:56 - [MESSAGE][PASSED] - Navigate to 'https://demoqa.com/text-box' successfully

2022-11-30 20:06:56 - [TEST_STEP][PASSED] - maximizeWindow(): Current window maximized

2022-11-30 20:06:58 - [MESSAGE][PASSED] - Current window maximized

2022-11-30 20:06:58 - [TEST_STEP][PASSED] - setText(findTestObject("Objeto_xpath/Campo_nombre"), "Ljubo"): Text 'Ljubo' is set on object 'Object Repository/Objeto_xpath/Campo_nombre'

2022-11-30 20:07:05 - [MESSAGE][PASSED] - Text 'Ljubo' is set on object 'Object Repository/Objeto_xpath/Campo_nombre'

2022-11-30 20:07:05 - [TEST_STEP][PASSED] - delay(3): Delayed 3 second(s)

2022-11-30 20:07:08 - [MESSAGE][PASSED] - Delayed 3 second(s)

2022-11-30 20:07:08 - [TEST_STEP][PASSED] - closeBrowser(): Browser is closed

2022-11-30 20:07:12 - [MESSAGE][PASSED] - Browser is closed]]></system-out>
         <system-err><![CDATA[]]></system-err>
      </testcase>
      <testcase name="Test Cases/Condicionales_If/Condicionar_titulo" time="221.152" classname="Test Cases/Condicionales_If/Condicionar_titulo" status="PASSED">
         <system-out><![CDATA[2022-11-30 20:07:12 - [TEST_CASE][PASSED] - Test Cases/Condicionales_If/Condicionar_titulo: Test Cases/Condicionales_If/Condicionar_titulo

2022-11-30 20:07:12 - [TEST_STEP][PASSED] - openBrowser(""): Browser is opened with url: ''

2022-11-30 20:07:12 - [MESSAGE][INFO] - User set preference: ['os', 'windows']

2022-11-30 20:07:12 - [MESSAGE][INFO] - User set preference: ['browserName', 'chrome']

2022-11-30 20:07:12 - [MESSAGE][INFO] - User set preference: ['browserVersion', '103']

2022-11-30 20:07:12 - [MESSAGE][INFO] - User set preference: ['katalon:option', '{organizationId=987205, tunnelId=, usingTunnel=false}']

2022-11-30 20:07:12 - [MESSAGE][INFO] - Connecting to remote web server 'testcloud.katalon.com/hub' with type 'Selenium'

2022-11-30 20:07:12 - [MESSAGE][INFO] - Action delay is set to 0 milliseconds

2022-11-30 20:09:50 - [MESSAGE][PASSED] - Browser is opened with url: ''

2022-11-30 20:09:50 - [TEST_STEP][PASSED] - navigateToUrl("https://demoqa.com/"): Navigate to 'https://demoqa.com/' successfully

2022-11-30 20:09:53 - [MESSAGE][PASSED] - Navigate to 'https://demoqa.com/' successfully

2022-11-30 20:09:53 - [TEST_STEP][PASSED] - maximizeWindow(): Current window maximized

2022-11-30 20:09:53 - [MESSAGE][PASSED] - Current window maximized

2022-11-30 20:09:53 - [TEST_STEP][PASSED] - waitForPageLoad(5): Wait for page load successfully

2022-11-30 20:09:54 - [MESSAGE][PASSED] - Wait for page load successfully

2022-11-30 20:09:54 - [TEST_STEP][PASSED] - Existe = waitForElementVisible(findTestObject("Condicionales/Texto_radio"), 3): Web element with id: 'Object Repository/Condicionales/Texto_radio' located by '//div[@class='main-header'][contains(.,'Radio Button')]' not found

2022-11-30 20:10:40 - [MESSAGE][INFO] - Unable to find the element located by 'By.xpath: //div[@class='main-header'][contains(.,'Radio Button')]'. Please recheck the objects properties to make sure the desired element is located. 

2022-11-30 20:10:40 - [MESSAGE][WARNING] - [SELF-HEALING] Failed to find element with id 'Object Repository/Condicionales/Texto_radio'. Try using Self-healing.

2022-11-30 20:10:41 - [MESSAGE][INFO] - [SELF-HEALING] No working XPath is found.

2022-11-30 20:10:44 - [MESSAGE][INFO] - Unable to find the element located by 'By.xpath: '. Please recheck the objects properties to make sure the desired element is located. 

2022-11-30 20:10:44 - [MESSAGE][WARNING] - [SELF-HEALING] Cannot find elements when the selector is null

2022-11-30 20:10:44 - [MESSAGE][WARNING] - Web element with id: 'Object Repository/Condicionales/Texto_radio' located by '//div[@class='main-header'][contains(.,'Radio Button')]' not found

2022-11-30 20:10:44 - [TEST_STEP][PASSED] - print(Existe): null

2022-11-30 20:10:44 - [TEST_STEP][PASSED] - if (Existe == true): null

2022-11-30 20:10:44 - [TEST_STEP][PASSED] - else: Browser is closed

2022-11-30 20:10:44 - [TEST_STEP][PASSED] - print("-----  Error no esta el elemento de texto radio ------"): null

2022-11-30 20:10:44 - [TEST_STEP][PASSED] - navigateToUrl("https://demoqa.com/radio-button"): Navigate to 'https://demoqa.com/radio-button' successfully

2022-11-30 20:10:46 - [MESSAGE][PASSED] - Navigate to 'https://demoqa.com/radio-button' successfully

2022-11-30 20:10:46 - [TEST_STEP][PASSED] - click(findTestObject("Condicionales/Objeto_yes")): Object: 'Object Repository/Condicionales/Objeto_yes' is clicked on

2022-11-30 20:10:49 - [MESSAGE][PASSED] - Object: 'Object Repository/Condicionales/Objeto_yes' is clicked on

2022-11-30 20:10:49 - [TEST_STEP][PASSED] - delay(2): Delayed 2 second(s)

2022-11-30 20:10:51 - [MESSAGE][PASSED] - Delayed 2 second(s)

2022-11-30 20:10:51 - [TEST_STEP][PASSED] - closeBrowser(): Browser is closed

2022-11-30 20:10:54 - [MESSAGE][PASSED] - Browser is closed]]></system-out>
         <system-err><![CDATA[]]></system-err>
      </testcase>
      <testcase name="Test Cases/Condicionales_If/Test_1" time="0.058" classname="Test Cases/Condicionales_If/Test_1" status="PASSED">
         <system-out><![CDATA[2022-11-30 20:10:54 - [TEST_CASE][PASSED] - Test Cases/Condicionales_If/Test_1: Test Cases/Condicionales_If/Test_1

2022-11-30 20:10:54 - [TEST_STEP][PASSED] - if (num == 10): null

2022-11-30 20:10:54 - [TEST_STEP][PASSED] - else: null

2022-11-30 20:10:54 - [TEST_STEP][PASSED] - print("El numero no es un 10 es el numero:  " + num + "#####"): null]]></system-out>
         <system-err><![CDATA[]]></system-err>
      </testcase>
      <testcase name="Test Cases/Condicionales_If/Test_2" time="0.059" classname="Test Cases/Condicionales_If/Test_2" status="PASSED">
         <system-out><![CDATA[2022-11-30 20:10:54 - [TEST_CASE][PASSED] - Test Cases/Condicionales_If/Test_2: Test Cases/Condicionales_If/Test_2

2022-11-30 20:10:54 - [TEST_STEP][PASSED] - if (num == 5): null

2022-11-30 20:10:54 - [TEST_STEP][PASSED] - if (num == 10): null

2022-11-30 20:10:54 - [TEST_STEP][PASSED] - println("El valor de la variables es un: 10"): null]]></system-out>
         <system-err><![CDATA[]]></system-err>
      </testcase>
      <testcase name="Test Cases/Condicionales_If/Test_3" time="0.035" classname="Test Cases/Condicionales_If/Test_3" status="PASSED">
         <system-out><![CDATA[2022-11-30 20:10:54 - [TEST_CASE][PASSED] - Test Cases/Condicionales_If/Test_3: Test Cases/Condicionales_If/Test_3

2022-11-30 20:10:54 - [TEST_STEP][PASSED] - if (nombre == "Juan"): null

2022-11-30 20:10:54 - [TEST_STEP][PASSED] - if (nombre == "JUan"): null

2022-11-30 20:10:54 - [TEST_STEP][PASSED] - if (nombre == "juan"): null

2022-11-30 20:10:54 - [TEST_STEP][PASSED] - println("Tu nombre es juan"): null]]></system-out>
         <system-err><![CDATA[]]></system-err>
      </testcase>
      <testcase name="Test Cases/Condicionales_If/Test_4" time="0.059" classname="Test Cases/Condicionales_If/Test_4" status="PASSED">
         <system-out><![CDATA[2022-11-30 20:10:54 - [TEST_CASE][PASSED] - Test Cases/Condicionales_If/Test_4: Test Cases/Condicionales_If/Test_4

2022-11-30 20:10:54 - [TEST_STEP][PASSED] - if (num <= 7): null

2022-11-30 20:10:54 - [TEST_STEP][PASSED] - println("El numero es menor ó igual que 5"): null

2022-11-30 20:10:54 - [TEST_STEP][PASSED] - if (num >= 8): null

2022-11-30 20:10:54 - [TEST_STEP][PASSED] - if (num != 5): null]]></system-out>
         <system-err><![CDATA[]]></system-err>
      </testcase>
      <testcase name="Test Cases/Condicionales_If/Test_edad" time="0.044" classname="Test Cases/Condicionales_If/Test_edad" status="PASSED">
         <system-out><![CDATA[2022-11-30 20:10:54 - [TEST_CASE][PASSED] - Test Cases/Condicionales_If/Test_edad: Test Cases/Condicionales_If/Test_edad

2022-11-30 20:10:54 - [TEST_STEP][PASSED] - if (edad >= 1 && edad <= 17): null

2022-11-30 20:10:54 - [TEST_STEP][PASSED] - else if (edad == 18): null

2022-11-30 20:10:54 - [TEST_STEP][PASSED] - else if (edad <= 0): null

2022-11-30 20:10:54 - [TEST_STEP][PASSED] - else if (edad == 120): null

2022-11-30 20:10:54 - [TEST_STEP][PASSED] - else: null

2022-11-30 20:10:54 - [TEST_STEP][PASSED] - print("No se cumple ninguna de las opciones"): null]]></system-out>
         <system-err><![CDATA[]]></system-err>
      </testcase>
      <testcase name="Test Cases/Condicionales_If/Test_valor" time="171.468" classname="Test Cases/Condicionales_If/Test_valor" status="PASSED">
         <system-out><![CDATA[2022-11-30 20:10:54 - [TEST_CASE][PASSED] - Test Cases/Condicionales_If/Test_valor: Test Cases/Condicionales_If/Test_valor

2022-11-30 20:10:54 - [TEST_STEP][PASSED] - openBrowser(""): Browser is opened with url: ''

2022-11-30 20:10:54 - [MESSAGE][INFO] - User set preference: ['os', 'windows']

2022-11-30 20:10:54 - [MESSAGE][INFO] - User set preference: ['browserName', 'chrome']

2022-11-30 20:10:54 - [MESSAGE][INFO] - User set preference: ['browserVersion', '103']

2022-11-30 20:10:54 - [MESSAGE][INFO] - User set preference: ['katalon:option', '{organizationId=987205, tunnelId=, usingTunnel=false}']

2022-11-30 20:10:54 - [MESSAGE][INFO] - Connecting to remote web server 'testcloud.katalon.com/hub' with type 'Selenium'

2022-11-30 20:10:54 - [MESSAGE][INFO] - Action delay is set to 0 milliseconds

2022-11-30 20:13:26 - [MESSAGE][PASSED] - Browser is opened with url: ''

2022-11-30 20:13:26 - [TEST_STEP][PASSED] - navigateToUrl("https://demoqa.com/"): Navigate to 'https://demoqa.com/' successfully

2022-11-30 20:13:28 - [MESSAGE][PASSED] - Navigate to 'https://demoqa.com/' successfully

2022-11-30 20:13:28 - [TEST_STEP][PASSED] - maximizeWindow(): Current window maximized

2022-11-30 20:13:29 - [MESSAGE][PASSED] - Current window maximized

2022-11-30 20:13:29 - [TEST_STEP][PASSED] - waitForPageLoad(10): Wait for page load successfully

2022-11-30 20:13:30 - [MESSAGE][PASSED] - Wait for page load successfully

2022-11-30 20:13:30 - [TEST_STEP][PASSED] - Existe = waitForElementVisible(findTestObject("Condicionales/titulo1"), 5): Web element with id: 'Object Repository/Condicionales/titulo1' located by '//div[@class='main-header'][contains(.,'Radio Button')]' not found

2022-11-30 20:13:38 - [MESSAGE][INFO] - Unable to find the element located by 'By.xpath: //div[@class='main-header'][contains(.,'Radio Button')]'. Please recheck the objects properties to make sure the desired element is located. 

2022-11-30 20:13:38 - [MESSAGE][WARNING] - [SELF-HEALING] Failed to find element with id 'Object Repository/Condicionales/titulo1'. Try using Self-healing.

2022-11-30 20:13:39 - [MESSAGE][INFO] - [SELF-HEALING] No working XPath is found.

2022-11-30 20:13:41 - [MESSAGE][INFO] - Unable to find the element located by 'By.xpath: '. Please recheck the objects properties to make sure the desired element is located. 

2022-11-30 20:13:41 - [MESSAGE][WARNING] - [SELF-HEALING] Cannot find elements when the selector is null

2022-11-30 20:13:41 - [MESSAGE][WARNING] - Web element with id: 'Object Repository/Condicionales/titulo1' located by '//div[@class='main-header'][contains(.,'Radio Button')]' not found

2022-11-30 20:13:41 - [TEST_STEP][PASSED] - if (Existe == true): null

2022-11-30 20:13:41 - [TEST_STEP][PASSED] - else: Browser is closed

2022-11-30 20:13:41 - [TEST_STEP][PASSED] - print("No estas en la página correcta"): null

2022-11-30 20:13:41 - [TEST_STEP][PASSED] - closeBrowser(): Browser is closed

2022-11-30 20:13:45 - [MESSAGE][PASSED] - Browser is closed]]></system-out>
         <system-err><![CDATA[]]></system-err>
      </testcase>
      <testcase name="Test Cases/BUCLES/Reto_For" time="276.992" classname="Test Cases/BUCLES/Reto_For" status="PASSED">
         <system-out><![CDATA[2022-11-30 20:13:45 - [TEST_CASE][PASSED] - Test Cases/BUCLES/Reto_For: Test Cases/BUCLES/Reto_For

2022-11-30 20:13:45 - [TEST_STEP][PASSED] - openBrowser(""): Browser is opened with url: ''

2022-11-30 20:13:45 - [MESSAGE][INFO] - User set preference: ['os', 'windows']

2022-11-30 20:13:45 - [MESSAGE][INFO] - User set preference: ['browserName', 'chrome']

2022-11-30 20:13:45 - [MESSAGE][INFO] - User set preference: ['browserVersion', '103']

2022-11-30 20:13:45 - [MESSAGE][INFO] - User set preference: ['katalon:option', '{organizationId=987205, tunnelId=, usingTunnel=false}']

2022-11-30 20:13:45 - [MESSAGE][INFO] - Connecting to remote web server 'testcloud.katalon.com/hub' with type 'Selenium'

2022-11-30 20:13:45 - [MESSAGE][INFO] - Action delay is set to 0 milliseconds

2022-11-30 20:16:26 - [MESSAGE][PASSED] - Browser is opened with url: ''

2022-11-30 20:16:26 - [TEST_STEP][PASSED] - navigateToUrl("https://demoqa.com/text-box"): Navigate to 'https://demoqa.com/text-box' successfully

2022-11-30 20:16:30 - [MESSAGE][PASSED] - Navigate to 'https://demoqa.com/text-box' successfully

2022-11-30 20:16:30 - [TEST_STEP][PASSED] - maximizeWindow(): Current window maximized

2022-11-30 20:16:31 - [MESSAGE][PASSED] - Current window maximized

2022-11-30 20:16:31 - [TEST_STEP][PASSED] - waitForPageLoad(5): Wait for page load successfully

2022-11-30 20:16:32 - [MESSAGE][PASSED] - Wait for page load successfully

2022-11-30 20:16:32 - [TEST_STEP][PASSED] - for ([x = 1, x <= 4, (x++)]): Browser is scrolled to position x = 0, y = 100

2022-11-30 20:16:32 - [TEST_STEP][PASSED] - z = ["Carlos", "Erika", "Paco", "Rodrigo", "Juan"]: null

2022-11-30 20:16:32 - [TEST_STEP][PASSED] - rn = new java.util.Random(): null

2022-11-30 20:16:32 - [TEST_STEP][PASSED] - tx_nombre = z[rn.nextInt(size)]: null

2022-11-30 20:16:32 - [TEST_STEP][PASSED] - setText(findTestObject("Object Repository/Reto_for/Page_ToolsQA/input_Full Name_userName"), tx_nombre): Text 'Juan' is set on object 'Object Repository/Reto_for/Page_ToolsQA/input_Full Name_userName'

2022-11-30 20:16:46 - [MESSAGE][PASSED] - Text 'Juan' is set on object 'Object Repository/Reto_for/Page_ToolsQA/input_Full Name_userName'

2022-11-30 20:16:46 - [TEST_STEP][PASSED] - setText(findTestObject("Object Repository/Reto_for/Page_ToolsQA/input_Email_userEmail"), tx_nombre + "@gmail.com"): Text 'Juan@gmail.com' is set on object 'Object Repository/Reto_for/Page_ToolsQA/input_Email_userEmail'

2022-11-30 20:16:51 - [MESSAGE][PASSED] - Text 'Juan@gmail.com' is set on object 'Object Repository/Reto_for/Page_ToolsQA/input_Email_userEmail'

2022-11-30 20:16:51 - [TEST_STEP][PASSED] - setText(findTestObject("Object Repository/Reto_for/Page_ToolsQA/textarea_Current Address_currentAddress"), "Dirección#" + x): Text 'Dirección#1' is set on object 'Object Repository/Reto_for/Page_ToolsQA/textarea_Current Address_currentAddress'

2022-11-30 20:16:56 - [MESSAGE][PASSED] - Text 'Dirección#1' is set on object 'Object Repository/Reto_for/Page_ToolsQA/textarea_Current Address_currentAddress'

2022-11-30 20:16:56 - [TEST_STEP][PASSED] - setText(findTestObject("Object Repository/Reto_for/Page_ToolsQA/textarea_Permanent Address_permanentAddress"), "Dirección dos#" + x): Text 'Dirección dos#1' is set on object 'Object Repository/Reto_for/Page_ToolsQA/textarea_Permanent Address_permanentAddress'

2022-11-30 20:17:00 - [MESSAGE][PASSED] - Text 'Dirección dos#1' is set on object 'Object Repository/Reto_for/Page_ToolsQA/textarea_Permanent Address_permanentAddress'

2022-11-30 20:17:00 - [TEST_STEP][PASSED] - scrollToPosition(0, 500): Browser is scrolled to position x = 0, y = 500

2022-11-30 20:17:01 - [MESSAGE][PASSED] - Browser is scrolled to position x = 0, y = 500

2022-11-30 20:17:01 - [TEST_STEP][PASSED] - click(findTestObject("Object Repository/Reto_for/Page_ToolsQA/button_Submit")): Object: 'Object Repository/Reto_for/Page_ToolsQA/button_Submit' is clicked on

2022-11-30 20:17:03 - [MESSAGE][PASSED] - Object: 'Object Repository/Reto_for/Page_ToolsQA/button_Submit' is clicked on

2022-11-30 20:17:03 - [TEST_STEP][PASSED] - scrollToPosition(0, 100): Browser is scrolled to position x = 0, y = 100

2022-11-30 20:17:04 - [MESSAGE][PASSED] - Browser is scrolled to position x = 0, y = 100

2022-11-30 20:17:04 - [TEST_STEP][PASSED] - z = ["Carlos", "Erika", "Paco", "Rodrigo", "Juan"]: null

2022-11-30 20:17:04 - [TEST_STEP][PASSED] - rn = new java.util.Random(): null

2022-11-30 20:17:04 - [TEST_STEP][PASSED] - tx_nombre = z[rn.nextInt(size)]: null

2022-11-30 20:17:04 - [TEST_STEP][PASSED] - setText(findTestObject("Object Repository/Reto_for/Page_ToolsQA/input_Full Name_userName"), tx_nombre): Text 'Carlos' is set on object 'Object Repository/Reto_for/Page_ToolsQA/input_Full Name_userName'

2022-11-30 20:17:08 - [MESSAGE][PASSED] - Text 'Carlos' is set on object 'Object Repository/Reto_for/Page_ToolsQA/input_Full Name_userName'

2022-11-30 20:17:08 - [TEST_STEP][PASSED] - setText(findTestObject("Object Repository/Reto_for/Page_ToolsQA/input_Email_userEmail"), tx_nombre + "@gmail.com"): Text 'Carlos@gmail.com' is set on object 'Object Repository/Reto_for/Page_ToolsQA/input_Email_userEmail'

2022-11-30 20:17:13 - [MESSAGE][PASSED] - Text 'Carlos@gmail.com' is set on object 'Object Repository/Reto_for/Page_ToolsQA/input_Email_userEmail'

2022-11-30 20:17:13 - [TEST_STEP][PASSED] - setText(findTestObject("Object Repository/Reto_for/Page_ToolsQA/textarea_Current Address_currentAddress"), "Dirección#" + x): Text 'Dirección#2' is set on object 'Object Repository/Reto_for/Page_ToolsQA/textarea_Current Address_currentAddress'

2022-11-30 20:17:19 - [MESSAGE][PASSED] - Text 'Dirección#2' is set on object 'Object Repository/Reto_for/Page_ToolsQA/textarea_Current Address_currentAddress'

2022-11-30 20:17:19 - [TEST_STEP][PASSED] - setText(findTestObject("Object Repository/Reto_for/Page_ToolsQA/textarea_Permanent Address_permanentAddress"), "Dirección dos#" + x): Text 'Dirección dos#2' is set on object 'Object Repository/Reto_for/Page_ToolsQA/textarea_Permanent Address_permanentAddress'

2022-11-30 20:17:27 - [MESSAGE][PASSED] - Text 'Dirección dos#2' is set on object 'Object Repository/Reto_for/Page_ToolsQA/textarea_Permanent Address_permanentAddress'

2022-11-30 20:17:27 - [TEST_STEP][PASSED] - scrollToPosition(0, 500): Browser is scrolled to position x = 0, y = 500

2022-11-30 20:17:27 - [MESSAGE][PASSED] - Browser is scrolled to position x = 0, y = 500

2022-11-30 20:17:27 - [TEST_STEP][PASSED] - click(findTestObject("Object Repository/Reto_for/Page_ToolsQA/button_Submit")): Object: 'Object Repository/Reto_for/Page_ToolsQA/button_Submit' is clicked on

2022-11-30 20:17:30 - [MESSAGE][PASSED] - Object: 'Object Repository/Reto_for/Page_ToolsQA/button_Submit' is clicked on

2022-11-30 20:17:30 - [TEST_STEP][PASSED] - scrollToPosition(0, 100): Browser is scrolled to position x = 0, y = 100

2022-11-30 20:17:31 - [MESSAGE][PASSED] - Browser is scrolled to position x = 0, y = 100

2022-11-30 20:17:31 - [TEST_STEP][PASSED] - z = ["Carlos", "Erika", "Paco", "Rodrigo", "Juan"]: null

2022-11-30 20:17:31 - [TEST_STEP][PASSED] - rn = new java.util.Random(): null

2022-11-30 20:17:31 - [TEST_STEP][PASSED] - tx_nombre = z[rn.nextInt(size)]: null

2022-11-30 20:17:31 - [TEST_STEP][PASSED] - setText(findTestObject("Object Repository/Reto_for/Page_ToolsQA/input_Full Name_userName"), tx_nombre): Text 'Paco' is set on object 'Object Repository/Reto_for/Page_ToolsQA/input_Full Name_userName'

2022-11-30 20:17:35 - [MESSAGE][PASSED] - Text 'Paco' is set on object 'Object Repository/Reto_for/Page_ToolsQA/input_Full Name_userName'

2022-11-30 20:17:35 - [TEST_STEP][PASSED] - setText(findTestObject("Object Repository/Reto_for/Page_ToolsQA/input_Email_userEmail"), tx_nombre + "@gmail.com"): Text 'Paco@gmail.com' is set on object 'Object Repository/Reto_for/Page_ToolsQA/input_Email_userEmail'

2022-11-30 20:17:42 - [MESSAGE][PASSED] - Text 'Paco@gmail.com' is set on object 'Object Repository/Reto_for/Page_ToolsQA/input_Email_userEmail'

2022-11-30 20:17:42 - [TEST_STEP][PASSED] - setText(findTestObject("Object Repository/Reto_for/Page_ToolsQA/textarea_Current Address_currentAddress"), "Dirección#" + x): Text 'Dirección#3' is set on object 'Object Repository/Reto_for/Page_ToolsQA/textarea_Current Address_currentAddress'

2022-11-30 20:17:46 - [MESSAGE][PASSED] - Text 'Dirección#3' is set on object 'Object Repository/Reto_for/Page_ToolsQA/textarea_Current Address_currentAddress'

2022-11-30 20:17:46 - [TEST_STEP][PASSED] - setText(findTestObject("Object Repository/Reto_for/Page_ToolsQA/textarea_Permanent Address_permanentAddress"), "Dirección dos#" + x): Text 'Dirección dos#3' is set on object 'Object Repository/Reto_for/Page_ToolsQA/textarea_Permanent Address_permanentAddress'

2022-11-30 20:17:51 - [MESSAGE][PASSED] - Text 'Dirección dos#3' is set on object 'Object Repository/Reto_for/Page_ToolsQA/textarea_Permanent Address_permanentAddress'

2022-11-30 20:17:51 - [TEST_STEP][PASSED] - scrollToPosition(0, 500): Browser is scrolled to position x = 0, y = 500

2022-11-30 20:17:52 - [MESSAGE][PASSED] - Browser is scrolled to position x = 0, y = 500

2022-11-30 20:17:52 - [TEST_STEP][PASSED] - click(findTestObject("Object Repository/Reto_for/Page_ToolsQA/button_Submit")): Object: 'Object Repository/Reto_for/Page_ToolsQA/button_Submit' is clicked on

2022-11-30 20:17:55 - [MESSAGE][PASSED] - Object: 'Object Repository/Reto_for/Page_ToolsQA/button_Submit' is clicked on

2022-11-30 20:17:55 - [TEST_STEP][PASSED] - scrollToPosition(0, 100): Browser is scrolled to position x = 0, y = 100

2022-11-30 20:17:56 - [MESSAGE][PASSED] - Browser is scrolled to position x = 0, y = 100

2022-11-30 20:17:56 - [TEST_STEP][PASSED] - z = ["Carlos", "Erika", "Paco", "Rodrigo", "Juan"]: null

2022-11-30 20:17:56 - [TEST_STEP][PASSED] - rn = new java.util.Random(): null

2022-11-30 20:17:56 - [TEST_STEP][PASSED] - tx_nombre = z[rn.nextInt(size)]: null

2022-11-30 20:17:56 - [TEST_STEP][PASSED] - setText(findTestObject("Object Repository/Reto_for/Page_ToolsQA/input_Full Name_userName"), tx_nombre): Text 'Juan' is set on object 'Object Repository/Reto_for/Page_ToolsQA/input_Full Name_userName'

2022-11-30 20:18:00 - [MESSAGE][PASSED] - Text 'Juan' is set on object 'Object Repository/Reto_for/Page_ToolsQA/input_Full Name_userName'

2022-11-30 20:18:00 - [TEST_STEP][PASSED] - setText(findTestObject("Object Repository/Reto_for/Page_ToolsQA/input_Email_userEmail"), tx_nombre + "@gmail.com"): Text 'Juan@gmail.com' is set on object 'Object Repository/Reto_for/Page_ToolsQA/input_Email_userEmail'

2022-11-30 20:18:04 - [MESSAGE][PASSED] - Text 'Juan@gmail.com' is set on object 'Object Repository/Reto_for/Page_ToolsQA/input_Email_userEmail'

2022-11-30 20:18:04 - [TEST_STEP][PASSED] - setText(findTestObject("Object Repository/Reto_for/Page_ToolsQA/textarea_Current Address_currentAddress"), "Dirección#" + x): Text 'Dirección#4' is set on object 'Object Repository/Reto_for/Page_ToolsQA/textarea_Current Address_currentAddress'

2022-11-30 20:18:10 - [MESSAGE][PASSED] - Text 'Dirección#4' is set on object 'Object Repository/Reto_for/Page_ToolsQA/textarea_Current Address_currentAddress'

2022-11-30 20:18:10 - [TEST_STEP][PASSED] - setText(findTestObject("Object Repository/Reto_for/Page_ToolsQA/textarea_Permanent Address_permanentAddress"), "Dirección dos#" + x): Text 'Dirección dos#4' is set on object 'Object Repository/Reto_for/Page_ToolsQA/textarea_Permanent Address_permanentAddress'

2022-11-30 20:18:16 - [MESSAGE][PASSED] - Text 'Dirección dos#4' is set on object 'Object Repository/Reto_for/Page_ToolsQA/textarea_Permanent Address_permanentAddress'

2022-11-30 20:18:16 - [TEST_STEP][PASSED] - scrollToPosition(0, 500): Browser is scrolled to position x = 0, y = 500

2022-11-30 20:18:17 - [MESSAGE][PASSED] - Browser is scrolled to position x = 0, y = 500

2022-11-30 20:18:17 - [TEST_STEP][PASSED] - click(findTestObject("Object Repository/Reto_for/Page_ToolsQA/button_Submit")): Object: 'Object Repository/Reto_for/Page_ToolsQA/button_Submit' is clicked on

2022-11-30 20:18:19 - [MESSAGE][PASSED] - Object: 'Object Repository/Reto_for/Page_ToolsQA/button_Submit' is clicked on

2022-11-30 20:18:19 - [TEST_STEP][PASSED] - scrollToPosition(0, 100): Browser is scrolled to position x = 0, y = 100

2022-11-30 20:18:20 - [MESSAGE][PASSED] - Browser is scrolled to position x = 0, y = 100

2022-11-30 20:18:20 - [TEST_STEP][PASSED] - closeBrowser(): Browser is closed

2022-11-30 20:18:22 - [MESSAGE][PASSED] - Browser is closed]]></system-out>
         <system-err><![CDATA[]]></system-err>
      </testcase>
      <testcase name="Test Cases/BUCLES/Reto_while" time="458.534" classname="Test Cases/BUCLES/Reto_while" status="PASSED">
         <system-out><![CDATA[2022-11-30 20:18:22 - [TEST_CASE][PASSED] - Test Cases/BUCLES/Reto_while: Test Cases/BUCLES/Reto_while

2022-11-30 20:18:22 - [TEST_STEP][PASSED] - openBrowser(""): Browser is opened with url: ''

2022-11-30 20:18:22 - [MESSAGE][INFO] - User set preference: ['os', 'windows']

2022-11-30 20:18:22 - [MESSAGE][INFO] - User set preference: ['browserName', 'chrome']

2022-11-30 20:18:22 - [MESSAGE][INFO] - User set preference: ['browserVersion', '103']

2022-11-30 20:18:22 - [MESSAGE][INFO] - User set preference: ['katalon:option', '{organizationId=987205, tunnelId=, usingTunnel=false}']

2022-11-30 20:18:22 - [MESSAGE][INFO] - Connecting to remote web server 'testcloud.katalon.com/hub' with type 'Selenium'

2022-11-30 20:18:22 - [MESSAGE][INFO] - Action delay is set to 0 milliseconds

2022-11-30 20:20:45 - [MESSAGE][PASSED] - Browser is opened with url: ''

2022-11-30 20:20:45 - [TEST_STEP][PASSED] - navigateToUrl("https://www.google.com/"): Navigate to 'https://www.google.com/' successfully

2022-11-30 20:20:47 - [MESSAGE][PASSED] - Navigate to 'https://www.google.com/' successfully

2022-11-30 20:20:47 - [TEST_STEP][PASSED] - Bandera = 0: null

2022-11-30 20:20:47 - [TEST_STEP][PASSED] - while (Bandera != 1): null

2022-11-30 20:20:47 - [TEST_STEP][PASSED] - num = Math.random() * 5 - 1 + 1: null

2022-11-30 20:20:47 - [TEST_STEP][PASSED] - setText(findTestObject("Object Repository/While_google/Page_Google/input__q"), "5+" + num): Text '5+4' is set on object 'Object Repository/While_google/Page_Google/input__q'

2022-11-30 20:20:53 - [MESSAGE][PASSED] - Text '5+4' is set on object 'Object Repository/While_google/Page_Google/input__q'

2022-11-30 20:20:53 - [TEST_STEP][PASSED] - sendKeys(findTestObject("Object Repository/While_google/Page_Google/input__q"), Keys.chord(ENTER)): Keys 'ENTER + ' sent to object: 'Object Repository/While_google/Page_Google/input__q'

2022-11-30 20:20:59 - [MESSAGE][PASSED] - Keys 'ENTER + ' sent to object: 'Object Repository/While_google/Page_Google/input__q'

2022-11-30 20:20:59 - [TEST_STEP][PASSED] - Resultado = getText(findTestObject("While_google/Extras/Resultado_10")): Text of object 'Object Repository/While_google/Extras/Resultado_10' is: '9'

2022-11-30 20:21:02 - [MESSAGE][PASSED] - Text of object 'Object Repository/While_google/Extras/Resultado_10' is: '9'

2022-11-30 20:21:02 - [TEST_STEP][PASSED] - if (Resultado == "8"): null

2022-11-30 20:21:02 - [TEST_STEP][PASSED] - else: null

2022-11-30 20:21:02 - [TEST_STEP][PASSED] - Bandera = 0: null

2022-11-30 20:21:02 - [TEST_STEP][PASSED] - print(Bandera + "------"): null

2022-11-30 20:21:02 - [TEST_STEP][PASSED] - num = Math.random() * 5 - 1 + 1: null

2022-11-30 20:21:02 - [TEST_STEP][PASSED] - setText(findTestObject("Object Repository/While_google/Page_Google/input__q"), "5+" + num): Text '5+2' is set on object 'Object Repository/While_google/Page_Google/input__q'

2022-11-30 20:21:07 - [MESSAGE][PASSED] - Text '5+2' is set on object 'Object Repository/While_google/Page_Google/input__q'

2022-11-30 20:21:07 - [TEST_STEP][PASSED] - sendKeys(findTestObject("Object Repository/While_google/Page_Google/input__q"), Keys.chord(ENTER)): Keys 'ENTER + ' sent to object: 'Object Repository/While_google/Page_Google/input__q'

2022-11-30 20:21:11 - [MESSAGE][PASSED] - Keys 'ENTER + ' sent to object: 'Object Repository/While_google/Page_Google/input__q'

2022-11-30 20:21:11 - [TEST_STEP][PASSED] - Resultado = getText(findTestObject("While_google/Extras/Resultado_10")): Text of object 'Object Repository/While_google/Extras/Resultado_10' is: '7'

2022-11-30 20:21:18 - [MESSAGE][PASSED] - Text of object 'Object Repository/While_google/Extras/Resultado_10' is: '7'

2022-11-30 20:21:18 - [TEST_STEP][PASSED] - if (Resultado == "8"): null

2022-11-30 20:21:18 - [TEST_STEP][PASSED] - else: null

2022-11-30 20:21:18 - [TEST_STEP][PASSED] - Bandera = 0: null

2022-11-30 20:21:18 - [TEST_STEP][PASSED] - print(Bandera + "------"): null

2022-11-30 20:21:18 - [TEST_STEP][PASSED] - num = Math.random() * 5 - 1 + 1: null

2022-11-30 20:21:18 - [TEST_STEP][PASSED] - setText(findTestObject("Object Repository/While_google/Page_Google/input__q"), "5+" + num): Text '5+4' is set on object 'Object Repository/While_google/Page_Google/input__q'

2022-11-30 20:21:25 - [MESSAGE][PASSED] - Text '5+4' is set on object 'Object Repository/While_google/Page_Google/input__q'

2022-11-30 20:21:25 - [TEST_STEP][PASSED] - sendKeys(findTestObject("Object Repository/While_google/Page_Google/input__q"), Keys.chord(ENTER)): Keys 'ENTER + ' sent to object: 'Object Repository/While_google/Page_Google/input__q'

2022-11-30 20:21:29 - [MESSAGE][PASSED] - Keys 'ENTER + ' sent to object: 'Object Repository/While_google/Page_Google/input__q'

2022-11-30 20:21:29 - [TEST_STEP][PASSED] - Resultado = getText(findTestObject("While_google/Extras/Resultado_10")): Text of object 'Object Repository/While_google/Extras/Resultado_10' is: '9'

2022-11-30 20:21:32 - [MESSAGE][PASSED] - Text of object 'Object Repository/While_google/Extras/Resultado_10' is: '9'

2022-11-30 20:21:32 - [TEST_STEP][PASSED] - if (Resultado == "8"): null

2022-11-30 20:21:32 - [TEST_STEP][PASSED] - else: null

2022-11-30 20:21:32 - [TEST_STEP][PASSED] - Bandera = 0: null

2022-11-30 20:21:32 - [TEST_STEP][PASSED] - print(Bandera + "------"): null

2022-11-30 20:21:32 - [TEST_STEP][PASSED] - num = Math.random() * 5 - 1 + 1: null

2022-11-30 20:21:32 - [TEST_STEP][PASSED] - setText(findTestObject("Object Repository/While_google/Page_Google/input__q"), "5+" + num): Text '5+2' is set on object 'Object Repository/While_google/Page_Google/input__q'

2022-11-30 20:21:42 - [MESSAGE][PASSED] - Text '5+2' is set on object 'Object Repository/While_google/Page_Google/input__q'

2022-11-30 20:21:42 - [TEST_STEP][PASSED] - sendKeys(findTestObject("Object Repository/While_google/Page_Google/input__q"), Keys.chord(ENTER)): Keys 'ENTER + ' sent to object: 'Object Repository/While_google/Page_Google/input__q'

2022-11-30 20:21:45 - [MESSAGE][PASSED] - Keys 'ENTER + ' sent to object: 'Object Repository/While_google/Page_Google/input__q'

2022-11-30 20:21:45 - [TEST_STEP][PASSED] - Resultado = getText(findTestObject("While_google/Extras/Resultado_10")): Text of object 'Object Repository/While_google/Extras/Resultado_10' is: '7'

2022-11-30 20:21:48 - [MESSAGE][PASSED] - Text of object 'Object Repository/While_google/Extras/Resultado_10' is: '7'

2022-11-30 20:21:48 - [TEST_STEP][PASSED] - if (Resultado == "8"): null

2022-11-30 20:21:48 - [TEST_STEP][PASSED] - else: null

2022-11-30 20:21:48 - [TEST_STEP][PASSED] - Bandera = 0: null

2022-11-30 20:21:48 - [TEST_STEP][PASSED] - print(Bandera + "------"): null

2022-11-30 20:21:48 - [TEST_STEP][PASSED] - num = Math.random() * 5 - 1 + 1: null

2022-11-30 20:21:48 - [TEST_STEP][PASSED] - setText(findTestObject("Object Repository/While_google/Page_Google/input__q"), "5+" + num): Text '5+2' is set on object 'Object Repository/While_google/Page_Google/input__q'

2022-11-30 20:21:54 - [MESSAGE][PASSED] - Text '5+2' is set on object 'Object Repository/While_google/Page_Google/input__q'

2022-11-30 20:21:54 - [TEST_STEP][PASSED] - sendKeys(findTestObject("Object Repository/While_google/Page_Google/input__q"), Keys.chord(ENTER)): Keys 'ENTER + ' sent to object: 'Object Repository/While_google/Page_Google/input__q'

2022-11-30 20:21:57 - [MESSAGE][PASSED] - Keys 'ENTER + ' sent to object: 'Object Repository/While_google/Page_Google/input__q'

2022-11-30 20:21:57 - [TEST_STEP][PASSED] - Resultado = getText(findTestObject("While_google/Extras/Resultado_10")): Text of object 'Object Repository/While_google/Extras/Resultado_10' is: '7'

2022-11-30 20:22:00 - [MESSAGE][PASSED] - Text of object 'Object Repository/While_google/Extras/Resultado_10' is: '7'

2022-11-30 20:22:00 - [TEST_STEP][PASSED] - if (Resultado == "8"): null

2022-11-30 20:22:00 - [TEST_STEP][PASSED] - else: null

2022-11-30 20:22:00 - [TEST_STEP][PASSED] - Bandera = 0: null

2022-11-30 20:22:00 - [TEST_STEP][PASSED] - print(Bandera + "------"): null

2022-11-30 20:22:00 - [TEST_STEP][PASSED] - num = Math.random() * 5 - 1 + 1: null

2022-11-30 20:22:00 - [TEST_STEP][PASSED] - setText(findTestObject("Object Repository/While_google/Page_Google/input__q"), "5+" + num): Text '5+1' is set on object 'Object Repository/While_google/Page_Google/input__q'

2022-11-30 20:22:04 - [MESSAGE][PASSED] - Text '5+1' is set on object 'Object Repository/While_google/Page_Google/input__q'

2022-11-30 20:22:04 - [TEST_STEP][PASSED] - sendKeys(findTestObject("Object Repository/While_google/Page_Google/input__q"), Keys.chord(ENTER)): Keys 'ENTER + ' sent to object: 'Object Repository/While_google/Page_Google/input__q'

2022-11-30 20:22:08 - [MESSAGE][PASSED] - Keys 'ENTER + ' sent to object: 'Object Repository/While_google/Page_Google/input__q'

2022-11-30 20:22:08 - [TEST_STEP][PASSED] - Resultado = getText(findTestObject("While_google/Extras/Resultado_10")): Text of object 'Object Repository/While_google/Extras/Resultado_10' is: '6'

2022-11-30 20:22:11 - [MESSAGE][PASSED] - Text of object 'Object Repository/While_google/Extras/Resultado_10' is: '6'

2022-11-30 20:22:11 - [TEST_STEP][PASSED] - if (Resultado == "8"): null

2022-11-30 20:22:11 - [TEST_STEP][PASSED] - else: null

2022-11-30 20:22:11 - [TEST_STEP][PASSED] - Bandera = 0: null

2022-11-30 20:22:11 - [TEST_STEP][PASSED] - print(Bandera + "------"): null

2022-11-30 20:22:11 - [TEST_STEP][PASSED] - num = Math.random() * 5 - 1 + 1: null

2022-11-30 20:22:11 - [TEST_STEP][PASSED] - setText(findTestObject("Object Repository/While_google/Page_Google/input__q"), "5+" + num): Text '5+2' is set on object 'Object Repository/While_google/Page_Google/input__q'

2022-11-30 20:22:18 - [MESSAGE][PASSED] - Text '5+2' is set on object 'Object Repository/While_google/Page_Google/input__q'

2022-11-30 20:22:18 - [TEST_STEP][PASSED] - sendKeys(findTestObject("Object Repository/While_google/Page_Google/input__q"), Keys.chord(ENTER)): Keys 'ENTER + ' sent to object: 'Object Repository/While_google/Page_Google/input__q'

2022-11-30 20:22:21 - [MESSAGE][PASSED] - Keys 'ENTER + ' sent to object: 'Object Repository/While_google/Page_Google/input__q'

2022-11-30 20:22:21 - [TEST_STEP][PASSED] - Resultado = getText(findTestObject("While_google/Extras/Resultado_10")): Text of object 'Object Repository/While_google/Extras/Resultado_10' is: '7'

2022-11-30 20:22:23 - [MESSAGE][PASSED] - Text of object 'Object Repository/While_google/Extras/Resultado_10' is: '7'

2022-11-30 20:22:23 - [TEST_STEP][PASSED] - if (Resultado == "8"): null

2022-11-30 20:22:23 - [TEST_STEP][PASSED] - else: null

2022-11-30 20:22:23 - [TEST_STEP][PASSED] - Bandera = 0: null

2022-11-30 20:22:23 - [TEST_STEP][PASSED] - print(Bandera + "------"): null

2022-11-30 20:22:23 - [TEST_STEP][PASSED] - num = Math.random() * 5 - 1 + 1: null

2022-11-30 20:22:23 - [TEST_STEP][PASSED] - setText(findTestObject("Object Repository/While_google/Page_Google/input__q"), "5+" + num): Text '5+1' is set on object 'Object Repository/While_google/Page_Google/input__q'

2022-11-30 20:22:28 - [MESSAGE][PASSED] - Text '5+1' is set on object 'Object Repository/While_google/Page_Google/input__q'

2022-11-30 20:22:28 - [TEST_STEP][PASSED] - sendKeys(findTestObject("Object Repository/While_google/Page_Google/input__q"), Keys.chord(ENTER)): Keys 'ENTER + ' sent to object: 'Object Repository/While_google/Page_Google/input__q'

2022-11-30 20:22:32 - [MESSAGE][PASSED] - Keys 'ENTER + ' sent to object: 'Object Repository/While_google/Page_Google/input__q'

2022-11-30 20:22:32 - [TEST_STEP][PASSED] - Resultado = getText(findTestObject("While_google/Extras/Resultado_10")): Text of object 'Object Repository/While_google/Extras/Resultado_10' is: '6'

2022-11-30 20:22:34 - [MESSAGE][PASSED] - Text of object 'Object Repository/While_google/Extras/Resultado_10' is: '6'

2022-11-30 20:22:34 - [TEST_STEP][PASSED] - if (Resultado == "8"): null

2022-11-30 20:22:34 - [TEST_STEP][PASSED] - else: null

2022-11-30 20:22:34 - [TEST_STEP][PASSED] - Bandera = 0: null

2022-11-30 20:22:34 - [TEST_STEP][PASSED] - print(Bandera + "------"): null

2022-11-30 20:22:34 - [TEST_STEP][PASSED] - num = Math.random() * 5 - 1 + 1: null

2022-11-30 20:22:34 - [TEST_STEP][PASSED] - setText(findTestObject("Object Repository/While_google/Page_Google/input__q"), "5+" + num): Text '5+1' is set on object 'Object Repository/While_google/Page_Google/input__q'

2022-11-30 20:22:40 - [MESSAGE][PASSED] - Text '5+1' is set on object 'Object Repository/While_google/Page_Google/input__q'

2022-11-30 20:22:40 - [TEST_STEP][PASSED] - sendKeys(findTestObject("Object Repository/While_google/Page_Google/input__q"), Keys.chord(ENTER)): Keys 'ENTER + ' sent to object: 'Object Repository/While_google/Page_Google/input__q'

2022-11-30 20:22:45 - [MESSAGE][PASSED] - Keys 'ENTER + ' sent to object: 'Object Repository/While_google/Page_Google/input__q'

2022-11-30 20:22:45 - [TEST_STEP][PASSED] - Resultado = getText(findTestObject("While_google/Extras/Resultado_10")): Text of object 'Object Repository/While_google/Extras/Resultado_10' is: '6'

2022-11-30 20:22:49 - [MESSAGE][PASSED] - Text of object 'Object Repository/While_google/Extras/Resultado_10' is: '6'

2022-11-30 20:22:49 - [TEST_STEP][PASSED] - if (Resultado == "8"): null

2022-11-30 20:22:49 - [TEST_STEP][PASSED] - else: null

2022-11-30 20:22:49 - [TEST_STEP][PASSED] - Bandera = 0: null

2022-11-30 20:22:49 - [TEST_STEP][PASSED] - print(Bandera + "------"): null

2022-11-30 20:22:49 - [TEST_STEP][PASSED] - num = Math.random() * 5 - 1 + 1: null

2022-11-30 20:22:49 - [TEST_STEP][PASSED] - setText(findTestObject("Object Repository/While_google/Page_Google/input__q"), "5+" + num): Text '5+2' is set on object 'Object Repository/While_google/Page_Google/input__q'

2022-11-30 20:22:55 - [MESSAGE][PASSED] - Text '5+2' is set on object 'Object Repository/While_google/Page_Google/input__q'

2022-11-30 20:22:55 - [TEST_STEP][PASSED] - sendKeys(findTestObject("Object Repository/While_google/Page_Google/input__q"), Keys.chord(ENTER)): Keys 'ENTER + ' sent to object: 'Object Repository/While_google/Page_Google/input__q'

2022-11-30 20:22:59 - [MESSAGE][PASSED] - Keys 'ENTER + ' sent to object: 'Object Repository/While_google/Page_Google/input__q'

2022-11-30 20:22:59 - [TEST_STEP][PASSED] - Resultado = getText(findTestObject("While_google/Extras/Resultado_10")): Text of object 'Object Repository/While_google/Extras/Resultado_10' is: '7'

2022-11-30 20:23:02 - [MESSAGE][PASSED] - Text of object 'Object Repository/While_google/Extras/Resultado_10' is: '7'

2022-11-30 20:23:02 - [TEST_STEP][PASSED] - if (Resultado == "8"): null

2022-11-30 20:23:02 - [TEST_STEP][PASSED] - else: null

2022-11-30 20:23:02 - [TEST_STEP][PASSED] - Bandera = 0: null

2022-11-30 20:23:02 - [TEST_STEP][PASSED] - print(Bandera + "------"): null

2022-11-30 20:23:02 - [TEST_STEP][PASSED] - num = Math.random() * 5 - 1 + 1: null

2022-11-30 20:23:02 - [TEST_STEP][PASSED] - setText(findTestObject("Object Repository/While_google/Page_Google/input__q"), "5+" + num): Text '5+1' is set on object 'Object Repository/While_google/Page_Google/input__q'

2022-11-30 20:23:10 - [MESSAGE][PASSED] - Text '5+1' is set on object 'Object Repository/While_google/Page_Google/input__q'

2022-11-30 20:23:10 - [TEST_STEP][PASSED] - sendKeys(findTestObject("Object Repository/While_google/Page_Google/input__q"), Keys.chord(ENTER)): Keys 'ENTER + ' sent to object: 'Object Repository/While_google/Page_Google/input__q'

2022-11-30 20:23:13 - [MESSAGE][PASSED] - Keys 'ENTER + ' sent to object: 'Object Repository/While_google/Page_Google/input__q'

2022-11-30 20:23:13 - [TEST_STEP][PASSED] - Resultado = getText(findTestObject("While_google/Extras/Resultado_10")): Text of object 'Object Repository/While_google/Extras/Resultado_10' is: '6'

2022-11-30 20:23:16 - [MESSAGE][PASSED] - Text of object 'Object Repository/While_google/Extras/Resultado_10' is: '6'

2022-11-30 20:23:16 - [TEST_STEP][PASSED] - if (Resultado == "8"): null

2022-11-30 20:23:16 - [TEST_STEP][PASSED] - else: null

2022-11-30 20:23:16 - [TEST_STEP][PASSED] - Bandera = 0: null

2022-11-30 20:23:16 - [TEST_STEP][PASSED] - print(Bandera + "------"): null

2022-11-30 20:23:16 - [TEST_STEP][PASSED] - num = Math.random() * 5 - 1 + 1: null

2022-11-30 20:23:16 - [TEST_STEP][PASSED] - setText(findTestObject("Object Repository/While_google/Page_Google/input__q"), "5+" + num): Text '5+4' is set on object 'Object Repository/While_google/Page_Google/input__q'

2022-11-30 20:23:22 - [MESSAGE][PASSED] - Text '5+4' is set on object 'Object Repository/While_google/Page_Google/input__q'

2022-11-30 20:23:22 - [TEST_STEP][PASSED] - sendKeys(findTestObject("Object Repository/While_google/Page_Google/input__q"), Keys.chord(ENTER)): Keys 'ENTER + ' sent to object: 'Object Repository/While_google/Page_Google/input__q'

2022-11-30 20:23:25 - [MESSAGE][PASSED] - Keys 'ENTER + ' sent to object: 'Object Repository/While_google/Page_Google/input__q'

2022-11-30 20:23:25 - [TEST_STEP][PASSED] - Resultado = getText(findTestObject("While_google/Extras/Resultado_10")): Text of object 'Object Repository/While_google/Extras/Resultado_10' is: '9'

2022-11-30 20:23:28 - [MESSAGE][PASSED] - Text of object 'Object Repository/While_google/Extras/Resultado_10' is: '9'

2022-11-30 20:23:28 - [TEST_STEP][PASSED] - if (Resultado == "8"): null

2022-11-30 20:23:28 - [TEST_STEP][PASSED] - else: null

2022-11-30 20:23:28 - [TEST_STEP][PASSED] - Bandera = 0: null

2022-11-30 20:23:28 - [TEST_STEP][PASSED] - print(Bandera + "------"): null

2022-11-30 20:23:28 - [TEST_STEP][PASSED] - num = Math.random() * 5 - 1 + 1: null

2022-11-30 20:23:28 - [TEST_STEP][PASSED] - setText(findTestObject("Object Repository/While_google/Page_Google/input__q"), "5+" + num): Text '5+1' is set on object 'Object Repository/While_google/Page_Google/input__q'

2022-11-30 20:23:33 - [MESSAGE][PASSED] - Text '5+1' is set on object 'Object Repository/While_google/Page_Google/input__q'

2022-11-30 20:23:33 - [TEST_STEP][PASSED] - sendKeys(findTestObject("Object Repository/While_google/Page_Google/input__q"), Keys.chord(ENTER)): Keys 'ENTER + ' sent to object: 'Object Repository/While_google/Page_Google/input__q'

2022-11-30 20:23:35 - [MESSAGE][PASSED] - Keys 'ENTER + ' sent to object: 'Object Repository/While_google/Page_Google/input__q'

2022-11-30 20:23:35 - [TEST_STEP][PASSED] - Resultado = getText(findTestObject("While_google/Extras/Resultado_10")): Text of object 'Object Repository/While_google/Extras/Resultado_10' is: '6'

2022-11-30 20:23:38 - [MESSAGE][PASSED] - Text of object 'Object Repository/While_google/Extras/Resultado_10' is: '6'

2022-11-30 20:23:38 - [TEST_STEP][PASSED] - if (Resultado == "8"): null

2022-11-30 20:23:38 - [TEST_STEP][PASSED] - else: null

2022-11-30 20:23:38 - [TEST_STEP][PASSED] - Bandera = 0: null

2022-11-30 20:23:38 - [TEST_STEP][PASSED] - print(Bandera + "------"): null

2022-11-30 20:23:38 - [TEST_STEP][PASSED] - num = Math.random() * 5 - 1 + 1: null

2022-11-30 20:23:38 - [TEST_STEP][PASSED] - setText(findTestObject("Object Repository/While_google/Page_Google/input__q"), "5+" + num): Text '5+4' is set on object 'Object Repository/While_google/Page_Google/input__q'

2022-11-30 20:23:44 - [MESSAGE][PASSED] - Text '5+4' is set on object 'Object Repository/While_google/Page_Google/input__q'

2022-11-30 20:23:44 - [TEST_STEP][PASSED] - sendKeys(findTestObject("Object Repository/While_google/Page_Google/input__q"), Keys.chord(ENTER)): Keys 'ENTER + ' sent to object: 'Object Repository/While_google/Page_Google/input__q'

2022-11-30 20:23:50 - [MESSAGE][PASSED] - Keys 'ENTER + ' sent to object: 'Object Repository/While_google/Page_Google/input__q'

2022-11-30 20:23:50 - [TEST_STEP][PASSED] - Resultado = getText(findTestObject("While_google/Extras/Resultado_10")): Text of object 'Object Repository/While_google/Extras/Resultado_10' is: '9'

2022-11-30 20:23:52 - [MESSAGE][PASSED] - Text of object 'Object Repository/While_google/Extras/Resultado_10' is: '9'

2022-11-30 20:23:52 - [TEST_STEP][PASSED] - if (Resultado == "8"): null

2022-11-30 20:23:52 - [TEST_STEP][PASSED] - else: null

2022-11-30 20:23:52 - [TEST_STEP][PASSED] - Bandera = 0: null

2022-11-30 20:23:52 - [TEST_STEP][PASSED] - print(Bandera + "------"): null

2022-11-30 20:23:52 - [TEST_STEP][PASSED] - num = Math.random() * 5 - 1 + 1: null

2022-11-30 20:23:52 - [TEST_STEP][PASSED] - setText(findTestObject("Object Repository/While_google/Page_Google/input__q"), "5+" + num): Text '5+4' is set on object 'Object Repository/While_google/Page_Google/input__q'

2022-11-30 20:24:02 - [MESSAGE][PASSED] - Text '5+4' is set on object 'Object Repository/While_google/Page_Google/input__q'

2022-11-30 20:24:02 - [TEST_STEP][PASSED] - sendKeys(findTestObject("Object Repository/While_google/Page_Google/input__q"), Keys.chord(ENTER)): Keys 'ENTER + ' sent to object: 'Object Repository/While_google/Page_Google/input__q'

2022-11-30 20:24:06 - [MESSAGE][PASSED] - Keys 'ENTER + ' sent to object: 'Object Repository/While_google/Page_Google/input__q'

2022-11-30 20:24:06 - [TEST_STEP][PASSED] - Resultado = getText(findTestObject("While_google/Extras/Resultado_10")): Text of object 'Object Repository/While_google/Extras/Resultado_10' is: '9'

2022-11-30 20:24:11 - [MESSAGE][PASSED] - Text of object 'Object Repository/While_google/Extras/Resultado_10' is: '9'

2022-11-30 20:24:11 - [TEST_STEP][PASSED] - if (Resultado == "8"): null

2022-11-30 20:24:11 - [TEST_STEP][PASSED] - else: null

2022-11-30 20:24:11 - [TEST_STEP][PASSED] - Bandera = 0: null

2022-11-30 20:24:11 - [TEST_STEP][PASSED] - print(Bandera + "------"): null

2022-11-30 20:24:11 - [TEST_STEP][PASSED] - num = Math.random() * 5 - 1 + 1: null

2022-11-30 20:24:11 - [TEST_STEP][PASSED] - setText(findTestObject("Object Repository/While_google/Page_Google/input__q"), "5+" + num): Text '5+4' is set on object 'Object Repository/While_google/Page_Google/input__q'

2022-11-30 20:24:19 - [MESSAGE][PASSED] - Text '5+4' is set on object 'Object Repository/While_google/Page_Google/input__q'

2022-11-30 20:24:19 - [TEST_STEP][PASSED] - sendKeys(findTestObject("Object Repository/While_google/Page_Google/input__q"), Keys.chord(ENTER)): Keys 'ENTER + ' sent to object: 'Object Repository/While_google/Page_Google/input__q'

2022-11-30 20:24:23 - [MESSAGE][PASSED] - Keys 'ENTER + ' sent to object: 'Object Repository/While_google/Page_Google/input__q'

2022-11-30 20:24:23 - [TEST_STEP][PASSED] - Resultado = getText(findTestObject("While_google/Extras/Resultado_10")): Text of object 'Object Repository/While_google/Extras/Resultado_10' is: '9'

2022-11-30 20:24:26 - [MESSAGE][PASSED] - Text of object 'Object Repository/While_google/Extras/Resultado_10' is: '9'

2022-11-30 20:24:26 - [TEST_STEP][PASSED] - if (Resultado == "8"): null

2022-11-30 20:24:26 - [TEST_STEP][PASSED] - else: null

2022-11-30 20:24:26 - [TEST_STEP][PASSED] - Bandera = 0: null

2022-11-30 20:24:26 - [TEST_STEP][PASSED] - print(Bandera + "------"): null

2022-11-30 20:24:26 - [TEST_STEP][PASSED] - num = Math.random() * 5 - 1 + 1: null

2022-11-30 20:24:26 - [TEST_STEP][PASSED] - setText(findTestObject("Object Repository/While_google/Page_Google/input__q"), "5+" + num): Text '5+4' is set on object 'Object Repository/While_google/Page_Google/input__q'

2022-11-30 20:24:31 - [MESSAGE][PASSED] - Text '5+4' is set on object 'Object Repository/While_google/Page_Google/input__q'

2022-11-30 20:24:31 - [TEST_STEP][PASSED] - sendKeys(findTestObject("Object Repository/While_google/Page_Google/input__q"), Keys.chord(ENTER)): Keys 'ENTER + ' sent to object: 'Object Repository/While_google/Page_Google/input__q'

2022-11-30 20:24:34 - [MESSAGE][PASSED] - Keys 'ENTER + ' sent to object: 'Object Repository/While_google/Page_Google/input__q'

2022-11-30 20:24:34 - [TEST_STEP][PASSED] - Resultado = getText(findTestObject("While_google/Extras/Resultado_10")): Text of object 'Object Repository/While_google/Extras/Resultado_10' is: '9'

2022-11-30 20:24:37 - [MESSAGE][PASSED] - Text of object 'Object Repository/While_google/Extras/Resultado_10' is: '9'

2022-11-30 20:24:37 - [TEST_STEP][PASSED] - if (Resultado == "8"): null

2022-11-30 20:24:37 - [TEST_STEP][PASSED] - else: null

2022-11-30 20:24:37 - [TEST_STEP][PASSED] - Bandera = 0: null

2022-11-30 20:24:37 - [TEST_STEP][PASSED] - print(Bandera + "------"): null

2022-11-30 20:24:37 - [TEST_STEP][PASSED] - num = Math.random() * 5 - 1 + 1: null

2022-11-30 20:24:37 - [TEST_STEP][PASSED] - setText(findTestObject("Object Repository/While_google/Page_Google/input__q"), "5+" + num): Text '5+1' is set on object 'Object Repository/While_google/Page_Google/input__q'

2022-11-30 20:24:42 - [MESSAGE][PASSED] - Text '5+1' is set on object 'Object Repository/While_google/Page_Google/input__q'

2022-11-30 20:24:42 - [TEST_STEP][PASSED] - sendKeys(findTestObject("Object Repository/While_google/Page_Google/input__q"), Keys.chord(ENTER)): Keys 'ENTER + ' sent to object: 'Object Repository/While_google/Page_Google/input__q'

2022-11-30 20:24:46 - [MESSAGE][PASSED] - Keys 'ENTER + ' sent to object: 'Object Repository/While_google/Page_Google/input__q'

2022-11-30 20:24:46 - [TEST_STEP][PASSED] - Resultado = getText(findTestObject("While_google/Extras/Resultado_10")): Text of object 'Object Repository/While_google/Extras/Resultado_10' is: '6'

2022-11-30 20:24:48 - [MESSAGE][PASSED] - Text of object 'Object Repository/While_google/Extras/Resultado_10' is: '6'

2022-11-30 20:24:48 - [TEST_STEP][PASSED] - if (Resultado == "8"): null

2022-11-30 20:24:48 - [TEST_STEP][PASSED] - else: null

2022-11-30 20:24:48 - [TEST_STEP][PASSED] - Bandera = 0: null

2022-11-30 20:24:48 - [TEST_STEP][PASSED] - print(Bandera + "------"): null

2022-11-30 20:24:48 - [TEST_STEP][PASSED] - num = Math.random() * 5 - 1 + 1: null

2022-11-30 20:24:48 - [TEST_STEP][PASSED] - setText(findTestObject("Object Repository/While_google/Page_Google/input__q"), "5+" + num): Text '5+2' is set on object 'Object Repository/While_google/Page_Google/input__q'

2022-11-30 20:24:54 - [MESSAGE][PASSED] - Text '5+2' is set on object 'Object Repository/While_google/Page_Google/input__q'

2022-11-30 20:24:54 - [TEST_STEP][PASSED] - sendKeys(findTestObject("Object Repository/While_google/Page_Google/input__q"), Keys.chord(ENTER)): Keys 'ENTER + ' sent to object: 'Object Repository/While_google/Page_Google/input__q'

2022-11-30 20:24:57 - [MESSAGE][PASSED] - Keys 'ENTER + ' sent to object: 'Object Repository/While_google/Page_Google/input__q'

2022-11-30 20:24:57 - [TEST_STEP][PASSED] - Resultado = getText(findTestObject("While_google/Extras/Resultado_10")): Text of object 'Object Repository/While_google/Extras/Resultado_10' is: '7'

2022-11-30 20:24:59 - [MESSAGE][PASSED] - Text of object 'Object Repository/While_google/Extras/Resultado_10' is: '7'

2022-11-30 20:24:59 - [TEST_STEP][PASSED] - if (Resultado == "8"): null

2022-11-30 20:24:59 - [TEST_STEP][PASSED] - else: null

2022-11-30 20:24:59 - [TEST_STEP][PASSED] - Bandera = 0: null

2022-11-30 20:24:59 - [TEST_STEP][PASSED] - print(Bandera + "------"): null

2022-11-30 20:24:59 - [TEST_STEP][PASSED] - num = Math.random() * 5 - 1 + 1: null

2022-11-30 20:24:59 - [TEST_STEP][PASSED] - setText(findTestObject("Object Repository/While_google/Page_Google/input__q"), "5+" + num): Text '5+4' is set on object 'Object Repository/While_google/Page_Google/input__q'

2022-11-30 20:25:04 - [MESSAGE][PASSED] - Text '5+4' is set on object 'Object Repository/While_google/Page_Google/input__q'

2022-11-30 20:25:04 - [TEST_STEP][PASSED] - sendKeys(findTestObject("Object Repository/While_google/Page_Google/input__q"), Keys.chord(ENTER)): Keys 'ENTER + ' sent to object: 'Object Repository/While_google/Page_Google/input__q'

2022-11-30 20:25:07 - [MESSAGE][PASSED] - Keys 'ENTER + ' sent to object: 'Object Repository/While_google/Page_Google/input__q'

2022-11-30 20:25:07 - [TEST_STEP][PASSED] - Resultado = getText(findTestObject("While_google/Extras/Resultado_10")): Text of object 'Object Repository/While_google/Extras/Resultado_10' is: '9'

2022-11-30 20:25:20 - [MESSAGE][PASSED] - Text of object 'Object Repository/While_google/Extras/Resultado_10' is: '9'

2022-11-30 20:25:20 - [TEST_STEP][PASSED] - if (Resultado == "8"): null

2022-11-30 20:25:20 - [TEST_STEP][PASSED] - else: null

2022-11-30 20:25:20 - [TEST_STEP][PASSED] - Bandera = 0: null

2022-11-30 20:25:20 - [TEST_STEP][PASSED] - print(Bandera + "------"): null

2022-11-30 20:25:20 - [TEST_STEP][PASSED] - num = Math.random() * 5 - 1 + 1: null

2022-11-30 20:25:20 - [TEST_STEP][PASSED] - setText(findTestObject("Object Repository/While_google/Page_Google/input__q"), "5+" + num): Text '5+4' is set on object 'Object Repository/While_google/Page_Google/input__q'

2022-11-30 20:25:27 - [MESSAGE][PASSED] - Text '5+4' is set on object 'Object Repository/While_google/Page_Google/input__q'

2022-11-30 20:25:27 - [TEST_STEP][PASSED] - sendKeys(findTestObject("Object Repository/While_google/Page_Google/input__q"), Keys.chord(ENTER)): Keys 'ENTER + ' sent to object: 'Object Repository/While_google/Page_Google/input__q'

2022-11-30 20:25:30 - [MESSAGE][PASSED] - Keys 'ENTER + ' sent to object: 'Object Repository/While_google/Page_Google/input__q'

2022-11-30 20:25:30 - [TEST_STEP][PASSED] - Resultado = getText(findTestObject("While_google/Extras/Resultado_10")): Text of object 'Object Repository/While_google/Extras/Resultado_10' is: '9'

2022-11-30 20:25:33 - [MESSAGE][PASSED] - Text of object 'Object Repository/While_google/Extras/Resultado_10' is: '9'

2022-11-30 20:25:33 - [TEST_STEP][PASSED] - if (Resultado == "8"): null

2022-11-30 20:25:33 - [TEST_STEP][PASSED] - else: null

2022-11-30 20:25:33 - [TEST_STEP][PASSED] - Bandera = 0: null

2022-11-30 20:25:33 - [TEST_STEP][PASSED] - print(Bandera + "------"): null

2022-11-30 20:25:33 - [TEST_STEP][PASSED] - num = Math.random() * 5 - 1 + 1: null

2022-11-30 20:25:33 - [TEST_STEP][PASSED] - setText(findTestObject("Object Repository/While_google/Page_Google/input__q"), "5+" + num): Text '5+4' is set on object 'Object Repository/While_google/Page_Google/input__q'

2022-11-30 20:25:39 - [MESSAGE][PASSED] - Text '5+4' is set on object 'Object Repository/While_google/Page_Google/input__q'

2022-11-30 20:25:39 - [TEST_STEP][PASSED] - sendKeys(findTestObject("Object Repository/While_google/Page_Google/input__q"), Keys.chord(ENTER)): Keys 'ENTER + ' sent to object: 'Object Repository/While_google/Page_Google/input__q'

2022-11-30 20:25:42 - [MESSAGE][PASSED] - Keys 'ENTER + ' sent to object: 'Object Repository/While_google/Page_Google/input__q'

2022-11-30 20:25:42 - [TEST_STEP][PASSED] - Resultado = getText(findTestObject("While_google/Extras/Resultado_10")): Text of object 'Object Repository/While_google/Extras/Resultado_10' is: '9'

2022-11-30 20:25:47 - [MESSAGE][PASSED] - Text of object 'Object Repository/While_google/Extras/Resultado_10' is: '9'

2022-11-30 20:25:47 - [TEST_STEP][PASSED] - if (Resultado == "8"): null

2022-11-30 20:25:47 - [TEST_STEP][PASSED] - else: null

2022-11-30 20:25:47 - [TEST_STEP][PASSED] - Bandera = 0: null

2022-11-30 20:25:47 - [TEST_STEP][PASSED] - print(Bandera + "------"): null

2022-11-30 20:25:47 - [TEST_STEP][PASSED] - num = Math.random() * 5 - 1 + 1: null

2022-11-30 20:25:47 - [TEST_STEP][PASSED] - setText(findTestObject("Object Repository/While_google/Page_Google/input__q"), "5+" + num): Text '5+3' is set on object 'Object Repository/While_google/Page_Google/input__q'

2022-11-30 20:25:53 - [MESSAGE][PASSED] - Text '5+3' is set on object 'Object Repository/While_google/Page_Google/input__q'

2022-11-30 20:25:53 - [TEST_STEP][PASSED] - sendKeys(findTestObject("Object Repository/While_google/Page_Google/input__q"), Keys.chord(ENTER)): Keys 'ENTER + ' sent to object: 'Object Repository/While_google/Page_Google/input__q'

2022-11-30 20:25:57 - [MESSAGE][PASSED] - Keys 'ENTER + ' sent to object: 'Object Repository/While_google/Page_Google/input__q'

2022-11-30 20:25:57 - [TEST_STEP][PASSED] - Resultado = getText(findTestObject("While_google/Extras/Resultado_10")): Text of object 'Object Repository/While_google/Extras/Resultado_10' is: '8'

2022-11-30 20:25:59 - [MESSAGE][PASSED] - Text of object 'Object Repository/While_google/Extras/Resultado_10' is: '8'

2022-11-30 20:25:59 - [TEST_STEP][PASSED] - if (Resultado == "8"): Browser is closed

2022-11-30 20:25:59 - [TEST_STEP][PASSED] - Bandera = 1: null

2022-11-30 20:25:59 - [TEST_STEP][PASSED] - print("Listo termina"): null

2022-11-30 20:25:59 - [TEST_STEP][PASSED] - closeBrowser(): Browser is closed

2022-11-30 20:26:01 - [MESSAGE][PASSED] - Browser is closed

2022-11-30 20:26:01 - [TEST_STEP][PASSED] - print(Bandera + "------"): null]]></system-out>
         <system-err><![CDATA[]]></system-err>
      </testcase>
      <testcase name="Test Cases/BUCLES/Reto_while_solucion" time="263.525" classname="Test Cases/BUCLES/Reto_while_solucion" status="PASSED">
         <system-out><![CDATA[2022-11-30 20:26:01 - [TEST_CASE][PASSED] - Test Cases/BUCLES/Reto_while_solucion: Test Cases/BUCLES/Reto_while_solucion

2022-11-30 20:26:01 - [TEST_STEP][PASSED] - openBrowser(""): Browser is opened with url: ''

2022-11-30 20:26:01 - [MESSAGE][INFO] - User set preference: ['os', 'windows']

2022-11-30 20:26:01 - [MESSAGE][INFO] - User set preference: ['browserName', 'chrome']

2022-11-30 20:26:01 - [MESSAGE][INFO] - User set preference: ['browserVersion', '103']

2022-11-30 20:26:01 - [MESSAGE][INFO] - User set preference: ['katalon:option', '{organizationId=987205, tunnelId=, usingTunnel=false}']

2022-11-30 20:26:01 - [MESSAGE][INFO] - Connecting to remote web server 'testcloud.katalon.com/hub' with type 'Selenium'

2022-11-30 20:26:01 - [MESSAGE][INFO] - Action delay is set to 0 milliseconds

2022-11-30 20:28:32 - [MESSAGE][PASSED] - Browser is opened with url: ''

2022-11-30 20:28:32 - [TEST_STEP][PASSED] - navigateToUrl("https://www.google.com/"): Navigate to 'https://www.google.com/' successfully

2022-11-30 20:28:34 - [MESSAGE][PASSED] - Navigate to 'https://www.google.com/' successfully

2022-11-30 20:28:34 - [TEST_STEP][PASSED] - Res = 0: null

2022-11-30 20:28:34 - [TEST_STEP][PASSED] - while (Res != 8): Browser is closed

2022-11-30 20:28:34 - [TEST_STEP][PASSED] - num = Math.random() * 5 - 1 + 1: null

2022-11-30 20:28:34 - [TEST_STEP][PASSED] - setText(findTestObject("Object Repository/Reto_while1/Page_Google/input__q"), "5+" + num): Text '5+1' is set on object 'Object Repository/Reto_while1/Page_Google/input__q'

2022-11-30 20:28:43 - [MESSAGE][PASSED] - Text '5+1' is set on object 'Object Repository/Reto_while1/Page_Google/input__q'

2022-11-30 20:28:43 - [TEST_STEP][PASSED] - sendKeys(findTestObject("Object Repository/Reto_while1/Page_Google/input__q"), Keys.chord(ENTER)): Keys 'ENTER + ' sent to object: 'Object Repository/Reto_while1/Page_Google/input__q'

2022-11-30 20:28:47 - [MESSAGE][PASSED] - Keys 'ENTER + ' sent to object: 'Object Repository/Reto_while1/Page_Google/input__q'

2022-11-30 20:28:47 - [TEST_STEP][PASSED] - Res = getText(findTestObject("Reto_while1/Resultado_8")).toInteger(): Text of object 'Object Repository/Reto_while1/Resultado_8' is: '6'

2022-11-30 20:28:51 - [MESSAGE][PASSED] - Text of object 'Object Repository/Reto_while1/Resultado_8' is: '6'

2022-11-30 20:28:51 - [TEST_STEP][PASSED] - if (Res == 8): null

2022-11-30 20:28:51 - [TEST_STEP][PASSED] - num = Math.random() * 5 - 1 + 1: null

2022-11-30 20:28:51 - [TEST_STEP][PASSED] - setText(findTestObject("Object Repository/Reto_while1/Page_Google/input__q"), "5+" + num): Text '5+2' is set on object 'Object Repository/Reto_while1/Page_Google/input__q'

2022-11-30 20:28:57 - [MESSAGE][PASSED] - Text '5+2' is set on object 'Object Repository/Reto_while1/Page_Google/input__q'

2022-11-30 20:28:57 - [TEST_STEP][PASSED] - sendKeys(findTestObject("Object Repository/Reto_while1/Page_Google/input__q"), Keys.chord(ENTER)): Keys 'ENTER + ' sent to object: 'Object Repository/Reto_while1/Page_Google/input__q'

2022-11-30 20:29:04 - [MESSAGE][PASSED] - Keys 'ENTER + ' sent to object: 'Object Repository/Reto_while1/Page_Google/input__q'

2022-11-30 20:29:04 - [TEST_STEP][PASSED] - Res = getText(findTestObject("Reto_while1/Resultado_8")).toInteger(): Text of object 'Object Repository/Reto_while1/Resultado_8' is: '7'

2022-11-30 20:29:08 - [MESSAGE][PASSED] - Text of object 'Object Repository/Reto_while1/Resultado_8' is: '7'

2022-11-30 20:29:08 - [TEST_STEP][PASSED] - if (Res == 8): null

2022-11-30 20:29:08 - [TEST_STEP][PASSED] - num = Math.random() * 5 - 1 + 1: null

2022-11-30 20:29:08 - [TEST_STEP][PASSED] - setText(findTestObject("Object Repository/Reto_while1/Page_Google/input__q"), "5+" + num): Text '5+2' is set on object 'Object Repository/Reto_while1/Page_Google/input__q'

2022-11-30 20:29:13 - [MESSAGE][PASSED] - Text '5+2' is set on object 'Object Repository/Reto_while1/Page_Google/input__q'

2022-11-30 20:29:13 - [TEST_STEP][PASSED] - sendKeys(findTestObject("Object Repository/Reto_while1/Page_Google/input__q"), Keys.chord(ENTER)): Keys 'ENTER + ' sent to object: 'Object Repository/Reto_while1/Page_Google/input__q'

2022-11-30 20:29:17 - [MESSAGE][PASSED] - Keys 'ENTER + ' sent to object: 'Object Repository/Reto_while1/Page_Google/input__q'

2022-11-30 20:29:17 - [TEST_STEP][PASSED] - Res = getText(findTestObject("Reto_while1/Resultado_8")).toInteger(): Text of object 'Object Repository/Reto_while1/Resultado_8' is: '7'

2022-11-30 20:29:19 - [MESSAGE][PASSED] - Text of object 'Object Repository/Reto_while1/Resultado_8' is: '7'

2022-11-30 20:29:19 - [TEST_STEP][PASSED] - if (Res == 8): null

2022-11-30 20:29:19 - [TEST_STEP][PASSED] - num = Math.random() * 5 - 1 + 1: null

2022-11-30 20:29:19 - [TEST_STEP][PASSED] - setText(findTestObject("Object Repository/Reto_while1/Page_Google/input__q"), "5+" + num): Text '5+2' is set on object 'Object Repository/Reto_while1/Page_Google/input__q'

2022-11-30 20:29:27 - [MESSAGE][PASSED] - Text '5+2' is set on object 'Object Repository/Reto_while1/Page_Google/input__q'

2022-11-30 20:29:27 - [TEST_STEP][PASSED] - sendKeys(findTestObject("Object Repository/Reto_while1/Page_Google/input__q"), Keys.chord(ENTER)): Keys 'ENTER + ' sent to object: 'Object Repository/Reto_while1/Page_Google/input__q'

2022-11-30 20:29:32 - [MESSAGE][PASSED] - Keys 'ENTER + ' sent to object: 'Object Repository/Reto_while1/Page_Google/input__q'

2022-11-30 20:29:32 - [TEST_STEP][PASSED] - Res = getText(findTestObject("Reto_while1/Resultado_8")).toInteger(): Text of object 'Object Repository/Reto_while1/Resultado_8' is: '7'

2022-11-30 20:29:36 - [MESSAGE][PASSED] - Text of object 'Object Repository/Reto_while1/Resultado_8' is: '7'

2022-11-30 20:29:36 - [TEST_STEP][PASSED] - if (Res == 8): null

2022-11-30 20:29:36 - [TEST_STEP][PASSED] - num = Math.random() * 5 - 1 + 1: null

2022-11-30 20:29:36 - [TEST_STEP][PASSED] - setText(findTestObject("Object Repository/Reto_while1/Page_Google/input__q"), "5+" + num): Text '5+2' is set on object 'Object Repository/Reto_while1/Page_Google/input__q'

2022-11-30 20:29:45 - [MESSAGE][PASSED] - Text '5+2' is set on object 'Object Repository/Reto_while1/Page_Google/input__q'

2022-11-30 20:29:45 - [TEST_STEP][PASSED] - sendKeys(findTestObject("Object Repository/Reto_while1/Page_Google/input__q"), Keys.chord(ENTER)): Keys 'ENTER + ' sent to object: 'Object Repository/Reto_while1/Page_Google/input__q'

2022-11-30 20:29:50 - [MESSAGE][PASSED] - Keys 'ENTER + ' sent to object: 'Object Repository/Reto_while1/Page_Google/input__q'

2022-11-30 20:29:50 - [TEST_STEP][PASSED] - Res = getText(findTestObject("Reto_while1/Resultado_8")).toInteger(): Text of object 'Object Repository/Reto_while1/Resultado_8' is: '7'

2022-11-30 20:29:53 - [MESSAGE][PASSED] - Text of object 'Object Repository/Reto_while1/Resultado_8' is: '7'

2022-11-30 20:29:53 - [TEST_STEP][PASSED] - if (Res == 8): null

2022-11-30 20:29:53 - [TEST_STEP][PASSED] - num = Math.random() * 5 - 1 + 1: null

2022-11-30 20:29:53 - [TEST_STEP][PASSED] - setText(findTestObject("Object Repository/Reto_while1/Page_Google/input__q"), "5+" + num): Text '5+2' is set on object 'Object Repository/Reto_while1/Page_Google/input__q'

2022-11-30 20:29:58 - [MESSAGE][PASSED] - Text '5+2' is set on object 'Object Repository/Reto_while1/Page_Google/input__q'

2022-11-30 20:29:58 - [TEST_STEP][PASSED] - sendKeys(findTestObject("Object Repository/Reto_while1/Page_Google/input__q"), Keys.chord(ENTER)): Keys 'ENTER + ' sent to object: 'Object Repository/Reto_while1/Page_Google/input__q'

2022-11-30 20:30:01 - [MESSAGE][PASSED] - Keys 'ENTER + ' sent to object: 'Object Repository/Reto_while1/Page_Google/input__q'

2022-11-30 20:30:01 - [TEST_STEP][PASSED] - Res = getText(findTestObject("Reto_while1/Resultado_8")).toInteger(): Text of object 'Object Repository/Reto_while1/Resultado_8' is: '7'

2022-11-30 20:30:03 - [MESSAGE][PASSED] - Text of object 'Object Repository/Reto_while1/Resultado_8' is: '7'

2022-11-30 20:30:03 - [TEST_STEP][PASSED] - if (Res == 8): null

2022-11-30 20:30:03 - [TEST_STEP][PASSED] - num = Math.random() * 5 - 1 + 1: null

2022-11-30 20:30:03 - [TEST_STEP][PASSED] - setText(findTestObject("Object Repository/Reto_while1/Page_Google/input__q"), "5+" + num): Text '5+3' is set on object 'Object Repository/Reto_while1/Page_Google/input__q'

2022-11-30 20:30:14 - [MESSAGE][PASSED] - Text '5+3' is set on object 'Object Repository/Reto_while1/Page_Google/input__q'

2022-11-30 20:30:14 - [TEST_STEP][PASSED] - sendKeys(findTestObject("Object Repository/Reto_while1/Page_Google/input__q"), Keys.chord(ENTER)): Keys 'ENTER + ' sent to object: 'Object Repository/Reto_while1/Page_Google/input__q'

2022-11-30 20:30:19 - [MESSAGE][PASSED] - Keys 'ENTER + ' sent to object: 'Object Repository/Reto_while1/Page_Google/input__q'

2022-11-30 20:30:19 - [TEST_STEP][PASSED] - Res = getText(findTestObject("Reto_while1/Resultado_8")).toInteger(): Text of object 'Object Repository/Reto_while1/Resultado_8' is: '8'

2022-11-30 20:30:21 - [MESSAGE][PASSED] - Text of object 'Object Repository/Reto_while1/Resultado_8' is: '8'

2022-11-30 20:30:21 - [TEST_STEP][PASSED] - if (Res == 8): Browser is closed

2022-11-30 20:30:21 - [TEST_STEP][PASSED] - closeBrowser(): Browser is closed

2022-11-30 20:30:24 - [MESSAGE][PASSED] - Browser is closed]]></system-out>
         <system-err><![CDATA[]]></system-err>
      </testcase>
      <testcase name="Test Cases/BUCLES/Test_1" time="520.007" classname="Test Cases/BUCLES/Test_1" status="PASSED">
         <system-out><![CDATA[2022-11-30 20:30:24 - [TEST_CASE][PASSED] - Test Cases/BUCLES/Test_1: Test Cases/BUCLES/Test_1

2022-11-30 20:30:25 - [TEST_STEP][PASSED] - openBrowser(""): Browser is opened with url: ''

2022-11-30 20:30:25 - [MESSAGE][INFO] - User set preference: ['os', 'windows']

2022-11-30 20:30:25 - [MESSAGE][INFO] - User set preference: ['browserName', 'chrome']

2022-11-30 20:30:25 - [MESSAGE][INFO] - User set preference: ['browserVersion', '103']

2022-11-30 20:30:25 - [MESSAGE][INFO] - User set preference: ['katalon:option', '{organizationId=987205, tunnelId=, usingTunnel=false}']

2022-11-30 20:30:25 - [MESSAGE][INFO] - Connecting to remote web server 'testcloud.katalon.com/hub' with type 'Selenium'

2022-11-30 20:30:25 - [MESSAGE][INFO] - Action delay is set to 0 milliseconds

2022-11-30 20:32:55 - [MESSAGE][PASSED] - Browser is opened with url: ''

2022-11-30 20:32:55 - [TEST_STEP][PASSED] - navigateToUrl("https://demoqa.com/text-box"): Navigate to 'https://demoqa.com/text-box' successfully

2022-11-30 20:32:58 - [MESSAGE][PASSED] - Navigate to 'https://demoqa.com/text-box' successfully

2022-11-30 20:32:58 - [TEST_STEP][PASSED] - for ([x = 1, x <= 2, (x++)]): null

2022-11-30 20:32:58 - [TEST_STEP][PASSED] - openBrowser(""): Browser is opened with url: ''

2022-11-30 20:32:58 - [MESSAGE][WARNING] - A browser is already opened. Closing browser and opening a new one

2022-11-30 20:33:03 - [MESSAGE][INFO] - User set preference: ['os', 'windows']

2022-11-30 20:33:03 - [MESSAGE][INFO] - User set preference: ['browserName', 'chrome']

2022-11-30 20:33:03 - [MESSAGE][INFO] - User set preference: ['browserVersion', '103']

2022-11-30 20:33:03 - [MESSAGE][INFO] - User set preference: ['katalon:option', '{organizationId=987205, tunnelId=, usingTunnel=false}']

2022-11-30 20:33:03 - [MESSAGE][INFO] - Connecting to remote web server 'testcloud.katalon.com/hub' with type 'Selenium'

2022-11-30 20:33:03 - [MESSAGE][INFO] - Action delay is set to 0 milliseconds

2022-11-30 20:35:56 - [MESSAGE][PASSED] - Browser is opened with url: ''

2022-11-30 20:35:56 - [TEST_STEP][PASSED] - navigateToUrl("https://demoqa.com/text-box"): Navigate to 'https://demoqa.com/text-box' successfully

2022-11-30 20:36:01 - [MESSAGE][PASSED] - Navigate to 'https://demoqa.com/text-box' successfully

2022-11-30 20:36:01 - [TEST_STEP][PASSED] - RN = Math.random() * 10 - 1 + 1: null

2022-11-30 20:36:01 - [TEST_STEP][PASSED] - print("Numero : " + RN + "----"): null

2022-11-30 20:36:01 - [TEST_STEP][PASSED] - z = ["Demo1", "Demo2", "Demo3", "Demo4", "Demo5"]: null

2022-11-30 20:36:01 - [TEST_STEP][PASSED] - rnd = new java.util.Random(): null

2022-11-30 20:36:01 - [TEST_STEP][PASSED] - texto = z[rnd.nextInt(size)]: null

2022-11-30 20:36:01 - [TEST_STEP][PASSED] - print(texto): null

2022-11-30 20:36:01 - [TEST_STEP][PASSED] - openBrowser(""): Browser is opened with url: ''

2022-11-30 20:36:01 - [MESSAGE][WARNING] - A browser is already opened. Closing browser and opening a new one

2022-11-30 20:36:13 - [MESSAGE][INFO] - User set preference: ['os', 'windows']

2022-11-30 20:36:13 - [MESSAGE][INFO] - User set preference: ['browserName', 'chrome']

2022-11-30 20:36:13 - [MESSAGE][INFO] - User set preference: ['browserVersion', '103']

2022-11-30 20:36:13 - [MESSAGE][INFO] - User set preference: ['katalon:option', '{organizationId=987205, tunnelId=, usingTunnel=false}']

2022-11-30 20:36:13 - [MESSAGE][INFO] - Connecting to remote web server 'testcloud.katalon.com/hub' with type 'Selenium'

2022-11-30 20:36:13 - [MESSAGE][INFO] - Action delay is set to 0 milliseconds

2022-11-30 20:38:58 - [MESSAGE][PASSED] - Browser is opened with url: ''

2022-11-30 20:38:58 - [TEST_STEP][PASSED] - navigateToUrl("https://demoqa.com/text-box"): Navigate to 'https://demoqa.com/text-box' successfully

2022-11-30 20:39:01 - [MESSAGE][PASSED] - Navigate to 'https://demoqa.com/text-box' successfully

2022-11-30 20:39:01 - [TEST_STEP][PASSED] - RN = Math.random() * 10 - 1 + 1: null

2022-11-30 20:39:01 - [TEST_STEP][PASSED] - print("Numero : " + RN + "----"): null

2022-11-30 20:39:01 - [TEST_STEP][PASSED] - z = ["Demo1", "Demo2", "Demo3", "Demo4", "Demo5"]: null

2022-11-30 20:39:01 - [TEST_STEP][PASSED] - rnd = new java.util.Random(): null

2022-11-30 20:39:01 - [TEST_STEP][PASSED] - texto = z[rnd.nextInt(size)]: null

2022-11-30 20:39:01 - [TEST_STEP][PASSED] - print(texto): null

2022-11-30 20:39:01 - [TEST_STEP][PASSED] - closeBrowser(): Browser is closed

2022-11-30 20:39:04 - [MESSAGE][PASSED] - Browser is closed]]></system-out>
         <system-err><![CDATA[]]></system-err>
      </testcase>
      <testcase name="Test Cases/BUCLES/Test_2" time="161.799" classname="Test Cases/BUCLES/Test_2" status="PASSED">
         <system-out><![CDATA[2022-11-30 20:39:04 - [TEST_CASE][PASSED] - Test Cases/BUCLES/Test_2: Test Cases/BUCLES/Test_2

2022-11-30 20:39:04 - [TEST_STEP][PASSED] - openBrowser(""): Browser is opened with url: ''

2022-11-30 20:39:05 - [MESSAGE][INFO] - User set preference: ['os', 'windows']

2022-11-30 20:39:05 - [MESSAGE][INFO] - User set preference: ['browserName', 'chrome']

2022-11-30 20:39:05 - [MESSAGE][INFO] - User set preference: ['browserVersion', '103']

2022-11-30 20:39:05 - [MESSAGE][INFO] - User set preference: ['katalon:option', '{organizationId=987205, tunnelId=, usingTunnel=false}']

2022-11-30 20:39:05 - [MESSAGE][INFO] - Connecting to remote web server 'testcloud.katalon.com/hub' with type 'Selenium'

2022-11-30 20:39:05 - [MESSAGE][INFO] - Action delay is set to 0 milliseconds

2022-11-30 20:41:39 - [MESSAGE][PASSED] - Browser is opened with url: ''

2022-11-30 20:41:39 - [TEST_STEP][PASSED] - navigateToUrl("https://demoqa.com/text-box"): Navigate to 'https://demoqa.com/text-box' successfully

2022-11-30 20:41:41 - [MESSAGE][PASSED] - Navigate to 'https://demoqa.com/text-box' successfully

2022-11-30 20:41:41 - [TEST_STEP][PASSED] - for ([x = 1, x <= 10, x = x + 2]): null

2022-11-30 20:41:41 - [TEST_STEP][PASSED] - print(" hola mundo " + x + "-------"): null

2022-11-30 20:41:41 - [TEST_STEP][PASSED] - print(" hola mundo " + x + "-------"): null

2022-11-30 20:41:41 - [TEST_STEP][PASSED] - print(" hola mundo " + x + "-------"): null

2022-11-30 20:41:41 - [TEST_STEP][PASSED] - print(" hola mundo " + x + "-------"): null

2022-11-30 20:41:41 - [TEST_STEP][PASSED] - print(" hola mundo " + x + "-------"): null

2022-11-30 20:41:41 - [TEST_STEP][PASSED] - closeBrowser(): Browser is closed

2022-11-30 20:41:46 - [MESSAGE][PASSED] - Browser is closed]]></system-out>
         <system-err><![CDATA[]]></system-err>
      </testcase>
      <testcase name="Test Cases/BUCLES/Test_while" time="159.287" classname="Test Cases/BUCLES/Test_while" status="PASSED">
         <system-out><![CDATA[2022-11-30 20:41:46 - [TEST_CASE][PASSED] - Test Cases/BUCLES/Test_while: Test Cases/BUCLES/Test_while

2022-11-30 20:41:46 - [TEST_STEP][PASSED] - openBrowser(""): Browser is opened with url: ''

2022-11-30 20:41:46 - [MESSAGE][INFO] - User set preference: ['os', 'windows']

2022-11-30 20:41:46 - [MESSAGE][INFO] - User set preference: ['browserName', 'chrome']

2022-11-30 20:41:46 - [MESSAGE][INFO] - User set preference: ['browserVersion', '103']

2022-11-30 20:41:46 - [MESSAGE][INFO] - User set preference: ['katalon:option', '{organizationId=987205, tunnelId=, usingTunnel=false}']

2022-11-30 20:41:46 - [MESSAGE][INFO] - Connecting to remote web server 'testcloud.katalon.com/hub' with type 'Selenium'

2022-11-30 20:41:46 - [MESSAGE][INFO] - Action delay is set to 0 milliseconds

2022-11-30 20:44:14 - [MESSAGE][PASSED] - Browser is opened with url: ''

2022-11-30 20:44:14 - [TEST_STEP][PASSED] - navigateToUrl("https://demoqa.com/text-box"): Navigate to 'https://demoqa.com/text-box' successfully

2022-11-30 20:44:17 - [MESSAGE][PASSED] - Navigate to 'https://demoqa.com/text-box' successfully

2022-11-30 20:44:17 - [TEST_STEP][PASSED] - maximizeWindow(): Current window maximized

2022-11-30 20:44:18 - [MESSAGE][PASSED] - Current window maximized

2022-11-30 20:44:18 - [TEST_STEP][PASSED] - waitForPageLoad(5): Wait for page load successfully

2022-11-30 20:44:19 - [MESSAGE][PASSED] - Wait for page load successfully

2022-11-30 20:44:19 - [TEST_STEP][PASSED] - x = 1: null

2022-11-30 20:44:19 - [TEST_STEP][PASSED] - while (x <= 3): null

2022-11-30 20:44:19 - [TEST_STEP][PASSED] - print("Hola " + x + "----------"): null

2022-11-30 20:44:19 - [TEST_STEP][PASSED] - (x++): null

2022-11-30 20:44:19 - [TEST_STEP][PASSED] - print("Hola " + x + "----------"): null

2022-11-30 20:44:19 - [TEST_STEP][PASSED] - (x++): null

2022-11-30 20:44:19 - [TEST_STEP][PASSED] - print("Hola " + x + "----------"): null

2022-11-30 20:44:19 - [TEST_STEP][PASSED] - (x++): null

2022-11-30 20:44:19 - [TEST_STEP][PASSED] - closeBrowser(): Browser is closed

2022-11-30 20:44:26 - [MESSAGE][PASSED] - Browser is closed]]></system-out>
         <system-err><![CDATA[]]></system-err>
      </testcase>
      <testcase name="Test Cases/BUCLES/Test_while2" time="154.048" classname="Test Cases/BUCLES/Test_while2" status="PASSED">
         <system-out><![CDATA[2022-11-30 20:44:26 - [TEST_CASE][PASSED] - Test Cases/BUCLES/Test_while2: Test Cases/BUCLES/Test_while2

2022-11-30 20:44:26 - [TEST_STEP][PASSED] - openBrowser(""): Browser is opened with url: ''

2022-11-30 20:44:26 - [MESSAGE][INFO] - User set preference: ['os', 'windows']

2022-11-30 20:44:26 - [MESSAGE][INFO] - User set preference: ['browserName', 'chrome']

2022-11-30 20:44:26 - [MESSAGE][INFO] - User set preference: ['browserVersion', '103']

2022-11-30 20:44:26 - [MESSAGE][INFO] - User set preference: ['katalon:option', '{organizationId=987205, tunnelId=, usingTunnel=false}']

2022-11-30 20:44:26 - [MESSAGE][INFO] - Connecting to remote web server 'testcloud.katalon.com/hub' with type 'Selenium'

2022-11-30 20:44:26 - [MESSAGE][INFO] - Action delay is set to 0 milliseconds

2022-11-30 20:46:49 - [MESSAGE][PASSED] - Browser is opened with url: ''

2022-11-30 20:46:49 - [TEST_STEP][PASSED] - navigateToUrl("https://demoqa.com/text-box"): Navigate to 'https://demoqa.com/text-box' successfully

2022-11-30 20:46:52 - [MESSAGE][PASSED] - Navigate to 'https://demoqa.com/text-box' successfully

2022-11-30 20:46:52 - [TEST_STEP][PASSED] - maximizeWindow(): Current window maximized

2022-11-30 20:46:54 - [MESSAGE][PASSED] - Current window maximized

2022-11-30 20:46:54 - [TEST_STEP][PASSED] - waitForPageLoad(5): Wait for page load successfully

2022-11-30 20:46:55 - [MESSAGE][PASSED] - Wait for page load successfully

2022-11-30 20:46:55 - [TEST_STEP][PASSED] - x = 1: null

2022-11-30 20:46:55 - [TEST_STEP][PASSED] - while (x <= 5): null

2022-11-30 20:46:55 - [TEST_STEP][PASSED] - print("Valor de X" + x + "------>"): null

2022-11-30 20:46:55 - [TEST_STEP][PASSED] - (x++): null

2022-11-30 20:46:55 - [TEST_STEP][PASSED] - print("Valor de X" + x + "------>"): null

2022-11-30 20:46:55 - [TEST_STEP][PASSED] - (x++): null

2022-11-30 20:46:55 - [TEST_STEP][PASSED] - print("Valor de X" + x + "------>"): null

2022-11-30 20:46:55 - [TEST_STEP][PASSED] - (x++): null

2022-11-30 20:46:55 - [TEST_STEP][PASSED] - print("Valor de X" + x + "------>"): null

2022-11-30 20:46:55 - [TEST_STEP][PASSED] - (x++): null

2022-11-30 20:46:55 - [TEST_STEP][PASSED] - print("Valor de X" + x + "------>"): null

2022-11-30 20:46:55 - [TEST_STEP][PASSED] - (x++): null

2022-11-30 20:46:55 - [TEST_STEP][PASSED] - closeBrowser(): Browser is closed

2022-11-30 20:47:00 - [MESSAGE][PASSED] - Browser is closed]]></system-out>
         <system-err><![CDATA[]]></system-err>
      </testcase>
      <testcase name="Test Cases/Drive_excel/Drive_excel" time="189.511" classname="Test Cases/Drive_excel/Drive_excel" status="PASSED">
         <system-out><![CDATA[2022-11-30 20:47:00 - [TEST_CASE][PASSED] - Test Cases/Drive_excel/Drive_excel: Test Cases/Drive_excel/Drive_excel

2022-11-30 20:47:00 - [TEST_STEP][PASSED] - openBrowser(""): Browser is opened with url: ''

2022-11-30 20:47:00 - [MESSAGE][INFO] - User set preference: ['os', 'windows']

2022-11-30 20:47:00 - [MESSAGE][INFO] - User set preference: ['browserName', 'chrome']

2022-11-30 20:47:00 - [MESSAGE][INFO] - User set preference: ['browserVersion', '103']

2022-11-30 20:47:00 - [MESSAGE][INFO] - User set preference: ['katalon:option', '{organizationId=987205, tunnelId=, usingTunnel=false}']

2022-11-30 20:47:00 - [MESSAGE][INFO] - Connecting to remote web server 'testcloud.katalon.com/hub' with type 'Selenium'

2022-11-30 20:47:00 - [MESSAGE][INFO] - Action delay is set to 0 milliseconds

2022-11-30 20:49:42 - [MESSAGE][PASSED] - Browser is opened with url: ''

2022-11-30 20:49:42 - [TEST_STEP][PASSED] - navigateToUrl("https://demoqa.com/automation-practice-form"): Navigate to 'https://demoqa.com/automation-practice-form' successfully

2022-11-30 20:49:45 - [MESSAGE][PASSED] - Navigate to 'https://demoqa.com/automation-practice-form' successfully

2022-11-30 20:49:45 - [TEST_STEP][PASSED] - waitForPageLoad(40): Wait for page load successfully

2022-11-30 20:49:45 - [MESSAGE][PASSED] - Wait for page load successfully

2022-11-30 20:49:45 - [TEST_STEP][PASSED] - maximizeWindow(): Current window maximized

2022-11-30 20:49:46 - [MESSAGE][PASSED] - Current window maximized

2022-11-30 20:49:46 - [TEST_STEP][PASSED] - setText(findTestObject("Object Repository/Drive_excel/Page_ToolsQA/input_Name_firstName"), nombre): Text '' is set on object 'Object Repository/Drive_excel/Page_ToolsQA/input_Name_firstName'

2022-11-30 20:49:53 - [MESSAGE][PASSED] - Text '' is set on object 'Object Repository/Drive_excel/Page_ToolsQA/input_Name_firstName'

2022-11-30 20:49:53 - [TEST_STEP][PASSED] - setText(findTestObject("Object Repository/Drive_excel/Page_ToolsQA/input_Name_lastName"), apellido): Text '' is set on object 'Object Repository/Drive_excel/Page_ToolsQA/input_Name_lastName'

2022-11-30 20:49:59 - [MESSAGE][PASSED] - Text '' is set on object 'Object Repository/Drive_excel/Page_ToolsQA/input_Name_lastName'

2022-11-30 20:49:59 - [TEST_STEP][PASSED] - setText(findTestObject("Object Repository/Drive_excel/Page_ToolsQA/input_Email_userEmail"), email): Text '' is set on object 'Object Repository/Drive_excel/Page_ToolsQA/input_Email_userEmail'

2022-11-30 20:50:04 - [MESSAGE][PASSED] - Text '' is set on object 'Object Repository/Drive_excel/Page_ToolsQA/input_Email_userEmail'

2022-11-30 20:50:04 - [TEST_STEP][PASSED] - delay(2): Delayed 2 second(s)

2022-11-30 20:50:06 - [MESSAGE][PASSED] - Delayed 2 second(s)

2022-11-30 20:50:06 - [TEST_STEP][PASSED] - closeBrowser(): Browser is closed

2022-11-30 20:50:09 - [MESSAGE][PASSED] - Browser is closed]]></system-out>
         <system-err><![CDATA[]]></system-err>
      </testcase>
      <system-out><![CDATA[2022-11-30 18:55:06 - [TEST_SUITE][FAILED] - testCLoud: Test Cases/Condicionales_If/Condicionar_titulo FAILED.
Reason:
com.kms.katalon.core.exception.StepFailedException: Unable to navigate to 'https://demoqa.com/radio-button'
	at com.kms.katalon.core.webui.keyword.internal.WebUIKeywordMain.stepFailed(WebUIKeywordMain.groovy:64)
	at com.kms.katalon.core.webui.keyword.internal.WebUIKeywordMain.runKeyword(WebUIKeywordMain.groovy:26)
	at com.kms.katalon.core.webui.keyword.builtin.NavigateToUrlKeyword.navigateToUrl(NavigateToUrlKeyword.groovy:83)
	at com.kms.katalon.core.webui.keyword.builtin.NavigateToUrlKeyword.execute(NavigateToUrlKeyword.groovy:67)
	at com.kms.katalon.core.keyword.internal.KeywordExecutor.executeKeywordForPlatform(KeywordExecutor.groovy:74)
	at com.kms.katalon.core.webui.keyword.WebUiBuiltInKeywords.navigateToUrl(WebUiBuiltInKeywords.groovy:187)
	at com.kms.katalon.core.webui.keyword.WebUiBuiltInKeywords$navigateToUrl$4.call(Unknown Source)
	at Condicionar_titulo.run(Condicionar_titulo:38)
	at com.kms.katalon.core.main.ScriptEngine.run(ScriptEngine.java:194)
	at com.kms.katalon.core.main.ScriptEngine.runScriptAsRawText(ScriptEngine.java:119)
	at com.kms.katalon.core.main.TestCaseExecutor.runScript(TestCaseExecutor.java:448)
	at com.kms.katalon.core.main.TestCaseExecutor.doExecute(TestCaseExecutor.java:439)
	at com.kms.katalon.core.main.TestCaseExecutor.processExecutionPhase(TestCaseExecutor.java:418)
	at com.kms.katalon.core.main.TestCaseExecutor.accessMainPhase(TestCaseExecutor.java:410)
	at com.kms.katalon.core.main.TestCaseExecutor.execute(TestCaseExecutor.java:285)
	at com.kms.katalon.core.common.CommonExecutor.accessTestCaseMainPhase(CommonExecutor.java:65)
	at com.kms.katalon.core.main.TestSuiteExecutor.accessTestSuiteMainPhase(TestSuiteExecutor.java:151)
	at com.kms.katalon.core.main.TestSuiteExecutor.execute(TestSuiteExecutor.java:106)
	at com.kms.katalon.core.main.TestCaseMain.startTestSuite(TestCaseMain.java:185)
	at com.kms.katalon.core.main.TestCaseMain$startTestSuite$0.call(Unknown Source)
	at TempTestSuite1669845292187.run(TempTestSuite1669845292187.groovy:36)
Caused by: org.openqa.selenium.WebDriverException: Unable to execute request for an existing session: Unable to find session with ID: cb313e7e9f1a77c6e70ad29f2baa0bd3
Build info: version: '4.1.2', revision: 'Unknown'
System info: host: 'testcloud-grid-sessions-f9bd75f78-c2zrk', ip: '172.48.116.229', os.name: 'Linux', os.arch: 'amd64', os.version: '5.10.68', java.version: '11.0.11'
Driver info: driver.version: unknown
Build info: version: '4.1.2', revision: 'Unknown'
System info: host: 'testcloud-grid-router-79f69bc8b-5np76', ip: '172.48.26.173', os.name: 'Linux', os.arch: 'amd64', os.version: '5.10.68', java.version: '11.0.11'
Driver info: driver.version: unknown
Build info: version: '3.141.59', revision: 'e82be7d358', time: '2018-11-14T08:25:53'
System info: host: 'NTK2299', ip: '192.168.0.13', os.name: 'Windows 10', os.arch: 'amd64', os.version: '10.0', java.version: '1.8.0_282'
Driver info: com.kms.katalon.selenium.driver.CRemoteWebDriver
Capabilities {acceptInsecureCerts: false, browserName: chrome, browserVersion: 103.0.5060.53, chrome: {chromedriverVersion: 103.0.5060.53 (a1711811edd7..., userDataDir: C:\Users\ADMINI~1\AppData\L...}, goog:chromeOptions: {debuggerAddress: localhost:49836}, javascriptEnabled: true, katalon:option: {apiKey: null, class: com.katalon.testcloud.grid...., group: null, jwt: eyJ0eXAiOiJKV1QiLCJhbGciOiJ..., organizationId: 987205, secret: null, teamId: null, tenant: null, tunnelMetadataId: null, unlimitedExecutionMinutes: true, userId: 1080045, username: lnovakovich@ecosistemas.com.ar, usingTunnel: false}, networkConnectionEnabled: false, os: windows, pageLoadStrategy: normal, platform: WINDOWS, platformName: WINDOWS, proxy: Proxy(direct), requestId: ca4d8310-9efd-4e08-af6e-40b..., se:cdp: ws://10.0.2.2:4444/session/..., se:cdpVersion: 103.0.5060.53, setWindowRect: true, strictFileInteractability: false, timeouts: {implicit: 0, pageLoad: 300000, script: 30000}, unhandledPromptBehavior: dismiss and notify, webauthn:extension:credBlob: true, webauthn:extension:largeBlob: true, webauthn:virtualAuthenticators: true}
Session ID: cb313e7e9f1a77c6e70ad29f2baa0bd3
	at org.openqa.selenium.remote.http.W3CHttpResponseCodec.createException(W3CHttpResponseCodec.java:187)
	at org.openqa.selenium.remote.http.W3CHttpResponseCodec.decode(W3CHttpResponseCodec.java:122)
	at org.openqa.selenium.remote.http.W3CHttpResponseCodec.decode(W3CHttpResponseCodec.java:49)
	at org.openqa.selenium.remote.HttpCommandExecutor.execute(HttpCommandExecutor.java:158)
	at org.openqa.selenium.remote.RemoteWebDriver.execute(RemoteWebDriver.java:552)
	at com.kms.katalon.selenium.driver.CRemoteWebDriver.execute(CRemoteWebDriver.java:30)
	at org.openqa.selenium.remote.RemoteWebDriver.get(RemoteWebDriver.java:277)
	at org.openqa.selenium.remote.RemoteWebDriver$RemoteNavigation.to(RemoteWebDriver.java:857)
	at org.openqa.selenium.support.events.EventFiringWebDriver$EventFiringNavigation.to(EventFiringWebDriver.java:569)
	at com.kms.katalon.core.webui.keyword.builtin.NavigateToUrlKeyword$_navigateToUrl_closure1.doCall(NavigateToUrlKeyword.groovy:81)
	at com.kms.katalon.core.webui.keyword.builtin.NavigateToUrlKeyword$_navigateToUrl_closure1.call(NavigateToUrlKeyword.groovy)
	at com.kms.katalon.core.webui.keyword.internal.WebUIKeywordMain.runKeyword(WebUIKeywordMain.groovy:20)
	... 19 more]]></system-out>
      <system-err><![CDATA[2022-11-30 18:55:06 - [TEST_SUITE][FAILED] - testCLoud: Test Cases/Condicionales_If/Condicionar_titulo FAILED.
Reason:
com.kms.katalon.core.exception.StepFailedException: Unable to navigate to 'https://demoqa.com/radio-button'
	at com.kms.katalon.core.webui.keyword.internal.WebUIKeywordMain.stepFailed(WebUIKeywordMain.groovy:64)
	at com.kms.katalon.core.webui.keyword.internal.WebUIKeywordMain.runKeyword(WebUIKeywordMain.groovy:26)
	at com.kms.katalon.core.webui.keyword.builtin.NavigateToUrlKeyword.navigateToUrl(NavigateToUrlKeyword.groovy:83)
	at com.kms.katalon.core.webui.keyword.builtin.NavigateToUrlKeyword.execute(NavigateToUrlKeyword.groovy:67)
	at com.kms.katalon.core.keyword.internal.KeywordExecutor.executeKeywordForPlatform(KeywordExecutor.groovy:74)
	at com.kms.katalon.core.webui.keyword.WebUiBuiltInKeywords.navigateToUrl(WebUiBuiltInKeywords.groovy:187)
	at com.kms.katalon.core.webui.keyword.WebUiBuiltInKeywords$navigateToUrl$4.call(Unknown Source)
	at Condicionar_titulo.run(Condicionar_titulo:38)
	at com.kms.katalon.core.main.ScriptEngine.run(ScriptEngine.java:194)
	at com.kms.katalon.core.main.ScriptEngine.runScriptAsRawText(ScriptEngine.java:119)
	at com.kms.katalon.core.main.TestCaseExecutor.runScript(TestCaseExecutor.java:448)
	at com.kms.katalon.core.main.TestCaseExecutor.doExecute(TestCaseExecutor.java:439)
	at com.kms.katalon.core.main.TestCaseExecutor.processExecutionPhase(TestCaseExecutor.java:418)
	at com.kms.katalon.core.main.TestCaseExecutor.accessMainPhase(TestCaseExecutor.java:410)
	at com.kms.katalon.core.main.TestCaseExecutor.execute(TestCaseExecutor.java:285)
	at com.kms.katalon.core.common.CommonExecutor.accessTestCaseMainPhase(CommonExecutor.java:65)
	at com.kms.katalon.core.main.TestSuiteExecutor.accessTestSuiteMainPhase(TestSuiteExecutor.java:151)
	at com.kms.katalon.core.main.TestSuiteExecutor.execute(TestSuiteExecutor.java:106)
	at com.kms.katalon.core.main.TestCaseMain.startTestSuite(TestCaseMain.java:185)
	at com.kms.katalon.core.main.TestCaseMain$startTestSuite$0.call(Unknown Source)
	at TempTestSuite1669845292187.run(TempTestSuite1669845292187.groovy:36)
Caused by: org.openqa.selenium.WebDriverException: Unable to execute request for an existing session: Unable to find session with ID: cb313e7e9f1a77c6e70ad29f2baa0bd3
Build info: version: '4.1.2', revision: 'Unknown'
System info: host: 'testcloud-grid-sessions-f9bd75f78-c2zrk', ip: '172.48.116.229', os.name: 'Linux', os.arch: 'amd64', os.version: '5.10.68', java.version: '11.0.11'
Driver info: driver.version: unknown
Build info: version: '4.1.2', revision: 'Unknown'
System info: host: 'testcloud-grid-router-79f69bc8b-5np76', ip: '172.48.26.173', os.name: 'Linux', os.arch: 'amd64', os.version: '5.10.68', java.version: '11.0.11'
Driver info: driver.version: unknown
Build info: version: '3.141.59', revision: 'e82be7d358', time: '2018-11-14T08:25:53'
System info: host: 'NTK2299', ip: '192.168.0.13', os.name: 'Windows 10', os.arch: 'amd64', os.version: '10.0', java.version: '1.8.0_282'
Driver info: com.kms.katalon.selenium.driver.CRemoteWebDriver
Capabilities {acceptInsecureCerts: false, browserName: chrome, browserVersion: 103.0.5060.53, chrome: {chromedriverVersion: 103.0.5060.53 (a1711811edd7..., userDataDir: C:\Users\ADMINI~1\AppData\L...}, goog:chromeOptions: {debuggerAddress: localhost:49836}, javascriptEnabled: true, katalon:option: {apiKey: null, class: com.katalon.testcloud.grid...., group: null, jwt: eyJ0eXAiOiJKV1QiLCJhbGciOiJ..., organizationId: 987205, secret: null, teamId: null, tenant: null, tunnelMetadataId: null, unlimitedExecutionMinutes: true, userId: 1080045, username: lnovakovich@ecosistemas.com.ar, usingTunnel: false}, networkConnectionEnabled: false, os: windows, pageLoadStrategy: normal, platform: WINDOWS, platformName: WINDOWS, proxy: Proxy(direct), requestId: ca4d8310-9efd-4e08-af6e-40b..., se:cdp: ws://10.0.2.2:4444/session/..., se:cdpVersion: 103.0.5060.53, setWindowRect: true, strictFileInteractability: false, timeouts: {implicit: 0, pageLoad: 300000, script: 30000}, unhandledPromptBehavior: dismiss and notify, webauthn:extension:credBlob: true, webauthn:extension:largeBlob: true, webauthn:virtualAuthenticators: true}
Session ID: cb313e7e9f1a77c6e70ad29f2baa0bd3
	at org.openqa.selenium.remote.http.W3CHttpResponseCodec.createException(W3CHttpResponseCodec.java:187)
	at org.openqa.selenium.remote.http.W3CHttpResponseCodec.decode(W3CHttpResponseCodec.java:122)
	at org.openqa.selenium.remote.http.W3CHttpResponseCodec.decode(W3CHttpResponseCodec.java:49)
	at org.openqa.selenium.remote.HttpCommandExecutor.execute(HttpCommandExecutor.java:158)
	at org.openqa.selenium.remote.RemoteWebDriver.execute(RemoteWebDriver.java:552)
	at com.kms.katalon.selenium.driver.CRemoteWebDriver.execute(CRemoteWebDriver.java:30)
	at org.openqa.selenium.remote.RemoteWebDriver.get(RemoteWebDriver.java:277)
	at org.openqa.selenium.remote.RemoteWebDriver$RemoteNavigation.to(RemoteWebDriver.java:857)
	at org.openqa.selenium.support.events.EventFiringWebDriver$EventFiringNavigation.to(EventFiringWebDriver.java:569)
	at com.kms.katalon.core.webui.keyword.builtin.NavigateToUrlKeyword$_navigateToUrl_closure1.doCall(NavigateToUrlKeyword.groovy:81)
	at com.kms.katalon.core.webui.keyword.builtin.NavigateToUrlKeyword$_navigateToUrl_closure1.call(NavigateToUrlKeyword.groovy)
	at com.kms.katalon.core.webui.keyword.internal.WebUIKeywordMain.runKeyword(WebUIKeywordMain.groovy:20)
	... 19 more]]></system-err>
   </testsuite>
</testsuites>
