<?xml version="1.0" encoding="UTF-8"?>
<testsuites name="testCLoud" time="857.224" tests="34" failures="0" errors="0">
   <testsuite name="testCLoud" tests="34" failures="0" errors="0" time="857.224" skipped="0" timestamp="2022-11-29 19:53:57" hostname="admin - 192.168.0.13" id="Test Suites/testCLoud">
      <properties>
         <property name="deviceName" value=""/>
         <property name="devicePlatform" value=""/>
         <property name="logFolder" value="C:\\Users\\admin\\git\\KatalonCertificacion\\Reports\\20221129_195336\\testCLoud\\20221129_195337"/>
         <property name="logFiles" value="C:\\Users\\admin\\git\\KatalonCertificacion\\Reports\\20221129_195336\\testCLoud\\20221129_195337\\execution0.log"/>
         <property name="attachments" value=""/>
         <property name="hostName" value="admin - 192.168.0.13"/>
         <property name="os" value="Windows 10 64bit"/>
         <property name="katalonVersion" value="8.5.2.208"/>
         <property name="browser" value="Chrome 107.0.0.0"/>
         <property name="hostAddress" value="192.168.0.13"/>
         <property name="sessionId" value="530acc2477259b9a025f93bd055356bc"/>
         <property name="seleniumVersion" value="3.141.59"/>
         <property name="proxyInformation" value="ProxyInformation { proxyOption=NO_PROXY, proxyServerType=HTTP, username=, password=********, proxyServerAddress=, proxyServerPort=0, executionList=&quot;&quot;, isApplyToDesiredCapabilities=true }"/>
         <property name="platform" value="Windows 10"/>
      </properties>
      <testcase name="Test Cases/Navegador/Navegador" time="19.603" classname="Test Cases/Navegador/Navegador" status="PASSED">
         <system-out><![CDATA[2022-11-29 19:53:58 - [TEST_CASE][PASSED] - Test Cases/Navegador/Navegador: Test Cases/Navegador/Navegador

2022-11-29 19:53:59 - [TEST_STEP][PASSED] - openBrowser("https://demoqa.com/text-box"): Browser is opened with url: 'https://demoqa.com/text-box'

2022-11-29 19:53:59 - [MESSAGE][INFO] - Starting 'Chrome' driver

2022-11-29 19:53:59 - [MESSAGE][INFO] - Action delay is set to 0 milliseconds

2022-11-29 19:54:16 - [MESSAGE][PASSED] - Browser is opened with url: 'https://demoqa.com/text-box'

2022-11-29 19:54:16 - [TEST_STEP][PASSED] - maximizeWindow(): Current window maximized

2022-11-29 19:54:16 - [MESSAGE][PASSED] - Current window maximized

2022-11-29 19:54:16 - [TEST_STEP][PASSED] - page_url = getUrl(): Current window's url is: 'https://demoqa.com/text-box'

2022-11-29 19:54:16 - [MESSAGE][PASSED] - Current window's url is: 'https://demoqa.com/text-box'

2022-11-29 19:54:16 - [TEST_STEP][PASSED] - print(page_url): null

2022-11-29 19:54:16 - [TEST_STEP][PASSED] - Titulo = getWindowTitle(): Current window's title is: 'ToolsQA'

2022-11-29 19:54:16 - [MESSAGE][PASSED] - Current window's title is: 'ToolsQA'

2022-11-29 19:54:16 - [TEST_STEP][PASSED] - print("titiulo de la pagina" + Titulo): null

2022-11-29 19:54:16 - [TEST_STEP][PASSED] - closeBrowser(): Browser is closed

2022-11-29 19:54:17 - [MESSAGE][PASSED] - Browser is closed]]></system-out>
         <system-err><![CDATA[]]></system-err>
      </testcase>
      <testcase name="Test Cases/Objecto_xpath/Caso_xpath" time="21.543" classname="Test Cases/Objecto_xpath/Caso_xpath" status="PASSED">
         <system-out><![CDATA[2022-11-29 19:54:17 - [TEST_CASE][PASSED] - Test Cases/Objecto_xpath/Caso_xpath: Test Cases/Objecto_xpath/Caso_xpath

2022-11-29 19:54:18 - [TEST_STEP][PASSED] - openBrowser(""): Browser is opened with url: ''

2022-11-29 19:54:18 - [MESSAGE][INFO] - Starting 'Chrome' driver

2022-11-29 19:54:18 - [MESSAGE][INFO] - Action delay is set to 0 milliseconds

2022-11-29 19:54:19 - [MESSAGE][PASSED] - Browser is opened with url: ''

2022-11-29 19:54:19 - [TEST_STEP][PASSED] - navigateToUrl("https://demoqa.com/text-box"): Navigate to 'https://demoqa.com/text-box' successfully

2022-11-29 19:54:33 - [MESSAGE][PASSED] - Navigate to 'https://demoqa.com/text-box' successfully

2022-11-29 19:54:33 - [TEST_STEP][PASSED] - maximizeWindow(): Current window maximized

2022-11-29 19:54:33 - [MESSAGE][PASSED] - Current window maximized

2022-11-29 19:54:33 - [TEST_STEP][PASSED] - setText(findTestObject("Objeto_xpath/Campo_nombre"), "Ljubo"): Text 'Ljubo' is set on object 'Object Repository/Objeto_xpath/Campo_nombre'

2022-11-29 19:54:34 - [MESSAGE][PASSED] - Text 'Ljubo' is set on object 'Object Repository/Objeto_xpath/Campo_nombre'

2022-11-29 19:54:34 - [TEST_STEP][PASSED] - delay(3): Delayed 3 second(s)

2022-11-29 19:54:38 - [MESSAGE][PASSED] - Delayed 3 second(s)

2022-11-29 19:54:38 - [TEST_STEP][PASSED] - closeBrowser(): Browser is closed

2022-11-29 19:54:39 - [MESSAGE][PASSED] - Browser is closed]]></system-out>
         <system-err><![CDATA[]]></system-err>
      </testcase>
      <testcase name="Test Cases/Condicionales_If/Condicionar_titulo" time="28.25" classname="Test Cases/Condicionales_If/Condicionar_titulo" status="PASSED">
         <system-out><![CDATA[2022-11-29 19:54:39 - [TEST_CASE][PASSED] - Test Cases/Condicionales_If/Condicionar_titulo: Test Cases/Condicionales_If/Condicionar_titulo

2022-11-29 19:54:40 - [TEST_STEP][PASSED] - openBrowser(""): Browser is opened with url: ''

2022-11-29 19:54:40 - [MESSAGE][INFO] - Starting 'Chrome' driver

2022-11-29 19:54:40 - [MESSAGE][INFO] - Action delay is set to 0 milliseconds

2022-11-29 19:54:41 - [MESSAGE][PASSED] - Browser is opened with url: ''

2022-11-29 19:54:41 - [TEST_STEP][PASSED] - navigateToUrl("https://demoqa.com/"): Navigate to 'https://demoqa.com/' successfully

2022-11-29 19:54:52 - [MESSAGE][PASSED] - Navigate to 'https://demoqa.com/' successfully

2022-11-29 19:54:52 - [TEST_STEP][PASSED] - maximizeWindow(): Current window maximized

2022-11-29 19:54:52 - [MESSAGE][PASSED] - Current window maximized

2022-11-29 19:54:52 - [TEST_STEP][PASSED] - waitForPageLoad(5): Wait for page load successfully

2022-11-29 19:54:52 - [MESSAGE][PASSED] - Wait for page load successfully

2022-11-29 19:54:52 - [TEST_STEP][PASSED] - Existe = waitForElementVisible(findTestObject("Condicionales/Texto_radio"), 3): Web element with id: 'Object Repository/Condicionales/Texto_radio' located by '//div[@class='main-header'][contains(.,'Radio Button')]' not found

2022-11-29 19:54:57 - [MESSAGE][INFO] - Unable to find the element located by 'By.xpath: //div[@class='main-header'][contains(.,'Radio Button')]'. Please recheck the objects properties to make sure the desired element is located. 

2022-11-29 19:54:57 - [MESSAGE][WARNING] - [SELF-HEALING] Failed to find element with id 'Object Repository/Condicionales/Texto_radio'. Try using Self-healing.

2022-11-29 19:54:58 - [MESSAGE][INFO] - [SELF-HEALING] No working XPath is found.

2022-11-29 19:54:59 - [MESSAGE][INFO] - Unable to find the element located by 'By.xpath: '. Please recheck the objects properties to make sure the desired element is located. 

2022-11-29 19:54:59 - [MESSAGE][WARNING] - [SELF-HEALING] Cannot find elements when the selector is null

2022-11-29 19:54:59 - [MESSAGE][WARNING] - Web element with id: 'Object Repository/Condicionales/Texto_radio' located by '//div[@class='main-header'][contains(.,'Radio Button')]' not found

2022-11-29 19:54:59 - [TEST_STEP][PASSED] - print(Existe): null

2022-11-29 19:54:59 - [TEST_STEP][PASSED] - if (Existe == true): null

2022-11-29 19:54:59 - [TEST_STEP][PASSED] - else: Browser is closed

2022-11-29 19:54:59 - [TEST_STEP][PASSED] - print("-----  Error no esta el elemento de texto radio ------"): null

2022-11-29 19:54:59 - [TEST_STEP][PASSED] - navigateToUrl("https://demoqa.com/radio-button"): Navigate to 'https://demoqa.com/radio-button' successfully

2022-11-29 19:55:03 - [MESSAGE][PASSED] - Navigate to 'https://demoqa.com/radio-button' successfully

2022-11-29 19:55:03 - [TEST_STEP][PASSED] - click(findTestObject("Condicionales/Objeto_yes")): Object: 'Object Repository/Condicionales/Objeto_yes' is clicked on

2022-11-29 19:55:04 - [MESSAGE][PASSED] - Object: 'Object Repository/Condicionales/Objeto_yes' is clicked on

2022-11-29 19:55:04 - [TEST_STEP][PASSED] - delay(2): Delayed 2 second(s)

2022-11-29 19:55:06 - [MESSAGE][PASSED] - Delayed 2 second(s)

2022-11-29 19:55:06 - [TEST_STEP][PASSED] - closeBrowser(): Browser is closed

2022-11-29 19:55:07 - [MESSAGE][PASSED] - Browser is closed]]></system-out>
         <system-err><![CDATA[]]></system-err>
      </testcase>
      <testcase name="Test Cases/Condicionales_If/Test_1" time="0.643" classname="Test Cases/Condicionales_If/Test_1" status="PASSED">
         <system-out><![CDATA[2022-11-29 19:55:07 - [TEST_CASE][PASSED] - Test Cases/Condicionales_If/Test_1: Test Cases/Condicionales_If/Test_1

2022-11-29 19:55:08 - [TEST_STEP][PASSED] - if (num == 10): null

2022-11-29 19:55:08 - [TEST_STEP][PASSED] - else: null

2022-11-29 19:55:08 - [TEST_STEP][PASSED] - print("El numero no es un 10 es el numero:  " + num + "#####"): null]]></system-out>
         <system-err><![CDATA[]]></system-err>
      </testcase>
      <testcase name="Test Cases/Condicionales_If/Test_2" time="0.491" classname="Test Cases/Condicionales_If/Test_2" status="PASSED">
         <system-out><![CDATA[2022-11-29 19:55:08 - [TEST_CASE][PASSED] - Test Cases/Condicionales_If/Test_2: Test Cases/Condicionales_If/Test_2

2022-11-29 19:55:08 - [TEST_STEP][PASSED] - if (num == 5): null

2022-11-29 19:55:08 - [TEST_STEP][PASSED] - if (num == 10): null

2022-11-29 19:55:08 - [TEST_STEP][PASSED] - println("El valor de la variables es un: 10"): null]]></system-out>
         <system-err><![CDATA[]]></system-err>
      </testcase>
      <testcase name="Test Cases/Condicionales_If/Test_3" time="0.468" classname="Test Cases/Condicionales_If/Test_3" status="PASSED">
         <system-out><![CDATA[2022-11-29 19:55:08 - [TEST_CASE][PASSED] - Test Cases/Condicionales_If/Test_3: Test Cases/Condicionales_If/Test_3

2022-11-29 19:55:09 - [TEST_STEP][PASSED] - if (nombre == "Juan"): null

2022-11-29 19:55:09 - [TEST_STEP][PASSED] - if (nombre == "JUan"): null

2022-11-29 19:55:09 - [TEST_STEP][PASSED] - if (nombre == "juan"): null

2022-11-29 19:55:09 - [TEST_STEP][PASSED] - println("Tu nombre es juan"): null]]></system-out>
         <system-err><![CDATA[]]></system-err>
      </testcase>
      <testcase name="Test Cases/Condicionales_If/Test_4" time="0.522" classname="Test Cases/Condicionales_If/Test_4" status="PASSED">
         <system-out><![CDATA[2022-11-29 19:55:09 - [TEST_CASE][PASSED] - Test Cases/Condicionales_If/Test_4: Test Cases/Condicionales_If/Test_4

2022-11-29 19:55:09 - [TEST_STEP][PASSED] - if (num <= 7): null

2022-11-29 19:55:09 - [TEST_STEP][PASSED] - println("El numero es menor ó igual que 5"): null

2022-11-29 19:55:09 - [TEST_STEP][PASSED] - if (num >= 8): null

2022-11-29 19:55:09 - [TEST_STEP][PASSED] - if (num != 5): null]]></system-out>
         <system-err><![CDATA[]]></system-err>
      </testcase>
      <testcase name="Test Cases/Condicionales_If/Test_edad" time="0.845" classname="Test Cases/Condicionales_If/Test_edad" status="PASSED">
         <system-out><![CDATA[2022-11-29 19:55:09 - [TEST_CASE][PASSED] - Test Cases/Condicionales_If/Test_edad: Test Cases/Condicionales_If/Test_edad

2022-11-29 19:55:10 - [TEST_STEP][PASSED] - if (edad >= 1 && edad <= 17): null

2022-11-29 19:55:10 - [TEST_STEP][PASSED] - else if (edad == 18): null

2022-11-29 19:55:10 - [TEST_STEP][PASSED] - else if (edad <= 0): null

2022-11-29 19:55:10 - [TEST_STEP][PASSED] - else if (edad == 120): null

2022-11-29 19:55:10 - [TEST_STEP][PASSED] - else: null

2022-11-29 19:55:10 - [TEST_STEP][PASSED] - print("No se cumple ninguna de las opciones"): null]]></system-out>
         <system-err><![CDATA[]]></system-err>
      </testcase>
      <testcase name="Test Cases/Condicionales_If/Test_valor" time="26.089" classname="Test Cases/Condicionales_If/Test_valor" status="PASSED">
         <system-out><![CDATA[2022-11-29 19:55:10 - [TEST_CASE][PASSED] - Test Cases/Condicionales_If/Test_valor: Test Cases/Condicionales_If/Test_valor

2022-11-29 19:55:11 - [TEST_STEP][PASSED] - openBrowser(""): Browser is opened with url: ''

2022-11-29 19:55:11 - [MESSAGE][INFO] - Starting 'Chrome' driver

2022-11-29 19:55:11 - [MESSAGE][INFO] - Action delay is set to 0 milliseconds

2022-11-29 19:55:13 - [MESSAGE][PASSED] - Browser is opened with url: ''

2022-11-29 19:55:13 - [TEST_STEP][PASSED] - navigateToUrl("https://demoqa.com/"): Navigate to 'https://demoqa.com/' successfully

2022-11-29 19:55:27 - [MESSAGE][PASSED] - Navigate to 'https://demoqa.com/' successfully

2022-11-29 19:55:27 - [TEST_STEP][PASSED] - maximizeWindow(): Current window maximized

2022-11-29 19:55:27 - [MESSAGE][PASSED] - Current window maximized

2022-11-29 19:55:27 - [TEST_STEP][PASSED] - waitForPageLoad(10): Wait for page load successfully

2022-11-29 19:55:27 - [MESSAGE][PASSED] - Wait for page load successfully

2022-11-29 19:55:27 - [TEST_STEP][PASSED] - Existe = waitForElementVisible(findTestObject("Condicionales/titulo1"), 5): Web element with id: 'Object Repository/Condicionales/titulo1' located by '//div[@class='main-header'][contains(.,'Radio Button')]' not found

2022-11-29 19:55:33 - [MESSAGE][INFO] - Unable to find the element located by 'By.xpath: //div[@class='main-header'][contains(.,'Radio Button')]'. Please recheck the objects properties to make sure the desired element is located. 

2022-11-29 19:55:33 - [MESSAGE][WARNING] - [SELF-HEALING] Failed to find element with id 'Object Repository/Condicionales/titulo1'. Try using Self-healing.

2022-11-29 19:55:34 - [MESSAGE][INFO] - [SELF-HEALING] No working XPath is found.

2022-11-29 19:55:35 - [MESSAGE][INFO] - Unable to find the element located by 'By.xpath: '. Please recheck the objects properties to make sure the desired element is located. 

2022-11-29 19:55:35 - [MESSAGE][WARNING] - [SELF-HEALING] Cannot find elements when the selector is null

2022-11-29 19:55:35 - [MESSAGE][WARNING] - Web element with id: 'Object Repository/Condicionales/titulo1' located by '//div[@class='main-header'][contains(.,'Radio Button')]' not found

2022-11-29 19:55:35 - [TEST_STEP][PASSED] - if (Existe == true): null

2022-11-29 19:55:35 - [TEST_STEP][PASSED] - else: Browser is closed

2022-11-29 19:55:35 - [TEST_STEP][PASSED] - print("No estas en la página correcta"): null

2022-11-29 19:55:35 - [TEST_STEP][PASSED] - closeBrowser(): Browser is closed

2022-11-29 19:55:36 - [MESSAGE][PASSED] - Browser is closed]]></system-out>
         <system-err><![CDATA[]]></system-err>
      </testcase>
      <testcase name="Test Cases/BUCLES/Reto_For" time="33.038" classname="Test Cases/BUCLES/Reto_For" status="PASSED">
         <system-out><![CDATA[2022-11-29 19:55:36 - [TEST_CASE][PASSED] - Test Cases/BUCLES/Reto_For: Test Cases/BUCLES/Reto_For

2022-11-29 19:55:37 - [TEST_STEP][PASSED] - openBrowser(""): Browser is opened with url: ''

2022-11-29 19:55:37 - [MESSAGE][INFO] - Starting 'Chrome' driver

2022-11-29 19:55:37 - [MESSAGE][INFO] - Action delay is set to 0 milliseconds

2022-11-29 19:55:39 - [MESSAGE][PASSED] - Browser is opened with url: ''

2022-11-29 19:55:39 - [TEST_STEP][PASSED] - navigateToUrl("https://demoqa.com/text-box"): Navigate to 'https://demoqa.com/text-box' successfully

2022-11-29 19:55:51 - [MESSAGE][PASSED] - Navigate to 'https://demoqa.com/text-box' successfully

2022-11-29 19:55:51 - [TEST_STEP][PASSED] - maximizeWindow(): Current window maximized

2022-11-29 19:55:51 - [MESSAGE][PASSED] - Current window maximized

2022-11-29 19:55:51 - [TEST_STEP][PASSED] - waitForPageLoad(5): Wait for page load successfully

2022-11-29 19:55:51 - [MESSAGE][PASSED] - Wait for page load successfully

2022-11-29 19:55:51 - [TEST_STEP][PASSED] - for ([x = 1, x <= 4, (x++)]): Browser is scrolled to position x = 0, y = 100

2022-11-29 19:55:51 - [TEST_STEP][PASSED] - z = ["Carlos", "Erika", "Paco", "Rodrigo", "Juan"]: null

2022-11-29 19:55:51 - [TEST_STEP][PASSED] - rn = new java.util.Random(): null

2022-11-29 19:55:51 - [TEST_STEP][PASSED] - tx_nombre = z[rn.nextInt(size)]: null

2022-11-29 19:55:51 - [TEST_STEP][PASSED] - setText(findTestObject("Object Repository/Reto_for/Page_ToolsQA/input_Full Name_userName"), tx_nombre): Text 'Rodrigo' is set on object 'Object Repository/Reto_for/Page_ToolsQA/input_Full Name_userName'

2022-11-29 19:55:52 - [MESSAGE][PASSED] - Text 'Rodrigo' is set on object 'Object Repository/Reto_for/Page_ToolsQA/input_Full Name_userName'

2022-11-29 19:55:52 - [TEST_STEP][PASSED] - setText(findTestObject("Object Repository/Reto_for/Page_ToolsQA/input_Email_userEmail"), tx_nombre + "@gmail.com"): Text 'Rodrigo@gmail.com' is set on object 'Object Repository/Reto_for/Page_ToolsQA/input_Email_userEmail'

2022-11-29 19:55:53 - [MESSAGE][PASSED] - Text 'Rodrigo@gmail.com' is set on object 'Object Repository/Reto_for/Page_ToolsQA/input_Email_userEmail'

2022-11-29 19:55:53 - [TEST_STEP][PASSED] - setText(findTestObject("Object Repository/Reto_for/Page_ToolsQA/textarea_Current Address_currentAddress"), "Dirección#" + x): Text 'Dirección#1' is set on object 'Object Repository/Reto_for/Page_ToolsQA/textarea_Current Address_currentAddress'

2022-11-29 19:55:54 - [MESSAGE][PASSED] - Text 'Dirección#1' is set on object 'Object Repository/Reto_for/Page_ToolsQA/textarea_Current Address_currentAddress'

2022-11-29 19:55:54 - [TEST_STEP][PASSED] - setText(findTestObject("Object Repository/Reto_for/Page_ToolsQA/textarea_Permanent Address_permanentAddress"), "Dirección dos#" + x): Text 'Dirección dos#1' is set on object 'Object Repository/Reto_for/Page_ToolsQA/textarea_Permanent Address_permanentAddress'

2022-11-29 19:55:55 - [MESSAGE][PASSED] - Text 'Dirección dos#1' is set on object 'Object Repository/Reto_for/Page_ToolsQA/textarea_Permanent Address_permanentAddress'

2022-11-29 19:55:55 - [TEST_STEP][PASSED] - scrollToPosition(0, 500): Browser is scrolled to position x = 0, y = 500

2022-11-29 19:55:55 - [MESSAGE][PASSED] - Browser is scrolled to position x = 0, y = 500

2022-11-29 19:55:55 - [TEST_STEP][PASSED] - click(findTestObject("Object Repository/Reto_for/Page_ToolsQA/button_Submit")): Object: 'Object Repository/Reto_for/Page_ToolsQA/button_Submit' is clicked on

2022-11-29 19:55:56 - [MESSAGE][PASSED] - Object: 'Object Repository/Reto_for/Page_ToolsQA/button_Submit' is clicked on

2022-11-29 19:55:56 - [TEST_STEP][PASSED] - scrollToPosition(0, 100): Browser is scrolled to position x = 0, y = 100

2022-11-29 19:55:56 - [MESSAGE][PASSED] - Browser is scrolled to position x = 0, y = 100

2022-11-29 19:55:56 - [TEST_STEP][PASSED] - z = ["Carlos", "Erika", "Paco", "Rodrigo", "Juan"]: null

2022-11-29 19:55:56 - [TEST_STEP][PASSED] - rn = new java.util.Random(): null

2022-11-29 19:55:56 - [TEST_STEP][PASSED] - tx_nombre = z[rn.nextInt(size)]: null

2022-11-29 19:55:56 - [TEST_STEP][PASSED] - setText(findTestObject("Object Repository/Reto_for/Page_ToolsQA/input_Full Name_userName"), tx_nombre): Text 'Paco' is set on object 'Object Repository/Reto_for/Page_ToolsQA/input_Full Name_userName'

2022-11-29 19:55:57 - [MESSAGE][PASSED] - Text 'Paco' is set on object 'Object Repository/Reto_for/Page_ToolsQA/input_Full Name_userName'

2022-11-29 19:55:57 - [TEST_STEP][PASSED] - setText(findTestObject("Object Repository/Reto_for/Page_ToolsQA/input_Email_userEmail"), tx_nombre + "@gmail.com"): Text 'Paco@gmail.com' is set on object 'Object Repository/Reto_for/Page_ToolsQA/input_Email_userEmail'

2022-11-29 19:55:58 - [MESSAGE][PASSED] - Text 'Paco@gmail.com' is set on object 'Object Repository/Reto_for/Page_ToolsQA/input_Email_userEmail'

2022-11-29 19:55:58 - [TEST_STEP][PASSED] - setText(findTestObject("Object Repository/Reto_for/Page_ToolsQA/textarea_Current Address_currentAddress"), "Dirección#" + x): Text 'Dirección#2' is set on object 'Object Repository/Reto_for/Page_ToolsQA/textarea_Current Address_currentAddress'

2022-11-29 19:55:59 - [MESSAGE][PASSED] - Text 'Dirección#2' is set on object 'Object Repository/Reto_for/Page_ToolsQA/textarea_Current Address_currentAddress'

2022-11-29 19:55:59 - [TEST_STEP][PASSED] - setText(findTestObject("Object Repository/Reto_for/Page_ToolsQA/textarea_Permanent Address_permanentAddress"), "Dirección dos#" + x): Text 'Dirección dos#2' is set on object 'Object Repository/Reto_for/Page_ToolsQA/textarea_Permanent Address_permanentAddress'

2022-11-29 19:56:00 - [MESSAGE][PASSED] - Text 'Dirección dos#2' is set on object 'Object Repository/Reto_for/Page_ToolsQA/textarea_Permanent Address_permanentAddress'

2022-11-29 19:56:00 - [TEST_STEP][PASSED] - scrollToPosition(0, 500): Browser is scrolled to position x = 0, y = 500

2022-11-29 19:56:00 - [MESSAGE][PASSED] - Browser is scrolled to position x = 0, y = 500

2022-11-29 19:56:00 - [TEST_STEP][PASSED] - click(findTestObject("Object Repository/Reto_for/Page_ToolsQA/button_Submit")): Object: 'Object Repository/Reto_for/Page_ToolsQA/button_Submit' is clicked on

2022-11-29 19:56:00 - [MESSAGE][PASSED] - Object: 'Object Repository/Reto_for/Page_ToolsQA/button_Submit' is clicked on

2022-11-29 19:56:00 - [TEST_STEP][PASSED] - scrollToPosition(0, 100): Browser is scrolled to position x = 0, y = 100

2022-11-29 19:56:00 - [MESSAGE][PASSED] - Browser is scrolled to position x = 0, y = 100

2022-11-29 19:56:00 - [TEST_STEP][PASSED] - z = ["Carlos", "Erika", "Paco", "Rodrigo", "Juan"]: null

2022-11-29 19:56:00 - [TEST_STEP][PASSED] - rn = new java.util.Random(): null

2022-11-29 19:56:00 - [TEST_STEP][PASSED] - tx_nombre = z[rn.nextInt(size)]: null

2022-11-29 19:56:00 - [TEST_STEP][PASSED] - setText(findTestObject("Object Repository/Reto_for/Page_ToolsQA/input_Full Name_userName"), tx_nombre): Text 'Paco' is set on object 'Object Repository/Reto_for/Page_ToolsQA/input_Full Name_userName'

2022-11-29 19:56:01 - [MESSAGE][PASSED] - Text 'Paco' is set on object 'Object Repository/Reto_for/Page_ToolsQA/input_Full Name_userName'

2022-11-29 19:56:01 - [TEST_STEP][PASSED] - setText(findTestObject("Object Repository/Reto_for/Page_ToolsQA/input_Email_userEmail"), tx_nombre + "@gmail.com"): Text 'Paco@gmail.com' is set on object 'Object Repository/Reto_for/Page_ToolsQA/input_Email_userEmail'

2022-11-29 19:56:02 - [MESSAGE][PASSED] - Text 'Paco@gmail.com' is set on object 'Object Repository/Reto_for/Page_ToolsQA/input_Email_userEmail'

2022-11-29 19:56:02 - [TEST_STEP][PASSED] - setText(findTestObject("Object Repository/Reto_for/Page_ToolsQA/textarea_Current Address_currentAddress"), "Dirección#" + x): Text 'Dirección#3' is set on object 'Object Repository/Reto_for/Page_ToolsQA/textarea_Current Address_currentAddress'

2022-11-29 19:56:03 - [MESSAGE][PASSED] - Text 'Dirección#3' is set on object 'Object Repository/Reto_for/Page_ToolsQA/textarea_Current Address_currentAddress'

2022-11-29 19:56:03 - [TEST_STEP][PASSED] - setText(findTestObject("Object Repository/Reto_for/Page_ToolsQA/textarea_Permanent Address_permanentAddress"), "Dirección dos#" + x): Text 'Dirección dos#3' is set on object 'Object Repository/Reto_for/Page_ToolsQA/textarea_Permanent Address_permanentAddress'

2022-11-29 19:56:04 - [MESSAGE][PASSED] - Text 'Dirección dos#3' is set on object 'Object Repository/Reto_for/Page_ToolsQA/textarea_Permanent Address_permanentAddress'

2022-11-29 19:56:04 - [TEST_STEP][PASSED] - scrollToPosition(0, 500): Browser is scrolled to position x = 0, y = 500

2022-11-29 19:56:04 - [MESSAGE][PASSED] - Browser is scrolled to position x = 0, y = 500

2022-11-29 19:56:04 - [TEST_STEP][PASSED] - click(findTestObject("Object Repository/Reto_for/Page_ToolsQA/button_Submit")): Object: 'Object Repository/Reto_for/Page_ToolsQA/button_Submit' is clicked on

2022-11-29 19:56:04 - [MESSAGE][PASSED] - Object: 'Object Repository/Reto_for/Page_ToolsQA/button_Submit' is clicked on

2022-11-29 19:56:04 - [TEST_STEP][PASSED] - scrollToPosition(0, 100): Browser is scrolled to position x = 0, y = 100

2022-11-29 19:56:04 - [MESSAGE][PASSED] - Browser is scrolled to position x = 0, y = 100

2022-11-29 19:56:04 - [TEST_STEP][PASSED] - z = ["Carlos", "Erika", "Paco", "Rodrigo", "Juan"]: null

2022-11-29 19:56:04 - [TEST_STEP][PASSED] - rn = new java.util.Random(): null

2022-11-29 19:56:04 - [TEST_STEP][PASSED] - tx_nombre = z[rn.nextInt(size)]: null

2022-11-29 19:56:04 - [TEST_STEP][PASSED] - setText(findTestObject("Object Repository/Reto_for/Page_ToolsQA/input_Full Name_userName"), tx_nombre): Text 'Paco' is set on object 'Object Repository/Reto_for/Page_ToolsQA/input_Full Name_userName'

2022-11-29 19:56:05 - [MESSAGE][PASSED] - Text 'Paco' is set on object 'Object Repository/Reto_for/Page_ToolsQA/input_Full Name_userName'

2022-11-29 19:56:05 - [TEST_STEP][PASSED] - setText(findTestObject("Object Repository/Reto_for/Page_ToolsQA/input_Email_userEmail"), tx_nombre + "@gmail.com"): Text 'Paco@gmail.com' is set on object 'Object Repository/Reto_for/Page_ToolsQA/input_Email_userEmail'

2022-11-29 19:56:06 - [MESSAGE][PASSED] - Text 'Paco@gmail.com' is set on object 'Object Repository/Reto_for/Page_ToolsQA/input_Email_userEmail'

2022-11-29 19:56:06 - [TEST_STEP][PASSED] - setText(findTestObject("Object Repository/Reto_for/Page_ToolsQA/textarea_Current Address_currentAddress"), "Dirección#" + x): Text 'Dirección#4' is set on object 'Object Repository/Reto_for/Page_ToolsQA/textarea_Current Address_currentAddress'

2022-11-29 19:56:07 - [MESSAGE][PASSED] - Text 'Dirección#4' is set on object 'Object Repository/Reto_for/Page_ToolsQA/textarea_Current Address_currentAddress'

2022-11-29 19:56:07 - [TEST_STEP][PASSED] - setText(findTestObject("Object Repository/Reto_for/Page_ToolsQA/textarea_Permanent Address_permanentAddress"), "Dirección dos#" + x): Text 'Dirección dos#4' is set on object 'Object Repository/Reto_for/Page_ToolsQA/textarea_Permanent Address_permanentAddress'

2022-11-29 19:56:08 - [MESSAGE][PASSED] - Text 'Dirección dos#4' is set on object 'Object Repository/Reto_for/Page_ToolsQA/textarea_Permanent Address_permanentAddress'

2022-11-29 19:56:08 - [TEST_STEP][PASSED] - scrollToPosition(0, 500): Browser is scrolled to position x = 0, y = 500

2022-11-29 19:56:08 - [MESSAGE][PASSED] - Browser is scrolled to position x = 0, y = 500

2022-11-29 19:56:08 - [TEST_STEP][PASSED] - click(findTestObject("Object Repository/Reto_for/Page_ToolsQA/button_Submit")): Object: 'Object Repository/Reto_for/Page_ToolsQA/button_Submit' is clicked on

2022-11-29 19:56:09 - [MESSAGE][PASSED] - Object: 'Object Repository/Reto_for/Page_ToolsQA/button_Submit' is clicked on

2022-11-29 19:56:09 - [TEST_STEP][PASSED] - scrollToPosition(0, 100): Browser is scrolled to position x = 0, y = 100

2022-11-29 19:56:09 - [MESSAGE][PASSED] - Browser is scrolled to position x = 0, y = 100

2022-11-29 19:56:09 - [TEST_STEP][PASSED] - closeBrowser(): Browser is closed

2022-11-29 19:56:09 - [MESSAGE][PASSED] - Browser is closed]]></system-out>
         <system-err><![CDATA[]]></system-err>
      </testcase>
      <testcase name="Test Cases/BUCLES/Reto_while" time="51.68" classname="Test Cases/BUCLES/Reto_while" status="PASSED">
         <system-out><![CDATA[2022-11-29 19:56:09 - [TEST_CASE][PASSED] - Test Cases/BUCLES/Reto_while: Test Cases/BUCLES/Reto_while

2022-11-29 19:56:10 - [TEST_STEP][PASSED] - openBrowser(""): Browser is opened with url: ''

2022-11-29 19:56:10 - [MESSAGE][INFO] - Starting 'Chrome' driver

2022-11-29 19:56:10 - [MESSAGE][INFO] - Action delay is set to 0 milliseconds

2022-11-29 19:56:12 - [MESSAGE][PASSED] - Browser is opened with url: ''

2022-11-29 19:56:12 - [TEST_STEP][PASSED] - navigateToUrl("https://www.google.com/"): Navigate to 'https://www.google.com/' successfully

2022-11-29 19:56:15 - [MESSAGE][PASSED] - Navigate to 'https://www.google.com/' successfully

2022-11-29 19:56:15 - [TEST_STEP][PASSED] - Bandera = 0: null

2022-11-29 19:56:15 - [TEST_STEP][PASSED] - while (Bandera != 1): null

2022-11-29 19:56:15 - [TEST_STEP][PASSED] - num = Math.random() * 5 - 1 + 1: null

2022-11-29 19:56:15 - [TEST_STEP][PASSED] - setText(findTestObject("Object Repository/While_google/Page_Google/input__q"), "5+" + num): Text '5+1' is set on object 'Object Repository/While_google/Page_Google/input__q'

2022-11-29 19:56:15 - [MESSAGE][PASSED] - Text '5+1' is set on object 'Object Repository/While_google/Page_Google/input__q'

2022-11-29 19:56:15 - [TEST_STEP][PASSED] - sendKeys(findTestObject("Object Repository/While_google/Page_Google/input__q"), Keys.chord(ENTER)): Keys 'ENTER + ' sent to object: 'Object Repository/While_google/Page_Google/input__q'

2022-11-29 19:56:24 - [MESSAGE][PASSED] - Keys 'ENTER + ' sent to object: 'Object Repository/While_google/Page_Google/input__q'

2022-11-29 19:56:24 - [TEST_STEP][PASSED] - Resultado = getText(findTestObject("While_google/Extras/Resultado_10")): Text of object 'Object Repository/While_google/Extras/Resultado_10' is: '6'

2022-11-29 19:56:24 - [MESSAGE][PASSED] - Text of object 'Object Repository/While_google/Extras/Resultado_10' is: '6'

2022-11-29 19:56:24 - [TEST_STEP][PASSED] - if (Resultado == "8"): null

2022-11-29 19:56:24 - [TEST_STEP][PASSED] - else: null

2022-11-29 19:56:24 - [TEST_STEP][PASSED] - Bandera = 0: null

2022-11-29 19:56:24 - [TEST_STEP][PASSED] - print(Bandera + "------"): null

2022-11-29 19:56:24 - [TEST_STEP][PASSED] - num = Math.random() * 5 - 1 + 1: null

2022-11-29 19:56:24 - [TEST_STEP][PASSED] - setText(findTestObject("Object Repository/While_google/Page_Google/input__q"), "5+" + num): Text '5+1' is set on object 'Object Repository/While_google/Page_Google/input__q'

2022-11-29 19:56:25 - [MESSAGE][PASSED] - Text '5+1' is set on object 'Object Repository/While_google/Page_Google/input__q'

2022-11-29 19:56:25 - [TEST_STEP][PASSED] - sendKeys(findTestObject("Object Repository/While_google/Page_Google/input__q"), Keys.chord(ENTER)): Keys 'ENTER + ' sent to object: 'Object Repository/While_google/Page_Google/input__q'

2022-11-29 19:56:29 - [MESSAGE][PASSED] - Keys 'ENTER + ' sent to object: 'Object Repository/While_google/Page_Google/input__q'

2022-11-29 19:56:29 - [TEST_STEP][PASSED] - Resultado = getText(findTestObject("While_google/Extras/Resultado_10")): Text of object 'Object Repository/While_google/Extras/Resultado_10' is: '6'

2022-11-29 19:56:30 - [MESSAGE][PASSED] - Text of object 'Object Repository/While_google/Extras/Resultado_10' is: '6'

2022-11-29 19:56:30 - [TEST_STEP][PASSED] - if (Resultado == "8"): null

2022-11-29 19:56:30 - [TEST_STEP][PASSED] - else: null

2022-11-29 19:56:30 - [TEST_STEP][PASSED] - Bandera = 0: null

2022-11-29 19:56:30 - [TEST_STEP][PASSED] - print(Bandera + "------"): null

2022-11-29 19:56:30 - [TEST_STEP][PASSED] - num = Math.random() * 5 - 1 + 1: null

2022-11-29 19:56:30 - [TEST_STEP][PASSED] - setText(findTestObject("Object Repository/While_google/Page_Google/input__q"), "5+" + num): Text '5+2' is set on object 'Object Repository/While_google/Page_Google/input__q'

2022-11-29 19:56:31 - [MESSAGE][PASSED] - Text '5+2' is set on object 'Object Repository/While_google/Page_Google/input__q'

2022-11-29 19:56:31 - [TEST_STEP][PASSED] - sendKeys(findTestObject("Object Repository/While_google/Page_Google/input__q"), Keys.chord(ENTER)): Keys 'ENTER + ' sent to object: 'Object Repository/While_google/Page_Google/input__q'

2022-11-29 19:56:37 - [MESSAGE][PASSED] - Keys 'ENTER + ' sent to object: 'Object Repository/While_google/Page_Google/input__q'

2022-11-29 19:56:37 - [TEST_STEP][PASSED] - Resultado = getText(findTestObject("While_google/Extras/Resultado_10")): Text of object 'Object Repository/While_google/Extras/Resultado_10' is: '7'

2022-11-29 19:56:37 - [MESSAGE][PASSED] - Text of object 'Object Repository/While_google/Extras/Resultado_10' is: '7'

2022-11-29 19:56:37 - [TEST_STEP][PASSED] - if (Resultado == "8"): null

2022-11-29 19:56:37 - [TEST_STEP][PASSED] - else: null

2022-11-29 19:56:37 - [TEST_STEP][PASSED] - Bandera = 0: null

2022-11-29 19:56:37 - [TEST_STEP][PASSED] - print(Bandera + "------"): null

2022-11-29 19:56:37 - [TEST_STEP][PASSED] - num = Math.random() * 5 - 1 + 1: null

2022-11-29 19:56:37 - [TEST_STEP][PASSED] - setText(findTestObject("Object Repository/While_google/Page_Google/input__q"), "5+" + num): Text '5+1' is set on object 'Object Repository/While_google/Page_Google/input__q'

2022-11-29 19:56:38 - [MESSAGE][PASSED] - Text '5+1' is set on object 'Object Repository/While_google/Page_Google/input__q'

2022-11-29 19:56:38 - [TEST_STEP][PASSED] - sendKeys(findTestObject("Object Repository/While_google/Page_Google/input__q"), Keys.chord(ENTER)): Keys 'ENTER + ' sent to object: 'Object Repository/While_google/Page_Google/input__q'

2022-11-29 19:56:44 - [MESSAGE][PASSED] - Keys 'ENTER + ' sent to object: 'Object Repository/While_google/Page_Google/input__q'

2022-11-29 19:56:44 - [TEST_STEP][PASSED] - Resultado = getText(findTestObject("While_google/Extras/Resultado_10")): Text of object 'Object Repository/While_google/Extras/Resultado_10' is: '6'

2022-11-29 19:56:45 - [MESSAGE][PASSED] - Text of object 'Object Repository/While_google/Extras/Resultado_10' is: '6'

2022-11-29 19:56:45 - [TEST_STEP][PASSED] - if (Resultado == "8"): null

2022-11-29 19:56:45 - [TEST_STEP][PASSED] - else: null

2022-11-29 19:56:45 - [TEST_STEP][PASSED] - Bandera = 0: null

2022-11-29 19:56:45 - [TEST_STEP][PASSED] - print(Bandera + "------"): null

2022-11-29 19:56:45 - [TEST_STEP][PASSED] - num = Math.random() * 5 - 1 + 1: null

2022-11-29 19:56:45 - [TEST_STEP][PASSED] - setText(findTestObject("Object Repository/While_google/Page_Google/input__q"), "5+" + num): Text '5+2' is set on object 'Object Repository/While_google/Page_Google/input__q'

2022-11-29 19:56:46 - [MESSAGE][PASSED] - Text '5+2' is set on object 'Object Repository/While_google/Page_Google/input__q'

2022-11-29 19:56:46 - [TEST_STEP][PASSED] - sendKeys(findTestObject("Object Repository/While_google/Page_Google/input__q"), Keys.chord(ENTER)): Keys 'ENTER + ' sent to object: 'Object Repository/While_google/Page_Google/input__q'

2022-11-29 19:56:47 - [MESSAGE][PASSED] - Keys 'ENTER + ' sent to object: 'Object Repository/While_google/Page_Google/input__q'

2022-11-29 19:56:47 - [TEST_STEP][PASSED] - Resultado = getText(findTestObject("While_google/Extras/Resultado_10")): Text of object 'Object Repository/While_google/Extras/Resultado_10' is: '7'

2022-11-29 19:56:49 - [MESSAGE][PASSED] - Text of object 'Object Repository/While_google/Extras/Resultado_10' is: '7'

2022-11-29 19:56:49 - [TEST_STEP][PASSED] - if (Resultado == "8"): null

2022-11-29 19:56:49 - [TEST_STEP][PASSED] - else: null

2022-11-29 19:56:49 - [TEST_STEP][PASSED] - Bandera = 0: null

2022-11-29 19:56:49 - [TEST_STEP][PASSED] - print(Bandera + "------"): null

2022-11-29 19:56:49 - [TEST_STEP][PASSED] - num = Math.random() * 5 - 1 + 1: null

2022-11-29 19:56:49 - [TEST_STEP][PASSED] - setText(findTestObject("Object Repository/While_google/Page_Google/input__q"), "5+" + num): Text '5+2' is set on object 'Object Repository/While_google/Page_Google/input__q'

2022-11-29 19:56:51 - [MESSAGE][PASSED] - Text '5+2' is set on object 'Object Repository/While_google/Page_Google/input__q'

2022-11-29 19:56:51 - [TEST_STEP][PASSED] - sendKeys(findTestObject("Object Repository/While_google/Page_Google/input__q"), Keys.chord(ENTER)): Keys 'ENTER + ' sent to object: 'Object Repository/While_google/Page_Google/input__q'

2022-11-29 19:56:52 - [MESSAGE][PASSED] - Keys 'ENTER + ' sent to object: 'Object Repository/While_google/Page_Google/input__q'

2022-11-29 19:56:52 - [TEST_STEP][PASSED] - Resultado = getText(findTestObject("While_google/Extras/Resultado_10")): Text of object 'Object Repository/While_google/Extras/Resultado_10' is: '7'

2022-11-29 19:56:54 - [MESSAGE][PASSED] - Text of object 'Object Repository/While_google/Extras/Resultado_10' is: '7'

2022-11-29 19:56:54 - [TEST_STEP][PASSED] - if (Resultado == "8"): null

2022-11-29 19:56:54 - [TEST_STEP][PASSED] - else: null

2022-11-29 19:56:54 - [TEST_STEP][PASSED] - Bandera = 0: null

2022-11-29 19:56:54 - [TEST_STEP][PASSED] - print(Bandera + "------"): null

2022-11-29 19:56:54 - [TEST_STEP][PASSED] - num = Math.random() * 5 - 1 + 1: null

2022-11-29 19:56:54 - [TEST_STEP][PASSED] - setText(findTestObject("Object Repository/While_google/Page_Google/input__q"), "5+" + num): Text '5+3' is set on object 'Object Repository/While_google/Page_Google/input__q'

2022-11-29 19:56:56 - [MESSAGE][PASSED] - Text '5+3' is set on object 'Object Repository/While_google/Page_Google/input__q'

2022-11-29 19:56:56 - [TEST_STEP][PASSED] - sendKeys(findTestObject("Object Repository/While_google/Page_Google/input__q"), Keys.chord(ENTER)): Keys 'ENTER + ' sent to object: 'Object Repository/While_google/Page_Google/input__q'

2022-11-29 19:57:00 - [MESSAGE][PASSED] - Keys 'ENTER + ' sent to object: 'Object Repository/While_google/Page_Google/input__q'

2022-11-29 19:57:00 - [TEST_STEP][PASSED] - Resultado = getText(findTestObject("While_google/Extras/Resultado_10")): Text of object 'Object Repository/While_google/Extras/Resultado_10' is: '8'

2022-11-29 19:57:00 - [MESSAGE][PASSED] - Text of object 'Object Repository/While_google/Extras/Resultado_10' is: '8'

2022-11-29 19:57:00 - [TEST_STEP][PASSED] - if (Resultado == "8"): Browser is closed

2022-11-29 19:57:00 - [TEST_STEP][PASSED] - Bandera = 1: null

2022-11-29 19:57:00 - [TEST_STEP][PASSED] - print("Listo termina"): null

2022-11-29 19:57:00 - [TEST_STEP][PASSED] - closeBrowser(): Browser is closed

2022-11-29 19:57:01 - [MESSAGE][PASSED] - Browser is closed

2022-11-29 19:57:01 - [TEST_STEP][PASSED] - print(Bandera + "------"): null]]></system-out>
         <system-err><![CDATA[]]></system-err>
      </testcase>
      <testcase name="Test Cases/BUCLES/Reto_while_solucion" time="64.246" classname="Test Cases/BUCLES/Reto_while_solucion" status="PASSED">
         <system-out><![CDATA[2022-11-29 19:57:01 - [TEST_CASE][PASSED] - Test Cases/BUCLES/Reto_while_solucion: Test Cases/BUCLES/Reto_while_solucion

2022-11-29 19:57:02 - [TEST_STEP][PASSED] - openBrowser(""): Browser is opened with url: ''

2022-11-29 19:57:02 - [MESSAGE][INFO] - Starting 'Chrome' driver

2022-11-29 19:57:02 - [MESSAGE][INFO] - Action delay is set to 0 milliseconds

2022-11-29 19:57:03 - [MESSAGE][PASSED] - Browser is opened with url: ''

2022-11-29 19:57:03 - [TEST_STEP][PASSED] - navigateToUrl("https://www.google.com/"): Navigate to 'https://www.google.com/' successfully

2022-11-29 19:57:06 - [MESSAGE][PASSED] - Navigate to 'https://www.google.com/' successfully

2022-11-29 19:57:06 - [TEST_STEP][PASSED] - Res = 0: null

2022-11-29 19:57:06 - [TEST_STEP][PASSED] - while (Res != 8): Browser is closed

2022-11-29 19:57:06 - [TEST_STEP][PASSED] - num = Math.random() * 5 - 1 + 1: null

2022-11-29 19:57:06 - [TEST_STEP][PASSED] - setText(findTestObject("Object Repository/Reto_while1/Page_Google/input__q"), "5+" + num): Text '5+2' is set on object 'Object Repository/Reto_while1/Page_Google/input__q'

2022-11-29 19:57:10 - [MESSAGE][PASSED] - Text '5+2' is set on object 'Object Repository/Reto_while1/Page_Google/input__q'

2022-11-29 19:57:10 - [TEST_STEP][PASSED] - sendKeys(findTestObject("Object Repository/Reto_while1/Page_Google/input__q"), Keys.chord(ENTER)): Keys 'ENTER + ' sent to object: 'Object Repository/Reto_while1/Page_Google/input__q'

2022-11-29 19:57:20 - [MESSAGE][PASSED] - Keys 'ENTER + ' sent to object: 'Object Repository/Reto_while1/Page_Google/input__q'

2022-11-29 19:57:20 - [TEST_STEP][PASSED] - Res = getText(findTestObject("Reto_while1/Resultado_8")).toInteger(): Text of object 'Object Repository/Reto_while1/Resultado_8' is: '7'

2022-11-29 19:57:21 - [MESSAGE][PASSED] - Text of object 'Object Repository/Reto_while1/Resultado_8' is: '7'

2022-11-29 19:57:21 - [TEST_STEP][PASSED] - if (Res == 8): null

2022-11-29 19:57:21 - [TEST_STEP][PASSED] - num = Math.random() * 5 - 1 + 1: null

2022-11-29 19:57:21 - [TEST_STEP][PASSED] - setText(findTestObject("Object Repository/Reto_while1/Page_Google/input__q"), "5+" + num): Text '5+2' is set on object 'Object Repository/Reto_while1/Page_Google/input__q'

2022-11-29 19:57:21 - [MESSAGE][PASSED] - Text '5+2' is set on object 'Object Repository/Reto_while1/Page_Google/input__q'

2022-11-29 19:57:21 - [TEST_STEP][PASSED] - sendKeys(findTestObject("Object Repository/Reto_while1/Page_Google/input__q"), Keys.chord(ENTER)): Keys 'ENTER + ' sent to object: 'Object Repository/Reto_while1/Page_Google/input__q'

2022-11-29 19:57:25 - [MESSAGE][PASSED] - Keys 'ENTER + ' sent to object: 'Object Repository/Reto_while1/Page_Google/input__q'

2022-11-29 19:57:25 - [TEST_STEP][PASSED] - Res = getText(findTestObject("Reto_while1/Resultado_8")).toInteger(): Text of object 'Object Repository/Reto_while1/Resultado_8' is: '7'

2022-11-29 19:57:26 - [MESSAGE][PASSED] - Text of object 'Object Repository/Reto_while1/Resultado_8' is: '7'

2022-11-29 19:57:26 - [TEST_STEP][PASSED] - if (Res == 8): null

2022-11-29 19:57:26 - [TEST_STEP][PASSED] - num = Math.random() * 5 - 1 + 1: null

2022-11-29 19:57:26 - [TEST_STEP][PASSED] - setText(findTestObject("Object Repository/Reto_while1/Page_Google/input__q"), "5+" + num): Text '5+1' is set on object 'Object Repository/Reto_while1/Page_Google/input__q'

2022-11-29 19:57:27 - [MESSAGE][PASSED] - Text '5+1' is set on object 'Object Repository/Reto_while1/Page_Google/input__q'

2022-11-29 19:57:27 - [TEST_STEP][PASSED] - sendKeys(findTestObject("Object Repository/Reto_while1/Page_Google/input__q"), Keys.chord(ENTER)): Keys 'ENTER + ' sent to object: 'Object Repository/Reto_while1/Page_Google/input__q'

2022-11-29 19:57:28 - [MESSAGE][PASSED] - Keys 'ENTER + ' sent to object: 'Object Repository/Reto_while1/Page_Google/input__q'

2022-11-29 19:57:28 - [TEST_STEP][PASSED] - Res = getText(findTestObject("Reto_while1/Resultado_8")).toInteger(): Text of object 'Object Repository/Reto_while1/Resultado_8' is: '6'

2022-11-29 19:57:30 - [MESSAGE][PASSED] - Text of object 'Object Repository/Reto_while1/Resultado_8' is: '6'

2022-11-29 19:57:30 - [TEST_STEP][PASSED] - if (Res == 8): null

2022-11-29 19:57:30 - [TEST_STEP][PASSED] - num = Math.random() * 5 - 1 + 1: null

2022-11-29 19:57:30 - [TEST_STEP][PASSED] - setText(findTestObject("Object Repository/Reto_while1/Page_Google/input__q"), "5+" + num): Text '5+1' is set on object 'Object Repository/Reto_while1/Page_Google/input__q'

2022-11-29 19:57:32 - [MESSAGE][PASSED] - Text '5+1' is set on object 'Object Repository/Reto_while1/Page_Google/input__q'

2022-11-29 19:57:32 - [TEST_STEP][PASSED] - sendKeys(findTestObject("Object Repository/Reto_while1/Page_Google/input__q"), Keys.chord(ENTER)): Keys 'ENTER + ' sent to object: 'Object Repository/Reto_while1/Page_Google/input__q'

2022-11-29 19:57:36 - [MESSAGE][PASSED] - Keys 'ENTER + ' sent to object: 'Object Repository/Reto_while1/Page_Google/input__q'

2022-11-29 19:57:36 - [TEST_STEP][PASSED] - Res = getText(findTestObject("Reto_while1/Resultado_8")).toInteger(): Text of object 'Object Repository/Reto_while1/Resultado_8' is: '6'

2022-11-29 19:57:36 - [MESSAGE][PASSED] - Text of object 'Object Repository/Reto_while1/Resultado_8' is: '6'

2022-11-29 19:57:36 - [TEST_STEP][PASSED] - if (Res == 8): null

2022-11-29 19:57:36 - [TEST_STEP][PASSED] - num = Math.random() * 5 - 1 + 1: null

2022-11-29 19:57:36 - [TEST_STEP][PASSED] - setText(findTestObject("Object Repository/Reto_while1/Page_Google/input__q"), "5+" + num): Text '5+2' is set on object 'Object Repository/Reto_while1/Page_Google/input__q'

2022-11-29 19:57:37 - [MESSAGE][PASSED] - Text '5+2' is set on object 'Object Repository/Reto_while1/Page_Google/input__q'

2022-11-29 19:57:37 - [TEST_STEP][PASSED] - sendKeys(findTestObject("Object Repository/Reto_while1/Page_Google/input__q"), Keys.chord(ENTER)): Keys 'ENTER + ' sent to object: 'Object Repository/Reto_while1/Page_Google/input__q'

2022-11-29 19:57:41 - [MESSAGE][PASSED] - Keys 'ENTER + ' sent to object: 'Object Repository/Reto_while1/Page_Google/input__q'

2022-11-29 19:57:41 - [TEST_STEP][PASSED] - Res = getText(findTestObject("Reto_while1/Resultado_8")).toInteger(): Text of object 'Object Repository/Reto_while1/Resultado_8' is: '7'

2022-11-29 19:57:41 - [MESSAGE][PASSED] - Text of object 'Object Repository/Reto_while1/Resultado_8' is: '7'

2022-11-29 19:57:41 - [TEST_STEP][PASSED] - if (Res == 8): null

2022-11-29 19:57:41 - [TEST_STEP][PASSED] - num = Math.random() * 5 - 1 + 1: null

2022-11-29 19:57:41 - [TEST_STEP][PASSED] - setText(findTestObject("Object Repository/Reto_while1/Page_Google/input__q"), "5+" + num): Text '5+2' is set on object 'Object Repository/Reto_while1/Page_Google/input__q'

2022-11-29 19:57:42 - [MESSAGE][PASSED] - Text '5+2' is set on object 'Object Repository/Reto_while1/Page_Google/input__q'

2022-11-29 19:57:42 - [TEST_STEP][PASSED] - sendKeys(findTestObject("Object Repository/Reto_while1/Page_Google/input__q"), Keys.chord(ENTER)): Keys 'ENTER + ' sent to object: 'Object Repository/Reto_while1/Page_Google/input__q'

2022-11-29 19:57:46 - [MESSAGE][PASSED] - Keys 'ENTER + ' sent to object: 'Object Repository/Reto_while1/Page_Google/input__q'

2022-11-29 19:57:46 - [TEST_STEP][PASSED] - Res = getText(findTestObject("Reto_while1/Resultado_8")).toInteger(): Text of object 'Object Repository/Reto_while1/Resultado_8' is: '7'

2022-11-29 19:57:47 - [MESSAGE][PASSED] - Text of object 'Object Repository/Reto_while1/Resultado_8' is: '7'

2022-11-29 19:57:47 - [TEST_STEP][PASSED] - if (Res == 8): null

2022-11-29 19:57:47 - [TEST_STEP][PASSED] - num = Math.random() * 5 - 1 + 1: null

2022-11-29 19:57:47 - [TEST_STEP][PASSED] - setText(findTestObject("Object Repository/Reto_while1/Page_Google/input__q"), "5+" + num): Text '5+2' is set on object 'Object Repository/Reto_while1/Page_Google/input__q'

2022-11-29 19:57:48 - [MESSAGE][PASSED] - Text '5+2' is set on object 'Object Repository/Reto_while1/Page_Google/input__q'

2022-11-29 19:57:48 - [TEST_STEP][PASSED] - sendKeys(findTestObject("Object Repository/Reto_while1/Page_Google/input__q"), Keys.chord(ENTER)): Keys 'ENTER + ' sent to object: 'Object Repository/Reto_while1/Page_Google/input__q'

2022-11-29 19:57:52 - [MESSAGE][PASSED] - Keys 'ENTER + ' sent to object: 'Object Repository/Reto_while1/Page_Google/input__q'

2022-11-29 19:57:52 - [TEST_STEP][PASSED] - Res = getText(findTestObject("Reto_while1/Resultado_8")).toInteger(): Text of object 'Object Repository/Reto_while1/Resultado_8' is: '7'

2022-11-29 19:57:52 - [MESSAGE][PASSED] - Text of object 'Object Repository/Reto_while1/Resultado_8' is: '7'

2022-11-29 19:57:52 - [TEST_STEP][PASSED] - if (Res == 8): null

2022-11-29 19:57:52 - [TEST_STEP][PASSED] - num = Math.random() * 5 - 1 + 1: null

2022-11-29 19:57:52 - [TEST_STEP][PASSED] - setText(findTestObject("Object Repository/Reto_while1/Page_Google/input__q"), "5+" + num): Text '5+4' is set on object 'Object Repository/Reto_while1/Page_Google/input__q'

2022-11-29 19:57:53 - [MESSAGE][PASSED] - Text '5+4' is set on object 'Object Repository/Reto_while1/Page_Google/input__q'

2022-11-29 19:57:53 - [TEST_STEP][PASSED] - sendKeys(findTestObject("Object Repository/Reto_while1/Page_Google/input__q"), Keys.chord(ENTER)): Keys 'ENTER + ' sent to object: 'Object Repository/Reto_while1/Page_Google/input__q'

2022-11-29 19:58:00 - [MESSAGE][PASSED] - Keys 'ENTER + ' sent to object: 'Object Repository/Reto_while1/Page_Google/input__q'

2022-11-29 19:58:00 - [TEST_STEP][PASSED] - Res = getText(findTestObject("Reto_while1/Resultado_8")).toInteger(): Text of object 'Object Repository/Reto_while1/Resultado_8' is: '9'

2022-11-29 19:58:00 - [MESSAGE][PASSED] - Text of object 'Object Repository/Reto_while1/Resultado_8' is: '9'

2022-11-29 19:58:00 - [TEST_STEP][PASSED] - if (Res == 8): null

2022-11-29 19:58:00 - [TEST_STEP][PASSED] - num = Math.random() * 5 - 1 + 1: null

2022-11-29 19:58:00 - [TEST_STEP][PASSED] - setText(findTestObject("Object Repository/Reto_while1/Page_Google/input__q"), "5+" + num): Text '5+3' is set on object 'Object Repository/Reto_while1/Page_Google/input__q'

2022-11-29 19:58:01 - [MESSAGE][PASSED] - Text '5+3' is set on object 'Object Repository/Reto_while1/Page_Google/input__q'

2022-11-29 19:58:01 - [TEST_STEP][PASSED] - sendKeys(findTestObject("Object Repository/Reto_while1/Page_Google/input__q"), Keys.chord(ENTER)): Keys 'ENTER + ' sent to object: 'Object Repository/Reto_while1/Page_Google/input__q'

2022-11-29 19:58:03 - [MESSAGE][PASSED] - Keys 'ENTER + ' sent to object: 'Object Repository/Reto_while1/Page_Google/input__q'

2022-11-29 19:58:03 - [TEST_STEP][PASSED] - Res = getText(findTestObject("Reto_while1/Resultado_8")).toInteger(): Text of object 'Object Repository/Reto_while1/Resultado_8' is: '8'

2022-11-29 19:58:04 - [MESSAGE][PASSED] - Text of object 'Object Repository/Reto_while1/Resultado_8' is: '8'

2022-11-29 19:58:04 - [TEST_STEP][PASSED] - if (Res == 8): Browser is closed

2022-11-29 19:58:04 - [TEST_STEP][PASSED] - closeBrowser(): Browser is closed

2022-11-29 19:58:05 - [MESSAGE][PASSED] - Browser is closed]]></system-out>
         <system-err><![CDATA[]]></system-err>
      </testcase>
      <testcase name="Test Cases/BUCLES/Test_1" time="49.256" classname="Test Cases/BUCLES/Test_1" status="PASSED">
         <system-out><![CDATA[2022-11-29 19:58:05 - [TEST_CASE][PASSED] - Test Cases/BUCLES/Test_1: Test Cases/BUCLES/Test_1

2022-11-29 19:58:06 - [TEST_STEP][PASSED] - openBrowser(""): Browser is opened with url: ''

2022-11-29 19:58:06 - [MESSAGE][INFO] - Starting 'Chrome' driver

2022-11-29 19:58:06 - [MESSAGE][INFO] - Action delay is set to 0 milliseconds

2022-11-29 19:58:08 - [MESSAGE][PASSED] - Browser is opened with url: ''

2022-11-29 19:58:08 - [TEST_STEP][PASSED] - navigateToUrl("https://demoqa.com/text-box"): Navigate to 'https://demoqa.com/text-box' successfully

2022-11-29 19:58:24 - [MESSAGE][PASSED] - Navigate to 'https://demoqa.com/text-box' successfully

2022-11-29 19:58:24 - [TEST_STEP][PASSED] - for ([x = 1, x <= 2, (x++)]): null

2022-11-29 19:58:24 - [TEST_STEP][PASSED] - openBrowser(""): Browser is opened with url: ''

2022-11-29 19:58:24 - [MESSAGE][WARNING] - A browser is already opened. Closing browser and opening a new one

2022-11-29 19:58:25 - [MESSAGE][INFO] - Starting 'Chrome' driver

2022-11-29 19:58:25 - [MESSAGE][INFO] - Action delay is set to 0 milliseconds

2022-11-29 19:58:27 - [MESSAGE][PASSED] - Browser is opened with url: ''

2022-11-29 19:58:27 - [TEST_STEP][PASSED] - navigateToUrl("https://demoqa.com/text-box"): Navigate to 'https://demoqa.com/text-box' successfully

2022-11-29 19:58:40 - [MESSAGE][PASSED] - Navigate to 'https://demoqa.com/text-box' successfully

2022-11-29 19:58:40 - [TEST_STEP][PASSED] - RN = Math.random() * 10 - 1 + 1: null

2022-11-29 19:58:40 - [TEST_STEP][PASSED] - print("Numero : " + RN + "----"): null

2022-11-29 19:58:40 - [TEST_STEP][PASSED] - z = ["Demo1", "Demo2", "Demo3", "Demo4", "Demo5"]: null

2022-11-29 19:58:40 - [TEST_STEP][PASSED] - rnd = new java.util.Random(): null

2022-11-29 19:58:40 - [TEST_STEP][PASSED] - texto = z[rnd.nextInt(size)]: null

2022-11-29 19:58:40 - [TEST_STEP][PASSED] - print(texto): null

2022-11-29 19:58:40 - [TEST_STEP][PASSED] - openBrowser(""): Browser is opened with url: ''

2022-11-29 19:58:40 - [MESSAGE][WARNING] - A browser is already opened. Closing browser and opening a new one

2022-11-29 19:58:41 - [MESSAGE][INFO] - Starting 'Chrome' driver

2022-11-29 19:58:41 - [MESSAGE][INFO] - Action delay is set to 0 milliseconds

2022-11-29 19:58:42 - [MESSAGE][PASSED] - Browser is opened with url: ''

2022-11-29 19:58:42 - [TEST_STEP][PASSED] - navigateToUrl("https://demoqa.com/text-box"): Navigate to 'https://demoqa.com/text-box' successfully

2022-11-29 19:58:54 - [MESSAGE][PASSED] - Navigate to 'https://demoqa.com/text-box' successfully

2022-11-29 19:58:54 - [TEST_STEP][PASSED] - RN = Math.random() * 10 - 1 + 1: null

2022-11-29 19:58:54 - [TEST_STEP][PASSED] - print("Numero : " + RN + "----"): null

2022-11-29 19:58:54 - [TEST_STEP][PASSED] - z = ["Demo1", "Demo2", "Demo3", "Demo4", "Demo5"]: null

2022-11-29 19:58:54 - [TEST_STEP][PASSED] - rnd = new java.util.Random(): null

2022-11-29 19:58:54 - [TEST_STEP][PASSED] - texto = z[rnd.nextInt(size)]: null

2022-11-29 19:58:54 - [TEST_STEP][PASSED] - print(texto): null

2022-11-29 19:58:54 - [TEST_STEP][PASSED] - closeBrowser(): Browser is closed

2022-11-29 19:58:55 - [MESSAGE][PASSED] - Browser is closed]]></system-out>
         <system-err><![CDATA[]]></system-err>
      </testcase>
      <testcase name="Test Cases/BUCLES/Test_2" time="16.138" classname="Test Cases/BUCLES/Test_2" status="PASSED">
         <system-out><![CDATA[2022-11-29 19:58:55 - [TEST_CASE][PASSED] - Test Cases/BUCLES/Test_2: Test Cases/BUCLES/Test_2

2022-11-29 19:58:55 - [TEST_STEP][PASSED] - openBrowser(""): Browser is opened with url: ''

2022-11-29 19:58:55 - [MESSAGE][INFO] - Starting 'Chrome' driver

2022-11-29 19:58:55 - [MESSAGE][INFO] - Action delay is set to 0 milliseconds

2022-11-29 19:58:57 - [MESSAGE][PASSED] - Browser is opened with url: ''

2022-11-29 19:58:57 - [TEST_STEP][PASSED] - navigateToUrl("https://demoqa.com/text-box"): Navigate to 'https://demoqa.com/text-box' successfully

2022-11-29 19:59:10 - [MESSAGE][PASSED] - Navigate to 'https://demoqa.com/text-box' successfully

2022-11-29 19:59:10 - [TEST_STEP][PASSED] - for ([x = 1, x <= 10, x = x + 2]): null

2022-11-29 19:59:10 - [TEST_STEP][PASSED] - print(" hola mundo " + x + "-------"): null

2022-11-29 19:59:10 - [TEST_STEP][PASSED] - print(" hola mundo " + x + "-------"): null

2022-11-29 19:59:10 - [TEST_STEP][PASSED] - print(" hola mundo " + x + "-------"): null

2022-11-29 19:59:10 - [TEST_STEP][PASSED] - print(" hola mundo " + x + "-------"): null

2022-11-29 19:59:10 - [TEST_STEP][PASSED] - print(" hola mundo " + x + "-------"): null

2022-11-29 19:59:10 - [TEST_STEP][PASSED] - closeBrowser(): Browser is closed

2022-11-29 19:59:11 - [MESSAGE][PASSED] - Browser is closed]]></system-out>
         <system-err><![CDATA[]]></system-err>
      </testcase>
      <testcase name="Test Cases/BUCLES/Test_while" time="15.699" classname="Test Cases/BUCLES/Test_while" status="PASSED">
         <system-out><![CDATA[2022-11-29 19:59:11 - [TEST_CASE][PASSED] - Test Cases/BUCLES/Test_while: Test Cases/BUCLES/Test_while

2022-11-29 19:59:11 - [TEST_STEP][PASSED] - openBrowser(""): Browser is opened with url: ''

2022-11-29 19:59:11 - [MESSAGE][INFO] - Starting 'Chrome' driver

2022-11-29 19:59:11 - [MESSAGE][INFO] - Action delay is set to 0 milliseconds

2022-11-29 19:59:13 - [MESSAGE][PASSED] - Browser is opened with url: ''

2022-11-29 19:59:13 - [TEST_STEP][PASSED] - navigateToUrl("https://demoqa.com/text-box"): Navigate to 'https://demoqa.com/text-box' successfully

2022-11-29 19:59:25 - [MESSAGE][PASSED] - Navigate to 'https://demoqa.com/text-box' successfully

2022-11-29 19:59:25 - [TEST_STEP][PASSED] - maximizeWindow(): Current window maximized

2022-11-29 19:59:26 - [MESSAGE][PASSED] - Current window maximized

2022-11-29 19:59:26 - [TEST_STEP][PASSED] - waitForPageLoad(5): Wait for page load successfully

2022-11-29 19:59:26 - [MESSAGE][PASSED] - Wait for page load successfully

2022-11-29 19:59:26 - [TEST_STEP][PASSED] - x = 1: null

2022-11-29 19:59:26 - [TEST_STEP][PASSED] - while (x <= 3): null

2022-11-29 19:59:26 - [TEST_STEP][PASSED] - print("Hola " + x + "----------"): null

2022-11-29 19:59:26 - [TEST_STEP][PASSED] - (x++): null

2022-11-29 19:59:26 - [TEST_STEP][PASSED] - print("Hola " + x + "----------"): null

2022-11-29 19:59:26 - [TEST_STEP][PASSED] - (x++): null

2022-11-29 19:59:26 - [TEST_STEP][PASSED] - print("Hola " + x + "----------"): null

2022-11-29 19:59:26 - [TEST_STEP][PASSED] - (x++): null

2022-11-29 19:59:26 - [TEST_STEP][PASSED] - closeBrowser(): Browser is closed

2022-11-29 19:59:26 - [MESSAGE][PASSED] - Browser is closed]]></system-out>
         <system-err><![CDATA[]]></system-err>
      </testcase>
      <testcase name="Test Cases/BUCLES/Test_while2" time="17.818" classname="Test Cases/BUCLES/Test_while2" status="PASSED">
         <system-out><![CDATA[2022-11-29 19:59:26 - [TEST_CASE][PASSED] - Test Cases/BUCLES/Test_while2: Test Cases/BUCLES/Test_while2

2022-11-29 19:59:27 - [TEST_STEP][PASSED] - openBrowser(""): Browser is opened with url: ''

2022-11-29 19:59:27 - [MESSAGE][INFO] - Starting 'Chrome' driver

2022-11-29 19:59:27 - [MESSAGE][INFO] - Action delay is set to 0 milliseconds

2022-11-29 19:59:29 - [MESSAGE][PASSED] - Browser is opened with url: ''

2022-11-29 19:59:29 - [TEST_STEP][PASSED] - navigateToUrl("https://demoqa.com/text-box"): Navigate to 'https://demoqa.com/text-box' successfully

2022-11-29 19:59:43 - [MESSAGE][PASSED] - Navigate to 'https://demoqa.com/text-box' successfully

2022-11-29 19:59:43 - [TEST_STEP][PASSED] - maximizeWindow(): Current window maximized

2022-11-29 19:59:43 - [MESSAGE][PASSED] - Current window maximized

2022-11-29 19:59:43 - [TEST_STEP][PASSED] - waitForPageLoad(5): Wait for page load successfully

2022-11-29 19:59:43 - [MESSAGE][PASSED] - Wait for page load successfully

2022-11-29 19:59:43 - [TEST_STEP][PASSED] - x = 1: null

2022-11-29 19:59:43 - [TEST_STEP][PASSED] - while (x <= 5): null

2022-11-29 19:59:43 - [TEST_STEP][PASSED] - print("Valor de X" + x + "------>"): null

2022-11-29 19:59:43 - [TEST_STEP][PASSED] - (x++): null

2022-11-29 19:59:43 - [TEST_STEP][PASSED] - print("Valor de X" + x + "------>"): null

2022-11-29 19:59:43 - [TEST_STEP][PASSED] - (x++): null

2022-11-29 19:59:43 - [TEST_STEP][PASSED] - print("Valor de X" + x + "------>"): null

2022-11-29 19:59:44 - [TEST_STEP][PASSED] - (x++): null

2022-11-29 19:59:44 - [TEST_STEP][PASSED] - print("Valor de X" + x + "------>"): null

2022-11-29 19:59:44 - [TEST_STEP][PASSED] - (x++): null

2022-11-29 19:59:44 - [TEST_STEP][PASSED] - print("Valor de X" + x + "------>"): null

2022-11-29 19:59:44 - [TEST_STEP][PASSED] - (x++): null

2022-11-29 19:59:44 - [TEST_STEP][PASSED] - closeBrowser(): Browser is closed

2022-11-29 19:59:44 - [MESSAGE][PASSED] - Browser is closed]]></system-out>
         <system-err><![CDATA[]]></system-err>
      </testcase>
      <testcase name="Test Cases/Drive_excel/Drive_excel" time="17.925" classname="Test Cases/Drive_excel/Drive_excel" status="PASSED">
         <system-out><![CDATA[2022-11-29 19:59:44 - [TEST_CASE][PASSED] - Test Cases/Drive_excel/Drive_excel: Test Cases/Drive_excel/Drive_excel

2022-11-29 19:59:45 - [TEST_STEP][PASSED] - openBrowser(""): Browser is opened with url: ''

2022-11-29 19:59:45 - [MESSAGE][INFO] - Starting 'Chrome' driver

2022-11-29 19:59:45 - [MESSAGE][INFO] - Action delay is set to 0 milliseconds

2022-11-29 19:59:46 - [MESSAGE][PASSED] - Browser is opened with url: ''

2022-11-29 19:59:46 - [TEST_STEP][PASSED] - navigateToUrl("https://demoqa.com/automation-practice-form"): Navigate to 'https://demoqa.com/automation-practice-form' successfully

2022-11-29 19:59:55 - [MESSAGE][PASSED] - Navigate to 'https://demoqa.com/automation-practice-form' successfully

2022-11-29 19:59:55 - [TEST_STEP][PASSED] - waitForPageLoad(40): Wait for page load successfully

2022-11-29 19:59:55 - [MESSAGE][PASSED] - Wait for page load successfully

2022-11-29 19:59:55 - [TEST_STEP][PASSED] - maximizeWindow(): Current window maximized

2022-11-29 19:59:55 - [MESSAGE][PASSED] - Current window maximized

2022-11-29 19:59:55 - [TEST_STEP][PASSED] - setText(findTestObject("Object Repository/Drive_excel/Page_ToolsQA/input_Name_firstName"), nombre): Text '' is set on object 'Object Repository/Drive_excel/Page_ToolsQA/input_Name_firstName'

2022-11-29 19:59:57 - [MESSAGE][PASSED] - Text '' is set on object 'Object Repository/Drive_excel/Page_ToolsQA/input_Name_firstName'

2022-11-29 19:59:57 - [TEST_STEP][PASSED] - setText(findTestObject("Object Repository/Drive_excel/Page_ToolsQA/input_Name_lastName"), apellido): Text '' is set on object 'Object Repository/Drive_excel/Page_ToolsQA/input_Name_lastName'

2022-11-29 19:59:58 - [MESSAGE][PASSED] - Text '' is set on object 'Object Repository/Drive_excel/Page_ToolsQA/input_Name_lastName'

2022-11-29 19:59:58 - [TEST_STEP][PASSED] - setText(findTestObject("Object Repository/Drive_excel/Page_ToolsQA/input_Email_userEmail"), email): Text '' is set on object 'Object Repository/Drive_excel/Page_ToolsQA/input_Email_userEmail'

2022-11-29 19:59:59 - [MESSAGE][PASSED] - Text '' is set on object 'Object Repository/Drive_excel/Page_ToolsQA/input_Email_userEmail'

2022-11-29 19:59:59 - [TEST_STEP][PASSED] - delay(2): Delayed 2 second(s)

2022-11-29 20:00:01 - [MESSAGE][PASSED] - Delayed 2 second(s)

2022-11-29 20:00:01 - [TEST_STEP][PASSED] - closeBrowser(): Browser is closed

2022-11-29 20:00:02 - [MESSAGE][PASSED] - Browser is closed]]></system-out>
         <system-err><![CDATA[]]></system-err>
      </testcase>
      <testcase name="Test Cases/Navegador/Navegador" time="16.212" classname="Test Cases/Navegador/Navegador" status="PASSED">
         <system-out><![CDATA[2022-11-29 20:00:02 - [TEST_CASE][PASSED] - Test Cases/Navegador/Navegador: Test Cases/Navegador/Navegador

2022-11-29 20:00:02 - [TEST_STEP][PASSED] - openBrowser("https://demoqa.com/text-box"): Browser is opened with url: 'https://demoqa.com/text-box'

2022-11-29 20:00:02 - [MESSAGE][INFO] - Starting 'Chrome' driver

2022-11-29 20:00:02 - [MESSAGE][INFO] - Action delay is set to 0 milliseconds

2022-11-29 20:00:18 - [MESSAGE][PASSED] - Browser is opened with url: 'https://demoqa.com/text-box'

2022-11-29 20:00:18 - [TEST_STEP][PASSED] - maximizeWindow(): Current window maximized

2022-11-29 20:00:18 - [MESSAGE][PASSED] - Current window maximized

2022-11-29 20:00:18 - [TEST_STEP][PASSED] - page_url = getUrl(): Current window's url is: 'https://demoqa.com/text-box'

2022-11-29 20:00:18 - [MESSAGE][PASSED] - Current window's url is: 'https://demoqa.com/text-box'

2022-11-29 20:00:18 - [TEST_STEP][PASSED] - print(page_url): null

2022-11-29 20:00:18 - [TEST_STEP][PASSED] - Titulo = getWindowTitle(): Current window's title is: 'ToolsQA'

2022-11-29 20:00:18 - [MESSAGE][PASSED] - Current window's title is: 'ToolsQA'

2022-11-29 20:00:18 - [TEST_STEP][PASSED] - print("titiulo de la pagina" + Titulo): null

2022-11-29 20:00:18 - [TEST_STEP][PASSED] - closeBrowser(): Browser is closed

2022-11-29 20:00:18 - [MESSAGE][PASSED] - Browser is closed]]></system-out>
         <system-err><![CDATA[]]></system-err>
      </testcase>
      <testcase name="Test Cases/Objecto_xpath/Caso_xpath" time="28.942" classname="Test Cases/Objecto_xpath/Caso_xpath" status="PASSED">
         <system-out><![CDATA[2022-11-29 20:00:18 - [TEST_CASE][PASSED] - Test Cases/Objecto_xpath/Caso_xpath: Test Cases/Objecto_xpath/Caso_xpath

2022-11-29 20:00:18 - [TEST_STEP][PASSED] - openBrowser(""): Browser is opened with url: ''

2022-11-29 20:00:18 - [MESSAGE][INFO] - Starting 'Chrome' driver

2022-11-29 20:00:18 - [MESSAGE][INFO] - Action delay is set to 0 milliseconds

2022-11-29 20:00:20 - [MESSAGE][PASSED] - Browser is opened with url: ''

2022-11-29 20:00:20 - [TEST_STEP][PASSED] - navigateToUrl("https://demoqa.com/text-box"): Navigate to 'https://demoqa.com/text-box' successfully

2022-11-29 20:00:39 - [MESSAGE][PASSED] - Navigate to 'https://demoqa.com/text-box' successfully

2022-11-29 20:00:39 - [TEST_STEP][PASSED] - maximizeWindow(): Current window maximized

2022-11-29 20:00:40 - [MESSAGE][PASSED] - Current window maximized

2022-11-29 20:00:40 - [TEST_STEP][PASSED] - setText(findTestObject("Objeto_xpath/Campo_nombre"), "Ljubo"): Text 'Ljubo' is set on object 'Object Repository/Objeto_xpath/Campo_nombre'

2022-11-29 20:00:44 - [MESSAGE][PASSED] - Text 'Ljubo' is set on object 'Object Repository/Objeto_xpath/Campo_nombre'

2022-11-29 20:00:44 - [TEST_STEP][PASSED] - delay(3): Delayed 3 second(s)

2022-11-29 20:00:47 - [MESSAGE][PASSED] - Delayed 3 second(s)

2022-11-29 20:00:47 - [TEST_STEP][PASSED] - closeBrowser(): Browser is closed

2022-11-29 20:00:47 - [MESSAGE][PASSED] - Browser is closed]]></system-out>
         <system-err><![CDATA[]]></system-err>
      </testcase>
      <testcase name="Test Cases/Condicionales_If/Condicionar_titulo" time="32.786" classname="Test Cases/Condicionales_If/Condicionar_titulo" status="PASSED">
         <system-out><![CDATA[2022-11-29 20:00:47 - [TEST_CASE][PASSED] - Test Cases/Condicionales_If/Condicionar_titulo: Test Cases/Condicionales_If/Condicionar_titulo

2022-11-29 20:00:47 - [TEST_STEP][PASSED] - openBrowser(""): Browser is opened with url: ''

2022-11-29 20:00:47 - [MESSAGE][INFO] - Starting 'Chrome' driver

2022-11-29 20:00:47 - [MESSAGE][INFO] - Action delay is set to 0 milliseconds

2022-11-29 20:00:49 - [MESSAGE][PASSED] - Browser is opened with url: ''

2022-11-29 20:00:49 - [TEST_STEP][PASSED] - navigateToUrl("https://demoqa.com/"): Navigate to 'https://demoqa.com/' successfully

2022-11-29 20:01:02 - [MESSAGE][PASSED] - Navigate to 'https://demoqa.com/' successfully

2022-11-29 20:01:02 - [TEST_STEP][PASSED] - maximizeWindow(): Current window maximized

2022-11-29 20:01:02 - [MESSAGE][PASSED] - Current window maximized

2022-11-29 20:01:02 - [TEST_STEP][PASSED] - waitForPageLoad(5): Wait for page load successfully

2022-11-29 20:01:02 - [MESSAGE][PASSED] - Wait for page load successfully

2022-11-29 20:01:02 - [TEST_STEP][PASSED] - Existe = waitForElementVisible(findTestObject("Condicionales/Texto_radio"), 3): Web element with id: 'Object Repository/Condicionales/Texto_radio' located by '//div[@class='main-header'][contains(.,'Radio Button')]' not found

2022-11-29 20:01:06 - [MESSAGE][INFO] - Unable to find the element located by 'By.xpath: //div[@class='main-header'][contains(.,'Radio Button')]'. Please recheck the objects properties to make sure the desired element is located. 

2022-11-29 20:01:06 - [MESSAGE][WARNING] - [SELF-HEALING] Failed to find element with id 'Object Repository/Condicionales/Texto_radio'. Try using Self-healing.

2022-11-29 20:01:07 - [MESSAGE][INFO] - [SELF-HEALING] No working XPath is found.

2022-11-29 20:01:08 - [MESSAGE][INFO] - Unable to find the element located by 'By.xpath: '. Please recheck the objects properties to make sure the desired element is located. 

2022-11-29 20:01:08 - [MESSAGE][WARNING] - [SELF-HEALING] Cannot find elements when the selector is null

2022-11-29 20:01:08 - [MESSAGE][WARNING] - Web element with id: 'Object Repository/Condicionales/Texto_radio' located by '//div[@class='main-header'][contains(.,'Radio Button')]' not found

2022-11-29 20:01:08 - [TEST_STEP][PASSED] - print(Existe): null

2022-11-29 20:01:08 - [TEST_STEP][PASSED] - if (Existe == true): null

2022-11-29 20:01:08 - [TEST_STEP][PASSED] - else: Browser is closed

2022-11-29 20:01:08 - [TEST_STEP][PASSED] - print("-----  Error no esta el elemento de texto radio ------"): null

2022-11-29 20:01:08 - [TEST_STEP][PASSED] - navigateToUrl("https://demoqa.com/radio-button"): Navigate to 'https://demoqa.com/radio-button' successfully

2022-11-29 20:01:14 - [MESSAGE][PASSED] - Navigate to 'https://demoqa.com/radio-button' successfully

2022-11-29 20:01:14 - [TEST_STEP][PASSED] - click(findTestObject("Condicionales/Objeto_yes")): Object: 'Object Repository/Condicionales/Objeto_yes' is clicked on

2022-11-29 20:01:17 - [MESSAGE][PASSED] - Object: 'Object Repository/Condicionales/Objeto_yes' is clicked on

2022-11-29 20:01:17 - [TEST_STEP][PASSED] - delay(2): Delayed 2 second(s)

2022-11-29 20:01:19 - [MESSAGE][PASSED] - Delayed 2 second(s)

2022-11-29 20:01:19 - [TEST_STEP][PASSED] - closeBrowser(): Browser is closed

2022-11-29 20:01:20 - [MESSAGE][PASSED] - Browser is closed]]></system-out>
         <system-err><![CDATA[]]></system-err>
      </testcase>
      <testcase name="Test Cases/Condicionales_If/Test_1" time="0.038" classname="Test Cases/Condicionales_If/Test_1" status="PASSED">
         <system-out><![CDATA[2022-11-29 20:01:20 - [TEST_CASE][PASSED] - Test Cases/Condicionales_If/Test_1: Test Cases/Condicionales_If/Test_1

2022-11-29 20:01:20 - [TEST_STEP][PASSED] - if (num == 10): null

2022-11-29 20:01:20 - [TEST_STEP][PASSED] - else: null

2022-11-29 20:01:20 - [TEST_STEP][PASSED] - print("El numero no es un 10 es el numero:  " + num + "#####"): null]]></system-out>
         <system-err><![CDATA[]]></system-err>
      </testcase>
      <testcase name="Test Cases/Condicionales_If/Test_2" time="0.033" classname="Test Cases/Condicionales_If/Test_2" status="PASSED">
         <system-out><![CDATA[2022-11-29 20:01:20 - [TEST_CASE][PASSED] - Test Cases/Condicionales_If/Test_2: Test Cases/Condicionales_If/Test_2

2022-11-29 20:01:20 - [TEST_STEP][PASSED] - if (num == 5): null

2022-11-29 20:01:20 - [TEST_STEP][PASSED] - if (num == 10): null

2022-11-29 20:01:20 - [TEST_STEP][PASSED] - println("El valor de la variables es un: 10"): null]]></system-out>
         <system-err><![CDATA[]]></system-err>
      </testcase>
      <testcase name="Test Cases/Condicionales_If/Test_3" time="0.027" classname="Test Cases/Condicionales_If/Test_3" status="PASSED">
         <system-out><![CDATA[2022-11-29 20:01:20 - [TEST_CASE][PASSED] - Test Cases/Condicionales_If/Test_3: Test Cases/Condicionales_If/Test_3

2022-11-29 20:01:20 - [TEST_STEP][PASSED] - if (nombre == "Juan"): null

2022-11-29 20:01:20 - [TEST_STEP][PASSED] - if (nombre == "JUan"): null

2022-11-29 20:01:20 - [TEST_STEP][PASSED] - if (nombre == "juan"): null

2022-11-29 20:01:20 - [TEST_STEP][PASSED] - println("Tu nombre es juan"): null]]></system-out>
         <system-err><![CDATA[]]></system-err>
      </testcase>
      <testcase name="Test Cases/Condicionales_If/Test_4" time="0.039" classname="Test Cases/Condicionales_If/Test_4" status="PASSED">
         <system-out><![CDATA[2022-11-29 20:01:20 - [TEST_CASE][PASSED] - Test Cases/Condicionales_If/Test_4: Test Cases/Condicionales_If/Test_4

2022-11-29 20:01:20 - [TEST_STEP][PASSED] - if (num <= 7): null

2022-11-29 20:01:20 - [TEST_STEP][PASSED] - println("El numero es menor ó igual que 5"): null

2022-11-29 20:01:20 - [TEST_STEP][PASSED] - if (num >= 8): null

2022-11-29 20:01:20 - [TEST_STEP][PASSED] - if (num != 5): null]]></system-out>
         <system-err><![CDATA[]]></system-err>
      </testcase>
      <testcase name="Test Cases/Condicionales_If/Test_edad" time="0.026" classname="Test Cases/Condicionales_If/Test_edad" status="PASSED">
         <system-out><![CDATA[2022-11-29 20:01:20 - [TEST_CASE][PASSED] - Test Cases/Condicionales_If/Test_edad: Test Cases/Condicionales_If/Test_edad

2022-11-29 20:01:20 - [TEST_STEP][PASSED] - if (edad >= 1 && edad <= 17): null

2022-11-29 20:01:20 - [TEST_STEP][PASSED] - else if (edad == 18): null

2022-11-29 20:01:20 - [TEST_STEP][PASSED] - else if (edad <= 0): null

2022-11-29 20:01:20 - [TEST_STEP][PASSED] - else if (edad == 120): null

2022-11-29 20:01:20 - [TEST_STEP][PASSED] - else: null

2022-11-29 20:01:20 - [TEST_STEP][PASSED] - print("No se cumple ninguna de las opciones"): null]]></system-out>
         <system-err><![CDATA[]]></system-err>
      </testcase>
      <testcase name="Test Cases/Condicionales_If/Test_valor" time="213.322" classname="Test Cases/Condicionales_If/Test_valor" status="PASSED">
         <system-out><![CDATA[2022-11-29 20:01:20 - [TEST_CASE][PASSED] - Test Cases/Condicionales_If/Test_valor: Test Cases/Condicionales_If/Test_valor

2022-11-29 20:01:20 - [TEST_STEP][PASSED] - openBrowser(""): Browser is opened with url: ''

2022-11-29 20:01:20 - [MESSAGE][INFO] - Starting 'Chrome' driver

2022-11-29 20:01:20 - [MESSAGE][INFO] - Action delay is set to 0 milliseconds

2022-11-29 20:01:22 - [MESSAGE][PASSED] - Browser is opened with url: ''

2022-11-29 20:01:22 - [TEST_STEP][PASSED] - navigateToUrl("https://demoqa.com/"): Navigate to 'https://demoqa.com/' successfully

2022-11-29 20:04:45 - [MESSAGE][PASSED] - Navigate to 'https://demoqa.com/' successfully

2022-11-29 20:04:45 - [TEST_STEP][PASSED] - maximizeWindow(): Current window maximized

2022-11-29 20:04:45 - [MESSAGE][PASSED] - Current window maximized

2022-11-29 20:04:45 - [TEST_STEP][PASSED] - waitForPageLoad(10): Wait for page load successfully

2022-11-29 20:04:45 - [MESSAGE][PASSED] - Wait for page load successfully

2022-11-29 20:04:45 - [TEST_STEP][PASSED] - Existe = waitForElementVisible(findTestObject("Condicionales/titulo1"), 5): Web element with id: 'Object Repository/Condicionales/titulo1' located by '//div[@class='main-header'][contains(.,'Radio Button')]' not found

2022-11-29 20:04:51 - [MESSAGE][INFO] - Unable to find the element located by 'By.xpath: //div[@class='main-header'][contains(.,'Radio Button')]'. Please recheck the objects properties to make sure the desired element is located. 

2022-11-29 20:04:51 - [MESSAGE][WARNING] - [SELF-HEALING] Failed to find element with id 'Object Repository/Condicionales/titulo1'. Try using Self-healing.

2022-11-29 20:04:52 - [MESSAGE][INFO] - [SELF-HEALING] No working XPath is found.

2022-11-29 20:04:53 - [MESSAGE][INFO] - Unable to find the element located by 'By.xpath: '. Please recheck the objects properties to make sure the desired element is located. 

2022-11-29 20:04:53 - [MESSAGE][WARNING] - [SELF-HEALING] Cannot find elements when the selector is null

2022-11-29 20:04:53 - [MESSAGE][WARNING] - Web element with id: 'Object Repository/Condicionales/titulo1' located by '//div[@class='main-header'][contains(.,'Radio Button')]' not found

2022-11-29 20:04:53 - [TEST_STEP][PASSED] - if (Existe == true): null

2022-11-29 20:04:53 - [TEST_STEP][PASSED] - else: Browser is closed

2022-11-29 20:04:53 - [TEST_STEP][PASSED] - print("No estas en la página correcta"): null

2022-11-29 20:04:53 - [TEST_STEP][PASSED] - closeBrowser(): Browser is closed

2022-11-29 20:04:54 - [MESSAGE][PASSED] - Browser is closed]]></system-out>
         <system-err><![CDATA[]]></system-err>
      </testcase>
      <testcase name="Test Cases/BUCLES/Reto_For" time="30.37" classname="Test Cases/BUCLES/Reto_For" status="PASSED">
         <system-out><![CDATA[2022-11-29 20:04:54 - [TEST_CASE][PASSED] - Test Cases/BUCLES/Reto_For: Test Cases/BUCLES/Reto_For

2022-11-29 20:04:54 - [TEST_STEP][PASSED] - openBrowser(""): Browser is opened with url: ''

2022-11-29 20:04:54 - [MESSAGE][INFO] - Starting 'Chrome' driver

2022-11-29 20:04:54 - [MESSAGE][INFO] - Action delay is set to 0 milliseconds

2022-11-29 20:04:55 - [MESSAGE][PASSED] - Browser is opened with url: ''

2022-11-29 20:04:55 - [TEST_STEP][PASSED] - navigateToUrl("https://demoqa.com/text-box"): Navigate to 'https://demoqa.com/text-box' successfully

2022-11-29 20:05:06 - [MESSAGE][PASSED] - Navigate to 'https://demoqa.com/text-box' successfully

2022-11-29 20:05:06 - [TEST_STEP][PASSED] - maximizeWindow(): Current window maximized

2022-11-29 20:05:06 - [MESSAGE][PASSED] - Current window maximized

2022-11-29 20:05:06 - [TEST_STEP][PASSED] - waitForPageLoad(5): Wait for page load successfully

2022-11-29 20:05:06 - [MESSAGE][PASSED] - Wait for page load successfully

2022-11-29 20:05:06 - [TEST_STEP][PASSED] - for ([x = 1, x <= 4, (x++)]): Browser is scrolled to position x = 0, y = 100

2022-11-29 20:05:06 - [TEST_STEP][PASSED] - z = ["Carlos", "Erika", "Paco", "Rodrigo", "Juan"]: null

2022-11-29 20:05:06 - [TEST_STEP][PASSED] - rn = new java.util.Random(): null

2022-11-29 20:05:06 - [TEST_STEP][PASSED] - tx_nombre = z[rn.nextInt(size)]: null

2022-11-29 20:05:06 - [TEST_STEP][PASSED] - setText(findTestObject("Object Repository/Reto_for/Page_ToolsQA/input_Full Name_userName"), tx_nombre): Text 'Rodrigo' is set on object 'Object Repository/Reto_for/Page_ToolsQA/input_Full Name_userName'

2022-11-29 20:05:07 - [MESSAGE][PASSED] - Text 'Rodrigo' is set on object 'Object Repository/Reto_for/Page_ToolsQA/input_Full Name_userName'

2022-11-29 20:05:07 - [TEST_STEP][PASSED] - setText(findTestObject("Object Repository/Reto_for/Page_ToolsQA/input_Email_userEmail"), tx_nombre + "@gmail.com"): Text 'Rodrigo@gmail.com' is set on object 'Object Repository/Reto_for/Page_ToolsQA/input_Email_userEmail'

2022-11-29 20:05:08 - [MESSAGE][PASSED] - Text 'Rodrigo@gmail.com' is set on object 'Object Repository/Reto_for/Page_ToolsQA/input_Email_userEmail'

2022-11-29 20:05:08 - [TEST_STEP][PASSED] - setText(findTestObject("Object Repository/Reto_for/Page_ToolsQA/textarea_Current Address_currentAddress"), "Dirección#" + x): Text 'Dirección#1' is set on object 'Object Repository/Reto_for/Page_ToolsQA/textarea_Current Address_currentAddress'

2022-11-29 20:05:09 - [MESSAGE][PASSED] - Text 'Dirección#1' is set on object 'Object Repository/Reto_for/Page_ToolsQA/textarea_Current Address_currentAddress'

2022-11-29 20:05:09 - [TEST_STEP][PASSED] - setText(findTestObject("Object Repository/Reto_for/Page_ToolsQA/textarea_Permanent Address_permanentAddress"), "Dirección dos#" + x): Text 'Dirección dos#1' is set on object 'Object Repository/Reto_for/Page_ToolsQA/textarea_Permanent Address_permanentAddress'

2022-11-29 20:05:10 - [MESSAGE][PASSED] - Text 'Dirección dos#1' is set on object 'Object Repository/Reto_for/Page_ToolsQA/textarea_Permanent Address_permanentAddress'

2022-11-29 20:05:10 - [TEST_STEP][PASSED] - scrollToPosition(0, 500): Browser is scrolled to position x = 0, y = 500

2022-11-29 20:05:10 - [MESSAGE][PASSED] - Browser is scrolled to position x = 0, y = 500

2022-11-29 20:05:10 - [TEST_STEP][PASSED] - click(findTestObject("Object Repository/Reto_for/Page_ToolsQA/button_Submit")): Object: 'Object Repository/Reto_for/Page_ToolsQA/button_Submit' is clicked on

2022-11-29 20:05:11 - [MESSAGE][PASSED] - Object: 'Object Repository/Reto_for/Page_ToolsQA/button_Submit' is clicked on

2022-11-29 20:05:11 - [TEST_STEP][PASSED] - scrollToPosition(0, 100): Browser is scrolled to position x = 0, y = 100

2022-11-29 20:05:11 - [MESSAGE][PASSED] - Browser is scrolled to position x = 0, y = 100

2022-11-29 20:05:11 - [TEST_STEP][PASSED] - z = ["Carlos", "Erika", "Paco", "Rodrigo", "Juan"]: null

2022-11-29 20:05:11 - [TEST_STEP][PASSED] - rn = new java.util.Random(): null

2022-11-29 20:05:11 - [TEST_STEP][PASSED] - tx_nombre = z[rn.nextInt(size)]: null

2022-11-29 20:05:11 - [TEST_STEP][PASSED] - setText(findTestObject("Object Repository/Reto_for/Page_ToolsQA/input_Full Name_userName"), tx_nombre): Text 'Erika' is set on object 'Object Repository/Reto_for/Page_ToolsQA/input_Full Name_userName'

2022-11-29 20:05:12 - [MESSAGE][PASSED] - Text 'Erika' is set on object 'Object Repository/Reto_for/Page_ToolsQA/input_Full Name_userName'

2022-11-29 20:05:12 - [TEST_STEP][PASSED] - setText(findTestObject("Object Repository/Reto_for/Page_ToolsQA/input_Email_userEmail"), tx_nombre + "@gmail.com"): Text 'Erika@gmail.com' is set on object 'Object Repository/Reto_for/Page_ToolsQA/input_Email_userEmail'

2022-11-29 20:05:13 - [MESSAGE][PASSED] - Text 'Erika@gmail.com' is set on object 'Object Repository/Reto_for/Page_ToolsQA/input_Email_userEmail'

2022-11-29 20:05:13 - [TEST_STEP][PASSED] - setText(findTestObject("Object Repository/Reto_for/Page_ToolsQA/textarea_Current Address_currentAddress"), "Dirección#" + x): Text 'Dirección#2' is set on object 'Object Repository/Reto_for/Page_ToolsQA/textarea_Current Address_currentAddress'

2022-11-29 20:05:13 - [MESSAGE][PASSED] - Text 'Dirección#2' is set on object 'Object Repository/Reto_for/Page_ToolsQA/textarea_Current Address_currentAddress'

2022-11-29 20:05:13 - [TEST_STEP][PASSED] - setText(findTestObject("Object Repository/Reto_for/Page_ToolsQA/textarea_Permanent Address_permanentAddress"), "Dirección dos#" + x): Text 'Dirección dos#2' is set on object 'Object Repository/Reto_for/Page_ToolsQA/textarea_Permanent Address_permanentAddress'

2022-11-29 20:05:14 - [MESSAGE][PASSED] - Text 'Dirección dos#2' is set on object 'Object Repository/Reto_for/Page_ToolsQA/textarea_Permanent Address_permanentAddress'

2022-11-29 20:05:14 - [TEST_STEP][PASSED] - scrollToPosition(0, 500): Browser is scrolled to position x = 0, y = 500

2022-11-29 20:05:14 - [MESSAGE][PASSED] - Browser is scrolled to position x = 0, y = 500

2022-11-29 20:05:14 - [TEST_STEP][PASSED] - click(findTestObject("Object Repository/Reto_for/Page_ToolsQA/button_Submit")): Object: 'Object Repository/Reto_for/Page_ToolsQA/button_Submit' is clicked on

2022-11-29 20:05:15 - [MESSAGE][PASSED] - Object: 'Object Repository/Reto_for/Page_ToolsQA/button_Submit' is clicked on

2022-11-29 20:05:15 - [TEST_STEP][PASSED] - scrollToPosition(0, 100): Browser is scrolled to position x = 0, y = 100

2022-11-29 20:05:15 - [MESSAGE][PASSED] - Browser is scrolled to position x = 0, y = 100

2022-11-29 20:05:15 - [TEST_STEP][PASSED] - z = ["Carlos", "Erika", "Paco", "Rodrigo", "Juan"]: null

2022-11-29 20:05:15 - [TEST_STEP][PASSED] - rn = new java.util.Random(): null

2022-11-29 20:05:15 - [TEST_STEP][PASSED] - tx_nombre = z[rn.nextInt(size)]: null

2022-11-29 20:05:15 - [TEST_STEP][PASSED] - setText(findTestObject("Object Repository/Reto_for/Page_ToolsQA/input_Full Name_userName"), tx_nombre): Text 'Rodrigo' is set on object 'Object Repository/Reto_for/Page_ToolsQA/input_Full Name_userName'

2022-11-29 20:05:16 - [MESSAGE][PASSED] - Text 'Rodrigo' is set on object 'Object Repository/Reto_for/Page_ToolsQA/input_Full Name_userName'

2022-11-29 20:05:16 - [TEST_STEP][PASSED] - setText(findTestObject("Object Repository/Reto_for/Page_ToolsQA/input_Email_userEmail"), tx_nombre + "@gmail.com"): Text 'Rodrigo@gmail.com' is set on object 'Object Repository/Reto_for/Page_ToolsQA/input_Email_userEmail'

2022-11-29 20:05:17 - [MESSAGE][PASSED] - Text 'Rodrigo@gmail.com' is set on object 'Object Repository/Reto_for/Page_ToolsQA/input_Email_userEmail'

2022-11-29 20:05:17 - [TEST_STEP][PASSED] - setText(findTestObject("Object Repository/Reto_for/Page_ToolsQA/textarea_Current Address_currentAddress"), "Dirección#" + x): Text 'Dirección#3' is set on object 'Object Repository/Reto_for/Page_ToolsQA/textarea_Current Address_currentAddress'

2022-11-29 20:05:18 - [MESSAGE][PASSED] - Text 'Dirección#3' is set on object 'Object Repository/Reto_for/Page_ToolsQA/textarea_Current Address_currentAddress'

2022-11-29 20:05:18 - [TEST_STEP][PASSED] - setText(findTestObject("Object Repository/Reto_for/Page_ToolsQA/textarea_Permanent Address_permanentAddress"), "Dirección dos#" + x): Text 'Dirección dos#3' is set on object 'Object Repository/Reto_for/Page_ToolsQA/textarea_Permanent Address_permanentAddress'

2022-11-29 20:05:19 - [MESSAGE][PASSED] - Text 'Dirección dos#3' is set on object 'Object Repository/Reto_for/Page_ToolsQA/textarea_Permanent Address_permanentAddress'

2022-11-29 20:05:19 - [TEST_STEP][PASSED] - scrollToPosition(0, 500): Browser is scrolled to position x = 0, y = 500

2022-11-29 20:05:19 - [MESSAGE][PASSED] - Browser is scrolled to position x = 0, y = 500

2022-11-29 20:05:19 - [TEST_STEP][PASSED] - click(findTestObject("Object Repository/Reto_for/Page_ToolsQA/button_Submit")): Object: 'Object Repository/Reto_for/Page_ToolsQA/button_Submit' is clicked on

2022-11-29 20:05:19 - [MESSAGE][PASSED] - Object: 'Object Repository/Reto_for/Page_ToolsQA/button_Submit' is clicked on

2022-11-29 20:05:19 - [TEST_STEP][PASSED] - scrollToPosition(0, 100): Browser is scrolled to position x = 0, y = 100

2022-11-29 20:05:19 - [MESSAGE][PASSED] - Browser is scrolled to position x = 0, y = 100

2022-11-29 20:05:19 - [TEST_STEP][PASSED] - z = ["Carlos", "Erika", "Paco", "Rodrigo", "Juan"]: null

2022-11-29 20:05:19 - [TEST_STEP][PASSED] - rn = new java.util.Random(): null

2022-11-29 20:05:19 - [TEST_STEP][PASSED] - tx_nombre = z[rn.nextInt(size)]: null

2022-11-29 20:05:19 - [TEST_STEP][PASSED] - setText(findTestObject("Object Repository/Reto_for/Page_ToolsQA/input_Full Name_userName"), tx_nombre): Text 'Juan' is set on object 'Object Repository/Reto_for/Page_ToolsQA/input_Full Name_userName'

2022-11-29 20:05:20 - [MESSAGE][PASSED] - Text 'Juan' is set on object 'Object Repository/Reto_for/Page_ToolsQA/input_Full Name_userName'

2022-11-29 20:05:20 - [TEST_STEP][PASSED] - setText(findTestObject("Object Repository/Reto_for/Page_ToolsQA/input_Email_userEmail"), tx_nombre + "@gmail.com"): Text 'Juan@gmail.com' is set on object 'Object Repository/Reto_for/Page_ToolsQA/input_Email_userEmail'

2022-11-29 20:05:21 - [MESSAGE][PASSED] - Text 'Juan@gmail.com' is set on object 'Object Repository/Reto_for/Page_ToolsQA/input_Email_userEmail'

2022-11-29 20:05:21 - [TEST_STEP][PASSED] - setText(findTestObject("Object Repository/Reto_for/Page_ToolsQA/textarea_Current Address_currentAddress"), "Dirección#" + x): Text 'Dirección#4' is set on object 'Object Repository/Reto_for/Page_ToolsQA/textarea_Current Address_currentAddress'

2022-11-29 20:05:22 - [MESSAGE][PASSED] - Text 'Dirección#4' is set on object 'Object Repository/Reto_for/Page_ToolsQA/textarea_Current Address_currentAddress'

2022-11-29 20:05:22 - [TEST_STEP][PASSED] - setText(findTestObject("Object Repository/Reto_for/Page_ToolsQA/textarea_Permanent Address_permanentAddress"), "Dirección dos#" + x): Text 'Dirección dos#4' is set on object 'Object Repository/Reto_for/Page_ToolsQA/textarea_Permanent Address_permanentAddress'

2022-11-29 20:05:23 - [MESSAGE][PASSED] - Text 'Dirección dos#4' is set on object 'Object Repository/Reto_for/Page_ToolsQA/textarea_Permanent Address_permanentAddress'

2022-11-29 20:05:23 - [TEST_STEP][PASSED] - scrollToPosition(0, 500): Browser is scrolled to position x = 0, y = 500

2022-11-29 20:05:23 - [MESSAGE][PASSED] - Browser is scrolled to position x = 0, y = 500

2022-11-29 20:05:23 - [TEST_STEP][PASSED] - click(findTestObject("Object Repository/Reto_for/Page_ToolsQA/button_Submit")): Object: 'Object Repository/Reto_for/Page_ToolsQA/button_Submit' is clicked on

2022-11-29 20:05:23 - [MESSAGE][PASSED] - Object: 'Object Repository/Reto_for/Page_ToolsQA/button_Submit' is clicked on

2022-11-29 20:05:23 - [TEST_STEP][PASSED] - scrollToPosition(0, 100): Browser is scrolled to position x = 0, y = 100

2022-11-29 20:05:23 - [MESSAGE][PASSED] - Browser is scrolled to position x = 0, y = 100

2022-11-29 20:05:23 - [TEST_STEP][PASSED] - closeBrowser(): Browser is closed

2022-11-29 20:05:24 - [MESSAGE][PASSED] - Browser is closed]]></system-out>
         <system-err><![CDATA[]]></system-err>
      </testcase>
      <testcase name="Test Cases/BUCLES/Reto_while" time="13.868" classname="Test Cases/BUCLES/Reto_while" status="PASSED">
         <system-out><![CDATA[2022-11-29 20:05:24 - [TEST_CASE][PASSED] - Test Cases/BUCLES/Reto_while: Test Cases/BUCLES/Reto_while

2022-11-29 20:05:24 - [TEST_STEP][PASSED] - openBrowser(""): Browser is opened with url: ''

2022-11-29 20:05:24 - [MESSAGE][INFO] - Starting 'Chrome' driver

2022-11-29 20:05:24 - [MESSAGE][INFO] - Action delay is set to 0 milliseconds

2022-11-29 20:05:26 - [MESSAGE][PASSED] - Browser is opened with url: ''

2022-11-29 20:05:26 - [TEST_STEP][PASSED] - navigateToUrl("https://www.google.com/"): Navigate to 'https://www.google.com/' successfully

2022-11-29 20:05:28 - [MESSAGE][PASSED] - Navigate to 'https://www.google.com/' successfully

2022-11-29 20:05:28 - [TEST_STEP][PASSED] - Bandera = 0: null

2022-11-29 20:05:28 - [TEST_STEP][PASSED] - while (Bandera != 1): null

2022-11-29 20:05:28 - [TEST_STEP][PASSED] - num = Math.random() * 5 - 1 + 1: null

2022-11-29 20:05:28 - [TEST_STEP][PASSED] - setText(findTestObject("Object Repository/While_google/Page_Google/input__q"), "5+" + num): Text '5+3' is set on object 'Object Repository/While_google/Page_Google/input__q'

2022-11-29 20:05:29 - [MESSAGE][PASSED] - Text '5+3' is set on object 'Object Repository/While_google/Page_Google/input__q'

2022-11-29 20:05:29 - [TEST_STEP][PASSED] - sendKeys(findTestObject("Object Repository/While_google/Page_Google/input__q"), Keys.chord(ENTER)): Keys 'ENTER + ' sent to object: 'Object Repository/While_google/Page_Google/input__q'

2022-11-29 20:05:37 - [MESSAGE][PASSED] - Keys 'ENTER + ' sent to object: 'Object Repository/While_google/Page_Google/input__q'

2022-11-29 20:05:37 - [TEST_STEP][PASSED] - Resultado = getText(findTestObject("While_google/Extras/Resultado_10")): Text of object 'Object Repository/While_google/Extras/Resultado_10' is: '8'

2022-11-29 20:05:37 - [MESSAGE][PASSED] - Text of object 'Object Repository/While_google/Extras/Resultado_10' is: '8'

2022-11-29 20:05:37 - [TEST_STEP][PASSED] - if (Resultado == "8"): Browser is closed

2022-11-29 20:05:37 - [TEST_STEP][PASSED] - Bandera = 1: null

2022-11-29 20:05:37 - [TEST_STEP][PASSED] - print("Listo termina"): null

2022-11-29 20:05:37 - [TEST_STEP][PASSED] - closeBrowser(): Browser is closed

2022-11-29 20:05:38 - [MESSAGE][PASSED] - Browser is closed

2022-11-29 20:05:38 - [TEST_STEP][PASSED] - print(Bandera + "------"): null]]></system-out>
         <system-err><![CDATA[]]></system-err>
      </testcase>
      <testcase name="Test Cases/BUCLES/Reto_while_solucion" time="62.609" classname="Test Cases/BUCLES/Reto_while_solucion" status="PASSED">
         <system-out><![CDATA[2022-11-29 20:05:38 - [TEST_CASE][PASSED] - Test Cases/BUCLES/Reto_while_solucion: Test Cases/BUCLES/Reto_while_solucion

2022-11-29 20:05:38 - [TEST_STEP][PASSED] - openBrowser(""): Browser is opened with url: ''

2022-11-29 20:05:38 - [MESSAGE][INFO] - Starting 'Chrome' driver

2022-11-29 20:05:38 - [MESSAGE][INFO] - Action delay is set to 0 milliseconds

2022-11-29 20:05:40 - [MESSAGE][PASSED] - Browser is opened with url: ''

2022-11-29 20:05:40 - [TEST_STEP][PASSED] - navigateToUrl("https://www.google.com/"): Navigate to 'https://www.google.com/' successfully

2022-11-29 20:05:41 - [MESSAGE][PASSED] - Navigate to 'https://www.google.com/' successfully

2022-11-29 20:05:41 - [TEST_STEP][PASSED] - Res = 0: null

2022-11-29 20:05:41 - [TEST_STEP][PASSED] - while (Res != 8): Browser is closed

2022-11-29 20:05:41 - [TEST_STEP][PASSED] - num = Math.random() * 5 - 1 + 1: null

2022-11-29 20:05:41 - [TEST_STEP][PASSED] - setText(findTestObject("Object Repository/Reto_while1/Page_Google/input__q"), "5+" + num): Text '5+2' is set on object 'Object Repository/Reto_while1/Page_Google/input__q'

2022-11-29 20:05:42 - [MESSAGE][PASSED] - Text '5+2' is set on object 'Object Repository/Reto_while1/Page_Google/input__q'

2022-11-29 20:05:42 - [TEST_STEP][PASSED] - sendKeys(findTestObject("Object Repository/Reto_while1/Page_Google/input__q"), Keys.chord(ENTER)): Keys 'ENTER + ' sent to object: 'Object Repository/Reto_while1/Page_Google/input__q'

2022-11-29 20:05:54 - [MESSAGE][PASSED] - Keys 'ENTER + ' sent to object: 'Object Repository/Reto_while1/Page_Google/input__q'

2022-11-29 20:05:54 - [TEST_STEP][PASSED] - Res = getText(findTestObject("Reto_while1/Resultado_8")).toInteger(): Text of object 'Object Repository/Reto_while1/Resultado_8' is: '7'

2022-11-29 20:05:54 - [MESSAGE][PASSED] - Text of object 'Object Repository/Reto_while1/Resultado_8' is: '7'

2022-11-29 20:05:54 - [TEST_STEP][PASSED] - if (Res == 8): null

2022-11-29 20:05:54 - [TEST_STEP][PASSED] - num = Math.random() * 5 - 1 + 1: null

2022-11-29 20:05:54 - [TEST_STEP][PASSED] - setText(findTestObject("Object Repository/Reto_while1/Page_Google/input__q"), "5+" + num): Text '5+1' is set on object 'Object Repository/Reto_while1/Page_Google/input__q'

2022-11-29 20:05:56 - [MESSAGE][PASSED] - Text '5+1' is set on object 'Object Repository/Reto_while1/Page_Google/input__q'

2022-11-29 20:05:56 - [TEST_STEP][PASSED] - sendKeys(findTestObject("Object Repository/Reto_while1/Page_Google/input__q"), Keys.chord(ENTER)): Keys 'ENTER + ' sent to object: 'Object Repository/Reto_while1/Page_Google/input__q'

2022-11-29 20:06:02 - [MESSAGE][PASSED] - Keys 'ENTER + ' sent to object: 'Object Repository/Reto_while1/Page_Google/input__q'

2022-11-29 20:06:02 - [TEST_STEP][PASSED] - Res = getText(findTestObject("Reto_while1/Resultado_8")).toInteger(): Text of object 'Object Repository/Reto_while1/Resultado_8' is: '6'

2022-11-29 20:06:03 - [MESSAGE][PASSED] - Text of object 'Object Repository/Reto_while1/Resultado_8' is: '6'

2022-11-29 20:06:03 - [TEST_STEP][PASSED] - if (Res == 8): null

2022-11-29 20:06:03 - [TEST_STEP][PASSED] - num = Math.random() * 5 - 1 + 1: null

2022-11-29 20:06:03 - [TEST_STEP][PASSED] - setText(findTestObject("Object Repository/Reto_while1/Page_Google/input__q"), "5+" + num): Text '5+1' is set on object 'Object Repository/Reto_while1/Page_Google/input__q'

2022-11-29 20:06:04 - [MESSAGE][PASSED] - Text '5+1' is set on object 'Object Repository/Reto_while1/Page_Google/input__q'

2022-11-29 20:06:04 - [TEST_STEP][PASSED] - sendKeys(findTestObject("Object Repository/Reto_while1/Page_Google/input__q"), Keys.chord(ENTER)): Keys 'ENTER + ' sent to object: 'Object Repository/Reto_while1/Page_Google/input__q'

2022-11-29 20:06:08 - [MESSAGE][PASSED] - Keys 'ENTER + ' sent to object: 'Object Repository/Reto_while1/Page_Google/input__q'

2022-11-29 20:06:08 - [TEST_STEP][PASSED] - Res = getText(findTestObject("Reto_while1/Resultado_8")).toInteger(): Text of object 'Object Repository/Reto_while1/Resultado_8' is: '6'

2022-11-29 20:06:08 - [MESSAGE][PASSED] - Text of object 'Object Repository/Reto_while1/Resultado_8' is: '6'

2022-11-29 20:06:08 - [TEST_STEP][PASSED] - if (Res == 8): null

2022-11-29 20:06:08 - [TEST_STEP][PASSED] - num = Math.random() * 5 - 1 + 1: null

2022-11-29 20:06:08 - [TEST_STEP][PASSED] - setText(findTestObject("Object Repository/Reto_while1/Page_Google/input__q"), "5+" + num): Text '5+4' is set on object 'Object Repository/Reto_while1/Page_Google/input__q'

2022-11-29 20:06:09 - [MESSAGE][PASSED] - Text '5+4' is set on object 'Object Repository/Reto_while1/Page_Google/input__q'

2022-11-29 20:06:09 - [TEST_STEP][PASSED] - sendKeys(findTestObject("Object Repository/Reto_while1/Page_Google/input__q"), Keys.chord(ENTER)): Keys 'ENTER + ' sent to object: 'Object Repository/Reto_while1/Page_Google/input__q'

2022-11-29 20:06:15 - [MESSAGE][PASSED] - Keys 'ENTER + ' sent to object: 'Object Repository/Reto_while1/Page_Google/input__q'

2022-11-29 20:06:15 - [TEST_STEP][PASSED] - Res = getText(findTestObject("Reto_while1/Resultado_8")).toInteger(): Text of object 'Object Repository/Reto_while1/Resultado_8' is: '9'

2022-11-29 20:06:16 - [MESSAGE][PASSED] - Text of object 'Object Repository/Reto_while1/Resultado_8' is: '9'

2022-11-29 20:06:16 - [TEST_STEP][PASSED] - if (Res == 8): null

2022-11-29 20:06:16 - [TEST_STEP][PASSED] - num = Math.random() * 5 - 1 + 1: null

2022-11-29 20:06:16 - [TEST_STEP][PASSED] - setText(findTestObject("Object Repository/Reto_while1/Page_Google/input__q"), "5+" + num): Text '5+1' is set on object 'Object Repository/Reto_while1/Page_Google/input__q'

2022-11-29 20:06:17 - [MESSAGE][PASSED] - Text '5+1' is set on object 'Object Repository/Reto_while1/Page_Google/input__q'

2022-11-29 20:06:17 - [TEST_STEP][PASSED] - sendKeys(findTestObject("Object Repository/Reto_while1/Page_Google/input__q"), Keys.chord(ENTER)): Keys 'ENTER + ' sent to object: 'Object Repository/Reto_while1/Page_Google/input__q'

2022-11-29 20:06:21 - [MESSAGE][PASSED] - Keys 'ENTER + ' sent to object: 'Object Repository/Reto_while1/Page_Google/input__q'

2022-11-29 20:06:21 - [TEST_STEP][PASSED] - Res = getText(findTestObject("Reto_while1/Resultado_8")).toInteger(): Text of object 'Object Repository/Reto_while1/Resultado_8' is: '6'

2022-11-29 20:06:21 - [MESSAGE][PASSED] - Text of object 'Object Repository/Reto_while1/Resultado_8' is: '6'

2022-11-29 20:06:21 - [TEST_STEP][PASSED] - if (Res == 8): null

2022-11-29 20:06:21 - [TEST_STEP][PASSED] - num = Math.random() * 5 - 1 + 1: null

2022-11-29 20:06:21 - [TEST_STEP][PASSED] - setText(findTestObject("Object Repository/Reto_while1/Page_Google/input__q"), "5+" + num): Text '5+2' is set on object 'Object Repository/Reto_while1/Page_Google/input__q'

2022-11-29 20:06:22 - [MESSAGE][PASSED] - Text '5+2' is set on object 'Object Repository/Reto_while1/Page_Google/input__q'

2022-11-29 20:06:22 - [TEST_STEP][PASSED] - sendKeys(findTestObject("Object Repository/Reto_while1/Page_Google/input__q"), Keys.chord(ENTER)): Keys 'ENTER + ' sent to object: 'Object Repository/Reto_while1/Page_Google/input__q'

2022-11-29 20:06:23 - [MESSAGE][PASSED] - Keys 'ENTER + ' sent to object: 'Object Repository/Reto_while1/Page_Google/input__q'

2022-11-29 20:06:23 - [TEST_STEP][PASSED] - Res = getText(findTestObject("Reto_while1/Resultado_8")).toInteger(): Text of object 'Object Repository/Reto_while1/Resultado_8' is: '7'

2022-11-29 20:06:25 - [MESSAGE][PASSED] - Text of object 'Object Repository/Reto_while1/Resultado_8' is: '7'

2022-11-29 20:06:25 - [TEST_STEP][PASSED] - if (Res == 8): null

2022-11-29 20:06:25 - [TEST_STEP][PASSED] - num = Math.random() * 5 - 1 + 1: null

2022-11-29 20:06:25 - [TEST_STEP][PASSED] - setText(findTestObject("Object Repository/Reto_while1/Page_Google/input__q"), "5+" + num): Text '5+2' is set on object 'Object Repository/Reto_while1/Page_Google/input__q'

2022-11-29 20:06:26 - [MESSAGE][PASSED] - Text '5+2' is set on object 'Object Repository/Reto_while1/Page_Google/input__q'

2022-11-29 20:06:26 - [TEST_STEP][PASSED] - sendKeys(findTestObject("Object Repository/Reto_while1/Page_Google/input__q"), Keys.chord(ENTER)): Keys 'ENTER + ' sent to object: 'Object Repository/Reto_while1/Page_Google/input__q'

2022-11-29 20:06:28 - [MESSAGE][PASSED] - Keys 'ENTER + ' sent to object: 'Object Repository/Reto_while1/Page_Google/input__q'

2022-11-29 20:06:28 - [TEST_STEP][PASSED] - Res = getText(findTestObject("Reto_while1/Resultado_8")).toInteger(): Text of object 'Object Repository/Reto_while1/Resultado_8' is: '7'

2022-11-29 20:06:30 - [MESSAGE][PASSED] - Text of object 'Object Repository/Reto_while1/Resultado_8' is: '7'

2022-11-29 20:06:30 - [TEST_STEP][PASSED] - if (Res == 8): null

2022-11-29 20:06:30 - [TEST_STEP][PASSED] - num = Math.random() * 5 - 1 + 1: null

2022-11-29 20:06:30 - [TEST_STEP][PASSED] - setText(findTestObject("Object Repository/Reto_while1/Page_Google/input__q"), "5+" + num): Text '5+1' is set on object 'Object Repository/Reto_while1/Page_Google/input__q'

2022-11-29 20:06:31 - [MESSAGE][PASSED] - Text '5+1' is set on object 'Object Repository/Reto_while1/Page_Google/input__q'

2022-11-29 20:06:31 - [TEST_STEP][PASSED] - sendKeys(findTestObject("Object Repository/Reto_while1/Page_Google/input__q"), Keys.chord(ENTER)): Keys 'ENTER + ' sent to object: 'Object Repository/Reto_while1/Page_Google/input__q'

2022-11-29 20:06:34 - [MESSAGE][PASSED] - Keys 'ENTER + ' sent to object: 'Object Repository/Reto_while1/Page_Google/input__q'

2022-11-29 20:06:34 - [TEST_STEP][PASSED] - Res = getText(findTestObject("Reto_while1/Resultado_8")).toInteger(): Text of object 'Object Repository/Reto_while1/Resultado_8' is: '6'

2022-11-29 20:06:35 - [MESSAGE][PASSED] - Text of object 'Object Repository/Reto_while1/Resultado_8' is: '6'

2022-11-29 20:06:35 - [TEST_STEP][PASSED] - if (Res == 8): null

2022-11-29 20:06:35 - [TEST_STEP][PASSED] - num = Math.random() * 5 - 1 + 1: null

2022-11-29 20:06:35 - [TEST_STEP][PASSED] - setText(findTestObject("Object Repository/Reto_while1/Page_Google/input__q"), "5+" + num): Text '5+3' is set on object 'Object Repository/Reto_while1/Page_Google/input__q'

2022-11-29 20:06:36 - [MESSAGE][PASSED] - Text '5+3' is set on object 'Object Repository/Reto_while1/Page_Google/input__q'

2022-11-29 20:06:36 - [TEST_STEP][PASSED] - sendKeys(findTestObject("Object Repository/Reto_while1/Page_Google/input__q"), Keys.chord(ENTER)): Keys 'ENTER + ' sent to object: 'Object Repository/Reto_while1/Page_Google/input__q'

2022-11-29 20:06:39 - [MESSAGE][PASSED] - Keys 'ENTER + ' sent to object: 'Object Repository/Reto_while1/Page_Google/input__q'

2022-11-29 20:06:39 - [TEST_STEP][PASSED] - Res = getText(findTestObject("Reto_while1/Resultado_8")).toInteger(): Text of object 'Object Repository/Reto_while1/Resultado_8' is: '8'

2022-11-29 20:06:40 - [MESSAGE][PASSED] - Text of object 'Object Repository/Reto_while1/Resultado_8' is: '8'

2022-11-29 20:06:40 - [TEST_STEP][PASSED] - if (Res == 8): Browser is closed

2022-11-29 20:06:40 - [TEST_STEP][PASSED] - closeBrowser(): Browser is closed

2022-11-29 20:06:41 - [MESSAGE][PASSED] - Browser is closed]]></system-out>
         <system-err><![CDATA[]]></system-err>
      </testcase>
      <testcase name="Test Cases/BUCLES/Test_1" time="37.878" classname="Test Cases/BUCLES/Test_1" status="PASSED">
         <system-out><![CDATA[2022-11-29 20:06:41 - [TEST_CASE][PASSED] - Test Cases/BUCLES/Test_1: Test Cases/BUCLES/Test_1

2022-11-29 20:06:41 - [TEST_STEP][PASSED] - openBrowser(""): Browser is opened with url: ''

2022-11-29 20:06:41 - [MESSAGE][INFO] - Starting 'Chrome' driver

2022-11-29 20:06:41 - [MESSAGE][INFO] - Action delay is set to 0 milliseconds

2022-11-29 20:06:42 - [MESSAGE][PASSED] - Browser is opened with url: ''

2022-11-29 20:06:42 - [TEST_STEP][PASSED] - navigateToUrl("https://demoqa.com/text-box"): Navigate to 'https://demoqa.com/text-box' successfully

2022-11-29 20:06:54 - [MESSAGE][PASSED] - Navigate to 'https://demoqa.com/text-box' successfully

2022-11-29 20:06:54 - [TEST_STEP][PASSED] - for ([x = 1, x <= 2, (x++)]): null

2022-11-29 20:06:54 - [TEST_STEP][PASSED] - openBrowser(""): Browser is opened with url: ''

2022-11-29 20:06:54 - [MESSAGE][WARNING] - A browser is already opened. Closing browser and opening a new one

2022-11-29 20:06:54 - [MESSAGE][INFO] - Starting 'Chrome' driver

2022-11-29 20:06:54 - [MESSAGE][INFO] - Action delay is set to 0 milliseconds

2022-11-29 20:06:56 - [MESSAGE][PASSED] - Browser is opened with url: ''

2022-11-29 20:06:56 - [TEST_STEP][PASSED] - navigateToUrl("https://demoqa.com/text-box"): Navigate to 'https://demoqa.com/text-box' successfully

2022-11-29 20:07:05 - [MESSAGE][PASSED] - Navigate to 'https://demoqa.com/text-box' successfully

2022-11-29 20:07:05 - [TEST_STEP][PASSED] - RN = Math.random() * 10 - 1 + 1: null

2022-11-29 20:07:05 - [TEST_STEP][PASSED] - print("Numero : " + RN + "----"): null

2022-11-29 20:07:05 - [TEST_STEP][PASSED] - z = ["Demo1", "Demo2", "Demo3", "Demo4", "Demo5"]: null

2022-11-29 20:07:05 - [TEST_STEP][PASSED] - rnd = new java.util.Random(): null

2022-11-29 20:07:05 - [TEST_STEP][PASSED] - texto = z[rnd.nextInt(size)]: null

2022-11-29 20:07:05 - [TEST_STEP][PASSED] - print(texto): null

2022-11-29 20:07:05 - [TEST_STEP][PASSED] - openBrowser(""): Browser is opened with url: ''

2022-11-29 20:07:05 - [MESSAGE][WARNING] - A browser is already opened. Closing browser and opening a new one

2022-11-29 20:07:06 - [MESSAGE][INFO] - Starting 'Chrome' driver

2022-11-29 20:07:06 - [MESSAGE][INFO] - Action delay is set to 0 milliseconds

2022-11-29 20:07:07 - [MESSAGE][PASSED] - Browser is opened with url: ''

2022-11-29 20:07:07 - [TEST_STEP][PASSED] - navigateToUrl("https://demoqa.com/text-box"): Navigate to 'https://demoqa.com/text-box' successfully

2022-11-29 20:07:18 - [MESSAGE][PASSED] - Navigate to 'https://demoqa.com/text-box' successfully

2022-11-29 20:07:18 - [TEST_STEP][PASSED] - RN = Math.random() * 10 - 1 + 1: null

2022-11-29 20:07:18 - [TEST_STEP][PASSED] - print("Numero : " + RN + "----"): null

2022-11-29 20:07:18 - [TEST_STEP][PASSED] - z = ["Demo1", "Demo2", "Demo3", "Demo4", "Demo5"]: null

2022-11-29 20:07:18 - [TEST_STEP][PASSED] - rnd = new java.util.Random(): null

2022-11-29 20:07:18 - [TEST_STEP][PASSED] - texto = z[rnd.nextInt(size)]: null

2022-11-29 20:07:18 - [TEST_STEP][PASSED] - print(texto): null

2022-11-29 20:07:18 - [TEST_STEP][PASSED] - closeBrowser(): Browser is closed

2022-11-29 20:07:19 - [MESSAGE][PASSED] - Browser is closed]]></system-out>
         <system-err><![CDATA[]]></system-err>
      </testcase>
      <testcase name="Test Cases/BUCLES/Test_2" time="11.746" classname="Test Cases/BUCLES/Test_2" status="PASSED">
         <system-out><![CDATA[2022-11-29 20:07:19 - [TEST_CASE][PASSED] - Test Cases/BUCLES/Test_2: Test Cases/BUCLES/Test_2

2022-11-29 20:07:19 - [TEST_STEP][PASSED] - openBrowser(""): Browser is opened with url: ''

2022-11-29 20:07:19 - [MESSAGE][INFO] - Starting 'Chrome' driver

2022-11-29 20:07:19 - [MESSAGE][INFO] - Action delay is set to 0 milliseconds

2022-11-29 20:07:20 - [MESSAGE][PASSED] - Browser is opened with url: ''

2022-11-29 20:07:20 - [TEST_STEP][PASSED] - navigateToUrl("https://demoqa.com/text-box"): Navigate to 'https://demoqa.com/text-box' successfully

2022-11-29 20:07:30 - [MESSAGE][PASSED] - Navigate to 'https://demoqa.com/text-box' successfully

2022-11-29 20:07:30 - [TEST_STEP][PASSED] - for ([x = 1, x <= 10, x = x + 2]): null

2022-11-29 20:07:30 - [TEST_STEP][PASSED] - print(" hola mundo " + x + "-------"): null

2022-11-29 20:07:30 - [TEST_STEP][PASSED] - print(" hola mundo " + x + "-------"): null

2022-11-29 20:07:30 - [TEST_STEP][PASSED] - print(" hola mundo " + x + "-------"): null

2022-11-29 20:07:30 - [TEST_STEP][PASSED] - print(" hola mundo " + x + "-------"): null

2022-11-29 20:07:30 - [TEST_STEP][PASSED] - print(" hola mundo " + x + "-------"): null

2022-11-29 20:07:30 - [TEST_STEP][PASSED] - closeBrowser(): Browser is closed

2022-11-29 20:07:30 - [MESSAGE][PASSED] - Browser is closed]]></system-out>
         <system-err><![CDATA[]]></system-err>
      </testcase>
      <testcase name="Test Cases/BUCLES/Test_while" time="14.78" classname="Test Cases/BUCLES/Test_while" status="PASSED">
         <system-out><![CDATA[2022-11-29 20:07:30 - [TEST_CASE][PASSED] - Test Cases/BUCLES/Test_while: Test Cases/BUCLES/Test_while

2022-11-29 20:07:30 - [TEST_STEP][PASSED] - openBrowser(""): Browser is opened with url: ''

2022-11-29 20:07:30 - [MESSAGE][INFO] - Starting 'Chrome' driver

2022-11-29 20:07:30 - [MESSAGE][INFO] - Action delay is set to 0 milliseconds

2022-11-29 20:07:32 - [MESSAGE][PASSED] - Browser is opened with url: ''

2022-11-29 20:07:32 - [TEST_STEP][PASSED] - navigateToUrl("https://demoqa.com/text-box"): Navigate to 'https://demoqa.com/text-box' successfully

2022-11-29 20:07:44 - [MESSAGE][PASSED] - Navigate to 'https://demoqa.com/text-box' successfully

2022-11-29 20:07:44 - [TEST_STEP][PASSED] - maximizeWindow(): Current window maximized

2022-11-29 20:07:44 - [MESSAGE][PASSED] - Current window maximized

2022-11-29 20:07:44 - [TEST_STEP][PASSED] - waitForPageLoad(5): Wait for page load successfully

2022-11-29 20:07:44 - [MESSAGE][PASSED] - Wait for page load successfully

2022-11-29 20:07:44 - [TEST_STEP][PASSED] - x = 1: null

2022-11-29 20:07:44 - [TEST_STEP][PASSED] - while (x <= 3): null

2022-11-29 20:07:44 - [TEST_STEP][PASSED] - print("Hola " + x + "----------"): null

2022-11-29 20:07:44 - [TEST_STEP][PASSED] - (x++): null

2022-11-29 20:07:44 - [TEST_STEP][PASSED] - print("Hola " + x + "----------"): null

2022-11-29 20:07:44 - [TEST_STEP][PASSED] - (x++): null

2022-11-29 20:07:44 - [TEST_STEP][PASSED] - print("Hola " + x + "----------"): null

2022-11-29 20:07:44 - [TEST_STEP][PASSED] - (x++): null

2022-11-29 20:07:44 - [TEST_STEP][PASSED] - closeBrowser(): Browser is closed

2022-11-29 20:07:45 - [MESSAGE][PASSED] - Browser is closed]]></system-out>
         <system-err><![CDATA[]]></system-err>
      </testcase>
      <testcase name="Test Cases/BUCLES/Test_while2" time="11.711" classname="Test Cases/BUCLES/Test_while2" status="PASSED">
         <system-out><![CDATA[2022-11-29 20:07:45 - [TEST_CASE][PASSED] - Test Cases/BUCLES/Test_while2: Test Cases/BUCLES/Test_while2

2022-11-29 20:07:45 - [TEST_STEP][PASSED] - openBrowser(""): Browser is opened with url: ''

2022-11-29 20:07:45 - [MESSAGE][INFO] - Starting 'Chrome' driver

2022-11-29 20:07:45 - [MESSAGE][INFO] - Action delay is set to 0 milliseconds

2022-11-29 20:07:47 - [MESSAGE][PASSED] - Browser is opened with url: ''

2022-11-29 20:07:47 - [TEST_STEP][PASSED] - navigateToUrl("https://demoqa.com/text-box"): Navigate to 'https://demoqa.com/text-box' successfully

2022-11-29 20:07:56 - [MESSAGE][PASSED] - Navigate to 'https://demoqa.com/text-box' successfully

2022-11-29 20:07:56 - [TEST_STEP][PASSED] - maximizeWindow(): Current window maximized

2022-11-29 20:07:56 - [MESSAGE][PASSED] - Current window maximized

2022-11-29 20:07:56 - [TEST_STEP][PASSED] - waitForPageLoad(5): Wait for page load successfully

2022-11-29 20:07:56 - [MESSAGE][PASSED] - Wait for page load successfully

2022-11-29 20:07:56 - [TEST_STEP][PASSED] - x = 1: null

2022-11-29 20:07:56 - [TEST_STEP][PASSED] - while (x <= 5): null

2022-11-29 20:07:56 - [TEST_STEP][PASSED] - print("Valor de X" + x + "------>"): null

2022-11-29 20:07:56 - [TEST_STEP][PASSED] - (x++): null

2022-11-29 20:07:56 - [TEST_STEP][PASSED] - print("Valor de X" + x + "------>"): null

2022-11-29 20:07:56 - [TEST_STEP][PASSED] - (x++): null

2022-11-29 20:07:56 - [TEST_STEP][PASSED] - print("Valor de X" + x + "------>"): null

2022-11-29 20:07:56 - [TEST_STEP][PASSED] - (x++): null

2022-11-29 20:07:56 - [TEST_STEP][PASSED] - print("Valor de X" + x + "------>"): null

2022-11-29 20:07:56 - [TEST_STEP][PASSED] - (x++): null

2022-11-29 20:07:56 - [TEST_STEP][PASSED] - print("Valor de X" + x + "------>"): null

2022-11-29 20:07:56 - [TEST_STEP][PASSED] - (x++): null

2022-11-29 20:07:56 - [TEST_STEP][PASSED] - closeBrowser(): Browser is closed

2022-11-29 20:07:57 - [MESSAGE][PASSED] - Browser is closed]]></system-out>
         <system-err><![CDATA[]]></system-err>
      </testcase>
      <testcase name="Test Cases/Drive_excel/Drive_excel" time="17.662" classname="Test Cases/Drive_excel/Drive_excel" status="PASSED">
         <system-out><![CDATA[2022-11-29 20:07:57 - [TEST_CASE][PASSED] - Test Cases/Drive_excel/Drive_excel: Test Cases/Drive_excel/Drive_excel

2022-11-29 20:07:57 - [TEST_STEP][PASSED] - openBrowser(""): Browser is opened with url: ''

2022-11-29 20:07:57 - [MESSAGE][INFO] - Starting 'Chrome' driver

2022-11-29 20:07:57 - [MESSAGE][INFO] - Action delay is set to 0 milliseconds

2022-11-29 20:07:58 - [MESSAGE][PASSED] - Browser is opened with url: ''

2022-11-29 20:07:58 - [TEST_STEP][PASSED] - navigateToUrl("https://demoqa.com/automation-practice-form"): Navigate to 'https://demoqa.com/automation-practice-form' successfully

2022-11-29 20:08:07 - [MESSAGE][PASSED] - Navigate to 'https://demoqa.com/automation-practice-form' successfully

2022-11-29 20:08:07 - [TEST_STEP][PASSED] - waitForPageLoad(40): Wait for page load successfully

2022-11-29 20:08:08 - [MESSAGE][PASSED] - Wait for page load successfully

2022-11-29 20:08:08 - [TEST_STEP][PASSED] - maximizeWindow(): Current window maximized

2022-11-29 20:08:08 - [MESSAGE][PASSED] - Current window maximized

2022-11-29 20:08:08 - [TEST_STEP][PASSED] - setText(findTestObject("Object Repository/Drive_excel/Page_ToolsQA/input_Name_firstName"), nombre): Text '' is set on object 'Object Repository/Drive_excel/Page_ToolsQA/input_Name_firstName'

2022-11-29 20:08:09 - [MESSAGE][PASSED] - Text '' is set on object 'Object Repository/Drive_excel/Page_ToolsQA/input_Name_firstName'

2022-11-29 20:08:09 - [TEST_STEP][PASSED] - setText(findTestObject("Object Repository/Drive_excel/Page_ToolsQA/input_Name_lastName"), apellido): Text '' is set on object 'Object Repository/Drive_excel/Page_ToolsQA/input_Name_lastName'

2022-11-29 20:08:10 - [MESSAGE][PASSED] - Text '' is set on object 'Object Repository/Drive_excel/Page_ToolsQA/input_Name_lastName'

2022-11-29 20:08:10 - [TEST_STEP][PASSED] - setText(findTestObject("Object Repository/Drive_excel/Page_ToolsQA/input_Email_userEmail"), email): Text '' is set on object 'Object Repository/Drive_excel/Page_ToolsQA/input_Email_userEmail'

2022-11-29 20:08:11 - [MESSAGE][PASSED] - Text '' is set on object 'Object Repository/Drive_excel/Page_ToolsQA/input_Email_userEmail'

2022-11-29 20:08:11 - [TEST_STEP][PASSED] - delay(2): Delayed 2 second(s)

2022-11-29 20:08:13 - [MESSAGE][PASSED] - Delayed 2 second(s)

2022-11-29 20:08:13 - [TEST_STEP][PASSED] - closeBrowser(): Browser is closed

2022-11-29 20:08:14 - [MESSAGE][PASSED] - Browser is closed]]></system-out>
         <system-err><![CDATA[]]></system-err>
      </testcase>
      <system-out><![CDATA[2022-11-29 19:53:57 - [TEST_SUITE][PASSED] - testCLoud: Test Cases/Drive_excel/Drive_excel]]></system-out>
      <system-err><![CDATA[]]></system-err>
   </testsuite>
</testsuites>
