<?xml version="1.0" encoding="UTF-8"?>
<testsuites name="IntegracionUno" time="34.957" tests="2" failures="0" errors="0">
   <testsuite name="IntegracionUno" tests="2" failures="0" errors="0" time="34.957" skipped="0" timestamp="2021-08-16 01:23:17" hostname="Usuario1 - DESKTOP-3P0QFSE" id="Test Suites/IntegracionUno">
      <properties>
         <property name="deviceName" value=""/>
         <property name="devicePlatform" value=""/>
         <property name="logFolder" value="C:\\Todo_Katalon\\Proyectos\\Proyecto_uno\\Reports\\20210816_012311\\IntegracionUno\\20210816_012311"/>
         <property name="logFiles" value="C:\\Todo_Katalon\\Proyectos\\Proyecto_uno\\Reports\\20210816_012311\\IntegracionUno\\20210816_012311\\execution0.log"/>
         <property name="attachments" value=""/>
         <property name="hostName" value="Usuario1 - DESKTOP-3P0QFSE"/>
         <property name="os" value="Windows 10 64bit"/>
         <property name="katalonVersion" value="8.0.5.208"/>
         <property name="browser" value="Chrome 92.0.4515.131"/>
         <property name="hostAddress" value="192.168.100.48"/>
         <property name="sessionId" value="ac1328cee8aca4478f74961205e85b29"/>
         <property name="seleniumVersion" value="3.141.59"/>
         <property name="proxyInformation" value="ProxyInformation { proxyOption=NO_PROXY, proxyServerType=HTTP, username=, password=********, proxyServerAddress=, proxyServerPort=0, executionList=&quot;&quot;, isApplyToDesiredCapabilities=true }"/>
         <property name="platform" value="Windows 10"/>
      </properties>
      <testcase name="Test Cases/BUCLES/Reto_For" time="19.531" classname="Test Cases/BUCLES/Reto_For" status="PASSED">
         <system-out><![CDATA[2021-08-16 01:23:18 - [TEST_CASE][PASSED] - Test Cases/BUCLES/Reto_For: Test Cases/BUCLES/Reto_For

2021-08-16 01:23:18 - [TEST_STEP][PASSED] - openBrowser(""): Browser is opened with url: ''

2021-08-16 01:23:18 - [MESSAGE][INFO] - Starting 'Chrome' driver

2021-08-16 01:23:18 - [MESSAGE][INFO] - Action delay is set to 0 milliseconds

2021-08-16 01:23:21 - [MESSAGE][PASSED] - Browser is opened with url: ''

2021-08-16 01:23:21 - [TEST_STEP][PASSED] - navigateToUrl("https://demoqa.com/text-box"): Navigate to 'https://demoqa.com/text-box' successfully

2021-08-16 01:23:23 - [MESSAGE][PASSED] - Navigate to 'https://demoqa.com/text-box' successfully

2021-08-16 01:23:23 - [TEST_STEP][PASSED] - maximizeWindow(): Current window maximized

2021-08-16 01:23:24 - [MESSAGE][PASSED] - Current window maximized

2021-08-16 01:23:24 - [TEST_STEP][PASSED] - waitForPageLoad(5): Wait for page load successfully

2021-08-16 01:23:24 - [MESSAGE][PASSED] - Wait for page load successfully

2021-08-16 01:23:24 - [TEST_STEP][PASSED] - for ([x = 1, x <= 4, (x++)]): Browser is scrolled to position x = 0, y = 100

2021-08-16 01:23:24 - [TEST_STEP][PASSED] - z = ["Carlos", "Erika", "Paco", "Rodrigo", "Juan"]: null

2021-08-16 01:23:24 - [TEST_STEP][PASSED] - rn = new java.util.Random(): null

2021-08-16 01:23:24 - [TEST_STEP][PASSED] - tx_nombre = z[rn.nextInt(size)]: null

2021-08-16 01:23:24 - [TEST_STEP][PASSED] - setText(findTestObject("Object Repository/Reto_for/Page_ToolsQA/input_Full Name_userName"), tx_nombre): Text 'Paco' is set on object 'Object Repository/Reto_for/Page_ToolsQA/input_Full Name_userName'

2021-08-16 01:23:25 - [MESSAGE][PASSED] - Text 'Paco' is set on object 'Object Repository/Reto_for/Page_ToolsQA/input_Full Name_userName'

2021-08-16 01:23:25 - [TEST_STEP][PASSED] - setText(findTestObject("Object Repository/Reto_for/Page_ToolsQA/input_Email_userEmail"), tx_nombre + "@gmail.com"): Text 'Paco@gmail.com' is set on object 'Object Repository/Reto_for/Page_ToolsQA/input_Email_userEmail'

2021-08-16 01:23:25 - [MESSAGE][PASSED] - Text 'Paco@gmail.com' is set on object 'Object Repository/Reto_for/Page_ToolsQA/input_Email_userEmail'

2021-08-16 01:23:25 - [TEST_STEP][PASSED] - setText(findTestObject("Object Repository/Reto_for/Page_ToolsQA/textarea_Current Address_currentAddress"), "Dirección#" + x): Text 'Dirección#1' is set on object 'Object Repository/Reto_for/Page_ToolsQA/textarea_Current Address_currentAddress'

2021-08-16 01:23:26 - [MESSAGE][PASSED] - Text 'Dirección#1' is set on object 'Object Repository/Reto_for/Page_ToolsQA/textarea_Current Address_currentAddress'

2021-08-16 01:23:26 - [TEST_STEP][PASSED] - setText(findTestObject("Object Repository/Reto_for/Page_ToolsQA/textarea_Permanent Address_permanentAddress"), "Dirección dos#" + x): Text 'Dirección dos#1' is set on object 'Object Repository/Reto_for/Page_ToolsQA/textarea_Permanent Address_permanentAddress'

2021-08-16 01:23:27 - [MESSAGE][PASSED] - Text 'Dirección dos#1' is set on object 'Object Repository/Reto_for/Page_ToolsQA/textarea_Permanent Address_permanentAddress'

2021-08-16 01:23:27 - [TEST_STEP][PASSED] - scrollToPosition(0, 500): Browser is scrolled to position x = 0, y = 500

2021-08-16 01:23:27 - [MESSAGE][PASSED] - Browser is scrolled to position x = 0, y = 500

2021-08-16 01:23:27 - [TEST_STEP][PASSED] - click(findTestObject("Object Repository/Reto_for/Page_ToolsQA/button_Submit")): Object: 'Object Repository/Reto_for/Page_ToolsQA/button_Submit' is clicked on

2021-08-16 01:23:27 - [MESSAGE][PASSED] - Object: 'Object Repository/Reto_for/Page_ToolsQA/button_Submit' is clicked on

2021-08-16 01:23:27 - [TEST_STEP][PASSED] - scrollToPosition(0, 100): Browser is scrolled to position x = 0, y = 100

2021-08-16 01:23:27 - [MESSAGE][PASSED] - Browser is scrolled to position x = 0, y = 100

2021-08-16 01:23:27 - [TEST_STEP][PASSED] - z = ["Carlos", "Erika", "Paco", "Rodrigo", "Juan"]: null

2021-08-16 01:23:27 - [TEST_STEP][PASSED] - rn = new java.util.Random(): null

2021-08-16 01:23:27 - [TEST_STEP][PASSED] - tx_nombre = z[rn.nextInt(size)]: null

2021-08-16 01:23:27 - [TEST_STEP][PASSED] - setText(findTestObject("Object Repository/Reto_for/Page_ToolsQA/input_Full Name_userName"), tx_nombre): Text 'Juan' is set on object 'Object Repository/Reto_for/Page_ToolsQA/input_Full Name_userName'

2021-08-16 01:23:28 - [MESSAGE][PASSED] - Text 'Juan' is set on object 'Object Repository/Reto_for/Page_ToolsQA/input_Full Name_userName'

2021-08-16 01:23:28 - [TEST_STEP][PASSED] - setText(findTestObject("Object Repository/Reto_for/Page_ToolsQA/input_Email_userEmail"), tx_nombre + "@gmail.com"): Text 'Juan@gmail.com' is set on object 'Object Repository/Reto_for/Page_ToolsQA/input_Email_userEmail'

2021-08-16 01:23:29 - [MESSAGE][PASSED] - Text 'Juan@gmail.com' is set on object 'Object Repository/Reto_for/Page_ToolsQA/input_Email_userEmail'

2021-08-16 01:23:29 - [TEST_STEP][PASSED] - setText(findTestObject("Object Repository/Reto_for/Page_ToolsQA/textarea_Current Address_currentAddress"), "Dirección#" + x): Text 'Dirección#2' is set on object 'Object Repository/Reto_for/Page_ToolsQA/textarea_Current Address_currentAddress'

2021-08-16 01:23:29 - [MESSAGE][PASSED] - Text 'Dirección#2' is set on object 'Object Repository/Reto_for/Page_ToolsQA/textarea_Current Address_currentAddress'

2021-08-16 01:23:29 - [TEST_STEP][PASSED] - setText(findTestObject("Object Repository/Reto_for/Page_ToolsQA/textarea_Permanent Address_permanentAddress"), "Dirección dos#" + x): Text 'Dirección dos#2' is set on object 'Object Repository/Reto_for/Page_ToolsQA/textarea_Permanent Address_permanentAddress'

2021-08-16 01:23:30 - [MESSAGE][PASSED] - Text 'Dirección dos#2' is set on object 'Object Repository/Reto_for/Page_ToolsQA/textarea_Permanent Address_permanentAddress'

2021-08-16 01:23:30 - [TEST_STEP][PASSED] - scrollToPosition(0, 500): Browser is scrolled to position x = 0, y = 500

2021-08-16 01:23:30 - [MESSAGE][PASSED] - Browser is scrolled to position x = 0, y = 500

2021-08-16 01:23:30 - [TEST_STEP][PASSED] - click(findTestObject("Object Repository/Reto_for/Page_ToolsQA/button_Submit")): Object: 'Object Repository/Reto_for/Page_ToolsQA/button_Submit' is clicked on

2021-08-16 01:23:30 - [MESSAGE][PASSED] - Object: 'Object Repository/Reto_for/Page_ToolsQA/button_Submit' is clicked on

2021-08-16 01:23:30 - [TEST_STEP][PASSED] - scrollToPosition(0, 100): Browser is scrolled to position x = 0, y = 100

2021-08-16 01:23:30 - [MESSAGE][PASSED] - Browser is scrolled to position x = 0, y = 100

2021-08-16 01:23:30 - [TEST_STEP][PASSED] - z = ["Carlos", "Erika", "Paco", "Rodrigo", "Juan"]: null

2021-08-16 01:23:30 - [TEST_STEP][PASSED] - rn = new java.util.Random(): null

2021-08-16 01:23:30 - [TEST_STEP][PASSED] - tx_nombre = z[rn.nextInt(size)]: null

2021-08-16 01:23:30 - [TEST_STEP][PASSED] - setText(findTestObject("Object Repository/Reto_for/Page_ToolsQA/input_Full Name_userName"), tx_nombre): Text 'Rodrigo' is set on object 'Object Repository/Reto_for/Page_ToolsQA/input_Full Name_userName'

2021-08-16 01:23:31 - [MESSAGE][PASSED] - Text 'Rodrigo' is set on object 'Object Repository/Reto_for/Page_ToolsQA/input_Full Name_userName'

2021-08-16 01:23:31 - [TEST_STEP][PASSED] - setText(findTestObject("Object Repository/Reto_for/Page_ToolsQA/input_Email_userEmail"), tx_nombre + "@gmail.com"): Text 'Rodrigo@gmail.com' is set on object 'Object Repository/Reto_for/Page_ToolsQA/input_Email_userEmail'

2021-08-16 01:23:32 - [MESSAGE][PASSED] - Text 'Rodrigo@gmail.com' is set on object 'Object Repository/Reto_for/Page_ToolsQA/input_Email_userEmail'

2021-08-16 01:23:32 - [TEST_STEP][PASSED] - setText(findTestObject("Object Repository/Reto_for/Page_ToolsQA/textarea_Current Address_currentAddress"), "Dirección#" + x): Text 'Dirección#3' is set on object 'Object Repository/Reto_for/Page_ToolsQA/textarea_Current Address_currentAddress'

2021-08-16 01:23:32 - [MESSAGE][PASSED] - Text 'Dirección#3' is set on object 'Object Repository/Reto_for/Page_ToolsQA/textarea_Current Address_currentAddress'

2021-08-16 01:23:32 - [TEST_STEP][PASSED] - setText(findTestObject("Object Repository/Reto_for/Page_ToolsQA/textarea_Permanent Address_permanentAddress"), "Dirección dos#" + x): Text 'Dirección dos#3' is set on object 'Object Repository/Reto_for/Page_ToolsQA/textarea_Permanent Address_permanentAddress'

2021-08-16 01:23:33 - [MESSAGE][PASSED] - Text 'Dirección dos#3' is set on object 'Object Repository/Reto_for/Page_ToolsQA/textarea_Permanent Address_permanentAddress'

2021-08-16 01:23:33 - [TEST_STEP][PASSED] - scrollToPosition(0, 500): Browser is scrolled to position x = 0, y = 500

2021-08-16 01:23:33 - [MESSAGE][PASSED] - Browser is scrolled to position x = 0, y = 500

2021-08-16 01:23:33 - [TEST_STEP][PASSED] - click(findTestObject("Object Repository/Reto_for/Page_ToolsQA/button_Submit")): Object: 'Object Repository/Reto_for/Page_ToolsQA/button_Submit' is clicked on

2021-08-16 01:23:33 - [MESSAGE][PASSED] - Object: 'Object Repository/Reto_for/Page_ToolsQA/button_Submit' is clicked on

2021-08-16 01:23:33 - [TEST_STEP][PASSED] - scrollToPosition(0, 100): Browser is scrolled to position x = 0, y = 100

2021-08-16 01:23:33 - [MESSAGE][PASSED] - Browser is scrolled to position x = 0, y = 100

2021-08-16 01:23:33 - [TEST_STEP][PASSED] - z = ["Carlos", "Erika", "Paco", "Rodrigo", "Juan"]: null

2021-08-16 01:23:33 - [TEST_STEP][PASSED] - rn = new java.util.Random(): null

2021-08-16 01:23:33 - [TEST_STEP][PASSED] - tx_nombre = z[rn.nextInt(size)]: null

2021-08-16 01:23:33 - [TEST_STEP][PASSED] - setText(findTestObject("Object Repository/Reto_for/Page_ToolsQA/input_Full Name_userName"), tx_nombre): Text 'Erika' is set on object 'Object Repository/Reto_for/Page_ToolsQA/input_Full Name_userName'

2021-08-16 01:23:34 - [MESSAGE][PASSED] - Text 'Erika' is set on object 'Object Repository/Reto_for/Page_ToolsQA/input_Full Name_userName'

2021-08-16 01:23:34 - [TEST_STEP][PASSED] - setText(findTestObject("Object Repository/Reto_for/Page_ToolsQA/input_Email_userEmail"), tx_nombre + "@gmail.com"): Text 'Erika@gmail.com' is set on object 'Object Repository/Reto_for/Page_ToolsQA/input_Email_userEmail'

2021-08-16 01:23:35 - [MESSAGE][PASSED] - Text 'Erika@gmail.com' is set on object 'Object Repository/Reto_for/Page_ToolsQA/input_Email_userEmail'

2021-08-16 01:23:35 - [TEST_STEP][PASSED] - setText(findTestObject("Object Repository/Reto_for/Page_ToolsQA/textarea_Current Address_currentAddress"), "Dirección#" + x): Text 'Dirección#4' is set on object 'Object Repository/Reto_for/Page_ToolsQA/textarea_Current Address_currentAddress'

2021-08-16 01:23:35 - [MESSAGE][PASSED] - Text 'Dirección#4' is set on object 'Object Repository/Reto_for/Page_ToolsQA/textarea_Current Address_currentAddress'

2021-08-16 01:23:35 - [TEST_STEP][PASSED] - setText(findTestObject("Object Repository/Reto_for/Page_ToolsQA/textarea_Permanent Address_permanentAddress"), "Dirección dos#" + x): Text 'Dirección dos#4' is set on object 'Object Repository/Reto_for/Page_ToolsQA/textarea_Permanent Address_permanentAddress'

2021-08-16 01:23:36 - [MESSAGE][PASSED] - Text 'Dirección dos#4' is set on object 'Object Repository/Reto_for/Page_ToolsQA/textarea_Permanent Address_permanentAddress'

2021-08-16 01:23:36 - [TEST_STEP][PASSED] - scrollToPosition(0, 500): Browser is scrolled to position x = 0, y = 500

2021-08-16 01:23:36 - [MESSAGE][PASSED] - Browser is scrolled to position x = 0, y = 500

2021-08-16 01:23:36 - [TEST_STEP][PASSED] - click(findTestObject("Object Repository/Reto_for/Page_ToolsQA/button_Submit")): Object: 'Object Repository/Reto_for/Page_ToolsQA/button_Submit' is clicked on

2021-08-16 01:23:36 - [MESSAGE][PASSED] - Object: 'Object Repository/Reto_for/Page_ToolsQA/button_Submit' is clicked on

2021-08-16 01:23:36 - [TEST_STEP][PASSED] - scrollToPosition(0, 100): Browser is scrolled to position x = 0, y = 100

2021-08-16 01:23:36 - [MESSAGE][PASSED] - Browser is scrolled to position x = 0, y = 100

2021-08-16 01:23:36 - [TEST_STEP][PASSED] - closeBrowser(): Browser is closed

2021-08-16 01:23:37 - [MESSAGE][PASSED] - Browser is closed]]></system-out>
         <system-err><![CDATA[]]></system-err>
      </testcase>
      <testcase name="Test Cases/BUCLES/Reto_while" time="14.637" classname="Test Cases/BUCLES/Reto_while" status="PASSED">
         <system-out><![CDATA[2021-08-16 01:23:37 - [TEST_CASE][PASSED] - Test Cases/BUCLES/Reto_while: Test Cases/BUCLES/Reto_while

2021-08-16 01:23:37 - [TEST_STEP][PASSED] - openBrowser(""): Browser is opened with url: ''

2021-08-16 01:23:37 - [MESSAGE][INFO] - Starting 'Chrome' driver

2021-08-16 01:23:37 - [MESSAGE][INFO] - Action delay is set to 0 milliseconds

2021-08-16 01:23:38 - [MESSAGE][PASSED] - Browser is opened with url: ''

2021-08-16 01:23:38 - [TEST_STEP][PASSED] - navigateToUrl("https://www.google.com/"): Navigate to 'https://www.google.com/' successfully

2021-08-16 01:23:39 - [MESSAGE][PASSED] - Navigate to 'https://www.google.com/' successfully

2021-08-16 01:23:39 - [TEST_STEP][PASSED] - Bandera = 0: null

2021-08-16 01:23:39 - [TEST_STEP][PASSED] - while (Bandera != 1): null

2021-08-16 01:23:39 - [TEST_STEP][PASSED] - num = Math.random() * 5 - 1 + 1: null

2021-08-16 01:23:39 - [TEST_STEP][PASSED] - setText(findTestObject("Object Repository/While_google/Page_Google/input__q"), "5+" + num): Text '5+4' is set on object 'Object Repository/While_google/Page_Google/input__q'

2021-08-16 01:23:40 - [MESSAGE][PASSED] - Text '5+4' is set on object 'Object Repository/While_google/Page_Google/input__q'

2021-08-16 01:23:40 - [TEST_STEP][PASSED] - sendKeys(findTestObject("Object Repository/While_google/Page_Google/input__q"), Keys.chord(ENTER)): Keys 'ENTER + ' sent to object: 'Object Repository/While_google/Page_Google/input__q'

2021-08-16 01:23:42 - [MESSAGE][PASSED] - Keys 'ENTER + ' sent to object: 'Object Repository/While_google/Page_Google/input__q'

2021-08-16 01:23:42 - [TEST_STEP][PASSED] - Resultado = getText(findTestObject("While_google/Extras/Resultado_10")): Text of object 'Object Repository/While_google/Extras/Resultado_10' is: '9'

2021-08-16 01:23:42 - [MESSAGE][PASSED] - Text of object 'Object Repository/While_google/Extras/Resultado_10' is: '9'

2021-08-16 01:23:42 - [TEST_STEP][PASSED] - if (Resultado == "8"): null

2021-08-16 01:23:42 - [TEST_STEP][PASSED] - else: null

2021-08-16 01:23:42 - [TEST_STEP][PASSED] - Bandera = 0: null

2021-08-16 01:23:42 - [TEST_STEP][PASSED] - print(Bandera + "------"): null

2021-08-16 01:23:42 - [TEST_STEP][PASSED] - num = Math.random() * 5 - 1 + 1: null

2021-08-16 01:23:42 - [TEST_STEP][PASSED] - setText(findTestObject("Object Repository/While_google/Page_Google/input__q"), "5+" + num): Text '5+2' is set on object 'Object Repository/While_google/Page_Google/input__q'

2021-08-16 01:23:43 - [MESSAGE][PASSED] - Text '5+2' is set on object 'Object Repository/While_google/Page_Google/input__q'

2021-08-16 01:23:43 - [TEST_STEP][PASSED] - sendKeys(findTestObject("Object Repository/While_google/Page_Google/input__q"), Keys.chord(ENTER)): Keys 'ENTER + ' sent to object: 'Object Repository/While_google/Page_Google/input__q'

2021-08-16 01:23:45 - [MESSAGE][PASSED] - Keys 'ENTER + ' sent to object: 'Object Repository/While_google/Page_Google/input__q'

2021-08-16 01:23:45 - [TEST_STEP][PASSED] - Resultado = getText(findTestObject("While_google/Extras/Resultado_10")): Text of object 'Object Repository/While_google/Extras/Resultado_10' is: '7'

2021-08-16 01:23:46 - [MESSAGE][PASSED] - Text of object 'Object Repository/While_google/Extras/Resultado_10' is: '7'

2021-08-16 01:23:46 - [TEST_STEP][PASSED] - if (Resultado == "8"): null

2021-08-16 01:23:46 - [TEST_STEP][PASSED] - else: null

2021-08-16 01:23:46 - [TEST_STEP][PASSED] - Bandera = 0: null

2021-08-16 01:23:46 - [TEST_STEP][PASSED] - print(Bandera + "------"): null

2021-08-16 01:23:46 - [TEST_STEP][PASSED] - num = Math.random() * 5 - 1 + 1: null

2021-08-16 01:23:46 - [TEST_STEP][PASSED] - setText(findTestObject("Object Repository/While_google/Page_Google/input__q"), "5+" + num): Text '5+4' is set on object 'Object Repository/While_google/Page_Google/input__q'

2021-08-16 01:23:46 - [MESSAGE][PASSED] - Text '5+4' is set on object 'Object Repository/While_google/Page_Google/input__q'

2021-08-16 01:23:46 - [TEST_STEP][PASSED] - sendKeys(findTestObject("Object Repository/While_google/Page_Google/input__q"), Keys.chord(ENTER)): Keys 'ENTER + ' sent to object: 'Object Repository/While_google/Page_Google/input__q'

2021-08-16 01:23:48 - [MESSAGE][PASSED] - Keys 'ENTER + ' sent to object: 'Object Repository/While_google/Page_Google/input__q'

2021-08-16 01:23:48 - [TEST_STEP][PASSED] - Resultado = getText(findTestObject("While_google/Extras/Resultado_10")): Text of object 'Object Repository/While_google/Extras/Resultado_10' is: '9'

2021-08-16 01:23:48 - [MESSAGE][PASSED] - Text of object 'Object Repository/While_google/Extras/Resultado_10' is: '9'

2021-08-16 01:23:48 - [TEST_STEP][PASSED] - if (Resultado == "8"): null

2021-08-16 01:23:48 - [TEST_STEP][PASSED] - else: null

2021-08-16 01:23:48 - [TEST_STEP][PASSED] - Bandera = 0: null

2021-08-16 01:23:48 - [TEST_STEP][PASSED] - print(Bandera + "------"): null

2021-08-16 01:23:48 - [TEST_STEP][PASSED] - num = Math.random() * 5 - 1 + 1: null

2021-08-16 01:23:48 - [TEST_STEP][PASSED] - setText(findTestObject("Object Repository/While_google/Page_Google/input__q"), "5+" + num): Text '5+3' is set on object 'Object Repository/While_google/Page_Google/input__q'

2021-08-16 01:23:49 - [MESSAGE][PASSED] - Text '5+3' is set on object 'Object Repository/While_google/Page_Google/input__q'

2021-08-16 01:23:49 - [TEST_STEP][PASSED] - sendKeys(findTestObject("Object Repository/While_google/Page_Google/input__q"), Keys.chord(ENTER)): Keys 'ENTER + ' sent to object: 'Object Repository/While_google/Page_Google/input__q'

2021-08-16 01:23:51 - [MESSAGE][PASSED] - Keys 'ENTER + ' sent to object: 'Object Repository/While_google/Page_Google/input__q'

2021-08-16 01:23:51 - [TEST_STEP][PASSED] - Resultado = getText(findTestObject("While_google/Extras/Resultado_10")): Text of object 'Object Repository/While_google/Extras/Resultado_10' is: '8'

2021-08-16 01:23:51 - [MESSAGE][PASSED] - Text of object 'Object Repository/While_google/Extras/Resultado_10' is: '8'

2021-08-16 01:23:51 - [TEST_STEP][PASSED] - if (Resultado == "8"): Browser is closed

2021-08-16 01:23:51 - [TEST_STEP][PASSED] - Bandera = 1: null

2021-08-16 01:23:51 - [TEST_STEP][PASSED] - print("Listo termina"): null

2021-08-16 01:23:51 - [TEST_STEP][PASSED] - closeBrowser(): Browser is closed

2021-08-16 01:23:52 - [MESSAGE][PASSED] - Browser is closed

2021-08-16 01:23:52 - [TEST_STEP][PASSED] - print(Bandera + "------"): null]]></system-out>
         <system-err><![CDATA[]]></system-err>
      </testcase>
      <system-out><![CDATA[2021-08-16 01:23:17 - [TEST_SUITE][PASSED] - IntegracionUno: Test Cases/BUCLES/Reto_while]]></system-out>
      <system-err><![CDATA[]]></system-err>
   </testsuite>
</testsuites>
