<?xml version="1.0" encoding="UTF-8"?>
<testsuites name="apitest" time="326.736" tests="11" failures="0" errors="0">
   <testsuite name="apitest" tests="11" failures="0" errors="0" time="326.736" skipped="0" timestamp="2022-11-30 15:53:48" hostname="admin - 192.168.0.13" id="Test Suites/apitest">
      <properties>
         <property name="deviceName" value=""/>
         <property name="devicePlatform" value=""/>
         <property name="logFolder" value="C:\\Users\\admin\\git\\KatalonCertificacion\\Reports\\20221130_155231\\apitest\\20221130_155240"/>
         <property name="logFiles" value="C:\\Users\\admin\\git\\KatalonCertificacion\\Reports\\20221130_155231\\apitest\\20221130_155240\\execution0.log"/>
         <property name="attachments" value=""/>
         <property name="hostName" value="admin - 192.168.0.13"/>
         <property name="hostAddress" value="192.168.0.13"/>
         <property name="os" value="Windows 10 64bit"/>
         <property name="katalonVersion" value="8.5.2.208"/>
      </properties>
      <testcase name="Test Cases/API_TEST1/AddUser" time="66.473" classname="Test Cases/API_TEST1/AddUser" status="PASSED">
         <system-out><![CDATA[2022-11-30 15:53:51 - [TEST_CASE][PASSED] - Test Cases/API_TEST1/AddUser: Test Cases/API_TEST1/AddUser

2022-11-30 15:54:01 - [TEST_STEP][PASSED] - Response = sendRequest(findTestObject("API_TEST1/AddUser")): Send request successfully

2022-11-30 15:54:54 - [MESSAGE][INFO] - HAR: C:\Users\admin\git\KatalonCertificacion\Reports\20221130_155231\apitest\20221130_155240\requests\main\0.har

2022-11-30 15:54:57 - [MESSAGE][PASSED] - Send request successfully

2022-11-30 15:54:57 - [TEST_STEP][PASSED] - verifyResponseStatusCode(Response, 200): Verify response status code successfully

2022-11-30 15:54:58 - [MESSAGE][PASSED] - Verify response status code successfully

2022-11-30 15:54:58 - [TEST_STEP][PASSED] - print(Response.getResponseText()): null]]></system-out>
         <system-err><![CDATA[]]></system-err>
      </testcase>
      <testcase name="Test Cases/API_TEST1/TEST_ESTUDIANTES" time="13.097" classname="Test Cases/API_TEST1/TEST_ESTUDIANTES" status="PASSED">
         <system-out><![CDATA[2022-11-30 15:54:58 - [TEST_CASE][PASSED] - Test Cases/API_TEST1/TEST_ESTUDIANTES: Test Cases/API_TEST1/TEST_ESTUDIANTES

2022-11-30 15:55:08 - [TEST_STEP][PASSED] - Response = sendRequest(findTestObject("API_TEST1/Get_user")): Send request successfully

2022-11-30 15:55:11 - [MESSAGE][INFO] - HAR: C:\Users\admin\git\KatalonCertificacion\Reports\20221130_155231\apitest\20221130_155240\requests\main\1.har

2022-11-30 15:55:11 - [MESSAGE][PASSED] - Send request successfully

2022-11-30 15:55:11 - [TEST_STEP][PASSED] - print(Response.getResponseText()): null

2022-11-30 15:55:11 - [TEST_STEP][PASSED] - verifyResponseStatusCode(Response, 200): Verify response status code successfully

2022-11-30 15:55:11 - [MESSAGE][PASSED] - Verify response status code successfully]]></system-out>
         <system-err><![CDATA[]]></system-err>
      </testcase>
      <testcase name="Test Cases/API_TEST1/Test_Estudiante_id" time="15.465" classname="Test Cases/API_TEST1/Test_Estudiante_id" status="PASSED">
         <system-out><![CDATA[2022-11-30 15:55:11 - [TEST_CASE][PASSED] - Test Cases/API_TEST1/Test_Estudiante_id: Test Cases/API_TEST1/Test_Estudiante_id

2022-11-30 15:55:23 - [TEST_STEP][PASSED] - Response = sendRequest(findTestObject("API_TEST1/StudentID")): Send request successfully

2022-11-30 15:55:26 - [MESSAGE][INFO] - HAR: C:\Users\admin\git\KatalonCertificacion\Reports\20221130_155231\apitest\20221130_155240\requests\main\2.har

2022-11-30 15:55:26 - [MESSAGE][PASSED] - Send request successfully

2022-11-30 15:55:26 - [TEST_STEP][PASSED] - verifyResponseStatusCode(Response, 200): Verify response status code successfully

2022-11-30 15:55:26 - [MESSAGE][PASSED] - Verify response status code successfully

2022-11-30 15:55:26 - [TEST_STEP][PASSED] - print(Response.getResponseText()): null

2022-11-30 15:55:26 - [TEST_STEP][PASSED] - verifyElementPropertyValue(Response, "data.last_name", "Wong"): Verify element property value successfully

2022-11-30 15:55:26 - [MESSAGE][PASSED] - Verify element property value successfully

2022-11-30 15:55:26 - [TEST_STEP][PASSED] - verifyElementPropertyValue(Response, "support.text", "To keep ReqRes free, contributions towards server costs are appreciated!"): Verify element property value successfully

2022-11-30 15:55:27 - [MESSAGE][PASSED] - Verify element property value successfully]]></system-out>
         <system-err><![CDATA[]]></system-err>
      </testcase>
      <testcase name="Test Cases/API_TEST1/UpdateUser" time="20.647" classname="Test Cases/API_TEST1/UpdateUser" status="PASSED">
         <system-out><![CDATA[2022-11-30 15:55:27 - [TEST_CASE][PASSED] - Test Cases/API_TEST1/UpdateUser: Test Cases/API_TEST1/UpdateUser

2022-11-30 15:55:43 - [TEST_STEP][PASSED] - Response = sendRequest(findTestObject("API_TEST1/UpdateUser", ["id":1])): Send request successfully

2022-11-30 15:55:47 - [MESSAGE][INFO] - HAR: C:\Users\admin\git\KatalonCertificacion\Reports\20221130_155231\apitest\20221130_155240\requests\main\3.har

2022-11-30 15:55:47 - [MESSAGE][PASSED] - Send request successfully

2022-11-30 15:55:47 - [TEST_STEP][PASSED] - verifyResponseStatusCode(Response, 200): Verify response status code successfully

2022-11-30 15:55:47 - [MESSAGE][PASSED] - Verify response status code successfully]]></system-out>
         <system-err><![CDATA[]]></system-err>
      </testcase>
      <testcase name="Test Cases/API_TEST2/AddUser" time="26.884" classname="Test Cases/API_TEST2/AddUser" status="PASSED">
         <system-out><![CDATA[2022-11-30 15:55:47 - [TEST_CASE][PASSED] - Test Cases/API_TEST2/AddUser: Test Cases/API_TEST2/AddUser

2022-11-30 15:56:05 - [TEST_STEP][PASSED] - Response = sendRequest(findTestObject("API_TEST2/AddUser")): Send request successfully

2022-11-30 15:56:14 - [MESSAGE][INFO] - HAR: C:\Users\admin\git\KatalonCertificacion\Reports\20221130_155231\apitest\20221130_155240\requests\main\4.har

2022-11-30 15:56:14 - [MESSAGE][PASSED] - Send request successfully

2022-11-30 15:56:14 - [TEST_STEP][PASSED] - print(Response.getResponseText()): null

2022-11-30 15:56:14 - [TEST_STEP][PASSED] - verifyResponseStatusCode(Response, 201): Verify response status code successfully

2022-11-30 15:56:14 - [MESSAGE][PASSED] - Verify response status code successfully]]></system-out>
         <system-err><![CDATA[]]></system-err>
      </testcase>
      <testcase name="Test Cases/API_TEST2/AddUserDinamic" time="51.964" classname="Test Cases/API_TEST2/AddUserDinamic" status="PASSED">
         <system-out><![CDATA[2022-11-30 15:56:14 - [TEST_CASE][PASSED] - Test Cases/API_TEST2/AddUserDinamic: Test Cases/API_TEST2/AddUserDinamic

2022-11-30 15:56:55 - [TEST_STEP][PASSED] - Response = sendRequest(findTestObject("API_TEST2/AddUserDinamic", ["Nom":"Efrain", "Dep":"Informatica"])): Send request successfully

2022-11-30 15:57:06 - [MESSAGE][INFO] - HAR: C:\Users\admin\git\KatalonCertificacion\Reports\20221130_155231\apitest\20221130_155240\requests\main\5.har

2022-11-30 15:57:06 - [MESSAGE][PASSED] - Send request successfully

2022-11-30 15:57:06 - [TEST_STEP][PASSED] - print(Response.getResponseText()): null]]></system-out>
         <system-err><![CDATA[]]></system-err>
      </testcase>
      <testcase name="Test Cases/API_TEST2/API_USUARIOS" time="17.517" classname="Test Cases/API_TEST2/API_USUARIOS" status="PASSED">
         <system-out><![CDATA[2022-11-30 15:57:06 - [TEST_CASE][PASSED] - Test Cases/API_TEST2/API_USUARIOS: Test Cases/API_TEST2/API_USUARIOS

2022-11-30 15:57:22 - [TEST_STEP][PASSED] - Response = sendRequest(findTestObject("API_TEST2/Get_Usuarios")): Send request successfully

2022-11-30 15:57:24 - [MESSAGE][INFO] - HAR: C:\Users\admin\git\KatalonCertificacion\Reports\20221130_155231\apitest\20221130_155240\requests\main\6.har

2022-11-30 15:57:24 - [MESSAGE][PASSED] - Send request successfully

2022-11-30 15:57:24 - [TEST_STEP][PASSED] - print(Response.getResponseText()): null

2022-11-30 15:57:24 - [TEST_STEP][PASSED] - verifyResponseStatusCode(Response, 200): Verify response status code successfully

2022-11-30 15:57:24 - [MESSAGE][PASSED] - Verify response status code successfully]]></system-out>
         <system-err><![CDATA[]]></system-err>
      </testcase>
      <testcase name="Test Cases/API_TEST2/DeleteUser" time="27.183" classname="Test Cases/API_TEST2/DeleteUser" status="PASSED">
         <system-out><![CDATA[2022-11-30 15:57:24 - [TEST_CASE][PASSED] - Test Cases/API_TEST2/DeleteUser: Test Cases/API_TEST2/DeleteUser

2022-11-30 15:57:43 - [TEST_STEP][PASSED] - Response = sendRequest(findTestObject("API_TEST2/Delete_user", ["id":7])): Send request successfully

2022-11-30 15:57:51 - [MESSAGE][INFO] - HAR: C:\Users\admin\git\KatalonCertificacion\Reports\20221130_155231\apitest\20221130_155240\requests\main\7.har

2022-11-30 15:57:51 - [MESSAGE][PASSED] - Send request successfully]]></system-out>
         <system-err><![CDATA[]]></system-err>
      </testcase>
      <testcase name="Test Cases/API_TEST2/Student_ID_Dinamic" time="34.025" classname="Test Cases/API_TEST2/Student_ID_Dinamic" status="PASSED">
         <system-out><![CDATA[2022-11-30 15:57:51 - [TEST_CASE][PASSED] - Test Cases/API_TEST2/Student_ID_Dinamic: Test Cases/API_TEST2/Student_ID_Dinamic

2022-11-30 15:58:18 - [TEST_STEP][PASSED] - Response = sendRequest(findTestObject("API_TEST2/BuscarId_Dinamic", ["id":3])): Send request successfully

2022-11-30 15:58:25 - [MESSAGE][INFO] - HAR: C:\Users\admin\git\KatalonCertificacion\Reports\20221130_155231\apitest\20221130_155240\requests\main\8.har

2022-11-30 15:58:25 - [MESSAGE][PASSED] - Send request successfully

2022-11-30 15:58:25 - [TEST_STEP][PASSED] - verifyResponseStatusCode(Response, 200): Verify response status code successfully

2022-11-30 15:58:25 - [MESSAGE][PASSED] - Verify response status code successfully

2022-11-30 15:58:25 - [TEST_STEP][PASSED] - print(Response.getResponseText()): null]]></system-out>
         <system-err><![CDATA[]]></system-err>
      </testcase>
      <testcase name="Test Cases/API_TEST2/UpdateUser" time="26.176" classname="Test Cases/API_TEST2/UpdateUser" status="PASSED">
         <system-out><![CDATA[2022-11-30 15:58:25 - [TEST_CASE][PASSED] - Test Cases/API_TEST2/UpdateUser: Test Cases/API_TEST2/UpdateUser

2022-11-30 15:58:45 - [TEST_STEP][PASSED] - Response = sendRequest(findTestObject("API_TEST2/UpdateUser", ["id":3])): Send request successfully

2022-11-30 15:58:51 - [MESSAGE][INFO] - HAR: C:\Users\admin\git\KatalonCertificacion\Reports\20221130_155231\apitest\20221130_155240\requests\main\9.har

2022-11-30 15:58:51 - [MESSAGE][PASSED] - Send request successfully

2022-11-30 15:58:51 - [TEST_STEP][PASSED] - verifyResponseStatusCode(Response, 200): Verify response status code successfully

2022-11-30 15:58:51 - [MESSAGE][PASSED] - Verify response status code successfully

2022-11-30 15:58:51 - [TEST_STEP][PASSED] - print(Response.getResponseText()): null]]></system-out>
         <system-err><![CDATA[]]></system-err>
      </testcase>
      <testcase name="Test Cases/API_TEST2/Usuario_ID" time="24.159" classname="Test Cases/API_TEST2/Usuario_ID" status="PASSED">
         <system-out><![CDATA[2022-11-30 15:58:51 - [TEST_CASE][PASSED] - Test Cases/API_TEST2/Usuario_ID: Test Cases/API_TEST2/Usuario_ID

2022-11-30 15:59:10 - [TEST_STEP][PASSED] - Response = sendRequest(findTestObject("API_TEST2/Students_id")): Send request successfully

2022-11-30 15:59:14 - [MESSAGE][INFO] - HAR: C:\Users\admin\git\KatalonCertificacion\Reports\20221130_155231\apitest\20221130_155240\requests\main\10.har

2022-11-30 15:59:14 - [MESSAGE][PASSED] - Send request successfully

2022-11-30 15:59:14 - [TEST_STEP][PASSED] - print(Response.getResponseText()): null

2022-11-30 15:59:14 - [TEST_STEP][PASSED] - verifyElementPropertyValue(Response, "data.email", "janet.weaver@reqres.in"): Verify element property value successfully

2022-11-30 15:59:14 - [MESSAGE][PASSED] - Verify element property value successfully

2022-11-30 15:59:14 - [TEST_STEP][PASSED] - verifyElementPropertyValue(Response, "support.text", "To keep ReqRes free, contributions towards server costs are appreciated!"): Verify element property value successfully

2022-11-30 15:59:15 - [MESSAGE][PASSED] - Verify element property value successfully

2022-11-30 15:59:15 - [TEST_STEP][PASSED] - verifyResponseStatusCode(Response, 200): Verify response status code successfully

2022-11-30 15:59:15 - [MESSAGE][PASSED] - Verify response status code successfully]]></system-out>
         <system-err><![CDATA[]]></system-err>
      </testcase>
      <system-out><![CDATA[2022-11-30 15:53:48 - [TEST_SUITE][PASSED] - apitest: Test Cases/API_TEST2/Usuario_ID]]></system-out>
      <system-err><![CDATA[]]></system-err>
   </testsuite>
</testsuites>
