<?xml version="1.0" encoding="UTF-8"?>
<testsuites name="testCLoud" time="1660.726" tests="34" failures="0" errors="0">
   <testsuite name="testCLoud" tests="34" failures="0" errors="0" time="1660.726" skipped="0" timestamp="2022-11-30 12:12:54" hostname="admin - 192.168.0.13" id="Test Suites/testCLoud">
      <properties>
         <property name="deviceName" value=""/>
         <property name="devicePlatform" value=""/>
         <property name="logFolder" value="C:\\Users\\admin\\git\\KatalonCertificacion\\Reports\\20221130_121240\\testCLoud\\20221130_121240"/>
         <property name="logFiles" value="C:\\Users\\admin\\git\\KatalonCertificacion\\Reports\\20221130_121240\\testCLoud\\20221130_121240\\execution0.log"/>
         <property name="attachments" value=""/>
         <property name="hostName" value="admin - 192.168.0.13"/>
         <property name="os" value="Windows 10 64bit"/>
         <property name="katalonVersion" value="8.5.2.208"/>
         <property name="browser" value="Chrome 107.0.0.0"/>
         <property name="hostAddress" value="192.168.0.13"/>
         <property name="sessionId" value="74519d023269cea2b28acfaa27fc44b1"/>
         <property name="seleniumVersion" value="3.141.59"/>
         <property name="proxyInformation" value="ProxyInformation { proxyOption=NO_PROXY, proxyServerType=HTTP, username=, password=********, proxyServerAddress=, proxyServerPort=0, executionList=&quot;&quot;, isApplyToDesiredCapabilities=true }"/>
         <property name="platform" value="Windows 10"/>
      </properties>
      <testcase name="Test Cases/Navegador/Navegador" time="15.098" classname="Test Cases/Navegador/Navegador" status="PASSED">
         <system-out><![CDATA[2022-11-30 12:12:55 - [TEST_CASE][PASSED] - Test Cases/Navegador/Navegador: Test Cases/Navegador/Navegador

2022-11-30 12:12:55 - [TEST_STEP][PASSED] - openBrowser("https://demoqa.com/text-box"): Browser is opened with url: 'https://demoqa.com/text-box'

2022-11-30 12:12:56 - [MESSAGE][INFO] - Starting 'Chrome' driver

2022-11-30 12:12:56 - [MESSAGE][INFO] - Action delay is set to 0 milliseconds

2022-11-30 12:13:09 - [MESSAGE][PASSED] - Browser is opened with url: 'https://demoqa.com/text-box'

2022-11-30 12:13:09 - [TEST_STEP][PASSED] - maximizeWindow(): Current window maximized

2022-11-30 12:13:09 - [MESSAGE][PASSED] - Current window maximized

2022-11-30 12:13:09 - [TEST_STEP][PASSED] - page_url = getUrl(): Current window's url is: 'https://demoqa.com/text-box'

2022-11-30 12:13:09 - [MESSAGE][PASSED] - Current window's url is: 'https://demoqa.com/text-box'

2022-11-30 12:13:09 - [TEST_STEP][PASSED] - print(page_url): null

2022-11-30 12:13:09 - [TEST_STEP][PASSED] - Titulo = getWindowTitle(): Current window's title is: 'ToolsQA'

2022-11-30 12:13:09 - [MESSAGE][PASSED] - Current window's title is: 'ToolsQA'

2022-11-30 12:13:09 - [TEST_STEP][PASSED] - print("titiulo de la pagina" + Titulo): null

2022-11-30 12:13:09 - [TEST_STEP][PASSED] - closeBrowser(): Browser is closed

2022-11-30 12:13:10 - [MESSAGE][PASSED] - Browser is closed]]></system-out>
         <system-err><![CDATA[]]></system-err>
      </testcase>
      <testcase name="Test Cases/Objecto_xpath/Caso_xpath" time="67.395" classname="Test Cases/Objecto_xpath/Caso_xpath" status="PASSED">
         <system-out><![CDATA[2022-11-30 12:13:10 - [TEST_CASE][PASSED] - Test Cases/Objecto_xpath/Caso_xpath: Test Cases/Objecto_xpath/Caso_xpath

2022-11-30 12:13:10 - [TEST_STEP][PASSED] - openBrowser(""): Browser is opened with url: ''

2022-11-30 12:13:10 - [MESSAGE][INFO] - Starting 'Chrome' driver

2022-11-30 12:13:10 - [MESSAGE][INFO] - Action delay is set to 0 milliseconds

2022-11-30 12:13:12 - [MESSAGE][PASSED] - Browser is opened with url: ''

2022-11-30 12:13:12 - [TEST_STEP][PASSED] - navigateToUrl("https://demoqa.com/text-box"): Navigate to 'https://demoqa.com/text-box' successfully

2022-11-30 12:14:11 - [MESSAGE][PASSED] - Navigate to 'https://demoqa.com/text-box' successfully

2022-11-30 12:14:11 - [TEST_STEP][PASSED] - maximizeWindow(): Current window maximized

2022-11-30 12:14:11 - [MESSAGE][PASSED] - Current window maximized

2022-11-30 12:14:11 - [TEST_STEP][PASSED] - setText(findTestObject("Objeto_xpath/Campo_nombre"), "Ljubo"): Text 'Ljubo' is set on object 'Object Repository/Objeto_xpath/Campo_nombre'

2022-11-30 12:14:13 - [MESSAGE][PASSED] - Text 'Ljubo' is set on object 'Object Repository/Objeto_xpath/Campo_nombre'

2022-11-30 12:14:13 - [TEST_STEP][PASSED] - delay(3): Delayed 3 second(s)

2022-11-30 12:14:16 - [MESSAGE][PASSED] - Delayed 3 second(s)

2022-11-30 12:14:16 - [TEST_STEP][PASSED] - closeBrowser(): Browser is closed

2022-11-30 12:14:17 - [MESSAGE][PASSED] - Browser is closed]]></system-out>
         <system-err><![CDATA[]]></system-err>
      </testcase>
      <testcase name="Test Cases/Condicionales_If/Condicionar_titulo" time="268.122" classname="Test Cases/Condicionales_If/Condicionar_titulo" status="PASSED">
         <system-out><![CDATA[2022-11-30 12:14:17 - [TEST_CASE][PASSED] - Test Cases/Condicionales_If/Condicionar_titulo: Test Cases/Condicionales_If/Condicionar_titulo

2022-11-30 12:14:18 - [TEST_STEP][PASSED] - openBrowser(""): Browser is opened with url: ''

2022-11-30 12:14:18 - [MESSAGE][INFO] - Starting 'Chrome' driver

2022-11-30 12:14:18 - [MESSAGE][INFO] - Action delay is set to 0 milliseconds

2022-11-30 12:14:19 - [MESSAGE][PASSED] - Browser is opened with url: ''

2022-11-30 12:14:19 - [TEST_STEP][PASSED] - navigateToUrl("https://demoqa.com/"): Navigate to 'https://demoqa.com/' successfully

2022-11-30 12:18:23 - [MESSAGE][PASSED] - Navigate to 'https://demoqa.com/' successfully

2022-11-30 12:18:23 - [TEST_STEP][PASSED] - maximizeWindow(): Current window maximized

2022-11-30 12:18:23 - [MESSAGE][PASSED] - Current window maximized

2022-11-30 12:18:23 - [TEST_STEP][PASSED] - waitForPageLoad(5): Wait for page load successfully

2022-11-30 12:18:24 - [MESSAGE][PASSED] - Wait for page load successfully

2022-11-30 12:18:24 - [TEST_STEP][PASSED] - Existe = waitForElementVisible(findTestObject("Condicionales/Texto_radio"), 3): Web element with id: 'Object Repository/Condicionales/Texto_radio' located by '//div[@class='main-header'][contains(.,'Radio Button')]' not found

2022-11-30 12:18:28 - [MESSAGE][INFO] - Unable to find the element located by 'By.xpath: //div[@class='main-header'][contains(.,'Radio Button')]'. Please recheck the objects properties to make sure the desired element is located. 

2022-11-30 12:18:28 - [MESSAGE][WARNING] - [SELF-HEALING] Failed to find element with id 'Object Repository/Condicionales/Texto_radio'. Try using Self-healing.

2022-11-30 12:18:29 - [MESSAGE][INFO] - [SELF-HEALING] No working XPath is found.

2022-11-30 12:18:30 - [MESSAGE][INFO] - Unable to find the element located by 'By.xpath: '. Please recheck the objects properties to make sure the desired element is located. 

2022-11-30 12:18:30 - [MESSAGE][WARNING] - [SELF-HEALING] Cannot find elements when the selector is null

2022-11-30 12:18:30 - [MESSAGE][WARNING] - Web element with id: 'Object Repository/Condicionales/Texto_radio' located by '//div[@class='main-header'][contains(.,'Radio Button')]' not found

2022-11-30 12:18:30 - [TEST_STEP][PASSED] - print(Existe): null

2022-11-30 12:18:30 - [TEST_STEP][PASSED] - if (Existe == true): null

2022-11-30 12:18:30 - [TEST_STEP][PASSED] - else: Browser is closed

2022-11-30 12:18:30 - [TEST_STEP][PASSED] - print("-----  Error no esta el elemento de texto radio ------"): null

2022-11-30 12:18:30 - [TEST_STEP][PASSED] - navigateToUrl("https://demoqa.com/radio-button"): Navigate to 'https://demoqa.com/radio-button' successfully

2022-11-30 12:18:39 - [MESSAGE][PASSED] - Navigate to 'https://demoqa.com/radio-button' successfully

2022-11-30 12:18:39 - [TEST_STEP][PASSED] - click(findTestObject("Condicionales/Objeto_yes")): Object: 'Object Repository/Condicionales/Objeto_yes' is clicked on

2022-11-30 12:18:43 - [MESSAGE][PASSED] - Object: 'Object Repository/Condicionales/Objeto_yes' is clicked on

2022-11-30 12:18:43 - [TEST_STEP][PASSED] - delay(2): Delayed 2 second(s)

2022-11-30 12:18:45 - [MESSAGE][PASSED] - Delayed 2 second(s)

2022-11-30 12:18:45 - [TEST_STEP][PASSED] - closeBrowser(): Browser is closed

2022-11-30 12:18:45 - [MESSAGE][PASSED] - Browser is closed]]></system-out>
         <system-err><![CDATA[]]></system-err>
      </testcase>
      <testcase name="Test Cases/Condicionales_If/Test_1" time="0.66" classname="Test Cases/Condicionales_If/Test_1" status="PASSED">
         <system-out><![CDATA[2022-11-30 12:18:45 - [TEST_CASE][PASSED] - Test Cases/Condicionales_If/Test_1: Test Cases/Condicionales_If/Test_1

2022-11-30 12:18:46 - [TEST_STEP][PASSED] - if (num == 10): null

2022-11-30 12:18:46 - [TEST_STEP][PASSED] - else: null

2022-11-30 12:18:46 - [TEST_STEP][PASSED] - print("El numero no es un 10 es el numero:  " + num + "#####"): null]]></system-out>
         <system-err><![CDATA[]]></system-err>
      </testcase>
      <testcase name="Test Cases/Condicionales_If/Test_2" time="0.515" classname="Test Cases/Condicionales_If/Test_2" status="PASSED">
         <system-out><![CDATA[2022-11-30 12:18:46 - [TEST_CASE][PASSED] - Test Cases/Condicionales_If/Test_2: Test Cases/Condicionales_If/Test_2

2022-11-30 12:18:47 - [TEST_STEP][PASSED] - if (num == 5): null

2022-11-30 12:18:47 - [TEST_STEP][PASSED] - if (num == 10): null

2022-11-30 12:18:47 - [TEST_STEP][PASSED] - println("El valor de la variables es un: 10"): null]]></system-out>
         <system-err><![CDATA[]]></system-err>
      </testcase>
      <testcase name="Test Cases/Condicionales_If/Test_3" time="0.45" classname="Test Cases/Condicionales_If/Test_3" status="PASSED">
         <system-out><![CDATA[2022-11-30 12:18:47 - [TEST_CASE][PASSED] - Test Cases/Condicionales_If/Test_3: Test Cases/Condicionales_If/Test_3

2022-11-30 12:18:47 - [TEST_STEP][PASSED] - if (nombre == "Juan"): null

2022-11-30 12:18:47 - [TEST_STEP][PASSED] - if (nombre == "JUan"): null

2022-11-30 12:18:47 - [TEST_STEP][PASSED] - if (nombre == "juan"): null

2022-11-30 12:18:47 - [TEST_STEP][PASSED] - println("Tu nombre es juan"): null]]></system-out>
         <system-err><![CDATA[]]></system-err>
      </testcase>
      <testcase name="Test Cases/Condicionales_If/Test_4" time="0.493" classname="Test Cases/Condicionales_If/Test_4" status="PASSED">
         <system-out><![CDATA[2022-11-30 12:18:47 - [TEST_CASE][PASSED] - Test Cases/Condicionales_If/Test_4: Test Cases/Condicionales_If/Test_4

2022-11-30 12:18:48 - [TEST_STEP][PASSED] - if (num <= 7): null

2022-11-30 12:18:48 - [TEST_STEP][PASSED] - println("El numero es menor ó igual que 5"): null

2022-11-30 12:18:48 - [TEST_STEP][PASSED] - if (num >= 8): null

2022-11-30 12:18:48 - [TEST_STEP][PASSED] - if (num != 5): null]]></system-out>
         <system-err><![CDATA[]]></system-err>
      </testcase>
      <testcase name="Test Cases/Condicionales_If/Test_edad" time="0.507" classname="Test Cases/Condicionales_If/Test_edad" status="PASSED">
         <system-out><![CDATA[2022-11-30 12:18:48 - [TEST_CASE][PASSED] - Test Cases/Condicionales_If/Test_edad: Test Cases/Condicionales_If/Test_edad

2022-11-30 12:18:48 - [TEST_STEP][PASSED] - if (edad >= 1 && edad <= 17): null

2022-11-30 12:18:48 - [TEST_STEP][PASSED] - else if (edad == 18): null

2022-11-30 12:18:48 - [TEST_STEP][PASSED] - else if (edad <= 0): null

2022-11-30 12:18:48 - [TEST_STEP][PASSED] - else if (edad == 120): null

2022-11-30 12:18:48 - [TEST_STEP][PASSED] - else: null

2022-11-30 12:18:48 - [TEST_STEP][PASSED] - print("No se cumple ninguna de las opciones"): null]]></system-out>
         <system-err><![CDATA[]]></system-err>
      </testcase>
      <testcase name="Test Cases/Condicionales_If/Test_valor" time="100.993" classname="Test Cases/Condicionales_If/Test_valor" status="PASSED">
         <system-out><![CDATA[2022-11-30 12:18:48 - [TEST_CASE][PASSED] - Test Cases/Condicionales_If/Test_valor: Test Cases/Condicionales_If/Test_valor

2022-11-30 12:18:49 - [TEST_STEP][PASSED] - openBrowser(""): Browser is opened with url: ''

2022-11-30 12:18:49 - [MESSAGE][INFO] - Starting 'Chrome' driver

2022-11-30 12:18:49 - [MESSAGE][INFO] - Action delay is set to 0 milliseconds

2022-11-30 12:18:50 - [MESSAGE][PASSED] - Browser is opened with url: ''

2022-11-30 12:18:50 - [TEST_STEP][PASSED] - navigateToUrl("https://demoqa.com/"): Navigate to 'https://demoqa.com/' successfully

2022-11-30 12:20:19 - [MESSAGE][PASSED] - Navigate to 'https://demoqa.com/' successfully

2022-11-30 12:20:19 - [TEST_STEP][PASSED] - maximizeWindow(): Current window maximized

2022-11-30 12:20:20 - [MESSAGE][PASSED] - Current window maximized

2022-11-30 12:20:20 - [TEST_STEP][PASSED] - waitForPageLoad(10): Wait for page load successfully

2022-11-30 12:20:20 - [MESSAGE][PASSED] - Wait for page load successfully

2022-11-30 12:20:20 - [TEST_STEP][PASSED] - Existe = waitForElementVisible(findTestObject("Condicionales/titulo1"), 5): Web element with id: 'Object Repository/Condicionales/titulo1' located by '//div[@class='main-header'][contains(.,'Radio Button')]' not found

2022-11-30 12:20:26 - [MESSAGE][INFO] - Unable to find the element located by 'By.xpath: //div[@class='main-header'][contains(.,'Radio Button')]'. Please recheck the objects properties to make sure the desired element is located. 

2022-11-30 12:20:26 - [MESSAGE][WARNING] - [SELF-HEALING] Failed to find element with id 'Object Repository/Condicionales/titulo1'. Try using Self-healing.

2022-11-30 12:20:27 - [MESSAGE][INFO] - [SELF-HEALING] No working XPath is found.

2022-11-30 12:20:28 - [MESSAGE][INFO] - Unable to find the element located by 'By.xpath: '. Please recheck the objects properties to make sure the desired element is located. 

2022-11-30 12:20:28 - [MESSAGE][WARNING] - [SELF-HEALING] Cannot find elements when the selector is null

2022-11-30 12:20:28 - [MESSAGE][WARNING] - Web element with id: 'Object Repository/Condicionales/titulo1' located by '//div[@class='main-header'][contains(.,'Radio Button')]' not found

2022-11-30 12:20:28 - [TEST_STEP][PASSED] - if (Existe == true): null

2022-11-30 12:20:28 - [TEST_STEP][PASSED] - else: Browser is closed

2022-11-30 12:20:28 - [TEST_STEP][PASSED] - print("No estas en la página correcta"): null

2022-11-30 12:20:28 - [TEST_STEP][PASSED] - closeBrowser(): Browser is closed

2022-11-30 12:20:29 - [MESSAGE][PASSED] - Browser is closed]]></system-out>
         <system-err><![CDATA[]]></system-err>
      </testcase>
      <testcase name="Test Cases/BUCLES/Reto_For" time="50.283" classname="Test Cases/BUCLES/Reto_For" status="PASSED">
         <system-out><![CDATA[2022-11-30 12:20:29 - [TEST_CASE][PASSED] - Test Cases/BUCLES/Reto_For: Test Cases/BUCLES/Reto_For

2022-11-30 12:20:30 - [TEST_STEP][PASSED] - openBrowser(""): Browser is opened with url: ''

2022-11-30 12:20:30 - [MESSAGE][INFO] - Starting 'Chrome' driver

2022-11-30 12:20:30 - [MESSAGE][INFO] - Action delay is set to 0 milliseconds

2022-11-30 12:20:31 - [MESSAGE][PASSED] - Browser is opened with url: ''

2022-11-30 12:20:31 - [TEST_STEP][PASSED] - navigateToUrl("https://demoqa.com/text-box"): Navigate to 'https://demoqa.com/text-box' successfully

2022-11-30 12:20:57 - [MESSAGE][PASSED] - Navigate to 'https://demoqa.com/text-box' successfully

2022-11-30 12:20:57 - [TEST_STEP][PASSED] - maximizeWindow(): Current window maximized

2022-11-30 12:20:57 - [MESSAGE][PASSED] - Current window maximized

2022-11-30 12:20:57 - [TEST_STEP][PASSED] - waitForPageLoad(5): Wait for page load successfully

2022-11-30 12:20:57 - [MESSAGE][PASSED] - Wait for page load successfully

2022-11-30 12:20:57 - [TEST_STEP][PASSED] - for ([x = 1, x <= 4, (x++)]): Browser is scrolled to position x = 0, y = 100

2022-11-30 12:20:57 - [TEST_STEP][PASSED] - z = ["Carlos", "Erika", "Paco", "Rodrigo", "Juan"]: null

2022-11-30 12:20:57 - [TEST_STEP][PASSED] - rn = new java.util.Random(): null

2022-11-30 12:20:57 - [TEST_STEP][PASSED] - tx_nombre = z[rn.nextInt(size)]: null

2022-11-30 12:20:57 - [TEST_STEP][PASSED] - setText(findTestObject("Object Repository/Reto_for/Page_ToolsQA/input_Full Name_userName"), tx_nombre): Text 'Erika' is set on object 'Object Repository/Reto_for/Page_ToolsQA/input_Full Name_userName'

2022-11-30 12:21:03 - [MESSAGE][PASSED] - Text 'Erika' is set on object 'Object Repository/Reto_for/Page_ToolsQA/input_Full Name_userName'

2022-11-30 12:21:03 - [TEST_STEP][PASSED] - setText(findTestObject("Object Repository/Reto_for/Page_ToolsQA/input_Email_userEmail"), tx_nombre + "@gmail.com"): Text 'Erika@gmail.com' is set on object 'Object Repository/Reto_for/Page_ToolsQA/input_Email_userEmail'

2022-11-30 12:21:04 - [MESSAGE][PASSED] - Text 'Erika@gmail.com' is set on object 'Object Repository/Reto_for/Page_ToolsQA/input_Email_userEmail'

2022-11-30 12:21:04 - [TEST_STEP][PASSED] - setText(findTestObject("Object Repository/Reto_for/Page_ToolsQA/textarea_Current Address_currentAddress"), "Dirección#" + x): Text 'Dirección#1' is set on object 'Object Repository/Reto_for/Page_ToolsQA/textarea_Current Address_currentAddress'

2022-11-30 12:21:05 - [MESSAGE][PASSED] - Text 'Dirección#1' is set on object 'Object Repository/Reto_for/Page_ToolsQA/textarea_Current Address_currentAddress'

2022-11-30 12:21:05 - [TEST_STEP][PASSED] - setText(findTestObject("Object Repository/Reto_for/Page_ToolsQA/textarea_Permanent Address_permanentAddress"), "Dirección dos#" + x): Text 'Dirección dos#1' is set on object 'Object Repository/Reto_for/Page_ToolsQA/textarea_Permanent Address_permanentAddress'

2022-11-30 12:21:06 - [MESSAGE][PASSED] - Text 'Dirección dos#1' is set on object 'Object Repository/Reto_for/Page_ToolsQA/textarea_Permanent Address_permanentAddress'

2022-11-30 12:21:06 - [TEST_STEP][PASSED] - scrollToPosition(0, 500): Browser is scrolled to position x = 0, y = 500

2022-11-30 12:21:06 - [MESSAGE][PASSED] - Browser is scrolled to position x = 0, y = 500

2022-11-30 12:21:06 - [TEST_STEP][PASSED] - click(findTestObject("Object Repository/Reto_for/Page_ToolsQA/button_Submit")): Object: 'Object Repository/Reto_for/Page_ToolsQA/button_Submit' is clicked on

2022-11-30 12:21:06 - [MESSAGE][PASSED] - Object: 'Object Repository/Reto_for/Page_ToolsQA/button_Submit' is clicked on

2022-11-30 12:21:06 - [TEST_STEP][PASSED] - scrollToPosition(0, 100): Browser is scrolled to position x = 0, y = 100

2022-11-30 12:21:06 - [MESSAGE][PASSED] - Browser is scrolled to position x = 0, y = 100

2022-11-30 12:21:06 - [TEST_STEP][PASSED] - z = ["Carlos", "Erika", "Paco", "Rodrigo", "Juan"]: null

2022-11-30 12:21:06 - [TEST_STEP][PASSED] - rn = new java.util.Random(): null

2022-11-30 12:21:06 - [TEST_STEP][PASSED] - tx_nombre = z[rn.nextInt(size)]: null

2022-11-30 12:21:06 - [TEST_STEP][PASSED] - setText(findTestObject("Object Repository/Reto_for/Page_ToolsQA/input_Full Name_userName"), tx_nombre): Text 'Carlos' is set on object 'Object Repository/Reto_for/Page_ToolsQA/input_Full Name_userName'

2022-11-30 12:21:07 - [MESSAGE][PASSED] - Text 'Carlos' is set on object 'Object Repository/Reto_for/Page_ToolsQA/input_Full Name_userName'

2022-11-30 12:21:07 - [TEST_STEP][PASSED] - setText(findTestObject("Object Repository/Reto_for/Page_ToolsQA/input_Email_userEmail"), tx_nombre + "@gmail.com"): Text 'Carlos@gmail.com' is set on object 'Object Repository/Reto_for/Page_ToolsQA/input_Email_userEmail'

2022-11-30 12:21:08 - [MESSAGE][PASSED] - Text 'Carlos@gmail.com' is set on object 'Object Repository/Reto_for/Page_ToolsQA/input_Email_userEmail'

2022-11-30 12:21:08 - [TEST_STEP][PASSED] - setText(findTestObject("Object Repository/Reto_for/Page_ToolsQA/textarea_Current Address_currentAddress"), "Dirección#" + x): Text 'Dirección#2' is set on object 'Object Repository/Reto_for/Page_ToolsQA/textarea_Current Address_currentAddress'

2022-11-30 12:21:09 - [MESSAGE][PASSED] - Text 'Dirección#2' is set on object 'Object Repository/Reto_for/Page_ToolsQA/textarea_Current Address_currentAddress'

2022-11-30 12:21:09 - [TEST_STEP][PASSED] - setText(findTestObject("Object Repository/Reto_for/Page_ToolsQA/textarea_Permanent Address_permanentAddress"), "Dirección dos#" + x): Text 'Dirección dos#2' is set on object 'Object Repository/Reto_for/Page_ToolsQA/textarea_Permanent Address_permanentAddress'

2022-11-30 12:21:10 - [MESSAGE][PASSED] - Text 'Dirección dos#2' is set on object 'Object Repository/Reto_for/Page_ToolsQA/textarea_Permanent Address_permanentAddress'

2022-11-30 12:21:10 - [TEST_STEP][PASSED] - scrollToPosition(0, 500): Browser is scrolled to position x = 0, y = 500

2022-11-30 12:21:10 - [MESSAGE][PASSED] - Browser is scrolled to position x = 0, y = 500

2022-11-30 12:21:10 - [TEST_STEP][PASSED] - click(findTestObject("Object Repository/Reto_for/Page_ToolsQA/button_Submit")): Object: 'Object Repository/Reto_for/Page_ToolsQA/button_Submit' is clicked on

2022-11-30 12:21:10 - [MESSAGE][PASSED] - Object: 'Object Repository/Reto_for/Page_ToolsQA/button_Submit' is clicked on

2022-11-30 12:21:10 - [TEST_STEP][PASSED] - scrollToPosition(0, 100): Browser is scrolled to position x = 0, y = 100

2022-11-30 12:21:10 - [MESSAGE][PASSED] - Browser is scrolled to position x = 0, y = 100

2022-11-30 12:21:10 - [TEST_STEP][PASSED] - z = ["Carlos", "Erika", "Paco", "Rodrigo", "Juan"]: null

2022-11-30 12:21:10 - [TEST_STEP][PASSED] - rn = new java.util.Random(): null

2022-11-30 12:21:10 - [TEST_STEP][PASSED] - tx_nombre = z[rn.nextInt(size)]: null

2022-11-30 12:21:10 - [TEST_STEP][PASSED] - setText(findTestObject("Object Repository/Reto_for/Page_ToolsQA/input_Full Name_userName"), tx_nombre): Text 'Rodrigo' is set on object 'Object Repository/Reto_for/Page_ToolsQA/input_Full Name_userName'

2022-11-30 12:21:11 - [MESSAGE][PASSED] - Text 'Rodrigo' is set on object 'Object Repository/Reto_for/Page_ToolsQA/input_Full Name_userName'

2022-11-30 12:21:11 - [TEST_STEP][PASSED] - setText(findTestObject("Object Repository/Reto_for/Page_ToolsQA/input_Email_userEmail"), tx_nombre + "@gmail.com"): Text 'Rodrigo@gmail.com' is set on object 'Object Repository/Reto_for/Page_ToolsQA/input_Email_userEmail'

2022-11-30 12:21:12 - [MESSAGE][PASSED] - Text 'Rodrigo@gmail.com' is set on object 'Object Repository/Reto_for/Page_ToolsQA/input_Email_userEmail'

2022-11-30 12:21:12 - [TEST_STEP][PASSED] - setText(findTestObject("Object Repository/Reto_for/Page_ToolsQA/textarea_Current Address_currentAddress"), "Dirección#" + x): Text 'Dirección#3' is set on object 'Object Repository/Reto_for/Page_ToolsQA/textarea_Current Address_currentAddress'

2022-11-30 12:21:13 - [MESSAGE][PASSED] - Text 'Dirección#3' is set on object 'Object Repository/Reto_for/Page_ToolsQA/textarea_Current Address_currentAddress'

2022-11-30 12:21:13 - [TEST_STEP][PASSED] - setText(findTestObject("Object Repository/Reto_for/Page_ToolsQA/textarea_Permanent Address_permanentAddress"), "Dirección dos#" + x): Text 'Dirección dos#3' is set on object 'Object Repository/Reto_for/Page_ToolsQA/textarea_Permanent Address_permanentAddress'

2022-11-30 12:21:14 - [MESSAGE][PASSED] - Text 'Dirección dos#3' is set on object 'Object Repository/Reto_for/Page_ToolsQA/textarea_Permanent Address_permanentAddress'

2022-11-30 12:21:14 - [TEST_STEP][PASSED] - scrollToPosition(0, 500): Browser is scrolled to position x = 0, y = 500

2022-11-30 12:21:14 - [MESSAGE][PASSED] - Browser is scrolled to position x = 0, y = 500

2022-11-30 12:21:14 - [TEST_STEP][PASSED] - click(findTestObject("Object Repository/Reto_for/Page_ToolsQA/button_Submit")): Object: 'Object Repository/Reto_for/Page_ToolsQA/button_Submit' is clicked on

2022-11-30 12:21:14 - [MESSAGE][PASSED] - Object: 'Object Repository/Reto_for/Page_ToolsQA/button_Submit' is clicked on

2022-11-30 12:21:14 - [TEST_STEP][PASSED] - scrollToPosition(0, 100): Browser is scrolled to position x = 0, y = 100

2022-11-30 12:21:15 - [MESSAGE][PASSED] - Browser is scrolled to position x = 0, y = 100

2022-11-30 12:21:15 - [TEST_STEP][PASSED] - z = ["Carlos", "Erika", "Paco", "Rodrigo", "Juan"]: null

2022-11-30 12:21:15 - [TEST_STEP][PASSED] - rn = new java.util.Random(): null

2022-11-30 12:21:15 - [TEST_STEP][PASSED] - tx_nombre = z[rn.nextInt(size)]: null

2022-11-30 12:21:15 - [TEST_STEP][PASSED] - setText(findTestObject("Object Repository/Reto_for/Page_ToolsQA/input_Full Name_userName"), tx_nombre): Text 'Erika' is set on object 'Object Repository/Reto_for/Page_ToolsQA/input_Full Name_userName'

2022-11-30 12:21:15 - [MESSAGE][PASSED] - Text 'Erika' is set on object 'Object Repository/Reto_for/Page_ToolsQA/input_Full Name_userName'

2022-11-30 12:21:15 - [TEST_STEP][PASSED] - setText(findTestObject("Object Repository/Reto_for/Page_ToolsQA/input_Email_userEmail"), tx_nombre + "@gmail.com"): Text 'Erika@gmail.com' is set on object 'Object Repository/Reto_for/Page_ToolsQA/input_Email_userEmail'

2022-11-30 12:21:16 - [MESSAGE][PASSED] - Text 'Erika@gmail.com' is set on object 'Object Repository/Reto_for/Page_ToolsQA/input_Email_userEmail'

2022-11-30 12:21:16 - [TEST_STEP][PASSED] - setText(findTestObject("Object Repository/Reto_for/Page_ToolsQA/textarea_Current Address_currentAddress"), "Dirección#" + x): Text 'Dirección#4' is set on object 'Object Repository/Reto_for/Page_ToolsQA/textarea_Current Address_currentAddress'

2022-11-30 12:21:17 - [MESSAGE][PASSED] - Text 'Dirección#4' is set on object 'Object Repository/Reto_for/Page_ToolsQA/textarea_Current Address_currentAddress'

2022-11-30 12:21:17 - [TEST_STEP][PASSED] - setText(findTestObject("Object Repository/Reto_for/Page_ToolsQA/textarea_Permanent Address_permanentAddress"), "Dirección dos#" + x): Text 'Dirección dos#4' is set on object 'Object Repository/Reto_for/Page_ToolsQA/textarea_Permanent Address_permanentAddress'

2022-11-30 12:21:18 - [MESSAGE][PASSED] - Text 'Dirección dos#4' is set on object 'Object Repository/Reto_for/Page_ToolsQA/textarea_Permanent Address_permanentAddress'

2022-11-30 12:21:18 - [TEST_STEP][PASSED] - scrollToPosition(0, 500): Browser is scrolled to position x = 0, y = 500

2022-11-30 12:21:18 - [MESSAGE][PASSED] - Browser is scrolled to position x = 0, y = 500

2022-11-30 12:21:18 - [TEST_STEP][PASSED] - click(findTestObject("Object Repository/Reto_for/Page_ToolsQA/button_Submit")): Object: 'Object Repository/Reto_for/Page_ToolsQA/button_Submit' is clicked on

2022-11-30 12:21:19 - [MESSAGE][PASSED] - Object: 'Object Repository/Reto_for/Page_ToolsQA/button_Submit' is clicked on

2022-11-30 12:21:19 - [TEST_STEP][PASSED] - scrollToPosition(0, 100): Browser is scrolled to position x = 0, y = 100

2022-11-30 12:21:19 - [MESSAGE][PASSED] - Browser is scrolled to position x = 0, y = 100

2022-11-30 12:21:19 - [TEST_STEP][PASSED] - closeBrowser(): Browser is closed

2022-11-30 12:21:19 - [MESSAGE][PASSED] - Browser is closed]]></system-out>
         <system-err><![CDATA[]]></system-err>
      </testcase>
      <testcase name="Test Cases/BUCLES/Reto_while" time="49.373" classname="Test Cases/BUCLES/Reto_while" status="PASSED">
         <system-out><![CDATA[2022-11-30 12:21:19 - [TEST_CASE][PASSED] - Test Cases/BUCLES/Reto_while: Test Cases/BUCLES/Reto_while

2022-11-30 12:21:20 - [TEST_STEP][PASSED] - openBrowser(""): Browser is opened with url: ''

2022-11-30 12:21:20 - [MESSAGE][INFO] - Starting 'Chrome' driver

2022-11-30 12:21:20 - [MESSAGE][INFO] - Action delay is set to 0 milliseconds

2022-11-30 12:21:21 - [MESSAGE][PASSED] - Browser is opened with url: ''

2022-11-30 12:21:21 - [TEST_STEP][PASSED] - navigateToUrl("https://www.google.com/"): Navigate to 'https://www.google.com/' successfully

2022-11-30 12:21:25 - [MESSAGE][PASSED] - Navigate to 'https://www.google.com/' successfully

2022-11-30 12:21:25 - [TEST_STEP][PASSED] - Bandera = 0: null

2022-11-30 12:21:25 - [TEST_STEP][PASSED] - while (Bandera != 1): null

2022-11-30 12:21:25 - [TEST_STEP][PASSED] - num = Math.random() * 5 - 1 + 1: null

2022-11-30 12:21:25 - [TEST_STEP][PASSED] - setText(findTestObject("Object Repository/While_google/Page_Google/input__q"), "5+" + num): Text '5+1' is set on object 'Object Repository/While_google/Page_Google/input__q'

2022-11-30 12:21:26 - [MESSAGE][PASSED] - Text '5+1' is set on object 'Object Repository/While_google/Page_Google/input__q'

2022-11-30 12:21:26 - [TEST_STEP][PASSED] - sendKeys(findTestObject("Object Repository/While_google/Page_Google/input__q"), Keys.chord(ENTER)): Keys 'ENTER + ' sent to object: 'Object Repository/While_google/Page_Google/input__q'

2022-11-30 12:21:34 - [MESSAGE][PASSED] - Keys 'ENTER + ' sent to object: 'Object Repository/While_google/Page_Google/input__q'

2022-11-30 12:21:34 - [TEST_STEP][PASSED] - Resultado = getText(findTestObject("While_google/Extras/Resultado_10")): Text of object 'Object Repository/While_google/Extras/Resultado_10' is: '6'

2022-11-30 12:21:35 - [MESSAGE][PASSED] - Text of object 'Object Repository/While_google/Extras/Resultado_10' is: '6'

2022-11-30 12:21:35 - [TEST_STEP][PASSED] - if (Resultado == "8"): null

2022-11-30 12:21:35 - [TEST_STEP][PASSED] - else: null

2022-11-30 12:21:35 - [TEST_STEP][PASSED] - Bandera = 0: null

2022-11-30 12:21:35 - [TEST_STEP][PASSED] - print(Bandera + "------"): null

2022-11-30 12:21:35 - [TEST_STEP][PASSED] - num = Math.random() * 5 - 1 + 1: null

2022-11-30 12:21:35 - [TEST_STEP][PASSED] - setText(findTestObject("Object Repository/While_google/Page_Google/input__q"), "5+" + num): Text '5+1' is set on object 'Object Repository/While_google/Page_Google/input__q'

2022-11-30 12:21:36 - [MESSAGE][PASSED] - Text '5+1' is set on object 'Object Repository/While_google/Page_Google/input__q'

2022-11-30 12:21:36 - [TEST_STEP][PASSED] - sendKeys(findTestObject("Object Repository/While_google/Page_Google/input__q"), Keys.chord(ENTER)): Keys 'ENTER + ' sent to object: 'Object Repository/While_google/Page_Google/input__q'

2022-11-30 12:21:39 - [MESSAGE][PASSED] - Keys 'ENTER + ' sent to object: 'Object Repository/While_google/Page_Google/input__q'

2022-11-30 12:21:39 - [TEST_STEP][PASSED] - Resultado = getText(findTestObject("While_google/Extras/Resultado_10")): Text of object 'Object Repository/While_google/Extras/Resultado_10' is: '6'

2022-11-30 12:21:40 - [MESSAGE][PASSED] - Text of object 'Object Repository/While_google/Extras/Resultado_10' is: '6'

2022-11-30 12:21:40 - [TEST_STEP][PASSED] - if (Resultado == "8"): null

2022-11-30 12:21:40 - [TEST_STEP][PASSED] - else: null

2022-11-30 12:21:40 - [TEST_STEP][PASSED] - Bandera = 0: null

2022-11-30 12:21:40 - [TEST_STEP][PASSED] - print(Bandera + "------"): null

2022-11-30 12:21:40 - [TEST_STEP][PASSED] - num = Math.random() * 5 - 1 + 1: null

2022-11-30 12:21:40 - [TEST_STEP][PASSED] - setText(findTestObject("Object Repository/While_google/Page_Google/input__q"), "5+" + num): Text '5+2' is set on object 'Object Repository/While_google/Page_Google/input__q'

2022-11-30 12:21:40 - [MESSAGE][PASSED] - Text '5+2' is set on object 'Object Repository/While_google/Page_Google/input__q'

2022-11-30 12:21:40 - [TEST_STEP][PASSED] - sendKeys(findTestObject("Object Repository/While_google/Page_Google/input__q"), Keys.chord(ENTER)): Keys 'ENTER + ' sent to object: 'Object Repository/While_google/Page_Google/input__q'

2022-11-30 12:21:42 - [MESSAGE][PASSED] - Keys 'ENTER + ' sent to object: 'Object Repository/While_google/Page_Google/input__q'

2022-11-30 12:21:42 - [TEST_STEP][PASSED] - Resultado = getText(findTestObject("While_google/Extras/Resultado_10")): Text of object 'Object Repository/While_google/Extras/Resultado_10' is: '7'

2022-11-30 12:21:45 - [MESSAGE][PASSED] - Text of object 'Object Repository/While_google/Extras/Resultado_10' is: '7'

2022-11-30 12:21:45 - [TEST_STEP][PASSED] - if (Resultado == "8"): null

2022-11-30 12:21:45 - [TEST_STEP][PASSED] - else: null

2022-11-30 12:21:45 - [TEST_STEP][PASSED] - Bandera = 0: null

2022-11-30 12:21:45 - [TEST_STEP][PASSED] - print(Bandera + "------"): null

2022-11-30 12:21:45 - [TEST_STEP][PASSED] - num = Math.random() * 5 - 1 + 1: null

2022-11-30 12:21:45 - [TEST_STEP][PASSED] - setText(findTestObject("Object Repository/While_google/Page_Google/input__q"), "5+" + num): Text '5+1' is set on object 'Object Repository/While_google/Page_Google/input__q'

2022-11-30 12:21:46 - [MESSAGE][PASSED] - Text '5+1' is set on object 'Object Repository/While_google/Page_Google/input__q'

2022-11-30 12:21:46 - [TEST_STEP][PASSED] - sendKeys(findTestObject("Object Repository/While_google/Page_Google/input__q"), Keys.chord(ENTER)): Keys 'ENTER + ' sent to object: 'Object Repository/While_google/Page_Google/input__q'

2022-11-30 12:21:50 - [MESSAGE][PASSED] - Keys 'ENTER + ' sent to object: 'Object Repository/While_google/Page_Google/input__q'

2022-11-30 12:21:50 - [TEST_STEP][PASSED] - Resultado = getText(findTestObject("While_google/Extras/Resultado_10")): Text of object 'Object Repository/While_google/Extras/Resultado_10' is: '6'

2022-11-30 12:21:50 - [MESSAGE][PASSED] - Text of object 'Object Repository/While_google/Extras/Resultado_10' is: '6'

2022-11-30 12:21:50 - [TEST_STEP][PASSED] - if (Resultado == "8"): null

2022-11-30 12:21:50 - [TEST_STEP][PASSED] - else: null

2022-11-30 12:21:50 - [TEST_STEP][PASSED] - Bandera = 0: null

2022-11-30 12:21:50 - [TEST_STEP][PASSED] - print(Bandera + "------"): null

2022-11-30 12:21:50 - [TEST_STEP][PASSED] - num = Math.random() * 5 - 1 + 1: null

2022-11-30 12:21:50 - [TEST_STEP][PASSED] - setText(findTestObject("Object Repository/While_google/Page_Google/input__q"), "5+" + num): Text '5+1' is set on object 'Object Repository/While_google/Page_Google/input__q'

2022-11-30 12:21:51 - [MESSAGE][PASSED] - Text '5+1' is set on object 'Object Repository/While_google/Page_Google/input__q'

2022-11-30 12:21:51 - [TEST_STEP][PASSED] - sendKeys(findTestObject("Object Repository/While_google/Page_Google/input__q"), Keys.chord(ENTER)): Keys 'ENTER + ' sent to object: 'Object Repository/While_google/Page_Google/input__q'

2022-11-30 12:21:55 - [MESSAGE][PASSED] - Keys 'ENTER + ' sent to object: 'Object Repository/While_google/Page_Google/input__q'

2022-11-30 12:21:55 - [TEST_STEP][PASSED] - Resultado = getText(findTestObject("While_google/Extras/Resultado_10")): Text of object 'Object Repository/While_google/Extras/Resultado_10' is: '6'

2022-11-30 12:21:56 - [MESSAGE][PASSED] - Text of object 'Object Repository/While_google/Extras/Resultado_10' is: '6'

2022-11-30 12:21:56 - [TEST_STEP][PASSED] - if (Resultado == "8"): null

2022-11-30 12:21:56 - [TEST_STEP][PASSED] - else: null

2022-11-30 12:21:56 - [TEST_STEP][PASSED] - Bandera = 0: null

2022-11-30 12:21:56 - [TEST_STEP][PASSED] - print(Bandera + "------"): null

2022-11-30 12:21:56 - [TEST_STEP][PASSED] - num = Math.random() * 5 - 1 + 1: null

2022-11-30 12:21:56 - [TEST_STEP][PASSED] - setText(findTestObject("Object Repository/While_google/Page_Google/input__q"), "5+" + num): Text '5+1' is set on object 'Object Repository/While_google/Page_Google/input__q'

2022-11-30 12:21:57 - [MESSAGE][PASSED] - Text '5+1' is set on object 'Object Repository/While_google/Page_Google/input__q'

2022-11-30 12:21:57 - [TEST_STEP][PASSED] - sendKeys(findTestObject("Object Repository/While_google/Page_Google/input__q"), Keys.chord(ENTER)): Keys 'ENTER + ' sent to object: 'Object Repository/While_google/Page_Google/input__q'

2022-11-30 12:22:01 - [MESSAGE][PASSED] - Keys 'ENTER + ' sent to object: 'Object Repository/While_google/Page_Google/input__q'

2022-11-30 12:22:01 - [TEST_STEP][PASSED] - Resultado = getText(findTestObject("While_google/Extras/Resultado_10")): Text of object 'Object Repository/While_google/Extras/Resultado_10' is: '6'

2022-11-30 12:22:02 - [MESSAGE][PASSED] - Text of object 'Object Repository/While_google/Extras/Resultado_10' is: '6'

2022-11-30 12:22:02 - [TEST_STEP][PASSED] - if (Resultado == "8"): null

2022-11-30 12:22:02 - [TEST_STEP][PASSED] - else: null

2022-11-30 12:22:02 - [TEST_STEP][PASSED] - Bandera = 0: null

2022-11-30 12:22:02 - [TEST_STEP][PASSED] - print(Bandera + "------"): null

2022-11-30 12:22:02 - [TEST_STEP][PASSED] - num = Math.random() * 5 - 1 + 1: null

2022-11-30 12:22:02 - [TEST_STEP][PASSED] - setText(findTestObject("Object Repository/While_google/Page_Google/input__q"), "5+" + num): Text '5+3' is set on object 'Object Repository/While_google/Page_Google/input__q'

2022-11-30 12:22:03 - [MESSAGE][PASSED] - Text '5+3' is set on object 'Object Repository/While_google/Page_Google/input__q'

2022-11-30 12:22:03 - [TEST_STEP][PASSED] - sendKeys(findTestObject("Object Repository/While_google/Page_Google/input__q"), Keys.chord(ENTER)): Keys 'ENTER + ' sent to object: 'Object Repository/While_google/Page_Google/input__q'

2022-11-30 12:22:07 - [MESSAGE][PASSED] - Keys 'ENTER + ' sent to object: 'Object Repository/While_google/Page_Google/input__q'

2022-11-30 12:22:07 - [TEST_STEP][PASSED] - Resultado = getText(findTestObject("While_google/Extras/Resultado_10")): Text of object 'Object Repository/While_google/Extras/Resultado_10' is: '8'

2022-11-30 12:22:08 - [MESSAGE][PASSED] - Text of object 'Object Repository/While_google/Extras/Resultado_10' is: '8'

2022-11-30 12:22:08 - [TEST_STEP][PASSED] - if (Resultado == "8"): Browser is closed

2022-11-30 12:22:08 - [TEST_STEP][PASSED] - Bandera = 1: null

2022-11-30 12:22:08 - [TEST_STEP][PASSED] - print("Listo termina"): null

2022-11-30 12:22:08 - [TEST_STEP][PASSED] - closeBrowser(): Browser is closed

2022-11-30 12:22:09 - [MESSAGE][PASSED] - Browser is closed

2022-11-30 12:22:09 - [TEST_STEP][PASSED] - print(Bandera + "------"): null]]></system-out>
         <system-err><![CDATA[]]></system-err>
      </testcase>
      <testcase name="Test Cases/BUCLES/Reto_while_solucion" time="22.633" classname="Test Cases/BUCLES/Reto_while_solucion" status="PASSED">
         <system-out><![CDATA[2022-11-30 12:22:09 - [TEST_CASE][PASSED] - Test Cases/BUCLES/Reto_while_solucion: Test Cases/BUCLES/Reto_while_solucion

2022-11-30 12:22:09 - [TEST_STEP][PASSED] - openBrowser(""): Browser is opened with url: ''

2022-11-30 12:22:09 - [MESSAGE][INFO] - Starting 'Chrome' driver

2022-11-30 12:22:09 - [MESSAGE][INFO] - Action delay is set to 0 milliseconds

2022-11-30 12:22:11 - [MESSAGE][PASSED] - Browser is opened with url: ''

2022-11-30 12:22:11 - [TEST_STEP][PASSED] - navigateToUrl("https://www.google.com/"): Navigate to 'https://www.google.com/' successfully

2022-11-30 12:22:13 - [MESSAGE][PASSED] - Navigate to 'https://www.google.com/' successfully

2022-11-30 12:22:13 - [TEST_STEP][PASSED] - Res = 0: null

2022-11-30 12:22:13 - [TEST_STEP][PASSED] - while (Res != 8): Browser is closed

2022-11-30 12:22:13 - [TEST_STEP][PASSED] - num = Math.random() * 5 - 1 + 1: null

2022-11-30 12:22:13 - [TEST_STEP][PASSED] - setText(findTestObject("Object Repository/Reto_while1/Page_Google/input__q"), "5+" + num): Text '5+1' is set on object 'Object Repository/Reto_while1/Page_Google/input__q'

2022-11-30 12:22:15 - [MESSAGE][PASSED] - Text '5+1' is set on object 'Object Repository/Reto_while1/Page_Google/input__q'

2022-11-30 12:22:15 - [TEST_STEP][PASSED] - sendKeys(findTestObject("Object Repository/Reto_while1/Page_Google/input__q"), Keys.chord(ENTER)): Keys 'ENTER + ' sent to object: 'Object Repository/Reto_while1/Page_Google/input__q'

2022-11-30 12:22:23 - [MESSAGE][PASSED] - Keys 'ENTER + ' sent to object: 'Object Repository/Reto_while1/Page_Google/input__q'

2022-11-30 12:22:23 - [TEST_STEP][PASSED] - Res = getText(findTestObject("Reto_while1/Resultado_8")).toInteger(): Text of object 'Object Repository/Reto_while1/Resultado_8' is: '6'

2022-11-30 12:22:24 - [MESSAGE][PASSED] - Text of object 'Object Repository/Reto_while1/Resultado_8' is: '6'

2022-11-30 12:22:24 - [TEST_STEP][PASSED] - if (Res == 8): null

2022-11-30 12:22:24 - [TEST_STEP][PASSED] - num = Math.random() * 5 - 1 + 1: null

2022-11-30 12:22:24 - [TEST_STEP][PASSED] - setText(findTestObject("Object Repository/Reto_while1/Page_Google/input__q"), "5+" + num): Text '5+3' is set on object 'Object Repository/Reto_while1/Page_Google/input__q'

2022-11-30 12:22:25 - [MESSAGE][PASSED] - Text '5+3' is set on object 'Object Repository/Reto_while1/Page_Google/input__q'

2022-11-30 12:22:25 - [TEST_STEP][PASSED] - sendKeys(findTestObject("Object Repository/Reto_while1/Page_Google/input__q"), Keys.chord(ENTER)): Keys 'ENTER + ' sent to object: 'Object Repository/Reto_while1/Page_Google/input__q'

2022-11-30 12:22:30 - [MESSAGE][PASSED] - Keys 'ENTER + ' sent to object: 'Object Repository/Reto_while1/Page_Google/input__q'

2022-11-30 12:22:30 - [TEST_STEP][PASSED] - Res = getText(findTestObject("Reto_while1/Resultado_8")).toInteger(): Text of object 'Object Repository/Reto_while1/Resultado_8' is: '8'

2022-11-30 12:22:31 - [MESSAGE][PASSED] - Text of object 'Object Repository/Reto_while1/Resultado_8' is: '8'

2022-11-30 12:22:31 - [TEST_STEP][PASSED] - if (Res == 8): Browser is closed

2022-11-30 12:22:31 - [TEST_STEP][PASSED] - closeBrowser(): Browser is closed

2022-11-30 12:22:31 - [MESSAGE][PASSED] - Browser is closed]]></system-out>
         <system-err><![CDATA[]]></system-err>
      </testcase>
      <testcase name="Test Cases/BUCLES/Test_1" time="148.305" classname="Test Cases/BUCLES/Test_1" status="PASSED">
         <system-out><![CDATA[2022-11-30 12:22:31 - [TEST_CASE][PASSED] - Test Cases/BUCLES/Test_1: Test Cases/BUCLES/Test_1

2022-11-30 12:22:32 - [TEST_STEP][PASSED] - openBrowser(""): Browser is opened with url: ''

2022-11-30 12:22:32 - [MESSAGE][INFO] - Starting 'Chrome' driver

2022-11-30 12:22:32 - [MESSAGE][INFO] - Action delay is set to 0 milliseconds

2022-11-30 12:22:34 - [MESSAGE][PASSED] - Browser is opened with url: ''

2022-11-30 12:22:34 - [TEST_STEP][PASSED] - navigateToUrl("https://demoqa.com/text-box"): Navigate to 'https://demoqa.com/text-box' successfully

2022-11-30 12:23:04 - [MESSAGE][PASSED] - Navigate to 'https://demoqa.com/text-box' successfully

2022-11-30 12:23:04 - [TEST_STEP][PASSED] - for ([x = 1, x <= 2, (x++)]): null

2022-11-30 12:23:04 - [TEST_STEP][PASSED] - openBrowser(""): Browser is opened with url: ''

2022-11-30 12:23:04 - [MESSAGE][WARNING] - A browser is already opened. Closing browser and opening a new one

2022-11-30 12:23:05 - [MESSAGE][INFO] - Starting 'Chrome' driver

2022-11-30 12:23:05 - [MESSAGE][INFO] - Action delay is set to 0 milliseconds

2022-11-30 12:23:06 - [MESSAGE][PASSED] - Browser is opened with url: ''

2022-11-30 12:23:06 - [TEST_STEP][PASSED] - navigateToUrl("https://demoqa.com/text-box"): Navigate to 'https://demoqa.com/text-box' successfully

2022-11-30 12:23:27 - [MESSAGE][PASSED] - Navigate to 'https://demoqa.com/text-box' successfully

2022-11-30 12:23:27 - [TEST_STEP][PASSED] - RN = Math.random() * 10 - 1 + 1: null

2022-11-30 12:23:27 - [TEST_STEP][PASSED] - print("Numero : " + RN + "----"): null

2022-11-30 12:23:27 - [TEST_STEP][PASSED] - z = ["Demo1", "Demo2", "Demo3", "Demo4", "Demo5"]: null

2022-11-30 12:23:27 - [TEST_STEP][PASSED] - rnd = new java.util.Random(): null

2022-11-30 12:23:27 - [TEST_STEP][PASSED] - texto = z[rnd.nextInt(size)]: null

2022-11-30 12:23:27 - [TEST_STEP][PASSED] - print(texto): null

2022-11-30 12:23:27 - [TEST_STEP][PASSED] - openBrowser(""): Browser is opened with url: ''

2022-11-30 12:23:27 - [MESSAGE][WARNING] - A browser is already opened. Closing browser and opening a new one

2022-11-30 12:23:28 - [MESSAGE][INFO] - Starting 'Chrome' driver

2022-11-30 12:23:28 - [MESSAGE][INFO] - Action delay is set to 0 milliseconds

2022-11-30 12:23:29 - [MESSAGE][PASSED] - Browser is opened with url: ''

2022-11-30 12:23:29 - [TEST_STEP][PASSED] - navigateToUrl("https://demoqa.com/text-box"): Navigate to 'https://demoqa.com/text-box' successfully

2022-11-30 12:24:59 - [MESSAGE][PASSED] - Navigate to 'https://demoqa.com/text-box' successfully

2022-11-30 12:24:59 - [TEST_STEP][PASSED] - RN = Math.random() * 10 - 1 + 1: null

2022-11-30 12:24:59 - [TEST_STEP][PASSED] - print("Numero : " + RN + "----"): null

2022-11-30 12:24:59 - [TEST_STEP][PASSED] - z = ["Demo1", "Demo2", "Demo3", "Demo4", "Demo5"]: null

2022-11-30 12:24:59 - [TEST_STEP][PASSED] - rnd = new java.util.Random(): null

2022-11-30 12:24:59 - [TEST_STEP][PASSED] - texto = z[rnd.nextInt(size)]: null

2022-11-30 12:24:59 - [TEST_STEP][PASSED] - print(texto): null

2022-11-30 12:24:59 - [TEST_STEP][PASSED] - closeBrowser(): Browser is closed

2022-11-30 12:25:00 - [MESSAGE][PASSED] - Browser is closed]]></system-out>
         <system-err><![CDATA[]]></system-err>
      </testcase>
      <testcase name="Test Cases/BUCLES/Test_2" time="54.477" classname="Test Cases/BUCLES/Test_2" status="PASSED">
         <system-out><![CDATA[2022-11-30 12:25:00 - [TEST_CASE][PASSED] - Test Cases/BUCLES/Test_2: Test Cases/BUCLES/Test_2

2022-11-30 12:25:00 - [TEST_STEP][PASSED] - openBrowser(""): Browser is opened with url: ''

2022-11-30 12:25:00 - [MESSAGE][INFO] - Starting 'Chrome' driver

2022-11-30 12:25:00 - [MESSAGE][INFO] - Action delay is set to 0 milliseconds

2022-11-30 12:25:02 - [MESSAGE][PASSED] - Browser is opened with url: ''

2022-11-30 12:25:02 - [TEST_STEP][PASSED] - navigateToUrl("https://demoqa.com/text-box"): Navigate to 'https://demoqa.com/text-box' successfully

2022-11-30 12:25:53 - [MESSAGE][PASSED] - Navigate to 'https://demoqa.com/text-box' successfully

2022-11-30 12:25:53 - [TEST_STEP][PASSED] - for ([x = 1, x <= 10, x = x + 2]): null

2022-11-30 12:25:53 - [TEST_STEP][PASSED] - print(" hola mundo " + x + "-------"): null

2022-11-30 12:25:53 - [TEST_STEP][PASSED] - print(" hola mundo " + x + "-------"): null

2022-11-30 12:25:53 - [TEST_STEP][PASSED] - print(" hola mundo " + x + "-------"): null

2022-11-30 12:25:53 - [TEST_STEP][PASSED] - print(" hola mundo " + x + "-------"): null

2022-11-30 12:25:53 - [TEST_STEP][PASSED] - print(" hola mundo " + x + "-------"): null

2022-11-30 12:25:53 - [TEST_STEP][PASSED] - closeBrowser(): Browser is closed

2022-11-30 12:25:54 - [MESSAGE][PASSED] - Browser is closed]]></system-out>
         <system-err><![CDATA[]]></system-err>
      </testcase>
      <testcase name="Test Cases/BUCLES/Test_while" time="17.628" classname="Test Cases/BUCLES/Test_while" status="PASSED">
         <system-out><![CDATA[2022-11-30 12:25:54 - [TEST_CASE][PASSED] - Test Cases/BUCLES/Test_while: Test Cases/BUCLES/Test_while

2022-11-30 12:25:55 - [TEST_STEP][PASSED] - openBrowser(""): Browser is opened with url: ''

2022-11-30 12:25:55 - [MESSAGE][INFO] - Starting 'Chrome' driver

2022-11-30 12:25:55 - [MESSAGE][INFO] - Action delay is set to 0 milliseconds

2022-11-30 12:25:56 - [MESSAGE][PASSED] - Browser is opened with url: ''

2022-11-30 12:25:56 - [TEST_STEP][PASSED] - navigateToUrl("https://demoqa.com/text-box"): Navigate to 'https://demoqa.com/text-box' successfully

2022-11-30 12:26:11 - [MESSAGE][PASSED] - Navigate to 'https://demoqa.com/text-box' successfully

2022-11-30 12:26:11 - [TEST_STEP][PASSED] - maximizeWindow(): Current window maximized

2022-11-30 12:26:11 - [MESSAGE][PASSED] - Current window maximized

2022-11-30 12:26:11 - [TEST_STEP][PASSED] - waitForPageLoad(5): Wait for page load successfully

2022-11-30 12:26:11 - [MESSAGE][PASSED] - Wait for page load successfully

2022-11-30 12:26:11 - [TEST_STEP][PASSED] - x = 1: null

2022-11-30 12:26:11 - [TEST_STEP][PASSED] - while (x <= 3): null

2022-11-30 12:26:11 - [TEST_STEP][PASSED] - print("Hola " + x + "----------"): null

2022-11-30 12:26:11 - [TEST_STEP][PASSED] - (x++): null

2022-11-30 12:26:11 - [TEST_STEP][PASSED] - print("Hola " + x + "----------"): null

2022-11-30 12:26:11 - [TEST_STEP][PASSED] - (x++): null

2022-11-30 12:26:11 - [TEST_STEP][PASSED] - print("Hola " + x + "----------"): null

2022-11-30 12:26:11 - [TEST_STEP][PASSED] - (x++): null

2022-11-30 12:26:11 - [TEST_STEP][PASSED] - closeBrowser(): Browser is closed

2022-11-30 12:26:12 - [MESSAGE][PASSED] - Browser is closed]]></system-out>
         <system-err><![CDATA[]]></system-err>
      </testcase>
      <testcase name="Test Cases/BUCLES/Test_while2" time="84.457" classname="Test Cases/BUCLES/Test_while2" status="PASSED">
         <system-out><![CDATA[2022-11-30 12:26:12 - [TEST_CASE][PASSED] - Test Cases/BUCLES/Test_while2: Test Cases/BUCLES/Test_while2

2022-11-30 12:26:12 - [TEST_STEP][PASSED] - openBrowser(""): Browser is opened with url: ''

2022-11-30 12:26:12 - [MESSAGE][INFO] - Starting 'Chrome' driver

2022-11-30 12:26:12 - [MESSAGE][INFO] - Action delay is set to 0 milliseconds

2022-11-30 12:26:14 - [MESSAGE][PASSED] - Browser is opened with url: ''

2022-11-30 12:26:14 - [TEST_STEP][PASSED] - navigateToUrl("https://demoqa.com/text-box"): Navigate to 'https://demoqa.com/text-box' successfully

2022-11-30 12:27:35 - [MESSAGE][PASSED] - Navigate to 'https://demoqa.com/text-box' successfully

2022-11-30 12:27:35 - [TEST_STEP][PASSED] - maximizeWindow(): Current window maximized

2022-11-30 12:27:36 - [MESSAGE][PASSED] - Current window maximized

2022-11-30 12:27:36 - [TEST_STEP][PASSED] - waitForPageLoad(5): Wait for page load successfully

2022-11-30 12:27:36 - [MESSAGE][PASSED] - Wait for page load successfully

2022-11-30 12:27:36 - [TEST_STEP][PASSED] - x = 1: null

2022-11-30 12:27:36 - [TEST_STEP][PASSED] - while (x <= 5): null

2022-11-30 12:27:36 - [TEST_STEP][PASSED] - print("Valor de X" + x + "------>"): null

2022-11-30 12:27:36 - [TEST_STEP][PASSED] - (x++): null

2022-11-30 12:27:36 - [TEST_STEP][PASSED] - print("Valor de X" + x + "------>"): null

2022-11-30 12:27:36 - [TEST_STEP][PASSED] - (x++): null

2022-11-30 12:27:36 - [TEST_STEP][PASSED] - print("Valor de X" + x + "------>"): null

2022-11-30 12:27:36 - [TEST_STEP][PASSED] - (x++): null

2022-11-30 12:27:36 - [TEST_STEP][PASSED] - print("Valor de X" + x + "------>"): null

2022-11-30 12:27:36 - [TEST_STEP][PASSED] - (x++): null

2022-11-30 12:27:36 - [TEST_STEP][PASSED] - print("Valor de X" + x + "------>"): null

2022-11-30 12:27:36 - [TEST_STEP][PASSED] - (x++): null

2022-11-30 12:27:36 - [TEST_STEP][PASSED] - closeBrowser(): Browser is closed

2022-11-30 12:27:36 - [MESSAGE][PASSED] - Browser is closed]]></system-out>
         <system-err><![CDATA[]]></system-err>
      </testcase>
      <testcase name="Test Cases/Drive_excel/Drive_excel" time="29.184" classname="Test Cases/Drive_excel/Drive_excel" status="PASSED">
         <system-out><![CDATA[2022-11-30 12:27:36 - [TEST_CASE][PASSED] - Test Cases/Drive_excel/Drive_excel: Test Cases/Drive_excel/Drive_excel

2022-11-30 12:27:37 - [TEST_STEP][PASSED] - openBrowser(""): Browser is opened with url: ''

2022-11-30 12:27:37 - [MESSAGE][INFO] - Starting 'Chrome' driver

2022-11-30 12:27:37 - [MESSAGE][INFO] - Action delay is set to 0 milliseconds

2022-11-30 12:27:38 - [MESSAGE][PASSED] - Browser is opened with url: ''

2022-11-30 12:27:38 - [TEST_STEP][PASSED] - navigateToUrl("https://demoqa.com/automation-practice-form"): Navigate to 'https://demoqa.com/automation-practice-form' successfully

2022-11-30 12:27:59 - [MESSAGE][PASSED] - Navigate to 'https://demoqa.com/automation-practice-form' successfully

2022-11-30 12:27:59 - [TEST_STEP][PASSED] - waitForPageLoad(40): Wait for page load successfully

2022-11-30 12:27:59 - [MESSAGE][PASSED] - Wait for page load successfully

2022-11-30 12:27:59 - [TEST_STEP][PASSED] - maximizeWindow(): Current window maximized

2022-11-30 12:27:59 - [MESSAGE][PASSED] - Current window maximized

2022-11-30 12:27:59 - [TEST_STEP][PASSED] - setText(findTestObject("Object Repository/Drive_excel/Page_ToolsQA/input_Name_firstName"), nombre): Text '' is set on object 'Object Repository/Drive_excel/Page_ToolsQA/input_Name_firstName'

2022-11-30 12:28:01 - [MESSAGE][PASSED] - Text '' is set on object 'Object Repository/Drive_excel/Page_ToolsQA/input_Name_firstName'

2022-11-30 12:28:01 - [TEST_STEP][PASSED] - setText(findTestObject("Object Repository/Drive_excel/Page_ToolsQA/input_Name_lastName"), apellido): Text '' is set on object 'Object Repository/Drive_excel/Page_ToolsQA/input_Name_lastName'

2022-11-30 12:28:02 - [MESSAGE][PASSED] - Text '' is set on object 'Object Repository/Drive_excel/Page_ToolsQA/input_Name_lastName'

2022-11-30 12:28:02 - [TEST_STEP][PASSED] - setText(findTestObject("Object Repository/Drive_excel/Page_ToolsQA/input_Email_userEmail"), email): Text '' is set on object 'Object Repository/Drive_excel/Page_ToolsQA/input_Email_userEmail'

2022-11-30 12:28:03 - [MESSAGE][PASSED] - Text '' is set on object 'Object Repository/Drive_excel/Page_ToolsQA/input_Email_userEmail'

2022-11-30 12:28:03 - [TEST_STEP][PASSED] - delay(2): Delayed 2 second(s)

2022-11-30 12:28:05 - [MESSAGE][PASSED] - Delayed 2 second(s)

2022-11-30 12:28:05 - [TEST_STEP][PASSED] - closeBrowser(): Browser is closed

2022-11-30 12:28:06 - [MESSAGE][PASSED] - Browser is closed]]></system-out>
         <system-err><![CDATA[]]></system-err>
      </testcase>
      <testcase name="Test Cases/Navegador/Navegador" time="54.411" classname="Test Cases/Navegador/Navegador" status="PASSED">
         <system-out><![CDATA[2022-11-30 12:28:06 - [TEST_CASE][PASSED] - Test Cases/Navegador/Navegador: Test Cases/Navegador/Navegador

2022-11-30 12:28:06 - [TEST_STEP][PASSED] - openBrowser("https://demoqa.com/text-box"): Browser is opened with url: 'https://demoqa.com/text-box'

2022-11-30 12:28:06 - [MESSAGE][INFO] - Starting 'Chrome' driver

2022-11-30 12:28:06 - [MESSAGE][INFO] - Action delay is set to 0 milliseconds

2022-11-30 12:28:59 - [MESSAGE][PASSED] - Browser is opened with url: 'https://demoqa.com/text-box'

2022-11-30 12:28:59 - [TEST_STEP][PASSED] - maximizeWindow(): Current window maximized

2022-11-30 12:28:59 - [MESSAGE][PASSED] - Current window maximized

2022-11-30 12:28:59 - [TEST_STEP][PASSED] - page_url = getUrl(): Current window's url is: 'https://demoqa.com/text-box'

2022-11-30 12:28:59 - [MESSAGE][PASSED] - Current window's url is: 'https://demoqa.com/text-box'

2022-11-30 12:28:59 - [TEST_STEP][PASSED] - print(page_url): null

2022-11-30 12:28:59 - [TEST_STEP][PASSED] - Titulo = getWindowTitle(): Current window's title is: 'ToolsQA'

2022-11-30 12:28:59 - [MESSAGE][PASSED] - Current window's title is: 'ToolsQA'

2022-11-30 12:28:59 - [TEST_STEP][PASSED] - print("titiulo de la pagina" + Titulo): null

2022-11-30 12:28:59 - [TEST_STEP][PASSED] - closeBrowser(): Browser is closed

2022-11-30 12:29:00 - [MESSAGE][PASSED] - Browser is closed]]></system-out>
         <system-err><![CDATA[]]></system-err>
      </testcase>
      <testcase name="Test Cases/Objecto_xpath/Caso_xpath" time="46.297" classname="Test Cases/Objecto_xpath/Caso_xpath" status="PASSED">
         <system-out><![CDATA[2022-11-30 12:29:00 - [TEST_CASE][PASSED] - Test Cases/Objecto_xpath/Caso_xpath: Test Cases/Objecto_xpath/Caso_xpath

2022-11-30 12:29:00 - [TEST_STEP][PASSED] - openBrowser(""): Browser is opened with url: ''

2022-11-30 12:29:00 - [MESSAGE][INFO] - Starting 'Chrome' driver

2022-11-30 12:29:00 - [MESSAGE][INFO] - Action delay is set to 0 milliseconds

2022-11-30 12:29:01 - [MESSAGE][PASSED] - Browser is opened with url: ''

2022-11-30 12:29:01 - [TEST_STEP][PASSED] - navigateToUrl("https://demoqa.com/text-box"): Navigate to 'https://demoqa.com/text-box' successfully

2022-11-30 12:29:36 - [MESSAGE][PASSED] - Navigate to 'https://demoqa.com/text-box' successfully

2022-11-30 12:29:36 - [TEST_STEP][PASSED] - maximizeWindow(): Current window maximized

2022-11-30 12:29:37 - [MESSAGE][PASSED] - Current window maximized

2022-11-30 12:29:37 - [TEST_STEP][PASSED] - setText(findTestObject("Objeto_xpath/Campo_nombre"), "Ljubo"): Text 'Ljubo' is set on object 'Object Repository/Objeto_xpath/Campo_nombre'

2022-11-30 12:29:43 - [MESSAGE][PASSED] - Text 'Ljubo' is set on object 'Object Repository/Objeto_xpath/Campo_nombre'

2022-11-30 12:29:43 - [TEST_STEP][PASSED] - delay(3): Delayed 3 second(s)

2022-11-30 12:29:46 - [MESSAGE][PASSED] - Delayed 3 second(s)

2022-11-30 12:29:46 - [TEST_STEP][PASSED] - closeBrowser(): Browser is closed

2022-11-30 12:29:46 - [MESSAGE][PASSED] - Browser is closed]]></system-out>
         <system-err><![CDATA[]]></system-err>
      </testcase>
      <testcase name="Test Cases/Condicionales_If/Condicionar_titulo" time="110.039" classname="Test Cases/Condicionales_If/Condicionar_titulo" status="PASSED">
         <system-out><![CDATA[2022-11-30 12:29:46 - [TEST_CASE][PASSED] - Test Cases/Condicionales_If/Condicionar_titulo: Test Cases/Condicionales_If/Condicionar_titulo

2022-11-30 12:29:46 - [TEST_STEP][PASSED] - openBrowser(""): Browser is opened with url: ''

2022-11-30 12:29:46 - [MESSAGE][INFO] - Starting 'Chrome' driver

2022-11-30 12:29:46 - [MESSAGE][INFO] - Action delay is set to 0 milliseconds

2022-11-30 12:29:48 - [MESSAGE][PASSED] - Browser is opened with url: ''

2022-11-30 12:29:48 - [TEST_STEP][PASSED] - navigateToUrl("https://demoqa.com/"): Navigate to 'https://demoqa.com/' successfully

2022-11-30 12:30:55 - [MESSAGE][PASSED] - Navigate to 'https://demoqa.com/' successfully

2022-11-30 12:30:55 - [TEST_STEP][PASSED] - maximizeWindow(): Current window maximized

2022-11-30 12:30:55 - [MESSAGE][PASSED] - Current window maximized

2022-11-30 12:30:55 - [TEST_STEP][PASSED] - waitForPageLoad(5): Wait for page load successfully

2022-11-30 12:30:55 - [MESSAGE][PASSED] - Wait for page load successfully

2022-11-30 12:30:55 - [TEST_STEP][PASSED] - Existe = waitForElementVisible(findTestObject("Condicionales/Texto_radio"), 3): Web element with id: 'Object Repository/Condicionales/Texto_radio' located by '//div[@class='main-header'][contains(.,'Radio Button')]' not found

2022-11-30 12:31:01 - [MESSAGE][INFO] - Unable to find the element located by 'By.xpath: //div[@class='main-header'][contains(.,'Radio Button')]'. Please recheck the objects properties to make sure the desired element is located. 

2022-11-30 12:31:01 - [MESSAGE][WARNING] - [SELF-HEALING] Failed to find element with id 'Object Repository/Condicionales/Texto_radio'. Try using Self-healing.

2022-11-30 12:31:02 - [MESSAGE][INFO] - [SELF-HEALING] No working XPath is found.

2022-11-30 12:31:05 - [MESSAGE][INFO] - Unable to find the element located by 'By.xpath: '. Please recheck the objects properties to make sure the desired element is located. 

2022-11-30 12:31:05 - [MESSAGE][WARNING] - [SELF-HEALING] Cannot find elements when the selector is null

2022-11-30 12:31:05 - [MESSAGE][WARNING] - Web element with id: 'Object Repository/Condicionales/Texto_radio' located by '//div[@class='main-header'][contains(.,'Radio Button')]' not found

2022-11-30 12:31:05 - [TEST_STEP][PASSED] - print(Existe): null

2022-11-30 12:31:05 - [TEST_STEP][PASSED] - if (Existe == true): null

2022-11-30 12:31:05 - [TEST_STEP][PASSED] - else: Browser is closed

2022-11-30 12:31:05 - [TEST_STEP][PASSED] - print("-----  Error no esta el elemento de texto radio ------"): null

2022-11-30 12:31:05 - [TEST_STEP][PASSED] - navigateToUrl("https://demoqa.com/radio-button"): Navigate to 'https://demoqa.com/radio-button' successfully

2022-11-30 12:31:32 - [MESSAGE][PASSED] - Navigate to 'https://demoqa.com/radio-button' successfully

2022-11-30 12:31:32 - [TEST_STEP][PASSED] - click(findTestObject("Condicionales/Objeto_yes")): Object: 'Object Repository/Condicionales/Objeto_yes' is clicked on

2022-11-30 12:31:34 - [MESSAGE][PASSED] - Object: 'Object Repository/Condicionales/Objeto_yes' is clicked on

2022-11-30 12:31:34 - [TEST_STEP][PASSED] - delay(2): Delayed 2 second(s)

2022-11-30 12:31:36 - [MESSAGE][PASSED] - Delayed 2 second(s)

2022-11-30 12:31:36 - [TEST_STEP][PASSED] - closeBrowser(): Browser is closed

2022-11-30 12:31:36 - [MESSAGE][PASSED] - Browser is closed]]></system-out>
         <system-err><![CDATA[]]></system-err>
      </testcase>
      <testcase name="Test Cases/Condicionales_If/Test_1" time="0.025" classname="Test Cases/Condicionales_If/Test_1" status="PASSED">
         <system-out><![CDATA[2022-11-30 12:31:36 - [TEST_CASE][PASSED] - Test Cases/Condicionales_If/Test_1: Test Cases/Condicionales_If/Test_1

2022-11-30 12:31:36 - [TEST_STEP][PASSED] - if (num == 10): null

2022-11-30 12:31:36 - [TEST_STEP][PASSED] - else: null

2022-11-30 12:31:36 - [TEST_STEP][PASSED] - print("El numero no es un 10 es el numero:  " + num + "#####"): null]]></system-out>
         <system-err><![CDATA[]]></system-err>
      </testcase>
      <testcase name="Test Cases/Condicionales_If/Test_2" time="0.021" classname="Test Cases/Condicionales_If/Test_2" status="PASSED">
         <system-out><![CDATA[2022-11-30 12:31:36 - [TEST_CASE][PASSED] - Test Cases/Condicionales_If/Test_2: Test Cases/Condicionales_If/Test_2

2022-11-30 12:31:36 - [TEST_STEP][PASSED] - if (num == 5): null

2022-11-30 12:31:36 - [TEST_STEP][PASSED] - if (num == 10): null

2022-11-30 12:31:36 - [TEST_STEP][PASSED] - println("El valor de la variables es un: 10"): null]]></system-out>
         <system-err><![CDATA[]]></system-err>
      </testcase>
      <testcase name="Test Cases/Condicionales_If/Test_3" time="0.027" classname="Test Cases/Condicionales_If/Test_3" status="PASSED">
         <system-out><![CDATA[2022-11-30 12:31:36 - [TEST_CASE][PASSED] - Test Cases/Condicionales_If/Test_3: Test Cases/Condicionales_If/Test_3

2022-11-30 12:31:36 - [TEST_STEP][PASSED] - if (nombre == "Juan"): null

2022-11-30 12:31:36 - [TEST_STEP][PASSED] - if (nombre == "JUan"): null

2022-11-30 12:31:36 - [TEST_STEP][PASSED] - if (nombre == "juan"): null

2022-11-30 12:31:36 - [TEST_STEP][PASSED] - println("Tu nombre es juan"): null]]></system-out>
         <system-err><![CDATA[]]></system-err>
      </testcase>
      <testcase name="Test Cases/Condicionales_If/Test_4" time="0.057" classname="Test Cases/Condicionales_If/Test_4" status="PASSED">
         <system-out><![CDATA[2022-11-30 12:31:36 - [TEST_CASE][PASSED] - Test Cases/Condicionales_If/Test_4: Test Cases/Condicionales_If/Test_4

2022-11-30 12:31:36 - [TEST_STEP][PASSED] - if (num <= 7): null

2022-11-30 12:31:36 - [TEST_STEP][PASSED] - println("El numero es menor ó igual que 5"): null

2022-11-30 12:31:36 - [TEST_STEP][PASSED] - if (num >= 8): null

2022-11-30 12:31:36 - [TEST_STEP][PASSED] - if (num != 5): null]]></system-out>
         <system-err><![CDATA[]]></system-err>
      </testcase>
      <testcase name="Test Cases/Condicionales_If/Test_edad" time="0.037" classname="Test Cases/Condicionales_If/Test_edad" status="PASSED">
         <system-out><![CDATA[2022-11-30 12:31:36 - [TEST_CASE][PASSED] - Test Cases/Condicionales_If/Test_edad: Test Cases/Condicionales_If/Test_edad

2022-11-30 12:31:37 - [TEST_STEP][PASSED] - if (edad >= 1 && edad <= 17): null

2022-11-30 12:31:37 - [TEST_STEP][PASSED] - else if (edad == 18): null

2022-11-30 12:31:37 - [TEST_STEP][PASSED] - else if (edad <= 0): null

2022-11-30 12:31:37 - [TEST_STEP][PASSED] - else if (edad == 120): null

2022-11-30 12:31:37 - [TEST_STEP][PASSED] - else: null

2022-11-30 12:31:37 - [TEST_STEP][PASSED] - print("No se cumple ninguna de las opciones"): null]]></system-out>
         <system-err><![CDATA[]]></system-err>
      </testcase>
      <testcase name="Test Cases/Condicionales_If/Test_valor" time="35.321" classname="Test Cases/Condicionales_If/Test_valor" status="PASSED">
         <system-out><![CDATA[2022-11-30 12:31:37 - [TEST_CASE][PASSED] - Test Cases/Condicionales_If/Test_valor: Test Cases/Condicionales_If/Test_valor

2022-11-30 12:31:37 - [TEST_STEP][PASSED] - openBrowser(""): Browser is opened with url: ''

2022-11-30 12:31:37 - [MESSAGE][INFO] - Starting 'Chrome' driver

2022-11-30 12:31:37 - [MESSAGE][INFO] - Action delay is set to 0 milliseconds

2022-11-30 12:31:38 - [MESSAGE][PASSED] - Browser is opened with url: ''

2022-11-30 12:31:38 - [TEST_STEP][PASSED] - navigateToUrl("https://demoqa.com/"): Navigate to 'https://demoqa.com/' successfully

2022-11-30 12:32:02 - [MESSAGE][PASSED] - Navigate to 'https://demoqa.com/' successfully

2022-11-30 12:32:02 - [TEST_STEP][PASSED] - maximizeWindow(): Current window maximized

2022-11-30 12:32:02 - [MESSAGE][PASSED] - Current window maximized

2022-11-30 12:32:02 - [TEST_STEP][PASSED] - waitForPageLoad(10): Wait for page load successfully

2022-11-30 12:32:02 - [MESSAGE][PASSED] - Wait for page load successfully

2022-11-30 12:32:02 - [TEST_STEP][PASSED] - Existe = waitForElementVisible(findTestObject("Condicionales/titulo1"), 5): Web element with id: 'Object Repository/Condicionales/titulo1' located by '//div[@class='main-header'][contains(.,'Radio Button')]' not found

2022-11-30 12:32:09 - [MESSAGE][INFO] - Unable to find the element located by 'By.xpath: //div[@class='main-header'][contains(.,'Radio Button')]'. Please recheck the objects properties to make sure the desired element is located. 

2022-11-30 12:32:09 - [MESSAGE][WARNING] - [SELF-HEALING] Failed to find element with id 'Object Repository/Condicionales/titulo1'. Try using Self-healing.

2022-11-30 12:32:10 - [MESSAGE][INFO] - [SELF-HEALING] No working XPath is found.

2022-11-30 12:32:11 - [MESSAGE][INFO] - Unable to find the element located by 'By.xpath: '. Please recheck the objects properties to make sure the desired element is located. 

2022-11-30 12:32:11 - [MESSAGE][WARNING] - [SELF-HEALING] Cannot find elements when the selector is null

2022-11-30 12:32:11 - [MESSAGE][WARNING] - Web element with id: 'Object Repository/Condicionales/titulo1' located by '//div[@class='main-header'][contains(.,'Radio Button')]' not found

2022-11-30 12:32:11 - [TEST_STEP][PASSED] - if (Existe == true): null

2022-11-30 12:32:11 - [TEST_STEP][PASSED] - else: Browser is closed

2022-11-30 12:32:11 - [TEST_STEP][PASSED] - print("No estas en la página correcta"): null

2022-11-30 12:32:11 - [TEST_STEP][PASSED] - closeBrowser(): Browser is closed

2022-11-30 12:32:12 - [MESSAGE][PASSED] - Browser is closed]]></system-out>
         <system-err><![CDATA[]]></system-err>
      </testcase>
      <testcase name="Test Cases/BUCLES/Reto_For" time="70.234" classname="Test Cases/BUCLES/Reto_For" status="PASSED">
         <system-out><![CDATA[2022-11-30 12:32:12 - [TEST_CASE][PASSED] - Test Cases/BUCLES/Reto_For: Test Cases/BUCLES/Reto_For

2022-11-30 12:32:12 - [TEST_STEP][PASSED] - openBrowser(""): Browser is opened with url: ''

2022-11-30 12:32:12 - [MESSAGE][INFO] - Starting 'Chrome' driver

2022-11-30 12:32:12 - [MESSAGE][INFO] - Action delay is set to 0 milliseconds

2022-11-30 12:32:13 - [MESSAGE][PASSED] - Browser is opened with url: ''

2022-11-30 12:32:13 - [TEST_STEP][PASSED] - navigateToUrl("https://demoqa.com/text-box"): Navigate to 'https://demoqa.com/text-box' successfully

2022-11-30 12:33:03 - [MESSAGE][PASSED] - Navigate to 'https://demoqa.com/text-box' successfully

2022-11-30 12:33:03 - [TEST_STEP][PASSED] - maximizeWindow(): Current window maximized

2022-11-30 12:33:03 - [MESSAGE][PASSED] - Current window maximized

2022-11-30 12:33:03 - [TEST_STEP][PASSED] - waitForPageLoad(5): Wait for page load successfully

2022-11-30 12:33:04 - [MESSAGE][PASSED] - Wait for page load successfully

2022-11-30 12:33:04 - [TEST_STEP][PASSED] - for ([x = 1, x <= 4, (x++)]): Browser is scrolled to position x = 0, y = 100

2022-11-30 12:33:04 - [TEST_STEP][PASSED] - z = ["Carlos", "Erika", "Paco", "Rodrigo", "Juan"]: null

2022-11-30 12:33:04 - [TEST_STEP][PASSED] - rn = new java.util.Random(): null

2022-11-30 12:33:04 - [TEST_STEP][PASSED] - tx_nombre = z[rn.nextInt(size)]: null

2022-11-30 12:33:04 - [TEST_STEP][PASSED] - setText(findTestObject("Object Repository/Reto_for/Page_ToolsQA/input_Full Name_userName"), tx_nombre): Text 'Rodrigo' is set on object 'Object Repository/Reto_for/Page_ToolsQA/input_Full Name_userName'

2022-11-30 12:33:06 - [MESSAGE][PASSED] - Text 'Rodrigo' is set on object 'Object Repository/Reto_for/Page_ToolsQA/input_Full Name_userName'

2022-11-30 12:33:06 - [TEST_STEP][PASSED] - setText(findTestObject("Object Repository/Reto_for/Page_ToolsQA/input_Email_userEmail"), tx_nombre + "@gmail.com"): Text 'Rodrigo@gmail.com' is set on object 'Object Repository/Reto_for/Page_ToolsQA/input_Email_userEmail'

2022-11-30 12:33:07 - [MESSAGE][PASSED] - Text 'Rodrigo@gmail.com' is set on object 'Object Repository/Reto_for/Page_ToolsQA/input_Email_userEmail'

2022-11-30 12:33:07 - [TEST_STEP][PASSED] - setText(findTestObject("Object Repository/Reto_for/Page_ToolsQA/textarea_Current Address_currentAddress"), "Dirección#" + x): Text 'Dirección#1' is set on object 'Object Repository/Reto_for/Page_ToolsQA/textarea_Current Address_currentAddress'

2022-11-30 12:33:07 - [MESSAGE][PASSED] - Text 'Dirección#1' is set on object 'Object Repository/Reto_for/Page_ToolsQA/textarea_Current Address_currentAddress'

2022-11-30 12:33:07 - [TEST_STEP][PASSED] - setText(findTestObject("Object Repository/Reto_for/Page_ToolsQA/textarea_Permanent Address_permanentAddress"), "Dirección dos#" + x): Text 'Dirección dos#1' is set on object 'Object Repository/Reto_for/Page_ToolsQA/textarea_Permanent Address_permanentAddress'

2022-11-30 12:33:08 - [MESSAGE][PASSED] - Text 'Dirección dos#1' is set on object 'Object Repository/Reto_for/Page_ToolsQA/textarea_Permanent Address_permanentAddress'

2022-11-30 12:33:08 - [TEST_STEP][PASSED] - scrollToPosition(0, 500): Browser is scrolled to position x = 0, y = 500

2022-11-30 12:33:09 - [MESSAGE][PASSED] - Browser is scrolled to position x = 0, y = 500

2022-11-30 12:33:09 - [TEST_STEP][PASSED] - click(findTestObject("Object Repository/Reto_for/Page_ToolsQA/button_Submit")): Object: 'Object Repository/Reto_for/Page_ToolsQA/button_Submit' is clicked on

2022-11-30 12:33:09 - [MESSAGE][PASSED] - Object: 'Object Repository/Reto_for/Page_ToolsQA/button_Submit' is clicked on

2022-11-30 12:33:09 - [TEST_STEP][PASSED] - scrollToPosition(0, 100): Browser is scrolled to position x = 0, y = 100

2022-11-30 12:33:09 - [MESSAGE][PASSED] - Browser is scrolled to position x = 0, y = 100

2022-11-30 12:33:09 - [TEST_STEP][PASSED] - z = ["Carlos", "Erika", "Paco", "Rodrigo", "Juan"]: null

2022-11-30 12:33:09 - [TEST_STEP][PASSED] - rn = new java.util.Random(): null

2022-11-30 12:33:09 - [TEST_STEP][PASSED] - tx_nombre = z[rn.nextInt(size)]: null

2022-11-30 12:33:09 - [TEST_STEP][PASSED] - setText(findTestObject("Object Repository/Reto_for/Page_ToolsQA/input_Full Name_userName"), tx_nombre): Text 'Juan' is set on object 'Object Repository/Reto_for/Page_ToolsQA/input_Full Name_userName'

2022-11-30 12:33:10 - [MESSAGE][PASSED] - Text 'Juan' is set on object 'Object Repository/Reto_for/Page_ToolsQA/input_Full Name_userName'

2022-11-30 12:33:10 - [TEST_STEP][PASSED] - setText(findTestObject("Object Repository/Reto_for/Page_ToolsQA/input_Email_userEmail"), tx_nombre + "@gmail.com"): Text 'Juan@gmail.com' is set on object 'Object Repository/Reto_for/Page_ToolsQA/input_Email_userEmail'

2022-11-30 12:33:11 - [MESSAGE][PASSED] - Text 'Juan@gmail.com' is set on object 'Object Repository/Reto_for/Page_ToolsQA/input_Email_userEmail'

2022-11-30 12:33:11 - [TEST_STEP][PASSED] - setText(findTestObject("Object Repository/Reto_for/Page_ToolsQA/textarea_Current Address_currentAddress"), "Dirección#" + x): Text 'Dirección#2' is set on object 'Object Repository/Reto_for/Page_ToolsQA/textarea_Current Address_currentAddress'

2022-11-30 12:33:12 - [MESSAGE][PASSED] - Text 'Dirección#2' is set on object 'Object Repository/Reto_for/Page_ToolsQA/textarea_Current Address_currentAddress'

2022-11-30 12:33:12 - [TEST_STEP][PASSED] - setText(findTestObject("Object Repository/Reto_for/Page_ToolsQA/textarea_Permanent Address_permanentAddress"), "Dirección dos#" + x): Text 'Dirección dos#2' is set on object 'Object Repository/Reto_for/Page_ToolsQA/textarea_Permanent Address_permanentAddress'

2022-11-30 12:33:13 - [MESSAGE][PASSED] - Text 'Dirección dos#2' is set on object 'Object Repository/Reto_for/Page_ToolsQA/textarea_Permanent Address_permanentAddress'

2022-11-30 12:33:13 - [TEST_STEP][PASSED] - scrollToPosition(0, 500): Browser is scrolled to position x = 0, y = 500

2022-11-30 12:33:13 - [MESSAGE][PASSED] - Browser is scrolled to position x = 0, y = 500

2022-11-30 12:33:13 - [TEST_STEP][PASSED] - click(findTestObject("Object Repository/Reto_for/Page_ToolsQA/button_Submit")): Object: 'Object Repository/Reto_for/Page_ToolsQA/button_Submit' is clicked on

2022-11-30 12:33:13 - [MESSAGE][PASSED] - Object: 'Object Repository/Reto_for/Page_ToolsQA/button_Submit' is clicked on

2022-11-30 12:33:13 - [TEST_STEP][PASSED] - scrollToPosition(0, 100): Browser is scrolled to position x = 0, y = 100

2022-11-30 12:33:13 - [MESSAGE][PASSED] - Browser is scrolled to position x = 0, y = 100

2022-11-30 12:33:13 - [TEST_STEP][PASSED] - z = ["Carlos", "Erika", "Paco", "Rodrigo", "Juan"]: null

2022-11-30 12:33:13 - [TEST_STEP][PASSED] - rn = new java.util.Random(): null

2022-11-30 12:33:13 - [TEST_STEP][PASSED] - tx_nombre = z[rn.nextInt(size)]: null

2022-11-30 12:33:13 - [TEST_STEP][PASSED] - setText(findTestObject("Object Repository/Reto_for/Page_ToolsQA/input_Full Name_userName"), tx_nombre): Text 'Erika' is set on object 'Object Repository/Reto_for/Page_ToolsQA/input_Full Name_userName'

2022-11-30 12:33:14 - [MESSAGE][PASSED] - Text 'Erika' is set on object 'Object Repository/Reto_for/Page_ToolsQA/input_Full Name_userName'

2022-11-30 12:33:14 - [TEST_STEP][PASSED] - setText(findTestObject("Object Repository/Reto_for/Page_ToolsQA/input_Email_userEmail"), tx_nombre + "@gmail.com"): Text 'Erika@gmail.com' is set on object 'Object Repository/Reto_for/Page_ToolsQA/input_Email_userEmail'

2022-11-30 12:33:15 - [MESSAGE][PASSED] - Text 'Erika@gmail.com' is set on object 'Object Repository/Reto_for/Page_ToolsQA/input_Email_userEmail'

2022-11-30 12:33:15 - [TEST_STEP][PASSED] - setText(findTestObject("Object Repository/Reto_for/Page_ToolsQA/textarea_Current Address_currentAddress"), "Dirección#" + x): Text 'Dirección#3' is set on object 'Object Repository/Reto_for/Page_ToolsQA/textarea_Current Address_currentAddress'

2022-11-30 12:33:16 - [MESSAGE][PASSED] - Text 'Dirección#3' is set on object 'Object Repository/Reto_for/Page_ToolsQA/textarea_Current Address_currentAddress'

2022-11-30 12:33:16 - [TEST_STEP][PASSED] - setText(findTestObject("Object Repository/Reto_for/Page_ToolsQA/textarea_Permanent Address_permanentAddress"), "Dirección dos#" + x): Text 'Dirección dos#3' is set on object 'Object Repository/Reto_for/Page_ToolsQA/textarea_Permanent Address_permanentAddress'

2022-11-30 12:33:17 - [MESSAGE][PASSED] - Text 'Dirección dos#3' is set on object 'Object Repository/Reto_for/Page_ToolsQA/textarea_Permanent Address_permanentAddress'

2022-11-30 12:33:17 - [TEST_STEP][PASSED] - scrollToPosition(0, 500): Browser is scrolled to position x = 0, y = 500

2022-11-30 12:33:17 - [MESSAGE][PASSED] - Browser is scrolled to position x = 0, y = 500

2022-11-30 12:33:17 - [TEST_STEP][PASSED] - click(findTestObject("Object Repository/Reto_for/Page_ToolsQA/button_Submit")): Object: 'Object Repository/Reto_for/Page_ToolsQA/button_Submit' is clicked on

2022-11-30 12:33:17 - [MESSAGE][PASSED] - Object: 'Object Repository/Reto_for/Page_ToolsQA/button_Submit' is clicked on

2022-11-30 12:33:17 - [TEST_STEP][PASSED] - scrollToPosition(0, 100): Browser is scrolled to position x = 0, y = 100

2022-11-30 12:33:17 - [MESSAGE][PASSED] - Browser is scrolled to position x = 0, y = 100

2022-11-30 12:33:17 - [TEST_STEP][PASSED] - z = ["Carlos", "Erika", "Paco", "Rodrigo", "Juan"]: null

2022-11-30 12:33:17 - [TEST_STEP][PASSED] - rn = new java.util.Random(): null

2022-11-30 12:33:17 - [TEST_STEP][PASSED] - tx_nombre = z[rn.nextInt(size)]: null

2022-11-30 12:33:17 - [TEST_STEP][PASSED] - setText(findTestObject("Object Repository/Reto_for/Page_ToolsQA/input_Full Name_userName"), tx_nombre): Text 'Paco' is set on object 'Object Repository/Reto_for/Page_ToolsQA/input_Full Name_userName'

2022-11-30 12:33:18 - [MESSAGE][PASSED] - Text 'Paco' is set on object 'Object Repository/Reto_for/Page_ToolsQA/input_Full Name_userName'

2022-11-30 12:33:18 - [TEST_STEP][PASSED] - setText(findTestObject("Object Repository/Reto_for/Page_ToolsQA/input_Email_userEmail"), tx_nombre + "@gmail.com"): Text 'Paco@gmail.com' is set on object 'Object Repository/Reto_for/Page_ToolsQA/input_Email_userEmail'

2022-11-30 12:33:19 - [MESSAGE][PASSED] - Text 'Paco@gmail.com' is set on object 'Object Repository/Reto_for/Page_ToolsQA/input_Email_userEmail'

2022-11-30 12:33:19 - [TEST_STEP][PASSED] - setText(findTestObject("Object Repository/Reto_for/Page_ToolsQA/textarea_Current Address_currentAddress"), "Dirección#" + x): Text 'Dirección#4' is set on object 'Object Repository/Reto_for/Page_ToolsQA/textarea_Current Address_currentAddress'

2022-11-30 12:33:20 - [MESSAGE][PASSED] - Text 'Dirección#4' is set on object 'Object Repository/Reto_for/Page_ToolsQA/textarea_Current Address_currentAddress'

2022-11-30 12:33:20 - [TEST_STEP][PASSED] - setText(findTestObject("Object Repository/Reto_for/Page_ToolsQA/textarea_Permanent Address_permanentAddress"), "Dirección dos#" + x): Text 'Dirección dos#4' is set on object 'Object Repository/Reto_for/Page_ToolsQA/textarea_Permanent Address_permanentAddress'

2022-11-30 12:33:21 - [MESSAGE][PASSED] - Text 'Dirección dos#4' is set on object 'Object Repository/Reto_for/Page_ToolsQA/textarea_Permanent Address_permanentAddress'

2022-11-30 12:33:21 - [TEST_STEP][PASSED] - scrollToPosition(0, 500): Browser is scrolled to position x = 0, y = 500

2022-11-30 12:33:21 - [MESSAGE][PASSED] - Browser is scrolled to position x = 0, y = 500

2022-11-30 12:33:21 - [TEST_STEP][PASSED] - click(findTestObject("Object Repository/Reto_for/Page_ToolsQA/button_Submit")): Object: 'Object Repository/Reto_for/Page_ToolsQA/button_Submit' is clicked on

2022-11-30 12:33:21 - [MESSAGE][PASSED] - Object: 'Object Repository/Reto_for/Page_ToolsQA/button_Submit' is clicked on

2022-11-30 12:33:21 - [TEST_STEP][PASSED] - scrollToPosition(0, 100): Browser is scrolled to position x = 0, y = 100

2022-11-30 12:33:21 - [MESSAGE][PASSED] - Browser is scrolled to position x = 0, y = 100

2022-11-30 12:33:21 - [TEST_STEP][PASSED] - closeBrowser(): Browser is closed

2022-11-30 12:33:22 - [MESSAGE][PASSED] - Browser is closed]]></system-out>
         <system-err><![CDATA[]]></system-err>
      </testcase>
      <testcase name="Test Cases/BUCLES/Reto_while" time="20.201" classname="Test Cases/BUCLES/Reto_while" status="PASSED">
         <system-out><![CDATA[2022-11-30 12:33:22 - [TEST_CASE][PASSED] - Test Cases/BUCLES/Reto_while: Test Cases/BUCLES/Reto_while

2022-11-30 12:33:22 - [TEST_STEP][PASSED] - openBrowser(""): Browser is opened with url: ''

2022-11-30 12:33:22 - [MESSAGE][INFO] - Starting 'Chrome' driver

2022-11-30 12:33:22 - [MESSAGE][INFO] - Action delay is set to 0 milliseconds

2022-11-30 12:33:24 - [MESSAGE][PASSED] - Browser is opened with url: ''

2022-11-30 12:33:24 - [TEST_STEP][PASSED] - navigateToUrl("https://www.google.com/"): Navigate to 'https://www.google.com/' successfully

2022-11-30 12:33:28 - [MESSAGE][PASSED] - Navigate to 'https://www.google.com/' successfully

2022-11-30 12:33:28 - [TEST_STEP][PASSED] - Bandera = 0: null

2022-11-30 12:33:28 - [TEST_STEP][PASSED] - while (Bandera != 1): null

2022-11-30 12:33:28 - [TEST_STEP][PASSED] - num = Math.random() * 5 - 1 + 1: null

2022-11-30 12:33:28 - [TEST_STEP][PASSED] - setText(findTestObject("Object Repository/While_google/Page_Google/input__q"), "5+" + num): Text '5+3' is set on object 'Object Repository/While_google/Page_Google/input__q'

2022-11-30 12:33:30 - [MESSAGE][PASSED] - Text '5+3' is set on object 'Object Repository/While_google/Page_Google/input__q'

2022-11-30 12:33:30 - [TEST_STEP][PASSED] - sendKeys(findTestObject("Object Repository/While_google/Page_Google/input__q"), Keys.chord(ENTER)): Keys 'ENTER + ' sent to object: 'Object Repository/While_google/Page_Google/input__q'

2022-11-30 12:33:41 - [MESSAGE][PASSED] - Keys 'ENTER + ' sent to object: 'Object Repository/While_google/Page_Google/input__q'

2022-11-30 12:33:41 - [TEST_STEP][PASSED] - Resultado = getText(findTestObject("While_google/Extras/Resultado_10")): Text of object 'Object Repository/While_google/Extras/Resultado_10' is: '8'

2022-11-30 12:33:42 - [MESSAGE][PASSED] - Text of object 'Object Repository/While_google/Extras/Resultado_10' is: '8'

2022-11-30 12:33:42 - [TEST_STEP][PASSED] - if (Resultado == "8"): Browser is closed

2022-11-30 12:33:42 - [TEST_STEP][PASSED] - Bandera = 1: null

2022-11-30 12:33:42 - [TEST_STEP][PASSED] - print("Listo termina"): null

2022-11-30 12:33:42 - [TEST_STEP][PASSED] - closeBrowser(): Browser is closed

2022-11-30 12:33:42 - [MESSAGE][PASSED] - Browser is closed

2022-11-30 12:33:42 - [TEST_STEP][PASSED] - print(Bandera + "------"): null]]></system-out>
         <system-err><![CDATA[]]></system-err>
      </testcase>
      <testcase name="Test Cases/BUCLES/Reto_while_solucion" time="35.732" classname="Test Cases/BUCLES/Reto_while_solucion" status="PASSED">
         <system-out><![CDATA[2022-11-30 12:33:42 - [TEST_CASE][PASSED] - Test Cases/BUCLES/Reto_while_solucion: Test Cases/BUCLES/Reto_while_solucion

2022-11-30 12:33:42 - [TEST_STEP][PASSED] - openBrowser(""): Browser is opened with url: ''

2022-11-30 12:33:42 - [MESSAGE][INFO] - Starting 'Chrome' driver

2022-11-30 12:33:42 - [MESSAGE][INFO] - Action delay is set to 0 milliseconds

2022-11-30 12:33:44 - [MESSAGE][PASSED] - Browser is opened with url: ''

2022-11-30 12:33:44 - [TEST_STEP][PASSED] - navigateToUrl("https://www.google.com/"): Navigate to 'https://www.google.com/' successfully

2022-11-30 12:33:52 - [MESSAGE][PASSED] - Navigate to 'https://www.google.com/' successfully

2022-11-30 12:33:52 - [TEST_STEP][PASSED] - Res = 0: null

2022-11-30 12:33:52 - [TEST_STEP][PASSED] - while (Res != 8): Browser is closed

2022-11-30 12:33:52 - [TEST_STEP][PASSED] - num = Math.random() * 5 - 1 + 1: null

2022-11-30 12:33:52 - [TEST_STEP][PASSED] - setText(findTestObject("Object Repository/Reto_while1/Page_Google/input__q"), "5+" + num): Text '5+1' is set on object 'Object Repository/Reto_while1/Page_Google/input__q'

2022-11-30 12:33:53 - [MESSAGE][PASSED] - Text '5+1' is set on object 'Object Repository/Reto_while1/Page_Google/input__q'

2022-11-30 12:33:53 - [TEST_STEP][PASSED] - sendKeys(findTestObject("Object Repository/Reto_while1/Page_Google/input__q"), Keys.chord(ENTER)): Keys 'ENTER + ' sent to object: 'Object Repository/Reto_while1/Page_Google/input__q'

2022-11-30 12:34:06 - [MESSAGE][PASSED] - Keys 'ENTER + ' sent to object: 'Object Repository/Reto_while1/Page_Google/input__q'

2022-11-30 12:34:06 - [TEST_STEP][PASSED] - Res = getText(findTestObject("Reto_while1/Resultado_8")).toInteger(): Text of object 'Object Repository/Reto_while1/Resultado_8' is: '6'

2022-11-30 12:34:06 - [MESSAGE][PASSED] - Text of object 'Object Repository/Reto_while1/Resultado_8' is: '6'

2022-11-30 12:34:06 - [TEST_STEP][PASSED] - if (Res == 8): null

2022-11-30 12:34:06 - [TEST_STEP][PASSED] - num = Math.random() * 5 - 1 + 1: null

2022-11-30 12:34:06 - [TEST_STEP][PASSED] - setText(findTestObject("Object Repository/Reto_while1/Page_Google/input__q"), "5+" + num): Text '5+3' is set on object 'Object Repository/Reto_while1/Page_Google/input__q'

2022-11-30 12:34:07 - [MESSAGE][PASSED] - Text '5+3' is set on object 'Object Repository/Reto_while1/Page_Google/input__q'

2022-11-30 12:34:07 - [TEST_STEP][PASSED] - sendKeys(findTestObject("Object Repository/Reto_while1/Page_Google/input__q"), Keys.chord(ENTER)): Keys 'ENTER + ' sent to object: 'Object Repository/Reto_while1/Page_Google/input__q'

2022-11-30 12:34:17 - [MESSAGE][PASSED] - Keys 'ENTER + ' sent to object: 'Object Repository/Reto_while1/Page_Google/input__q'

2022-11-30 12:34:17 - [TEST_STEP][PASSED] - Res = getText(findTestObject("Reto_while1/Resultado_8")).toInteger(): Text of object 'Object Repository/Reto_while1/Resultado_8' is: '8'

2022-11-30 12:34:17 - [MESSAGE][PASSED] - Text of object 'Object Repository/Reto_while1/Resultado_8' is: '8'

2022-11-30 12:34:17 - [TEST_STEP][PASSED] - if (Res == 8): Browser is closed

2022-11-30 12:34:17 - [TEST_STEP][PASSED] - closeBrowser(): Browser is closed

2022-11-30 12:34:18 - [MESSAGE][PASSED] - Browser is closed]]></system-out>
         <system-err><![CDATA[]]></system-err>
      </testcase>
      <testcase name="Test Cases/BUCLES/Test_1" time="170.932" classname="Test Cases/BUCLES/Test_1" status="PASSED">
         <system-out><![CDATA[2022-11-30 12:34:18 - [TEST_CASE][PASSED] - Test Cases/BUCLES/Test_1: Test Cases/BUCLES/Test_1

2022-11-30 12:34:18 - [TEST_STEP][PASSED] - openBrowser(""): Browser is opened with url: ''

2022-11-30 12:34:18 - [MESSAGE][INFO] - Starting 'Chrome' driver

2022-11-30 12:34:18 - [MESSAGE][INFO] - Action delay is set to 0 milliseconds

2022-11-30 12:34:20 - [MESSAGE][PASSED] - Browser is opened with url: ''

2022-11-30 12:34:20 - [TEST_STEP][PASSED] - navigateToUrl("https://demoqa.com/text-box"): Navigate to 'https://demoqa.com/text-box' successfully

2022-11-30 12:35:05 - [MESSAGE][PASSED] - Navigate to 'https://demoqa.com/text-box' successfully

2022-11-30 12:35:05 - [TEST_STEP][PASSED] - for ([x = 1, x <= 2, (x++)]): null

2022-11-30 12:35:05 - [TEST_STEP][PASSED] - openBrowser(""): Browser is opened with url: ''

2022-11-30 12:35:05 - [MESSAGE][WARNING] - A browser is already opened. Closing browser and opening a new one

2022-11-30 12:35:06 - [MESSAGE][INFO] - Starting 'Chrome' driver

2022-11-30 12:35:06 - [MESSAGE][INFO] - Action delay is set to 0 milliseconds

2022-11-30 12:35:07 - [MESSAGE][PASSED] - Browser is opened with url: ''

2022-11-30 12:35:07 - [TEST_STEP][PASSED] - navigateToUrl("https://demoqa.com/text-box"): Navigate to 'https://demoqa.com/text-box' successfully

2022-11-30 12:36:52 - [MESSAGE][PASSED] - Navigate to 'https://demoqa.com/text-box' successfully

2022-11-30 12:36:52 - [TEST_STEP][PASSED] - RN = Math.random() * 10 - 1 + 1: null

2022-11-30 12:36:52 - [TEST_STEP][PASSED] - print("Numero : " + RN + "----"): null

2022-11-30 12:36:52 - [TEST_STEP][PASSED] - z = ["Demo1", "Demo2", "Demo3", "Demo4", "Demo5"]: null

2022-11-30 12:36:52 - [TEST_STEP][PASSED] - rnd = new java.util.Random(): null

2022-11-30 12:36:52 - [TEST_STEP][PASSED] - texto = z[rnd.nextInt(size)]: null

2022-11-30 12:36:52 - [TEST_STEP][PASSED] - print(texto): null

2022-11-30 12:36:52 - [TEST_STEP][PASSED] - openBrowser(""): Browser is opened with url: ''

2022-11-30 12:36:52 - [MESSAGE][WARNING] - A browser is already opened. Closing browser and opening a new one

2022-11-30 12:36:52 - [MESSAGE][INFO] - Starting 'Chrome' driver

2022-11-30 12:36:52 - [MESSAGE][INFO] - Action delay is set to 0 milliseconds

2022-11-30 12:36:54 - [MESSAGE][PASSED] - Browser is opened with url: ''

2022-11-30 12:36:54 - [TEST_STEP][PASSED] - navigateToUrl("https://demoqa.com/text-box"): Navigate to 'https://demoqa.com/text-box' successfully

2022-11-30 12:37:08 - [MESSAGE][PASSED] - Navigate to 'https://demoqa.com/text-box' successfully

2022-11-30 12:37:08 - [TEST_STEP][PASSED] - RN = Math.random() * 10 - 1 + 1: null

2022-11-30 12:37:08 - [TEST_STEP][PASSED] - print("Numero : " + RN + "----"): null

2022-11-30 12:37:08 - [TEST_STEP][PASSED] - z = ["Demo1", "Demo2", "Demo3", "Demo4", "Demo5"]: null

2022-11-30 12:37:08 - [TEST_STEP][PASSED] - rnd = new java.util.Random(): null

2022-11-30 12:37:08 - [TEST_STEP][PASSED] - texto = z[rnd.nextInt(size)]: null

2022-11-30 12:37:08 - [TEST_STEP][PASSED] - print(texto): null

2022-11-30 12:37:08 - [TEST_STEP][PASSED] - closeBrowser(): Browser is closed

2022-11-30 12:37:09 - [MESSAGE][PASSED] - Browser is closed]]></system-out>
         <system-err><![CDATA[]]></system-err>
      </testcase>
      <testcase name="Test Cases/BUCLES/Test_2" time="50.411" classname="Test Cases/BUCLES/Test_2" status="PASSED">
         <system-out><![CDATA[2022-11-30 12:37:09 - [TEST_CASE][PASSED] - Test Cases/BUCLES/Test_2: Test Cases/BUCLES/Test_2

2022-11-30 12:37:09 - [TEST_STEP][PASSED] - openBrowser(""): Browser is opened with url: ''

2022-11-30 12:37:09 - [MESSAGE][INFO] - Starting 'Chrome' driver

2022-11-30 12:37:09 - [MESSAGE][INFO] - Action delay is set to 0 milliseconds

2022-11-30 12:37:11 - [MESSAGE][PASSED] - Browser is opened with url: ''

2022-11-30 12:37:11 - [TEST_STEP][PASSED] - navigateToUrl("https://demoqa.com/text-box"): Navigate to 'https://demoqa.com/text-box' successfully

2022-11-30 12:37:59 - [MESSAGE][PASSED] - Navigate to 'https://demoqa.com/text-box' successfully

2022-11-30 12:37:59 - [TEST_STEP][PASSED] - for ([x = 1, x <= 10, x = x + 2]): null

2022-11-30 12:37:59 - [TEST_STEP][PASSED] - print(" hola mundo " + x + "-------"): null

2022-11-30 12:37:59 - [TEST_STEP][PASSED] - print(" hola mundo " + x + "-------"): null

2022-11-30 12:37:59 - [TEST_STEP][PASSED] - print(" hola mundo " + x + "-------"): null

2022-11-30 12:37:59 - [TEST_STEP][PASSED] - print(" hola mundo " + x + "-------"): null

2022-11-30 12:37:59 - [TEST_STEP][PASSED] - print(" hola mundo " + x + "-------"): null

2022-11-30 12:37:59 - [TEST_STEP][PASSED] - closeBrowser(): Browser is closed

2022-11-30 12:37:59 - [MESSAGE][PASSED] - Browser is closed]]></system-out>
         <system-err><![CDATA[]]></system-err>
      </testcase>
      <testcase name="Test Cases/BUCLES/Test_while" time="30.036" classname="Test Cases/BUCLES/Test_while" status="PASSED">
         <system-out><![CDATA[2022-11-30 12:37:59 - [TEST_CASE][PASSED] - Test Cases/BUCLES/Test_while: Test Cases/BUCLES/Test_while

2022-11-30 12:37:59 - [TEST_STEP][PASSED] - openBrowser(""): Browser is opened with url: ''

2022-11-30 12:37:59 - [MESSAGE][INFO] - Starting 'Chrome' driver

2022-11-30 12:37:59 - [MESSAGE][INFO] - Action delay is set to 0 milliseconds

2022-11-30 12:38:01 - [MESSAGE][PASSED] - Browser is opened with url: ''

2022-11-30 12:38:01 - [TEST_STEP][PASSED] - navigateToUrl("https://demoqa.com/text-box"): Navigate to 'https://demoqa.com/text-box' successfully

2022-11-30 12:38:29 - [MESSAGE][PASSED] - Navigate to 'https://demoqa.com/text-box' successfully

2022-11-30 12:38:29 - [TEST_STEP][PASSED] - maximizeWindow(): Current window maximized

2022-11-30 12:38:29 - [MESSAGE][PASSED] - Current window maximized

2022-11-30 12:38:29 - [TEST_STEP][PASSED] - waitForPageLoad(5): Wait for page load successfully

2022-11-30 12:38:29 - [MESSAGE][PASSED] - Wait for page load successfully

2022-11-30 12:38:29 - [TEST_STEP][PASSED] - x = 1: null

2022-11-30 12:38:29 - [TEST_STEP][PASSED] - while (x <= 3): null

2022-11-30 12:38:29 - [TEST_STEP][PASSED] - print("Hola " + x + "----------"): null

2022-11-30 12:38:29 - [TEST_STEP][PASSED] - (x++): null

2022-11-30 12:38:29 - [TEST_STEP][PASSED] - print("Hola " + x + "----------"): null

2022-11-30 12:38:29 - [TEST_STEP][PASSED] - (x++): null

2022-11-30 12:38:29 - [TEST_STEP][PASSED] - print("Hola " + x + "----------"): null

2022-11-30 12:38:29 - [TEST_STEP][PASSED] - (x++): null

2022-11-30 12:38:29 - [TEST_STEP][PASSED] - closeBrowser(): Browser is closed

2022-11-30 12:38:29 - [MESSAGE][PASSED] - Browser is closed]]></system-out>
         <system-err><![CDATA[]]></system-err>
      </testcase>
      <testcase name="Test Cases/BUCLES/Test_while2" time="93.192" classname="Test Cases/BUCLES/Test_while2" status="PASSED">
         <system-out><![CDATA[2022-11-30 12:38:29 - [TEST_CASE][PASSED] - Test Cases/BUCLES/Test_while2: Test Cases/BUCLES/Test_while2

2022-11-30 12:38:29 - [TEST_STEP][PASSED] - openBrowser(""): Browser is opened with url: ''

2022-11-30 12:38:29 - [MESSAGE][INFO] - Starting 'Chrome' driver

2022-11-30 12:38:29 - [MESSAGE][INFO] - Action delay is set to 0 milliseconds

2022-11-30 12:38:31 - [MESSAGE][PASSED] - Browser is opened with url: ''

2022-11-30 12:38:31 - [TEST_STEP][PASSED] - navigateToUrl("https://demoqa.com/text-box"): Navigate to 'https://demoqa.com/text-box' successfully

2022-11-30 12:40:02 - [MESSAGE][PASSED] - Navigate to 'https://demoqa.com/text-box' successfully

2022-11-30 12:40:02 - [TEST_STEP][PASSED] - maximizeWindow(): Current window maximized

2022-11-30 12:40:02 - [MESSAGE][PASSED] - Current window maximized

2022-11-30 12:40:02 - [TEST_STEP][PASSED] - waitForPageLoad(5): Wait for page load successfully

2022-11-30 12:40:02 - [MESSAGE][PASSED] - Wait for page load successfully

2022-11-30 12:40:02 - [TEST_STEP][PASSED] - x = 1: null

2022-11-30 12:40:02 - [TEST_STEP][PASSED] - while (x <= 5): null

2022-11-30 12:40:02 - [TEST_STEP][PASSED] - print("Valor de X" + x + "------>"): null

2022-11-30 12:40:02 - [TEST_STEP][PASSED] - (x++): null

2022-11-30 12:40:02 - [TEST_STEP][PASSED] - print("Valor de X" + x + "------>"): null

2022-11-30 12:40:02 - [TEST_STEP][PASSED] - (x++): null

2022-11-30 12:40:02 - [TEST_STEP][PASSED] - print("Valor de X" + x + "------>"): null

2022-11-30 12:40:02 - [TEST_STEP][PASSED] - (x++): null

2022-11-30 12:40:02 - [TEST_STEP][PASSED] - print("Valor de X" + x + "------>"): null

2022-11-30 12:40:02 - [TEST_STEP][PASSED] - (x++): null

2022-11-30 12:40:02 - [TEST_STEP][PASSED] - print("Valor de X" + x + "------>"): null

2022-11-30 12:40:02 - [TEST_STEP][PASSED] - (x++): null

2022-11-30 12:40:02 - [TEST_STEP][PASSED] - closeBrowser(): Browser is closed

2022-11-30 12:40:03 - [MESSAGE][PASSED] - Browser is closed]]></system-out>
         <system-err><![CDATA[]]></system-err>
      </testcase>
      <testcase name="Test Cases/Drive_excel/Drive_excel" time="32.22" classname="Test Cases/Drive_excel/Drive_excel" status="PASSED">
         <system-out><![CDATA[2022-11-30 12:40:03 - [TEST_CASE][PASSED] - Test Cases/Drive_excel/Drive_excel: Test Cases/Drive_excel/Drive_excel

2022-11-30 12:40:03 - [TEST_STEP][PASSED] - openBrowser(""): Browser is opened with url: ''

2022-11-30 12:40:03 - [MESSAGE][INFO] - Starting 'Chrome' driver

2022-11-30 12:40:03 - [MESSAGE][INFO] - Action delay is set to 0 milliseconds

2022-11-30 12:40:04 - [MESSAGE][PASSED] - Browser is opened with url: ''

2022-11-30 12:40:04 - [TEST_STEP][PASSED] - navigateToUrl("https://demoqa.com/automation-practice-form"): Navigate to 'https://demoqa.com/automation-practice-form' successfully

2022-11-30 12:40:28 - [MESSAGE][PASSED] - Navigate to 'https://demoqa.com/automation-practice-form' successfully

2022-11-30 12:40:28 - [TEST_STEP][PASSED] - waitForPageLoad(40): Wait for page load successfully

2022-11-30 12:40:28 - [MESSAGE][PASSED] - Wait for page load successfully

2022-11-30 12:40:28 - [TEST_STEP][PASSED] - maximizeWindow(): Current window maximized

2022-11-30 12:40:28 - [MESSAGE][PASSED] - Current window maximized

2022-11-30 12:40:28 - [TEST_STEP][PASSED] - setText(findTestObject("Object Repository/Drive_excel/Page_ToolsQA/input_Name_firstName"), nombre): Text '' is set on object 'Object Repository/Drive_excel/Page_ToolsQA/input_Name_firstName'

2022-11-30 12:40:30 - [MESSAGE][PASSED] - Text '' is set on object 'Object Repository/Drive_excel/Page_ToolsQA/input_Name_firstName'

2022-11-30 12:40:30 - [TEST_STEP][PASSED] - setText(findTestObject("Object Repository/Drive_excel/Page_ToolsQA/input_Name_lastName"), apellido): Text '' is set on object 'Object Repository/Drive_excel/Page_ToolsQA/input_Name_lastName'

2022-11-30 12:40:31 - [MESSAGE][PASSED] - Text '' is set on object 'Object Repository/Drive_excel/Page_ToolsQA/input_Name_lastName'

2022-11-30 12:40:31 - [TEST_STEP][PASSED] - setText(findTestObject("Object Repository/Drive_excel/Page_ToolsQA/input_Email_userEmail"), email): Text '' is set on object 'Object Repository/Drive_excel/Page_ToolsQA/input_Email_userEmail'

2022-11-30 12:40:32 - [MESSAGE][PASSED] - Text '' is set on object 'Object Repository/Drive_excel/Page_ToolsQA/input_Email_userEmail'

2022-11-30 12:40:32 - [TEST_STEP][PASSED] - delay(2): Delayed 2 second(s)

2022-11-30 12:40:34 - [MESSAGE][PASSED] - Delayed 2 second(s)

2022-11-30 12:40:34 - [TEST_STEP][PASSED] - closeBrowser(): Browser is closed

2022-11-30 12:40:35 - [MESSAGE][PASSED] - Browser is closed]]></system-out>
         <system-err><![CDATA[]]></system-err>
      </testcase>
      <system-out><![CDATA[2022-11-30 12:12:54 - [TEST_SUITE][PASSED] - testCLoud: Test Cases/Drive_excel/Drive_excel]]></system-out>
      <system-err><![CDATA[]]></system-err>
   </testsuite>
</testsuites>
