<?xml version="1.0" encoding="UTF-8"?>
<testsuites name="Integracion_2" time="18.133" tests="3" failures="0" errors="0">
   <testsuite name="Integracion_2" tests="3" failures="0" errors="0" time="18.133" skipped="0" timestamp="2021-08-16 12:39:12" hostname="DESKTOP-3P0QFSE$ - DESKTOP-3P0QFSE" id="Test Suites/Integracion_2">
      <properties>
         <property name="deviceName" value=""/>
         <property name="devicePlatform" value=""/>
         <property name="logFolder" value="C:\\Todo_Katalon\\Proyectos\\Proyecto_uno\\Reports\\20210816_123855\\Integracion_2\\20210816_123903"/>
         <property name="logFiles" value="C:\\Todo_Katalon\\Proyectos\\Proyecto_uno\\Reports\\20210816_123855\\Integracion_2\\20210816_123903\\execution0.log"/>
         <property name="attachments" value=""/>
         <property name="hostName" value="DESKTOP-3P0QFSE$ - DESKTOP-3P0QFSE"/>
         <property name="os" value="Windows 10 64bit"/>
         <property name="katalonVersion" value="8.0.5.208"/>
         <property name="browser" value="Chrome 92.0.4515.131"/>
         <property name="hostAddress" value="192.168.100.48"/>
         <property name="sessionId" value="8fdc639bbc4787b4a6c439d3b42909bf"/>
         <property name="seleniumVersion" value="3.141.59"/>
         <property name="proxyInformation" value="ProxyInformation { proxyOption=NO_PROXY, proxyServerType=HTTP, username=, password=********, proxyServerAddress=, proxyServerPort=0, executionList=&quot;&quot;, isApplyToDesiredCapabilities=true }"/>
         <property name="platform" value="Windows 10"/>
      </properties>
      <testcase name="Test Cases/BUCLES/Reto_while" time="17.343" classname="Test Cases/BUCLES/Reto_while" status="PASSED">
         <system-out><![CDATA[2021-08-16 12:39:12 - [TEST_CASE][PASSED] - Test Cases/BUCLES/Reto_while: Test Cases/BUCLES/Reto_while

2021-08-16 12:39:12 - [TEST_STEP][PASSED] - openBrowser(""): Browser is opened with url: ''

2021-08-16 12:39:12 - [MESSAGE][INFO] - Starting 'Chrome' driver

2021-08-16 12:39:12 - [MESSAGE][INFO] - Action delay is set to 0 milliseconds

2021-08-16 12:39:14 - [MESSAGE][PASSED] - Browser is opened with url: ''

2021-08-16 12:39:14 - [TEST_STEP][PASSED] - navigateToUrl("https://www.google.com/"): Navigate to 'https://www.google.com/' successfully

2021-08-16 12:39:15 - [MESSAGE][PASSED] - Navigate to 'https://www.google.com/' successfully

2021-08-16 12:39:15 - [TEST_STEP][PASSED] - Bandera = 0: null

2021-08-16 12:39:15 - [TEST_STEP][PASSED] - while (Bandera != 1): null

2021-08-16 12:39:15 - [TEST_STEP][PASSED] - num = Math.random() * 5 - 1 + 1: null

2021-08-16 12:39:15 - [TEST_STEP][PASSED] - setText(findTestObject("Object Repository/While_google/Page_Google/input__q"), "5+" + num): Text '5+4' is set on object 'Object Repository/While_google/Page_Google/input__q'

2021-08-16 12:39:16 - [MESSAGE][PASSED] - Text '5+4' is set on object 'Object Repository/While_google/Page_Google/input__q'

2021-08-16 12:39:16 - [TEST_STEP][PASSED] - sendKeys(findTestObject("Object Repository/While_google/Page_Google/input__q"), Keys.chord(ENTER)): Keys 'ENTER + ' sent to object: 'Object Repository/While_google/Page_Google/input__q'

2021-08-16 12:39:18 - [MESSAGE][PASSED] - Keys 'ENTER + ' sent to object: 'Object Repository/While_google/Page_Google/input__q'

2021-08-16 12:39:18 - [TEST_STEP][PASSED] - Resultado = getText(findTestObject("While_google/Extras/Resultado_10")): Text of object 'Object Repository/While_google/Extras/Resultado_10' is: '9'

2021-08-16 12:39:18 - [MESSAGE][PASSED] - Text of object 'Object Repository/While_google/Extras/Resultado_10' is: '9'

2021-08-16 12:39:18 - [TEST_STEP][PASSED] - if (Resultado == "8"): null

2021-08-16 12:39:18 - [TEST_STEP][PASSED] - else: null

2021-08-16 12:39:18 - [TEST_STEP][PASSED] - Bandera = 0: null

2021-08-16 12:39:18 - [TEST_STEP][PASSED] - print(Bandera + "------"): null

2021-08-16 12:39:18 - [TEST_STEP][PASSED] - num = Math.random() * 5 - 1 + 1: null

2021-08-16 12:39:18 - [TEST_STEP][PASSED] - setText(findTestObject("Object Repository/While_google/Page_Google/input__q"), "5+" + num): Text '5+4' is set on object 'Object Repository/While_google/Page_Google/input__q'

2021-08-16 12:39:19 - [MESSAGE][PASSED] - Text '5+4' is set on object 'Object Repository/While_google/Page_Google/input__q'

2021-08-16 12:39:19 - [TEST_STEP][PASSED] - sendKeys(findTestObject("Object Repository/While_google/Page_Google/input__q"), Keys.chord(ENTER)): Keys 'ENTER + ' sent to object: 'Object Repository/While_google/Page_Google/input__q'

2021-08-16 12:39:20 - [MESSAGE][PASSED] - Keys 'ENTER + ' sent to object: 'Object Repository/While_google/Page_Google/input__q'

2021-08-16 12:39:20 - [TEST_STEP][PASSED] - Resultado = getText(findTestObject("While_google/Extras/Resultado_10")): Text of object 'Object Repository/While_google/Extras/Resultado_10' is: '9'

2021-08-16 12:39:21 - [MESSAGE][PASSED] - Text of object 'Object Repository/While_google/Extras/Resultado_10' is: '9'

2021-08-16 12:39:21 - [TEST_STEP][PASSED] - if (Resultado == "8"): null

2021-08-16 12:39:21 - [TEST_STEP][PASSED] - else: null

2021-08-16 12:39:21 - [TEST_STEP][PASSED] - Bandera = 0: null

2021-08-16 12:39:21 - [TEST_STEP][PASSED] - print(Bandera + "------"): null

2021-08-16 12:39:21 - [TEST_STEP][PASSED] - num = Math.random() * 5 - 1 + 1: null

2021-08-16 12:39:21 - [TEST_STEP][PASSED] - setText(findTestObject("Object Repository/While_google/Page_Google/input__q"), "5+" + num): Text '5+2' is set on object 'Object Repository/While_google/Page_Google/input__q'

2021-08-16 12:39:22 - [MESSAGE][PASSED] - Text '5+2' is set on object 'Object Repository/While_google/Page_Google/input__q'

2021-08-16 12:39:22 - [TEST_STEP][PASSED] - sendKeys(findTestObject("Object Repository/While_google/Page_Google/input__q"), Keys.chord(ENTER)): Keys 'ENTER + ' sent to object: 'Object Repository/While_google/Page_Google/input__q'

2021-08-16 12:39:23 - [MESSAGE][PASSED] - Keys 'ENTER + ' sent to object: 'Object Repository/While_google/Page_Google/input__q'

2021-08-16 12:39:23 - [TEST_STEP][PASSED] - Resultado = getText(findTestObject("While_google/Extras/Resultado_10")): Text of object 'Object Repository/While_google/Extras/Resultado_10' is: '7'

2021-08-16 12:39:24 - [MESSAGE][PASSED] - Text of object 'Object Repository/While_google/Extras/Resultado_10' is: '7'

2021-08-16 12:39:24 - [TEST_STEP][PASSED] - if (Resultado == "8"): null

2021-08-16 12:39:24 - [TEST_STEP][PASSED] - else: null

2021-08-16 12:39:24 - [TEST_STEP][PASSED] - Bandera = 0: null

2021-08-16 12:39:24 - [TEST_STEP][PASSED] - print(Bandera + "------"): null

2021-08-16 12:39:24 - [TEST_STEP][PASSED] - num = Math.random() * 5 - 1 + 1: null

2021-08-16 12:39:24 - [TEST_STEP][PASSED] - setText(findTestObject("Object Repository/While_google/Page_Google/input__q"), "5+" + num): Text '5+4' is set on object 'Object Repository/While_google/Page_Google/input__q'

2021-08-16 12:39:24 - [MESSAGE][PASSED] - Text '5+4' is set on object 'Object Repository/While_google/Page_Google/input__q'

2021-08-16 12:39:24 - [TEST_STEP][PASSED] - sendKeys(findTestObject("Object Repository/While_google/Page_Google/input__q"), Keys.chord(ENTER)): Keys 'ENTER + ' sent to object: 'Object Repository/While_google/Page_Google/input__q'

2021-08-16 12:39:25 - [MESSAGE][PASSED] - Keys 'ENTER + ' sent to object: 'Object Repository/While_google/Page_Google/input__q'

2021-08-16 12:39:25 - [TEST_STEP][PASSED] - Resultado = getText(findTestObject("While_google/Extras/Resultado_10")): Text of object 'Object Repository/While_google/Extras/Resultado_10' is: '9'

2021-08-16 12:39:26 - [MESSAGE][PASSED] - Text of object 'Object Repository/While_google/Extras/Resultado_10' is: '9'

2021-08-16 12:39:26 - [TEST_STEP][PASSED] - if (Resultado == "8"): null

2021-08-16 12:39:26 - [TEST_STEP][PASSED] - else: null

2021-08-16 12:39:26 - [TEST_STEP][PASSED] - Bandera = 0: null

2021-08-16 12:39:26 - [TEST_STEP][PASSED] - print(Bandera + "------"): null

2021-08-16 12:39:26 - [TEST_STEP][PASSED] - num = Math.random() * 5 - 1 + 1: null

2021-08-16 12:39:26 - [TEST_STEP][PASSED] - setText(findTestObject("Object Repository/While_google/Page_Google/input__q"), "5+" + num): Text '5+3' is set on object 'Object Repository/While_google/Page_Google/input__q'

2021-08-16 12:39:27 - [MESSAGE][PASSED] - Text '5+3' is set on object 'Object Repository/While_google/Page_Google/input__q'

2021-08-16 12:39:27 - [TEST_STEP][PASSED] - sendKeys(findTestObject("Object Repository/While_google/Page_Google/input__q"), Keys.chord(ENTER)): Keys 'ENTER + ' sent to object: 'Object Repository/While_google/Page_Google/input__q'

2021-08-16 12:39:28 - [MESSAGE][PASSED] - Keys 'ENTER + ' sent to object: 'Object Repository/While_google/Page_Google/input__q'

2021-08-16 12:39:28 - [TEST_STEP][PASSED] - Resultado = getText(findTestObject("While_google/Extras/Resultado_10")): Text of object 'Object Repository/While_google/Extras/Resultado_10' is: '8'

2021-08-16 12:39:29 - [MESSAGE][PASSED] - Text of object 'Object Repository/While_google/Extras/Resultado_10' is: '8'

2021-08-16 12:39:29 - [TEST_STEP][PASSED] - if (Resultado == "8"): Browser is closed

2021-08-16 12:39:29 - [TEST_STEP][PASSED] - Bandera = 1: null

2021-08-16 12:39:29 - [TEST_STEP][PASSED] - print("Listo termina"): null

2021-08-16 12:39:29 - [TEST_STEP][PASSED] - closeBrowser(): Browser is closed

2021-08-16 12:39:29 - [MESSAGE][PASSED] - Browser is closed

2021-08-16 12:39:29 - [TEST_STEP][PASSED] - print(Bandera + "------"): null]]></system-out>
         <system-err><![CDATA[]]></system-err>
      </testcase>
      <testcase name="Test Cases/Condicionales_If/Test_1" time="0.132" classname="Test Cases/Condicionales_If/Test_1" status="PASSED">
         <system-out><![CDATA[2021-08-16 12:39:29 - [TEST_CASE][PASSED] - Test Cases/Condicionales_If/Test_1: Test Cases/Condicionales_If/Test_1

2021-08-16 12:39:30 - [TEST_STEP][PASSED] - if (num == 10): null

2021-08-16 12:39:30 - [TEST_STEP][PASSED] - else: null

2021-08-16 12:39:30 - [TEST_STEP][PASSED] - print("El numero no es un 10 es el numero:  " + num + "#####"): null]]></system-out>
         <system-err><![CDATA[]]></system-err>
      </testcase>
      <testcase name="Test Cases/Condicionales_If/Test_2" time="0.13" classname="Test Cases/Condicionales_If/Test_2" status="PASSED">
         <system-out><![CDATA[2021-08-16 12:39:30 - [TEST_CASE][PASSED] - Test Cases/Condicionales_If/Test_2: Test Cases/Condicionales_If/Test_2

2021-08-16 12:39:30 - [TEST_STEP][PASSED] - if (num == 5): null

2021-08-16 12:39:30 - [TEST_STEP][PASSED] - if (num == 10): null

2021-08-16 12:39:30 - [TEST_STEP][PASSED] - println("El valor de la variables es un: 10"): null]]></system-out>
         <system-err><![CDATA[]]></system-err>
      </testcase>
      <system-out><![CDATA[2021-08-16 12:39:12 - [TEST_SUITE][PASSED] - Integracion_2: Test Cases/Condicionales_If/Test_2]]></system-out>
      <system-err><![CDATA[]]></system-err>
   </testsuite>
</testsuites>
