<?xml version="1.0" encoding="UTF-8"?>
<testsuites name="testCLoud" time="5442.724" tests="34" failures="0" errors="0">
   <testsuite name="testCLoud" tests="34" failures="0" errors="0" time="5442.724" skipped="0" timestamp="2022-11-29 13:06:59" hostname="admin - NTK2299" id="Test Suites/testCLoud">
      <properties>
         <property name="deviceName" value=""/>
         <property name="devicePlatform" value=""/>
         <property name="logFolder" value="C:\\Users\\admin\\git\\KatalonCertificacion\\Reports\\20221129_130644\\testCLoud\\20221129_130644"/>
         <property name="logFiles" value="C:\\Users\\admin\\git\\KatalonCertificacion\\Reports\\20221129_130644\\testCLoud\\20221129_130644\\execution0.log"/>
         <property name="attachments" value=""/>
         <property name="hostName" value="admin - NTK2299"/>
         <property name="remoteDriverUrl" value="testcloud.katalon.com/hub"/>
         <property name="desiredCapabilities" value="{
  &quot;acceptInsecureCerts&quot;: false,
  &quot;browserName&quot;: &quot;chrome&quot;,
  &quot;browserVersion&quot;: &quot;103.0.5060.53&quot;,
  &quot;chrome&quot;: {
    &quot;chromedriverVersion&quot;: &quot;103.0.5060.53 (a1711811edd74ff1cf2150f36ffa3b0dae40b17f-refs/branch-heads/5060@{#853})&quot;,
    &quot;userDataDir&quot;: &quot;C:\\Users\\ADMINI~1\\AppData\\Local\\Temp\\scoped_dir6448_1206763243&quot;
  },
  &quot;goog:chromeOptions&quot;: {
    &quot;debuggerAddress&quot;: &quot;localhost:49838&quot;
  },
  &quot;javascriptEnabled&quot;: true,
  &quot;katalon:option&quot;: {
    &quot;unlimitedExecutionMinutes&quot;: true,
    &quot;jwt&quot;: &quot;eyJ0eXAiOiJKV1QiLCJhbGciOiJSUzI1NiJ9.eyJzdWIiOiJsbm92YWtvdmljaEBlY29zaXN0ZW1hcy5jb20uYXIiLCJ1cG4iOiIxMDgwMDQ1IiwiZ3JvdXBzIjpbIlVTRVIiXSwic3RhdHVzIjoiVkVSSUZJRUQiLCJnaXZlbl9uYW1lIjoiTGp1Ym8iLCJmYW1pbHlfbmFtZSI6Ik5vdmFrb3ZpY2giLCJlbWFpbCI6Imxub3Zha292aWNoQGVjb3Npc3RlbWFzLmNvbS5hciIsImVtYWlsX3ZlcmlmaWVkIjp0cnVlLCJjcmVhdGVkX2F0IjoxNjY4NTQwMTA2LCJ1cGRhdGVkX2F0IjoxNjY5NzMyMzMxLCJhbXIiOlsicHdkIl0sImlhdCI6MTY2OTczMjMzMywiZXhwIjoxNjcwMzM3MTMzLCJqdGkiOiI0NDMyZjcwNi1lM2I4LTQ3NzEtYjI5ZC1kM2RlMDRkNjJmYzQiLCJpc3MiOiJrYXRhbG9uLWF1dGgifQ.AN9itZgUyJzHvHVS4FSkQOtybWRlrVpq5qof7uPL797zbn309sllc1A3oSR6ygVJLACNEPv1gi4obL3BBzcwHOtjWLBD65FpdVVAhHsiWRiBeA3Ae-biP64zf8W1SueWH2jcYVlHM8-lkMkO9cNmWWfJvOvzzfKHUcrZdVJItdhGc63Aa4ISUVmEnRUPzEy81k4w2Uo5-6tyEOxwAsG5j8tSLGKPFpCeVGUZePwEjFGUScJ3cKgw43mphzM7y6L5EiNZluMfiWQ4KQ62WKvmKNqFt0VhBLpldf9_t_dHEeW4KRzPTnfqIgC47QAGuVbeXm1vgiknPpU-FN2Kfuybcw&quot;,
    &quot;userId&quot;: 1080045,
    &quot;organizationId&quot;: &quot;987205&quot;,
    &quot;class&quot;: &quot;com.katalon.testcloud.grid.common.tunnel.domain.UserOptionCapability&quot;,
    &quot;usingTunnel&quot;: false,
    &quot;username&quot;: &quot;lnovakovich@ecosistemas.com.ar&quot;
  },
  &quot;networkConnectionEnabled&quot;: false,
  &quot;os&quot;: &quot;windows&quot;,
  &quot;pageLoadStrategy&quot;: &quot;normal&quot;,
  &quot;platform&quot;: &quot;WINDOWS&quot;,
  &quot;platformName&quot;: &quot;WINDOWS&quot;,
  &quot;proxy&quot;: {
    &quot;proxyType&quot;: &quot;DIRECT&quot;,
    &quot;autodetect&quot;: false
  },
  &quot;requestId&quot;: &quot;3c3d8205-d9d8-4d4a-ad13-1c1778c224ff&quot;,
  &quot;se:cdp&quot;: &quot;ws://10.0.2.2:4444/session/b8258865cc61d9244d39e87396387777/se/cdp&quot;,
  &quot;se:cdpVersion&quot;: &quot;103.0.5060.53&quot;,
  &quot;setWindowRect&quot;: true,
  &quot;strictFileInteractability&quot;: false,
  &quot;timeouts&quot;: {
    &quot;implicit&quot;: 0,
    &quot;pageLoad&quot;: 300000,
    &quot;script&quot;: 30000
  },
  &quot;unhandledPromptBehavior&quot;: &quot;dismiss and notify&quot;,
  &quot;webauthn:extension:credBlob&quot;: true,
  &quot;webauthn:extension:largeBlob&quot;: true,
  &quot;webauthn:virtualAuthenticators&quot;: true
}"/>
         <property name="os" value="Windows 10 64bit"/>
         <property name="remoteOS" value="Windows"/>
         <property name="katalonVersion" value="8.5.2.208"/>
         <property name="browser" value="Chrome 103.0.5060.53"/>
         <property name="hostAddress" value="10.212.101.225"/>
         <property name="sessionId" value="b8258865cc61d9244d39e87396387777"/>
         <property name="seleniumVersion" value="3.141.59"/>
         <property name="proxyInformation" value="ProxyInformation { proxyOption=NO_PROXY, proxyServerType=HTTP, username=, password=********, proxyServerAddress=, proxyServerPort=0, executionList=&quot;&quot;, isApplyToDesiredCapabilities=true }"/>
         <property name="platform" value="Windows 10"/>
      </properties>
      <testcase name="Test Cases/Navegador/Navegador" time="170.795" classname="Test Cases/Navegador/Navegador" status="PASSED">
         <system-out><![CDATA[2022-11-29 13:06:59 - [TEST_CASE][PASSED] - Test Cases/Navegador/Navegador: Test Cases/Navegador/Navegador

2022-11-29 13:07:00 - [TEST_STEP][PASSED] - openBrowser("https://demoqa.com/text-box"): Browser is opened with url: 'https://demoqa.com/text-box'

2022-11-29 13:07:01 - [MESSAGE][INFO] - User set preference: ['os', 'windows']

2022-11-29 13:07:01 - [MESSAGE][INFO] - User set preference: ['browserName', 'chrome']

2022-11-29 13:07:01 - [MESSAGE][INFO] - User set preference: ['browserVersion', '103']

2022-11-29 13:07:01 - [MESSAGE][INFO] - User set preference: ['katalon:option', '{organizationId=987205, tunnelId=, usingTunnel=false}']

2022-11-29 13:07:01 - [MESSAGE][INFO] - Connecting to remote web server 'testcloud.katalon.com/hub' with type 'Selenium'

2022-11-29 13:07:02 - [MESSAGE][INFO] - Action delay is set to 0 milliseconds

2022-11-29 13:09:36 - [MESSAGE][PASSED] - Browser is opened with url: 'https://demoqa.com/text-box'

2022-11-29 13:09:36 - [TEST_STEP][PASSED] - maximizeWindow(): Current window maximized

2022-11-29 13:09:37 - [MESSAGE][PASSED] - Current window maximized

2022-11-29 13:09:37 - [TEST_STEP][PASSED] - page_url = getUrl(): Current window's url is: 'https://demoqa.com/text-box'

2022-11-29 13:09:37 - [MESSAGE][PASSED] - Current window's url is: 'https://demoqa.com/text-box'

2022-11-29 13:09:37 - [TEST_STEP][PASSED] - print(page_url): null

2022-11-29 13:09:37 - [TEST_STEP][PASSED] - Titulo = getWindowTitle(): Current window's title is: 'ToolsQA'

2022-11-29 13:09:38 - [MESSAGE][PASSED] - Current window's title is: 'ToolsQA'

2022-11-29 13:09:38 - [TEST_STEP][PASSED] - print("titiulo de la pagina" + Titulo): null

2022-11-29 13:09:38 - [TEST_STEP][PASSED] - closeBrowser(): Browser is closed

2022-11-29 13:09:50 - [MESSAGE][PASSED] - Browser is closed]]></system-out>
         <system-err><![CDATA[]]></system-err>
      </testcase>
      <testcase name="Test Cases/Objecto_xpath/Caso_xpath" time="165.581" classname="Test Cases/Objecto_xpath/Caso_xpath" status="PASSED">
         <system-out><![CDATA[2022-11-29 13:09:50 - [TEST_CASE][PASSED] - Test Cases/Objecto_xpath/Caso_xpath: Test Cases/Objecto_xpath/Caso_xpath

2022-11-29 13:09:51 - [TEST_STEP][PASSED] - openBrowser(""): Browser is opened with url: ''

2022-11-29 13:09:51 - [MESSAGE][INFO] - User set preference: ['os', 'windows']

2022-11-29 13:09:51 - [MESSAGE][INFO] - User set preference: ['browserName', 'chrome']

2022-11-29 13:09:51 - [MESSAGE][INFO] - User set preference: ['browserVersion', '103']

2022-11-29 13:09:51 - [MESSAGE][INFO] - User set preference: ['katalon:option', '{organizationId=987205, tunnelId=, usingTunnel=false}']

2022-11-29 13:09:51 - [MESSAGE][INFO] - Connecting to remote web server 'testcloud.katalon.com/hub' with type 'Selenium'

2022-11-29 13:09:51 - [MESSAGE][INFO] - Action delay is set to 0 milliseconds

2022-11-29 13:12:20 - [MESSAGE][PASSED] - Browser is opened with url: ''

2022-11-29 13:12:20 - [TEST_STEP][PASSED] - navigateToUrl("https://demoqa.com/text-box"): Navigate to 'https://demoqa.com/text-box' successfully

2022-11-29 13:12:23 - [MESSAGE][PASSED] - Navigate to 'https://demoqa.com/text-box' successfully

2022-11-29 13:12:23 - [TEST_STEP][PASSED] - maximizeWindow(): Current window maximized

2022-11-29 13:12:24 - [MESSAGE][PASSED] - Current window maximized

2022-11-29 13:12:24 - [TEST_STEP][PASSED] - setText(findTestObject("Objeto_xpath/Campo_nombre"), "Ljubo"): Text 'Ljubo' is set on object 'Object Repository/Objeto_xpath/Campo_nombre'

2022-11-29 13:12:29 - [MESSAGE][PASSED] - Text 'Ljubo' is set on object 'Object Repository/Objeto_xpath/Campo_nombre'

2022-11-29 13:12:29 - [TEST_STEP][PASSED] - delay(3): Delayed 3 second(s)

2022-11-29 13:12:32 - [MESSAGE][PASSED] - Delayed 3 second(s)

2022-11-29 13:12:32 - [TEST_STEP][PASSED] - closeBrowser(): Browser is closed

2022-11-29 13:12:36 - [MESSAGE][PASSED] - Browser is closed]]></system-out>
         <system-err><![CDATA[]]></system-err>
      </testcase>
      <testcase name="Test Cases/Condicionales_If/Condicionar_titulo" time="171.023" classname="Test Cases/Condicionales_If/Condicionar_titulo" status="PASSED">
         <system-out><![CDATA[2022-11-29 13:12:36 - [TEST_CASE][PASSED] - Test Cases/Condicionales_If/Condicionar_titulo: Test Cases/Condicionales_If/Condicionar_titulo

2022-11-29 13:12:36 - [TEST_STEP][PASSED] - openBrowser(""): Browser is opened with url: ''

2022-11-29 13:12:36 - [MESSAGE][INFO] - User set preference: ['os', 'windows']

2022-11-29 13:12:36 - [MESSAGE][INFO] - User set preference: ['browserName', 'chrome']

2022-11-29 13:12:36 - [MESSAGE][INFO] - User set preference: ['browserVersion', '103']

2022-11-29 13:12:36 - [MESSAGE][INFO] - User set preference: ['katalon:option', '{organizationId=987205, tunnelId=, usingTunnel=false}']

2022-11-29 13:12:36 - [MESSAGE][INFO] - Connecting to remote web server 'testcloud.katalon.com/hub' with type 'Selenium'

2022-11-29 13:12:36 - [MESSAGE][INFO] - Action delay is set to 0 milliseconds

2022-11-29 13:15:03 - [MESSAGE][PASSED] - Browser is opened with url: ''

2022-11-29 13:15:03 - [TEST_STEP][PASSED] - navigateToUrl("https://demoqa.com/"): Navigate to 'https://demoqa.com/' successfully

2022-11-29 13:15:05 - [MESSAGE][PASSED] - Navigate to 'https://demoqa.com/' successfully

2022-11-29 13:15:05 - [TEST_STEP][PASSED] - maximizeWindow(): Current window maximized

2022-11-29 13:15:06 - [MESSAGE][PASSED] - Current window maximized

2022-11-29 13:15:06 - [TEST_STEP][PASSED] - waitForPageLoad(5): Wait for page load successfully

2022-11-29 13:15:07 - [MESSAGE][PASSED] - Wait for page load successfully

2022-11-29 13:15:07 - [TEST_STEP][PASSED] - Existe = waitForElementVisible(findTestObject("Condicionales/Texto_radio"), 3): Web element with id: 'Object Repository/Condicionales/Texto_radio' located by '//div[@class='main-header'][contains(.,'Radio Button')]' not found

2022-11-29 13:15:13 - [MESSAGE][INFO] - Unable to find the element located by 'By.xpath: //div[@class='main-header'][contains(.,'Radio Button')]'. Please recheck the objects properties to make sure the desired element is located. 

2022-11-29 13:15:13 - [MESSAGE][WARNING] - [SELF-HEALING] Failed to find element with id 'Object Repository/Condicionales/Texto_radio'. Try using Self-healing.

2022-11-29 13:15:14 - [MESSAGE][INFO] - [SELF-HEALING] No working XPath is found.

2022-11-29 13:15:17 - [MESSAGE][INFO] - Unable to find the element located by 'By.xpath: '. Please recheck the objects properties to make sure the desired element is located. 

2022-11-29 13:15:17 - [MESSAGE][WARNING] - [SELF-HEALING] Cannot find elements when the selector is null

2022-11-29 13:15:17 - [MESSAGE][WARNING] - Web element with id: 'Object Repository/Condicionales/Texto_radio' located by '//div[@class='main-header'][contains(.,'Radio Button')]' not found

2022-11-29 13:15:17 - [TEST_STEP][PASSED] - print(Existe): null

2022-11-29 13:15:17 - [TEST_STEP][PASSED] - if (Existe == true): null

2022-11-29 13:15:17 - [TEST_STEP][PASSED] - else: Browser is closed

2022-11-29 13:15:17 - [TEST_STEP][PASSED] - print("-----  Error no esta el elemento de texto radio ------"): null

2022-11-29 13:15:17 - [TEST_STEP][PASSED] - navigateToUrl("https://demoqa.com/radio-button"): Navigate to 'https://demoqa.com/radio-button' successfully

2022-11-29 13:15:19 - [MESSAGE][PASSED] - Navigate to 'https://demoqa.com/radio-button' successfully

2022-11-29 13:15:19 - [TEST_STEP][PASSED] - click(findTestObject("Condicionales/Objeto_yes")): Object: 'Object Repository/Condicionales/Objeto_yes' is clicked on

2022-11-29 13:15:22 - [MESSAGE][PASSED] - Object: 'Object Repository/Condicionales/Objeto_yes' is clicked on

2022-11-29 13:15:22 - [TEST_STEP][PASSED] - delay(2): Delayed 2 second(s)

2022-11-29 13:15:24 - [MESSAGE][PASSED] - Delayed 2 second(s)

2022-11-29 13:15:24 - [TEST_STEP][PASSED] - closeBrowser(): Browser is closed

2022-11-29 13:15:27 - [MESSAGE][PASSED] - Browser is closed]]></system-out>
         <system-err><![CDATA[]]></system-err>
      </testcase>
      <testcase name="Test Cases/Condicionales_If/Test_1" time="0.698" classname="Test Cases/Condicionales_If/Test_1" status="PASSED">
         <system-out><![CDATA[2022-11-29 13:15:27 - [TEST_CASE][PASSED] - Test Cases/Condicionales_If/Test_1: Test Cases/Condicionales_If/Test_1

2022-11-29 13:15:28 - [TEST_STEP][PASSED] - if (num == 10): null

2022-11-29 13:15:28 - [TEST_STEP][PASSED] - else: null

2022-11-29 13:15:28 - [TEST_STEP][PASSED] - print("El numero no es un 10 es el numero:  " + num + "#####"): null]]></system-out>
         <system-err><![CDATA[]]></system-err>
      </testcase>
      <testcase name="Test Cases/Condicionales_If/Test_2" time="0.617" classname="Test Cases/Condicionales_If/Test_2" status="PASSED">
         <system-out><![CDATA[2022-11-29 13:15:28 - [TEST_CASE][PASSED] - Test Cases/Condicionales_If/Test_2: Test Cases/Condicionales_If/Test_2

2022-11-29 13:15:28 - [TEST_STEP][PASSED] - if (num == 5): null

2022-11-29 13:15:28 - [TEST_STEP][PASSED] - if (num == 10): null

2022-11-29 13:15:28 - [TEST_STEP][PASSED] - println("El valor de la variables es un: 10"): null]]></system-out>
         <system-err><![CDATA[]]></system-err>
      </testcase>
      <testcase name="Test Cases/Condicionales_If/Test_3" time="0.579" classname="Test Cases/Condicionales_If/Test_3" status="PASSED">
         <system-out><![CDATA[2022-11-29 13:15:28 - [TEST_CASE][PASSED] - Test Cases/Condicionales_If/Test_3: Test Cases/Condicionales_If/Test_3

2022-11-29 13:15:29 - [TEST_STEP][PASSED] - if (nombre == "Juan"): null

2022-11-29 13:15:29 - [TEST_STEP][PASSED] - if (nombre == "JUan"): null

2022-11-29 13:15:29 - [TEST_STEP][PASSED] - if (nombre == "juan"): null

2022-11-29 13:15:29 - [TEST_STEP][PASSED] - println("Tu nombre es juan"): null]]></system-out>
         <system-err><![CDATA[]]></system-err>
      </testcase>
      <testcase name="Test Cases/Condicionales_If/Test_4" time="0.715" classname="Test Cases/Condicionales_If/Test_4" status="PASSED">
         <system-out><![CDATA[2022-11-29 13:15:29 - [TEST_CASE][PASSED] - Test Cases/Condicionales_If/Test_4: Test Cases/Condicionales_If/Test_4

2022-11-29 13:15:30 - [TEST_STEP][PASSED] - if (num <= 7): null

2022-11-29 13:15:30 - [TEST_STEP][PASSED] - println("El numero es menor ó igual que 5"): null

2022-11-29 13:15:30 - [TEST_STEP][PASSED] - if (num >= 8): null

2022-11-29 13:15:30 - [TEST_STEP][PASSED] - if (num != 5): null]]></system-out>
         <system-err><![CDATA[]]></system-err>
      </testcase>
      <testcase name="Test Cases/Condicionales_If/Test_edad" time="0.501" classname="Test Cases/Condicionales_If/Test_edad" status="PASSED">
         <system-out><![CDATA[2022-11-29 13:15:30 - [TEST_CASE][PASSED] - Test Cases/Condicionales_If/Test_edad: Test Cases/Condicionales_If/Test_edad

2022-11-29 13:15:30 - [TEST_STEP][PASSED] - if (edad >= 1 && edad <= 17): null

2022-11-29 13:15:30 - [TEST_STEP][PASSED] - else if (edad == 18): null

2022-11-29 13:15:30 - [TEST_STEP][PASSED] - else if (edad <= 0): null

2022-11-29 13:15:30 - [TEST_STEP][PASSED] - else if (edad == 120): null

2022-11-29 13:15:30 - [TEST_STEP][PASSED] - else: null

2022-11-29 13:15:30 - [TEST_STEP][PASSED] - print("No se cumple ninguna de las opciones"): null]]></system-out>
         <system-err><![CDATA[]]></system-err>
      </testcase>
      <testcase name="Test Cases/Condicionales_If/Test_valor" time="173.621" classname="Test Cases/Condicionales_If/Test_valor" status="PASSED">
         <system-out><![CDATA[2022-11-29 13:15:30 - [TEST_CASE][PASSED] - Test Cases/Condicionales_If/Test_valor: Test Cases/Condicionales_If/Test_valor

2022-11-29 13:15:31 - [TEST_STEP][PASSED] - openBrowser(""): Browser is opened with url: ''

2022-11-29 13:15:31 - [MESSAGE][INFO] - User set preference: ['os', 'windows']

2022-11-29 13:15:31 - [MESSAGE][INFO] - User set preference: ['browserName', 'chrome']

2022-11-29 13:15:31 - [MESSAGE][INFO] - User set preference: ['browserVersion', '103']

2022-11-29 13:15:31 - [MESSAGE][INFO] - User set preference: ['katalon:option', '{organizationId=987205, tunnelId=, usingTunnel=false}']

2022-11-29 13:15:31 - [MESSAGE][INFO] - Connecting to remote web server 'testcloud.katalon.com/hub' with type 'Selenium'

2022-11-29 13:15:31 - [MESSAGE][INFO] - Action delay is set to 0 milliseconds

2022-11-29 13:18:03 - [MESSAGE][PASSED] - Browser is opened with url: ''

2022-11-29 13:18:03 - [TEST_STEP][PASSED] - navigateToUrl("https://demoqa.com/"): Navigate to 'https://demoqa.com/' successfully

2022-11-29 13:18:07 - [MESSAGE][PASSED] - Navigate to 'https://demoqa.com/' successfully

2022-11-29 13:18:07 - [TEST_STEP][PASSED] - maximizeWindow(): Current window maximized

2022-11-29 13:18:08 - [MESSAGE][PASSED] - Current window maximized

2022-11-29 13:18:08 - [TEST_STEP][PASSED] - waitForPageLoad(10): Wait for page load successfully

2022-11-29 13:18:09 - [MESSAGE][PASSED] - Wait for page load successfully

2022-11-29 13:18:09 - [TEST_STEP][PASSED] - Existe = waitForElementVisible(findTestObject("Condicionales/titulo1"), 5): Web element with id: 'Object Repository/Condicionales/titulo1' located by '//div[@class='main-header'][contains(.,'Radio Button')]' not found

2022-11-29 13:18:17 - [MESSAGE][INFO] - Unable to find the element located by 'By.xpath: //div[@class='main-header'][contains(.,'Radio Button')]'. Please recheck the objects properties to make sure the desired element is located. 

2022-11-29 13:18:17 - [MESSAGE][WARNING] - [SELF-HEALING] Failed to find element with id 'Object Repository/Condicionales/titulo1'. Try using Self-healing.

2022-11-29 13:18:18 - [MESSAGE][INFO] - [SELF-HEALING] No working XPath is found.

2022-11-29 13:18:21 - [MESSAGE][INFO] - Unable to find the element located by 'By.xpath: '. Please recheck the objects properties to make sure the desired element is located. 

2022-11-29 13:18:21 - [MESSAGE][WARNING] - [SELF-HEALING] Cannot find elements when the selector is null

2022-11-29 13:18:21 - [MESSAGE][WARNING] - Web element with id: 'Object Repository/Condicionales/titulo1' located by '//div[@class='main-header'][contains(.,'Radio Button')]' not found

2022-11-29 13:18:21 - [TEST_STEP][PASSED] - if (Existe == true): null

2022-11-29 13:18:21 - [TEST_STEP][PASSED] - else: Browser is closed

2022-11-29 13:18:21 - [TEST_STEP][PASSED] - print("No estas en la página correcta"): null

2022-11-29 13:18:21 - [TEST_STEP][PASSED] - closeBrowser(): Browser is closed

2022-11-29 13:18:24 - [MESSAGE][PASSED] - Browser is closed]]></system-out>
         <system-err><![CDATA[]]></system-err>
      </testcase>
      <testcase name="Test Cases/BUCLES/Reto_For" time="426.693" classname="Test Cases/BUCLES/Reto_For" status="PASSED">
         <system-out><![CDATA[2022-11-29 13:18:24 - [TEST_CASE][PASSED] - Test Cases/BUCLES/Reto_For: Test Cases/BUCLES/Reto_For

2022-11-29 13:18:24 - [TEST_STEP][PASSED] - openBrowser(""): Browser is opened with url: ''

2022-11-29 13:18:24 - [MESSAGE][INFO] - User set preference: ['os', 'windows']

2022-11-29 13:18:24 - [MESSAGE][INFO] - User set preference: ['browserName', 'chrome']

2022-11-29 13:18:24 - [MESSAGE][INFO] - User set preference: ['browserVersion', '103']

2022-11-29 13:18:24 - [MESSAGE][INFO] - User set preference: ['katalon:option', '{organizationId=987205, tunnelId=, usingTunnel=false}']

2022-11-29 13:18:24 - [MESSAGE][INFO] - Connecting to remote web server 'testcloud.katalon.com/hub' with type 'Selenium'

2022-11-29 13:18:24 - [MESSAGE][INFO] - Action delay is set to 0 milliseconds

2022-11-29 13:21:00 - [MESSAGE][PASSED] - Browser is opened with url: ''

2022-11-29 13:21:00 - [TEST_STEP][PASSED] - navigateToUrl("https://demoqa.com/text-box"): Navigate to 'https://demoqa.com/text-box' successfully

2022-11-29 13:21:02 - [MESSAGE][PASSED] - Navigate to 'https://demoqa.com/text-box' successfully

2022-11-29 13:21:02 - [TEST_STEP][PASSED] - maximizeWindow(): Current window maximized

2022-11-29 13:21:04 - [MESSAGE][PASSED] - Current window maximized

2022-11-29 13:21:04 - [TEST_STEP][PASSED] - waitForPageLoad(5): Wait for page load successfully

2022-11-29 13:21:05 - [MESSAGE][PASSED] - Wait for page load successfully

2022-11-29 13:21:05 - [TEST_STEP][PASSED] - for ([x = 1, x <= 4, (x++)]): Browser is scrolled to position x = 0, y = 100

2022-11-29 13:21:05 - [TEST_STEP][PASSED] - z = ["Carlos", "Erika", "Paco", "Rodrigo", "Juan"]: null

2022-11-29 13:21:05 - [TEST_STEP][PASSED] - rn = new java.util.Random(): null

2022-11-29 13:21:05 - [TEST_STEP][PASSED] - tx_nombre = z[rn.nextInt(size)]: null

2022-11-29 13:21:05 - [TEST_STEP][PASSED] - setText(findTestObject("Object Repository/Reto_for/Page_ToolsQA/input_Full Name_userName"), tx_nombre): Text 'Paco' is set on object 'Object Repository/Reto_for/Page_ToolsQA/input_Full Name_userName'

2022-11-29 13:21:13 - [MESSAGE][PASSED] - Text 'Paco' is set on object 'Object Repository/Reto_for/Page_ToolsQA/input_Full Name_userName'

2022-11-29 13:21:13 - [TEST_STEP][PASSED] - setText(findTestObject("Object Repository/Reto_for/Page_ToolsQA/input_Email_userEmail"), tx_nombre + "@gmail.com"): Text 'Paco@gmail.com' is set on object 'Object Repository/Reto_for/Page_ToolsQA/input_Email_userEmail'

2022-11-29 13:21:22 - [MESSAGE][PASSED] - Text 'Paco@gmail.com' is set on object 'Object Repository/Reto_for/Page_ToolsQA/input_Email_userEmail'

2022-11-29 13:21:22 - [TEST_STEP][PASSED] - setText(findTestObject("Object Repository/Reto_for/Page_ToolsQA/textarea_Current Address_currentAddress"), "Dirección#" + x): Text 'Dirección#1' is set on object 'Object Repository/Reto_for/Page_ToolsQA/textarea_Current Address_currentAddress'

2022-11-29 13:21:30 - [MESSAGE][PASSED] - Text 'Dirección#1' is set on object 'Object Repository/Reto_for/Page_ToolsQA/textarea_Current Address_currentAddress'

2022-11-29 13:21:30 - [TEST_STEP][PASSED] - setText(findTestObject("Object Repository/Reto_for/Page_ToolsQA/textarea_Permanent Address_permanentAddress"), "Dirección dos#" + x): Text 'Dirección dos#1' is set on object 'Object Repository/Reto_for/Page_ToolsQA/textarea_Permanent Address_permanentAddress'

2022-11-29 13:21:42 - [MESSAGE][PASSED] - Text 'Dirección dos#1' is set on object 'Object Repository/Reto_for/Page_ToolsQA/textarea_Permanent Address_permanentAddress'

2022-11-29 13:21:42 - [TEST_STEP][PASSED] - scrollToPosition(0, 500): Browser is scrolled to position x = 0, y = 500

2022-11-29 13:21:43 - [MESSAGE][PASSED] - Browser is scrolled to position x = 0, y = 500

2022-11-29 13:21:43 - [TEST_STEP][PASSED] - click(findTestObject("Object Repository/Reto_for/Page_ToolsQA/button_Submit")): Object: 'Object Repository/Reto_for/Page_ToolsQA/button_Submit' is clicked on

2022-11-29 13:21:46 - [MESSAGE][PASSED] - Object: 'Object Repository/Reto_for/Page_ToolsQA/button_Submit' is clicked on

2022-11-29 13:21:46 - [TEST_STEP][PASSED] - scrollToPosition(0, 100): Browser is scrolled to position x = 0, y = 100

2022-11-29 13:21:48 - [MESSAGE][PASSED] - Browser is scrolled to position x = 0, y = 100

2022-11-29 13:21:48 - [TEST_STEP][PASSED] - z = ["Carlos", "Erika", "Paco", "Rodrigo", "Juan"]: null

2022-11-29 13:21:48 - [TEST_STEP][PASSED] - rn = new java.util.Random(): null

2022-11-29 13:21:48 - [TEST_STEP][PASSED] - tx_nombre = z[rn.nextInt(size)]: null

2022-11-29 13:21:48 - [TEST_STEP][PASSED] - setText(findTestObject("Object Repository/Reto_for/Page_ToolsQA/input_Full Name_userName"), tx_nombre): Text 'Paco' is set on object 'Object Repository/Reto_for/Page_ToolsQA/input_Full Name_userName'

2022-11-29 13:21:58 - [MESSAGE][PASSED] - Text 'Paco' is set on object 'Object Repository/Reto_for/Page_ToolsQA/input_Full Name_userName'

2022-11-29 13:21:58 - [TEST_STEP][PASSED] - setText(findTestObject("Object Repository/Reto_for/Page_ToolsQA/input_Email_userEmail"), tx_nombre + "@gmail.com"): Text 'Paco@gmail.com' is set on object 'Object Repository/Reto_for/Page_ToolsQA/input_Email_userEmail'

2022-11-29 13:22:06 - [MESSAGE][PASSED] - Text 'Paco@gmail.com' is set on object 'Object Repository/Reto_for/Page_ToolsQA/input_Email_userEmail'

2022-11-29 13:22:06 - [TEST_STEP][PASSED] - setText(findTestObject("Object Repository/Reto_for/Page_ToolsQA/textarea_Current Address_currentAddress"), "Dirección#" + x): Text 'Dirección#2' is set on object 'Object Repository/Reto_for/Page_ToolsQA/textarea_Current Address_currentAddress'

2022-11-29 13:22:13 - [MESSAGE][PASSED] - Text 'Dirección#2' is set on object 'Object Repository/Reto_for/Page_ToolsQA/textarea_Current Address_currentAddress'

2022-11-29 13:22:13 - [TEST_STEP][PASSED] - setText(findTestObject("Object Repository/Reto_for/Page_ToolsQA/textarea_Permanent Address_permanentAddress"), "Dirección dos#" + x): Text 'Dirección dos#2' is set on object 'Object Repository/Reto_for/Page_ToolsQA/textarea_Permanent Address_permanentAddress'

2022-11-29 13:22:20 - [MESSAGE][PASSED] - Text 'Dirección dos#2' is set on object 'Object Repository/Reto_for/Page_ToolsQA/textarea_Permanent Address_permanentAddress'

2022-11-29 13:22:20 - [TEST_STEP][PASSED] - scrollToPosition(0, 500): Browser is scrolled to position x = 0, y = 500

2022-11-29 13:22:21 - [MESSAGE][PASSED] - Browser is scrolled to position x = 0, y = 500

2022-11-29 13:22:21 - [TEST_STEP][PASSED] - click(findTestObject("Object Repository/Reto_for/Page_ToolsQA/button_Submit")): Object: 'Object Repository/Reto_for/Page_ToolsQA/button_Submit' is clicked on

2022-11-29 13:22:25 - [MESSAGE][PASSED] - Object: 'Object Repository/Reto_for/Page_ToolsQA/button_Submit' is clicked on

2022-11-29 13:22:25 - [TEST_STEP][PASSED] - scrollToPosition(0, 100): Browser is scrolled to position x = 0, y = 100

2022-11-29 13:22:26 - [MESSAGE][PASSED] - Browser is scrolled to position x = 0, y = 100

2022-11-29 13:22:26 - [TEST_STEP][PASSED] - z = ["Carlos", "Erika", "Paco", "Rodrigo", "Juan"]: null

2022-11-29 13:22:26 - [TEST_STEP][PASSED] - rn = new java.util.Random(): null

2022-11-29 13:22:26 - [TEST_STEP][PASSED] - tx_nombre = z[rn.nextInt(size)]: null

2022-11-29 13:22:26 - [TEST_STEP][PASSED] - setText(findTestObject("Object Repository/Reto_for/Page_ToolsQA/input_Full Name_userName"), tx_nombre): Text 'Carlos' is set on object 'Object Repository/Reto_for/Page_ToolsQA/input_Full Name_userName'

2022-11-29 13:22:35 - [MESSAGE][PASSED] - Text 'Carlos' is set on object 'Object Repository/Reto_for/Page_ToolsQA/input_Full Name_userName'

2022-11-29 13:22:35 - [TEST_STEP][PASSED] - setText(findTestObject("Object Repository/Reto_for/Page_ToolsQA/input_Email_userEmail"), tx_nombre + "@gmail.com"): Text 'Carlos@gmail.com' is set on object 'Object Repository/Reto_for/Page_ToolsQA/input_Email_userEmail'

2022-11-29 13:22:45 - [MESSAGE][PASSED] - Text 'Carlos@gmail.com' is set on object 'Object Repository/Reto_for/Page_ToolsQA/input_Email_userEmail'

2022-11-29 13:22:45 - [TEST_STEP][PASSED] - setText(findTestObject("Object Repository/Reto_for/Page_ToolsQA/textarea_Current Address_currentAddress"), "Dirección#" + x): Text 'Dirección#3' is set on object 'Object Repository/Reto_for/Page_ToolsQA/textarea_Current Address_currentAddress'

2022-11-29 13:24:23 - [MESSAGE][PASSED] - Text 'Dirección#3' is set on object 'Object Repository/Reto_for/Page_ToolsQA/textarea_Current Address_currentAddress'

2022-11-29 13:24:23 - [TEST_STEP][PASSED] - setText(findTestObject("Object Repository/Reto_for/Page_ToolsQA/textarea_Permanent Address_permanentAddress"), "Dirección dos#" + x): Text 'Dirección dos#3' is set on object 'Object Repository/Reto_for/Page_ToolsQA/textarea_Permanent Address_permanentAddress'

2022-11-29 13:24:30 - [MESSAGE][PASSED] - Text 'Dirección dos#3' is set on object 'Object Repository/Reto_for/Page_ToolsQA/textarea_Permanent Address_permanentAddress'

2022-11-29 13:24:30 - [TEST_STEP][PASSED] - scrollToPosition(0, 500): Browser is scrolled to position x = 0, y = 500

2022-11-29 13:24:31 - [MESSAGE][PASSED] - Browser is scrolled to position x = 0, y = 500

2022-11-29 13:24:31 - [TEST_STEP][PASSED] - click(findTestObject("Object Repository/Reto_for/Page_ToolsQA/button_Submit")): Object: 'Object Repository/Reto_for/Page_ToolsQA/button_Submit' is clicked on

2022-11-29 13:24:37 - [MESSAGE][PASSED] - Object: 'Object Repository/Reto_for/Page_ToolsQA/button_Submit' is clicked on

2022-11-29 13:24:37 - [TEST_STEP][PASSED] - scrollToPosition(0, 100): Browser is scrolled to position x = 0, y = 100

2022-11-29 13:24:37 - [MESSAGE][PASSED] - Browser is scrolled to position x = 0, y = 100

2022-11-29 13:24:37 - [TEST_STEP][PASSED] - z = ["Carlos", "Erika", "Paco", "Rodrigo", "Juan"]: null

2022-11-29 13:24:37 - [TEST_STEP][PASSED] - rn = new java.util.Random(): null

2022-11-29 13:24:37 - [TEST_STEP][PASSED] - tx_nombre = z[rn.nextInt(size)]: null

2022-11-29 13:24:37 - [TEST_STEP][PASSED] - setText(findTestObject("Object Repository/Reto_for/Page_ToolsQA/input_Full Name_userName"), tx_nombre): Text 'Paco' is set on object 'Object Repository/Reto_for/Page_ToolsQA/input_Full Name_userName'

2022-11-29 13:24:45 - [MESSAGE][PASSED] - Text 'Paco' is set on object 'Object Repository/Reto_for/Page_ToolsQA/input_Full Name_userName'

2022-11-29 13:24:45 - [TEST_STEP][PASSED] - setText(findTestObject("Object Repository/Reto_for/Page_ToolsQA/input_Email_userEmail"), tx_nombre + "@gmail.com"): Text 'Paco@gmail.com' is set on object 'Object Repository/Reto_for/Page_ToolsQA/input_Email_userEmail'

2022-11-29 13:24:56 - [MESSAGE][PASSED] - Text 'Paco@gmail.com' is set on object 'Object Repository/Reto_for/Page_ToolsQA/input_Email_userEmail'

2022-11-29 13:24:56 - [TEST_STEP][PASSED] - setText(findTestObject("Object Repository/Reto_for/Page_ToolsQA/textarea_Current Address_currentAddress"), "Dirección#" + x): Text 'Dirección#4' is set on object 'Object Repository/Reto_for/Page_ToolsQA/textarea_Current Address_currentAddress'

2022-11-29 13:25:05 - [MESSAGE][PASSED] - Text 'Dirección#4' is set on object 'Object Repository/Reto_for/Page_ToolsQA/textarea_Current Address_currentAddress'

2022-11-29 13:25:05 - [TEST_STEP][PASSED] - setText(findTestObject("Object Repository/Reto_for/Page_ToolsQA/textarea_Permanent Address_permanentAddress"), "Dirección dos#" + x): Text 'Dirección dos#4' is set on object 'Object Repository/Reto_for/Page_ToolsQA/textarea_Permanent Address_permanentAddress'

2022-11-29 13:25:14 - [MESSAGE][PASSED] - Text 'Dirección dos#4' is set on object 'Object Repository/Reto_for/Page_ToolsQA/textarea_Permanent Address_permanentAddress'

2022-11-29 13:25:14 - [TEST_STEP][PASSED] - scrollToPosition(0, 500): Browser is scrolled to position x = 0, y = 500

2022-11-29 13:25:15 - [MESSAGE][PASSED] - Browser is scrolled to position x = 0, y = 500

2022-11-29 13:25:15 - [TEST_STEP][PASSED] - click(findTestObject("Object Repository/Reto_for/Page_ToolsQA/button_Submit")): Object: 'Object Repository/Reto_for/Page_ToolsQA/button_Submit' is clicked on

2022-11-29 13:25:25 - [MESSAGE][PASSED] - Object: 'Object Repository/Reto_for/Page_ToolsQA/button_Submit' is clicked on

2022-11-29 13:25:25 - [TEST_STEP][PASSED] - scrollToPosition(0, 100): Browser is scrolled to position x = 0, y = 100

2022-11-29 13:25:25 - [MESSAGE][PASSED] - Browser is scrolled to position x = 0, y = 100

2022-11-29 13:25:25 - [TEST_STEP][PASSED] - closeBrowser(): Browser is closed

2022-11-29 13:25:30 - [MESSAGE][PASSED] - Browser is closed]]></system-out>
         <system-err><![CDATA[]]></system-err>
      </testcase>
      <testcase name="Test Cases/BUCLES/Reto_while" time="239.297" classname="Test Cases/BUCLES/Reto_while" status="PASSED">
         <system-out><![CDATA[2022-11-29 13:25:30 - [TEST_CASE][PASSED] - Test Cases/BUCLES/Reto_while: Test Cases/BUCLES/Reto_while

2022-11-29 13:25:31 - [TEST_STEP][PASSED] - openBrowser(""): Browser is opened with url: ''

2022-11-29 13:25:31 - [MESSAGE][INFO] - User set preference: ['os', 'windows']

2022-11-29 13:25:31 - [MESSAGE][INFO] - User set preference: ['browserName', 'chrome']

2022-11-29 13:25:31 - [MESSAGE][INFO] - User set preference: ['browserVersion', '103']

2022-11-29 13:25:31 - [MESSAGE][INFO] - User set preference: ['katalon:option', '{organizationId=987205, tunnelId=, usingTunnel=false}']

2022-11-29 13:25:31 - [MESSAGE][INFO] - Connecting to remote web server 'testcloud.katalon.com/hub' with type 'Selenium'

2022-11-29 13:25:31 - [MESSAGE][INFO] - Action delay is set to 0 milliseconds

2022-11-29 13:28:05 - [MESSAGE][PASSED] - Browser is opened with url: ''

2022-11-29 13:28:05 - [TEST_STEP][PASSED] - navigateToUrl("https://www.google.com/"): Navigate to 'https://www.google.com/' successfully

2022-11-29 13:28:08 - [MESSAGE][PASSED] - Navigate to 'https://www.google.com/' successfully

2022-11-29 13:28:08 - [TEST_STEP][PASSED] - Bandera = 0: null

2022-11-29 13:28:08 - [TEST_STEP][PASSED] - while (Bandera != 1): null

2022-11-29 13:28:08 - [TEST_STEP][PASSED] - num = Math.random() * 5 - 1 + 1: null

2022-11-29 13:28:08 - [TEST_STEP][PASSED] - setText(findTestObject("Object Repository/While_google/Page_Google/input__q"), "5+" + num): Text '5+4' is set on object 'Object Repository/While_google/Page_Google/input__q'

2022-11-29 13:28:37 - [MESSAGE][PASSED] - Text '5+4' is set on object 'Object Repository/While_google/Page_Google/input__q'

2022-11-29 13:28:37 - [TEST_STEP][PASSED] - sendKeys(findTestObject("Object Repository/While_google/Page_Google/input__q"), Keys.chord(ENTER)): Keys 'ENTER + ' sent to object: 'Object Repository/While_google/Page_Google/input__q'

2022-11-29 13:28:43 - [MESSAGE][PASSED] - Keys 'ENTER + ' sent to object: 'Object Repository/While_google/Page_Google/input__q'

2022-11-29 13:28:43 - [TEST_STEP][PASSED] - Resultado = getText(findTestObject("While_google/Extras/Resultado_10")): Text of object 'Object Repository/While_google/Extras/Resultado_10' is: '9'

2022-11-29 13:28:47 - [MESSAGE][PASSED] - Text of object 'Object Repository/While_google/Extras/Resultado_10' is: '9'

2022-11-29 13:28:47 - [TEST_STEP][PASSED] - if (Resultado == "8"): null

2022-11-29 13:28:47 - [TEST_STEP][PASSED] - else: null

2022-11-29 13:28:47 - [TEST_STEP][PASSED] - Bandera = 0: null

2022-11-29 13:28:47 - [TEST_STEP][PASSED] - print(Bandera + "------"): null

2022-11-29 13:28:47 - [TEST_STEP][PASSED] - num = Math.random() * 5 - 1 + 1: null

2022-11-29 13:28:47 - [TEST_STEP][PASSED] - setText(findTestObject("Object Repository/While_google/Page_Google/input__q"), "5+" + num): Text '5+1' is set on object 'Object Repository/While_google/Page_Google/input__q'

2022-11-29 13:28:54 - [MESSAGE][PASSED] - Text '5+1' is set on object 'Object Repository/While_google/Page_Google/input__q'

2022-11-29 13:28:54 - [TEST_STEP][PASSED] - sendKeys(findTestObject("Object Repository/While_google/Page_Google/input__q"), Keys.chord(ENTER)): Keys 'ENTER + ' sent to object: 'Object Repository/While_google/Page_Google/input__q'

2022-11-29 13:28:58 - [MESSAGE][PASSED] - Keys 'ENTER + ' sent to object: 'Object Repository/While_google/Page_Google/input__q'

2022-11-29 13:28:58 - [TEST_STEP][PASSED] - Resultado = getText(findTestObject("While_google/Extras/Resultado_10")): Text of object 'Object Repository/While_google/Extras/Resultado_10' is: '6'

2022-11-29 13:29:03 - [MESSAGE][PASSED] - Text of object 'Object Repository/While_google/Extras/Resultado_10' is: '6'

2022-11-29 13:29:03 - [TEST_STEP][PASSED] - if (Resultado == "8"): null

2022-11-29 13:29:03 - [TEST_STEP][PASSED] - else: null

2022-11-29 13:29:03 - [TEST_STEP][PASSED] - Bandera = 0: null

2022-11-29 13:29:03 - [TEST_STEP][PASSED] - print(Bandera + "------"): null

2022-11-29 13:29:03 - [TEST_STEP][PASSED] - num = Math.random() * 5 - 1 + 1: null

2022-11-29 13:29:03 - [TEST_STEP][PASSED] - setText(findTestObject("Object Repository/While_google/Page_Google/input__q"), "5+" + num): Text '5+3' is set on object 'Object Repository/While_google/Page_Google/input__q'

2022-11-29 13:29:15 - [MESSAGE][PASSED] - Text '5+3' is set on object 'Object Repository/While_google/Page_Google/input__q'

2022-11-29 13:29:15 - [TEST_STEP][PASSED] - sendKeys(findTestObject("Object Repository/While_google/Page_Google/input__q"), Keys.chord(ENTER)): Keys 'ENTER + ' sent to object: 'Object Repository/While_google/Page_Google/input__q'

2022-11-29 13:29:20 - [MESSAGE][PASSED] - Keys 'ENTER + ' sent to object: 'Object Repository/While_google/Page_Google/input__q'

2022-11-29 13:29:20 - [TEST_STEP][PASSED] - Resultado = getText(findTestObject("While_google/Extras/Resultado_10")): Text of object 'Object Repository/While_google/Extras/Resultado_10' is: '8'

2022-11-29 13:29:26 - [MESSAGE][PASSED] - Text of object 'Object Repository/While_google/Extras/Resultado_10' is: '8'

2022-11-29 13:29:26 - [TEST_STEP][PASSED] - if (Resultado == "8"): Browser is closed

2022-11-29 13:29:26 - [TEST_STEP][PASSED] - Bandera = 1: null

2022-11-29 13:29:26 - [TEST_STEP][PASSED] - print("Listo termina"): null

2022-11-29 13:29:26 - [TEST_STEP][PASSED] - closeBrowser(): Browser is closed

2022-11-29 13:29:30 - [MESSAGE][PASSED] - Browser is closed

2022-11-29 13:29:30 - [TEST_STEP][PASSED] - print(Bandera + "------"): null]]></system-out>
         <system-err><![CDATA[]]></system-err>
      </testcase>
      <testcase name="Test Cases/BUCLES/Reto_while_solucion" time="222.641" classname="Test Cases/BUCLES/Reto_while_solucion" status="PASSED">
         <system-out><![CDATA[2022-11-29 13:29:30 - [TEST_CASE][PASSED] - Test Cases/BUCLES/Reto_while_solucion: Test Cases/BUCLES/Reto_while_solucion

2022-11-29 13:29:30 - [TEST_STEP][PASSED] - openBrowser(""): Browser is opened with url: ''

2022-11-29 13:29:30 - [MESSAGE][INFO] - User set preference: ['os', 'windows']

2022-11-29 13:29:30 - [MESSAGE][INFO] - User set preference: ['browserName', 'chrome']

2022-11-29 13:29:30 - [MESSAGE][INFO] - User set preference: ['browserVersion', '103']

2022-11-29 13:29:30 - [MESSAGE][INFO] - User set preference: ['katalon:option', '{organizationId=987205, tunnelId=, usingTunnel=false}']

2022-11-29 13:29:30 - [MESSAGE][INFO] - Connecting to remote web server 'testcloud.katalon.com/hub' with type 'Selenium'

2022-11-29 13:29:30 - [MESSAGE][INFO] - Action delay is set to 0 milliseconds

2022-11-29 13:32:04 - [MESSAGE][PASSED] - Browser is opened with url: ''

2022-11-29 13:32:04 - [TEST_STEP][PASSED] - navigateToUrl("https://www.google.com/"): Navigate to 'https://www.google.com/' successfully

2022-11-29 13:32:06 - [MESSAGE][PASSED] - Navigate to 'https://www.google.com/' successfully

2022-11-29 13:32:06 - [TEST_STEP][PASSED] - Res = 0: null

2022-11-29 13:32:06 - [TEST_STEP][PASSED] - while (Res != 8): Browser is closed

2022-11-29 13:32:06 - [TEST_STEP][PASSED] - num = Math.random() * 5 - 1 + 1: null

2022-11-29 13:32:06 - [TEST_STEP][PASSED] - setText(findTestObject("Object Repository/Reto_while1/Page_Google/input__q"), "5+" + num): Text '5+4' is set on object 'Object Repository/Reto_while1/Page_Google/input__q'

2022-11-29 13:32:14 - [MESSAGE][PASSED] - Text '5+4' is set on object 'Object Repository/Reto_while1/Page_Google/input__q'

2022-11-29 13:32:14 - [TEST_STEP][PASSED] - sendKeys(findTestObject("Object Repository/Reto_while1/Page_Google/input__q"), Keys.chord(ENTER)): Keys 'ENTER + ' sent to object: 'Object Repository/Reto_while1/Page_Google/input__q'

2022-11-29 13:32:20 - [MESSAGE][PASSED] - Keys 'ENTER + ' sent to object: 'Object Repository/Reto_while1/Page_Google/input__q'

2022-11-29 13:32:20 - [TEST_STEP][PASSED] - Res = getText(findTestObject("Reto_while1/Resultado_8")).toInteger(): Text of object 'Object Repository/Reto_while1/Resultado_8' is: '9'

2022-11-29 13:32:24 - [MESSAGE][PASSED] - Text of object 'Object Repository/Reto_while1/Resultado_8' is: '9'

2022-11-29 13:32:24 - [TEST_STEP][PASSED] - if (Res == 8): null

2022-11-29 13:32:24 - [TEST_STEP][PASSED] - num = Math.random() * 5 - 1 + 1: null

2022-11-29 13:32:24 - [TEST_STEP][PASSED] - setText(findTestObject("Object Repository/Reto_while1/Page_Google/input__q"), "5+" + num): Text '5+4' is set on object 'Object Repository/Reto_while1/Page_Google/input__q'

2022-11-29 13:32:29 - [MESSAGE][PASSED] - Text '5+4' is set on object 'Object Repository/Reto_while1/Page_Google/input__q'

2022-11-29 13:32:29 - [TEST_STEP][PASSED] - sendKeys(findTestObject("Object Repository/Reto_while1/Page_Google/input__q"), Keys.chord(ENTER)): Keys 'ENTER + ' sent to object: 'Object Repository/Reto_while1/Page_Google/input__q'

2022-11-29 13:32:35 - [MESSAGE][PASSED] - Keys 'ENTER + ' sent to object: 'Object Repository/Reto_while1/Page_Google/input__q'

2022-11-29 13:32:35 - [TEST_STEP][PASSED] - Res = getText(findTestObject("Reto_while1/Resultado_8")).toInteger(): Text of object 'Object Repository/Reto_while1/Resultado_8' is: '9'

2022-11-29 13:32:37 - [MESSAGE][PASSED] - Text of object 'Object Repository/Reto_while1/Resultado_8' is: '9'

2022-11-29 13:32:38 - [TEST_STEP][PASSED] - if (Res == 8): null

2022-11-29 13:32:38 - [TEST_STEP][PASSED] - num = Math.random() * 5 - 1 + 1: null

2022-11-29 13:32:38 - [TEST_STEP][PASSED] - setText(findTestObject("Object Repository/Reto_while1/Page_Google/input__q"), "5+" + num): Text '5+1' is set on object 'Object Repository/Reto_while1/Page_Google/input__q'

2022-11-29 13:32:46 - [MESSAGE][PASSED] - Text '5+1' is set on object 'Object Repository/Reto_while1/Page_Google/input__q'

2022-11-29 13:32:46 - [TEST_STEP][PASSED] - sendKeys(findTestObject("Object Repository/Reto_while1/Page_Google/input__q"), Keys.chord(ENTER)): Keys 'ENTER + ' sent to object: 'Object Repository/Reto_while1/Page_Google/input__q'

2022-11-29 13:32:50 - [MESSAGE][PASSED] - Keys 'ENTER + ' sent to object: 'Object Repository/Reto_while1/Page_Google/input__q'

2022-11-29 13:32:50 - [TEST_STEP][PASSED] - Res = getText(findTestObject("Reto_while1/Resultado_8")).toInteger(): Text of object 'Object Repository/Reto_while1/Resultado_8' is: '6'

2022-11-29 13:32:52 - [MESSAGE][PASSED] - Text of object 'Object Repository/Reto_while1/Resultado_8' is: '6'

2022-11-29 13:32:52 - [TEST_STEP][PASSED] - if (Res == 8): null

2022-11-29 13:32:52 - [TEST_STEP][PASSED] - num = Math.random() * 5 - 1 + 1: null

2022-11-29 13:32:52 - [TEST_STEP][PASSED] - setText(findTestObject("Object Repository/Reto_while1/Page_Google/input__q"), "5+" + num): Text '5+3' is set on object 'Object Repository/Reto_while1/Page_Google/input__q'

2022-11-29 13:32:59 - [MESSAGE][PASSED] - Text '5+3' is set on object 'Object Repository/Reto_while1/Page_Google/input__q'

2022-11-29 13:32:59 - [TEST_STEP][PASSED] - sendKeys(findTestObject("Object Repository/Reto_while1/Page_Google/input__q"), Keys.chord(ENTER)): Keys 'ENTER + ' sent to object: 'Object Repository/Reto_while1/Page_Google/input__q'

2022-11-29 13:33:03 - [MESSAGE][PASSED] - Keys 'ENTER + ' sent to object: 'Object Repository/Reto_while1/Page_Google/input__q'

2022-11-29 13:33:03 - [TEST_STEP][PASSED] - Res = getText(findTestObject("Reto_while1/Resultado_8")).toInteger(): Text of object 'Object Repository/Reto_while1/Resultado_8' is: '8'

2022-11-29 13:33:10 - [MESSAGE][PASSED] - Text of object 'Object Repository/Reto_while1/Resultado_8' is: '8'

2022-11-29 13:33:10 - [TEST_STEP][PASSED] - if (Res == 8): Browser is closed

2022-11-29 13:33:10 - [TEST_STEP][PASSED] - closeBrowser(): Browser is closed

2022-11-29 13:33:12 - [MESSAGE][PASSED] - Browser is closed]]></system-out>
         <system-err><![CDATA[]]></system-err>
      </testcase>
      <testcase name="Test Cases/BUCLES/Test_1" time="491.654" classname="Test Cases/BUCLES/Test_1" status="PASSED">
         <system-out><![CDATA[2022-11-29 13:33:12 - [TEST_CASE][PASSED] - Test Cases/BUCLES/Test_1: Test Cases/BUCLES/Test_1

2022-11-29 13:33:13 - [TEST_STEP][PASSED] - openBrowser(""): Browser is opened with url: ''

2022-11-29 13:33:13 - [MESSAGE][INFO] - User set preference: ['os', 'windows']

2022-11-29 13:33:13 - [MESSAGE][INFO] - User set preference: ['browserName', 'chrome']

2022-11-29 13:33:13 - [MESSAGE][INFO] - User set preference: ['browserVersion', '103']

2022-11-29 13:33:13 - [MESSAGE][INFO] - User set preference: ['katalon:option', '{organizationId=987205, tunnelId=, usingTunnel=false}']

2022-11-29 13:33:13 - [MESSAGE][INFO] - Connecting to remote web server 'testcloud.katalon.com/hub' with type 'Selenium'

2022-11-29 13:33:13 - [MESSAGE][INFO] - Action delay is set to 0 milliseconds

2022-11-29 13:35:53 - [MESSAGE][PASSED] - Browser is opened with url: ''

2022-11-29 13:35:53 - [TEST_STEP][PASSED] - navigateToUrl("https://demoqa.com/text-box"): Navigate to 'https://demoqa.com/text-box' successfully

2022-11-29 13:35:56 - [MESSAGE][PASSED] - Navigate to 'https://demoqa.com/text-box' successfully

2022-11-29 13:35:56 - [TEST_STEP][PASSED] - for ([x = 1, x <= 2, (x++)]): null

2022-11-29 13:35:56 - [TEST_STEP][PASSED] - openBrowser(""): Browser is opened with url: ''

2022-11-29 13:35:56 - [MESSAGE][WARNING] - A browser is already opened. Closing browser and opening a new one

2022-11-29 13:35:59 - [MESSAGE][INFO] - User set preference: ['os', 'windows']

2022-11-29 13:35:59 - [MESSAGE][INFO] - User set preference: ['browserName', 'chrome']

2022-11-29 13:35:59 - [MESSAGE][INFO] - User set preference: ['browserVersion', '103']

2022-11-29 13:35:59 - [MESSAGE][INFO] - User set preference: ['katalon:option', '{organizationId=987205, tunnelId=, usingTunnel=false}']

2022-11-29 13:35:59 - [MESSAGE][INFO] - Connecting to remote web server 'testcloud.katalon.com/hub' with type 'Selenium'

2022-11-29 13:35:59 - [MESSAGE][INFO] - Action delay is set to 0 milliseconds

2022-11-29 13:38:30 - [MESSAGE][PASSED] - Browser is opened with url: ''

2022-11-29 13:38:30 - [TEST_STEP][PASSED] - navigateToUrl("https://demoqa.com/text-box"): Navigate to 'https://demoqa.com/text-box' successfully

2022-11-29 13:38:33 - [MESSAGE][PASSED] - Navigate to 'https://demoqa.com/text-box' successfully

2022-11-29 13:38:33 - [TEST_STEP][PASSED] - RN = Math.random() * 10 - 1 + 1: null

2022-11-29 13:38:33 - [TEST_STEP][PASSED] - print("Numero : " + RN + "----"): null

2022-11-29 13:38:33 - [TEST_STEP][PASSED] - z = ["Demo1", "Demo2", "Demo3", "Demo4", "Demo5"]: null

2022-11-29 13:38:33 - [TEST_STEP][PASSED] - rnd = new java.util.Random(): null

2022-11-29 13:38:33 - [TEST_STEP][PASSED] - texto = z[rnd.nextInt(size)]: null

2022-11-29 13:38:33 - [TEST_STEP][PASSED] - print(texto): null

2022-11-29 13:38:33 - [TEST_STEP][PASSED] - openBrowser(""): Browser is opened with url: ''

2022-11-29 13:38:33 - [MESSAGE][WARNING] - A browser is already opened. Closing browser and opening a new one

2022-11-29 13:38:42 - [MESSAGE][INFO] - User set preference: ['os', 'windows']

2022-11-29 13:38:42 - [MESSAGE][INFO] - User set preference: ['browserName', 'chrome']

2022-11-29 13:38:42 - [MESSAGE][INFO] - User set preference: ['browserVersion', '103']

2022-11-29 13:38:42 - [MESSAGE][INFO] - User set preference: ['katalon:option', '{organizationId=987205, tunnelId=, usingTunnel=false}']

2022-11-29 13:38:42 - [MESSAGE][INFO] - Connecting to remote web server 'testcloud.katalon.com/hub' with type 'Selenium'

2022-11-29 13:38:42 - [MESSAGE][INFO] - Action delay is set to 0 milliseconds

2022-11-29 13:41:17 - [MESSAGE][PASSED] - Browser is opened with url: ''

2022-11-29 13:41:17 - [TEST_STEP][PASSED] - navigateToUrl("https://demoqa.com/text-box"): Navigate to 'https://demoqa.com/text-box' successfully

2022-11-29 13:41:20 - [MESSAGE][PASSED] - Navigate to 'https://demoqa.com/text-box' successfully

2022-11-29 13:41:20 - [TEST_STEP][PASSED] - RN = Math.random() * 10 - 1 + 1: null

2022-11-29 13:41:20 - [TEST_STEP][PASSED] - print("Numero : " + RN + "----"): null

2022-11-29 13:41:20 - [TEST_STEP][PASSED] - z = ["Demo1", "Demo2", "Demo3", "Demo4", "Demo5"]: null

2022-11-29 13:41:20 - [TEST_STEP][PASSED] - rnd = new java.util.Random(): null

2022-11-29 13:41:20 - [TEST_STEP][PASSED] - texto = z[rnd.nextInt(size)]: null

2022-11-29 13:41:20 - [TEST_STEP][PASSED] - print(texto): null

2022-11-29 13:41:20 - [TEST_STEP][PASSED] - closeBrowser(): Browser is closed

2022-11-29 13:41:24 - [MESSAGE][PASSED] - Browser is closed]]></system-out>
         <system-err><![CDATA[]]></system-err>
      </testcase>
      <testcase name="Test Cases/BUCLES/Test_2" time="160.583" classname="Test Cases/BUCLES/Test_2" status="PASSED">
         <system-out><![CDATA[2022-11-29 13:41:24 - [TEST_CASE][PASSED] - Test Cases/BUCLES/Test_2: Test Cases/BUCLES/Test_2

2022-11-29 13:41:25 - [TEST_STEP][PASSED] - openBrowser(""): Browser is opened with url: ''

2022-11-29 13:41:25 - [MESSAGE][INFO] - User set preference: ['os', 'windows']

2022-11-29 13:41:25 - [MESSAGE][INFO] - User set preference: ['browserName', 'chrome']

2022-11-29 13:41:25 - [MESSAGE][INFO] - User set preference: ['browserVersion', '103']

2022-11-29 13:41:25 - [MESSAGE][INFO] - User set preference: ['katalon:option', '{organizationId=987205, tunnelId=, usingTunnel=false}']

2022-11-29 13:41:25 - [MESSAGE][INFO] - Connecting to remote web server 'testcloud.katalon.com/hub' with type 'Selenium'

2022-11-29 13:41:25 - [MESSAGE][INFO] - Action delay is set to 0 milliseconds

2022-11-29 13:43:48 - [MESSAGE][PASSED] - Browser is opened with url: ''

2022-11-29 13:43:48 - [TEST_STEP][PASSED] - navigateToUrl("https://demoqa.com/text-box"): Navigate to 'https://demoqa.com/text-box' successfully

2022-11-29 13:43:51 - [MESSAGE][PASSED] - Navigate to 'https://demoqa.com/text-box' successfully

2022-11-29 13:43:51 - [TEST_STEP][PASSED] - for ([x = 1, x <= 10, x = x + 2]): null

2022-11-29 13:43:51 - [TEST_STEP][PASSED] - print(" hola mundo " + x + "-------"): null

2022-11-29 13:43:51 - [TEST_STEP][PASSED] - print(" hola mundo " + x + "-------"): null

2022-11-29 13:43:51 - [TEST_STEP][PASSED] - print(" hola mundo " + x + "-------"): null

2022-11-29 13:43:51 - [TEST_STEP][PASSED] - print(" hola mundo " + x + "-------"): null

2022-11-29 13:43:51 - [TEST_STEP][PASSED] - print(" hola mundo " + x + "-------"): null

2022-11-29 13:43:51 - [TEST_STEP][PASSED] - closeBrowser(): Browser is closed

2022-11-29 13:44:05 - [MESSAGE][PASSED] - Browser is closed]]></system-out>
         <system-err><![CDATA[]]></system-err>
      </testcase>
      <testcase name="Test Cases/BUCLES/Test_while" time="170.534" classname="Test Cases/BUCLES/Test_while" status="PASSED">
         <system-out><![CDATA[2022-11-29 13:44:05 - [TEST_CASE][PASSED] - Test Cases/BUCLES/Test_while: Test Cases/BUCLES/Test_while

2022-11-29 13:44:05 - [TEST_STEP][PASSED] - openBrowser(""): Browser is opened with url: ''

2022-11-29 13:44:05 - [MESSAGE][INFO] - User set preference: ['os', 'windows']

2022-11-29 13:44:05 - [MESSAGE][INFO] - User set preference: ['browserName', 'chrome']

2022-11-29 13:44:05 - [MESSAGE][INFO] - User set preference: ['browserVersion', '103']

2022-11-29 13:44:05 - [MESSAGE][INFO] - User set preference: ['katalon:option', '{organizationId=987205, tunnelId=, usingTunnel=false}']

2022-11-29 13:44:05 - [MESSAGE][INFO] - Connecting to remote web server 'testcloud.katalon.com/hub' with type 'Selenium'

2022-11-29 13:44:05 - [MESSAGE][INFO] - Action delay is set to 0 milliseconds

2022-11-29 13:46:35 - [MESSAGE][PASSED] - Browser is opened with url: ''

2022-11-29 13:46:35 - [TEST_STEP][PASSED] - navigateToUrl("https://demoqa.com/text-box"): Navigate to 'https://demoqa.com/text-box' successfully

2022-11-29 13:46:38 - [MESSAGE][PASSED] - Navigate to 'https://demoqa.com/text-box' successfully

2022-11-29 13:46:38 - [TEST_STEP][PASSED] - maximizeWindow(): Current window maximized

2022-11-29 13:46:39 - [MESSAGE][PASSED] - Current window maximized

2022-11-29 13:46:39 - [TEST_STEP][PASSED] - waitForPageLoad(5): Wait for page load successfully

2022-11-29 13:46:40 - [MESSAGE][PASSED] - Wait for page load successfully

2022-11-29 13:46:40 - [TEST_STEP][PASSED] - x = 1: null

2022-11-29 13:46:40 - [TEST_STEP][PASSED] - while (x <= 3): null

2022-11-29 13:46:40 - [TEST_STEP][PASSED] - print("Hola " + x + "----------"): null

2022-11-29 13:46:40 - [TEST_STEP][PASSED] - (x++): null

2022-11-29 13:46:40 - [TEST_STEP][PASSED] - print("Hola " + x + "----------"): null

2022-11-29 13:46:40 - [TEST_STEP][PASSED] - (x++): null

2022-11-29 13:46:40 - [TEST_STEP][PASSED] - print("Hola " + x + "----------"): null

2022-11-29 13:46:40 - [TEST_STEP][PASSED] - (x++): null

2022-11-29 13:46:40 - [TEST_STEP][PASSED] - closeBrowser(): Browser is closed

2022-11-29 13:46:55 - [MESSAGE][PASSED] - Browser is closed]]></system-out>
         <system-err><![CDATA[]]></system-err>
      </testcase>
      <testcase name="Test Cases/BUCLES/Test_while2" time="182.513" classname="Test Cases/BUCLES/Test_while2" status="PASSED">
         <system-out><![CDATA[2022-11-29 13:46:55 - [TEST_CASE][PASSED] - Test Cases/BUCLES/Test_while2: Test Cases/BUCLES/Test_while2

2022-11-29 13:46:56 - [TEST_STEP][PASSED] - openBrowser(""): Browser is opened with url: ''

2022-11-29 13:46:56 - [MESSAGE][INFO] - User set preference: ['os', 'windows']

2022-11-29 13:46:56 - [MESSAGE][INFO] - User set preference: ['browserName', 'chrome']

2022-11-29 13:46:56 - [MESSAGE][INFO] - User set preference: ['browserVersion', '103']

2022-11-29 13:46:56 - [MESSAGE][INFO] - User set preference: ['katalon:option', '{organizationId=987205, tunnelId=, usingTunnel=false}']

2022-11-29 13:46:56 - [MESSAGE][INFO] - Connecting to remote web server 'testcloud.katalon.com/hub' with type 'Selenium'

2022-11-29 13:46:56 - [MESSAGE][INFO] - Action delay is set to 0 milliseconds

2022-11-29 13:49:46 - [MESSAGE][PASSED] - Browser is opened with url: ''

2022-11-29 13:49:46 - [TEST_STEP][PASSED] - navigateToUrl("https://demoqa.com/text-box"): Navigate to 'https://demoqa.com/text-box' successfully

2022-11-29 13:49:48 - [MESSAGE][PASSED] - Navigate to 'https://demoqa.com/text-box' successfully

2022-11-29 13:49:48 - [TEST_STEP][PASSED] - maximizeWindow(): Current window maximized

2022-11-29 13:49:49 - [MESSAGE][PASSED] - Current window maximized

2022-11-29 13:49:49 - [TEST_STEP][PASSED] - waitForPageLoad(5): Wait for page load successfully

2022-11-29 13:49:50 - [MESSAGE][PASSED] - Wait for page load successfully

2022-11-29 13:49:50 - [TEST_STEP][PASSED] - x = 1: null

2022-11-29 13:49:50 - [TEST_STEP][PASSED] - while (x <= 5): null

2022-11-29 13:49:50 - [TEST_STEP][PASSED] - print("Valor de X" + x + "------>"): null

2022-11-29 13:49:50 - [TEST_STEP][PASSED] - (x++): null

2022-11-29 13:49:50 - [TEST_STEP][PASSED] - print("Valor de X" + x + "------>"): null

2022-11-29 13:49:50 - [TEST_STEP][PASSED] - (x++): null

2022-11-29 13:49:50 - [TEST_STEP][PASSED] - print("Valor de X" + x + "------>"): null

2022-11-29 13:49:50 - [TEST_STEP][PASSED] - (x++): null

2022-11-29 13:49:50 - [TEST_STEP][PASSED] - print("Valor de X" + x + "------>"): null

2022-11-29 13:49:50 - [TEST_STEP][PASSED] - (x++): null

2022-11-29 13:49:50 - [TEST_STEP][PASSED] - print("Valor de X" + x + "------>"): null

2022-11-29 13:49:50 - [TEST_STEP][PASSED] - (x++): null

2022-11-29 13:49:50 - [TEST_STEP][PASSED] - closeBrowser(): Browser is closed

2022-11-29 13:49:58 - [MESSAGE][PASSED] - Browser is closed]]></system-out>
         <system-err><![CDATA[]]></system-err>
      </testcase>
      <testcase name="Test Cases/Drive_excel/Drive_excel" time="189.559" classname="Test Cases/Drive_excel/Drive_excel" status="PASSED">
         <system-out><![CDATA[2022-11-29 13:49:58 - [TEST_CASE][PASSED] - Test Cases/Drive_excel/Drive_excel: Test Cases/Drive_excel/Drive_excel

2022-11-29 13:49:59 - [TEST_STEP][PASSED] - openBrowser(""): Browser is opened with url: ''

2022-11-29 13:49:59 - [MESSAGE][INFO] - User set preference: ['os', 'windows']

2022-11-29 13:49:59 - [MESSAGE][INFO] - User set preference: ['browserName', 'chrome']

2022-11-29 13:49:59 - [MESSAGE][INFO] - User set preference: ['browserVersion', '103']

2022-11-29 13:49:59 - [MESSAGE][INFO] - User set preference: ['katalon:option', '{organizationId=987205, tunnelId=, usingTunnel=false}']

2022-11-29 13:49:59 - [MESSAGE][INFO] - Connecting to remote web server 'testcloud.katalon.com/hub' with type 'Selenium'

2022-11-29 13:49:59 - [MESSAGE][INFO] - Action delay is set to 0 milliseconds

2022-11-29 13:52:34 - [MESSAGE][PASSED] - Browser is opened with url: ''

2022-11-29 13:52:34 - [TEST_STEP][PASSED] - navigateToUrl("https://demoqa.com/automation-practice-form"): Navigate to 'https://demoqa.com/automation-practice-form' successfully

2022-11-29 13:52:38 - [MESSAGE][PASSED] - Navigate to 'https://demoqa.com/automation-practice-form' successfully

2022-11-29 13:52:38 - [TEST_STEP][PASSED] - waitForPageLoad(40): Wait for page load successfully

2022-11-29 13:52:39 - [MESSAGE][PASSED] - Wait for page load successfully

2022-11-29 13:52:39 - [TEST_STEP][PASSED] - maximizeWindow(): Current window maximized

2022-11-29 13:52:40 - [MESSAGE][PASSED] - Current window maximized

2022-11-29 13:52:40 - [TEST_STEP][PASSED] - setText(findTestObject("Object Repository/Drive_excel/Page_ToolsQA/input_Name_firstName"), nombre): Text '' is set on object 'Object Repository/Drive_excel/Page_ToolsQA/input_Name_firstName'

2022-11-29 13:52:48 - [MESSAGE][PASSED] - Text '' is set on object 'Object Repository/Drive_excel/Page_ToolsQA/input_Name_firstName'

2022-11-29 13:52:48 - [TEST_STEP][PASSED] - setText(findTestObject("Object Repository/Drive_excel/Page_ToolsQA/input_Name_lastName"), apellido): Text '' is set on object 'Object Repository/Drive_excel/Page_ToolsQA/input_Name_lastName'

2022-11-29 13:52:55 - [MESSAGE][PASSED] - Text '' is set on object 'Object Repository/Drive_excel/Page_ToolsQA/input_Name_lastName'

2022-11-29 13:52:55 - [TEST_STEP][PASSED] - setText(findTestObject("Object Repository/Drive_excel/Page_ToolsQA/input_Email_userEmail"), email): Text '' is set on object 'Object Repository/Drive_excel/Page_ToolsQA/input_Email_userEmail'

2022-11-29 13:53:03 - [MESSAGE][PASSED] - Text '' is set on object 'Object Repository/Drive_excel/Page_ToolsQA/input_Email_userEmail'

2022-11-29 13:53:03 - [TEST_STEP][PASSED] - delay(2): Delayed 2 second(s)

2022-11-29 13:53:05 - [MESSAGE][PASSED] - Delayed 2 second(s)

2022-11-29 13:53:05 - [TEST_STEP][PASSED] - closeBrowser(): Browser is closed

2022-11-29 13:53:07 - [MESSAGE][PASSED] - Browser is closed]]></system-out>
         <system-err><![CDATA[]]></system-err>
      </testcase>
      <testcase name="Test Cases/Navegador/Navegador" time="163.174" classname="Test Cases/Navegador/Navegador" status="PASSED">
         <system-out><![CDATA[2022-11-29 13:53:07 - [TEST_CASE][PASSED] - Test Cases/Navegador/Navegador: Test Cases/Navegador/Navegador

2022-11-29 13:53:07 - [TEST_STEP][PASSED] - openBrowser("https://demoqa.com/text-box"): Browser is opened with url: 'https://demoqa.com/text-box'

2022-11-29 13:53:07 - [MESSAGE][INFO] - User set preference: ['os', 'windows']

2022-11-29 13:53:07 - [MESSAGE][INFO] - User set preference: ['browserName', 'chrome']

2022-11-29 13:53:07 - [MESSAGE][INFO] - User set preference: ['browserVersion', '103']

2022-11-29 13:53:07 - [MESSAGE][INFO] - User set preference: ['katalon:option', '{organizationId=987205, tunnelId=, usingTunnel=false}']

2022-11-29 13:53:07 - [MESSAGE][INFO] - Connecting to remote web server 'testcloud.katalon.com/hub' with type 'Selenium'

2022-11-29 13:53:07 - [MESSAGE][INFO] - Action delay is set to 0 milliseconds

2022-11-29 13:55:44 - [MESSAGE][PASSED] - Browser is opened with url: 'https://demoqa.com/text-box'

2022-11-29 13:55:44 - [TEST_STEP][PASSED] - maximizeWindow(): Current window maximized

2022-11-29 13:55:45 - [MESSAGE][PASSED] - Current window maximized

2022-11-29 13:55:45 - [TEST_STEP][PASSED] - page_url = getUrl(): Current window's url is: 'https://demoqa.com/text-box'

2022-11-29 13:55:46 - [MESSAGE][PASSED] - Current window's url is: 'https://demoqa.com/text-box'

2022-11-29 13:55:46 - [TEST_STEP][PASSED] - print(page_url): null

2022-11-29 13:55:46 - [TEST_STEP][PASSED] - Titulo = getWindowTitle(): Current window's title is: 'ToolsQA'

2022-11-29 13:55:47 - [MESSAGE][PASSED] - Current window's title is: 'ToolsQA'

2022-11-29 13:55:47 - [TEST_STEP][PASSED] - print("titiulo de la pagina" + Titulo): null

2022-11-29 13:55:47 - [TEST_STEP][PASSED] - closeBrowser(): Browser is closed

2022-11-29 13:55:50 - [MESSAGE][PASSED] - Browser is closed]]></system-out>
         <system-err><![CDATA[]]></system-err>
      </testcase>
      <testcase name="Test Cases/Objecto_xpath/Caso_xpath" time="157.821" classname="Test Cases/Objecto_xpath/Caso_xpath" status="PASSED">
         <system-out><![CDATA[2022-11-29 13:55:50 - [TEST_CASE][PASSED] - Test Cases/Objecto_xpath/Caso_xpath: Test Cases/Objecto_xpath/Caso_xpath

2022-11-29 13:55:51 - [TEST_STEP][PASSED] - openBrowser(""): Browser is opened with url: ''

2022-11-29 13:55:51 - [MESSAGE][INFO] - User set preference: ['os', 'windows']

2022-11-29 13:55:51 - [MESSAGE][INFO] - User set preference: ['browserName', 'chrome']

2022-11-29 13:55:51 - [MESSAGE][INFO] - User set preference: ['browserVersion', '103']

2022-11-29 13:55:51 - [MESSAGE][INFO] - User set preference: ['katalon:option', '{organizationId=987205, tunnelId=, usingTunnel=false}']

2022-11-29 13:55:51 - [MESSAGE][INFO] - Connecting to remote web server 'testcloud.katalon.com/hub' with type 'Selenium'

2022-11-29 13:55:51 - [MESSAGE][INFO] - Action delay is set to 0 milliseconds

2022-11-29 13:58:11 - [MESSAGE][PASSED] - Browser is opened with url: ''

2022-11-29 13:58:11 - [TEST_STEP][PASSED] - navigateToUrl("https://demoqa.com/text-box"): Navigate to 'https://demoqa.com/text-box' successfully

2022-11-29 13:58:14 - [MESSAGE][PASSED] - Navigate to 'https://demoqa.com/text-box' successfully

2022-11-29 13:58:14 - [TEST_STEP][PASSED] - maximizeWindow(): Current window maximized

2022-11-29 13:58:15 - [MESSAGE][PASSED] - Current window maximized

2022-11-29 13:58:15 - [TEST_STEP][PASSED] - setText(findTestObject("Objeto_xpath/Campo_nombre"), "Ljubo"): Text 'Ljubo' is set on object 'Object Repository/Objeto_xpath/Campo_nombre'

2022-11-29 13:58:21 - [MESSAGE][PASSED] - Text 'Ljubo' is set on object 'Object Repository/Objeto_xpath/Campo_nombre'

2022-11-29 13:58:21 - [TEST_STEP][PASSED] - delay(3): Delayed 3 second(s)

2022-11-29 13:58:24 - [MESSAGE][PASSED] - Delayed 3 second(s)

2022-11-29 13:58:24 - [TEST_STEP][PASSED] - closeBrowser(): Browser is closed

2022-11-29 13:58:28 - [MESSAGE][PASSED] - Browser is closed]]></system-out>
         <system-err><![CDATA[]]></system-err>
      </testcase>
      <testcase name="Test Cases/Condicionales_If/Condicionar_titulo" time="173.493" classname="Test Cases/Condicionales_If/Condicionar_titulo" status="PASSED">
         <system-out><![CDATA[2022-11-29 13:58:28 - [TEST_CASE][PASSED] - Test Cases/Condicionales_If/Condicionar_titulo: Test Cases/Condicionales_If/Condicionar_titulo

2022-11-29 13:58:28 - [TEST_STEP][PASSED] - openBrowser(""): Browser is opened with url: ''

2022-11-29 13:58:28 - [MESSAGE][INFO] - User set preference: ['os', 'windows']

2022-11-29 13:58:28 - [MESSAGE][INFO] - User set preference: ['browserName', 'chrome']

2022-11-29 13:58:28 - [MESSAGE][INFO] - User set preference: ['browserVersion', '103']

2022-11-29 13:58:28 - [MESSAGE][INFO] - User set preference: ['katalon:option', '{organizationId=987205, tunnelId=, usingTunnel=false}']

2022-11-29 13:58:28 - [MESSAGE][INFO] - Connecting to remote web server 'testcloud.katalon.com/hub' with type 'Selenium'

2022-11-29 13:58:28 - [MESSAGE][INFO] - Action delay is set to 0 milliseconds

2022-11-29 14:00:57 - [MESSAGE][PASSED] - Browser is opened with url: ''

2022-11-29 14:00:57 - [TEST_STEP][PASSED] - navigateToUrl("https://demoqa.com/"): Navigate to 'https://demoqa.com/' successfully

2022-11-29 14:01:00 - [MESSAGE][PASSED] - Navigate to 'https://demoqa.com/' successfully

2022-11-29 14:01:00 - [TEST_STEP][PASSED] - maximizeWindow(): Current window maximized

2022-11-29 14:01:01 - [MESSAGE][PASSED] - Current window maximized

2022-11-29 14:01:01 - [TEST_STEP][PASSED] - waitForPageLoad(5): Wait for page load successfully

2022-11-29 14:01:01 - [MESSAGE][PASSED] - Wait for page load successfully

2022-11-29 14:01:01 - [TEST_STEP][PASSED] - Existe = waitForElementVisible(findTestObject("Condicionales/Texto_radio"), 3): Web element with id: 'Object Repository/Condicionales/Texto_radio' located by '//div[@class='main-header'][contains(.,'Radio Button')]' not found

2022-11-29 14:01:06 - [MESSAGE][INFO] - Unable to find the element located by 'By.xpath: //div[@class='main-header'][contains(.,'Radio Button')]'. Please recheck the objects properties to make sure the desired element is located. 

2022-11-29 14:01:06 - [MESSAGE][WARNING] - [SELF-HEALING] Failed to find element with id 'Object Repository/Condicionales/Texto_radio'. Try using Self-healing.

2022-11-29 14:01:07 - [MESSAGE][INFO] - [SELF-HEALING] No working XPath is found.

2022-11-29 14:01:10 - [MESSAGE][INFO] - Unable to find the element located by 'By.xpath: '. Please recheck the objects properties to make sure the desired element is located. 

2022-11-29 14:01:10 - [MESSAGE][WARNING] - [SELF-HEALING] Cannot find elements when the selector is null

2022-11-29 14:01:10 - [MESSAGE][WARNING] - Web element with id: 'Object Repository/Condicionales/Texto_radio' located by '//div[@class='main-header'][contains(.,'Radio Button')]' not found

2022-11-29 14:01:10 - [TEST_STEP][PASSED] - print(Existe): null

2022-11-29 14:01:10 - [TEST_STEP][PASSED] - if (Existe == true): null

2022-11-29 14:01:10 - [TEST_STEP][PASSED] - else: Browser is closed

2022-11-29 14:01:10 - [TEST_STEP][PASSED] - print("-----  Error no esta el elemento de texto radio ------"): null

2022-11-29 14:01:10 - [TEST_STEP][PASSED] - navigateToUrl("https://demoqa.com/radio-button"): Navigate to 'https://demoqa.com/radio-button' successfully

2022-11-29 14:01:13 - [MESSAGE][PASSED] - Navigate to 'https://demoqa.com/radio-button' successfully

2022-11-29 14:01:13 - [TEST_STEP][PASSED] - click(findTestObject("Condicionales/Objeto_yes")): Object: 'Object Repository/Condicionales/Objeto_yes' is clicked on

2022-11-29 14:01:16 - [MESSAGE][PASSED] - Object: 'Object Repository/Condicionales/Objeto_yes' is clicked on

2022-11-29 14:01:16 - [TEST_STEP][PASSED] - delay(2): Delayed 2 second(s)

2022-11-29 14:01:18 - [MESSAGE][PASSED] - Delayed 2 second(s)

2022-11-29 14:01:18 - [TEST_STEP][PASSED] - closeBrowser(): Browser is closed

2022-11-29 14:01:22 - [MESSAGE][PASSED] - Browser is closed]]></system-out>
         <system-err><![CDATA[]]></system-err>
      </testcase>
      <testcase name="Test Cases/Condicionales_If/Test_1" time="0.04" classname="Test Cases/Condicionales_If/Test_1" status="PASSED">
         <system-out><![CDATA[2022-11-29 14:01:22 - [TEST_CASE][PASSED] - Test Cases/Condicionales_If/Test_1: Test Cases/Condicionales_If/Test_1

2022-11-29 14:01:22 - [TEST_STEP][PASSED] - if (num == 10): null

2022-11-29 14:01:22 - [TEST_STEP][PASSED] - else: null

2022-11-29 14:01:22 - [TEST_STEP][PASSED] - print("El numero no es un 10 es el numero:  " + num + "#####"): null]]></system-out>
         <system-err><![CDATA[]]></system-err>
      </testcase>
      <testcase name="Test Cases/Condicionales_If/Test_2" time="0.045" classname="Test Cases/Condicionales_If/Test_2" status="PASSED">
         <system-out><![CDATA[2022-11-29 14:01:22 - [TEST_CASE][PASSED] - Test Cases/Condicionales_If/Test_2: Test Cases/Condicionales_If/Test_2

2022-11-29 14:01:22 - [TEST_STEP][PASSED] - if (num == 5): null

2022-11-29 14:01:22 - [TEST_STEP][PASSED] - if (num == 10): null

2022-11-29 14:01:22 - [TEST_STEP][PASSED] - println("El valor de la variables es un: 10"): null]]></system-out>
         <system-err><![CDATA[]]></system-err>
      </testcase>
      <testcase name="Test Cases/Condicionales_If/Test_3" time="0.048" classname="Test Cases/Condicionales_If/Test_3" status="PASSED">
         <system-out><![CDATA[2022-11-29 14:01:22 - [TEST_CASE][PASSED] - Test Cases/Condicionales_If/Test_3: Test Cases/Condicionales_If/Test_3

2022-11-29 14:01:22 - [TEST_STEP][PASSED] - if (nombre == "Juan"): null

2022-11-29 14:01:22 - [TEST_STEP][PASSED] - if (nombre == "JUan"): null

2022-11-29 14:01:22 - [TEST_STEP][PASSED] - if (nombre == "juan"): null

2022-11-29 14:01:22 - [TEST_STEP][PASSED] - println("Tu nombre es juan"): null]]></system-out>
         <system-err><![CDATA[]]></system-err>
      </testcase>
      <testcase name="Test Cases/Condicionales_If/Test_4" time="0.053" classname="Test Cases/Condicionales_If/Test_4" status="PASSED">
         <system-out><![CDATA[2022-11-29 14:01:22 - [TEST_CASE][PASSED] - Test Cases/Condicionales_If/Test_4: Test Cases/Condicionales_If/Test_4

2022-11-29 14:01:22 - [TEST_STEP][PASSED] - if (num <= 7): null

2022-11-29 14:01:22 - [TEST_STEP][PASSED] - println("El numero es menor ó igual que 5"): null

2022-11-29 14:01:22 - [TEST_STEP][PASSED] - if (num >= 8): null

2022-11-29 14:01:22 - [TEST_STEP][PASSED] - if (num != 5): null]]></system-out>
         <system-err><![CDATA[]]></system-err>
      </testcase>
      <testcase name="Test Cases/Condicionales_If/Test_edad" time="0.041" classname="Test Cases/Condicionales_If/Test_edad" status="PASSED">
         <system-out><![CDATA[2022-11-29 14:01:22 - [TEST_CASE][PASSED] - Test Cases/Condicionales_If/Test_edad: Test Cases/Condicionales_If/Test_edad

2022-11-29 14:01:22 - [TEST_STEP][PASSED] - if (edad >= 1 && edad <= 17): null

2022-11-29 14:01:22 - [TEST_STEP][PASSED] - else if (edad == 18): null

2022-11-29 14:01:22 - [TEST_STEP][PASSED] - else if (edad <= 0): null

2022-11-29 14:01:22 - [TEST_STEP][PASSED] - else if (edad == 120): null

2022-11-29 14:01:22 - [TEST_STEP][PASSED] - else: null

2022-11-29 14:01:22 - [TEST_STEP][PASSED] - print("No se cumple ninguna de las opciones"): null]]></system-out>
         <system-err><![CDATA[]]></system-err>
      </testcase>
      <testcase name="Test Cases/Condicionales_If/Test_valor" time="164.967" classname="Test Cases/Condicionales_If/Test_valor" status="PASSED">
         <system-out><![CDATA[2022-11-29 14:01:22 - [TEST_CASE][PASSED] - Test Cases/Condicionales_If/Test_valor: Test Cases/Condicionales_If/Test_valor

2022-11-29 14:01:22 - [TEST_STEP][PASSED] - openBrowser(""): Browser is opened with url: ''

2022-11-29 14:01:22 - [MESSAGE][INFO] - User set preference: ['os', 'windows']

2022-11-29 14:01:22 - [MESSAGE][INFO] - User set preference: ['browserName', 'chrome']

2022-11-29 14:01:22 - [MESSAGE][INFO] - User set preference: ['browserVersion', '103']

2022-11-29 14:01:22 - [MESSAGE][INFO] - User set preference: ['katalon:option', '{organizationId=987205, tunnelId=, usingTunnel=false}']

2022-11-29 14:01:22 - [MESSAGE][INFO] - Connecting to remote web server 'testcloud.katalon.com/hub' with type 'Selenium'

2022-11-29 14:01:22 - [MESSAGE][INFO] - Action delay is set to 0 milliseconds

2022-11-29 14:03:51 - [MESSAGE][PASSED] - Browser is opened with url: ''

2022-11-29 14:03:51 - [TEST_STEP][PASSED] - navigateToUrl("https://demoqa.com/"): Navigate to 'https://demoqa.com/' successfully

2022-11-29 14:03:53 - [MESSAGE][PASSED] - Navigate to 'https://demoqa.com/' successfully

2022-11-29 14:03:53 - [TEST_STEP][PASSED] - maximizeWindow(): Current window maximized

2022-11-29 14:03:54 - [MESSAGE][PASSED] - Current window maximized

2022-11-29 14:03:54 - [TEST_STEP][PASSED] - waitForPageLoad(10): Wait for page load successfully

2022-11-29 14:03:55 - [MESSAGE][PASSED] - Wait for page load successfully

2022-11-29 14:03:55 - [TEST_STEP][PASSED] - Existe = waitForElementVisible(findTestObject("Condicionales/titulo1"), 5): Web element with id: 'Object Repository/Condicionales/titulo1' located by '//div[@class='main-header'][contains(.,'Radio Button')]' not found

2022-11-29 14:04:01 - [MESSAGE][INFO] - Unable to find the element located by 'By.xpath: //div[@class='main-header'][contains(.,'Radio Button')]'. Please recheck the objects properties to make sure the desired element is located. 

2022-11-29 14:04:01 - [MESSAGE][WARNING] - [SELF-HEALING] Failed to find element with id 'Object Repository/Condicionales/titulo1'. Try using Self-healing.

2022-11-29 14:04:02 - [MESSAGE][INFO] - [SELF-HEALING] No working XPath is found.

2022-11-29 14:04:04 - [MESSAGE][INFO] - Unable to find the element located by 'By.xpath: '. Please recheck the objects properties to make sure the desired element is located. 

2022-11-29 14:04:04 - [MESSAGE][WARNING] - [SELF-HEALING] Cannot find elements when the selector is null

2022-11-29 14:04:04 - [MESSAGE][WARNING] - Web element with id: 'Object Repository/Condicionales/titulo1' located by '//div[@class='main-header'][contains(.,'Radio Button')]' not found

2022-11-29 14:04:04 - [TEST_STEP][PASSED] - if (Existe == true): null

2022-11-29 14:04:04 - [TEST_STEP][PASSED] - else: Browser is closed

2022-11-29 14:04:04 - [TEST_STEP][PASSED] - print("No estas en la página correcta"): null

2022-11-29 14:04:04 - [TEST_STEP][PASSED] - closeBrowser(): Browser is closed

2022-11-29 14:04:07 - [MESSAGE][PASSED] - Browser is closed]]></system-out>
         <system-err><![CDATA[]]></system-err>
      </testcase>
      <testcase name="Test Cases/BUCLES/Reto_For" time="340.081" classname="Test Cases/BUCLES/Reto_For" status="PASSED">
         <system-out><![CDATA[2022-11-29 14:04:07 - [TEST_CASE][PASSED] - Test Cases/BUCLES/Reto_For: Test Cases/BUCLES/Reto_For

2022-11-29 14:04:07 - [TEST_STEP][PASSED] - openBrowser(""): Browser is opened with url: ''

2022-11-29 14:04:07 - [MESSAGE][INFO] - User set preference: ['os', 'windows']

2022-11-29 14:04:07 - [MESSAGE][INFO] - User set preference: ['browserName', 'chrome']

2022-11-29 14:04:07 - [MESSAGE][INFO] - User set preference: ['browserVersion', '103']

2022-11-29 14:04:07 - [MESSAGE][INFO] - User set preference: ['katalon:option', '{organizationId=987205, tunnelId=, usingTunnel=false}']

2022-11-29 14:04:07 - [MESSAGE][INFO] - Connecting to remote web server 'testcloud.katalon.com/hub' with type 'Selenium'

2022-11-29 14:04:07 - [MESSAGE][INFO] - Action delay is set to 0 milliseconds

2022-11-29 14:06:37 - [MESSAGE][PASSED] - Browser is opened with url: ''

2022-11-29 14:06:37 - [TEST_STEP][PASSED] - navigateToUrl("https://demoqa.com/text-box"): Navigate to 'https://demoqa.com/text-box' successfully

2022-11-29 14:06:41 - [MESSAGE][PASSED] - Navigate to 'https://demoqa.com/text-box' successfully

2022-11-29 14:06:41 - [TEST_STEP][PASSED] - maximizeWindow(): Current window maximized

2022-11-29 14:06:42 - [MESSAGE][PASSED] - Current window maximized

2022-11-29 14:06:42 - [TEST_STEP][PASSED] - waitForPageLoad(5): Wait for page load successfully

2022-11-29 14:06:42 - [MESSAGE][PASSED] - Wait for page load successfully

2022-11-29 14:06:42 - [TEST_STEP][PASSED] - for ([x = 1, x <= 4, (x++)]): Browser is scrolled to position x = 0, y = 100

2022-11-29 14:06:42 - [TEST_STEP][PASSED] - z = ["Carlos", "Erika", "Paco", "Rodrigo", "Juan"]: null

2022-11-29 14:06:42 - [TEST_STEP][PASSED] - rn = new java.util.Random(): null

2022-11-29 14:06:42 - [TEST_STEP][PASSED] - tx_nombre = z[rn.nextInt(size)]: null

2022-11-29 14:06:42 - [TEST_STEP][PASSED] - setText(findTestObject("Object Repository/Reto_for/Page_ToolsQA/input_Full Name_userName"), tx_nombre): Text 'Juan' is set on object 'Object Repository/Reto_for/Page_ToolsQA/input_Full Name_userName'

2022-11-29 14:06:51 - [MESSAGE][PASSED] - Text 'Juan' is set on object 'Object Repository/Reto_for/Page_ToolsQA/input_Full Name_userName'

2022-11-29 14:06:51 - [TEST_STEP][PASSED] - setText(findTestObject("Object Repository/Reto_for/Page_ToolsQA/input_Email_userEmail"), tx_nombre + "@gmail.com"): Text 'Juan@gmail.com' is set on object 'Object Repository/Reto_for/Page_ToolsQA/input_Email_userEmail'

2022-11-29 14:07:08 - [MESSAGE][PASSED] - Text 'Juan@gmail.com' is set on object 'Object Repository/Reto_for/Page_ToolsQA/input_Email_userEmail'

2022-11-29 14:07:08 - [TEST_STEP][PASSED] - setText(findTestObject("Object Repository/Reto_for/Page_ToolsQA/textarea_Current Address_currentAddress"), "Dirección#" + x): Text 'Dirección#1' is set on object 'Object Repository/Reto_for/Page_ToolsQA/textarea_Current Address_currentAddress'

2022-11-29 14:07:13 - [MESSAGE][PASSED] - Text 'Dirección#1' is set on object 'Object Repository/Reto_for/Page_ToolsQA/textarea_Current Address_currentAddress'

2022-11-29 14:07:13 - [TEST_STEP][PASSED] - setText(findTestObject("Object Repository/Reto_for/Page_ToolsQA/textarea_Permanent Address_permanentAddress"), "Dirección dos#" + x): Text 'Dirección dos#1' is set on object 'Object Repository/Reto_for/Page_ToolsQA/textarea_Permanent Address_permanentAddress'

2022-11-29 14:07:20 - [MESSAGE][PASSED] - Text 'Dirección dos#1' is set on object 'Object Repository/Reto_for/Page_ToolsQA/textarea_Permanent Address_permanentAddress'

2022-11-29 14:07:20 - [TEST_STEP][PASSED] - scrollToPosition(0, 500): Browser is scrolled to position x = 0, y = 500

2022-11-29 14:07:20 - [MESSAGE][PASSED] - Browser is scrolled to position x = 0, y = 500

2022-11-29 14:07:20 - [TEST_STEP][PASSED] - click(findTestObject("Object Repository/Reto_for/Page_ToolsQA/button_Submit")): Object: 'Object Repository/Reto_for/Page_ToolsQA/button_Submit' is clicked on

2022-11-29 14:07:24 - [MESSAGE][PASSED] - Object: 'Object Repository/Reto_for/Page_ToolsQA/button_Submit' is clicked on

2022-11-29 14:07:24 - [TEST_STEP][PASSED] - scrollToPosition(0, 100): Browser is scrolled to position x = 0, y = 100

2022-11-29 14:07:24 - [MESSAGE][PASSED] - Browser is scrolled to position x = 0, y = 100

2022-11-29 14:07:24 - [TEST_STEP][PASSED] - z = ["Carlos", "Erika", "Paco", "Rodrigo", "Juan"]: null

2022-11-29 14:07:24 - [TEST_STEP][PASSED] - rn = new java.util.Random(): null

2022-11-29 14:07:24 - [TEST_STEP][PASSED] - tx_nombre = z[rn.nextInt(size)]: null

2022-11-29 14:07:24 - [TEST_STEP][PASSED] - setText(findTestObject("Object Repository/Reto_for/Page_ToolsQA/input_Full Name_userName"), tx_nombre): Text 'Juan' is set on object 'Object Repository/Reto_for/Page_ToolsQA/input_Full Name_userName'

2022-11-29 14:07:40 - [MESSAGE][PASSED] - Text 'Juan' is set on object 'Object Repository/Reto_for/Page_ToolsQA/input_Full Name_userName'

2022-11-29 14:07:40 - [TEST_STEP][PASSED] - setText(findTestObject("Object Repository/Reto_for/Page_ToolsQA/input_Email_userEmail"), tx_nombre + "@gmail.com"): Text 'Juan@gmail.com' is set on object 'Object Repository/Reto_for/Page_ToolsQA/input_Email_userEmail'

2022-11-29 14:07:48 - [MESSAGE][PASSED] - Text 'Juan@gmail.com' is set on object 'Object Repository/Reto_for/Page_ToolsQA/input_Email_userEmail'

2022-11-29 14:07:48 - [TEST_STEP][PASSED] - setText(findTestObject("Object Repository/Reto_for/Page_ToolsQA/textarea_Current Address_currentAddress"), "Dirección#" + x): Text 'Dirección#2' is set on object 'Object Repository/Reto_for/Page_ToolsQA/textarea_Current Address_currentAddress'

2022-11-29 14:07:57 - [MESSAGE][PASSED] - Text 'Dirección#2' is set on object 'Object Repository/Reto_for/Page_ToolsQA/textarea_Current Address_currentAddress'

2022-11-29 14:07:57 - [TEST_STEP][PASSED] - setText(findTestObject("Object Repository/Reto_for/Page_ToolsQA/textarea_Permanent Address_permanentAddress"), "Dirección dos#" + x): Text 'Dirección dos#2' is set on object 'Object Repository/Reto_for/Page_ToolsQA/textarea_Permanent Address_permanentAddress'

2022-11-29 14:08:06 - [MESSAGE][PASSED] - Text 'Dirección dos#2' is set on object 'Object Repository/Reto_for/Page_ToolsQA/textarea_Permanent Address_permanentAddress'

2022-11-29 14:08:06 - [TEST_STEP][PASSED] - scrollToPosition(0, 500): Browser is scrolled to position x = 0, y = 500

2022-11-29 14:08:06 - [MESSAGE][PASSED] - Browser is scrolled to position x = 0, y = 500

2022-11-29 14:08:06 - [TEST_STEP][PASSED] - click(findTestObject("Object Repository/Reto_for/Page_ToolsQA/button_Submit")): Object: 'Object Repository/Reto_for/Page_ToolsQA/button_Submit' is clicked on

2022-11-29 14:08:10 - [MESSAGE][PASSED] - Object: 'Object Repository/Reto_for/Page_ToolsQA/button_Submit' is clicked on

2022-11-29 14:08:10 - [TEST_STEP][PASSED] - scrollToPosition(0, 100): Browser is scrolled to position x = 0, y = 100

2022-11-29 14:08:12 - [MESSAGE][PASSED] - Browser is scrolled to position x = 0, y = 100

2022-11-29 14:08:12 - [TEST_STEP][PASSED] - z = ["Carlos", "Erika", "Paco", "Rodrigo", "Juan"]: null

2022-11-29 14:08:12 - [TEST_STEP][PASSED] - rn = new java.util.Random(): null

2022-11-29 14:08:12 - [TEST_STEP][PASSED] - tx_nombre = z[rn.nextInt(size)]: null

2022-11-29 14:08:12 - [TEST_STEP][PASSED] - setText(findTestObject("Object Repository/Reto_for/Page_ToolsQA/input_Full Name_userName"), tx_nombre): Text 'Paco' is set on object 'Object Repository/Reto_for/Page_ToolsQA/input_Full Name_userName'

2022-11-29 14:08:19 - [MESSAGE][PASSED] - Text 'Paco' is set on object 'Object Repository/Reto_for/Page_ToolsQA/input_Full Name_userName'

2022-11-29 14:08:19 - [TEST_STEP][PASSED] - setText(findTestObject("Object Repository/Reto_for/Page_ToolsQA/input_Email_userEmail"), tx_nombre + "@gmail.com"): Text 'Paco@gmail.com' is set on object 'Object Repository/Reto_for/Page_ToolsQA/input_Email_userEmail'

2022-11-29 14:08:30 - [MESSAGE][PASSED] - Text 'Paco@gmail.com' is set on object 'Object Repository/Reto_for/Page_ToolsQA/input_Email_userEmail'

2022-11-29 14:08:30 - [TEST_STEP][PASSED] - setText(findTestObject("Object Repository/Reto_for/Page_ToolsQA/textarea_Current Address_currentAddress"), "Dirección#" + x): Text 'Dirección#3' is set on object 'Object Repository/Reto_for/Page_ToolsQA/textarea_Current Address_currentAddress'

2022-11-29 14:08:36 - [MESSAGE][PASSED] - Text 'Dirección#3' is set on object 'Object Repository/Reto_for/Page_ToolsQA/textarea_Current Address_currentAddress'

2022-11-29 14:08:36 - [TEST_STEP][PASSED] - setText(findTestObject("Object Repository/Reto_for/Page_ToolsQA/textarea_Permanent Address_permanentAddress"), "Dirección dos#" + x): Text 'Dirección dos#3' is set on object 'Object Repository/Reto_for/Page_ToolsQA/textarea_Permanent Address_permanentAddress'

2022-11-29 14:08:45 - [MESSAGE][PASSED] - Text 'Dirección dos#3' is set on object 'Object Repository/Reto_for/Page_ToolsQA/textarea_Permanent Address_permanentAddress'

2022-11-29 14:08:45 - [TEST_STEP][PASSED] - scrollToPosition(0, 500): Browser is scrolled to position x = 0, y = 500

2022-11-29 14:08:52 - [MESSAGE][PASSED] - Browser is scrolled to position x = 0, y = 500

2022-11-29 14:08:52 - [TEST_STEP][PASSED] - click(findTestObject("Object Repository/Reto_for/Page_ToolsQA/button_Submit")): Object: 'Object Repository/Reto_for/Page_ToolsQA/button_Submit' is clicked on

2022-11-29 14:08:58 - [MESSAGE][PASSED] - Object: 'Object Repository/Reto_for/Page_ToolsQA/button_Submit' is clicked on

2022-11-29 14:08:58 - [TEST_STEP][PASSED] - scrollToPosition(0, 100): Browser is scrolled to position x = 0, y = 100

2022-11-29 14:08:59 - [MESSAGE][PASSED] - Browser is scrolled to position x = 0, y = 100

2022-11-29 14:08:59 - [TEST_STEP][PASSED] - z = ["Carlos", "Erika", "Paco", "Rodrigo", "Juan"]: null

2022-11-29 14:08:59 - [TEST_STEP][PASSED] - rn = new java.util.Random(): null

2022-11-29 14:08:59 - [TEST_STEP][PASSED] - tx_nombre = z[rn.nextInt(size)]: null

2022-11-29 14:08:59 - [TEST_STEP][PASSED] - setText(findTestObject("Object Repository/Reto_for/Page_ToolsQA/input_Full Name_userName"), tx_nombre): Text 'Carlos' is set on object 'Object Repository/Reto_for/Page_ToolsQA/input_Full Name_userName'

2022-11-29 14:09:08 - [MESSAGE][PASSED] - Text 'Carlos' is set on object 'Object Repository/Reto_for/Page_ToolsQA/input_Full Name_userName'

2022-11-29 14:09:08 - [TEST_STEP][PASSED] - setText(findTestObject("Object Repository/Reto_for/Page_ToolsQA/input_Email_userEmail"), tx_nombre + "@gmail.com"): Text 'Carlos@gmail.com' is set on object 'Object Repository/Reto_for/Page_ToolsQA/input_Email_userEmail'

2022-11-29 14:09:17 - [MESSAGE][PASSED] - Text 'Carlos@gmail.com' is set on object 'Object Repository/Reto_for/Page_ToolsQA/input_Email_userEmail'

2022-11-29 14:09:17 - [TEST_STEP][PASSED] - setText(findTestObject("Object Repository/Reto_for/Page_ToolsQA/textarea_Current Address_currentAddress"), "Dirección#" + x): Text 'Dirección#4' is set on object 'Object Repository/Reto_for/Page_ToolsQA/textarea_Current Address_currentAddress'

2022-11-29 14:09:25 - [MESSAGE][PASSED] - Text 'Dirección#4' is set on object 'Object Repository/Reto_for/Page_ToolsQA/textarea_Current Address_currentAddress'

2022-11-29 14:09:25 - [TEST_STEP][PASSED] - setText(findTestObject("Object Repository/Reto_for/Page_ToolsQA/textarea_Permanent Address_permanentAddress"), "Dirección dos#" + x): Text 'Dirección dos#4' is set on object 'Object Repository/Reto_for/Page_ToolsQA/textarea_Permanent Address_permanentAddress'

2022-11-29 14:09:35 - [MESSAGE][PASSED] - Text 'Dirección dos#4' is set on object 'Object Repository/Reto_for/Page_ToolsQA/textarea_Permanent Address_permanentAddress'

2022-11-29 14:09:35 - [TEST_STEP][PASSED] - scrollToPosition(0, 500): Browser is scrolled to position x = 0, y = 500

2022-11-29 14:09:39 - [MESSAGE][PASSED] - Browser is scrolled to position x = 0, y = 500

2022-11-29 14:09:39 - [TEST_STEP][PASSED] - click(findTestObject("Object Repository/Reto_for/Page_ToolsQA/button_Submit")): Object: 'Object Repository/Reto_for/Page_ToolsQA/button_Submit' is clicked on

2022-11-29 14:09:43 - [MESSAGE][PASSED] - Object: 'Object Repository/Reto_for/Page_ToolsQA/button_Submit' is clicked on

2022-11-29 14:09:43 - [TEST_STEP][PASSED] - scrollToPosition(0, 100): Browser is scrolled to position x = 0, y = 100

2022-11-29 14:09:44 - [MESSAGE][PASSED] - Browser is scrolled to position x = 0, y = 100

2022-11-29 14:09:44 - [TEST_STEP][PASSED] - closeBrowser(): Browser is closed

2022-11-29 14:09:47 - [MESSAGE][PASSED] - Browser is closed]]></system-out>
         <system-err><![CDATA[]]></system-err>
      </testcase>
      <testcase name="Test Cases/BUCLES/Reto_while" time="247.021" classname="Test Cases/BUCLES/Reto_while" status="PASSED">
         <system-out><![CDATA[2022-11-29 14:09:47 - [TEST_CASE][PASSED] - Test Cases/BUCLES/Reto_while: Test Cases/BUCLES/Reto_while

2022-11-29 14:09:47 - [TEST_STEP][PASSED] - openBrowser(""): Browser is opened with url: ''

2022-11-29 14:09:47 - [MESSAGE][INFO] - User set preference: ['os', 'windows']

2022-11-29 14:09:47 - [MESSAGE][INFO] - User set preference: ['browserName', 'chrome']

2022-11-29 14:09:47 - [MESSAGE][INFO] - User set preference: ['browserVersion', '103']

2022-11-29 14:09:47 - [MESSAGE][INFO] - User set preference: ['katalon:option', '{organizationId=987205, tunnelId=, usingTunnel=false}']

2022-11-29 14:09:47 - [MESSAGE][INFO] - Connecting to remote web server 'testcloud.katalon.com/hub' with type 'Selenium'

2022-11-29 14:09:47 - [MESSAGE][INFO] - Action delay is set to 0 milliseconds

2022-11-29 14:12:13 - [MESSAGE][PASSED] - Browser is opened with url: ''

2022-11-29 14:12:13 - [TEST_STEP][PASSED] - navigateToUrl("https://www.google.com/"): Navigate to 'https://www.google.com/' successfully

2022-11-29 14:12:15 - [MESSAGE][PASSED] - Navigate to 'https://www.google.com/' successfully

2022-11-29 14:12:15 - [TEST_STEP][PASSED] - Bandera = 0: null

2022-11-29 14:12:15 - [TEST_STEP][PASSED] - while (Bandera != 1): null

2022-11-29 14:12:15 - [TEST_STEP][PASSED] - num = Math.random() * 5 - 1 + 1: null

2022-11-29 14:12:15 - [TEST_STEP][PASSED] - setText(findTestObject("Object Repository/While_google/Page_Google/input__q"), "5+" + num): Text '5+2' is set on object 'Object Repository/While_google/Page_Google/input__q'

2022-11-29 14:12:25 - [MESSAGE][PASSED] - Text '5+2' is set on object 'Object Repository/While_google/Page_Google/input__q'

2022-11-29 14:12:25 - [TEST_STEP][PASSED] - sendKeys(findTestObject("Object Repository/While_google/Page_Google/input__q"), Keys.chord(ENTER)): Keys 'ENTER + ' sent to object: 'Object Repository/While_google/Page_Google/input__q'

2022-11-29 14:12:30 - [MESSAGE][PASSED] - Keys 'ENTER + ' sent to object: 'Object Repository/While_google/Page_Google/input__q'

2022-11-29 14:12:30 - [TEST_STEP][PASSED] - Resultado = getText(findTestObject("While_google/Extras/Resultado_10")): Text of object 'Object Repository/While_google/Extras/Resultado_10' is: '7'

2022-11-29 14:12:36 - [MESSAGE][PASSED] - Text of object 'Object Repository/While_google/Extras/Resultado_10' is: '7'

2022-11-29 14:12:36 - [TEST_STEP][PASSED] - if (Resultado == "8"): null

2022-11-29 14:12:36 - [TEST_STEP][PASSED] - else: null

2022-11-29 14:12:36 - [TEST_STEP][PASSED] - Bandera = 0: null

2022-11-29 14:12:36 - [TEST_STEP][PASSED] - print(Bandera + "------"): null

2022-11-29 14:12:36 - [TEST_STEP][PASSED] - num = Math.random() * 5 - 1 + 1: null

2022-11-29 14:12:36 - [TEST_STEP][PASSED] - setText(findTestObject("Object Repository/While_google/Page_Google/input__q"), "5+" + num): Text '5+2' is set on object 'Object Repository/While_google/Page_Google/input__q'

2022-11-29 14:12:41 - [MESSAGE][PASSED] - Text '5+2' is set on object 'Object Repository/While_google/Page_Google/input__q'

2022-11-29 14:12:41 - [TEST_STEP][PASSED] - sendKeys(findTestObject("Object Repository/While_google/Page_Google/input__q"), Keys.chord(ENTER)): Keys 'ENTER + ' sent to object: 'Object Repository/While_google/Page_Google/input__q'

2022-11-29 14:12:45 - [MESSAGE][PASSED] - Keys 'ENTER + ' sent to object: 'Object Repository/While_google/Page_Google/input__q'

2022-11-29 14:12:45 - [TEST_STEP][PASSED] - Resultado = getText(findTestObject("While_google/Extras/Resultado_10")): Text of object 'Object Repository/While_google/Extras/Resultado_10' is: '7'

2022-11-29 14:12:48 - [MESSAGE][PASSED] - Text of object 'Object Repository/While_google/Extras/Resultado_10' is: '7'

2022-11-29 14:12:48 - [TEST_STEP][PASSED] - if (Resultado == "8"): null

2022-11-29 14:12:48 - [TEST_STEP][PASSED] - else: null

2022-11-29 14:12:48 - [TEST_STEP][PASSED] - Bandera = 0: null

2022-11-29 14:12:48 - [TEST_STEP][PASSED] - print(Bandera + "------"): null

2022-11-29 14:12:48 - [TEST_STEP][PASSED] - num = Math.random() * 5 - 1 + 1: null

2022-11-29 14:12:48 - [TEST_STEP][PASSED] - setText(findTestObject("Object Repository/While_google/Page_Google/input__q"), "5+" + num): Text '5+2' is set on object 'Object Repository/While_google/Page_Google/input__q'

2022-11-29 14:12:53 - [MESSAGE][PASSED] - Text '5+2' is set on object 'Object Repository/While_google/Page_Google/input__q'

2022-11-29 14:12:53 - [TEST_STEP][PASSED] - sendKeys(findTestObject("Object Repository/While_google/Page_Google/input__q"), Keys.chord(ENTER)): Keys 'ENTER + ' sent to object: 'Object Repository/While_google/Page_Google/input__q'

2022-11-29 14:12:56 - [MESSAGE][PASSED] - Keys 'ENTER + ' sent to object: 'Object Repository/While_google/Page_Google/input__q'

2022-11-29 14:12:56 - [TEST_STEP][PASSED] - Resultado = getText(findTestObject("While_google/Extras/Resultado_10")): Text of object 'Object Repository/While_google/Extras/Resultado_10' is: '7'

2022-11-29 14:12:59 - [MESSAGE][PASSED] - Text of object 'Object Repository/While_google/Extras/Resultado_10' is: '7'

2022-11-29 14:12:59 - [TEST_STEP][PASSED] - if (Resultado == "8"): null

2022-11-29 14:12:59 - [TEST_STEP][PASSED] - else: null

2022-11-29 14:12:59 - [TEST_STEP][PASSED] - Bandera = 0: null

2022-11-29 14:12:59 - [TEST_STEP][PASSED] - print(Bandera + "------"): null

2022-11-29 14:12:59 - [TEST_STEP][PASSED] - num = Math.random() * 5 - 1 + 1: null

2022-11-29 14:12:59 - [TEST_STEP][PASSED] - setText(findTestObject("Object Repository/While_google/Page_Google/input__q"), "5+" + num): Text '5+4' is set on object 'Object Repository/While_google/Page_Google/input__q'

2022-11-29 14:13:04 - [MESSAGE][PASSED] - Text '5+4' is set on object 'Object Repository/While_google/Page_Google/input__q'

2022-11-29 14:13:04 - [TEST_STEP][PASSED] - sendKeys(findTestObject("Object Repository/While_google/Page_Google/input__q"), Keys.chord(ENTER)): Keys 'ENTER + ' sent to object: 'Object Repository/While_google/Page_Google/input__q'

2022-11-29 14:13:07 - [MESSAGE][PASSED] - Keys 'ENTER + ' sent to object: 'Object Repository/While_google/Page_Google/input__q'

2022-11-29 14:13:07 - [TEST_STEP][PASSED] - Resultado = getText(findTestObject("While_google/Extras/Resultado_10")): Text of object 'Object Repository/While_google/Extras/Resultado_10' is: '9'

2022-11-29 14:13:10 - [MESSAGE][PASSED] - Text of object 'Object Repository/While_google/Extras/Resultado_10' is: '9'

2022-11-29 14:13:10 - [TEST_STEP][PASSED] - if (Resultado == "8"): null

2022-11-29 14:13:10 - [TEST_STEP][PASSED] - else: null

2022-11-29 14:13:10 - [TEST_STEP][PASSED] - Bandera = 0: null

2022-11-29 14:13:10 - [TEST_STEP][PASSED] - print(Bandera + "------"): null

2022-11-29 14:13:10 - [TEST_STEP][PASSED] - num = Math.random() * 5 - 1 + 1: null

2022-11-29 14:13:10 - [TEST_STEP][PASSED] - setText(findTestObject("Object Repository/While_google/Page_Google/input__q"), "5+" + num): Text '5+1' is set on object 'Object Repository/While_google/Page_Google/input__q'

2022-11-29 14:13:15 - [MESSAGE][PASSED] - Text '5+1' is set on object 'Object Repository/While_google/Page_Google/input__q'

2022-11-29 14:13:15 - [TEST_STEP][PASSED] - sendKeys(findTestObject("Object Repository/While_google/Page_Google/input__q"), Keys.chord(ENTER)): Keys 'ENTER + ' sent to object: 'Object Repository/While_google/Page_Google/input__q'

2022-11-29 14:13:18 - [MESSAGE][PASSED] - Keys 'ENTER + ' sent to object: 'Object Repository/While_google/Page_Google/input__q'

2022-11-29 14:13:18 - [TEST_STEP][PASSED] - Resultado = getText(findTestObject("While_google/Extras/Resultado_10")): Text of object 'Object Repository/While_google/Extras/Resultado_10' is: '6'

2022-11-29 14:13:21 - [MESSAGE][PASSED] - Text of object 'Object Repository/While_google/Extras/Resultado_10' is: '6'

2022-11-29 14:13:21 - [TEST_STEP][PASSED] - if (Resultado == "8"): null

2022-11-29 14:13:21 - [TEST_STEP][PASSED] - else: null

2022-11-29 14:13:21 - [TEST_STEP][PASSED] - Bandera = 0: null

2022-11-29 14:13:21 - [TEST_STEP][PASSED] - print(Bandera + "------"): null

2022-11-29 14:13:21 - [TEST_STEP][PASSED] - num = Math.random() * 5 - 1 + 1: null

2022-11-29 14:13:21 - [TEST_STEP][PASSED] - setText(findTestObject("Object Repository/While_google/Page_Google/input__q"), "5+" + num): Text '5+1' is set on object 'Object Repository/While_google/Page_Google/input__q'

2022-11-29 14:13:27 - [MESSAGE][PASSED] - Text '5+1' is set on object 'Object Repository/While_google/Page_Google/input__q'

2022-11-29 14:13:27 - [TEST_STEP][PASSED] - sendKeys(findTestObject("Object Repository/While_google/Page_Google/input__q"), Keys.chord(ENTER)): Keys 'ENTER + ' sent to object: 'Object Repository/While_google/Page_Google/input__q'

2022-11-29 14:13:30 - [MESSAGE][PASSED] - Keys 'ENTER + ' sent to object: 'Object Repository/While_google/Page_Google/input__q'

2022-11-29 14:13:30 - [TEST_STEP][PASSED] - Resultado = getText(findTestObject("While_google/Extras/Resultado_10")): Text of object 'Object Repository/While_google/Extras/Resultado_10' is: '6'

2022-11-29 14:13:32 - [MESSAGE][PASSED] - Text of object 'Object Repository/While_google/Extras/Resultado_10' is: '6'

2022-11-29 14:13:32 - [TEST_STEP][PASSED] - if (Resultado == "8"): null

2022-11-29 14:13:32 - [TEST_STEP][PASSED] - else: null

2022-11-29 14:13:32 - [TEST_STEP][PASSED] - Bandera = 0: null

2022-11-29 14:13:32 - [TEST_STEP][PASSED] - print(Bandera + "------"): null

2022-11-29 14:13:32 - [TEST_STEP][PASSED] - num = Math.random() * 5 - 1 + 1: null

2022-11-29 14:13:32 - [TEST_STEP][PASSED] - setText(findTestObject("Object Repository/While_google/Page_Google/input__q"), "5+" + num): Text '5+1' is set on object 'Object Repository/While_google/Page_Google/input__q'

2022-11-29 14:13:37 - [MESSAGE][PASSED] - Text '5+1' is set on object 'Object Repository/While_google/Page_Google/input__q'

2022-11-29 14:13:37 - [TEST_STEP][PASSED] - sendKeys(findTestObject("Object Repository/While_google/Page_Google/input__q"), Keys.chord(ENTER)): Keys 'ENTER + ' sent to object: 'Object Repository/While_google/Page_Google/input__q'

2022-11-29 14:13:39 - [MESSAGE][PASSED] - Keys 'ENTER + ' sent to object: 'Object Repository/While_google/Page_Google/input__q'

2022-11-29 14:13:39 - [TEST_STEP][PASSED] - Resultado = getText(findTestObject("While_google/Extras/Resultado_10")): Text of object 'Object Repository/While_google/Extras/Resultado_10' is: '6'

2022-11-29 14:13:42 - [MESSAGE][PASSED] - Text of object 'Object Repository/While_google/Extras/Resultado_10' is: '6'

2022-11-29 14:13:42 - [TEST_STEP][PASSED] - if (Resultado == "8"): null

2022-11-29 14:13:42 - [TEST_STEP][PASSED] - else: null

2022-11-29 14:13:42 - [TEST_STEP][PASSED] - Bandera = 0: null

2022-11-29 14:13:42 - [TEST_STEP][PASSED] - print(Bandera + "------"): null

2022-11-29 14:13:42 - [TEST_STEP][PASSED] - num = Math.random() * 5 - 1 + 1: null

2022-11-29 14:13:42 - [TEST_STEP][PASSED] - setText(findTestObject("Object Repository/While_google/Page_Google/input__q"), "5+" + num): Text '5+3' is set on object 'Object Repository/While_google/Page_Google/input__q'

2022-11-29 14:13:46 - [MESSAGE][PASSED] - Text '5+3' is set on object 'Object Repository/While_google/Page_Google/input__q'

2022-11-29 14:13:46 - [TEST_STEP][PASSED] - sendKeys(findTestObject("Object Repository/While_google/Page_Google/input__q"), Keys.chord(ENTER)): Keys 'ENTER + ' sent to object: 'Object Repository/While_google/Page_Google/input__q'

2022-11-29 14:13:49 - [MESSAGE][PASSED] - Keys 'ENTER + ' sent to object: 'Object Repository/While_google/Page_Google/input__q'

2022-11-29 14:13:49 - [TEST_STEP][PASSED] - Resultado = getText(findTestObject("While_google/Extras/Resultado_10")): Text of object 'Object Repository/While_google/Extras/Resultado_10' is: '8'

2022-11-29 14:13:52 - [MESSAGE][PASSED] - Text of object 'Object Repository/While_google/Extras/Resultado_10' is: '8'

2022-11-29 14:13:52 - [TEST_STEP][PASSED] - if (Resultado == "8"): Browser is closed

2022-11-29 14:13:52 - [TEST_STEP][PASSED] - Bandera = 1: null

2022-11-29 14:13:52 - [TEST_STEP][PASSED] - print("Listo termina"): null

2022-11-29 14:13:52 - [TEST_STEP][PASSED] - closeBrowser(): Browser is closed

2022-11-29 14:13:54 - [MESSAGE][PASSED] - Browser is closed

2022-11-29 14:13:54 - [TEST_STEP][PASSED] - print(Bandera + "------"): null]]></system-out>
         <system-err><![CDATA[]]></system-err>
      </testcase>
      <testcase name="Test Cases/BUCLES/Reto_while_solucion" time="253.032" classname="Test Cases/BUCLES/Reto_while_solucion" status="PASSED">
         <system-out><![CDATA[2022-11-29 14:13:54 - [TEST_CASE][PASSED] - Test Cases/BUCLES/Reto_while_solucion: Test Cases/BUCLES/Reto_while_solucion

2022-11-29 14:13:54 - [TEST_STEP][PASSED] - openBrowser(""): Browser is opened with url: ''

2022-11-29 14:13:54 - [MESSAGE][INFO] - User set preference: ['os', 'windows']

2022-11-29 14:13:54 - [MESSAGE][INFO] - User set preference: ['browserName', 'chrome']

2022-11-29 14:13:54 - [MESSAGE][INFO] - User set preference: ['browserVersion', '103']

2022-11-29 14:13:54 - [MESSAGE][INFO] - User set preference: ['katalon:option', '{organizationId=987205, tunnelId=, usingTunnel=false}']

2022-11-29 14:13:54 - [MESSAGE][INFO] - Connecting to remote web server 'testcloud.katalon.com/hub' with type 'Selenium'

2022-11-29 14:13:54 - [MESSAGE][INFO] - Action delay is set to 0 milliseconds

2022-11-29 14:16:17 - [MESSAGE][PASSED] - Browser is opened with url: ''

2022-11-29 14:16:17 - [TEST_STEP][PASSED] - navigateToUrl("https://www.google.com/"): Navigate to 'https://www.google.com/' successfully

2022-11-29 14:16:20 - [MESSAGE][PASSED] - Navigate to 'https://www.google.com/' successfully

2022-11-29 14:16:20 - [TEST_STEP][PASSED] - Res = 0: null

2022-11-29 14:16:20 - [TEST_STEP][PASSED] - while (Res != 8): Browser is closed

2022-11-29 14:16:20 - [TEST_STEP][PASSED] - num = Math.random() * 5 - 1 + 1: null

2022-11-29 14:16:20 - [TEST_STEP][PASSED] - setText(findTestObject("Object Repository/Reto_while1/Page_Google/input__q"), "5+" + num): Text '5+1' is set on object 'Object Repository/Reto_while1/Page_Google/input__q'

2022-11-29 14:16:25 - [MESSAGE][PASSED] - Text '5+1' is set on object 'Object Repository/Reto_while1/Page_Google/input__q'

2022-11-29 14:16:25 - [TEST_STEP][PASSED] - sendKeys(findTestObject("Object Repository/Reto_while1/Page_Google/input__q"), Keys.chord(ENTER)): Keys 'ENTER + ' sent to object: 'Object Repository/Reto_while1/Page_Google/input__q'

2022-11-29 14:16:30 - [MESSAGE][PASSED] - Keys 'ENTER + ' sent to object: 'Object Repository/Reto_while1/Page_Google/input__q'

2022-11-29 14:16:30 - [TEST_STEP][PASSED] - Res = getText(findTestObject("Reto_while1/Resultado_8")).toInteger(): Text of object 'Object Repository/Reto_while1/Resultado_8' is: '6'

2022-11-29 14:16:32 - [MESSAGE][PASSED] - Text of object 'Object Repository/Reto_while1/Resultado_8' is: '6'

2022-11-29 14:16:32 - [TEST_STEP][PASSED] - if (Res == 8): null

2022-11-29 14:16:32 - [TEST_STEP][PASSED] - num = Math.random() * 5 - 1 + 1: null

2022-11-29 14:16:32 - [TEST_STEP][PASSED] - setText(findTestObject("Object Repository/Reto_while1/Page_Google/input__q"), "5+" + num): Text '5+4' is set on object 'Object Repository/Reto_while1/Page_Google/input__q'

2022-11-29 14:16:37 - [MESSAGE][PASSED] - Text '5+4' is set on object 'Object Repository/Reto_while1/Page_Google/input__q'

2022-11-29 14:16:37 - [TEST_STEP][PASSED] - sendKeys(findTestObject("Object Repository/Reto_while1/Page_Google/input__q"), Keys.chord(ENTER)): Keys 'ENTER + ' sent to object: 'Object Repository/Reto_while1/Page_Google/input__q'

2022-11-29 14:16:42 - [MESSAGE][PASSED] - Keys 'ENTER + ' sent to object: 'Object Repository/Reto_while1/Page_Google/input__q'

2022-11-29 14:16:42 - [TEST_STEP][PASSED] - Res = getText(findTestObject("Reto_while1/Resultado_8")).toInteger(): Text of object 'Object Repository/Reto_while1/Resultado_8' is: '9'

2022-11-29 14:16:45 - [MESSAGE][PASSED] - Text of object 'Object Repository/Reto_while1/Resultado_8' is: '9'

2022-11-29 14:16:45 - [TEST_STEP][PASSED] - if (Res == 8): null

2022-11-29 14:16:45 - [TEST_STEP][PASSED] - num = Math.random() * 5 - 1 + 1: null

2022-11-29 14:16:45 - [TEST_STEP][PASSED] - setText(findTestObject("Object Repository/Reto_while1/Page_Google/input__q"), "5+" + num): Text '5+2' is set on object 'Object Repository/Reto_while1/Page_Google/input__q'

2022-11-29 14:16:52 - [MESSAGE][PASSED] - Text '5+2' is set on object 'Object Repository/Reto_while1/Page_Google/input__q'

2022-11-29 14:16:52 - [TEST_STEP][PASSED] - sendKeys(findTestObject("Object Repository/Reto_while1/Page_Google/input__q"), Keys.chord(ENTER)): Keys 'ENTER + ' sent to object: 'Object Repository/Reto_while1/Page_Google/input__q'

2022-11-29 14:16:56 - [MESSAGE][PASSED] - Keys 'ENTER + ' sent to object: 'Object Repository/Reto_while1/Page_Google/input__q'

2022-11-29 14:16:56 - [TEST_STEP][PASSED] - Res = getText(findTestObject("Reto_while1/Resultado_8")).toInteger(): Text of object 'Object Repository/Reto_while1/Resultado_8' is: '7'

2022-11-29 14:16:59 - [MESSAGE][PASSED] - Text of object 'Object Repository/Reto_while1/Resultado_8' is: '7'

2022-11-29 14:16:59 - [TEST_STEP][PASSED] - if (Res == 8): null

2022-11-29 14:16:59 - [TEST_STEP][PASSED] - num = Math.random() * 5 - 1 + 1: null

2022-11-29 14:16:59 - [TEST_STEP][PASSED] - setText(findTestObject("Object Repository/Reto_while1/Page_Google/input__q"), "5+" + num): Text '5+2' is set on object 'Object Repository/Reto_while1/Page_Google/input__q'

2022-11-29 14:17:06 - [MESSAGE][PASSED] - Text '5+2' is set on object 'Object Repository/Reto_while1/Page_Google/input__q'

2022-11-29 14:17:06 - [TEST_STEP][PASSED] - sendKeys(findTestObject("Object Repository/Reto_while1/Page_Google/input__q"), Keys.chord(ENTER)): Keys 'ENTER + ' sent to object: 'Object Repository/Reto_while1/Page_Google/input__q'

2022-11-29 14:17:09 - [MESSAGE][PASSED] - Keys 'ENTER + ' sent to object: 'Object Repository/Reto_while1/Page_Google/input__q'

2022-11-29 14:17:09 - [TEST_STEP][PASSED] - Res = getText(findTestObject("Reto_while1/Resultado_8")).toInteger(): Text of object 'Object Repository/Reto_while1/Resultado_8' is: '7'

2022-11-29 14:17:12 - [MESSAGE][PASSED] - Text of object 'Object Repository/Reto_while1/Resultado_8' is: '7'

2022-11-29 14:17:12 - [TEST_STEP][PASSED] - if (Res == 8): null

2022-11-29 14:17:12 - [TEST_STEP][PASSED] - num = Math.random() * 5 - 1 + 1: null

2022-11-29 14:17:12 - [TEST_STEP][PASSED] - setText(findTestObject("Object Repository/Reto_while1/Page_Google/input__q"), "5+" + num): Text '5+4' is set on object 'Object Repository/Reto_while1/Page_Google/input__q'

2022-11-29 14:17:21 - [MESSAGE][PASSED] - Text '5+4' is set on object 'Object Repository/Reto_while1/Page_Google/input__q'

2022-11-29 14:17:21 - [TEST_STEP][PASSED] - sendKeys(findTestObject("Object Repository/Reto_while1/Page_Google/input__q"), Keys.chord(ENTER)): Keys 'ENTER + ' sent to object: 'Object Repository/Reto_while1/Page_Google/input__q'

2022-11-29 14:17:30 - [MESSAGE][PASSED] - Keys 'ENTER + ' sent to object: 'Object Repository/Reto_while1/Page_Google/input__q'

2022-11-29 14:17:30 - [TEST_STEP][PASSED] - Res = getText(findTestObject("Reto_while1/Resultado_8")).toInteger(): Text of object 'Object Repository/Reto_while1/Resultado_8' is: '9'

2022-11-29 14:17:33 - [MESSAGE][PASSED] - Text of object 'Object Repository/Reto_while1/Resultado_8' is: '9'

2022-11-29 14:17:33 - [TEST_STEP][PASSED] - if (Res == 8): null

2022-11-29 14:17:33 - [TEST_STEP][PASSED] - num = Math.random() * 5 - 1 + 1: null

2022-11-29 14:17:33 - [TEST_STEP][PASSED] - setText(findTestObject("Object Repository/Reto_while1/Page_Google/input__q"), "5+" + num): Text '5+4' is set on object 'Object Repository/Reto_while1/Page_Google/input__q'

2022-11-29 14:17:40 - [MESSAGE][PASSED] - Text '5+4' is set on object 'Object Repository/Reto_while1/Page_Google/input__q'

2022-11-29 14:17:40 - [TEST_STEP][PASSED] - sendKeys(findTestObject("Object Repository/Reto_while1/Page_Google/input__q"), Keys.chord(ENTER)): Keys 'ENTER + ' sent to object: 'Object Repository/Reto_while1/Page_Google/input__q'

2022-11-29 14:17:45 - [MESSAGE][PASSED] - Keys 'ENTER + ' sent to object: 'Object Repository/Reto_while1/Page_Google/input__q'

2022-11-29 14:17:45 - [TEST_STEP][PASSED] - Res = getText(findTestObject("Reto_while1/Resultado_8")).toInteger(): Text of object 'Object Repository/Reto_while1/Resultado_8' is: '9'

2022-11-29 14:17:49 - [MESSAGE][PASSED] - Text of object 'Object Repository/Reto_while1/Resultado_8' is: '9'

2022-11-29 14:17:49 - [TEST_STEP][PASSED] - if (Res == 8): null

2022-11-29 14:17:49 - [TEST_STEP][PASSED] - num = Math.random() * 5 - 1 + 1: null

2022-11-29 14:17:49 - [TEST_STEP][PASSED] - setText(findTestObject("Object Repository/Reto_while1/Page_Google/input__q"), "5+" + num): Text '5+3' is set on object 'Object Repository/Reto_while1/Page_Google/input__q'

2022-11-29 14:17:57 - [MESSAGE][PASSED] - Text '5+3' is set on object 'Object Repository/Reto_while1/Page_Google/input__q'

2022-11-29 14:17:57 - [TEST_STEP][PASSED] - sendKeys(findTestObject("Object Repository/Reto_while1/Page_Google/input__q"), Keys.chord(ENTER)): Keys 'ENTER + ' sent to object: 'Object Repository/Reto_while1/Page_Google/input__q'

2022-11-29 14:18:02 - [MESSAGE][PASSED] - Keys 'ENTER + ' sent to object: 'Object Repository/Reto_while1/Page_Google/input__q'

2022-11-29 14:18:02 - [TEST_STEP][PASSED] - Res = getText(findTestObject("Reto_while1/Resultado_8")).toInteger(): Text of object 'Object Repository/Reto_while1/Resultado_8' is: '8'

2022-11-29 14:18:04 - [MESSAGE][PASSED] - Text of object 'Object Repository/Reto_while1/Resultado_8' is: '8'

2022-11-29 14:18:04 - [TEST_STEP][PASSED] - if (Res == 8): Browser is closed

2022-11-29 14:18:04 - [TEST_STEP][PASSED] - closeBrowser(): Browser is closed

2022-11-29 14:18:07 - [MESSAGE][PASSED] - Browser is closed]]></system-out>
         <system-err><![CDATA[]]></system-err>
      </testcase>
      <testcase name="Test Cases/BUCLES/Test_1" time="485.03" classname="Test Cases/BUCLES/Test_1" status="PASSED">
         <system-out><![CDATA[2022-11-29 14:18:07 - [TEST_CASE][PASSED] - Test Cases/BUCLES/Test_1: Test Cases/BUCLES/Test_1

2022-11-29 14:18:07 - [TEST_STEP][PASSED] - openBrowser(""): Browser is opened with url: ''

2022-11-29 14:18:07 - [MESSAGE][INFO] - User set preference: ['os', 'windows']

2022-11-29 14:18:07 - [MESSAGE][INFO] - User set preference: ['browserName', 'chrome']

2022-11-29 14:18:07 - [MESSAGE][INFO] - User set preference: ['browserVersion', '103']

2022-11-29 14:18:07 - [MESSAGE][INFO] - User set preference: ['katalon:option', '{organizationId=987205, tunnelId=, usingTunnel=false}']

2022-11-29 14:18:07 - [MESSAGE][INFO] - Connecting to remote web server 'testcloud.katalon.com/hub' with type 'Selenium'

2022-11-29 14:18:07 - [MESSAGE][INFO] - Action delay is set to 0 milliseconds

2022-11-29 14:20:33 - [MESSAGE][PASSED] - Browser is opened with url: ''

2022-11-29 14:20:33 - [TEST_STEP][PASSED] - navigateToUrl("https://demoqa.com/text-box"): Navigate to 'https://demoqa.com/text-box' successfully

2022-11-29 14:20:36 - [MESSAGE][PASSED] - Navigate to 'https://demoqa.com/text-box' successfully

2022-11-29 14:20:36 - [TEST_STEP][PASSED] - for ([x = 1, x <= 2, (x++)]): null

2022-11-29 14:20:36 - [TEST_STEP][PASSED] - openBrowser(""): Browser is opened with url: ''

2022-11-29 14:20:36 - [MESSAGE][WARNING] - A browser is already opened. Closing browser and opening a new one

2022-11-29 14:20:42 - [MESSAGE][INFO] - User set preference: ['os', 'windows']

2022-11-29 14:20:42 - [MESSAGE][INFO] - User set preference: ['browserName', 'chrome']

2022-11-29 14:20:42 - [MESSAGE][INFO] - User set preference: ['browserVersion', '103']

2022-11-29 14:20:42 - [MESSAGE][INFO] - User set preference: ['katalon:option', '{organizationId=987205, tunnelId=, usingTunnel=false}']

2022-11-29 14:20:42 - [MESSAGE][INFO] - Connecting to remote web server 'testcloud.katalon.com/hub' with type 'Selenium'

2022-11-29 14:20:42 - [MESSAGE][INFO] - Action delay is set to 0 milliseconds

2022-11-29 14:23:19 - [MESSAGE][PASSED] - Browser is opened with url: ''

2022-11-29 14:23:19 - [TEST_STEP][PASSED] - navigateToUrl("https://demoqa.com/text-box"): Navigate to 'https://demoqa.com/text-box' successfully

2022-11-29 14:23:21 - [MESSAGE][PASSED] - Navigate to 'https://demoqa.com/text-box' successfully

2022-11-29 14:23:21 - [TEST_STEP][PASSED] - RN = Math.random() * 10 - 1 + 1: null

2022-11-29 14:23:21 - [TEST_STEP][PASSED] - print("Numero : " + RN + "----"): null

2022-11-29 14:23:21 - [TEST_STEP][PASSED] - z = ["Demo1", "Demo2", "Demo3", "Demo4", "Demo5"]: null

2022-11-29 14:23:21 - [TEST_STEP][PASSED] - rnd = new java.util.Random(): null

2022-11-29 14:23:21 - [TEST_STEP][PASSED] - texto = z[rnd.nextInt(size)]: null

2022-11-29 14:23:21 - [TEST_STEP][PASSED] - print(texto): null

2022-11-29 14:23:21 - [TEST_STEP][PASSED] - openBrowser(""): Browser is opened with url: ''

2022-11-29 14:23:21 - [MESSAGE][WARNING] - A browser is already opened. Closing browser and opening a new one

2022-11-29 14:23:32 - [MESSAGE][INFO] - User set preference: ['os', 'windows']

2022-11-29 14:23:32 - [MESSAGE][INFO] - User set preference: ['browserName', 'chrome']

2022-11-29 14:23:32 - [MESSAGE][INFO] - User set preference: ['browserVersion', '103']

2022-11-29 14:23:32 - [MESSAGE][INFO] - User set preference: ['katalon:option', '{organizationId=987205, tunnelId=, usingTunnel=false}']

2022-11-29 14:23:32 - [MESSAGE][INFO] - Connecting to remote web server 'testcloud.katalon.com/hub' with type 'Selenium'

2022-11-29 14:23:32 - [MESSAGE][INFO] - Action delay is set to 0 milliseconds

2022-11-29 14:26:05 - [MESSAGE][PASSED] - Browser is opened with url: ''

2022-11-29 14:26:05 - [TEST_STEP][PASSED] - navigateToUrl("https://demoqa.com/text-box"): Navigate to 'https://demoqa.com/text-box' successfully

2022-11-29 14:26:08 - [MESSAGE][PASSED] - Navigate to 'https://demoqa.com/text-box' successfully

2022-11-29 14:26:08 - [TEST_STEP][PASSED] - RN = Math.random() * 10 - 1 + 1: null

2022-11-29 14:26:08 - [TEST_STEP][PASSED] - print("Numero : " + RN + "----"): null

2022-11-29 14:26:08 - [TEST_STEP][PASSED] - z = ["Demo1", "Demo2", "Demo3", "Demo4", "Demo5"]: null

2022-11-29 14:26:08 - [TEST_STEP][PASSED] - rnd = new java.util.Random(): null

2022-11-29 14:26:08 - [TEST_STEP][PASSED] - texto = z[rnd.nextInt(size)]: null

2022-11-29 14:26:08 - [TEST_STEP][PASSED] - print(texto): null

2022-11-29 14:26:08 - [TEST_STEP][PASSED] - closeBrowser(): Browser is closed

2022-11-29 14:26:12 - [MESSAGE][PASSED] - Browser is closed]]></system-out>
         <system-err><![CDATA[]]></system-err>
      </testcase>
      <testcase name="Test Cases/BUCLES/Test_2" time="174.198" classname="Test Cases/BUCLES/Test_2" status="PASSED">
         <system-out><![CDATA[2022-11-29 14:26:12 - [TEST_CASE][PASSED] - Test Cases/BUCLES/Test_2: Test Cases/BUCLES/Test_2

2022-11-29 14:26:12 - [TEST_STEP][PASSED] - openBrowser(""): Browser is opened with url: ''

2022-11-29 14:26:12 - [MESSAGE][INFO] - User set preference: ['os', 'windows']

2022-11-29 14:26:12 - [MESSAGE][INFO] - User set preference: ['browserName', 'chrome']

2022-11-29 14:26:12 - [MESSAGE][INFO] - User set preference: ['browserVersion', '103']

2022-11-29 14:26:12 - [MESSAGE][INFO] - User set preference: ['katalon:option', '{organizationId=987205, tunnelId=, usingTunnel=false}']

2022-11-29 14:26:12 - [MESSAGE][INFO] - Connecting to remote web server 'testcloud.katalon.com/hub' with type 'Selenium'

2022-11-29 14:26:12 - [MESSAGE][INFO] - Action delay is set to 0 milliseconds

2022-11-29 14:28:57 - [MESSAGE][PASSED] - Browser is opened with url: ''

2022-11-29 14:28:57 - [TEST_STEP][PASSED] - navigateToUrl("https://demoqa.com/text-box"): Navigate to 'https://demoqa.com/text-box' successfully

2022-11-29 14:29:00 - [MESSAGE][PASSED] - Navigate to 'https://demoqa.com/text-box' successfully

2022-11-29 14:29:00 - [TEST_STEP][PASSED] - for ([x = 1, x <= 10, x = x + 2]): null

2022-11-29 14:29:00 - [TEST_STEP][PASSED] - print(" hola mundo " + x + "-------"): null

2022-11-29 14:29:00 - [TEST_STEP][PASSED] - print(" hola mundo " + x + "-------"): null

2022-11-29 14:29:00 - [TEST_STEP][PASSED] - print(" hola mundo " + x + "-------"): null

2022-11-29 14:29:00 - [TEST_STEP][PASSED] - print(" hola mundo " + x + "-------"): null

2022-11-29 14:29:00 - [TEST_STEP][PASSED] - print(" hola mundo " + x + "-------"): null

2022-11-29 14:29:00 - [TEST_STEP][PASSED] - closeBrowser(): Browser is closed

2022-11-29 14:29:06 - [MESSAGE][PASSED] - Browser is closed]]></system-out>
         <system-err><![CDATA[]]></system-err>
      </testcase>
      <testcase name="Test Cases/BUCLES/Test_while" time="158.385" classname="Test Cases/BUCLES/Test_while" status="PASSED">
         <system-out><![CDATA[2022-11-29 14:29:06 - [TEST_CASE][PASSED] - Test Cases/BUCLES/Test_while: Test Cases/BUCLES/Test_while

2022-11-29 14:29:06 - [TEST_STEP][PASSED] - openBrowser(""): Browser is opened with url: ''

2022-11-29 14:29:07 - [MESSAGE][INFO] - User set preference: ['os', 'windows']

2022-11-29 14:29:07 - [MESSAGE][INFO] - User set preference: ['browserName', 'chrome']

2022-11-29 14:29:07 - [MESSAGE][INFO] - User set preference: ['browserVersion', '103']

2022-11-29 14:29:07 - [MESSAGE][INFO] - User set preference: ['katalon:option', '{organizationId=987205, tunnelId=, usingTunnel=false}']

2022-11-29 14:29:07 - [MESSAGE][INFO] - Connecting to remote web server 'testcloud.katalon.com/hub' with type 'Selenium'

2022-11-29 14:29:07 - [MESSAGE][INFO] - Action delay is set to 0 milliseconds

2022-11-29 14:31:29 - [MESSAGE][PASSED] - Browser is opened with url: ''

2022-11-29 14:31:29 - [TEST_STEP][PASSED] - navigateToUrl("https://demoqa.com/text-box"): Navigate to 'https://demoqa.com/text-box' successfully

2022-11-29 14:31:31 - [MESSAGE][PASSED] - Navigate to 'https://demoqa.com/text-box' successfully

2022-11-29 14:31:31 - [TEST_STEP][PASSED] - maximizeWindow(): Current window maximized

2022-11-29 14:31:32 - [MESSAGE][PASSED] - Current window maximized

2022-11-29 14:31:32 - [TEST_STEP][PASSED] - waitForPageLoad(5): Wait for page load successfully

2022-11-29 14:31:33 - [MESSAGE][PASSED] - Wait for page load successfully

2022-11-29 14:31:33 - [TEST_STEP][PASSED] - x = 1: null

2022-11-29 14:31:33 - [TEST_STEP][PASSED] - while (x <= 3): null

2022-11-29 14:31:33 - [TEST_STEP][PASSED] - print("Hola " + x + "----------"): null

2022-11-29 14:31:33 - [TEST_STEP][PASSED] - (x++): null

2022-11-29 14:31:33 - [TEST_STEP][PASSED] - print("Hola " + x + "----------"): null

2022-11-29 14:31:33 - [TEST_STEP][PASSED] - (x++): null

2022-11-29 14:31:33 - [TEST_STEP][PASSED] - print("Hola " + x + "----------"): null

2022-11-29 14:31:33 - [TEST_STEP][PASSED] - (x++): null

2022-11-29 14:31:33 - [TEST_STEP][PASSED] - closeBrowser(): Browser is closed

2022-11-29 14:31:45 - [MESSAGE][PASSED] - Browser is closed]]></system-out>
         <system-err><![CDATA[]]></system-err>
      </testcase>
      <testcase name="Test Cases/BUCLES/Test_while2" time="165.663" classname="Test Cases/BUCLES/Test_while2" status="PASSED">
         <system-out><![CDATA[2022-11-29 14:31:45 - [TEST_CASE][PASSED] - Test Cases/BUCLES/Test_while2: Test Cases/BUCLES/Test_while2

2022-11-29 14:31:45 - [TEST_STEP][PASSED] - openBrowser(""): Browser is opened with url: ''

2022-11-29 14:31:45 - [MESSAGE][INFO] - User set preference: ['os', 'windows']

2022-11-29 14:31:45 - [MESSAGE][INFO] - User set preference: ['browserName', 'chrome']

2022-11-29 14:31:45 - [MESSAGE][INFO] - User set preference: ['browserVersion', '103']

2022-11-29 14:31:45 - [MESSAGE][INFO] - User set preference: ['katalon:option', '{organizationId=987205, tunnelId=, usingTunnel=false}']

2022-11-29 14:31:45 - [MESSAGE][INFO] - Connecting to remote web server 'testcloud.katalon.com/hub' with type 'Selenium'

2022-11-29 14:31:45 - [MESSAGE][INFO] - Action delay is set to 0 milliseconds

2022-11-29 14:34:18 - [MESSAGE][PASSED] - Browser is opened with url: ''

2022-11-29 14:34:18 - [TEST_STEP][PASSED] - navigateToUrl("https://demoqa.com/text-box"): Navigate to 'https://demoqa.com/text-box' successfully

2022-11-29 14:34:20 - [MESSAGE][PASSED] - Navigate to 'https://demoqa.com/text-box' successfully

2022-11-29 14:34:20 - [TEST_STEP][PASSED] - maximizeWindow(): Current window maximized

2022-11-29 14:34:22 - [MESSAGE][PASSED] - Current window maximized

2022-11-29 14:34:22 - [TEST_STEP][PASSED] - waitForPageLoad(5): Wait for page load successfully

2022-11-29 14:34:22 - [MESSAGE][PASSED] - Wait for page load successfully

2022-11-29 14:34:22 - [TEST_STEP][PASSED] - x = 1: null

2022-11-29 14:34:22 - [TEST_STEP][PASSED] - while (x <= 5): null

2022-11-29 14:34:22 - [TEST_STEP][PASSED] - print("Valor de X" + x + "------>"): null

2022-11-29 14:34:22 - [TEST_STEP][PASSED] - (x++): null

2022-11-29 14:34:22 - [TEST_STEP][PASSED] - print("Valor de X" + x + "------>"): null

2022-11-29 14:34:22 - [TEST_STEP][PASSED] - (x++): null

2022-11-29 14:34:22 - [TEST_STEP][PASSED] - print("Valor de X" + x + "------>"): null

2022-11-29 14:34:22 - [TEST_STEP][PASSED] - (x++): null

2022-11-29 14:34:22 - [TEST_STEP][PASSED] - print("Valor de X" + x + "------>"): null

2022-11-29 14:34:22 - [TEST_STEP][PASSED] - (x++): null

2022-11-29 14:34:22 - [TEST_STEP][PASSED] - print("Valor de X" + x + "------>"): null

2022-11-29 14:34:22 - [TEST_STEP][PASSED] - (x++): null

2022-11-29 14:34:22 - [TEST_STEP][PASSED] - closeBrowser(): Browser is closed

2022-11-29 14:34:31 - [MESSAGE][PASSED] - Browser is closed]]></system-out>
         <system-err><![CDATA[]]></system-err>
      </testcase>
      <testcase name="Test Cases/Drive_excel/Drive_excel" time="191.015" classname="Test Cases/Drive_excel/Drive_excel" status="PASSED">
         <system-out><![CDATA[2022-11-29 14:34:31 - [TEST_CASE][PASSED] - Test Cases/Drive_excel/Drive_excel: Test Cases/Drive_excel/Drive_excel

2022-11-29 14:34:31 - [TEST_STEP][PASSED] - openBrowser(""): Browser is opened with url: ''

2022-11-29 14:34:31 - [MESSAGE][INFO] - User set preference: ['os', 'windows']

2022-11-29 14:34:31 - [MESSAGE][INFO] - User set preference: ['browserName', 'chrome']

2022-11-29 14:34:31 - [MESSAGE][INFO] - User set preference: ['browserVersion', '103']

2022-11-29 14:34:31 - [MESSAGE][INFO] - User set preference: ['katalon:option', '{organizationId=987205, tunnelId=, usingTunnel=false}']

2022-11-29 14:34:31 - [MESSAGE][INFO] - Connecting to remote web server 'testcloud.katalon.com/hub' with type 'Selenium'

2022-11-29 14:34:31 - [MESSAGE][INFO] - Action delay is set to 0 milliseconds

2022-11-29 14:37:08 - [MESSAGE][PASSED] - Browser is opened with url: ''

2022-11-29 14:37:08 - [TEST_STEP][PASSED] - navigateToUrl("https://demoqa.com/automation-practice-form"): Navigate to 'https://demoqa.com/automation-practice-form' successfully

2022-11-29 14:37:11 - [MESSAGE][PASSED] - Navigate to 'https://demoqa.com/automation-practice-form' successfully

2022-11-29 14:37:11 - [TEST_STEP][PASSED] - waitForPageLoad(40): Wait for page load successfully

2022-11-29 14:37:13 - [MESSAGE][PASSED] - Wait for page load successfully

2022-11-29 14:37:13 - [TEST_STEP][PASSED] - maximizeWindow(): Current window maximized

2022-11-29 14:37:14 - [MESSAGE][PASSED] - Current window maximized

2022-11-29 14:37:14 - [TEST_STEP][PASSED] - setText(findTestObject("Object Repository/Drive_excel/Page_ToolsQA/input_Name_firstName"), nombre): Text '' is set on object 'Object Repository/Drive_excel/Page_ToolsQA/input_Name_firstName'

2022-11-29 14:37:23 - [MESSAGE][PASSED] - Text '' is set on object 'Object Repository/Drive_excel/Page_ToolsQA/input_Name_firstName'

2022-11-29 14:37:23 - [TEST_STEP][PASSED] - setText(findTestObject("Object Repository/Drive_excel/Page_ToolsQA/input_Name_lastName"), apellido): Text '' is set on object 'Object Repository/Drive_excel/Page_ToolsQA/input_Name_lastName'

2022-11-29 14:37:30 - [MESSAGE][PASSED] - Text '' is set on object 'Object Repository/Drive_excel/Page_ToolsQA/input_Name_lastName'

2022-11-29 14:37:30 - [TEST_STEP][PASSED] - setText(findTestObject("Object Repository/Drive_excel/Page_ToolsQA/input_Email_userEmail"), email): Text '' is set on object 'Object Repository/Drive_excel/Page_ToolsQA/input_Email_userEmail'

2022-11-29 14:37:36 - [MESSAGE][PASSED] - Text '' is set on object 'Object Repository/Drive_excel/Page_ToolsQA/input_Email_userEmail'

2022-11-29 14:37:36 - [TEST_STEP][PASSED] - delay(2): Delayed 2 second(s)

2022-11-29 14:37:38 - [MESSAGE][PASSED] - Delayed 2 second(s)

2022-11-29 14:37:38 - [TEST_STEP][PASSED] - closeBrowser(): Browser is closed

2022-11-29 14:37:42 - [MESSAGE][PASSED] - Browser is closed]]></system-out>
         <system-err><![CDATA[]]></system-err>
      </testcase>
      <system-out><![CDATA[2022-11-29 13:06:59 - [TEST_SUITE][PASSED] - testCLoud: Test Cases/Drive_excel/Drive_excel]]></system-out>
      <system-err><![CDATA[]]></system-err>
   </testsuite>
</testsuites>
