<?xml version="1.0" encoding="UTF-8"?>
<testsuites name="testCLoud" time="6423.151" tests="34" failures="0" errors="0">
   <testsuite name="testCLoud" tests="34" failures="0" errors="0" time="6423.151" skipped="0" timestamp="2022-11-30 21:31:48" hostname="admin - 192.168.0.13" id="Test Suites/testCLoud">
      <properties>
         <property name="deviceName" value=""/>
         <property name="devicePlatform" value=""/>
         <property name="logFolder" value="C:\\Users\\admin\\git\\KatalonCertificacion\\Reports\\20221130_213133\\testCLoud\\20221130_213133"/>
         <property name="logFiles" value="C:\\Users\\admin\\git\\KatalonCertificacion\\Reports\\20221130_213133\\testCLoud\\20221130_213133\\execution0.log"/>
         <property name="attachments" value="C:\\Users\\admin\\git\\KatalonCertificacion\\Reports\\20221130_213133\\testCLoud\\20221130_213133\\1669860771676.png"/>
         <property name="hostName" value="admin - 192.168.0.13"/>
         <property name="remoteDriverUrl" value="testcloud.katalon.com/hub"/>
         <property name="desiredCapabilities" value="{
  &quot;acceptInsecureCerts&quot;: false,
  &quot;browserName&quot;: &quot;chrome&quot;,
  &quot;browserVersion&quot;: &quot;103.0.5060.53&quot;,
  &quot;chrome&quot;: {
    &quot;chromedriverVersion&quot;: &quot;103.0.5060.53 (a1711811edd74ff1cf2150f36ffa3b0dae40b17f-refs/branch-heads/5060@{#853})&quot;,
    &quot;userDataDir&quot;: &quot;C:\\Users\\ADMINI~1\\AppData\\Local\\Temp\\scoped_dir7104_87379573&quot;
  },
  &quot;goog:chromeOptions&quot;: {
    &quot;debuggerAddress&quot;: &quot;localhost:49837&quot;
  },
  &quot;javascriptEnabled&quot;: true,
  &quot;katalon:option&quot;: {
    &quot;unlimitedExecutionMinutes&quot;: true,
    &quot;jwt&quot;: &quot;eyJ0eXAiOiJKV1QiLCJhbGciOiJSUzI1NiJ9.eyJzdWIiOiJsbm92YWtvdmljaEBlY29zaXN0ZW1hcy5jb20uYXIiLCJ1cG4iOiIxMDgwMDQ1IiwiZ3JvdXBzIjpbIlVTRVIiXSwic3RhdHVzIjoiVkVSSUZJRUQiLCJnaXZlbl9uYW1lIjoiTGp1Ym8iLCJmYW1pbHlfbmFtZSI6Ik5vdmFrb3ZpY2giLCJlbWFpbCI6Imxub3Zha292aWNoQGVjb3Npc3RlbWFzLmNvbS5hciIsImVtYWlsX3ZlcmlmaWVkIjp0cnVlLCJjcmVhdGVkX2F0IjoxNjY4NTQwMTA2LCJ1cGRhdGVkX2F0IjoxNjY5ODU0NjY5LCJhbXIiOlsicHdkIl0sImlhdCI6MTY2OTg1NDY3MiwiZXhwIjoxNjcwNDU5NDcyLCJqdGkiOiJiOTFiZjk5MS04ZjNiLTRlYTItOTRmMi1iMjBmYWYxYjdlYWMiLCJpc3MiOiJrYXRhbG9uLWF1dGgifQ.H2fKgjJN0PugXmAzu73MTyhiG8J4VnpEPCvUBu63RW7iS8ERzspc8RTuKD5bj8SP2waMg_uI_BvfuD1y8kgbkkb8yGWLeVy0qlyxDv06hHSrMaSFNdlWQNG0racobs_gHuCjTzzJGMPgquF3NQ7p5KgOSmzsh0PIDyjo4DkAovrfIbNNLwRO9bad-7wpMYRTlYAQrEtRYJS5nnu1SfRoH3dfSWu3_oSyM7saPdQbxf64DflWHMcKDMZsDHXO40febCEfwSFT0U_uK4s5emeQWAZ7kI6IdmoH97biLs5ZPlJ0AwpFgYavhqXiBzOoo11ezSPXN7K1Nac0IGZy7RYwxA&quot;,
    &quot;userId&quot;: 1080045,
    &quot;organizationId&quot;: &quot;987205&quot;,
    &quot;class&quot;: &quot;com.katalon.testcloud.grid.common.tunnel.domain.UserOptionCapability&quot;,
    &quot;usingTunnel&quot;: false,
    &quot;username&quot;: &quot;lnovakovich@ecosistemas.com.ar&quot;
  },
  &quot;networkConnectionEnabled&quot;: false,
  &quot;os&quot;: &quot;windows&quot;,
  &quot;pageLoadStrategy&quot;: &quot;normal&quot;,
  &quot;platform&quot;: &quot;WINDOWS&quot;,
  &quot;platformName&quot;: &quot;WINDOWS&quot;,
  &quot;proxy&quot;: {
    &quot;proxyType&quot;: &quot;DIRECT&quot;,
    &quot;autodetect&quot;: false
  },
  &quot;requestId&quot;: &quot;2ff5fcb4-e890-4e9b-acd6-678222a71933&quot;,
  &quot;se:cdp&quot;: &quot;ws://10.0.2.2:4444/session/559f42a35bf65c78a1b0f6f020802333/se/cdp&quot;,
  &quot;se:cdpVersion&quot;: &quot;103.0.5060.53&quot;,
  &quot;setWindowRect&quot;: true,
  &quot;strictFileInteractability&quot;: false,
  &quot;timeouts&quot;: {
    &quot;implicit&quot;: 0,
    &quot;pageLoad&quot;: 300000,
    &quot;script&quot;: 30000
  },
  &quot;unhandledPromptBehavior&quot;: &quot;dismiss and notify&quot;,
  &quot;webauthn:extension:credBlob&quot;: true,
  &quot;webauthn:extension:largeBlob&quot;: true,
  &quot;webauthn:virtualAuthenticators&quot;: true
}"/>
         <property name="os" value="Windows 10 64bit"/>
         <property name="remoteOS" value="Windows"/>
         <property name="katalonVersion" value="8.5.2.208"/>
         <property name="browser" value="Chrome 103.0.5060.53"/>
         <property name="hostAddress" value="192.168.0.13"/>
         <property name="sessionId" value="559f42a35bf65c78a1b0f6f020802333"/>
         <property name="seleniumVersion" value="3.141.59"/>
         <property name="proxyInformation" value="ProxyInformation { proxyOption=NO_PROXY, proxyServerType=HTTP, username=, password=********, proxyServerAddress=, proxyServerPort=0, executionList=&quot;&quot;, isApplyToDesiredCapabilities=true }"/>
         <property name="platform" value="Windows 10"/>
      </properties>
      <testcase name="Test Cases/Navegador/Navegador" time="170.982" classname="Test Cases/Navegador/Navegador" status="PASSED">
         <system-out><![CDATA[2022-11-30 21:31:48 - [TEST_CASE][PASSED] - Test Cases/Navegador/Navegador: Test Cases/Navegador/Navegador

2022-11-30 21:31:49 - [TEST_STEP][PASSED] - openBrowser("https://demoqa.com/text-box"): Browser is opened with url: 'https://demoqa.com/text-box'

2022-11-30 21:31:49 - [MESSAGE][INFO] - User set preference: ['os', 'windows']

2022-11-30 21:31:49 - [MESSAGE][INFO] - User set preference: ['browserName', 'chrome']

2022-11-30 21:31:49 - [MESSAGE][INFO] - User set preference: ['browserVersion', '103']

2022-11-30 21:31:49 - [MESSAGE][INFO] - User set preference: ['katalon:option', '{organizationId=987205, tunnelId=, usingTunnel=false}']

2022-11-30 21:31:49 - [MESSAGE][INFO] - Connecting to remote web server 'testcloud.katalon.com/hub' with type 'Selenium'

2022-11-30 21:31:51 - [MESSAGE][INFO] - Action delay is set to 0 milliseconds

2022-11-30 21:34:27 - [MESSAGE][PASSED] - Browser is opened with url: 'https://demoqa.com/text-box'

2022-11-30 21:34:27 - [TEST_STEP][PASSED] - maximizeWindow(): Current window maximized

2022-11-30 21:34:28 - [MESSAGE][PASSED] - Current window maximized

2022-11-30 21:34:28 - [TEST_STEP][PASSED] - page_url = getUrl(): Current window's url is: 'https://demoqa.com/text-box'

2022-11-30 21:34:30 - [MESSAGE][PASSED] - Current window's url is: 'https://demoqa.com/text-box'

2022-11-30 21:34:30 - [TEST_STEP][PASSED] - print(page_url): null

2022-11-30 21:34:30 - [TEST_STEP][PASSED] - Titulo = getWindowTitle(): Current window's title is: 'ToolsQA'

2022-11-30 21:34:31 - [MESSAGE][PASSED] - Current window's title is: 'ToolsQA'

2022-11-30 21:34:31 - [TEST_STEP][PASSED] - print("titiulo de la pagina" + Titulo): null

2022-11-30 21:34:31 - [TEST_STEP][PASSED] - closeBrowser(): Browser is closed

2022-11-30 21:34:39 - [MESSAGE][PASSED] - Browser is closed]]></system-out>
         <system-err><![CDATA[]]></system-err>
      </testcase>
      <testcase name="Test Cases/Objecto_xpath/Caso_xpath" time="187.197" classname="Test Cases/Objecto_xpath/Caso_xpath" status="PASSED">
         <system-out><![CDATA[2022-11-30 21:34:39 - [TEST_CASE][PASSED] - Test Cases/Objecto_xpath/Caso_xpath: Test Cases/Objecto_xpath/Caso_xpath

2022-11-30 21:34:40 - [TEST_STEP][PASSED] - openBrowser(""): Browser is opened with url: ''

2022-11-30 21:34:40 - [MESSAGE][INFO] - User set preference: ['os', 'windows']

2022-11-30 21:34:40 - [MESSAGE][INFO] - User set preference: ['browserName', 'chrome']

2022-11-30 21:34:40 - [MESSAGE][INFO] - User set preference: ['browserVersion', '103']

2022-11-30 21:34:40 - [MESSAGE][INFO] - User set preference: ['katalon:option', '{organizationId=987205, tunnelId=, usingTunnel=false}']

2022-11-30 21:34:40 - [MESSAGE][INFO] - Connecting to remote web server 'testcloud.katalon.com/hub' with type 'Selenium'

2022-11-30 21:34:40 - [MESSAGE][INFO] - Action delay is set to 0 milliseconds

2022-11-30 21:37:27 - [MESSAGE][PASSED] - Browser is opened with url: ''

2022-11-30 21:37:27 - [TEST_STEP][PASSED] - navigateToUrl("https://demoqa.com/text-box"): Navigate to 'https://demoqa.com/text-box' successfully

2022-11-30 21:37:30 - [MESSAGE][PASSED] - Navigate to 'https://demoqa.com/text-box' successfully

2022-11-30 21:37:30 - [TEST_STEP][PASSED] - maximizeWindow(): Current window maximized

2022-11-30 21:37:32 - [MESSAGE][PASSED] - Current window maximized

2022-11-30 21:37:32 - [TEST_STEP][PASSED] - setText(findTestObject("Objeto_xpath/Campo_nombre"), "Ljubo"): Text 'Ljubo' is set on object 'Object Repository/Objeto_xpath/Campo_nombre'

2022-11-30 21:37:40 - [MESSAGE][PASSED] - Text 'Ljubo' is set on object 'Object Repository/Objeto_xpath/Campo_nombre'

2022-11-30 21:37:40 - [TEST_STEP][PASSED] - delay(3): Delayed 3 second(s)

2022-11-30 21:37:43 - [MESSAGE][PASSED] - Delayed 3 second(s)

2022-11-30 21:37:43 - [TEST_STEP][PASSED] - closeBrowser(): Browser is closed

2022-11-30 21:37:46 - [MESSAGE][PASSED] - Browser is closed]]></system-out>
         <system-err><![CDATA[]]></system-err>
      </testcase>
      <testcase name="Test Cases/Condicionales_If/Condicionar_titulo" time="179.071" classname="Test Cases/Condicionales_If/Condicionar_titulo" status="PASSED">
         <system-out><![CDATA[2022-11-30 21:37:46 - [TEST_CASE][PASSED] - Test Cases/Condicionales_If/Condicionar_titulo: Test Cases/Condicionales_If/Condicionar_titulo

2022-11-30 21:37:47 - [TEST_STEP][PASSED] - openBrowser(""): Browser is opened with url: ''

2022-11-30 21:37:47 - [MESSAGE][INFO] - User set preference: ['os', 'windows']

2022-11-30 21:37:47 - [MESSAGE][INFO] - User set preference: ['browserName', 'chrome']

2022-11-30 21:37:47 - [MESSAGE][INFO] - User set preference: ['browserVersion', '103']

2022-11-30 21:37:47 - [MESSAGE][INFO] - User set preference: ['katalon:option', '{organizationId=987205, tunnelId=, usingTunnel=false}']

2022-11-30 21:37:47 - [MESSAGE][INFO] - Connecting to remote web server 'testcloud.katalon.com/hub' with type 'Selenium'

2022-11-30 21:37:47 - [MESSAGE][INFO] - Action delay is set to 0 milliseconds

2022-11-30 21:40:21 - [MESSAGE][PASSED] - Browser is opened with url: ''

2022-11-30 21:40:21 - [TEST_STEP][PASSED] - navigateToUrl("https://demoqa.com/"): Navigate to 'https://demoqa.com/' successfully

2022-11-30 21:40:23 - [MESSAGE][PASSED] - Navigate to 'https://demoqa.com/' successfully

2022-11-30 21:40:23 - [TEST_STEP][PASSED] - maximizeWindow(): Current window maximized

2022-11-30 21:40:24 - [MESSAGE][PASSED] - Current window maximized

2022-11-30 21:40:24 - [TEST_STEP][PASSED] - waitForPageLoad(5): Wait for page load successfully

2022-11-30 21:40:27 - [MESSAGE][PASSED] - Wait for page load successfully

2022-11-30 21:40:27 - [TEST_STEP][PASSED] - Existe = waitForElementVisible(findTestObject("Condicionales/Texto_radio"), 3): Web element with id: 'Object Repository/Condicionales/Texto_radio' located by '//div[@class='main-header'][contains(.,'Radio Button')]' not found

2022-11-30 21:40:31 - [MESSAGE][INFO] - Unable to find the element located by 'By.xpath: //div[@class='main-header'][contains(.,'Radio Button')]'. Please recheck the objects properties to make sure the desired element is located. 

2022-11-30 21:40:31 - [MESSAGE][WARNING] - [SELF-HEALING] Failed to find element with id 'Object Repository/Condicionales/Texto_radio'. Try using Self-healing.

2022-11-30 21:40:32 - [MESSAGE][INFO] - [SELF-HEALING] No working XPath is found.

2022-11-30 21:40:35 - [MESSAGE][INFO] - Unable to find the element located by 'By.xpath: '. Please recheck the objects properties to make sure the desired element is located. 

2022-11-30 21:40:35 - [MESSAGE][WARNING] - [SELF-HEALING] Cannot find elements when the selector is null

2022-11-30 21:40:35 - [MESSAGE][WARNING] - Web element with id: 'Object Repository/Condicionales/Texto_radio' located by '//div[@class='main-header'][contains(.,'Radio Button')]' not found

2022-11-30 21:40:35 - [TEST_STEP][PASSED] - print(Existe): null

2022-11-30 21:40:35 - [TEST_STEP][PASSED] - if (Existe == true): null

2022-11-30 21:40:35 - [TEST_STEP][PASSED] - else: Browser is closed

2022-11-30 21:40:35 - [TEST_STEP][PASSED] - print("-----  Error no esta el elemento de texto radio ------"): null

2022-11-30 21:40:35 - [TEST_STEP][PASSED] - navigateToUrl("https://demoqa.com/radio-button"): Navigate to 'https://demoqa.com/radio-button' successfully

2022-11-30 21:40:37 - [MESSAGE][PASSED] - Navigate to 'https://demoqa.com/radio-button' successfully

2022-11-30 21:40:37 - [TEST_STEP][PASSED] - click(findTestObject("Condicionales/Objeto_yes")): Object: 'Object Repository/Condicionales/Objeto_yes' is clicked on

2022-11-30 21:40:40 - [MESSAGE][PASSED] - Object: 'Object Repository/Condicionales/Objeto_yes' is clicked on

2022-11-30 21:40:40 - [TEST_STEP][PASSED] - delay(2): Delayed 2 second(s)

2022-11-30 21:40:42 - [MESSAGE][PASSED] - Delayed 2 second(s)

2022-11-30 21:40:42 - [TEST_STEP][PASSED] - closeBrowser(): Browser is closed

2022-11-30 21:40:45 - [MESSAGE][PASSED] - Browser is closed]]></system-out>
         <system-err><![CDATA[]]></system-err>
      </testcase>
      <testcase name="Test Cases/Condicionales_If/Test_1" time="0.989" classname="Test Cases/Condicionales_If/Test_1" status="PASSED">
         <system-out><![CDATA[2022-11-30 21:40:45 - [TEST_CASE][PASSED] - Test Cases/Condicionales_If/Test_1: Test Cases/Condicionales_If/Test_1

2022-11-30 21:40:46 - [TEST_STEP][PASSED] - if (num == 10): null

2022-11-30 21:40:46 - [TEST_STEP][PASSED] - else: null

2022-11-30 21:40:46 - [TEST_STEP][PASSED] - print("El numero no es un 10 es el numero:  " + num + "#####"): null]]></system-out>
         <system-err><![CDATA[]]></system-err>
      </testcase>
      <testcase name="Test Cases/Condicionales_If/Test_2" time="0.54" classname="Test Cases/Condicionales_If/Test_2" status="PASSED">
         <system-out><![CDATA[2022-11-30 21:40:46 - [TEST_CASE][PASSED] - Test Cases/Condicionales_If/Test_2: Test Cases/Condicionales_If/Test_2

2022-11-30 21:40:47 - [TEST_STEP][PASSED] - if (num == 5): null

2022-11-30 21:40:47 - [TEST_STEP][PASSED] - if (num == 10): null

2022-11-30 21:40:47 - [TEST_STEP][PASSED] - println("El valor de la variables es un: 10"): null]]></system-out>
         <system-err><![CDATA[]]></system-err>
      </testcase>
      <testcase name="Test Cases/Condicionales_If/Test_3" time="1.238" classname="Test Cases/Condicionales_If/Test_3" status="PASSED">
         <system-out><![CDATA[2022-11-30 21:40:47 - [TEST_CASE][PASSED] - Test Cases/Condicionales_If/Test_3: Test Cases/Condicionales_If/Test_3

2022-11-30 21:40:48 - [TEST_STEP][PASSED] - if (nombre == "Juan"): null

2022-11-30 21:40:48 - [TEST_STEP][PASSED] - if (nombre == "JUan"): null

2022-11-30 21:40:48 - [TEST_STEP][PASSED] - if (nombre == "juan"): null

2022-11-30 21:40:48 - [TEST_STEP][PASSED] - println("Tu nombre es juan"): null]]></system-out>
         <system-err><![CDATA[]]></system-err>
      </testcase>
      <testcase name="Test Cases/Condicionales_If/Test_4" time="0.718" classname="Test Cases/Condicionales_If/Test_4" status="PASSED">
         <system-out><![CDATA[2022-11-30 21:40:48 - [TEST_CASE][PASSED] - Test Cases/Condicionales_If/Test_4: Test Cases/Condicionales_If/Test_4

2022-11-30 21:40:49 - [TEST_STEP][PASSED] - if (num <= 7): null

2022-11-30 21:40:49 - [TEST_STEP][PASSED] - println("El numero es menor ó igual que 5"): null

2022-11-30 21:40:49 - [TEST_STEP][PASSED] - if (num >= 8): null

2022-11-30 21:40:49 - [TEST_STEP][PASSED] - if (num != 5): null]]></system-out>
         <system-err><![CDATA[]]></system-err>
      </testcase>
      <testcase name="Test Cases/Condicionales_If/Test_edad" time="0.607" classname="Test Cases/Condicionales_If/Test_edad" status="PASSED">
         <system-out><![CDATA[2022-11-30 21:40:49 - [TEST_CASE][PASSED] - Test Cases/Condicionales_If/Test_edad: Test Cases/Condicionales_If/Test_edad

2022-11-30 21:40:50 - [TEST_STEP][PASSED] - if (edad >= 1 && edad <= 17): null

2022-11-30 21:40:50 - [TEST_STEP][PASSED] - else if (edad == 18): null

2022-11-30 21:40:50 - [TEST_STEP][PASSED] - else if (edad <= 0): null

2022-11-30 21:40:50 - [TEST_STEP][PASSED] - else if (edad == 120): null

2022-11-30 21:40:50 - [TEST_STEP][PASSED] - else: null

2022-11-30 21:40:50 - [TEST_STEP][PASSED] - print("No se cumple ninguna de las opciones"): null]]></system-out>
         <system-err><![CDATA[]]></system-err>
      </testcase>
      <testcase name="Test Cases/Condicionales_If/Test_valor" time="169.82" classname="Test Cases/Condicionales_If/Test_valor" status="PASSED">
         <system-out><![CDATA[2022-11-30 21:40:50 - [TEST_CASE][PASSED] - Test Cases/Condicionales_If/Test_valor: Test Cases/Condicionales_If/Test_valor

2022-11-30 21:40:50 - [TEST_STEP][PASSED] - openBrowser(""): Browser is opened with url: ''

2022-11-30 21:40:50 - [MESSAGE][INFO] - User set preference: ['os', 'windows']

2022-11-30 21:40:50 - [MESSAGE][INFO] - User set preference: ['browserName', 'chrome']

2022-11-30 21:40:50 - [MESSAGE][INFO] - User set preference: ['browserVersion', '103']

2022-11-30 21:40:50 - [MESSAGE][INFO] - User set preference: ['katalon:option', '{organizationId=987205, tunnelId=, usingTunnel=false}']

2022-11-30 21:40:50 - [MESSAGE][INFO] - Connecting to remote web server 'testcloud.katalon.com/hub' with type 'Selenium'

2022-11-30 21:40:50 - [MESSAGE][INFO] - Action delay is set to 0 milliseconds

2022-11-30 21:43:21 - [MESSAGE][PASSED] - Browser is opened with url: ''

2022-11-30 21:43:21 - [TEST_STEP][PASSED] - navigateToUrl("https://demoqa.com/"): Navigate to 'https://demoqa.com/' successfully

2022-11-30 21:43:24 - [MESSAGE][PASSED] - Navigate to 'https://demoqa.com/' successfully

2022-11-30 21:43:24 - [TEST_STEP][PASSED] - maximizeWindow(): Current window maximized

2022-11-30 21:43:24 - [MESSAGE][PASSED] - Current window maximized

2022-11-30 21:43:24 - [TEST_STEP][PASSED] - waitForPageLoad(10): Wait for page load successfully

2022-11-30 21:43:25 - [MESSAGE][PASSED] - Wait for page load successfully

2022-11-30 21:43:25 - [TEST_STEP][PASSED] - Existe = waitForElementVisible(findTestObject("Condicionales/titulo1"), 5): Web element with id: 'Object Repository/Condicionales/titulo1' located by '//div[@class='main-header'][contains(.,'Radio Button')]' not found

2022-11-30 21:43:33 - [MESSAGE][INFO] - Unable to find the element located by 'By.xpath: //div[@class='main-header'][contains(.,'Radio Button')]'. Please recheck the objects properties to make sure the desired element is located. 

2022-11-30 21:43:33 - [MESSAGE][WARNING] - [SELF-HEALING] Failed to find element with id 'Object Repository/Condicionales/titulo1'. Try using Self-healing.

2022-11-30 21:43:34 - [MESSAGE][INFO] - [SELF-HEALING] No working XPath is found.

2022-11-30 21:43:37 - [MESSAGE][INFO] - Unable to find the element located by 'By.xpath: '. Please recheck the objects properties to make sure the desired element is located. 

2022-11-30 21:43:37 - [MESSAGE][WARNING] - [SELF-HEALING] Cannot find elements when the selector is null

2022-11-30 21:43:37 - [MESSAGE][WARNING] - Web element with id: 'Object Repository/Condicionales/titulo1' located by '//div[@class='main-header'][contains(.,'Radio Button')]' not found

2022-11-30 21:43:37 - [TEST_STEP][PASSED] - if (Existe == true): null

2022-11-30 21:43:37 - [TEST_STEP][PASSED] - else: Browser is closed

2022-11-30 21:43:37 - [TEST_STEP][PASSED] - print("No estas en la página correcta"): null

2022-11-30 21:43:37 - [TEST_STEP][PASSED] - closeBrowser(): Browser is closed

2022-11-30 21:43:39 - [MESSAGE][PASSED] - Browser is closed]]></system-out>
         <system-err><![CDATA[]]></system-err>
      </testcase>
      <testcase name="Test Cases/BUCLES/Reto_For" time="288.001" classname="Test Cases/BUCLES/Reto_For" status="PASSED">
         <system-out><![CDATA[2022-11-30 21:43:39 - [TEST_CASE][PASSED] - Test Cases/BUCLES/Reto_For: Test Cases/BUCLES/Reto_For

2022-11-30 21:43:41 - [TEST_STEP][PASSED] - openBrowser(""): Browser is opened with url: ''

2022-11-30 21:43:41 - [MESSAGE][INFO] - User set preference: ['os', 'windows']

2022-11-30 21:43:41 - [MESSAGE][INFO] - User set preference: ['browserName', 'chrome']

2022-11-30 21:43:41 - [MESSAGE][INFO] - User set preference: ['browserVersion', '103']

2022-11-30 21:43:41 - [MESSAGE][INFO] - User set preference: ['katalon:option', '{organizationId=987205, tunnelId=, usingTunnel=false}']

2022-11-30 21:43:41 - [MESSAGE][INFO] - Connecting to remote web server 'testcloud.katalon.com/hub' with type 'Selenium'

2022-11-30 21:43:41 - [MESSAGE][INFO] - Action delay is set to 0 milliseconds

2022-11-30 21:46:15 - [MESSAGE][PASSED] - Browser is opened with url: ''

2022-11-30 21:46:15 - [TEST_STEP][PASSED] - navigateToUrl("https://demoqa.com/text-box"): Navigate to 'https://demoqa.com/text-box' successfully

2022-11-30 21:46:18 - [MESSAGE][PASSED] - Navigate to 'https://demoqa.com/text-box' successfully

2022-11-30 21:46:18 - [TEST_STEP][PASSED] - maximizeWindow(): Current window maximized

2022-11-30 21:46:19 - [MESSAGE][PASSED] - Current window maximized

2022-11-30 21:46:19 - [TEST_STEP][PASSED] - waitForPageLoad(5): Wait for page load successfully

2022-11-30 21:46:20 - [MESSAGE][PASSED] - Wait for page load successfully

2022-11-30 21:46:20 - [TEST_STEP][PASSED] - for ([x = 1, x <= 4, (x++)]): Browser is scrolled to position x = 0, y = 100

2022-11-30 21:46:20 - [TEST_STEP][PASSED] - z = ["Carlos", "Erika", "Paco", "Rodrigo", "Juan"]: null

2022-11-30 21:46:20 - [TEST_STEP][PASSED] - rn = new java.util.Random(): null

2022-11-30 21:46:20 - [TEST_STEP][PASSED] - tx_nombre = z[rn.nextInt(size)]: null

2022-11-30 21:46:20 - [TEST_STEP][PASSED] - setText(findTestObject("Object Repository/Reto_for/Page_ToolsQA/input_Full Name_userName"), tx_nombre): Text 'Paco' is set on object 'Object Repository/Reto_for/Page_ToolsQA/input_Full Name_userName'

2022-11-30 21:46:27 - [MESSAGE][PASSED] - Text 'Paco' is set on object 'Object Repository/Reto_for/Page_ToolsQA/input_Full Name_userName'

2022-11-30 21:46:27 - [TEST_STEP][PASSED] - setText(findTestObject("Object Repository/Reto_for/Page_ToolsQA/input_Email_userEmail"), tx_nombre + "@gmail.com"): Text 'Paco@gmail.com' is set on object 'Object Repository/Reto_for/Page_ToolsQA/input_Email_userEmail'

2022-11-30 21:46:36 - [MESSAGE][PASSED] - Text 'Paco@gmail.com' is set on object 'Object Repository/Reto_for/Page_ToolsQA/input_Email_userEmail'

2022-11-30 21:46:36 - [TEST_STEP][PASSED] - setText(findTestObject("Object Repository/Reto_for/Page_ToolsQA/textarea_Current Address_currentAddress"), "Dirección#" + x): Text 'Dirección#1' is set on object 'Object Repository/Reto_for/Page_ToolsQA/textarea_Current Address_currentAddress'

2022-11-30 21:46:42 - [MESSAGE][PASSED] - Text 'Dirección#1' is set on object 'Object Repository/Reto_for/Page_ToolsQA/textarea_Current Address_currentAddress'

2022-11-30 21:46:42 - [TEST_STEP][PASSED] - setText(findTestObject("Object Repository/Reto_for/Page_ToolsQA/textarea_Permanent Address_permanentAddress"), "Dirección dos#" + x): Text 'Dirección dos#1' is set on object 'Object Repository/Reto_for/Page_ToolsQA/textarea_Permanent Address_permanentAddress'

2022-11-30 21:46:49 - [MESSAGE][PASSED] - Text 'Dirección dos#1' is set on object 'Object Repository/Reto_for/Page_ToolsQA/textarea_Permanent Address_permanentAddress'

2022-11-30 21:46:49 - [TEST_STEP][PASSED] - scrollToPosition(0, 500): Browser is scrolled to position x = 0, y = 500

2022-11-30 21:46:49 - [MESSAGE][PASSED] - Browser is scrolled to position x = 0, y = 500

2022-11-30 21:46:49 - [TEST_STEP][PASSED] - click(findTestObject("Object Repository/Reto_for/Page_ToolsQA/button_Submit")): Object: 'Object Repository/Reto_for/Page_ToolsQA/button_Submit' is clicked on

2022-11-30 21:46:53 - [MESSAGE][PASSED] - Object: 'Object Repository/Reto_for/Page_ToolsQA/button_Submit' is clicked on

2022-11-30 21:46:53 - [TEST_STEP][PASSED] - scrollToPosition(0, 100): Browser is scrolled to position x = 0, y = 100

2022-11-30 21:46:53 - [MESSAGE][PASSED] - Browser is scrolled to position x = 0, y = 100

2022-11-30 21:46:53 - [TEST_STEP][PASSED] - z = ["Carlos", "Erika", "Paco", "Rodrigo", "Juan"]: null

2022-11-30 21:46:53 - [TEST_STEP][PASSED] - rn = new java.util.Random(): null

2022-11-30 21:46:53 - [TEST_STEP][PASSED] - tx_nombre = z[rn.nextInt(size)]: null

2022-11-30 21:46:53 - [TEST_STEP][PASSED] - setText(findTestObject("Object Repository/Reto_for/Page_ToolsQA/input_Full Name_userName"), tx_nombre): Text 'Juan' is set on object 'Object Repository/Reto_for/Page_ToolsQA/input_Full Name_userName'

2022-11-30 21:47:00 - [MESSAGE][PASSED] - Text 'Juan' is set on object 'Object Repository/Reto_for/Page_ToolsQA/input_Full Name_userName'

2022-11-30 21:47:00 - [TEST_STEP][PASSED] - setText(findTestObject("Object Repository/Reto_for/Page_ToolsQA/input_Email_userEmail"), tx_nombre + "@gmail.com"): Text 'Juan@gmail.com' is set on object 'Object Repository/Reto_for/Page_ToolsQA/input_Email_userEmail'

2022-11-30 21:47:06 - [MESSAGE][PASSED] - Text 'Juan@gmail.com' is set on object 'Object Repository/Reto_for/Page_ToolsQA/input_Email_userEmail'

2022-11-30 21:47:06 - [TEST_STEP][PASSED] - setText(findTestObject("Object Repository/Reto_for/Page_ToolsQA/textarea_Current Address_currentAddress"), "Dirección#" + x): Text 'Dirección#2' is set on object 'Object Repository/Reto_for/Page_ToolsQA/textarea_Current Address_currentAddress'

2022-11-30 21:47:13 - [MESSAGE][PASSED] - Text 'Dirección#2' is set on object 'Object Repository/Reto_for/Page_ToolsQA/textarea_Current Address_currentAddress'

2022-11-30 21:47:13 - [TEST_STEP][PASSED] - setText(findTestObject("Object Repository/Reto_for/Page_ToolsQA/textarea_Permanent Address_permanentAddress"), "Dirección dos#" + x): Text 'Dirección dos#2' is set on object 'Object Repository/Reto_for/Page_ToolsQA/textarea_Permanent Address_permanentAddress'

2022-11-30 21:47:21 - [MESSAGE][PASSED] - Text 'Dirección dos#2' is set on object 'Object Repository/Reto_for/Page_ToolsQA/textarea_Permanent Address_permanentAddress'

2022-11-30 21:47:21 - [TEST_STEP][PASSED] - scrollToPosition(0, 500): Browser is scrolled to position x = 0, y = 500

2022-11-30 21:47:22 - [MESSAGE][PASSED] - Browser is scrolled to position x = 0, y = 500

2022-11-30 21:47:22 - [TEST_STEP][PASSED] - click(findTestObject("Object Repository/Reto_for/Page_ToolsQA/button_Submit")): Object: 'Object Repository/Reto_for/Page_ToolsQA/button_Submit' is clicked on

2022-11-30 21:47:25 - [MESSAGE][PASSED] - Object: 'Object Repository/Reto_for/Page_ToolsQA/button_Submit' is clicked on

2022-11-30 21:47:25 - [TEST_STEP][PASSED] - scrollToPosition(0, 100): Browser is scrolled to position x = 0, y = 100

2022-11-30 21:47:25 - [MESSAGE][PASSED] - Browser is scrolled to position x = 0, y = 100

2022-11-30 21:47:25 - [TEST_STEP][PASSED] - z = ["Carlos", "Erika", "Paco", "Rodrigo", "Juan"]: null

2022-11-30 21:47:25 - [TEST_STEP][PASSED] - rn = new java.util.Random(): null

2022-11-30 21:47:25 - [TEST_STEP][PASSED] - tx_nombre = z[rn.nextInt(size)]: null

2022-11-30 21:47:25 - [TEST_STEP][PASSED] - setText(findTestObject("Object Repository/Reto_for/Page_ToolsQA/input_Full Name_userName"), tx_nombre): Text 'Juan' is set on object 'Object Repository/Reto_for/Page_ToolsQA/input_Full Name_userName'

2022-11-30 21:47:33 - [MESSAGE][PASSED] - Text 'Juan' is set on object 'Object Repository/Reto_for/Page_ToolsQA/input_Full Name_userName'

2022-11-30 21:47:33 - [TEST_STEP][PASSED] - setText(findTestObject("Object Repository/Reto_for/Page_ToolsQA/input_Email_userEmail"), tx_nombre + "@gmail.com"): Text 'Juan@gmail.com' is set on object 'Object Repository/Reto_for/Page_ToolsQA/input_Email_userEmail'

2022-11-30 21:47:40 - [MESSAGE][PASSED] - Text 'Juan@gmail.com' is set on object 'Object Repository/Reto_for/Page_ToolsQA/input_Email_userEmail'

2022-11-30 21:47:40 - [TEST_STEP][PASSED] - setText(findTestObject("Object Repository/Reto_for/Page_ToolsQA/textarea_Current Address_currentAddress"), "Dirección#" + x): Text 'Dirección#3' is set on object 'Object Repository/Reto_for/Page_ToolsQA/textarea_Current Address_currentAddress'

2022-11-30 21:47:47 - [MESSAGE][PASSED] - Text 'Dirección#3' is set on object 'Object Repository/Reto_for/Page_ToolsQA/textarea_Current Address_currentAddress'

2022-11-30 21:47:47 - [TEST_STEP][PASSED] - setText(findTestObject("Object Repository/Reto_for/Page_ToolsQA/textarea_Permanent Address_permanentAddress"), "Dirección dos#" + x): Text 'Dirección dos#3' is set on object 'Object Repository/Reto_for/Page_ToolsQA/textarea_Permanent Address_permanentAddress'

2022-11-30 21:47:54 - [MESSAGE][PASSED] - Text 'Dirección dos#3' is set on object 'Object Repository/Reto_for/Page_ToolsQA/textarea_Permanent Address_permanentAddress'

2022-11-30 21:47:54 - [TEST_STEP][PASSED] - scrollToPosition(0, 500): Browser is scrolled to position x = 0, y = 500

2022-11-30 21:47:55 - [MESSAGE][PASSED] - Browser is scrolled to position x = 0, y = 500

2022-11-30 21:47:55 - [TEST_STEP][PASSED] - click(findTestObject("Object Repository/Reto_for/Page_ToolsQA/button_Submit")): Object: 'Object Repository/Reto_for/Page_ToolsQA/button_Submit' is clicked on

2022-11-30 21:47:57 - [MESSAGE][PASSED] - Object: 'Object Repository/Reto_for/Page_ToolsQA/button_Submit' is clicked on

2022-11-30 21:47:57 - [TEST_STEP][PASSED] - scrollToPosition(0, 100): Browser is scrolled to position x = 0, y = 100

2022-11-30 21:47:58 - [MESSAGE][PASSED] - Browser is scrolled to position x = 0, y = 100

2022-11-30 21:47:58 - [TEST_STEP][PASSED] - z = ["Carlos", "Erika", "Paco", "Rodrigo", "Juan"]: null

2022-11-30 21:47:58 - [TEST_STEP][PASSED] - rn = new java.util.Random(): null

2022-11-30 21:47:58 - [TEST_STEP][PASSED] - tx_nombre = z[rn.nextInt(size)]: null

2022-11-30 21:47:58 - [TEST_STEP][PASSED] - setText(findTestObject("Object Repository/Reto_for/Page_ToolsQA/input_Full Name_userName"), tx_nombre): Text 'Erika' is set on object 'Object Repository/Reto_for/Page_ToolsQA/input_Full Name_userName'

2022-11-30 21:48:05 - [MESSAGE][PASSED] - Text 'Erika' is set on object 'Object Repository/Reto_for/Page_ToolsQA/input_Full Name_userName'

2022-11-30 21:48:05 - [TEST_STEP][PASSED] - setText(findTestObject("Object Repository/Reto_for/Page_ToolsQA/input_Email_userEmail"), tx_nombre + "@gmail.com"): Text 'Erika@gmail.com' is set on object 'Object Repository/Reto_for/Page_ToolsQA/input_Email_userEmail'

2022-11-30 21:48:10 - [MESSAGE][PASSED] - Text 'Erika@gmail.com' is set on object 'Object Repository/Reto_for/Page_ToolsQA/input_Email_userEmail'

2022-11-30 21:48:10 - [TEST_STEP][PASSED] - setText(findTestObject("Object Repository/Reto_for/Page_ToolsQA/textarea_Current Address_currentAddress"), "Dirección#" + x): Text 'Dirección#4' is set on object 'Object Repository/Reto_for/Page_ToolsQA/textarea_Current Address_currentAddress'

2022-11-30 21:48:15 - [MESSAGE][PASSED] - Text 'Dirección#4' is set on object 'Object Repository/Reto_for/Page_ToolsQA/textarea_Current Address_currentAddress'

2022-11-30 21:48:15 - [TEST_STEP][PASSED] - setText(findTestObject("Object Repository/Reto_for/Page_ToolsQA/textarea_Permanent Address_permanentAddress"), "Dirección dos#" + x): Text 'Dirección dos#4' is set on object 'Object Repository/Reto_for/Page_ToolsQA/textarea_Permanent Address_permanentAddress'

2022-11-30 21:48:20 - [MESSAGE][PASSED] - Text 'Dirección dos#4' is set on object 'Object Repository/Reto_for/Page_ToolsQA/textarea_Permanent Address_permanentAddress'

2022-11-30 21:48:20 - [TEST_STEP][PASSED] - scrollToPosition(0, 500): Browser is scrolled to position x = 0, y = 500

2022-11-30 21:48:21 - [MESSAGE][PASSED] - Browser is scrolled to position x = 0, y = 500

2022-11-30 21:48:21 - [TEST_STEP][PASSED] - click(findTestObject("Object Repository/Reto_for/Page_ToolsQA/button_Submit")): Object: 'Object Repository/Reto_for/Page_ToolsQA/button_Submit' is clicked on

2022-11-30 21:48:24 - [MESSAGE][PASSED] - Object: 'Object Repository/Reto_for/Page_ToolsQA/button_Submit' is clicked on

2022-11-30 21:48:24 - [TEST_STEP][PASSED] - scrollToPosition(0, 100): Browser is scrolled to position x = 0, y = 100

2022-11-30 21:48:25 - [MESSAGE][PASSED] - Browser is scrolled to position x = 0, y = 100

2022-11-30 21:48:25 - [TEST_STEP][PASSED] - closeBrowser(): Browser is closed

2022-11-30 21:48:27 - [MESSAGE][PASSED] - Browser is closed]]></system-out>
         <system-err><![CDATA[]]></system-err>
      </testcase>
      <testcase name="Test Cases/BUCLES/Reto_while" time="369.428" classname="Test Cases/BUCLES/Reto_while" status="PASSED">
         <system-out><![CDATA[2022-11-30 21:48:27 - [TEST_CASE][PASSED] - Test Cases/BUCLES/Reto_while: Test Cases/BUCLES/Reto_while

2022-11-30 21:48:28 - [TEST_STEP][PASSED] - openBrowser(""): Browser is opened with url: ''

2022-11-30 21:48:28 - [MESSAGE][INFO] - User set preference: ['os', 'windows']

2022-11-30 21:48:28 - [MESSAGE][INFO] - User set preference: ['browserName', 'chrome']

2022-11-30 21:48:28 - [MESSAGE][INFO] - User set preference: ['browserVersion', '103']

2022-11-30 21:48:28 - [MESSAGE][INFO] - User set preference: ['katalon:option', '{organizationId=987205, tunnelId=, usingTunnel=false}']

2022-11-30 21:48:28 - [MESSAGE][INFO] - Connecting to remote web server 'testcloud.katalon.com/hub' with type 'Selenium'

2022-11-30 21:48:28 - [MESSAGE][INFO] - Action delay is set to 0 milliseconds

2022-11-30 21:51:00 - [MESSAGE][PASSED] - Browser is opened with url: ''

2022-11-30 21:51:00 - [TEST_STEP][PASSED] - navigateToUrl("https://www.google.com/"): Navigate to 'https://www.google.com/' successfully

2022-11-30 21:51:03 - [MESSAGE][PASSED] - Navigate to 'https://www.google.com/' successfully

2022-11-30 21:51:03 - [TEST_STEP][PASSED] - Bandera = 0: null

2022-11-30 21:51:03 - [TEST_STEP][PASSED] - while (Bandera != 1): null

2022-11-30 21:51:03 - [TEST_STEP][PASSED] - num = Math.random() * 5 - 1 + 1: null

2022-11-30 21:51:03 - [TEST_STEP][PASSED] - setText(findTestObject("Object Repository/While_google/Page_Google/input__q"), "5+" + num): Text '5+2' is set on object 'Object Repository/While_google/Page_Google/input__q'

2022-11-30 21:51:10 - [MESSAGE][PASSED] - Text '5+2' is set on object 'Object Repository/While_google/Page_Google/input__q'

2022-11-30 21:51:10 - [TEST_STEP][PASSED] - sendKeys(findTestObject("Object Repository/While_google/Page_Google/input__q"), Keys.chord(ENTER)): Keys 'ENTER + ' sent to object: 'Object Repository/While_google/Page_Google/input__q'

2022-11-30 21:51:16 - [MESSAGE][PASSED] - Keys 'ENTER + ' sent to object: 'Object Repository/While_google/Page_Google/input__q'

2022-11-30 21:51:16 - [TEST_STEP][PASSED] - Resultado = getText(findTestObject("While_google/Extras/Resultado_10")): Text of object 'Object Repository/While_google/Extras/Resultado_10' is: '7'

2022-11-30 21:51:20 - [MESSAGE][PASSED] - Text of object 'Object Repository/While_google/Extras/Resultado_10' is: '7'

2022-11-30 21:51:20 - [TEST_STEP][PASSED] - if (Resultado == "8"): null

2022-11-30 21:51:20 - [TEST_STEP][PASSED] - else: null

2022-11-30 21:51:20 - [TEST_STEP][PASSED] - Bandera = 0: null

2022-11-30 21:51:20 - [TEST_STEP][PASSED] - print(Bandera + "------"): null

2022-11-30 21:51:20 - [TEST_STEP][PASSED] - num = Math.random() * 5 - 1 + 1: null

2022-11-30 21:51:20 - [TEST_STEP][PASSED] - setText(findTestObject("Object Repository/While_google/Page_Google/input__q"), "5+" + num): Text '5+1' is set on object 'Object Repository/While_google/Page_Google/input__q'

2022-11-30 21:51:26 - [MESSAGE][PASSED] - Text '5+1' is set on object 'Object Repository/While_google/Page_Google/input__q'

2022-11-30 21:51:26 - [TEST_STEP][PASSED] - sendKeys(findTestObject("Object Repository/While_google/Page_Google/input__q"), Keys.chord(ENTER)): Keys 'ENTER + ' sent to object: 'Object Repository/While_google/Page_Google/input__q'

2022-11-30 21:51:31 - [MESSAGE][PASSED] - Keys 'ENTER + ' sent to object: 'Object Repository/While_google/Page_Google/input__q'

2022-11-30 21:51:31 - [TEST_STEP][PASSED] - Resultado = getText(findTestObject("While_google/Extras/Resultado_10")): Text of object 'Object Repository/While_google/Extras/Resultado_10' is: '6'

2022-11-30 21:51:34 - [MESSAGE][PASSED] - Text of object 'Object Repository/While_google/Extras/Resultado_10' is: '6'

2022-11-30 21:51:34 - [TEST_STEP][PASSED] - if (Resultado == "8"): null

2022-11-30 21:51:34 - [TEST_STEP][PASSED] - else: null

2022-11-30 21:51:34 - [TEST_STEP][PASSED] - Bandera = 0: null

2022-11-30 21:51:34 - [TEST_STEP][PASSED] - print(Bandera + "------"): null

2022-11-30 21:51:34 - [TEST_STEP][PASSED] - num = Math.random() * 5 - 1 + 1: null

2022-11-30 21:51:34 - [TEST_STEP][PASSED] - setText(findTestObject("Object Repository/While_google/Page_Google/input__q"), "5+" + num): Text '5+2' is set on object 'Object Repository/While_google/Page_Google/input__q'

2022-11-30 21:51:39 - [MESSAGE][PASSED] - Text '5+2' is set on object 'Object Repository/While_google/Page_Google/input__q'

2022-11-30 21:51:39 - [TEST_STEP][PASSED] - sendKeys(findTestObject("Object Repository/While_google/Page_Google/input__q"), Keys.chord(ENTER)): Keys 'ENTER + ' sent to object: 'Object Repository/While_google/Page_Google/input__q'

2022-11-30 21:51:43 - [MESSAGE][PASSED] - Keys 'ENTER + ' sent to object: 'Object Repository/While_google/Page_Google/input__q'

2022-11-30 21:51:43 - [TEST_STEP][PASSED] - Resultado = getText(findTestObject("While_google/Extras/Resultado_10")): Text of object 'Object Repository/While_google/Extras/Resultado_10' is: '7'

2022-11-30 21:51:48 - [MESSAGE][PASSED] - Text of object 'Object Repository/While_google/Extras/Resultado_10' is: '7'

2022-11-30 21:51:48 - [TEST_STEP][PASSED] - if (Resultado == "8"): null

2022-11-30 21:51:48 - [TEST_STEP][PASSED] - else: null

2022-11-30 21:51:48 - [TEST_STEP][PASSED] - Bandera = 0: null

2022-11-30 21:51:48 - [TEST_STEP][PASSED] - print(Bandera + "------"): null

2022-11-30 21:51:48 - [TEST_STEP][PASSED] - num = Math.random() * 5 - 1 + 1: null

2022-11-30 21:51:48 - [TEST_STEP][PASSED] - setText(findTestObject("Object Repository/While_google/Page_Google/input__q"), "5+" + num): Text '5+1' is set on object 'Object Repository/While_google/Page_Google/input__q'

2022-11-30 21:51:54 - [MESSAGE][PASSED] - Text '5+1' is set on object 'Object Repository/While_google/Page_Google/input__q'

2022-11-30 21:51:54 - [TEST_STEP][PASSED] - sendKeys(findTestObject("Object Repository/While_google/Page_Google/input__q"), Keys.chord(ENTER)): Keys 'ENTER + ' sent to object: 'Object Repository/While_google/Page_Google/input__q'

2022-11-30 21:51:59 - [MESSAGE][PASSED] - Keys 'ENTER + ' sent to object: 'Object Repository/While_google/Page_Google/input__q'

2022-11-30 21:51:59 - [TEST_STEP][PASSED] - Resultado = getText(findTestObject("While_google/Extras/Resultado_10")): Text of object 'Object Repository/While_google/Extras/Resultado_10' is: '6'

2022-11-30 21:52:02 - [MESSAGE][PASSED] - Text of object 'Object Repository/While_google/Extras/Resultado_10' is: '6'

2022-11-30 21:52:02 - [TEST_STEP][PASSED] - if (Resultado == "8"): null

2022-11-30 21:52:02 - [TEST_STEP][PASSED] - else: null

2022-11-30 21:52:02 - [TEST_STEP][PASSED] - Bandera = 0: null

2022-11-30 21:52:02 - [TEST_STEP][PASSED] - print(Bandera + "------"): null

2022-11-30 21:52:02 - [TEST_STEP][PASSED] - num = Math.random() * 5 - 1 + 1: null

2022-11-30 21:52:02 - [TEST_STEP][PASSED] - setText(findTestObject("Object Repository/While_google/Page_Google/input__q"), "5+" + num): Text '5+4' is set on object 'Object Repository/While_google/Page_Google/input__q'

2022-11-30 21:52:07 - [MESSAGE][PASSED] - Text '5+4' is set on object 'Object Repository/While_google/Page_Google/input__q'

2022-11-30 21:52:07 - [TEST_STEP][PASSED] - sendKeys(findTestObject("Object Repository/While_google/Page_Google/input__q"), Keys.chord(ENTER)): Keys 'ENTER + ' sent to object: 'Object Repository/While_google/Page_Google/input__q'

2022-11-30 21:52:14 - [MESSAGE][PASSED] - Keys 'ENTER + ' sent to object: 'Object Repository/While_google/Page_Google/input__q'

2022-11-30 21:52:14 - [TEST_STEP][PASSED] - Resultado = getText(findTestObject("While_google/Extras/Resultado_10")): Text of object 'Object Repository/While_google/Extras/Resultado_10' is: '9'

2022-11-30 21:52:21 - [MESSAGE][PASSED] - Text of object 'Object Repository/While_google/Extras/Resultado_10' is: '9'

2022-11-30 21:52:21 - [TEST_STEP][PASSED] - if (Resultado == "8"): null

2022-11-30 21:52:21 - [TEST_STEP][PASSED] - else: null

2022-11-30 21:52:21 - [TEST_STEP][PASSED] - Bandera = 0: null

2022-11-30 21:52:21 - [TEST_STEP][PASSED] - print(Bandera + "------"): null

2022-11-30 21:52:21 - [TEST_STEP][PASSED] - num = Math.random() * 5 - 1 + 1: null

2022-11-30 21:52:21 - [TEST_STEP][PASSED] - setText(findTestObject("Object Repository/While_google/Page_Google/input__q"), "5+" + num): Text '5+4' is set on object 'Object Repository/While_google/Page_Google/input__q'

2022-11-30 21:52:32 - [MESSAGE][PASSED] - Text '5+4' is set on object 'Object Repository/While_google/Page_Google/input__q'

2022-11-30 21:52:32 - [TEST_STEP][PASSED] - sendKeys(findTestObject("Object Repository/While_google/Page_Google/input__q"), Keys.chord(ENTER)): Keys 'ENTER + ' sent to object: 'Object Repository/While_google/Page_Google/input__q'

2022-11-30 21:52:35 - [MESSAGE][PASSED] - Keys 'ENTER + ' sent to object: 'Object Repository/While_google/Page_Google/input__q'

2022-11-30 21:52:35 - [TEST_STEP][PASSED] - Resultado = getText(findTestObject("While_google/Extras/Resultado_10")): Text of object 'Object Repository/While_google/Extras/Resultado_10' is: '9'

2022-11-30 21:52:38 - [MESSAGE][PASSED] - Text of object 'Object Repository/While_google/Extras/Resultado_10' is: '9'

2022-11-30 21:52:38 - [TEST_STEP][PASSED] - if (Resultado == "8"): null

2022-11-30 21:52:38 - [TEST_STEP][PASSED] - else: null

2022-11-30 21:52:38 - [TEST_STEP][PASSED] - Bandera = 0: null

2022-11-30 21:52:38 - [TEST_STEP][PASSED] - print(Bandera + "------"): null

2022-11-30 21:52:38 - [TEST_STEP][PASSED] - num = Math.random() * 5 - 1 + 1: null

2022-11-30 21:52:38 - [TEST_STEP][PASSED] - setText(findTestObject("Object Repository/While_google/Page_Google/input__q"), "5+" + num): Text '5+4' is set on object 'Object Repository/While_google/Page_Google/input__q'

2022-11-30 21:52:44 - [MESSAGE][PASSED] - Text '5+4' is set on object 'Object Repository/While_google/Page_Google/input__q'

2022-11-30 21:52:44 - [TEST_STEP][PASSED] - sendKeys(findTestObject("Object Repository/While_google/Page_Google/input__q"), Keys.chord(ENTER)): Keys 'ENTER + ' sent to object: 'Object Repository/While_google/Page_Google/input__q'

2022-11-30 21:52:47 - [MESSAGE][PASSED] - Keys 'ENTER + ' sent to object: 'Object Repository/While_google/Page_Google/input__q'

2022-11-30 21:52:47 - [TEST_STEP][PASSED] - Resultado = getText(findTestObject("While_google/Extras/Resultado_10")): Text of object 'Object Repository/While_google/Extras/Resultado_10' is: '9'

2022-11-30 21:52:49 - [MESSAGE][PASSED] - Text of object 'Object Repository/While_google/Extras/Resultado_10' is: '9'

2022-11-30 21:52:49 - [TEST_STEP][PASSED] - if (Resultado == "8"): null

2022-11-30 21:52:49 - [TEST_STEP][PASSED] - else: null

2022-11-30 21:52:49 - [TEST_STEP][PASSED] - Bandera = 0: null

2022-11-30 21:52:49 - [TEST_STEP][PASSED] - print(Bandera + "------"): null

2022-11-30 21:52:49 - [TEST_STEP][PASSED] - num = Math.random() * 5 - 1 + 1: null

2022-11-30 21:52:49 - [TEST_STEP][PASSED] - setText(findTestObject("Object Repository/While_google/Page_Google/input__q"), "5+" + num): Text '5+1' is set on object 'Object Repository/While_google/Page_Google/input__q'

2022-11-30 21:52:55 - [MESSAGE][PASSED] - Text '5+1' is set on object 'Object Repository/While_google/Page_Google/input__q'

2022-11-30 21:52:55 - [TEST_STEP][PASSED] - sendKeys(findTestObject("Object Repository/While_google/Page_Google/input__q"), Keys.chord(ENTER)): Keys 'ENTER + ' sent to object: 'Object Repository/While_google/Page_Google/input__q'

2022-11-30 21:52:59 - [MESSAGE][PASSED] - Keys 'ENTER + ' sent to object: 'Object Repository/While_google/Page_Google/input__q'

2022-11-30 21:52:59 - [TEST_STEP][PASSED] - Resultado = getText(findTestObject("While_google/Extras/Resultado_10")): Text of object 'Object Repository/While_google/Extras/Resultado_10' is: '6'

2022-11-30 21:53:02 - [MESSAGE][PASSED] - Text of object 'Object Repository/While_google/Extras/Resultado_10' is: '6'

2022-11-30 21:53:02 - [TEST_STEP][PASSED] - if (Resultado == "8"): null

2022-11-30 21:53:02 - [TEST_STEP][PASSED] - else: null

2022-11-30 21:53:02 - [TEST_STEP][PASSED] - Bandera = 0: null

2022-11-30 21:53:02 - [TEST_STEP][PASSED] - print(Bandera + "------"): null

2022-11-30 21:53:02 - [TEST_STEP][PASSED] - num = Math.random() * 5 - 1 + 1: null

2022-11-30 21:53:02 - [TEST_STEP][PASSED] - setText(findTestObject("Object Repository/While_google/Page_Google/input__q"), "5+" + num): Text '5+2' is set on object 'Object Repository/While_google/Page_Google/input__q'

2022-11-30 21:53:08 - [MESSAGE][PASSED] - Text '5+2' is set on object 'Object Repository/While_google/Page_Google/input__q'

2022-11-30 21:53:08 - [TEST_STEP][PASSED] - sendKeys(findTestObject("Object Repository/While_google/Page_Google/input__q"), Keys.chord(ENTER)): Keys 'ENTER + ' sent to object: 'Object Repository/While_google/Page_Google/input__q'

2022-11-30 21:53:11 - [MESSAGE][PASSED] - Keys 'ENTER + ' sent to object: 'Object Repository/While_google/Page_Google/input__q'

2022-11-30 21:53:11 - [TEST_STEP][PASSED] - Resultado = getText(findTestObject("While_google/Extras/Resultado_10")): Text of object 'Object Repository/While_google/Extras/Resultado_10' is: '7'

2022-11-30 21:53:13 - [MESSAGE][PASSED] - Text of object 'Object Repository/While_google/Extras/Resultado_10' is: '7'

2022-11-30 21:53:13 - [TEST_STEP][PASSED] - if (Resultado == "8"): null

2022-11-30 21:53:13 - [TEST_STEP][PASSED] - else: null

2022-11-30 21:53:13 - [TEST_STEP][PASSED] - Bandera = 0: null

2022-11-30 21:53:13 - [TEST_STEP][PASSED] - print(Bandera + "------"): null

2022-11-30 21:53:13 - [TEST_STEP][PASSED] - num = Math.random() * 5 - 1 + 1: null

2022-11-30 21:53:13 - [TEST_STEP][PASSED] - setText(findTestObject("Object Repository/While_google/Page_Google/input__q"), "5+" + num): Text '5+4' is set on object 'Object Repository/While_google/Page_Google/input__q'

2022-11-30 21:53:18 - [MESSAGE][PASSED] - Text '5+4' is set on object 'Object Repository/While_google/Page_Google/input__q'

2022-11-30 21:53:18 - [TEST_STEP][PASSED] - sendKeys(findTestObject("Object Repository/While_google/Page_Google/input__q"), Keys.chord(ENTER)): Keys 'ENTER + ' sent to object: 'Object Repository/While_google/Page_Google/input__q'

2022-11-30 21:53:21 - [MESSAGE][PASSED] - Keys 'ENTER + ' sent to object: 'Object Repository/While_google/Page_Google/input__q'

2022-11-30 21:53:21 - [TEST_STEP][PASSED] - Resultado = getText(findTestObject("While_google/Extras/Resultado_10")): Text of object 'Object Repository/While_google/Extras/Resultado_10' is: '9'

2022-11-30 21:53:24 - [MESSAGE][PASSED] - Text of object 'Object Repository/While_google/Extras/Resultado_10' is: '9'

2022-11-30 21:53:24 - [TEST_STEP][PASSED] - if (Resultado == "8"): null

2022-11-30 21:53:24 - [TEST_STEP][PASSED] - else: null

2022-11-30 21:53:24 - [TEST_STEP][PASSED] - Bandera = 0: null

2022-11-30 21:53:24 - [TEST_STEP][PASSED] - print(Bandera + "------"): null

2022-11-30 21:53:24 - [TEST_STEP][PASSED] - num = Math.random() * 5 - 1 + 1: null

2022-11-30 21:53:24 - [TEST_STEP][PASSED] - setText(findTestObject("Object Repository/While_google/Page_Google/input__q"), "5+" + num): Text '5+4' is set on object 'Object Repository/While_google/Page_Google/input__q'

2022-11-30 21:53:29 - [MESSAGE][PASSED] - Text '5+4' is set on object 'Object Repository/While_google/Page_Google/input__q'

2022-11-30 21:53:29 - [TEST_STEP][PASSED] - sendKeys(findTestObject("Object Repository/While_google/Page_Google/input__q"), Keys.chord(ENTER)): Keys 'ENTER + ' sent to object: 'Object Repository/While_google/Page_Google/input__q'

2022-11-30 21:53:33 - [MESSAGE][PASSED] - Keys 'ENTER + ' sent to object: 'Object Repository/While_google/Page_Google/input__q'

2022-11-30 21:53:33 - [TEST_STEP][PASSED] - Resultado = getText(findTestObject("While_google/Extras/Resultado_10")): Text of object 'Object Repository/While_google/Extras/Resultado_10' is: '9'

2022-11-30 21:53:36 - [MESSAGE][PASSED] - Text of object 'Object Repository/While_google/Extras/Resultado_10' is: '9'

2022-11-30 21:53:36 - [TEST_STEP][PASSED] - if (Resultado == "8"): null

2022-11-30 21:53:36 - [TEST_STEP][PASSED] - else: null

2022-11-30 21:53:36 - [TEST_STEP][PASSED] - Bandera = 0: null

2022-11-30 21:53:36 - [TEST_STEP][PASSED] - print(Bandera + "------"): null

2022-11-30 21:53:36 - [TEST_STEP][PASSED] - num = Math.random() * 5 - 1 + 1: null

2022-11-30 21:53:36 - [TEST_STEP][PASSED] - setText(findTestObject("Object Repository/While_google/Page_Google/input__q"), "5+" + num): Text '5+2' is set on object 'Object Repository/While_google/Page_Google/input__q'

2022-11-30 21:53:41 - [MESSAGE][PASSED] - Text '5+2' is set on object 'Object Repository/While_google/Page_Google/input__q'

2022-11-30 21:53:41 - [TEST_STEP][PASSED] - sendKeys(findTestObject("Object Repository/While_google/Page_Google/input__q"), Keys.chord(ENTER)): Keys 'ENTER + ' sent to object: 'Object Repository/While_google/Page_Google/input__q'

2022-11-30 21:53:43 - [MESSAGE][PASSED] - Keys 'ENTER + ' sent to object: 'Object Repository/While_google/Page_Google/input__q'

2022-11-30 21:53:43 - [TEST_STEP][PASSED] - Resultado = getText(findTestObject("While_google/Extras/Resultado_10")): Text of object 'Object Repository/While_google/Extras/Resultado_10' is: '7'

2022-11-30 21:53:46 - [MESSAGE][PASSED] - Text of object 'Object Repository/While_google/Extras/Resultado_10' is: '7'

2022-11-30 21:53:46 - [TEST_STEP][PASSED] - if (Resultado == "8"): null

2022-11-30 21:53:46 - [TEST_STEP][PASSED] - else: null

2022-11-30 21:53:46 - [TEST_STEP][PASSED] - Bandera = 0: null

2022-11-30 21:53:46 - [TEST_STEP][PASSED] - print(Bandera + "------"): null

2022-11-30 21:53:46 - [TEST_STEP][PASSED] - num = Math.random() * 5 - 1 + 1: null

2022-11-30 21:53:46 - [TEST_STEP][PASSED] - setText(findTestObject("Object Repository/While_google/Page_Google/input__q"), "5+" + num): Text '5+1' is set on object 'Object Repository/While_google/Page_Google/input__q'

2022-11-30 21:53:51 - [MESSAGE][PASSED] - Text '5+1' is set on object 'Object Repository/While_google/Page_Google/input__q'

2022-11-30 21:53:51 - [TEST_STEP][PASSED] - sendKeys(findTestObject("Object Repository/While_google/Page_Google/input__q"), Keys.chord(ENTER)): Keys 'ENTER + ' sent to object: 'Object Repository/While_google/Page_Google/input__q'

2022-11-30 21:53:57 - [MESSAGE][PASSED] - Keys 'ENTER + ' sent to object: 'Object Repository/While_google/Page_Google/input__q'

2022-11-30 21:53:57 - [TEST_STEP][PASSED] - Resultado = getText(findTestObject("While_google/Extras/Resultado_10")): Text of object 'Object Repository/While_google/Extras/Resultado_10' is: '6'

2022-11-30 21:53:59 - [MESSAGE][PASSED] - Text of object 'Object Repository/While_google/Extras/Resultado_10' is: '6'

2022-11-30 21:53:59 - [TEST_STEP][PASSED] - if (Resultado == "8"): null

2022-11-30 21:53:59 - [TEST_STEP][PASSED] - else: null

2022-11-30 21:53:59 - [TEST_STEP][PASSED] - Bandera = 0: null

2022-11-30 21:53:59 - [TEST_STEP][PASSED] - print(Bandera + "------"): null

2022-11-30 21:53:59 - [TEST_STEP][PASSED] - num = Math.random() * 5 - 1 + 1: null

2022-11-30 21:53:59 - [TEST_STEP][PASSED] - setText(findTestObject("Object Repository/While_google/Page_Google/input__q"), "5+" + num): Text '5+2' is set on object 'Object Repository/While_google/Page_Google/input__q'

2022-11-30 21:54:05 - [MESSAGE][PASSED] - Text '5+2' is set on object 'Object Repository/While_google/Page_Google/input__q'

2022-11-30 21:54:05 - [TEST_STEP][PASSED] - sendKeys(findTestObject("Object Repository/While_google/Page_Google/input__q"), Keys.chord(ENTER)): Keys 'ENTER + ' sent to object: 'Object Repository/While_google/Page_Google/input__q'

2022-11-30 21:54:07 - [MESSAGE][PASSED] - Keys 'ENTER + ' sent to object: 'Object Repository/While_google/Page_Google/input__q'

2022-11-30 21:54:07 - [TEST_STEP][PASSED] - Resultado = getText(findTestObject("While_google/Extras/Resultado_10")): Text of object 'Object Repository/While_google/Extras/Resultado_10' is: '7'

2022-11-30 21:54:10 - [MESSAGE][PASSED] - Text of object 'Object Repository/While_google/Extras/Resultado_10' is: '7'

2022-11-30 21:54:10 - [TEST_STEP][PASSED] - if (Resultado == "8"): null

2022-11-30 21:54:10 - [TEST_STEP][PASSED] - else: null

2022-11-30 21:54:10 - [TEST_STEP][PASSED] - Bandera = 0: null

2022-11-30 21:54:10 - [TEST_STEP][PASSED] - print(Bandera + "------"): null

2022-11-30 21:54:10 - [TEST_STEP][PASSED] - num = Math.random() * 5 - 1 + 1: null

2022-11-30 21:54:10 - [TEST_STEP][PASSED] - setText(findTestObject("Object Repository/While_google/Page_Google/input__q"), "5+" + num): Text '5+2' is set on object 'Object Repository/While_google/Page_Google/input__q'

2022-11-30 21:54:16 - [MESSAGE][PASSED] - Text '5+2' is set on object 'Object Repository/While_google/Page_Google/input__q'

2022-11-30 21:54:16 - [TEST_STEP][PASSED] - sendKeys(findTestObject("Object Repository/While_google/Page_Google/input__q"), Keys.chord(ENTER)): Keys 'ENTER + ' sent to object: 'Object Repository/While_google/Page_Google/input__q'

2022-11-30 21:54:19 - [MESSAGE][PASSED] - Keys 'ENTER + ' sent to object: 'Object Repository/While_google/Page_Google/input__q'

2022-11-30 21:54:19 - [TEST_STEP][PASSED] - Resultado = getText(findTestObject("While_google/Extras/Resultado_10")): Text of object 'Object Repository/While_google/Extras/Resultado_10' is: '7'

2022-11-30 21:54:22 - [MESSAGE][PASSED] - Text of object 'Object Repository/While_google/Extras/Resultado_10' is: '7'

2022-11-30 21:54:22 - [TEST_STEP][PASSED] - if (Resultado == "8"): null

2022-11-30 21:54:22 - [TEST_STEP][PASSED] - else: null

2022-11-30 21:54:22 - [TEST_STEP][PASSED] - Bandera = 0: null

2022-11-30 21:54:22 - [TEST_STEP][PASSED] - print(Bandera + "------"): null

2022-11-30 21:54:22 - [TEST_STEP][PASSED] - num = Math.random() * 5 - 1 + 1: null

2022-11-30 21:54:22 - [TEST_STEP][PASSED] - setText(findTestObject("Object Repository/While_google/Page_Google/input__q"), "5+" + num): Text '5+3' is set on object 'Object Repository/While_google/Page_Google/input__q'

2022-11-30 21:54:28 - [MESSAGE][PASSED] - Text '5+3' is set on object 'Object Repository/While_google/Page_Google/input__q'

2022-11-30 21:54:28 - [TEST_STEP][PASSED] - sendKeys(findTestObject("Object Repository/While_google/Page_Google/input__q"), Keys.chord(ENTER)): Keys 'ENTER + ' sent to object: 'Object Repository/While_google/Page_Google/input__q'

2022-11-30 21:54:32 - [MESSAGE][PASSED] - Keys 'ENTER + ' sent to object: 'Object Repository/While_google/Page_Google/input__q'

2022-11-30 21:54:32 - [TEST_STEP][PASSED] - Resultado = getText(findTestObject("While_google/Extras/Resultado_10")): Text of object 'Object Repository/While_google/Extras/Resultado_10' is: '8'

2022-11-30 21:54:34 - [MESSAGE][PASSED] - Text of object 'Object Repository/While_google/Extras/Resultado_10' is: '8'

2022-11-30 21:54:34 - [TEST_STEP][PASSED] - if (Resultado == "8"): Browser is closed

2022-11-30 21:54:34 - [TEST_STEP][PASSED] - Bandera = 1: null

2022-11-30 21:54:34 - [TEST_STEP][PASSED] - print("Listo termina"): null

2022-11-30 21:54:34 - [TEST_STEP][PASSED] - closeBrowser(): Browser is closed

2022-11-30 21:54:37 - [MESSAGE][PASSED] - Browser is closed

2022-11-30 21:54:37 - [TEST_STEP][PASSED] - print(Bandera + "------"): null]]></system-out>
         <system-err><![CDATA[]]></system-err>
      </testcase>
      <testcase name="Test Cases/BUCLES/Reto_while_solucion" time="347.519" classname="Test Cases/BUCLES/Reto_while_solucion" status="PASSED">
         <system-out><![CDATA[2022-11-30 21:54:37 - [TEST_CASE][PASSED] - Test Cases/BUCLES/Reto_while_solucion: Test Cases/BUCLES/Reto_while_solucion

2022-11-30 21:54:37 - [TEST_STEP][PASSED] - openBrowser(""): Browser is opened with url: ''

2022-11-30 21:54:37 - [MESSAGE][INFO] - User set preference: ['os', 'windows']

2022-11-30 21:54:37 - [MESSAGE][INFO] - User set preference: ['browserName', 'chrome']

2022-11-30 21:54:37 - [MESSAGE][INFO] - User set preference: ['browserVersion', '103']

2022-11-30 21:54:37 - [MESSAGE][INFO] - User set preference: ['katalon:option', '{organizationId=987205, tunnelId=, usingTunnel=false}']

2022-11-30 21:54:37 - [MESSAGE][INFO] - Connecting to remote web server 'testcloud.katalon.com/hub' with type 'Selenium'

2022-11-30 21:54:37 - [MESSAGE][INFO] - Action delay is set to 0 milliseconds

2022-11-30 21:57:00 - [MESSAGE][PASSED] - Browser is opened with url: ''

2022-11-30 21:57:00 - [TEST_STEP][PASSED] - navigateToUrl("https://www.google.com/"): Navigate to 'https://www.google.com/' successfully

2022-11-30 21:57:02 - [MESSAGE][PASSED] - Navigate to 'https://www.google.com/' successfully

2022-11-30 21:57:02 - [TEST_STEP][PASSED] - Res = 0: null

2022-11-30 21:57:02 - [TEST_STEP][PASSED] - while (Res != 8): Browser is closed

2022-11-30 21:57:02 - [TEST_STEP][PASSED] - num = Math.random() * 5 - 1 + 1: null

2022-11-30 21:57:02 - [TEST_STEP][PASSED] - setText(findTestObject("Object Repository/Reto_while1/Page_Google/input__q"), "5+" + num): Text '5+2' is set on object 'Object Repository/Reto_while1/Page_Google/input__q'

2022-11-30 21:57:09 - [MESSAGE][PASSED] - Text '5+2' is set on object 'Object Repository/Reto_while1/Page_Google/input__q'

2022-11-30 21:57:09 - [TEST_STEP][PASSED] - sendKeys(findTestObject("Object Repository/Reto_while1/Page_Google/input__q"), Keys.chord(ENTER)): Keys 'ENTER + ' sent to object: 'Object Repository/Reto_while1/Page_Google/input__q'

2022-11-30 21:57:13 - [MESSAGE][PASSED] - Keys 'ENTER + ' sent to object: 'Object Repository/Reto_while1/Page_Google/input__q'

2022-11-30 21:57:13 - [TEST_STEP][PASSED] - Res = getText(findTestObject("Reto_while1/Resultado_8")).toInteger(): Text of object 'Object Repository/Reto_while1/Resultado_8' is: '7'

2022-11-30 21:57:15 - [MESSAGE][PASSED] - Text of object 'Object Repository/Reto_while1/Resultado_8' is: '7'

2022-11-30 21:57:15 - [TEST_STEP][PASSED] - if (Res == 8): null

2022-11-30 21:57:15 - [TEST_STEP][PASSED] - num = Math.random() * 5 - 1 + 1: null

2022-11-30 21:57:15 - [TEST_STEP][PASSED] - setText(findTestObject("Object Repository/Reto_while1/Page_Google/input__q"), "5+" + num): Text '5+4' is set on object 'Object Repository/Reto_while1/Page_Google/input__q'

2022-11-30 21:57:25 - [MESSAGE][PASSED] - Text '5+4' is set on object 'Object Repository/Reto_while1/Page_Google/input__q'

2022-11-30 21:57:25 - [TEST_STEP][PASSED] - sendKeys(findTestObject("Object Repository/Reto_while1/Page_Google/input__q"), Keys.chord(ENTER)): Keys 'ENTER + ' sent to object: 'Object Repository/Reto_while1/Page_Google/input__q'

2022-11-30 21:57:29 - [MESSAGE][PASSED] - Keys 'ENTER + ' sent to object: 'Object Repository/Reto_while1/Page_Google/input__q'

2022-11-30 21:57:29 - [TEST_STEP][PASSED] - Res = getText(findTestObject("Reto_while1/Resultado_8")).toInteger(): Text of object 'Object Repository/Reto_while1/Resultado_8' is: '9'

2022-11-30 21:57:32 - [MESSAGE][PASSED] - Text of object 'Object Repository/Reto_while1/Resultado_8' is: '9'

2022-11-30 21:57:32 - [TEST_STEP][PASSED] - if (Res == 8): null

2022-11-30 21:57:32 - [TEST_STEP][PASSED] - num = Math.random() * 5 - 1 + 1: null

2022-11-30 21:57:32 - [TEST_STEP][PASSED] - setText(findTestObject("Object Repository/Reto_while1/Page_Google/input__q"), "5+" + num): Text '5+1' is set on object 'Object Repository/Reto_while1/Page_Google/input__q'

2022-11-30 21:57:37 - [MESSAGE][PASSED] - Text '5+1' is set on object 'Object Repository/Reto_while1/Page_Google/input__q'

2022-11-30 21:57:37 - [TEST_STEP][PASSED] - sendKeys(findTestObject("Object Repository/Reto_while1/Page_Google/input__q"), Keys.chord(ENTER)): Keys 'ENTER + ' sent to object: 'Object Repository/Reto_while1/Page_Google/input__q'

2022-11-30 21:57:42 - [MESSAGE][PASSED] - Keys 'ENTER + ' sent to object: 'Object Repository/Reto_while1/Page_Google/input__q'

2022-11-30 21:57:42 - [TEST_STEP][PASSED] - Res = getText(findTestObject("Reto_while1/Resultado_8")).toInteger(): Text of object 'Object Repository/Reto_while1/Resultado_8' is: '6'

2022-11-30 21:57:45 - [MESSAGE][PASSED] - Text of object 'Object Repository/Reto_while1/Resultado_8' is: '6'

2022-11-30 21:57:45 - [TEST_STEP][PASSED] - if (Res == 8): null

2022-11-30 21:57:45 - [TEST_STEP][PASSED] - num = Math.random() * 5 - 1 + 1: null

2022-11-30 21:57:45 - [TEST_STEP][PASSED] - setText(findTestObject("Object Repository/Reto_while1/Page_Google/input__q"), "5+" + num): Text '5+4' is set on object 'Object Repository/Reto_while1/Page_Google/input__q'

2022-11-30 21:57:49 - [MESSAGE][PASSED] - Text '5+4' is set on object 'Object Repository/Reto_while1/Page_Google/input__q'

2022-11-30 21:57:49 - [TEST_STEP][PASSED] - sendKeys(findTestObject("Object Repository/Reto_while1/Page_Google/input__q"), Keys.chord(ENTER)): Keys 'ENTER + ' sent to object: 'Object Repository/Reto_while1/Page_Google/input__q'

2022-11-30 21:57:54 - [MESSAGE][PASSED] - Keys 'ENTER + ' sent to object: 'Object Repository/Reto_while1/Page_Google/input__q'

2022-11-30 21:57:54 - [TEST_STEP][PASSED] - Res = getText(findTestObject("Reto_while1/Resultado_8")).toInteger(): Text of object 'Object Repository/Reto_while1/Resultado_8' is: '9'

2022-11-30 21:57:57 - [MESSAGE][PASSED] - Text of object 'Object Repository/Reto_while1/Resultado_8' is: '9'

2022-11-30 21:57:57 - [TEST_STEP][PASSED] - if (Res == 8): null

2022-11-30 21:57:57 - [TEST_STEP][PASSED] - num = Math.random() * 5 - 1 + 1: null

2022-11-30 21:57:57 - [TEST_STEP][PASSED] - setText(findTestObject("Object Repository/Reto_while1/Page_Google/input__q"), "5+" + num): Text '5+4' is set on object 'Object Repository/Reto_while1/Page_Google/input__q'

2022-11-30 21:58:02 - [MESSAGE][PASSED] - Text '5+4' is set on object 'Object Repository/Reto_while1/Page_Google/input__q'

2022-11-30 21:58:02 - [TEST_STEP][PASSED] - sendKeys(findTestObject("Object Repository/Reto_while1/Page_Google/input__q"), Keys.chord(ENTER)): Keys 'ENTER + ' sent to object: 'Object Repository/Reto_while1/Page_Google/input__q'

2022-11-30 21:58:09 - [MESSAGE][PASSED] - Keys 'ENTER + ' sent to object: 'Object Repository/Reto_while1/Page_Google/input__q'

2022-11-30 21:58:09 - [TEST_STEP][PASSED] - Res = getText(findTestObject("Reto_while1/Resultado_8")).toInteger(): Text of object 'Object Repository/Reto_while1/Resultado_8' is: '9'

2022-11-30 21:58:12 - [MESSAGE][PASSED] - Text of object 'Object Repository/Reto_while1/Resultado_8' is: '9'

2022-11-30 21:58:12 - [TEST_STEP][PASSED] - if (Res == 8): null

2022-11-30 21:58:12 - [TEST_STEP][PASSED] - num = Math.random() * 5 - 1 + 1: null

2022-11-30 21:58:12 - [TEST_STEP][PASSED] - setText(findTestObject("Object Repository/Reto_while1/Page_Google/input__q"), "5+" + num): Text '5+4' is set on object 'Object Repository/Reto_while1/Page_Google/input__q'

2022-11-30 21:58:18 - [MESSAGE][PASSED] - Text '5+4' is set on object 'Object Repository/Reto_while1/Page_Google/input__q'

2022-11-30 21:58:18 - [TEST_STEP][PASSED] - sendKeys(findTestObject("Object Repository/Reto_while1/Page_Google/input__q"), Keys.chord(ENTER)): Keys 'ENTER + ' sent to object: 'Object Repository/Reto_while1/Page_Google/input__q'

2022-11-30 21:58:22 - [MESSAGE][PASSED] - Keys 'ENTER + ' sent to object: 'Object Repository/Reto_while1/Page_Google/input__q'

2022-11-30 21:58:22 - [TEST_STEP][PASSED] - Res = getText(findTestObject("Reto_while1/Resultado_8")).toInteger(): Text of object 'Object Repository/Reto_while1/Resultado_8' is: '9'

2022-11-30 21:58:24 - [MESSAGE][PASSED] - Text of object 'Object Repository/Reto_while1/Resultado_8' is: '9'

2022-11-30 21:58:24 - [TEST_STEP][PASSED] - if (Res == 8): null

2022-11-30 21:58:24 - [TEST_STEP][PASSED] - num = Math.random() * 5 - 1 + 1: null

2022-11-30 21:58:24 - [TEST_STEP][PASSED] - setText(findTestObject("Object Repository/Reto_while1/Page_Google/input__q"), "5+" + num): Text '5+2' is set on object 'Object Repository/Reto_while1/Page_Google/input__q'

2022-11-30 21:58:31 - [MESSAGE][PASSED] - Text '5+2' is set on object 'Object Repository/Reto_while1/Page_Google/input__q'

2022-11-30 21:58:31 - [TEST_STEP][PASSED] - sendKeys(findTestObject("Object Repository/Reto_while1/Page_Google/input__q"), Keys.chord(ENTER)): Keys 'ENTER + ' sent to object: 'Object Repository/Reto_while1/Page_Google/input__q'

2022-11-30 21:58:34 - [MESSAGE][PASSED] - Keys 'ENTER + ' sent to object: 'Object Repository/Reto_while1/Page_Google/input__q'

2022-11-30 21:58:34 - [TEST_STEP][PASSED] - Res = getText(findTestObject("Reto_while1/Resultado_8")).toInteger(): Text of object 'Object Repository/Reto_while1/Resultado_8' is: '7'

2022-11-30 21:58:42 - [MESSAGE][PASSED] - Text of object 'Object Repository/Reto_while1/Resultado_8' is: '7'

2022-11-30 21:58:42 - [TEST_STEP][PASSED] - if (Res == 8): null

2022-11-30 21:58:42 - [TEST_STEP][PASSED] - num = Math.random() * 5 - 1 + 1: null

2022-11-30 21:58:42 - [TEST_STEP][PASSED] - setText(findTestObject("Object Repository/Reto_while1/Page_Google/input__q"), "5+" + num): Text '5+4' is set on object 'Object Repository/Reto_while1/Page_Google/input__q'

2022-11-30 21:58:46 - [MESSAGE][PASSED] - Text '5+4' is set on object 'Object Repository/Reto_while1/Page_Google/input__q'

2022-11-30 21:58:46 - [TEST_STEP][PASSED] - sendKeys(findTestObject("Object Repository/Reto_while1/Page_Google/input__q"), Keys.chord(ENTER)): Keys 'ENTER + ' sent to object: 'Object Repository/Reto_while1/Page_Google/input__q'

2022-11-30 21:58:50 - [MESSAGE][PASSED] - Keys 'ENTER + ' sent to object: 'Object Repository/Reto_while1/Page_Google/input__q'

2022-11-30 21:58:50 - [TEST_STEP][PASSED] - Res = getText(findTestObject("Reto_while1/Resultado_8")).toInteger(): Text of object 'Object Repository/Reto_while1/Resultado_8' is: '9'

2022-11-30 21:58:53 - [MESSAGE][PASSED] - Text of object 'Object Repository/Reto_while1/Resultado_8' is: '9'

2022-11-30 21:58:53 - [TEST_STEP][PASSED] - if (Res == 8): null

2022-11-30 21:58:53 - [TEST_STEP][PASSED] - num = Math.random() * 5 - 1 + 1: null

2022-11-30 21:58:53 - [TEST_STEP][PASSED] - setText(findTestObject("Object Repository/Reto_while1/Page_Google/input__q"), "5+" + num): Text '5+1' is set on object 'Object Repository/Reto_while1/Page_Google/input__q'

2022-11-30 21:58:58 - [MESSAGE][PASSED] - Text '5+1' is set on object 'Object Repository/Reto_while1/Page_Google/input__q'

2022-11-30 21:58:58 - [TEST_STEP][PASSED] - sendKeys(findTestObject("Object Repository/Reto_while1/Page_Google/input__q"), Keys.chord(ENTER)): Keys 'ENTER + ' sent to object: 'Object Repository/Reto_while1/Page_Google/input__q'

2022-11-30 21:59:02 - [MESSAGE][PASSED] - Keys 'ENTER + ' sent to object: 'Object Repository/Reto_while1/Page_Google/input__q'

2022-11-30 21:59:02 - [TEST_STEP][PASSED] - Res = getText(findTestObject("Reto_while1/Resultado_8")).toInteger(): Text of object 'Object Repository/Reto_while1/Resultado_8' is: '6'

2022-11-30 21:59:05 - [MESSAGE][PASSED] - Text of object 'Object Repository/Reto_while1/Resultado_8' is: '6'

2022-11-30 21:59:05 - [TEST_STEP][PASSED] - if (Res == 8): null

2022-11-30 21:59:05 - [TEST_STEP][PASSED] - num = Math.random() * 5 - 1 + 1: null

2022-11-30 21:59:05 - [TEST_STEP][PASSED] - setText(findTestObject("Object Repository/Reto_while1/Page_Google/input__q"), "5+" + num): Text '5+4' is set on object 'Object Repository/Reto_while1/Page_Google/input__q'

2022-11-30 21:59:12 - [MESSAGE][PASSED] - Text '5+4' is set on object 'Object Repository/Reto_while1/Page_Google/input__q'

2022-11-30 21:59:12 - [TEST_STEP][PASSED] - sendKeys(findTestObject("Object Repository/Reto_while1/Page_Google/input__q"), Keys.chord(ENTER)): Keys 'ENTER + ' sent to object: 'Object Repository/Reto_while1/Page_Google/input__q'

2022-11-30 21:59:16 - [MESSAGE][PASSED] - Keys 'ENTER + ' sent to object: 'Object Repository/Reto_while1/Page_Google/input__q'

2022-11-30 21:59:16 - [TEST_STEP][PASSED] - Res = getText(findTestObject("Reto_while1/Resultado_8")).toInteger(): Text of object 'Object Repository/Reto_while1/Resultado_8' is: '9'

2022-11-30 21:59:20 - [MESSAGE][PASSED] - Text of object 'Object Repository/Reto_while1/Resultado_8' is: '9'

2022-11-30 21:59:20 - [TEST_STEP][PASSED] - if (Res == 8): null

2022-11-30 21:59:20 - [TEST_STEP][PASSED] - num = Math.random() * 5 - 1 + 1: null

2022-11-30 21:59:20 - [TEST_STEP][PASSED] - setText(findTestObject("Object Repository/Reto_while1/Page_Google/input__q"), "5+" + num): Text '5+1' is set on object 'Object Repository/Reto_while1/Page_Google/input__q'

2022-11-30 21:59:25 - [MESSAGE][PASSED] - Text '5+1' is set on object 'Object Repository/Reto_while1/Page_Google/input__q'

2022-11-30 21:59:25 - [TEST_STEP][PASSED] - sendKeys(findTestObject("Object Repository/Reto_while1/Page_Google/input__q"), Keys.chord(ENTER)): Keys 'ENTER + ' sent to object: 'Object Repository/Reto_while1/Page_Google/input__q'

2022-11-30 21:59:30 - [MESSAGE][PASSED] - Keys 'ENTER + ' sent to object: 'Object Repository/Reto_while1/Page_Google/input__q'

2022-11-30 21:59:30 - [TEST_STEP][PASSED] - Res = getText(findTestObject("Reto_while1/Resultado_8")).toInteger(): Text of object 'Object Repository/Reto_while1/Resultado_8' is: '6'

2022-11-30 21:59:32 - [MESSAGE][PASSED] - Text of object 'Object Repository/Reto_while1/Resultado_8' is: '6'

2022-11-30 21:59:32 - [TEST_STEP][PASSED] - if (Res == 8): null

2022-11-30 21:59:32 - [TEST_STEP][PASSED] - num = Math.random() * 5 - 1 + 1: null

2022-11-30 21:59:32 - [TEST_STEP][PASSED] - setText(findTestObject("Object Repository/Reto_while1/Page_Google/input__q"), "5+" + num): Text '5+4' is set on object 'Object Repository/Reto_while1/Page_Google/input__q'

2022-11-30 21:59:38 - [MESSAGE][PASSED] - Text '5+4' is set on object 'Object Repository/Reto_while1/Page_Google/input__q'

2022-11-30 21:59:38 - [TEST_STEP][PASSED] - sendKeys(findTestObject("Object Repository/Reto_while1/Page_Google/input__q"), Keys.chord(ENTER)): Keys 'ENTER + ' sent to object: 'Object Repository/Reto_while1/Page_Google/input__q'

2022-11-30 21:59:43 - [MESSAGE][PASSED] - Keys 'ENTER + ' sent to object: 'Object Repository/Reto_while1/Page_Google/input__q'

2022-11-30 21:59:43 - [TEST_STEP][PASSED] - Res = getText(findTestObject("Reto_while1/Resultado_8")).toInteger(): Text of object 'Object Repository/Reto_while1/Resultado_8' is: '9'

2022-11-30 21:59:45 - [MESSAGE][PASSED] - Text of object 'Object Repository/Reto_while1/Resultado_8' is: '9'

2022-11-30 21:59:45 - [TEST_STEP][PASSED] - if (Res == 8): null

2022-11-30 21:59:45 - [TEST_STEP][PASSED] - num = Math.random() * 5 - 1 + 1: null

2022-11-30 21:59:45 - [TEST_STEP][PASSED] - setText(findTestObject("Object Repository/Reto_while1/Page_Google/input__q"), "5+" + num): Text '5+2' is set on object 'Object Repository/Reto_while1/Page_Google/input__q'

2022-11-30 21:59:51 - [MESSAGE][PASSED] - Text '5+2' is set on object 'Object Repository/Reto_while1/Page_Google/input__q'

2022-11-30 21:59:51 - [TEST_STEP][PASSED] - sendKeys(findTestObject("Object Repository/Reto_while1/Page_Google/input__q"), Keys.chord(ENTER)): Keys 'ENTER + ' sent to object: 'Object Repository/Reto_while1/Page_Google/input__q'

2022-11-30 21:59:54 - [MESSAGE][PASSED] - Keys 'ENTER + ' sent to object: 'Object Repository/Reto_while1/Page_Google/input__q'

2022-11-30 21:59:54 - [TEST_STEP][PASSED] - Res = getText(findTestObject("Reto_while1/Resultado_8")).toInteger(): Text of object 'Object Repository/Reto_while1/Resultado_8' is: '7'

2022-11-30 21:59:56 - [MESSAGE][PASSED] - Text of object 'Object Repository/Reto_while1/Resultado_8' is: '7'

2022-11-30 21:59:56 - [TEST_STEP][PASSED] - if (Res == 8): null

2022-11-30 21:59:56 - [TEST_STEP][PASSED] - num = Math.random() * 5 - 1 + 1: null

2022-11-30 21:59:56 - [TEST_STEP][PASSED] - setText(findTestObject("Object Repository/Reto_while1/Page_Google/input__q"), "5+" + num): Text '5+4' is set on object 'Object Repository/Reto_while1/Page_Google/input__q'

2022-11-30 22:00:02 - [MESSAGE][PASSED] - Text '5+4' is set on object 'Object Repository/Reto_while1/Page_Google/input__q'

2022-11-30 22:00:02 - [TEST_STEP][PASSED] - sendKeys(findTestObject("Object Repository/Reto_while1/Page_Google/input__q"), Keys.chord(ENTER)): Keys 'ENTER + ' sent to object: 'Object Repository/Reto_while1/Page_Google/input__q'

2022-11-30 22:00:06 - [MESSAGE][PASSED] - Keys 'ENTER + ' sent to object: 'Object Repository/Reto_while1/Page_Google/input__q'

2022-11-30 22:00:06 - [TEST_STEP][PASSED] - Res = getText(findTestObject("Reto_while1/Resultado_8")).toInteger(): Text of object 'Object Repository/Reto_while1/Resultado_8' is: '9'

2022-11-30 22:00:08 - [MESSAGE][PASSED] - Text of object 'Object Repository/Reto_while1/Resultado_8' is: '9'

2022-11-30 22:00:08 - [TEST_STEP][PASSED] - if (Res == 8): null

2022-11-30 22:00:08 - [TEST_STEP][PASSED] - num = Math.random() * 5 - 1 + 1: null

2022-11-30 22:00:08 - [TEST_STEP][PASSED] - setText(findTestObject("Object Repository/Reto_while1/Page_Google/input__q"), "5+" + num): Text '5+3' is set on object 'Object Repository/Reto_while1/Page_Google/input__q'

2022-11-30 22:00:15 - [MESSAGE][PASSED] - Text '5+3' is set on object 'Object Repository/Reto_while1/Page_Google/input__q'

2022-11-30 22:00:15 - [TEST_STEP][PASSED] - sendKeys(findTestObject("Object Repository/Reto_while1/Page_Google/input__q"), Keys.chord(ENTER)): Keys 'ENTER + ' sent to object: 'Object Repository/Reto_while1/Page_Google/input__q'

2022-11-30 22:00:19 - [MESSAGE][PASSED] - Keys 'ENTER + ' sent to object: 'Object Repository/Reto_while1/Page_Google/input__q'

2022-11-30 22:00:19 - [TEST_STEP][PASSED] - Res = getText(findTestObject("Reto_while1/Resultado_8")).toInteger(): Text of object 'Object Repository/Reto_while1/Resultado_8' is: '8'

2022-11-30 22:00:21 - [MESSAGE][PASSED] - Text of object 'Object Repository/Reto_while1/Resultado_8' is: '8'

2022-11-30 22:00:21 - [TEST_STEP][PASSED] - if (Res == 8): Browser is closed

2022-11-30 22:00:21 - [TEST_STEP][PASSED] - closeBrowser(): Browser is closed

2022-11-30 22:00:24 - [MESSAGE][PASSED] - Browser is closed]]></system-out>
         <system-err><![CDATA[]]></system-err>
      </testcase>
      <testcase name="Test Cases/BUCLES/Test_1" time="489.055" classname="Test Cases/BUCLES/Test_1" status="PASSED">
         <system-out><![CDATA[2022-11-30 22:00:24 - [TEST_CASE][PASSED] - Test Cases/BUCLES/Test_1: Test Cases/BUCLES/Test_1

2022-11-30 22:00:25 - [TEST_STEP][PASSED] - openBrowser(""): Browser is opened with url: ''

2022-11-30 22:00:25 - [MESSAGE][INFO] - User set preference: ['os', 'windows']

2022-11-30 22:00:25 - [MESSAGE][INFO] - User set preference: ['browserName', 'chrome']

2022-11-30 22:00:25 - [MESSAGE][INFO] - User set preference: ['browserVersion', '103']

2022-11-30 22:00:25 - [MESSAGE][INFO] - User set preference: ['katalon:option', '{organizationId=987205, tunnelId=, usingTunnel=false}']

2022-11-30 22:00:25 - [MESSAGE][INFO] - Connecting to remote web server 'testcloud.katalon.com/hub' with type 'Selenium'

2022-11-30 22:00:25 - [MESSAGE][INFO] - Action delay is set to 0 milliseconds

2022-11-30 22:02:47 - [MESSAGE][PASSED] - Browser is opened with url: ''

2022-11-30 22:02:47 - [TEST_STEP][PASSED] - navigateToUrl("https://demoqa.com/text-box"): Navigate to 'https://demoqa.com/text-box' successfully

2022-11-30 22:02:50 - [MESSAGE][PASSED] - Navigate to 'https://demoqa.com/text-box' successfully

2022-11-30 22:02:50 - [TEST_STEP][PASSED] - for ([x = 1, x <= 2, (x++)]): null

2022-11-30 22:02:50 - [TEST_STEP][PASSED] - openBrowser(""): Browser is opened with url: ''

2022-11-30 22:02:50 - [MESSAGE][WARNING] - A browser is already opened. Closing browser and opening a new one

2022-11-30 22:03:02 - [MESSAGE][INFO] - User set preference: ['os', 'windows']

2022-11-30 22:03:02 - [MESSAGE][INFO] - User set preference: ['browserName', 'chrome']

2022-11-30 22:03:02 - [MESSAGE][INFO] - User set preference: ['browserVersion', '103']

2022-11-30 22:03:02 - [MESSAGE][INFO] - User set preference: ['katalon:option', '{organizationId=987205, tunnelId=, usingTunnel=false}']

2022-11-30 22:03:02 - [MESSAGE][INFO] - Connecting to remote web server 'testcloud.katalon.com/hub' with type 'Selenium'

2022-11-30 22:03:02 - [MESSAGE][INFO] - Action delay is set to 0 milliseconds

2022-11-30 22:05:32 - [MESSAGE][PASSED] - Browser is opened with url: ''

2022-11-30 22:05:32 - [TEST_STEP][PASSED] - navigateToUrl("https://demoqa.com/text-box"): Navigate to 'https://demoqa.com/text-box' successfully

2022-11-30 22:05:35 - [MESSAGE][PASSED] - Navigate to 'https://demoqa.com/text-box' successfully

2022-11-30 22:05:35 - [TEST_STEP][PASSED] - RN = Math.random() * 10 - 1 + 1: null

2022-11-30 22:05:35 - [TEST_STEP][PASSED] - print("Numero : " + RN + "----"): null

2022-11-30 22:05:35 - [TEST_STEP][PASSED] - z = ["Demo1", "Demo2", "Demo3", "Demo4", "Demo5"]: null

2022-11-30 22:05:35 - [TEST_STEP][PASSED] - rnd = new java.util.Random(): null

2022-11-30 22:05:35 - [TEST_STEP][PASSED] - texto = z[rnd.nextInt(size)]: null

2022-11-30 22:05:35 - [TEST_STEP][PASSED] - print(texto): null

2022-11-30 22:05:35 - [TEST_STEP][PASSED] - openBrowser(""): Browser is opened with url: ''

2022-11-30 22:05:35 - [MESSAGE][WARNING] - A browser is already opened. Closing browser and opening a new one

2022-11-30 22:05:48 - [MESSAGE][INFO] - User set preference: ['os', 'windows']

2022-11-30 22:05:48 - [MESSAGE][INFO] - User set preference: ['browserName', 'chrome']

2022-11-30 22:05:48 - [MESSAGE][INFO] - User set preference: ['browserVersion', '103']

2022-11-30 22:05:48 - [MESSAGE][INFO] - User set preference: ['katalon:option', '{organizationId=987205, tunnelId=, usingTunnel=false}']

2022-11-30 22:05:48 - [MESSAGE][INFO] - Connecting to remote web server 'testcloud.katalon.com/hub' with type 'Selenium'

2022-11-30 22:05:48 - [MESSAGE][INFO] - Action delay is set to 0 milliseconds

2022-11-30 22:08:19 - [MESSAGE][PASSED] - Browser is opened with url: ''

2022-11-30 22:08:19 - [TEST_STEP][PASSED] - navigateToUrl("https://demoqa.com/text-box"): Navigate to 'https://demoqa.com/text-box' successfully

2022-11-30 22:08:23 - [MESSAGE][PASSED] - Navigate to 'https://demoqa.com/text-box' successfully

2022-11-30 22:08:23 - [TEST_STEP][PASSED] - RN = Math.random() * 10 - 1 + 1: null

2022-11-30 22:08:23 - [TEST_STEP][PASSED] - print("Numero : " + RN + "----"): null

2022-11-30 22:08:23 - [TEST_STEP][PASSED] - z = ["Demo1", "Demo2", "Demo3", "Demo4", "Demo5"]: null

2022-11-30 22:08:23 - [TEST_STEP][PASSED] - rnd = new java.util.Random(): null

2022-11-30 22:08:23 - [TEST_STEP][PASSED] - texto = z[rnd.nextInt(size)]: null

2022-11-30 22:08:23 - [TEST_STEP][PASSED] - print(texto): null

2022-11-30 22:08:23 - [TEST_STEP][PASSED] - closeBrowser(): Browser is closed

2022-11-30 22:08:33 - [MESSAGE][PASSED] - Browser is closed]]></system-out>
         <system-err><![CDATA[]]></system-err>
      </testcase>
      <testcase name="Test Cases/BUCLES/Test_2" time="159.839" classname="Test Cases/BUCLES/Test_2" status="PASSED">
         <system-out><![CDATA[2022-11-30 22:08:33 - [TEST_CASE][PASSED] - Test Cases/BUCLES/Test_2: Test Cases/BUCLES/Test_2

2022-11-30 22:08:35 - [TEST_STEP][PASSED] - openBrowser(""): Browser is opened with url: ''

2022-11-30 22:08:35 - [MESSAGE][INFO] - User set preference: ['os', 'windows']

2022-11-30 22:08:35 - [MESSAGE][INFO] - User set preference: ['browserName', 'chrome']

2022-11-30 22:08:35 - [MESSAGE][INFO] - User set preference: ['browserVersion', '103']

2022-11-30 22:08:35 - [MESSAGE][INFO] - User set preference: ['katalon:option', '{organizationId=987205, tunnelId=, usingTunnel=false}']

2022-11-30 22:08:35 - [MESSAGE][INFO] - Connecting to remote web server 'testcloud.katalon.com/hub' with type 'Selenium'

2022-11-30 22:08:35 - [MESSAGE][INFO] - Action delay is set to 0 milliseconds

2022-11-30 22:11:01 - [MESSAGE][PASSED] - Browser is opened with url: ''

2022-11-30 22:11:01 - [TEST_STEP][PASSED] - navigateToUrl("https://demoqa.com/text-box"): Navigate to 'https://demoqa.com/text-box' successfully

2022-11-30 22:11:03 - [MESSAGE][PASSED] - Navigate to 'https://demoqa.com/text-box' successfully

2022-11-30 22:11:03 - [TEST_STEP][PASSED] - for ([x = 1, x <= 10, x = x + 2]): null

2022-11-30 22:11:03 - [TEST_STEP][PASSED] - print(" hola mundo " + x + "-------"): null

2022-11-30 22:11:03 - [TEST_STEP][PASSED] - print(" hola mundo " + x + "-------"): null

2022-11-30 22:11:03 - [TEST_STEP][PASSED] - print(" hola mundo " + x + "-------"): null

2022-11-30 22:11:03 - [TEST_STEP][PASSED] - print(" hola mundo " + x + "-------"): null

2022-11-30 22:11:03 - [TEST_STEP][PASSED] - print(" hola mundo " + x + "-------"): null

2022-11-30 22:11:03 - [TEST_STEP][PASSED] - closeBrowser(): Browser is closed

2022-11-30 22:11:13 - [MESSAGE][PASSED] - Browser is closed]]></system-out>
         <system-err><![CDATA[]]></system-err>
      </testcase>
      <testcase name="Test Cases/BUCLES/Test_while" time="176.584" classname="Test Cases/BUCLES/Test_while" status="PASSED">
         <system-out><![CDATA[2022-11-30 22:11:13 - [TEST_CASE][PASSED] - Test Cases/BUCLES/Test_while: Test Cases/BUCLES/Test_while

2022-11-30 22:11:14 - [TEST_STEP][PASSED] - openBrowser(""): Browser is opened with url: ''

2022-11-30 22:11:14 - [MESSAGE][INFO] - User set preference: ['os', 'windows']

2022-11-30 22:11:14 - [MESSAGE][INFO] - User set preference: ['browserName', 'chrome']

2022-11-30 22:11:14 - [MESSAGE][INFO] - User set preference: ['browserVersion', '103']

2022-11-30 22:11:14 - [MESSAGE][INFO] - User set preference: ['katalon:option', '{organizationId=987205, tunnelId=, usingTunnel=false}']

2022-11-30 22:11:14 - [MESSAGE][INFO] - Connecting to remote web server 'testcloud.katalon.com/hub' with type 'Selenium'

2022-11-30 22:11:14 - [MESSAGE][INFO] - Action delay is set to 0 milliseconds

2022-11-30 22:13:50 - [MESSAGE][PASSED] - Browser is opened with url: ''

2022-11-30 22:13:50 - [TEST_STEP][PASSED] - navigateToUrl("https://demoqa.com/text-box"): Navigate to 'https://demoqa.com/text-box' successfully

2022-11-30 22:13:56 - [MESSAGE][PASSED] - Navigate to 'https://demoqa.com/text-box' successfully

2022-11-30 22:13:56 - [TEST_STEP][PASSED] - maximizeWindow(): Current window maximized

2022-11-30 22:13:57 - [MESSAGE][PASSED] - Current window maximized

2022-11-30 22:13:57 - [TEST_STEP][PASSED] - waitForPageLoad(5): Wait for page load successfully

2022-11-30 22:13:57 - [MESSAGE][PASSED] - Wait for page load successfully

2022-11-30 22:13:57 - [TEST_STEP][PASSED] - x = 1: null

2022-11-30 22:13:57 - [TEST_STEP][PASSED] - while (x <= 3): null

2022-11-30 22:13:57 - [TEST_STEP][PASSED] - print("Hola " + x + "----------"): null

2022-11-30 22:13:57 - [TEST_STEP][PASSED] - (x++): null

2022-11-30 22:13:57 - [TEST_STEP][PASSED] - print("Hola " + x + "----------"): null

2022-11-30 22:13:57 - [TEST_STEP][PASSED] - (x++): null

2022-11-30 22:13:57 - [TEST_STEP][PASSED] - print("Hola " + x + "----------"): null

2022-11-30 22:13:57 - [TEST_STEP][PASSED] - (x++): null

2022-11-30 22:13:57 - [TEST_STEP][PASSED] - closeBrowser(): Browser is closed

2022-11-30 22:14:10 - [MESSAGE][PASSED] - Browser is closed]]></system-out>
         <system-err><![CDATA[]]></system-err>
      </testcase>
      <testcase name="Test Cases/BUCLES/Test_while2" time="176.449" classname="Test Cases/BUCLES/Test_while2" status="PASSED">
         <system-out><![CDATA[2022-11-30 22:14:10 - [TEST_CASE][PASSED] - Test Cases/BUCLES/Test_while2: Test Cases/BUCLES/Test_while2

2022-11-30 22:14:10 - [TEST_STEP][PASSED] - openBrowser(""): Browser is opened with url: ''

2022-11-30 22:14:10 - [MESSAGE][INFO] - User set preference: ['os', 'windows']

2022-11-30 22:14:10 - [MESSAGE][INFO] - User set preference: ['browserName', 'chrome']

2022-11-30 22:14:10 - [MESSAGE][INFO] - User set preference: ['browserVersion', '103']

2022-11-30 22:14:10 - [MESSAGE][INFO] - User set preference: ['katalon:option', '{organizationId=987205, tunnelId=, usingTunnel=false}']

2022-11-30 22:14:10 - [MESSAGE][INFO] - Connecting to remote web server 'testcloud.katalon.com/hub' with type 'Selenium'

2022-11-30 22:14:10 - [MESSAGE][INFO] - Action delay is set to 0 milliseconds

2022-11-30 22:16:49 - [MESSAGE][PASSED] - Browser is opened with url: ''

2022-11-30 22:16:49 - [TEST_STEP][PASSED] - navigateToUrl("https://demoqa.com/text-box"): Navigate to 'https://demoqa.com/text-box' successfully

2022-11-30 22:16:53 - [MESSAGE][PASSED] - Navigate to 'https://demoqa.com/text-box' successfully

2022-11-30 22:16:53 - [TEST_STEP][PASSED] - maximizeWindow(): Current window maximized

2022-11-30 22:16:54 - [MESSAGE][PASSED] - Current window maximized

2022-11-30 22:16:54 - [TEST_STEP][PASSED] - waitForPageLoad(5): Wait for page load successfully

2022-11-30 22:16:55 - [MESSAGE][PASSED] - Wait for page load successfully

2022-11-30 22:16:55 - [TEST_STEP][PASSED] - x = 1: null

2022-11-30 22:16:55 - [TEST_STEP][PASSED] - while (x <= 5): null

2022-11-30 22:16:55 - [TEST_STEP][PASSED] - print("Valor de X" + x + "------>"): null

2022-11-30 22:16:55 - [TEST_STEP][PASSED] - (x++): null

2022-11-30 22:16:55 - [TEST_STEP][PASSED] - print("Valor de X" + x + "------>"): null

2022-11-30 22:16:55 - [TEST_STEP][PASSED] - (x++): null

2022-11-30 22:16:55 - [TEST_STEP][PASSED] - print("Valor de X" + x + "------>"): null

2022-11-30 22:16:55 - [TEST_STEP][PASSED] - (x++): null

2022-11-30 22:16:55 - [TEST_STEP][PASSED] - print("Valor de X" + x + "------>"): null

2022-11-30 22:16:55 - [TEST_STEP][PASSED] - (x++): null

2022-11-30 22:16:55 - [TEST_STEP][PASSED] - print("Valor de X" + x + "------>"): null

2022-11-30 22:16:55 - [TEST_STEP][PASSED] - (x++): null

2022-11-30 22:16:55 - [TEST_STEP][PASSED] - closeBrowser(): Browser is closed

2022-11-30 22:17:06 - [MESSAGE][PASSED] - Browser is closed]]></system-out>
         <system-err><![CDATA[]]></system-err>
      </testcase>
      <testcase name="Test Cases/Drive_excel/Drive_excel" time="189.205" classname="Test Cases/Drive_excel/Drive_excel" status="PASSED">
         <system-out><![CDATA[2022-11-30 22:17:06 - [TEST_CASE][PASSED] - Test Cases/Drive_excel/Drive_excel: Test Cases/Drive_excel/Drive_excel

2022-11-30 22:17:07 - [TEST_STEP][PASSED] - openBrowser(""): Browser is opened with url: ''

2022-11-30 22:17:07 - [MESSAGE][INFO] - User set preference: ['os', 'windows']

2022-11-30 22:17:07 - [MESSAGE][INFO] - User set preference: ['browserName', 'chrome']

2022-11-30 22:17:07 - [MESSAGE][INFO] - User set preference: ['browserVersion', '103']

2022-11-30 22:17:07 - [MESSAGE][INFO] - User set preference: ['katalon:option', '{organizationId=987205, tunnelId=, usingTunnel=false}']

2022-11-30 22:17:07 - [MESSAGE][INFO] - Connecting to remote web server 'testcloud.katalon.com/hub' with type 'Selenium'

2022-11-30 22:17:07 - [MESSAGE][INFO] - Action delay is set to 0 milliseconds

2022-11-30 22:19:47 - [MESSAGE][PASSED] - Browser is opened with url: ''

2022-11-30 22:19:47 - [TEST_STEP][PASSED] - navigateToUrl("https://demoqa.com/automation-practice-form"): Navigate to 'https://demoqa.com/automation-practice-form' successfully

2022-11-30 22:19:49 - [MESSAGE][PASSED] - Navigate to 'https://demoqa.com/automation-practice-form' successfully

2022-11-30 22:19:49 - [TEST_STEP][PASSED] - waitForPageLoad(40): Wait for page load successfully

2022-11-30 22:19:50 - [MESSAGE][PASSED] - Wait for page load successfully

2022-11-30 22:19:50 - [TEST_STEP][PASSED] - maximizeWindow(): Current window maximized

2022-11-30 22:19:51 - [MESSAGE][PASSED] - Current window maximized

2022-11-30 22:19:51 - [TEST_STEP][PASSED] - setText(findTestObject("Object Repository/Drive_excel/Page_ToolsQA/input_Name_firstName"), nombre): Text '' is set on object 'Object Repository/Drive_excel/Page_ToolsQA/input_Name_firstName'

2022-11-30 22:19:58 - [MESSAGE][PASSED] - Text '' is set on object 'Object Repository/Drive_excel/Page_ToolsQA/input_Name_firstName'

2022-11-30 22:19:58 - [TEST_STEP][PASSED] - setText(findTestObject("Object Repository/Drive_excel/Page_ToolsQA/input_Name_lastName"), apellido): Text '' is set on object 'Object Repository/Drive_excel/Page_ToolsQA/input_Name_lastName'

2022-11-30 22:20:04 - [MESSAGE][PASSED] - Text '' is set on object 'Object Repository/Drive_excel/Page_ToolsQA/input_Name_lastName'

2022-11-30 22:20:04 - [TEST_STEP][PASSED] - setText(findTestObject("Object Repository/Drive_excel/Page_ToolsQA/input_Email_userEmail"), email): Text '' is set on object 'Object Repository/Drive_excel/Page_ToolsQA/input_Email_userEmail'

2022-11-30 22:20:10 - [MESSAGE][PASSED] - Text '' is set on object 'Object Repository/Drive_excel/Page_ToolsQA/input_Email_userEmail'

2022-11-30 22:20:10 - [TEST_STEP][PASSED] - delay(2): Delayed 2 second(s)

2022-11-30 22:20:12 - [MESSAGE][PASSED] - Delayed 2 second(s)

2022-11-30 22:20:12 - [TEST_STEP][PASSED] - closeBrowser(): Browser is closed

2022-11-30 22:20:16 - [MESSAGE][PASSED] - Browser is closed]]></system-out>
         <system-err><![CDATA[]]></system-err>
      </testcase>
      <testcase name="Test Cases/Navegador/Navegador" time="164.242" classname="Test Cases/Navegador/Navegador" status="PASSED">
         <system-out><![CDATA[2022-11-30 22:20:16 - [TEST_CASE][PASSED] - Test Cases/Navegador/Navegador: Test Cases/Navegador/Navegador

2022-11-30 22:20:16 - [TEST_STEP][PASSED] - openBrowser("https://demoqa.com/text-box"): Browser is opened with url: 'https://demoqa.com/text-box'

2022-11-30 22:20:16 - [MESSAGE][INFO] - User set preference: ['os', 'windows']

2022-11-30 22:20:16 - [MESSAGE][INFO] - User set preference: ['browserName', 'chrome']

2022-11-30 22:20:16 - [MESSAGE][INFO] - User set preference: ['browserVersion', '103']

2022-11-30 22:20:16 - [MESSAGE][INFO] - User set preference: ['katalon:option', '{organizationId=987205, tunnelId=, usingTunnel=false}']

2022-11-30 22:20:16 - [MESSAGE][INFO] - Connecting to remote web server 'testcloud.katalon.com/hub' with type 'Selenium'

2022-11-30 22:20:16 - [MESSAGE][INFO] - Action delay is set to 0 milliseconds

2022-11-30 22:22:49 - [MESSAGE][PASSED] - Browser is opened with url: 'https://demoqa.com/text-box'

2022-11-30 22:22:49 - [TEST_STEP][PASSED] - maximizeWindow(): Current window maximized

2022-11-30 22:22:50 - [MESSAGE][PASSED] - Current window maximized

2022-11-30 22:22:50 - [TEST_STEP][PASSED] - page_url = getUrl(): Current window's url is: 'https://demoqa.com/text-box'

2022-11-30 22:22:51 - [MESSAGE][PASSED] - Current window's url is: 'https://demoqa.com/text-box'

2022-11-30 22:22:51 - [TEST_STEP][PASSED] - print(page_url): null

2022-11-30 22:22:51 - [TEST_STEP][PASSED] - Titulo = getWindowTitle(): Current window's title is: 'ToolsQA'

2022-11-30 22:22:52 - [MESSAGE][PASSED] - Current window's title is: 'ToolsQA'

2022-11-30 22:22:52 - [TEST_STEP][PASSED] - print("titiulo de la pagina" + Titulo): null

2022-11-30 22:22:52 - [TEST_STEP][PASSED] - closeBrowser(): Browser is closed

2022-11-30 22:23:00 - [MESSAGE][PASSED] - Browser is closed]]></system-out>
         <system-err><![CDATA[]]></system-err>
      </testcase>
      <testcase name="Test Cases/Objecto_xpath/Caso_xpath" time="168.617" classname="Test Cases/Objecto_xpath/Caso_xpath" status="PASSED">
         <system-out><![CDATA[2022-11-30 22:23:00 - [TEST_CASE][PASSED] - Test Cases/Objecto_xpath/Caso_xpath: Test Cases/Objecto_xpath/Caso_xpath

2022-11-30 22:23:00 - [TEST_STEP][PASSED] - openBrowser(""): Browser is opened with url: ''

2022-11-30 22:23:00 - [MESSAGE][INFO] - User set preference: ['os', 'windows']

2022-11-30 22:23:00 - [MESSAGE][INFO] - User set preference: ['browserName', 'chrome']

2022-11-30 22:23:00 - [MESSAGE][INFO] - User set preference: ['browserVersion', '103']

2022-11-30 22:23:00 - [MESSAGE][INFO] - User set preference: ['katalon:option', '{organizationId=987205, tunnelId=, usingTunnel=false}']

2022-11-30 22:23:00 - [MESSAGE][INFO] - Connecting to remote web server 'testcloud.katalon.com/hub' with type 'Selenium'

2022-11-30 22:23:00 - [MESSAGE][INFO] - Action delay is set to 0 milliseconds

2022-11-30 22:25:29 - [MESSAGE][PASSED] - Browser is opened with url: ''

2022-11-30 22:25:29 - [TEST_STEP][PASSED] - navigateToUrl("https://demoqa.com/text-box"): Navigate to 'https://demoqa.com/text-box' successfully

2022-11-30 22:25:32 - [MESSAGE][PASSED] - Navigate to 'https://demoqa.com/text-box' successfully

2022-11-30 22:25:32 - [TEST_STEP][PASSED] - maximizeWindow(): Current window maximized

2022-11-30 22:25:33 - [MESSAGE][PASSED] - Current window maximized

2022-11-30 22:25:33 - [TEST_STEP][PASSED] - setText(findTestObject("Objeto_xpath/Campo_nombre"), "Ljubo"): Text 'Ljubo' is set on object 'Object Repository/Objeto_xpath/Campo_nombre'

2022-11-30 22:25:40 - [MESSAGE][PASSED] - Text 'Ljubo' is set on object 'Object Repository/Objeto_xpath/Campo_nombre'

2022-11-30 22:25:40 - [TEST_STEP][PASSED] - delay(3): Delayed 3 second(s)

2022-11-30 22:25:43 - [MESSAGE][PASSED] - Delayed 3 second(s)

2022-11-30 22:25:43 - [TEST_STEP][PASSED] - closeBrowser(): Browser is closed

2022-11-30 22:25:48 - [MESSAGE][PASSED] - Browser is closed]]></system-out>
         <system-err><![CDATA[]]></system-err>
      </testcase>
      <testcase name="Test Cases/Condicionales_If/Condicionar_titulo" time="171.924" classname="Test Cases/Condicionales_If/Condicionar_titulo" status="PASSED">
         <system-out><![CDATA[2022-11-30 22:40:50 - [TEST_CASE][PASSED] - Test Cases/Condicionales_If/Condicionar_titulo: Test Cases/Condicionales_If/Condicionar_titulo

2022-11-30 22:40:50 - [TEST_STEP][PASSED] - openBrowser(""): Browser is opened with url: ''

2022-11-30 22:40:50 - [MESSAGE][INFO] - User set preference: ['os', 'windows']

2022-11-30 22:40:50 - [MESSAGE][INFO] - User set preference: ['browserName', 'chrome']

2022-11-30 22:40:50 - [MESSAGE][INFO] - User set preference: ['browserVersion', '103']

2022-11-30 22:40:50 - [MESSAGE][INFO] - User set preference: ['katalon:option', '{organizationId=987205, tunnelId=, usingTunnel=false}']

2022-11-30 22:40:50 - [MESSAGE][INFO] - Connecting to remote web server 'testcloud.katalon.com/hub' with type 'Selenium'

2022-11-30 22:40:50 - [MESSAGE][INFO] - Action delay is set to 0 milliseconds

2022-11-30 22:43:16 - [MESSAGE][PASSED] - Browser is opened with url: ''

2022-11-30 22:43:16 - [TEST_STEP][PASSED] - navigateToUrl("https://demoqa.com/"): Navigate to 'https://demoqa.com/' successfully

2022-11-30 22:43:19 - [MESSAGE][PASSED] - Navigate to 'https://demoqa.com/' successfully

2022-11-30 22:43:19 - [TEST_STEP][PASSED] - maximizeWindow(): Current window maximized

2022-11-30 22:43:20 - [MESSAGE][PASSED] - Current window maximized

2022-11-30 22:43:20 - [TEST_STEP][PASSED] - waitForPageLoad(5): Wait for page load successfully

2022-11-30 22:43:21 - [MESSAGE][PASSED] - Wait for page load successfully

2022-11-30 22:43:21 - [TEST_STEP][PASSED] - Existe = waitForElementVisible(findTestObject("Condicionales/Texto_radio"), 3): Web element with id: 'Object Repository/Condicionales/Texto_radio' located by '//div[@class='main-header'][contains(.,'Radio Button')]' not found

2022-11-30 22:43:28 - [MESSAGE][INFO] - Unable to find the element located by 'By.xpath: //div[@class='main-header'][contains(.,'Radio Button')]'. Please recheck the objects properties to make sure the desired element is located. 

2022-11-30 22:43:28 - [MESSAGE][WARNING] - [SELF-HEALING] Failed to find element with id 'Object Repository/Condicionales/Texto_radio'. Try using Self-healing.

2022-11-30 22:43:29 - [MESSAGE][INFO] - [SELF-HEALING] No working XPath is found.

2022-11-30 22:43:32 - [MESSAGE][INFO] - Unable to find the element located by 'By.xpath: '. Please recheck the objects properties to make sure the desired element is located. 

2022-11-30 22:43:32 - [MESSAGE][WARNING] - [SELF-HEALING] Cannot find elements when the selector is null

2022-11-30 22:43:32 - [MESSAGE][WARNING] - Web element with id: 'Object Repository/Condicionales/Texto_radio' located by '//div[@class='main-header'][contains(.,'Radio Button')]' not found

2022-11-30 22:43:32 - [TEST_STEP][PASSED] - print(Existe): null

2022-11-30 22:43:32 - [TEST_STEP][PASSED] - if (Existe == true): null

2022-11-30 22:43:32 - [TEST_STEP][PASSED] - else: Browser is closed

2022-11-30 22:43:32 - [TEST_STEP][PASSED] - print("-----  Error no esta el elemento de texto radio ------"): null

2022-11-30 22:43:32 - [TEST_STEP][PASSED] - navigateToUrl("https://demoqa.com/radio-button"): Navigate to 'https://demoqa.com/radio-button' successfully

2022-11-30 22:43:34 - [MESSAGE][PASSED] - Navigate to 'https://demoqa.com/radio-button' successfully

2022-11-30 22:43:34 - [TEST_STEP][PASSED] - click(findTestObject("Condicionales/Objeto_yes")): Object: 'Object Repository/Condicionales/Objeto_yes' is clicked on

2022-11-30 22:43:37 - [MESSAGE][PASSED] - Object: 'Object Repository/Condicionales/Objeto_yes' is clicked on

2022-11-30 22:43:37 - [TEST_STEP][PASSED] - delay(2): Delayed 2 second(s)

2022-11-30 22:43:39 - [MESSAGE][PASSED] - Delayed 2 second(s)

2022-11-30 22:43:39 - [TEST_STEP][PASSED] - closeBrowser(): Browser is closed

2022-11-30 22:43:42 - [MESSAGE][PASSED] - Browser is closed]]></system-out>
         <system-err><![CDATA[]]></system-err>
      </testcase>
      <testcase name="Test Cases/Condicionales_If/Test_1" time="0.047" classname="Test Cases/Condicionales_If/Test_1" status="PASSED">
         <system-out><![CDATA[2022-11-30 22:43:42 - [TEST_CASE][PASSED] - Test Cases/Condicionales_If/Test_1: Test Cases/Condicionales_If/Test_1

2022-11-30 22:43:42 - [TEST_STEP][PASSED] - if (num == 10): null

2022-11-30 22:43:42 - [TEST_STEP][PASSED] - else: null

2022-11-30 22:43:42 - [TEST_STEP][PASSED] - print("El numero no es un 10 es el numero:  " + num + "#####"): null]]></system-out>
         <system-err><![CDATA[]]></system-err>
      </testcase>
      <testcase name="Test Cases/Condicionales_If/Test_2" time="0.027" classname="Test Cases/Condicionales_If/Test_2" status="PASSED">
         <system-out><![CDATA[2022-11-30 22:43:42 - [TEST_CASE][PASSED] - Test Cases/Condicionales_If/Test_2: Test Cases/Condicionales_If/Test_2

2022-11-30 22:43:42 - [TEST_STEP][PASSED] - if (num == 5): null

2022-11-30 22:43:42 - [TEST_STEP][PASSED] - if (num == 10): null

2022-11-30 22:43:42 - [TEST_STEP][PASSED] - println("El valor de la variables es un: 10"): null]]></system-out>
         <system-err><![CDATA[]]></system-err>
      </testcase>
      <testcase name="Test Cases/Condicionales_If/Test_3" time="0.026" classname="Test Cases/Condicionales_If/Test_3" status="PASSED">
         <system-out><![CDATA[2022-11-30 22:43:42 - [TEST_CASE][PASSED] - Test Cases/Condicionales_If/Test_3: Test Cases/Condicionales_If/Test_3

2022-11-30 22:43:42 - [TEST_STEP][PASSED] - if (nombre == "Juan"): null

2022-11-30 22:43:42 - [TEST_STEP][PASSED] - if (nombre == "JUan"): null

2022-11-30 22:43:42 - [TEST_STEP][PASSED] - if (nombre == "juan"): null

2022-11-30 22:43:42 - [TEST_STEP][PASSED] - println("Tu nombre es juan"): null]]></system-out>
         <system-err><![CDATA[]]></system-err>
      </testcase>
      <testcase name="Test Cases/Condicionales_If/Test_4" time="0.042" classname="Test Cases/Condicionales_If/Test_4" status="PASSED">
         <system-out><![CDATA[2022-11-30 22:43:42 - [TEST_CASE][PASSED] - Test Cases/Condicionales_If/Test_4: Test Cases/Condicionales_If/Test_4

2022-11-30 22:43:42 - [TEST_STEP][PASSED] - if (num <= 7): null

2022-11-30 22:43:42 - [TEST_STEP][PASSED] - println("El numero es menor ó igual que 5"): null

2022-11-30 22:43:42 - [TEST_STEP][PASSED] - if (num >= 8): null

2022-11-30 22:43:42 - [TEST_STEP][PASSED] - if (num != 5): null]]></system-out>
         <system-err><![CDATA[]]></system-err>
      </testcase>
      <testcase name="Test Cases/Condicionales_If/Test_edad" time="0.031" classname="Test Cases/Condicionales_If/Test_edad" status="PASSED">
         <system-out><![CDATA[2022-11-30 22:43:42 - [TEST_CASE][PASSED] - Test Cases/Condicionales_If/Test_edad: Test Cases/Condicionales_If/Test_edad

2022-11-30 22:43:42 - [TEST_STEP][PASSED] - if (edad >= 1 && edad <= 17): null

2022-11-30 22:43:42 - [TEST_STEP][PASSED] - else if (edad == 18): null

2022-11-30 22:43:42 - [TEST_STEP][PASSED] - else if (edad <= 0): null

2022-11-30 22:43:42 - [TEST_STEP][PASSED] - else if (edad == 120): null

2022-11-30 22:43:42 - [TEST_STEP][PASSED] - else: null

2022-11-30 22:43:42 - [TEST_STEP][PASSED] - print("No se cumple ninguna de las opciones"): null]]></system-out>
         <system-err><![CDATA[]]></system-err>
      </testcase>
      <testcase name="Test Cases/Condicionales_If/Test_valor" time="171.525" classname="Test Cases/Condicionales_If/Test_valor" status="PASSED">
         <system-out><![CDATA[2022-11-30 22:43:42 - [TEST_CASE][PASSED] - Test Cases/Condicionales_If/Test_valor: Test Cases/Condicionales_If/Test_valor

2022-11-30 22:43:42 - [TEST_STEP][PASSED] - openBrowser(""): Browser is opened with url: ''

2022-11-30 22:43:42 - [MESSAGE][INFO] - User set preference: ['os', 'windows']

2022-11-30 22:43:42 - [MESSAGE][INFO] - User set preference: ['browserName', 'chrome']

2022-11-30 22:43:42 - [MESSAGE][INFO] - User set preference: ['browserVersion', '103']

2022-11-30 22:43:42 - [MESSAGE][INFO] - User set preference: ['katalon:option', '{organizationId=987205, tunnelId=, usingTunnel=false}']

2022-11-30 22:43:42 - [MESSAGE][INFO] - Connecting to remote web server 'testcloud.katalon.com/hub' with type 'Selenium'

2022-11-30 22:43:42 - [MESSAGE][INFO] - Action delay is set to 0 milliseconds

2022-11-30 22:46:15 - [MESSAGE][PASSED] - Browser is opened with url: ''

2022-11-30 22:46:15 - [TEST_STEP][PASSED] - navigateToUrl("https://demoqa.com/"): Navigate to 'https://demoqa.com/' successfully

2022-11-30 22:46:18 - [MESSAGE][PASSED] - Navigate to 'https://demoqa.com/' successfully

2022-11-30 22:46:18 - [TEST_STEP][PASSED] - maximizeWindow(): Current window maximized

2022-11-30 22:46:18 - [MESSAGE][PASSED] - Current window maximized

2022-11-30 22:46:18 - [TEST_STEP][PASSED] - waitForPageLoad(10): Wait for page load successfully

2022-11-30 22:46:19 - [MESSAGE][PASSED] - Wait for page load successfully

2022-11-30 22:46:19 - [TEST_STEP][PASSED] - Existe = waitForElementVisible(findTestObject("Condicionales/titulo1"), 5): Web element with id: 'Object Repository/Condicionales/titulo1' located by '//div[@class='main-header'][contains(.,'Radio Button')]' not found

2022-11-30 22:46:27 - [MESSAGE][INFO] - Unable to find the element located by 'By.xpath: //div[@class='main-header'][contains(.,'Radio Button')]'. Please recheck the objects properties to make sure the desired element is located. 

2022-11-30 22:46:27 - [MESSAGE][WARNING] - [SELF-HEALING] Failed to find element with id 'Object Repository/Condicionales/titulo1'. Try using Self-healing.

2022-11-30 22:46:28 - [MESSAGE][INFO] - [SELF-HEALING] No working XPath is found.

2022-11-30 22:46:30 - [MESSAGE][INFO] - Unable to find the element located by 'By.xpath: '. Please recheck the objects properties to make sure the desired element is located. 

2022-11-30 22:46:30 - [MESSAGE][WARNING] - [SELF-HEALING] Cannot find elements when the selector is null

2022-11-30 22:46:30 - [MESSAGE][WARNING] - Web element with id: 'Object Repository/Condicionales/titulo1' located by '//div[@class='main-header'][contains(.,'Radio Button')]' not found

2022-11-30 22:46:30 - [TEST_STEP][PASSED] - if (Existe == true): null

2022-11-30 22:46:30 - [TEST_STEP][PASSED] - else: Browser is closed

2022-11-30 22:46:30 - [TEST_STEP][PASSED] - print("No estas en la página correcta"): null

2022-11-30 22:46:30 - [TEST_STEP][PASSED] - closeBrowser(): Browser is closed

2022-11-30 22:46:33 - [MESSAGE][PASSED] - Browser is closed]]></system-out>
         <system-err><![CDATA[]]></system-err>
      </testcase>
      <testcase name="Test Cases/BUCLES/Reto_For" time="267.855" classname="Test Cases/BUCLES/Reto_For" status="PASSED">
         <system-out><![CDATA[2022-11-30 22:46:34 - [TEST_CASE][PASSED] - Test Cases/BUCLES/Reto_For: Test Cases/BUCLES/Reto_For

2022-11-30 22:46:34 - [TEST_STEP][PASSED] - openBrowser(""): Browser is opened with url: ''

2022-11-30 22:46:34 - [MESSAGE][INFO] - User set preference: ['os', 'windows']

2022-11-30 22:46:34 - [MESSAGE][INFO] - User set preference: ['browserName', 'chrome']

2022-11-30 22:46:34 - [MESSAGE][INFO] - User set preference: ['browserVersion', '103']

2022-11-30 22:46:34 - [MESSAGE][INFO] - User set preference: ['katalon:option', '{organizationId=987205, tunnelId=, usingTunnel=false}']

2022-11-30 22:46:34 - [MESSAGE][INFO] - Connecting to remote web server 'testcloud.katalon.com/hub' with type 'Selenium'

2022-11-30 22:46:34 - [MESSAGE][INFO] - Action delay is set to 0 milliseconds

2022-11-30 22:49:03 - [MESSAGE][PASSED] - Browser is opened with url: ''

2022-11-30 22:49:03 - [TEST_STEP][PASSED] - navigateToUrl("https://demoqa.com/text-box"): Navigate to 'https://demoqa.com/text-box' successfully

2022-11-30 22:49:07 - [MESSAGE][PASSED] - Navigate to 'https://demoqa.com/text-box' successfully

2022-11-30 22:49:07 - [TEST_STEP][PASSED] - maximizeWindow(): Current window maximized

2022-11-30 22:49:07 - [MESSAGE][PASSED] - Current window maximized

2022-11-30 22:49:07 - [TEST_STEP][PASSED] - waitForPageLoad(5): Wait for page load successfully

2022-11-30 22:49:08 - [MESSAGE][PASSED] - Wait for page load successfully

2022-11-30 22:49:08 - [TEST_STEP][PASSED] - for ([x = 1, x <= 4, (x++)]): Browser is scrolled to position x = 0, y = 100

2022-11-30 22:49:08 - [TEST_STEP][PASSED] - z = ["Carlos", "Erika", "Paco", "Rodrigo", "Juan"]: null

2022-11-30 22:49:08 - [TEST_STEP][PASSED] - rn = new java.util.Random(): null

2022-11-30 22:49:08 - [TEST_STEP][PASSED] - tx_nombre = z[rn.nextInt(size)]: null

2022-11-30 22:49:08 - [TEST_STEP][PASSED] - setText(findTestObject("Object Repository/Reto_for/Page_ToolsQA/input_Full Name_userName"), tx_nombre): Text 'Carlos' is set on object 'Object Repository/Reto_for/Page_ToolsQA/input_Full Name_userName'

2022-11-30 22:49:17 - [MESSAGE][PASSED] - Text 'Carlos' is set on object 'Object Repository/Reto_for/Page_ToolsQA/input_Full Name_userName'

2022-11-30 22:49:17 - [TEST_STEP][PASSED] - setText(findTestObject("Object Repository/Reto_for/Page_ToolsQA/input_Email_userEmail"), tx_nombre + "@gmail.com"): Text 'Carlos@gmail.com' is set on object 'Object Repository/Reto_for/Page_ToolsQA/input_Email_userEmail'

2022-11-30 22:49:24 - [MESSAGE][PASSED] - Text 'Carlos@gmail.com' is set on object 'Object Repository/Reto_for/Page_ToolsQA/input_Email_userEmail'

2022-11-30 22:49:24 - [TEST_STEP][PASSED] - setText(findTestObject("Object Repository/Reto_for/Page_ToolsQA/textarea_Current Address_currentAddress"), "Dirección#" + x): Text 'Dirección#1' is set on object 'Object Repository/Reto_for/Page_ToolsQA/textarea_Current Address_currentAddress'

2022-11-30 22:49:29 - [MESSAGE][PASSED] - Text 'Dirección#1' is set on object 'Object Repository/Reto_for/Page_ToolsQA/textarea_Current Address_currentAddress'

2022-11-30 22:49:29 - [TEST_STEP][PASSED] - setText(findTestObject("Object Repository/Reto_for/Page_ToolsQA/textarea_Permanent Address_permanentAddress"), "Dirección dos#" + x): Text 'Dirección dos#1' is set on object 'Object Repository/Reto_for/Page_ToolsQA/textarea_Permanent Address_permanentAddress'

2022-11-30 22:49:35 - [MESSAGE][PASSED] - Text 'Dirección dos#1' is set on object 'Object Repository/Reto_for/Page_ToolsQA/textarea_Permanent Address_permanentAddress'

2022-11-30 22:49:35 - [TEST_STEP][PASSED] - scrollToPosition(0, 500): Browser is scrolled to position x = 0, y = 500

2022-11-30 22:49:35 - [MESSAGE][PASSED] - Browser is scrolled to position x = 0, y = 500

2022-11-30 22:49:35 - [TEST_STEP][PASSED] - click(findTestObject("Object Repository/Reto_for/Page_ToolsQA/button_Submit")): Object: 'Object Repository/Reto_for/Page_ToolsQA/button_Submit' is clicked on

2022-11-30 22:49:37 - [MESSAGE][PASSED] - Object: 'Object Repository/Reto_for/Page_ToolsQA/button_Submit' is clicked on

2022-11-30 22:49:37 - [TEST_STEP][PASSED] - scrollToPosition(0, 100): Browser is scrolled to position x = 0, y = 100

2022-11-30 22:49:38 - [MESSAGE][PASSED] - Browser is scrolled to position x = 0, y = 100

2022-11-30 22:49:38 - [TEST_STEP][PASSED] - z = ["Carlos", "Erika", "Paco", "Rodrigo", "Juan"]: null

2022-11-30 22:49:38 - [TEST_STEP][PASSED] - rn = new java.util.Random(): null

2022-11-30 22:49:38 - [TEST_STEP][PASSED] - tx_nombre = z[rn.nextInt(size)]: null

2022-11-30 22:49:38 - [TEST_STEP][PASSED] - setText(findTestObject("Object Repository/Reto_for/Page_ToolsQA/input_Full Name_userName"), tx_nombre): Text 'Carlos' is set on object 'Object Repository/Reto_for/Page_ToolsQA/input_Full Name_userName'

2022-11-30 22:49:44 - [MESSAGE][PASSED] - Text 'Carlos' is set on object 'Object Repository/Reto_for/Page_ToolsQA/input_Full Name_userName'

2022-11-30 22:49:44 - [TEST_STEP][PASSED] - setText(findTestObject("Object Repository/Reto_for/Page_ToolsQA/input_Email_userEmail"), tx_nombre + "@gmail.com"): Text 'Carlos@gmail.com' is set on object 'Object Repository/Reto_for/Page_ToolsQA/input_Email_userEmail'

2022-11-30 22:49:49 - [MESSAGE][PASSED] - Text 'Carlos@gmail.com' is set on object 'Object Repository/Reto_for/Page_ToolsQA/input_Email_userEmail'

2022-11-30 22:49:49 - [TEST_STEP][PASSED] - setText(findTestObject("Object Repository/Reto_for/Page_ToolsQA/textarea_Current Address_currentAddress"), "Dirección#" + x): Text 'Dirección#2' is set on object 'Object Repository/Reto_for/Page_ToolsQA/textarea_Current Address_currentAddress'

2022-11-30 22:49:54 - [MESSAGE][PASSED] - Text 'Dirección#2' is set on object 'Object Repository/Reto_for/Page_ToolsQA/textarea_Current Address_currentAddress'

2022-11-30 22:49:54 - [TEST_STEP][PASSED] - setText(findTestObject("Object Repository/Reto_for/Page_ToolsQA/textarea_Permanent Address_permanentAddress"), "Dirección dos#" + x): Text 'Dirección dos#2' is set on object 'Object Repository/Reto_for/Page_ToolsQA/textarea_Permanent Address_permanentAddress'

2022-11-30 22:50:01 - [MESSAGE][PASSED] - Text 'Dirección dos#2' is set on object 'Object Repository/Reto_for/Page_ToolsQA/textarea_Permanent Address_permanentAddress'

2022-11-30 22:50:01 - [TEST_STEP][PASSED] - scrollToPosition(0, 500): Browser is scrolled to position x = 0, y = 500

2022-11-30 22:50:03 - [MESSAGE][PASSED] - Browser is scrolled to position x = 0, y = 500

2022-11-30 22:50:03 - [TEST_STEP][PASSED] - click(findTestObject("Object Repository/Reto_for/Page_ToolsQA/button_Submit")): Object: 'Object Repository/Reto_for/Page_ToolsQA/button_Submit' is clicked on

2022-11-30 22:50:06 - [MESSAGE][PASSED] - Object: 'Object Repository/Reto_for/Page_ToolsQA/button_Submit' is clicked on

2022-11-30 22:50:06 - [TEST_STEP][PASSED] - scrollToPosition(0, 100): Browser is scrolled to position x = 0, y = 100

2022-11-30 22:50:06 - [MESSAGE][PASSED] - Browser is scrolled to position x = 0, y = 100

2022-11-30 22:50:06 - [TEST_STEP][PASSED] - z = ["Carlos", "Erika", "Paco", "Rodrigo", "Juan"]: null

2022-11-30 22:50:06 - [TEST_STEP][PASSED] - rn = new java.util.Random(): null

2022-11-30 22:50:06 - [TEST_STEP][PASSED] - tx_nombre = z[rn.nextInt(size)]: null

2022-11-30 22:50:06 - [TEST_STEP][PASSED] - setText(findTestObject("Object Repository/Reto_for/Page_ToolsQA/input_Full Name_userName"), tx_nombre): Text 'Carlos' is set on object 'Object Repository/Reto_for/Page_ToolsQA/input_Full Name_userName'

2022-11-30 22:50:11 - [MESSAGE][PASSED] - Text 'Carlos' is set on object 'Object Repository/Reto_for/Page_ToolsQA/input_Full Name_userName'

2022-11-30 22:50:11 - [TEST_STEP][PASSED] - setText(findTestObject("Object Repository/Reto_for/Page_ToolsQA/input_Email_userEmail"), tx_nombre + "@gmail.com"): Text 'Carlos@gmail.com' is set on object 'Object Repository/Reto_for/Page_ToolsQA/input_Email_userEmail'

2022-11-30 22:50:15 - [MESSAGE][PASSED] - Text 'Carlos@gmail.com' is set on object 'Object Repository/Reto_for/Page_ToolsQA/input_Email_userEmail'

2022-11-30 22:50:15 - [TEST_STEP][PASSED] - setText(findTestObject("Object Repository/Reto_for/Page_ToolsQA/textarea_Current Address_currentAddress"), "Dirección#" + x): Text 'Dirección#3' is set on object 'Object Repository/Reto_for/Page_ToolsQA/textarea_Current Address_currentAddress'

2022-11-30 22:50:20 - [MESSAGE][PASSED] - Text 'Dirección#3' is set on object 'Object Repository/Reto_for/Page_ToolsQA/textarea_Current Address_currentAddress'

2022-11-30 22:50:20 - [TEST_STEP][PASSED] - setText(findTestObject("Object Repository/Reto_for/Page_ToolsQA/textarea_Permanent Address_permanentAddress"), "Dirección dos#" + x): Text 'Dirección dos#3' is set on object 'Object Repository/Reto_for/Page_ToolsQA/textarea_Permanent Address_permanentAddress'

2022-11-30 22:50:25 - [MESSAGE][PASSED] - Text 'Dirección dos#3' is set on object 'Object Repository/Reto_for/Page_ToolsQA/textarea_Permanent Address_permanentAddress'

2022-11-30 22:50:25 - [TEST_STEP][PASSED] - scrollToPosition(0, 500): Browser is scrolled to position x = 0, y = 500

2022-11-30 22:50:25 - [MESSAGE][PASSED] - Browser is scrolled to position x = 0, y = 500

2022-11-30 22:50:25 - [TEST_STEP][PASSED] - click(findTestObject("Object Repository/Reto_for/Page_ToolsQA/button_Submit")): Object: 'Object Repository/Reto_for/Page_ToolsQA/button_Submit' is clicked on

2022-11-30 22:50:28 - [MESSAGE][PASSED] - Object: 'Object Repository/Reto_for/Page_ToolsQA/button_Submit' is clicked on

2022-11-30 22:50:28 - [TEST_STEP][PASSED] - scrollToPosition(0, 100): Browser is scrolled to position x = 0, y = 100

2022-11-30 22:50:29 - [MESSAGE][PASSED] - Browser is scrolled to position x = 0, y = 100

2022-11-30 22:50:29 - [TEST_STEP][PASSED] - z = ["Carlos", "Erika", "Paco", "Rodrigo", "Juan"]: null

2022-11-30 22:50:29 - [TEST_STEP][PASSED] - rn = new java.util.Random(): null

2022-11-30 22:50:29 - [TEST_STEP][PASSED] - tx_nombre = z[rn.nextInt(size)]: null

2022-11-30 22:50:29 - [TEST_STEP][PASSED] - setText(findTestObject("Object Repository/Reto_for/Page_ToolsQA/input_Full Name_userName"), tx_nombre): Text 'Carlos' is set on object 'Object Repository/Reto_for/Page_ToolsQA/input_Full Name_userName'

2022-11-30 22:50:34 - [MESSAGE][PASSED] - Text 'Carlos' is set on object 'Object Repository/Reto_for/Page_ToolsQA/input_Full Name_userName'

2022-11-30 22:50:34 - [TEST_STEP][PASSED] - setText(findTestObject("Object Repository/Reto_for/Page_ToolsQA/input_Email_userEmail"), tx_nombre + "@gmail.com"): Text 'Carlos@gmail.com' is set on object 'Object Repository/Reto_for/Page_ToolsQA/input_Email_userEmail'

2022-11-30 22:50:39 - [MESSAGE][PASSED] - Text 'Carlos@gmail.com' is set on object 'Object Repository/Reto_for/Page_ToolsQA/input_Email_userEmail'

2022-11-30 22:50:39 - [TEST_STEP][PASSED] - setText(findTestObject("Object Repository/Reto_for/Page_ToolsQA/textarea_Current Address_currentAddress"), "Dirección#" + x): Text 'Dirección#4' is set on object 'Object Repository/Reto_for/Page_ToolsQA/textarea_Current Address_currentAddress'

2022-11-30 22:50:45 - [MESSAGE][PASSED] - Text 'Dirección#4' is set on object 'Object Repository/Reto_for/Page_ToolsQA/textarea_Current Address_currentAddress'

2022-11-30 22:50:45 - [TEST_STEP][PASSED] - setText(findTestObject("Object Repository/Reto_for/Page_ToolsQA/textarea_Permanent Address_permanentAddress"), "Dirección dos#" + x): Text 'Dirección dos#4' is set on object 'Object Repository/Reto_for/Page_ToolsQA/textarea_Permanent Address_permanentAddress'

2022-11-30 22:50:52 - [MESSAGE][PASSED] - Text 'Dirección dos#4' is set on object 'Object Repository/Reto_for/Page_ToolsQA/textarea_Permanent Address_permanentAddress'

2022-11-30 22:50:52 - [TEST_STEP][PASSED] - scrollToPosition(0, 500): Browser is scrolled to position x = 0, y = 500

2022-11-30 22:50:53 - [MESSAGE][PASSED] - Browser is scrolled to position x = 0, y = 500

2022-11-30 22:50:53 - [TEST_STEP][PASSED] - click(findTestObject("Object Repository/Reto_for/Page_ToolsQA/button_Submit")): Object: 'Object Repository/Reto_for/Page_ToolsQA/button_Submit' is clicked on

2022-11-30 22:50:57 - [MESSAGE][PASSED] - Object: 'Object Repository/Reto_for/Page_ToolsQA/button_Submit' is clicked on

2022-11-30 22:50:57 - [TEST_STEP][PASSED] - scrollToPosition(0, 100): Browser is scrolled to position x = 0, y = 100

2022-11-30 22:50:58 - [MESSAGE][PASSED] - Browser is scrolled to position x = 0, y = 100

2022-11-30 22:50:58 - [TEST_STEP][PASSED] - closeBrowser(): Browser is closed

2022-11-30 22:51:01 - [MESSAGE][PASSED] - Browser is closed]]></system-out>
         <system-err><![CDATA[]]></system-err>
      </testcase>
      <testcase name="Test Cases/BUCLES/Reto_while" time="165.26" classname="Test Cases/BUCLES/Reto_while" status="PASSED">
         <system-out><![CDATA[2022-11-30 22:51:01 - [TEST_CASE][PASSED] - Test Cases/BUCLES/Reto_while: Test Cases/BUCLES/Reto_while

2022-11-30 22:51:01 - [TEST_STEP][PASSED] - openBrowser(""): Browser is opened with url: ''

2022-11-30 22:51:01 - [MESSAGE][INFO] - User set preference: ['os', 'windows']

2022-11-30 22:51:01 - [MESSAGE][INFO] - User set preference: ['browserName', 'chrome']

2022-11-30 22:51:01 - [MESSAGE][INFO] - User set preference: ['browserVersion', '103']

2022-11-30 22:51:01 - [MESSAGE][INFO] - User set preference: ['katalon:option', '{organizationId=987205, tunnelId=, usingTunnel=false}']

2022-11-30 22:51:01 - [MESSAGE][INFO] - Connecting to remote web server 'testcloud.katalon.com/hub' with type 'Selenium'

2022-11-30 22:51:01 - [MESSAGE][INFO] - Action delay is set to 0 milliseconds

2022-11-30 22:53:27 - [MESSAGE][PASSED] - Browser is opened with url: ''

2022-11-30 22:53:27 - [TEST_STEP][PASSED] - navigateToUrl("https://www.google.com/"): Navigate to 'https://www.google.com/' successfully

2022-11-30 22:53:29 - [MESSAGE][PASSED] - Navigate to 'https://www.google.com/' successfully

2022-11-30 22:53:29 - [TEST_STEP][PASSED] - Bandera = 0: null

2022-11-30 22:53:29 - [TEST_STEP][PASSED] - while (Bandera != 1): null

2022-11-30 22:53:29 - [TEST_STEP][PASSED] - num = Math.random() * 5 - 1 + 1: null

2022-11-30 22:53:29 - [TEST_STEP][PASSED] - setText(findTestObject("Object Repository/While_google/Page_Google/input__q"), "5+" + num): Text '5+3' is set on object 'Object Repository/While_google/Page_Google/input__q'

2022-11-30 22:53:36 - [MESSAGE][PASSED] - Text '5+3' is set on object 'Object Repository/While_google/Page_Google/input__q'

2022-11-30 22:53:36 - [TEST_STEP][PASSED] - sendKeys(findTestObject("Object Repository/While_google/Page_Google/input__q"), Keys.chord(ENTER)): Keys 'ENTER + ' sent to object: 'Object Repository/While_google/Page_Google/input__q'

2022-11-30 22:53:40 - [MESSAGE][PASSED] - Keys 'ENTER + ' sent to object: 'Object Repository/While_google/Page_Google/input__q'

2022-11-30 22:53:40 - [TEST_STEP][PASSED] - Resultado = getText(findTestObject("While_google/Extras/Resultado_10")): Text of object 'Object Repository/While_google/Extras/Resultado_10' is: '8'

2022-11-30 22:53:43 - [MESSAGE][PASSED] - Text of object 'Object Repository/While_google/Extras/Resultado_10' is: '8'

2022-11-30 22:53:43 - [TEST_STEP][PASSED] - if (Resultado == "8"): Browser is closed

2022-11-30 22:53:43 - [TEST_STEP][PASSED] - Bandera = 1: null

2022-11-30 22:53:43 - [TEST_STEP][PASSED] - print("Listo termina"): null

2022-11-30 22:53:43 - [TEST_STEP][PASSED] - closeBrowser(): Browser is closed

2022-11-30 22:53:47 - [MESSAGE][PASSED] - Browser is closed

2022-11-30 22:53:47 - [TEST_STEP][PASSED] - print(Bandera + "------"): null]]></system-out>
         <system-err><![CDATA[]]></system-err>
      </testcase>
      <testcase name="Test Cases/BUCLES/Reto_while_solucion" time="182.686" classname="Test Cases/BUCLES/Reto_while_solucion" status="PASSED">
         <system-out><![CDATA[2022-11-30 22:53:47 - [TEST_CASE][PASSED] - Test Cases/BUCLES/Reto_while_solucion: Test Cases/BUCLES/Reto_while_solucion

2022-11-30 22:53:47 - [TEST_STEP][PASSED] - openBrowser(""): Browser is opened with url: ''

2022-11-30 22:53:47 - [MESSAGE][INFO] - User set preference: ['os', 'windows']

2022-11-30 22:53:47 - [MESSAGE][INFO] - User set preference: ['browserName', 'chrome']

2022-11-30 22:53:47 - [MESSAGE][INFO] - User set preference: ['browserVersion', '103']

2022-11-30 22:53:47 - [MESSAGE][INFO] - User set preference: ['katalon:option', '{organizationId=987205, tunnelId=, usingTunnel=false}']

2022-11-30 22:53:47 - [MESSAGE][INFO] - Connecting to remote web server 'testcloud.katalon.com/hub' with type 'Selenium'

2022-11-30 22:53:47 - [MESSAGE][INFO] - Action delay is set to 0 milliseconds

2022-11-30 22:56:18 - [MESSAGE][PASSED] - Browser is opened with url: ''

2022-11-30 22:56:18 - [TEST_STEP][PASSED] - navigateToUrl("https://www.google.com/"): Navigate to 'https://www.google.com/' successfully

2022-11-30 22:56:20 - [MESSAGE][PASSED] - Navigate to 'https://www.google.com/' successfully

2022-11-30 22:56:20 - [TEST_STEP][PASSED] - Res = 0: null

2022-11-30 22:56:20 - [TEST_STEP][PASSED] - while (Res != 8): Browser is closed

2022-11-30 22:56:20 - [TEST_STEP][PASSED] - num = Math.random() * 5 - 1 + 1: null

2022-11-30 22:56:20 - [TEST_STEP][PASSED] - setText(findTestObject("Object Repository/Reto_while1/Page_Google/input__q"), "5+" + num): Text '5+2' is set on object 'Object Repository/Reto_while1/Page_Google/input__q'

2022-11-30 22:56:27 - [MESSAGE][PASSED] - Text '5+2' is set on object 'Object Repository/Reto_while1/Page_Google/input__q'

2022-11-30 22:56:27 - [TEST_STEP][PASSED] - sendKeys(findTestObject("Object Repository/Reto_while1/Page_Google/input__q"), Keys.chord(ENTER)): Keys 'ENTER + ' sent to object: 'Object Repository/Reto_while1/Page_Google/input__q'

2022-11-30 22:56:31 - [MESSAGE][PASSED] - Keys 'ENTER + ' sent to object: 'Object Repository/Reto_while1/Page_Google/input__q'

2022-11-30 22:56:31 - [TEST_STEP][PASSED] - Res = getText(findTestObject("Reto_while1/Resultado_8")).toInteger(): Text of object 'Object Repository/Reto_while1/Resultado_8' is: '7'

2022-11-30 22:56:33 - [MESSAGE][PASSED] - Text of object 'Object Repository/Reto_while1/Resultado_8' is: '7'

2022-11-30 22:56:33 - [TEST_STEP][PASSED] - if (Res == 8): null

2022-11-30 22:56:33 - [TEST_STEP][PASSED] - num = Math.random() * 5 - 1 + 1: null

2022-11-30 22:56:33 - [TEST_STEP][PASSED] - setText(findTestObject("Object Repository/Reto_while1/Page_Google/input__q"), "5+" + num): Text '5+3' is set on object 'Object Repository/Reto_while1/Page_Google/input__q'

2022-11-30 22:56:40 - [MESSAGE][PASSED] - Text '5+3' is set on object 'Object Repository/Reto_while1/Page_Google/input__q'

2022-11-30 22:56:40 - [TEST_STEP][PASSED] - sendKeys(findTestObject("Object Repository/Reto_while1/Page_Google/input__q"), Keys.chord(ENTER)): Keys 'ENTER + ' sent to object: 'Object Repository/Reto_while1/Page_Google/input__q'

2022-11-30 22:56:45 - [MESSAGE][PASSED] - Keys 'ENTER + ' sent to object: 'Object Repository/Reto_while1/Page_Google/input__q'

2022-11-30 22:56:45 - [TEST_STEP][PASSED] - Res = getText(findTestObject("Reto_while1/Resultado_8")).toInteger(): Text of object 'Object Repository/Reto_while1/Resultado_8' is: '8'

2022-11-30 22:56:47 - [MESSAGE][PASSED] - Text of object 'Object Repository/Reto_while1/Resultado_8' is: '8'

2022-11-30 22:56:47 - [TEST_STEP][PASSED] - if (Res == 8): Browser is closed

2022-11-30 22:56:47 - [TEST_STEP][PASSED] - closeBrowser(): Browser is closed

2022-11-30 22:56:49 - [MESSAGE][PASSED] - Browser is closed]]></system-out>
         <system-err><![CDATA[]]></system-err>
      </testcase>
      <testcase name="Test Cases/BUCLES/Test_1" time="490.847" classname="Test Cases/BUCLES/Test_1" status="PASSED">
         <system-out><![CDATA[2022-11-30 22:56:49 - [TEST_CASE][PASSED] - Test Cases/BUCLES/Test_1: Test Cases/BUCLES/Test_1

2022-11-30 22:56:49 - [TEST_STEP][PASSED] - openBrowser(""): Browser is opened with url: ''

2022-11-30 22:56:49 - [MESSAGE][INFO] - User set preference: ['os', 'windows']

2022-11-30 22:56:49 - [MESSAGE][INFO] - User set preference: ['browserName', 'chrome']

2022-11-30 22:56:49 - [MESSAGE][INFO] - User set preference: ['browserVersion', '103']

2022-11-30 22:56:49 - [MESSAGE][INFO] - User set preference: ['katalon:option', '{organizationId=987205, tunnelId=, usingTunnel=false}']

2022-11-30 22:56:49 - [MESSAGE][INFO] - Connecting to remote web server 'testcloud.katalon.com/hub' with type 'Selenium'

2022-11-30 22:56:49 - [MESSAGE][INFO] - Action delay is set to 0 milliseconds

2022-11-30 22:59:19 - [MESSAGE][PASSED] - Browser is opened with url: ''

2022-11-30 22:59:19 - [TEST_STEP][PASSED] - navigateToUrl("https://demoqa.com/text-box"): Navigate to 'https://demoqa.com/text-box' successfully

2022-11-30 22:59:23 - [MESSAGE][PASSED] - Navigate to 'https://demoqa.com/text-box' successfully

2022-11-30 22:59:23 - [TEST_STEP][PASSED] - for ([x = 1, x <= 2, (x++)]): null

2022-11-30 22:59:23 - [TEST_STEP][PASSED] - openBrowser(""): Browser is opened with url: ''

2022-11-30 22:59:23 - [MESSAGE][WARNING] - A browser is already opened. Closing browser and opening a new one

2022-11-30 22:59:32 - [MESSAGE][INFO] - User set preference: ['os', 'windows']

2022-11-30 22:59:32 - [MESSAGE][INFO] - User set preference: ['browserName', 'chrome']

2022-11-30 22:59:32 - [MESSAGE][INFO] - User set preference: ['browserVersion', '103']

2022-11-30 22:59:32 - [MESSAGE][INFO] - User set preference: ['katalon:option', '{organizationId=987205, tunnelId=, usingTunnel=false}']

2022-11-30 22:59:32 - [MESSAGE][INFO] - Connecting to remote web server 'testcloud.katalon.com/hub' with type 'Selenium'

2022-11-30 22:59:32 - [MESSAGE][INFO] - Action delay is set to 0 milliseconds

2022-11-30 23:01:59 - [MESSAGE][PASSED] - Browser is opened with url: ''

2022-11-30 23:01:59 - [TEST_STEP][PASSED] - navigateToUrl("https://demoqa.com/text-box"): Navigate to 'https://demoqa.com/text-box' successfully

2022-11-30 23:02:03 - [MESSAGE][PASSED] - Navigate to 'https://demoqa.com/text-box' successfully

2022-11-30 23:02:03 - [TEST_STEP][PASSED] - RN = Math.random() * 10 - 1 + 1: null

2022-11-30 23:02:03 - [TEST_STEP][PASSED] - print("Numero : " + RN + "----"): null

2022-11-30 23:02:03 - [TEST_STEP][PASSED] - z = ["Demo1", "Demo2", "Demo3", "Demo4", "Demo5"]: null

2022-11-30 23:02:03 - [TEST_STEP][PASSED] - rnd = new java.util.Random(): null

2022-11-30 23:02:03 - [TEST_STEP][PASSED] - texto = z[rnd.nextInt(size)]: null

2022-11-30 23:02:03 - [TEST_STEP][PASSED] - print(texto): null

2022-11-30 23:02:03 - [TEST_STEP][PASSED] - openBrowser(""): Browser is opened with url: ''

2022-11-30 23:02:03 - [MESSAGE][WARNING] - A browser is already opened. Closing browser and opening a new one

2022-11-30 23:02:16 - [MESSAGE][INFO] - User set preference: ['os', 'windows']

2022-11-30 23:02:16 - [MESSAGE][INFO] - User set preference: ['browserName', 'chrome']

2022-11-30 23:02:16 - [MESSAGE][INFO] - User set preference: ['browserVersion', '103']

2022-11-30 23:02:16 - [MESSAGE][INFO] - User set preference: ['katalon:option', '{organizationId=987205, tunnelId=, usingTunnel=false}']

2022-11-30 23:02:16 - [MESSAGE][INFO] - Connecting to remote web server 'testcloud.katalon.com/hub' with type 'Selenium'

2022-11-30 23:02:16 - [MESSAGE][INFO] - Action delay is set to 0 milliseconds

2022-11-30 23:04:47 - [MESSAGE][PASSED] - Browser is opened with url: ''

2022-11-30 23:04:47 - [TEST_STEP][PASSED] - navigateToUrl("https://demoqa.com/text-box"): Navigate to 'https://demoqa.com/text-box' successfully

2022-11-30 23:04:50 - [MESSAGE][PASSED] - Navigate to 'https://demoqa.com/text-box' successfully

2022-11-30 23:04:50 - [TEST_STEP][PASSED] - RN = Math.random() * 10 - 1 + 1: null

2022-11-30 23:04:50 - [TEST_STEP][PASSED] - print("Numero : " + RN + "----"): null

2022-11-30 23:04:50 - [TEST_STEP][PASSED] - z = ["Demo1", "Demo2", "Demo3", "Demo4", "Demo5"]: null

2022-11-30 23:04:50 - [TEST_STEP][PASSED] - rnd = new java.util.Random(): null

2022-11-30 23:04:50 - [TEST_STEP][PASSED] - texto = z[rnd.nextInt(size)]: null

2022-11-30 23:04:50 - [TEST_STEP][PASSED] - print(texto): null

2022-11-30 23:04:50 - [TEST_STEP][PASSED] - closeBrowser(): Browser is closed

2022-11-30 23:05:00 - [MESSAGE][PASSED] - Browser is closed]]></system-out>
         <system-err><![CDATA[]]></system-err>
      </testcase>
      <testcase name="Test Cases/BUCLES/Test_2" time="158.081" classname="Test Cases/BUCLES/Test_2" status="PASSED">
         <system-out><![CDATA[2022-11-30 23:05:00 - [TEST_CASE][PASSED] - Test Cases/BUCLES/Test_2: Test Cases/BUCLES/Test_2

2022-11-30 23:05:00 - [TEST_STEP][PASSED] - openBrowser(""): Browser is opened with url: ''

2022-11-30 23:05:00 - [MESSAGE][INFO] - User set preference: ['os', 'windows']

2022-11-30 23:05:00 - [MESSAGE][INFO] - User set preference: ['browserName', 'chrome']

2022-11-30 23:05:00 - [MESSAGE][INFO] - User set preference: ['browserVersion', '103']

2022-11-30 23:05:00 - [MESSAGE][INFO] - User set preference: ['katalon:option', '{organizationId=987205, tunnelId=, usingTunnel=false}']

2022-11-30 23:05:00 - [MESSAGE][INFO] - Connecting to remote web server 'testcloud.katalon.com/hub' with type 'Selenium'

2022-11-30 23:05:00 - [MESSAGE][INFO] - Action delay is set to 0 milliseconds

2022-11-30 23:07:30 - [MESSAGE][PASSED] - Browser is opened with url: ''

2022-11-30 23:07:30 - [TEST_STEP][PASSED] - navigateToUrl("https://demoqa.com/text-box"): Navigate to 'https://demoqa.com/text-box' successfully

2022-11-30 23:07:33 - [MESSAGE][PASSED] - Navigate to 'https://demoqa.com/text-box' successfully

2022-11-30 23:07:33 - [TEST_STEP][PASSED] - for ([x = 1, x <= 10, x = x + 2]): null

2022-11-30 23:07:33 - [TEST_STEP][PASSED] - print(" hola mundo " + x + "-------"): null

2022-11-30 23:07:33 - [TEST_STEP][PASSED] - print(" hola mundo " + x + "-------"): null

2022-11-30 23:07:33 - [TEST_STEP][PASSED] - print(" hola mundo " + x + "-------"): null

2022-11-30 23:07:33 - [TEST_STEP][PASSED] - print(" hola mundo " + x + "-------"): null

2022-11-30 23:07:33 - [TEST_STEP][PASSED] - print(" hola mundo " + x + "-------"): null

2022-11-30 23:07:33 - [TEST_STEP][PASSED] - closeBrowser(): Browser is closed

2022-11-30 23:07:38 - [MESSAGE][PASSED] - Browser is closed]]></system-out>
         <system-err><![CDATA[]]></system-err>
      </testcase>
      <testcase name="Test Cases/BUCLES/Test_while" time="155.601" classname="Test Cases/BUCLES/Test_while" status="PASSED">
         <system-out><![CDATA[2022-11-30 23:07:38 - [TEST_CASE][PASSED] - Test Cases/BUCLES/Test_while: Test Cases/BUCLES/Test_while

2022-11-30 23:07:38 - [TEST_STEP][PASSED] - openBrowser(""): Browser is opened with url: ''

2022-11-30 23:07:38 - [MESSAGE][INFO] - User set preference: ['os', 'windows']

2022-11-30 23:07:38 - [MESSAGE][INFO] - User set preference: ['browserName', 'chrome']

2022-11-30 23:07:38 - [MESSAGE][INFO] - User set preference: ['browserVersion', '103']

2022-11-30 23:07:38 - [MESSAGE][INFO] - User set preference: ['katalon:option', '{organizationId=987205, tunnelId=, usingTunnel=false}']

2022-11-30 23:07:38 - [MESSAGE][INFO] - Connecting to remote web server 'testcloud.katalon.com/hub' with type 'Selenium'

2022-11-30 23:07:38 - [MESSAGE][INFO] - Action delay is set to 0 milliseconds

2022-11-30 23:09:58 - [MESSAGE][PASSED] - Browser is opened with url: ''

2022-11-30 23:09:58 - [TEST_STEP][PASSED] - navigateToUrl("https://demoqa.com/text-box"): Navigate to 'https://demoqa.com/text-box' successfully

2022-11-30 23:10:01 - [MESSAGE][PASSED] - Navigate to 'https://demoqa.com/text-box' successfully

2022-11-30 23:10:01 - [TEST_STEP][PASSED] - maximizeWindow(): Current window maximized

2022-11-30 23:10:04 - [MESSAGE][PASSED] - Current window maximized

2022-11-30 23:10:04 - [TEST_STEP][PASSED] - waitForPageLoad(5): Wait for page load successfully

2022-11-30 23:10:05 - [MESSAGE][PASSED] - Wait for page load successfully

2022-11-30 23:10:05 - [TEST_STEP][PASSED] - x = 1: null

2022-11-30 23:10:05 - [TEST_STEP][PASSED] - while (x <= 3): null

2022-11-30 23:10:05 - [TEST_STEP][PASSED] - print("Hola " + x + "----------"): null

2022-11-30 23:10:05 - [TEST_STEP][PASSED] - (x++): null

2022-11-30 23:10:05 - [TEST_STEP][PASSED] - print("Hola " + x + "----------"): null

2022-11-30 23:10:05 - [TEST_STEP][PASSED] - (x++): null

2022-11-30 23:10:05 - [TEST_STEP][PASSED] - print("Hola " + x + "----------"): null

2022-11-30 23:10:05 - [TEST_STEP][PASSED] - (x++): null

2022-11-30 23:10:05 - [TEST_STEP][PASSED] - closeBrowser(): Browser is closed

2022-11-30 23:10:14 - [MESSAGE][PASSED] - Browser is closed]]></system-out>
         <system-err><![CDATA[]]></system-err>
      </testcase>
      <testcase name="Test Cases/BUCLES/Test_while2" time="170.355" classname="Test Cases/BUCLES/Test_while2" status="PASSED">
         <system-out><![CDATA[2022-11-30 23:12:57 - [TEST_CASE][PASSED] - Test Cases/BUCLES/Test_while2: Test Cases/BUCLES/Test_while2

2022-11-30 23:12:57 - [TEST_STEP][PASSED] - openBrowser(""): Browser is opened with url: ''

2022-11-30 23:12:57 - [MESSAGE][WARNING] - A browser is already opened. Closing browser and opening a new one

2022-11-30 23:13:01 - [MESSAGE][INFO] - User set preference: ['os', 'windows']

2022-11-30 23:13:01 - [MESSAGE][INFO] - User set preference: ['browserName', 'chrome']

2022-11-30 23:13:01 - [MESSAGE][INFO] - User set preference: ['browserVersion', '103']

2022-11-30 23:13:01 - [MESSAGE][INFO] - User set preference: ['katalon:option', '{organizationId=987205, tunnelId=, usingTunnel=false}']

2022-11-30 23:13:01 - [MESSAGE][INFO] - Connecting to remote web server 'testcloud.katalon.com/hub' with type 'Selenium'

2022-11-30 23:13:01 - [MESSAGE][INFO] - Action delay is set to 0 milliseconds

2022-11-30 23:15:34 - [MESSAGE][PASSED] - Browser is opened with url: ''

2022-11-30 23:15:34 - [TEST_STEP][PASSED] - navigateToUrl("https://demoqa.com/text-box"): Navigate to 'https://demoqa.com/text-box' successfully

2022-11-30 23:15:36 - [MESSAGE][PASSED] - Navigate to 'https://demoqa.com/text-box' successfully

2022-11-30 23:15:36 - [TEST_STEP][PASSED] - maximizeWindow(): Current window maximized

2022-11-30 23:15:38 - [MESSAGE][PASSED] - Current window maximized

2022-11-30 23:15:38 - [TEST_STEP][PASSED] - waitForPageLoad(5): Wait for page load successfully

2022-11-30 23:15:40 - [MESSAGE][PASSED] - Wait for page load successfully

2022-11-30 23:15:40 - [TEST_STEP][PASSED] - x = 1: null

2022-11-30 23:15:40 - [TEST_STEP][PASSED] - while (x <= 5): null

2022-11-30 23:15:40 - [TEST_STEP][PASSED] - print("Valor de X" + x + "------>"): null

2022-11-30 23:15:40 - [TEST_STEP][PASSED] - (x++): null

2022-11-30 23:15:40 - [TEST_STEP][PASSED] - print("Valor de X" + x + "------>"): null

2022-11-30 23:15:40 - [TEST_STEP][PASSED] - (x++): null

2022-11-30 23:15:40 - [TEST_STEP][PASSED] - print("Valor de X" + x + "------>"): null

2022-11-30 23:15:40 - [TEST_STEP][PASSED] - (x++): null

2022-11-30 23:15:40 - [TEST_STEP][PASSED] - print("Valor de X" + x + "------>"): null

2022-11-30 23:15:40 - [TEST_STEP][PASSED] - (x++): null

2022-11-30 23:15:40 - [TEST_STEP][PASSED] - print("Valor de X" + x + "------>"): null

2022-11-30 23:15:40 - [TEST_STEP][PASSED] - (x++): null

2022-11-30 23:15:40 - [TEST_STEP][PASSED] - closeBrowser(): Browser is closed

2022-11-30 23:15:47 - [MESSAGE][PASSED] - Browser is closed]]></system-out>
         <system-err><![CDATA[]]></system-err>
      </testcase>
      <testcase name="Test Cases/Drive_excel/Drive_excel" time="183.528" classname="Test Cases/Drive_excel/Drive_excel" status="PASSED">
         <system-out><![CDATA[2022-11-30 23:15:47 - [TEST_CASE][PASSED] - Test Cases/Drive_excel/Drive_excel: Test Cases/Drive_excel/Drive_excel

2022-11-30 23:15:47 - [TEST_STEP][PASSED] - openBrowser(""): Browser is opened with url: ''

2022-11-30 23:15:47 - [MESSAGE][INFO] - User set preference: ['os', 'windows']

2022-11-30 23:15:47 - [MESSAGE][INFO] - User set preference: ['browserName', 'chrome']

2022-11-30 23:15:47 - [MESSAGE][INFO] - User set preference: ['browserVersion', '103']

2022-11-30 23:15:47 - [MESSAGE][INFO] - User set preference: ['katalon:option', '{organizationId=987205, tunnelId=, usingTunnel=false}']

2022-11-30 23:15:47 - [MESSAGE][INFO] - Connecting to remote web server 'testcloud.katalon.com/hub' with type 'Selenium'

2022-11-30 23:15:47 - [MESSAGE][INFO] - Action delay is set to 0 milliseconds

2022-11-30 23:18:17 - [MESSAGE][PASSED] - Browser is opened with url: ''

2022-11-30 23:18:17 - [TEST_STEP][PASSED] - navigateToUrl("https://demoqa.com/automation-practice-form"): Navigate to 'https://demoqa.com/automation-practice-form' successfully

2022-11-30 23:18:20 - [MESSAGE][PASSED] - Navigate to 'https://demoqa.com/automation-practice-form' successfully

2022-11-30 23:18:20 - [TEST_STEP][PASSED] - waitForPageLoad(40): Wait for page load successfully

2022-11-30 23:18:21 - [MESSAGE][PASSED] - Wait for page load successfully

2022-11-30 23:18:21 - [TEST_STEP][PASSED] - maximizeWindow(): Current window maximized

2022-11-30 23:18:22 - [MESSAGE][PASSED] - Current window maximized

2022-11-30 23:18:22 - [TEST_STEP][PASSED] - setText(findTestObject("Object Repository/Drive_excel/Page_ToolsQA/input_Name_firstName"), nombre): Text '' is set on object 'Object Repository/Drive_excel/Page_ToolsQA/input_Name_firstName'

2022-11-30 23:18:35 - [MESSAGE][PASSED] - Text '' is set on object 'Object Repository/Drive_excel/Page_ToolsQA/input_Name_firstName'

2022-11-30 23:18:35 - [TEST_STEP][PASSED] - setText(findTestObject("Object Repository/Drive_excel/Page_ToolsQA/input_Name_lastName"), apellido): Text '' is set on object 'Object Repository/Drive_excel/Page_ToolsQA/input_Name_lastName'

2022-11-30 23:18:41 - [MESSAGE][PASSED] - Text '' is set on object 'Object Repository/Drive_excel/Page_ToolsQA/input_Name_lastName'

2022-11-30 23:18:41 - [TEST_STEP][PASSED] - setText(findTestObject("Object Repository/Drive_excel/Page_ToolsQA/input_Email_userEmail"), email): Text '' is set on object 'Object Repository/Drive_excel/Page_ToolsQA/input_Email_userEmail'

2022-11-30 23:18:46 - [MESSAGE][PASSED] - Text '' is set on object 'Object Repository/Drive_excel/Page_ToolsQA/input_Email_userEmail'

2022-11-30 23:18:46 - [TEST_STEP][PASSED] - delay(2): Delayed 2 second(s)

2022-11-30 23:18:48 - [MESSAGE][PASSED] - Delayed 2 second(s)

2022-11-30 23:18:48 - [TEST_STEP][PASSED] - closeBrowser(): Browser is closed

2022-11-30 23:18:51 - [MESSAGE][PASSED] - Browser is closed]]></system-out>
         <system-err><![CDATA[]]></system-err>
      </testcase>
      <system-out><![CDATA[2022-11-30 21:31:48 - [TEST_SUITE][FAILED] - testCLoud: Test Cases/Condicionales_If/Condicionar_titulo FAILED.
Reason:
com.kms.katalon.core.exception.StepFailedException: Unable to open browser with url: ''
	at com.kms.katalon.core.webui.keyword.internal.WebUIKeywordMain.stepFailed(WebUIKeywordMain.groovy:64)
	at com.kms.katalon.core.webui.keyword.internal.WebUIKeywordMain.runKeyword(WebUIKeywordMain.groovy:26)
	at com.kms.katalon.core.webui.keyword.builtin.OpenBrowserKeyword.openBrowser(OpenBrowserKeyword.groovy:81)
	at com.kms.katalon.core.webui.keyword.builtin.OpenBrowserKeyword.execute(OpenBrowserKeyword.groovy:67)
	at com.kms.katalon.core.keyword.internal.KeywordExecutor.executeKeywordForPlatform(KeywordExecutor.groovy:74)
	at com.kms.katalon.core.webui.keyword.WebUiBuiltInKeywords.openBrowser(WebUiBuiltInKeywords.groovy:64)
	at com.kms.katalon.core.webui.keyword.WebUiBuiltInKeywords$openBrowser.call(Unknown Source)
	at Condicionar_titulo.run(Condicionar_titulo:20)
	at com.kms.katalon.core.main.ScriptEngine.run(ScriptEngine.java:194)
	at com.kms.katalon.core.main.ScriptEngine.runScriptAsRawText(ScriptEngine.java:119)
	at com.kms.katalon.core.main.TestCaseExecutor.runScript(TestCaseExecutor.java:448)
	at com.kms.katalon.core.main.TestCaseExecutor.doExecute(TestCaseExecutor.java:439)
	at com.kms.katalon.core.main.TestCaseExecutor.processExecutionPhase(TestCaseExecutor.java:418)
	at com.kms.katalon.core.main.TestCaseExecutor.accessMainPhase(TestCaseExecutor.java:410)
	at com.kms.katalon.core.main.TestCaseExecutor.execute(TestCaseExecutor.java:285)
	at com.kms.katalon.core.common.CommonExecutor.accessTestCaseMainPhase(CommonExecutor.java:65)
	at com.kms.katalon.core.main.TestSuiteExecutor.accessTestSuiteMainPhase(TestSuiteExecutor.java:151)
	at com.kms.katalon.core.main.TestSuiteExecutor.execute(TestSuiteExecutor.java:106)
	at com.kms.katalon.core.main.TestCaseMain.startTestSuite(TestCaseMain.java:185)
	at com.kms.katalon.core.main.TestCaseMain$startTestSuite$0.call(Unknown Source)
	at TempTestSuite1669854693096.run(TempTestSuite1669854693096.groovy:36)
Caused by: org.openqa.selenium.remote.UnreachableBrowserException: Could not start a new session. Possible causes are invalid address of the remote server or browser start-up failure.
Build info: version: '3.141.59', revision: 'e82be7d358', time: '2018-11-14T08:25:53'
System info: host: 'NTK2299', ip: '192.168.0.13', os.name: 'Windows 10', os.arch: 'amd64', os.version: '10.0', java.version: '1.8.0_282'
Driver info: driver.version: CRemoteWebDriver
	at org.openqa.selenium.remote.RemoteWebDriver.execute(RemoteWebDriver.java:573)
	at com.kms.katalon.selenium.driver.CRemoteWebDriver.execute(CRemoteWebDriver.java:30)
	at org.openqa.selenium.remote.RemoteWebDriver.startSession(RemoteWebDriver.java:213)
	at org.openqa.selenium.remote.RemoteWebDriver.<init>(RemoteWebDriver.java:131)
	at com.kms.katalon.selenium.driver.CRemoteWebDriver.<init>(CRemoteWebDriver.java:20)
	at com.kms.katalon.core.webui.driver.DriverFactory.createNewRemoteWebDriver(DriverFactory.java:543)
	at com.kms.katalon.core.webui.driver.DriverFactory.startRemoteBrowser(DriverFactory.java:327)
	at com.kms.katalon.core.webui.driver.DriverFactory.openWebDriver(DriverFactory.java:252)
	at com.kms.katalon.core.webui.keyword.builtin.OpenBrowserKeyword$_openBrowser_closure1.doCall(OpenBrowserKeyword.groovy:74)
	at com.kms.katalon.core.webui.keyword.builtin.OpenBrowserKeyword$_openBrowser_closure1.call(OpenBrowserKeyword.groovy)
	at com.kms.katalon.core.webui.keyword.internal.WebUIKeywordMain.runKeyword(WebUIKeywordMain.groovy:20)
	at com.kms.katalon.core.webui.keyword.builtin.OpenBrowserKeyword.openBrowser(OpenBrowserKeyword.groovy:81)
	at com.kms.katalon.core.webui.keyword.builtin.OpenBrowserKeyword.execute(OpenBrowserKeyword.groovy:67)
	at com.kms.katalon.core.keyword.internal.KeywordExecutor.executeKeywordForPlatform(KeywordExecutor.groovy:74)
	at com.kms.katalon.core.webui.keyword.WebUiBuiltInKeywords.openBrowser(WebUiBuiltInKeywords.groovy:64)
	at com.kms.katalon.core.webui.keyword.WebUiBuiltInKeywords$openBrowser.call(Unknown Source)
	at Script1627967565367.run(Script1627967565367.groovy:20)
	... 13 more
Caused by: java.net.SocketTimeoutException: timeout
	at okhttp3.internal.http2.Http2Stream$StreamTimeout.newTimeoutException(Http2Stream.java:616)
	at okhttp3.internal.http2.Http2Stream$StreamTimeout.exitAndThrowIfTimedOut(Http2Stream.java:624)
	at okhttp3.internal.http2.Http2Stream.takeResponseHeaders(Http2Stream.java:146)
	at okhttp3.internal.http2.Http2Codec.readResponseHeaders(Http2Codec.java:127)
	at okhttp3.internal.http.CallServerInterceptor.intercept(CallServerInterceptor.java:88)
	at okhttp3.internal.http.RealInterceptorChain.proceed(RealInterceptorChain.java:147)
	at okhttp3.internal.connection.ConnectInterceptor.intercept(ConnectInterceptor.java:45)
	at okhttp3.internal.http.RealInterceptorChain.proceed(RealInterceptorChain.java:147)
	at okhttp3.internal.http.RealInterceptorChain.proceed(RealInterceptorChain.java:121)
	at okhttp3.internal.cache.CacheInterceptor.intercept(CacheInterceptor.java:93)
	at okhttp3.internal.http.RealInterceptorChain.proceed(RealInterceptorChain.java:147)
	at okhttp3.internal.http.RealInterceptorChain.proceed(RealInterceptorChain.java:121)
	at okhttp3.internal.http.BridgeInterceptor.intercept(BridgeInterceptor.java:93)
	at okhttp3.internal.http.RealInterceptorChain.proceed(RealInterceptorChain.java:147)
	at okhttp3.internal.http.RetryAndFollowUpInterceptor.intercept(RetryAndFollowUpInterceptor.java:126)
	at okhttp3.internal.http.RealInterceptorChain.proceed(RealInterceptorChain.java:147)
	at okhttp3.internal.http.RealInterceptorChain.proceed(RealInterceptorChain.java:121)
	at okhttp3.RealCall.getResponseWithInterceptorChain(RealCall.java:200)
	at okhttp3.RealCall.execute(RealCall.java:77)
	at org.openqa.selenium.remote.internal.OkHttpClient.execute(OkHttpClient.java:103)
	at org.openqa.selenium.remote.ProtocolHandshake.createSession(ProtocolHandshake.java:105)
	at org.openqa.selenium.remote.ProtocolHandshake.createSession(ProtocolHandshake.java:74)
	at org.openqa.selenium.remote.HttpCommandExecutor.execute(HttpCommandExecutor.java:136)
	at org.openqa.selenium.remote.RemoteWebDriver.execute(RemoteWebDriver.java:552)
	at com.kms.katalon.selenium.driver.CRemoteWebDriver.execute(CRemoteWebDriver.java:30)
	at org.openqa.selenium.remote.RemoteWebDriver.startSession(RemoteWebDriver.java:213)
	at org.openqa.selenium.remote.RemoteWebDriver.<init>(RemoteWebDriver.java:131)
	at com.kms.katalon.selenium.driver.CRemoteWebDriver.<init>(CRemoteWebDriver.java:20)
	at com.kms.katalon.core.webui.driver.DriverFactory.createNewRemoteWebDriver(DriverFactory.java:543)
	at com.kms.katalon.core.webui.driver.DriverFactory.startRemoteBrowser(DriverFactory.java:327)
	at com.kms.katalon.core.webui.driver.DriverFactory.openWebDriver(DriverFactory.java:252)
	at com.kms.katalon.core.webui.keyword.builtin.OpenBrowserKeyword$_openBrowser_closure1.doCall(OpenBrowserKeyword.groovy:74)
	at com.kms.katalon.core.webui.keyword.builtin.OpenBrowserKeyword$_openBrowser_closure1.call(OpenBrowserKeyword.groovy)
	at com.kms.katalon.core.webui.keyword.internal.WebUIKeywordMain.runKeyword(WebUIKeywordMain.groovy:20)
	at com.kms.katalon.core.webui.keyword.builtin.OpenBrowserKeyword.openBrowser(OpenBrowserKeyword.groovy:81)
	at com.kms.katalon.core.webui.keyword.builtin.OpenBrowserKeyword.execute(OpenBrowserKeyword.groovy:67)
	at com.kms.katalon.core.keyword.internal.KeywordExecutor.executeKeywordForPlatform(KeywordExecutor.groovy:74)
	at com.kms.katalon.core.webui.keyword.WebUiBuiltInKeywords.openBrowser(WebUiBuiltInKeywords.groovy:64)
	at com.kms.katalon.core.webui.keyword.WebUiBuiltInKeywords$openBrowser.call(Unknown Source)
	at Condicionar_titulo.run(Condicionar_titulo:20)
	... 13 more]]></system-out>
      <system-err><![CDATA[2022-11-30 21:31:48 - [TEST_SUITE][FAILED] - testCLoud: Test Cases/Condicionales_If/Condicionar_titulo FAILED.
Reason:
com.kms.katalon.core.exception.StepFailedException: Unable to open browser with url: ''
	at com.kms.katalon.core.webui.keyword.internal.WebUIKeywordMain.stepFailed(WebUIKeywordMain.groovy:64)
	at com.kms.katalon.core.webui.keyword.internal.WebUIKeywordMain.runKeyword(WebUIKeywordMain.groovy:26)
	at com.kms.katalon.core.webui.keyword.builtin.OpenBrowserKeyword.openBrowser(OpenBrowserKeyword.groovy:81)
	at com.kms.katalon.core.webui.keyword.builtin.OpenBrowserKeyword.execute(OpenBrowserKeyword.groovy:67)
	at com.kms.katalon.core.keyword.internal.KeywordExecutor.executeKeywordForPlatform(KeywordExecutor.groovy:74)
	at com.kms.katalon.core.webui.keyword.WebUiBuiltInKeywords.openBrowser(WebUiBuiltInKeywords.groovy:64)
	at com.kms.katalon.core.webui.keyword.WebUiBuiltInKeywords$openBrowser.call(Unknown Source)
	at Condicionar_titulo.run(Condicionar_titulo:20)
	at com.kms.katalon.core.main.ScriptEngine.run(ScriptEngine.java:194)
	at com.kms.katalon.core.main.ScriptEngine.runScriptAsRawText(ScriptEngine.java:119)
	at com.kms.katalon.core.main.TestCaseExecutor.runScript(TestCaseExecutor.java:448)
	at com.kms.katalon.core.main.TestCaseExecutor.doExecute(TestCaseExecutor.java:439)
	at com.kms.katalon.core.main.TestCaseExecutor.processExecutionPhase(TestCaseExecutor.java:418)
	at com.kms.katalon.core.main.TestCaseExecutor.accessMainPhase(TestCaseExecutor.java:410)
	at com.kms.katalon.core.main.TestCaseExecutor.execute(TestCaseExecutor.java:285)
	at com.kms.katalon.core.common.CommonExecutor.accessTestCaseMainPhase(CommonExecutor.java:65)
	at com.kms.katalon.core.main.TestSuiteExecutor.accessTestSuiteMainPhase(TestSuiteExecutor.java:151)
	at com.kms.katalon.core.main.TestSuiteExecutor.execute(TestSuiteExecutor.java:106)
	at com.kms.katalon.core.main.TestCaseMain.startTestSuite(TestCaseMain.java:185)
	at com.kms.katalon.core.main.TestCaseMain$startTestSuite$0.call(Unknown Source)
	at TempTestSuite1669854693096.run(TempTestSuite1669854693096.groovy:36)
Caused by: org.openqa.selenium.remote.UnreachableBrowserException: Could not start a new session. Possible causes are invalid address of the remote server or browser start-up failure.
Build info: version: '3.141.59', revision: 'e82be7d358', time: '2018-11-14T08:25:53'
System info: host: 'NTK2299', ip: '192.168.0.13', os.name: 'Windows 10', os.arch: 'amd64', os.version: '10.0', java.version: '1.8.0_282'
Driver info: driver.version: CRemoteWebDriver
	at org.openqa.selenium.remote.RemoteWebDriver.execute(RemoteWebDriver.java:573)
	at com.kms.katalon.selenium.driver.CRemoteWebDriver.execute(CRemoteWebDriver.java:30)
	at org.openqa.selenium.remote.RemoteWebDriver.startSession(RemoteWebDriver.java:213)
	at org.openqa.selenium.remote.RemoteWebDriver.<init>(RemoteWebDriver.java:131)
	at com.kms.katalon.selenium.driver.CRemoteWebDriver.<init>(CRemoteWebDriver.java:20)
	at com.kms.katalon.core.webui.driver.DriverFactory.createNewRemoteWebDriver(DriverFactory.java:543)
	at com.kms.katalon.core.webui.driver.DriverFactory.startRemoteBrowser(DriverFactory.java:327)
	at com.kms.katalon.core.webui.driver.DriverFactory.openWebDriver(DriverFactory.java:252)
	at com.kms.katalon.core.webui.keyword.builtin.OpenBrowserKeyword$_openBrowser_closure1.doCall(OpenBrowserKeyword.groovy:74)
	at com.kms.katalon.core.webui.keyword.builtin.OpenBrowserKeyword$_openBrowser_closure1.call(OpenBrowserKeyword.groovy)
	at com.kms.katalon.core.webui.keyword.internal.WebUIKeywordMain.runKeyword(WebUIKeywordMain.groovy:20)
	at com.kms.katalon.core.webui.keyword.builtin.OpenBrowserKeyword.openBrowser(OpenBrowserKeyword.groovy:81)
	at com.kms.katalon.core.webui.keyword.builtin.OpenBrowserKeyword.execute(OpenBrowserKeyword.groovy:67)
	at com.kms.katalon.core.keyword.internal.KeywordExecutor.executeKeywordForPlatform(KeywordExecutor.groovy:74)
	at com.kms.katalon.core.webui.keyword.WebUiBuiltInKeywords.openBrowser(WebUiBuiltInKeywords.groovy:64)
	at com.kms.katalon.core.webui.keyword.WebUiBuiltInKeywords$openBrowser.call(Unknown Source)
	at Script1627967565367.run(Script1627967565367.groovy:20)
	... 13 more
Caused by: java.net.SocketTimeoutException: timeout
	at okhttp3.internal.http2.Http2Stream$StreamTimeout.newTimeoutException(Http2Stream.java:616)
	at okhttp3.internal.http2.Http2Stream$StreamTimeout.exitAndThrowIfTimedOut(Http2Stream.java:624)
	at okhttp3.internal.http2.Http2Stream.takeResponseHeaders(Http2Stream.java:146)
	at okhttp3.internal.http2.Http2Codec.readResponseHeaders(Http2Codec.java:127)
	at okhttp3.internal.http.CallServerInterceptor.intercept(CallServerInterceptor.java:88)
	at okhttp3.internal.http.RealInterceptorChain.proceed(RealInterceptorChain.java:147)
	at okhttp3.internal.connection.ConnectInterceptor.intercept(ConnectInterceptor.java:45)
	at okhttp3.internal.http.RealInterceptorChain.proceed(RealInterceptorChain.java:147)
	at okhttp3.internal.http.RealInterceptorChain.proceed(RealInterceptorChain.java:121)
	at okhttp3.internal.cache.CacheInterceptor.intercept(CacheInterceptor.java:93)
	at okhttp3.internal.http.RealInterceptorChain.proceed(RealInterceptorChain.java:147)
	at okhttp3.internal.http.RealInterceptorChain.proceed(RealInterceptorChain.java:121)
	at okhttp3.internal.http.BridgeInterceptor.intercept(BridgeInterceptor.java:93)
	at okhttp3.internal.http.RealInterceptorChain.proceed(RealInterceptorChain.java:147)
	at okhttp3.internal.http.RetryAndFollowUpInterceptor.intercept(RetryAndFollowUpInterceptor.java:126)
	at okhttp3.internal.http.RealInterceptorChain.proceed(RealInterceptorChain.java:147)
	at okhttp3.internal.http.RealInterceptorChain.proceed(RealInterceptorChain.java:121)
	at okhttp3.RealCall.getResponseWithInterceptorChain(RealCall.java:200)
	at okhttp3.RealCall.execute(RealCall.java:77)
	at org.openqa.selenium.remote.internal.OkHttpClient.execute(OkHttpClient.java:103)
	at org.openqa.selenium.remote.ProtocolHandshake.createSession(ProtocolHandshake.java:105)
	at org.openqa.selenium.remote.ProtocolHandshake.createSession(ProtocolHandshake.java:74)
	at org.openqa.selenium.remote.HttpCommandExecutor.execute(HttpCommandExecutor.java:136)
	at org.openqa.selenium.remote.RemoteWebDriver.execute(RemoteWebDriver.java:552)
	at com.kms.katalon.selenium.driver.CRemoteWebDriver.execute(CRemoteWebDriver.java:30)
	at org.openqa.selenium.remote.RemoteWebDriver.startSession(RemoteWebDriver.java:213)
	at org.openqa.selenium.remote.RemoteWebDriver.<init>(RemoteWebDriver.java:131)
	at com.kms.katalon.selenium.driver.CRemoteWebDriver.<init>(CRemoteWebDriver.java:20)
	at com.kms.katalon.core.webui.driver.DriverFactory.createNewRemoteWebDriver(DriverFactory.java:543)
	at com.kms.katalon.core.webui.driver.DriverFactory.startRemoteBrowser(DriverFactory.java:327)
	at com.kms.katalon.core.webui.driver.DriverFactory.openWebDriver(DriverFactory.java:252)
	at com.kms.katalon.core.webui.keyword.builtin.OpenBrowserKeyword$_openBrowser_closure1.doCall(OpenBrowserKeyword.groovy:74)
	at com.kms.katalon.core.webui.keyword.builtin.OpenBrowserKeyword$_openBrowser_closure1.call(OpenBrowserKeyword.groovy)
	at com.kms.katalon.core.webui.keyword.internal.WebUIKeywordMain.runKeyword(WebUIKeywordMain.groovy:20)
	at com.kms.katalon.core.webui.keyword.builtin.OpenBrowserKeyword.openBrowser(OpenBrowserKeyword.groovy:81)
	at com.kms.katalon.core.webui.keyword.builtin.OpenBrowserKeyword.execute(OpenBrowserKeyword.groovy:67)
	at com.kms.katalon.core.keyword.internal.KeywordExecutor.executeKeywordForPlatform(KeywordExecutor.groovy:74)
	at com.kms.katalon.core.webui.keyword.WebUiBuiltInKeywords.openBrowser(WebUiBuiltInKeywords.groovy:64)
	at com.kms.katalon.core.webui.keyword.WebUiBuiltInKeywords$openBrowser.call(Unknown Source)
	at Condicionar_titulo.run(Condicionar_titulo:20)
	... 13 more]]></system-err>
   </testsuite>
</testsuites>
