<?xml version="1.0" encoding="UTF-8"?>
<testsuites name="Test_suite_4" time="112.146" tests="5" failures="0" errors="0">
   <testsuite name="Test_suite_4" tests="5" failures="0" errors="0" time="112.146" skipped="0" timestamp="2022-11-23 19:57:11" hostname="admin - 192.168.0.13" id="Test Suites/Test_suite_4">
      <properties>
         <property name="deviceName" value=""/>
         <property name="devicePlatform" value=""/>
         <property name="logFolder" value="C:\\Users\\admin\\Katalon Studio\\Proyectos\\Proyecto_uno\\Reports\\20221123_194411\\Test_suite_4\\20221123_194427"/>
         <property name="logFiles" value="C:\\Users\\admin\\Katalon Studio\\Proyectos\\Proyecto_uno\\Reports\\20221123_194411\\Test_suite_4\\20221123_194427\\execution0.log"/>
         <property name="attachments" value=""/>
         <property name="hostName" value="admin - 192.168.0.13"/>
         <property name="os" value="Windows 10 64bit"/>
         <property name="katalonVersion" value="8.5.2.208"/>
         <property name="browser" value="Chrome 107.0.0.0"/>
         <property name="hostAddress" value="192.168.0.13"/>
         <property name="sessionId" value="ef5e2f9ef593ba934acee114d227e0ea"/>
         <property name="seleniumVersion" value="3.141.59"/>
         <property name="proxyInformation" value="ProxyInformation { proxyOption=NO_PROXY, proxyServerType=HTTP, username=, password=********, proxyServerAddress=, proxyServerPort=0, executionList=&quot;&quot;, isApplyToDesiredCapabilities=true }"/>
         <property name="platform" value="Windows 10"/>
      </properties>
      <testcase name="Test Cases/Prueba_1/Caso_1" time="25.062" classname="Test Cases/Prueba_1/Caso_1" status="PASSED">
         <system-out><![CDATA[2022-11-23 19:57:11 - [TEST_CASE][PASSED] - Test Cases/Prueba_1/Caso_1: Test Cases/Prueba_1/Caso_1

2022-11-23 19:57:12 - [TEST_STEP][PASSED] - openBrowser(""): Browser is opened with url: ''

2022-11-23 19:57:12 - [MESSAGE][INFO] - Starting 'Chrome' driver

2022-11-23 19:57:12 - [MESSAGE][INFO] - Action delay is set to 0 milliseconds

2022-11-23 19:57:16 - [MESSAGE][PASSED] - Browser is opened with url: ''

2022-11-23 19:57:16 - [TEST_STEP][PASSED] - navigateToUrl("https://demoqa.com/"): Navigate to 'https://demoqa.com/' successfully

2022-11-23 19:57:25 - [MESSAGE][PASSED] - Navigate to 'https://demoqa.com/' successfully

2022-11-23 19:57:25 - [TEST_STEP][PASSED] - maximizeWindow(): Current window maximized

2022-11-23 19:57:26 - [MESSAGE][PASSED] - Current window maximized

2022-11-23 19:57:26 - [TEST_STEP][PASSED] - scrollToElement(findTestObject("Prueba_1/Page_ToolsQA/div_Elements_card-up"), 0): Scroll to object 'Object Repository/Prueba_1/Page_ToolsQA/div_Elements_card-up' successfully

2022-11-23 19:57:26 - [MESSAGE][WARNING] - Timeout '0' is invalid. Using default page load timeout: '5'

2022-11-23 19:57:26 - [MESSAGE][PASSED] - Scroll to object 'Object Repository/Prueba_1/Page_ToolsQA/div_Elements_card-up' successfully

2022-11-23 19:57:26 - [TEST_STEP][PASSED] - click(findTestObject("Object Repository/Prueba_1/Page_ToolsQA/div_Elements_card-up")): Object: 'Object Repository/Prueba_1/Page_ToolsQA/div_Elements_card-up' is clicked on

2022-11-23 19:57:27 - [MESSAGE][PASSED] - Object: 'Object Repository/Prueba_1/Page_ToolsQA/div_Elements_card-up' is clicked on

2022-11-23 19:57:27 - [TEST_STEP][PASSED] - click(findTestObject("Object Repository/Prueba_1/Page_ToolsQA/span_Text Box")): Object: 'Object Repository/Prueba_1/Page_ToolsQA/span_Text Box' is clicked on

2022-11-23 19:57:29 - [MESSAGE][PASSED] - Object: 'Object Repository/Prueba_1/Page_ToolsQA/span_Text Box' is clicked on

2022-11-23 19:57:29 - [TEST_STEP][PASSED] - click(findTestObject("Object Repository/Prueba_1/Page_ToolsQA/input_Full Name_userName")): Object: 'Object Repository/Prueba_1/Page_ToolsQA/input_Full Name_userName' is clicked on

2022-11-23 19:57:30 - [MESSAGE][PASSED] - Object: 'Object Repository/Prueba_1/Page_ToolsQA/input_Full Name_userName' is clicked on

2022-11-23 19:57:30 - [TEST_STEP][PASSED] - setText(findTestObject("Prueba_1/Page_ToolsQA/input_Full Name_userName"), "Ljubo"): Text 'Ljubo' is set on object 'Object Repository/Prueba_1/Page_ToolsQA/input_Full Name_userName'

2022-11-23 19:57:32 - [MESSAGE][PASSED] - Text 'Ljubo' is set on object 'Object Repository/Prueba_1/Page_ToolsQA/input_Full Name_userName'

2022-11-23 19:57:32 - [TEST_STEP][PASSED] - nombre = getAttribute(findTestObject("Prueba_1/Page_ToolsQA/input_Full Name_userName"), "value"): Attribute 'value' of object 'Object Repository/Prueba_1/Page_ToolsQA/input_Full Name_userName' is: 'Ljubo'

2022-11-23 19:57:32 - [MESSAGE][PASSED] - Attribute 'value' of object 'Object Repository/Prueba_1/Page_ToolsQA/input_Full Name_userName' is: 'Ljubo'

2022-11-23 19:57:32 - [TEST_STEP][PASSED] - print(nombre): null

2022-11-23 19:57:32 - [TEST_STEP][PASSED] - setText(findTestObject("Object Repository/Prueba_1/Page_ToolsQA/input_Email_userEmail"), "Ljubo@gmail.com"): Text 'Ljubo@gmail.com' is set on object 'Object Repository/Prueba_1/Page_ToolsQA/input_Email_userEmail'

2022-11-23 19:57:33 - [MESSAGE][PASSED] - Text 'Ljubo@gmail.com' is set on object 'Object Repository/Prueba_1/Page_ToolsQA/input_Email_userEmail'

2022-11-23 19:57:33 - [TEST_STEP][PASSED] - setText(findTestObject("Object Repository/Prueba_1/Page_ToolsQA/textarea_Current Address_currentAddress"), "dirección_uno"): Text 'dirección_uno' is set on object 'Object Repository/Prueba_1/Page_ToolsQA/textarea_Current Address_currentAddress'

2022-11-23 19:57:34 - [MESSAGE][PASSED] - Text 'dirección_uno' is set on object 'Object Repository/Prueba_1/Page_ToolsQA/textarea_Current Address_currentAddress'

2022-11-23 19:57:34 - [TEST_STEP][PASSED] - setText(findTestObject("Object Repository/Prueba_1/Page_ToolsQA/textarea_Permanent Address_permanentAddress"), "dirección dos"): Text 'dirección dos' is set on object 'Object Repository/Prueba_1/Page_ToolsQA/textarea_Permanent Address_permanentAddress'

2022-11-23 19:57:35 - [MESSAGE][PASSED] - Text 'dirección dos' is set on object 'Object Repository/Prueba_1/Page_ToolsQA/textarea_Permanent Address_permanentAddress'

2022-11-23 19:57:35 - [TEST_STEP][PASSED] - scrollToElement(findTestObject("Prueba_1/Page_ToolsQA/button_Submit"), 0): Scroll to object 'Object Repository/Prueba_1/Page_ToolsQA/button_Submit' successfully

2022-11-23 19:57:35 - [MESSAGE][WARNING] - Timeout '0' is invalid. Using default page load timeout: '5'

2022-11-23 19:57:35 - [MESSAGE][PASSED] - Scroll to object 'Object Repository/Prueba_1/Page_ToolsQA/button_Submit' successfully

2022-11-23 19:57:35 - [TEST_STEP][PASSED] - click(findTestObject("Object Repository/Prueba_1/Page_ToolsQA/button_Submit")): Object: 'Object Repository/Prueba_1/Page_ToolsQA/button_Submit' is clicked on

2022-11-23 19:57:36 - [MESSAGE][PASSED] - Object: 'Object Repository/Prueba_1/Page_ToolsQA/button_Submit' is clicked on

2022-11-23 19:57:36 - [TEST_STEP][PASSED] - closeBrowser(): Browser is closed

2022-11-23 19:57:36 - [MESSAGE][PASSED] - Browser is closed]]></system-out>
         <system-err><![CDATA[]]></system-err>
      </testcase>
      <testcase name="Test Cases/Prueba_1/Caso_2" time="24.513" classname="Test Cases/Prueba_1/Caso_2" status="PASSED">
         <system-out><![CDATA[2022-11-23 19:57:36 - [TEST_CASE][PASSED] - Test Cases/Prueba_1/Caso_2: Test Cases/Prueba_1/Caso_2

2022-11-23 19:57:37 - [TEST_STEP][PASSED] - openBrowser(""): Browser is opened with url: ''

2022-11-23 19:57:37 - [MESSAGE][INFO] - Starting 'Chrome' driver

2022-11-23 19:57:37 - [MESSAGE][INFO] - Action delay is set to 0 milliseconds

2022-11-23 19:57:38 - [MESSAGE][PASSED] - Browser is opened with url: ''

2022-11-23 19:57:38 - [TEST_STEP][PASSED] - navigateToUrl("https://demoqa.com/"): Navigate to 'https://demoqa.com/' successfully

2022-11-23 19:57:47 - [MESSAGE][PASSED] - Navigate to 'https://demoqa.com/' successfully

2022-11-23 19:57:47 - [TEST_STEP][PASSED] - maximizeWindow(): Current window maximized

2022-11-23 19:57:48 - [MESSAGE][PASSED] - Current window maximized

2022-11-23 19:57:48 - [TEST_STEP][PASSED] - scrollToElement(findTestObject("Prueba_1/Page_ToolsQA/div_Elements_card-up"), 0): Scroll to object 'Object Repository/Prueba_1/Page_ToolsQA/div_Elements_card-up' successfully

2022-11-23 19:57:48 - [MESSAGE][WARNING] - Timeout '0' is invalid. Using default page load timeout: '5'

2022-11-23 19:57:49 - [MESSAGE][PASSED] - Scroll to object 'Object Repository/Prueba_1/Page_ToolsQA/div_Elements_card-up' successfully

2022-11-23 19:57:49 - [TEST_STEP][PASSED] - click(findTestObject("Object Repository/Prueba_2/Page_ToolsQA/div_Elements_card-up")): Object: 'Object Repository/Prueba_2/Page_ToolsQA/div_Elements_card-up' is clicked on

2022-11-23 19:57:50 - [MESSAGE][PASSED] - Object: 'Object Repository/Prueba_2/Page_ToolsQA/div_Elements_card-up' is clicked on

2022-11-23 19:57:50 - [TEST_STEP][PASSED] - click(findTestObject("Object Repository/Prueba_2/Page_ToolsQA/li_Text Box")): Object: 'Object Repository/Prueba_2/Page_ToolsQA/li_Text Box' is clicked on

2022-11-23 19:57:51 - [MESSAGE][PASSED] - Object: 'Object Repository/Prueba_2/Page_ToolsQA/li_Text Box' is clicked on

2022-11-23 19:57:51 - [TEST_STEP][PASSED] - setText(findTestObject("Object Repository/Prueba_2/Page_ToolsQA/input_Full Name_userName"), "Ljubo"): Text 'Ljubo' is set on object 'Object Repository/Prueba_2/Page_ToolsQA/input_Full Name_userName'

2022-11-23 19:57:53 - [MESSAGE][PASSED] - Text 'Ljubo' is set on object 'Object Repository/Prueba_2/Page_ToolsQA/input_Full Name_userName'

2022-11-23 19:57:53 - [TEST_STEP][PASSED] - setText(findTestObject("Object Repository/Prueba_2/Page_ToolsQA/input_Email_userEmail"), "Ljubo@gmail.com"): Text 'Ljubo@gmail.com' is set on object 'Object Repository/Prueba_2/Page_ToolsQA/input_Email_userEmail'

2022-11-23 19:57:56 - [MESSAGE][PASSED] - Text 'Ljubo@gmail.com' is set on object 'Object Repository/Prueba_2/Page_ToolsQA/input_Email_userEmail'

2022-11-23 19:57:56 - [TEST_STEP][PASSED] - setText(findTestObject("Object Repository/Prueba_2/Page_ToolsQA/textarea_Current Address_currentAddress"), "Dir uno"): Text 'Dir uno' is set on object 'Object Repository/Prueba_2/Page_ToolsQA/textarea_Current Address_currentAddress'

2022-11-23 19:57:57 - [MESSAGE][PASSED] - Text 'Dir uno' is set on object 'Object Repository/Prueba_2/Page_ToolsQA/textarea_Current Address_currentAddress'

2022-11-23 19:57:57 - [TEST_STEP][PASSED] - setText(findTestObject("Object Repository/Prueba_2/Page_ToolsQA/textarea_Permanent Address_permanentAddress"), "dir dos"): Text 'dir dos' is set on object 'Object Repository/Prueba_2/Page_ToolsQA/textarea_Permanent Address_permanentAddress'

2022-11-23 19:57:57 - [MESSAGE][PASSED] - Text 'dir dos' is set on object 'Object Repository/Prueba_2/Page_ToolsQA/textarea_Permanent Address_permanentAddress'

2022-11-23 19:57:57 - [TEST_STEP][PASSED] - scrollToElement(findTestObject("Prueba_1/Page_ToolsQA/button_Submit"), 0): Scroll to object 'Object Repository/Prueba_1/Page_ToolsQA/button_Submit' successfully

2022-11-23 19:57:58 - [MESSAGE][WARNING] - Timeout '0' is invalid. Using default page load timeout: '5'

2022-11-23 19:57:58 - [MESSAGE][PASSED] - Scroll to object 'Object Repository/Prueba_1/Page_ToolsQA/button_Submit' successfully

2022-11-23 19:57:58 - [TEST_STEP][PASSED] - click(findTestObject("Object Repository/Prueba_2/Page_ToolsQA/button_Submit")): Object: 'Object Repository/Prueba_2/Page_ToolsQA/button_Submit' is clicked on

2022-11-23 19:57:59 - [MESSAGE][PASSED] - Object: 'Object Repository/Prueba_2/Page_ToolsQA/button_Submit' is clicked on

2022-11-23 19:57:59 - [TEST_STEP][PASSED] - click(findTestObject("Object Repository/Prueba_2/Page_ToolsQA/div_Text Box")): Object: 'Object Repository/Prueba_2/Page_ToolsQA/div_Text Box' is clicked on

2022-11-23 19:57:59 - [MESSAGE][PASSED] - Object: 'Object Repository/Prueba_2/Page_ToolsQA/div_Text Box' is clicked on

2022-11-23 19:57:59 - [TEST_STEP][PASSED] - rightClick(findTestObject("Object Repository/Prueba_2/Page_ToolsQA/div_Text Box")): Object: 'Object Repository/Prueba_2/Page_ToolsQA/div_Text Box' is right clicked on

2022-11-23 19:58:00 - [MESSAGE][PASSED] - Object: 'Object Repository/Prueba_2/Page_ToolsQA/div_Text Box' is right clicked on

2022-11-23 19:58:00 - [TEST_STEP][PASSED] - verifyElementText(findTestObject("Prueba_2/Page_ToolsQA/div_Text Box"), "Text Box"): Actual text and expected text of test object 'Object Repository/Prueba_2/Page_ToolsQA/div_Text Box' are matched.

2022-11-23 19:58:00 - [MESSAGE][PASSED] - Actual text and expected text of test object 'Object Repository/Prueba_2/Page_ToolsQA/div_Text Box' are matched.

2022-11-23 19:58:00 - [TEST_STEP][PASSED] - closeBrowser(): Browser is closed

2022-11-23 19:58:01 - [MESSAGE][PASSED] - Browser is closed]]></system-out>
         <system-err><![CDATA[]]></system-err>
      </testcase>
      <testcase name="Test Cases/Reto_select/Reto_select" time="16.003" classname="Test Cases/Reto_select/Reto_select" status="PASSED">
         <system-out><![CDATA[2022-11-23 19:58:01 - [TEST_CASE][PASSED] - Test Cases/Reto_select/Reto_select: Test Cases/Reto_select/Reto_select

2022-11-23 19:58:01 - [TEST_STEP][PASSED] - openBrowser(""): Browser is opened with url: ''

2022-11-23 19:58:01 - [MESSAGE][INFO] - Starting 'Chrome' driver

2022-11-23 19:58:01 - [MESSAGE][INFO] - Action delay is set to 0 milliseconds

2022-11-23 19:58:03 - [MESSAGE][PASSED] - Browser is opened with url: ''

2022-11-23 19:58:03 - [TEST_STEP][PASSED] - navigateToUrl("https://testsheepnz.github.io/BasicCalculator.html"): Navigate to 'https://testsheepnz.github.io/BasicCalculator.html' successfully

2022-11-23 19:58:06 - [MESSAGE][PASSED] - Navigate to 'https://testsheepnz.github.io/BasicCalculator.html' successfully

2022-11-23 19:58:06 - [TEST_STEP][PASSED] - maximizeWindow(): Current window maximized

2022-11-23 19:58:06 - [MESSAGE][PASSED] - Current window maximized

2022-11-23 19:58:06 - [TEST_STEP][PASSED] - scrollToElement(findTestObject("Reto_select/Campo_1"), 0): Scroll to object 'Object Repository/Reto_select/Campo_1' successfully

2022-11-23 19:58:06 - [MESSAGE][WARNING] - Timeout '0' is invalid. Using default page load timeout: '5'

2022-11-23 19:58:07 - [MESSAGE][PASSED] - Scroll to object 'Object Repository/Reto_select/Campo_1' successfully

2022-11-23 19:58:07 - [TEST_STEP][PASSED] - setText(findTestObject("Reto_select/Campo_1"), "10"): Text '10' is set on object 'Object Repository/Reto_select/Campo_1'

2022-11-23 19:58:08 - [MESSAGE][PASSED] - Text '10' is set on object 'Object Repository/Reto_select/Campo_1'

2022-11-23 19:58:08 - [TEST_STEP][PASSED] - a = getAttribute(findTestObject("Reto_select/Campo_1"), "value"): Attribute 'value' of object 'Object Repository/Reto_select/Campo_1' is: '10'

2022-11-23 19:58:08 - [MESSAGE][PASSED] - Attribute 'value' of object 'Object Repository/Reto_select/Campo_1' is: '10'

2022-11-23 19:58:08 - [TEST_STEP][PASSED] - print("Valor de a: " + a): null

2022-11-23 19:58:08 - [TEST_STEP][PASSED] - setText(findTestObject("Reto_select/Campo_2"), "5"): Text '5' is set on object 'Object Repository/Reto_select/Campo_2'

2022-11-23 19:58:09 - [MESSAGE][PASSED] - Text '5' is set on object 'Object Repository/Reto_select/Campo_2'

2022-11-23 19:58:09 - [TEST_STEP][PASSED] - selectOptionByLabel(findTestObject("Reto_select/Seleccionar_Operacion"), "Multiply", false): All options with label 'Multiply' are selected in object 'Object Repository/Reto_select/Seleccionar_Operacion' 

2022-11-23 19:58:10 - [MESSAGE][PASSED] - All options with label 'Multiply' are selected in object 'Object Repository/Reto_select/Seleccionar_Operacion' 

2022-11-23 19:58:10 - [TEST_STEP][PASSED] - click(findTestObject("Reto_select/Calcular")): Object: 'Object Repository/Reto_select/Calcular' is clicked on

2022-11-23 19:58:11 - [MESSAGE][PASSED] - Object: 'Object Repository/Reto_select/Calcular' is clicked on

2022-11-23 19:58:11 - [TEST_STEP][PASSED] - delay(0.5): Delayed 0,5 second(s)

2022-11-23 19:58:11 - [MESSAGE][PASSED] - Delayed 0,5 second(s)

2022-11-23 19:58:11 - [TEST_STEP][PASSED] - Resultado_1 = getText(findTestObject("Reto_select/Respuesta")): Text of object 'Object Repository/Reto_select/Respuesta' is: ''

2022-11-23 19:58:11 - [MESSAGE][PASSED] - Text of object 'Object Repository/Reto_select/Respuesta' is: ''

2022-11-23 19:58:11 - [TEST_STEP][PASSED] - print("Hola" + Resultado_1): null

2022-11-23 19:58:11 - [TEST_STEP][PASSED] - click(findTestObject("Reto_select/Limpiar")): Object: 'Object Repository/Reto_select/Limpiar' is clicked on

2022-11-23 19:58:12 - [MESSAGE][PASSED] - Object: 'Object Repository/Reto_select/Limpiar' is clicked on

2022-11-23 19:58:12 - [TEST_STEP][PASSED] - delay(0.5): Delayed 0,5 second(s)

2022-11-23 19:58:12 - [MESSAGE][PASSED] - Delayed 0,5 second(s)

2022-11-23 19:58:12 - [TEST_STEP][PASSED] - setText(findTestObject("Reto_select/Campo_1"), "50"): Text '50' is set on object 'Object Repository/Reto_select/Campo_1'

2022-11-23 19:58:13 - [MESSAGE][PASSED] - Text '50' is set on object 'Object Repository/Reto_select/Campo_1'

2022-11-23 19:58:13 - [TEST_STEP][PASSED] - setText(findTestObject("Reto_select/Campo_2"), "5"): Text '5' is set on object 'Object Repository/Reto_select/Campo_2'

2022-11-23 19:58:14 - [MESSAGE][PASSED] - Text '5' is set on object 'Object Repository/Reto_select/Campo_2'

2022-11-23 19:58:14 - [TEST_STEP][PASSED] - selectOptionByLabel(findTestObject("Reto_select/Seleccionar_Operacion"), "Divide", false): All options with label 'Divide' are selected in object 'Object Repository/Reto_select/Seleccionar_Operacion' 

2022-11-23 19:58:15 - [MESSAGE][PASSED] - All options with label 'Divide' are selected in object 'Object Repository/Reto_select/Seleccionar_Operacion' 

2022-11-23 19:58:15 - [TEST_STEP][PASSED] - click(findTestObject("Reto_select/Calcular")): Object: 'Object Repository/Reto_select/Calcular' is clicked on

2022-11-23 19:58:15 - [MESSAGE][PASSED] - Object: 'Object Repository/Reto_select/Calcular' is clicked on

2022-11-23 19:58:15 - [TEST_STEP][PASSED] - delay(0.5): Delayed 0,5 second(s)

2022-11-23 19:58:16 - [MESSAGE][PASSED] - Delayed 0,5 second(s)

2022-11-23 19:58:16 - [TEST_STEP][PASSED] - click(findTestObject("Reto_select/Limpiar")): Object: 'Object Repository/Reto_select/Limpiar' is clicked on

2022-11-23 19:58:16 - [MESSAGE][PASSED] - Object: 'Object Repository/Reto_select/Limpiar' is clicked on

2022-11-23 19:58:16 - [TEST_STEP][PASSED] - closeBrowser(): Browser is closed

2022-11-23 19:58:17 - [MESSAGE][PASSED] - Browser is closed]]></system-out>
         <system-err><![CDATA[]]></system-err>
      </testcase>
      <testcase name="Test Cases/Reto_spy_web/Reto_spy_web" time="24.473" classname="Test Cases/Reto_spy_web/Reto_spy_web" status="PASSED">
         <system-out><![CDATA[2022-11-23 19:58:17 - [TEST_CASE][PASSED] - Test Cases/Reto_spy_web/Reto_spy_web: Test Cases/Reto_spy_web/Reto_spy_web

2022-11-23 19:58:17 - [TEST_STEP][PASSED] - openBrowser(""): Browser is opened with url: ''

2022-11-23 19:58:17 - [MESSAGE][INFO] - Starting 'Chrome' driver

2022-11-23 19:58:17 - [MESSAGE][INFO] - Action delay is set to 0 milliseconds

2022-11-23 19:58:19 - [MESSAGE][PASSED] - Browser is opened with url: ''

2022-11-23 19:58:19 - [TEST_STEP][PASSED] - navigateToUrl("http://opencart.abstracta.us/"): Navigate to 'http://opencart.abstracta.us/' successfully

2022-11-23 19:58:22 - [MESSAGE][PASSED] - Navigate to 'http://opencart.abstracta.us/' successfully

2022-11-23 19:58:22 - [TEST_STEP][PASSED] - maximizeWindow(): Current window maximized

2022-11-23 19:58:23 - [MESSAGE][PASSED] - Current window maximized

2022-11-23 19:58:23 - [TEST_STEP][PASSED] - scrollToPosition(0, 200): Browser is scrolled to position x = 0, y = 200

2022-11-23 19:58:23 - [MESSAGE][PASSED] - Browser is scrolled to position x = 0, y = 200

2022-11-23 19:58:23 - [TEST_STEP][PASSED] - click(findTestObject("Reto_spy_web/Page_MacBook/Page_Your Store/a_MacBook")): Object: 'Object Repository/Reto_spy_web/Page_MacBook/Page_Your Store/a_MacBook' is clicked on

2022-11-23 19:58:29 - [MESSAGE][PASSED] - Object: 'Object Repository/Reto_spy_web/Page_MacBook/Page_Your Store/a_MacBook' is clicked on

2022-11-23 19:58:29 - [TEST_STEP][PASSED] - click(findTestObject("Reto_spy_web/Page_MacBook/img")): Object: 'Object Repository/Reto_spy_web/Page_MacBook/img' is clicked on

2022-11-23 19:58:29 - [MESSAGE][PASSED] - Object: 'Object Repository/Reto_spy_web/Page_MacBook/img' is clicked on

2022-11-23 19:58:29 - [TEST_STEP][PASSED] - click(findTestObject("Reto_spy_web/Page_MacBook/button_")): Object: 'Object Repository/Reto_spy_web/Page_MacBook/button_' is clicked on

2022-11-23 19:58:31 - [MESSAGE][PASSED] - Object: 'Object Repository/Reto_spy_web/Page_MacBook/button_' is clicked on

2022-11-23 19:58:31 - [TEST_STEP][PASSED] - setText(findTestObject("Reto_spy_web/Page_MacBook/input_Qty_quantity"), "2"): Text '2' is set on object 'Object Repository/Reto_spy_web/Page_MacBook/input_Qty_quantity'

2022-11-23 19:58:32 - [MESSAGE][PASSED] - Text '2' is set on object 'Object Repository/Reto_spy_web/Page_MacBook/input_Qty_quantity'

2022-11-23 19:58:32 - [TEST_STEP][PASSED] - click(findTestObject("Reto_spy_web/Page_MacBook/button_Add to Cart")): Object: 'Object Repository/Reto_spy_web/Page_MacBook/button_Add to Cart' is clicked on

2022-11-23 19:58:33 - [MESSAGE][PASSED] - Object: 'Object Repository/Reto_spy_web/Page_MacBook/button_Add to Cart' is clicked on

2022-11-23 19:58:33 - [TEST_STEP][PASSED] - click(findTestObject("Reto_spy_web/Page_MacBook/button_3 item(s) - 1,806.00")): Object: 'Object Repository/Reto_spy_web/Page_MacBook/button_3 item(s) - 1,806.00' is clicked on

2022-11-23 19:58:34 - [MESSAGE][PASSED] - Object: 'Object Repository/Reto_spy_web/Page_MacBook/button_3 item(s) - 1,806.00' is clicked on

2022-11-23 19:58:34 - [TEST_STEP][PASSED] - click(findTestObject("Reto_spy_web/Page_MacBook/strong_View Cart")): Object: 'Object Repository/Reto_spy_web/Page_MacBook/strong_View Cart' is clicked on

2022-11-23 19:58:35 - [MESSAGE][PASSED] - Object: 'Object Repository/Reto_spy_web/Page_MacBook/strong_View Cart' is clicked on

2022-11-23 19:58:35 - [TEST_STEP][PASSED] - scrollToPosition(0, 250): Browser is scrolled to position x = 0, y = 250

2022-11-23 19:58:35 - [MESSAGE][PASSED] - Browser is scrolled to position x = 0, y = 250

2022-11-23 19:58:35 - [TEST_STEP][PASSED] - click(findTestObject("Reto_spy_web/Page_Shopping Cart/a_Checkout")): Object: 'Object Repository/Reto_spy_web/Page_Shopping Cart/a_Checkout' is clicked on

2022-11-23 19:58:41 - [MESSAGE][PASSED] - Object: 'Object Repository/Reto_spy_web/Page_Shopping Cart/a_Checkout' is clicked on

2022-11-23 19:58:41 - [TEST_STEP][PASSED] - closeBrowser(): Browser is closed

2022-11-23 19:58:41 - [MESSAGE][PASSED] - Browser is closed]]></system-out>
         <system-err><![CDATA[]]></system-err>
      </testcase>
      <testcase name="Test Cases/Reto_uno/Reto_uno" time="21.49" classname="Test Cases/Reto_uno/Reto_uno" status="PASSED">
         <system-out><![CDATA[2022-11-23 19:58:41 - [TEST_CASE][PASSED] - Test Cases/Reto_uno/Reto_uno: Test Cases/Reto_uno/Reto_uno

2022-11-23 19:58:42 - [TEST_STEP][PASSED] - openBrowser(""): Browser is opened with url: ''

2022-11-23 19:58:42 - [MESSAGE][INFO] - Starting 'Chrome' driver

2022-11-23 19:58:42 - [MESSAGE][INFO] - Action delay is set to 0 milliseconds

2022-11-23 19:58:43 - [MESSAGE][PASSED] - Browser is opened with url: ''

2022-11-23 19:58:43 - [TEST_STEP][PASSED] - navigateToUrl("https://demoqa.com/"): Navigate to 'https://demoqa.com/' successfully

2022-11-23 19:58:54 - [MESSAGE][PASSED] - Navigate to 'https://demoqa.com/' successfully

2022-11-23 19:58:54 - [TEST_STEP][PASSED] - maximizeWindow(): Current window maximized

2022-11-23 19:58:54 - [MESSAGE][PASSED] - Current window maximized

2022-11-23 19:58:54 - [TEST_STEP][PASSED] - scrollToElement(findTestObject("Reto_uno/Page_ToolsQA/div_Elements_card-up"), 2): Scroll to object 'Object Repository/Reto_uno/Page_ToolsQA/div_Elements_card-up' successfully

2022-11-23 19:58:55 - [MESSAGE][PASSED] - Scroll to object 'Object Repository/Reto_uno/Page_ToolsQA/div_Elements_card-up' successfully

2022-11-23 19:58:55 - [TEST_STEP][PASSED] - click(findTestObject("Object Repository/Reto_uno/Page_ToolsQA/div_Elements_card-up")): Object: 'Object Repository/Reto_uno/Page_ToolsQA/div_Elements_card-up' is clicked on

2022-11-23 19:58:56 - [MESSAGE][PASSED] - Object: 'Object Repository/Reto_uno/Page_ToolsQA/div_Elements_card-up' is clicked on

2022-11-23 19:58:56 - [TEST_STEP][PASSED] - click(findTestObject("Object Repository/Reto_uno/Page_ToolsQA/span_Check Box")): Object: 'Object Repository/Reto_uno/Page_ToolsQA/span_Check Box' is clicked on

2022-11-23 19:58:57 - [MESSAGE][PASSED] - Object: 'Object Repository/Reto_uno/Page_ToolsQA/span_Check Box' is clicked on

2022-11-23 19:58:57 - [TEST_STEP][PASSED] - click(findTestObject("Object Repository/Reto_uno/Page_ToolsQA/svg_Book Store API_rct-icon rct-icon-uncheck")): Object: 'Object Repository/Reto_uno/Page_ToolsQA/svg_Book Store API_rct-icon rct-icon-uncheck' is clicked on

2022-11-23 19:58:58 - [MESSAGE][PASSED] - Object: 'Object Repository/Reto_uno/Page_ToolsQA/svg_Book Store API_rct-icon rct-icon-uncheck' is clicked on

2022-11-23 19:58:58 - [TEST_STEP][PASSED] - click(findTestObject("Object Repository/Reto_uno/Page_ToolsQA/svg_Book Store API_rct-icon rct-icon-expand-close")): Object: 'Object Repository/Reto_uno/Page_ToolsQA/svg_Book Store API_rct-icon rct-icon-expand-close' is clicked on

2022-11-23 19:58:59 - [MESSAGE][PASSED] - Object: 'Object Repository/Reto_uno/Page_ToolsQA/svg_Book Store API_rct-icon rct-icon-expand-close' is clicked on

2022-11-23 19:58:59 - [TEST_STEP][PASSED] - scrollToElement(findTestObject("Reto_uno/Page_ToolsQA/span_Radio Button"), 2): Scroll to object 'Object Repository/Reto_uno/Page_ToolsQA/span_Radio Button' successfully

2022-11-23 19:58:59 - [MESSAGE][PASSED] - Scroll to object 'Object Repository/Reto_uno/Page_ToolsQA/span_Radio Button' successfully

2022-11-23 19:58:59 - [TEST_STEP][PASSED] - click(findTestObject("Object Repository/Reto_uno/Page_ToolsQA/span_Radio Button")): Object: 'Object Repository/Reto_uno/Page_ToolsQA/span_Radio Button' is clicked on

2022-11-23 19:59:00 - [MESSAGE][PASSED] - Object: 'Object Repository/Reto_uno/Page_ToolsQA/span_Radio Button' is clicked on

2022-11-23 19:59:00 - [TEST_STEP][PASSED] - click(findTestObject("Object Repository/Reto_uno/Page_ToolsQA/label_Yes")): Object: 'Object Repository/Reto_uno/Page_ToolsQA/label_Yes' is clicked on

2022-11-23 19:59:00 - [MESSAGE][PASSED] - Object: 'Object Repository/Reto_uno/Page_ToolsQA/label_Yes' is clicked on

2022-11-23 19:59:00 - [TEST_STEP][PASSED] - click(findTestObject("Object Repository/Reto_uno/Page_ToolsQA/label_Impressive")): Object: 'Object Repository/Reto_uno/Page_ToolsQA/label_Impressive' is clicked on

2022-11-23 19:59:01 - [MESSAGE][PASSED] - Object: 'Object Repository/Reto_uno/Page_ToolsQA/label_Impressive' is clicked on

2022-11-23 19:59:01 - [TEST_STEP][PASSED] - click(findTestObject("Object Repository/Reto_uno/Page_ToolsQA/div_Radio Button")): Object: 'Object Repository/Reto_uno/Page_ToolsQA/div_Radio Button' is clicked on

2022-11-23 19:59:01 - [MESSAGE][PASSED] - Object: 'Object Repository/Reto_uno/Page_ToolsQA/div_Radio Button' is clicked on

2022-11-23 19:59:01 - [TEST_STEP][PASSED] - verifyElementVisible(findTestObject("Reto_uno/Page_ToolsQA/div_Radio Button")): Object 'Object Repository/Reto_uno/Page_ToolsQA/div_Radio Button' is visible

2022-11-23 19:59:02 - [MESSAGE][PASSED] - Object 'Object Repository/Reto_uno/Page_ToolsQA/div_Radio Button' is visible

2022-11-23 19:59:02 - [TEST_STEP][PASSED] - verifyElementText(findTestObject("Reto_uno/Page_ToolsQA/div_Radio Button"), "Radio Button"): Actual text and expected text of test object 'Object Repository/Reto_uno/Page_ToolsQA/div_Radio Button' are matched.

2022-11-23 19:59:02 - [MESSAGE][PASSED] - Actual text and expected text of test object 'Object Repository/Reto_uno/Page_ToolsQA/div_Radio Button' are matched.

2022-11-23 19:59:02 - [TEST_STEP][PASSED] - closeBrowser(): Browser is closed

2022-11-23 19:59:03 - [MESSAGE][PASSED] - Browser is closed]]></system-out>
         <system-err><![CDATA[]]></system-err>
      </testcase>
      <system-out><![CDATA[2022-11-23 19:57:11 - [TEST_SUITE][PASSED] - Test_suite_4: Test Cases/Reto_uno/Reto_uno]]></system-out>
      <system-err><![CDATA[]]></system-err>
   </testsuite>
</testsuites>
