<?xml version="1.0" encoding="UTF-8"?>
<testsuites name="Data_excel" time="119.648" tests="5" failures="0" errors="0">
   <testsuite name="Data_excel" tests="5" failures="0" errors="0" time="119.648" skipped="0" timestamp="2022-11-23 16:57:59" hostname="admin - NTK2299" id="Test Suites/Data_excel">
      <properties>
         <property name="deviceName" value=""/>
         <property name="devicePlatform" value=""/>
         <property name="logFolder" value="C:\\Users\\admin\\Katalon Studio\\Proyectos\\Proyecto_uno\\Reports\\20221123_165744\\Data_excel\\20221123_165744"/>
         <property name="logFiles" value="C:\\Users\\admin\\Katalon Studio\\Proyectos\\Proyecto_uno\\Reports\\20221123_165744\\Data_excel\\20221123_165744\\execution0.log"/>
         <property name="attachments" value=""/>
         <property name="hostName" value="admin - NTK2299"/>
         <property name="os" value="Windows 10 64bit"/>
         <property name="katalonVersion" value="8.5.2.208"/>
         <property name="browser" value="Chrome 107.0.0.0"/>
         <property name="hostAddress" value="192.168.25.98"/>
         <property name="sessionId" value="f2ae33db24e41a6e415aad93d1f5f6df"/>
         <property name="seleniumVersion" value="3.141.59"/>
         <property name="proxyInformation" value="ProxyInformation { proxyOption=NO_PROXY, proxyServerType=HTTP, username=, password=********, proxyServerAddress=, proxyServerPort=0, executionList=&quot;&quot;, isApplyToDesiredCapabilities=true }"/>
         <property name="platform" value="Windows 10"/>
      </properties>
      <testcase name="Test Cases/Drive_excel/Drive_excel" time="28.104" classname="Test Cases/Drive_excel/Drive_excel" status="PASSED">
         <system-out><![CDATA[2022-11-23 16:58:00 - [TEST_CASE][PASSED] - Test Cases/Drive_excel/Drive_excel: Test Cases/Drive_excel/Drive_excel

2022-11-23 16:58:01 - [TEST_STEP][PASSED] - openBrowser(""): Browser is opened with url: ''

2022-11-23 16:58:01 - [MESSAGE][INFO] - Starting 'Chrome' driver

2022-11-23 16:58:01 - [MESSAGE][INFO] - Action delay is set to 0 milliseconds

2022-11-23 16:58:05 - [MESSAGE][PASSED] - Browser is opened with url: ''

2022-11-23 16:58:05 - [TEST_STEP][PASSED] - navigateToUrl("https://demoqa.com/automation-practice-form"): Navigate to 'https://demoqa.com/automation-practice-form' successfully

2022-11-23 16:58:19 - [MESSAGE][PASSED] - Navigate to 'https://demoqa.com/automation-practice-form' successfully

2022-11-23 16:58:19 - [TEST_STEP][PASSED] - waitForPageLoad(40): Wait for page load successfully

2022-11-23 16:58:19 - [MESSAGE][PASSED] - Wait for page load successfully

2022-11-23 16:58:19 - [TEST_STEP][PASSED] - maximizeWindow(): Current window maximized

2022-11-23 16:58:20 - [MESSAGE][PASSED] - Current window maximized

2022-11-23 16:58:20 - [TEST_STEP][PASSED] - setText(findTestObject("Object Repository/Drive_excel/Page_ToolsQA/input_Name_firstName"), nombre): Text 'nombre1' is set on object 'Object Repository/Drive_excel/Page_ToolsQA/input_Name_firstName'

2022-11-23 16:58:22 - [MESSAGE][PASSED] - Text 'nombre1' is set on object 'Object Repository/Drive_excel/Page_ToolsQA/input_Name_firstName'

2022-11-23 16:58:22 - [TEST_STEP][PASSED] - setText(findTestObject("Object Repository/Drive_excel/Page_ToolsQA/input_Name_lastName"), apellido): Text 'apellido1' is set on object 'Object Repository/Drive_excel/Page_ToolsQA/input_Name_lastName'

2022-11-23 16:58:23 - [MESSAGE][PASSED] - Text 'apellido1' is set on object 'Object Repository/Drive_excel/Page_ToolsQA/input_Name_lastName'

2022-11-23 16:58:23 - [TEST_STEP][PASSED] - setText(findTestObject("Object Repository/Drive_excel/Page_ToolsQA/input_Email_userEmail"), email): Text 'email@gmail.com1' is set on object 'Object Repository/Drive_excel/Page_ToolsQA/input_Email_userEmail'

2022-11-23 16:58:25 - [MESSAGE][PASSED] - Text 'email@gmail.com1' is set on object 'Object Repository/Drive_excel/Page_ToolsQA/input_Email_userEmail'

2022-11-23 16:58:25 - [TEST_STEP][PASSED] - delay(2): Delayed 2 second(s)

2022-11-23 16:58:27 - [MESSAGE][PASSED] - Delayed 2 second(s)

2022-11-23 16:58:27 - [TEST_STEP][PASSED] - closeBrowser(): Browser is closed

2022-11-23 16:58:28 - [MESSAGE][PASSED] - Browser is closed]]></system-out>
         <system-err><![CDATA[]]></system-err>
      </testcase>
      <testcase name="Test Cases/Drive_excel/Drive_excel" time="24.177" classname="Test Cases/Drive_excel/Drive_excel" status="PASSED">
         <system-out><![CDATA[2022-11-23 16:58:28 - [TEST_CASE][PASSED] - Test Cases/Drive_excel/Drive_excel: Test Cases/Drive_excel/Drive_excel

2022-11-23 16:58:28 - [TEST_STEP][PASSED] - openBrowser(""): Browser is opened with url: ''

2022-11-23 16:58:28 - [MESSAGE][INFO] - Starting 'Chrome' driver

2022-11-23 16:58:28 - [MESSAGE][INFO] - Action delay is set to 0 milliseconds

2022-11-23 16:58:30 - [MESSAGE][PASSED] - Browser is opened with url: ''

2022-11-23 16:58:30 - [TEST_STEP][PASSED] - navigateToUrl("https://demoqa.com/automation-practice-form"): Navigate to 'https://demoqa.com/automation-practice-form' successfully

2022-11-23 16:58:45 - [MESSAGE][PASSED] - Navigate to 'https://demoqa.com/automation-practice-form' successfully

2022-11-23 16:58:45 - [TEST_STEP][PASSED] - waitForPageLoad(40): Wait for page load successfully

2022-11-23 16:58:45 - [MESSAGE][PASSED] - Wait for page load successfully

2022-11-23 16:58:45 - [TEST_STEP][PASSED] - maximizeWindow(): Current window maximized

2022-11-23 16:58:45 - [MESSAGE][PASSED] - Current window maximized

2022-11-23 16:58:45 - [TEST_STEP][PASSED] - setText(findTestObject("Object Repository/Drive_excel/Page_ToolsQA/input_Name_firstName"), nombre): Text 'nombre2' is set on object 'Object Repository/Drive_excel/Page_ToolsQA/input_Name_firstName'

2022-11-23 16:58:47 - [MESSAGE][PASSED] - Text 'nombre2' is set on object 'Object Repository/Drive_excel/Page_ToolsQA/input_Name_firstName'

2022-11-23 16:58:47 - [TEST_STEP][PASSED] - setText(findTestObject("Object Repository/Drive_excel/Page_ToolsQA/input_Name_lastName"), apellido): Text 'apellido2' is set on object 'Object Repository/Drive_excel/Page_ToolsQA/input_Name_lastName'

2022-11-23 16:58:48 - [MESSAGE][PASSED] - Text 'apellido2' is set on object 'Object Repository/Drive_excel/Page_ToolsQA/input_Name_lastName'

2022-11-23 16:58:48 - [TEST_STEP][PASSED] - setText(findTestObject("Object Repository/Drive_excel/Page_ToolsQA/input_Email_userEmail"), email): Text 'email@gmail.com2' is set on object 'Object Repository/Drive_excel/Page_ToolsQA/input_Email_userEmail'

2022-11-23 16:58:49 - [MESSAGE][PASSED] - Text 'email@gmail.com2' is set on object 'Object Repository/Drive_excel/Page_ToolsQA/input_Email_userEmail'

2022-11-23 16:58:49 - [TEST_STEP][PASSED] - delay(2): Delayed 2 second(s)

2022-11-23 16:58:51 - [MESSAGE][PASSED] - Delayed 2 second(s)

2022-11-23 16:58:51 - [TEST_STEP][PASSED] - closeBrowser(): Browser is closed

2022-11-23 16:58:52 - [MESSAGE][PASSED] - Browser is closed]]></system-out>
         <system-err><![CDATA[]]></system-err>
      </testcase>
      <testcase name="Test Cases/Drive_excel/Drive_excel" time="20.004" classname="Test Cases/Drive_excel/Drive_excel" status="PASSED">
         <system-out><![CDATA[2022-11-23 16:58:53 - [TEST_CASE][PASSED] - Test Cases/Drive_excel/Drive_excel: Test Cases/Drive_excel/Drive_excel

2022-11-23 16:58:53 - [TEST_STEP][PASSED] - openBrowser(""): Browser is opened with url: ''

2022-11-23 16:58:53 - [MESSAGE][INFO] - Starting 'Chrome' driver

2022-11-23 16:58:53 - [MESSAGE][INFO] - Action delay is set to 0 milliseconds

2022-11-23 16:58:54 - [MESSAGE][PASSED] - Browser is opened with url: ''

2022-11-23 16:58:54 - [TEST_STEP][PASSED] - navigateToUrl("https://demoqa.com/automation-practice-form"): Navigate to 'https://demoqa.com/automation-practice-form' successfully

2022-11-23 16:59:06 - [MESSAGE][PASSED] - Navigate to 'https://demoqa.com/automation-practice-form' successfully

2022-11-23 16:59:06 - [TEST_STEP][PASSED] - waitForPageLoad(40): Wait for page load successfully

2022-11-23 16:59:06 - [MESSAGE][PASSED] - Wait for page load successfully

2022-11-23 16:59:06 - [TEST_STEP][PASSED] - maximizeWindow(): Current window maximized

2022-11-23 16:59:06 - [MESSAGE][PASSED] - Current window maximized

2022-11-23 16:59:06 - [TEST_STEP][PASSED] - setText(findTestObject("Object Repository/Drive_excel/Page_ToolsQA/input_Name_firstName"), nombre): Text 'nombre3' is set on object 'Object Repository/Drive_excel/Page_ToolsQA/input_Name_firstName'

2022-11-23 16:59:07 - [MESSAGE][PASSED] - Text 'nombre3' is set on object 'Object Repository/Drive_excel/Page_ToolsQA/input_Name_firstName'

2022-11-23 16:59:07 - [TEST_STEP][PASSED] - setText(findTestObject("Object Repository/Drive_excel/Page_ToolsQA/input_Name_lastName"), apellido): Text 'apellido3' is set on object 'Object Repository/Drive_excel/Page_ToolsQA/input_Name_lastName'

2022-11-23 16:59:08 - [MESSAGE][PASSED] - Text 'apellido3' is set on object 'Object Repository/Drive_excel/Page_ToolsQA/input_Name_lastName'

2022-11-23 16:59:08 - [TEST_STEP][PASSED] - setText(findTestObject("Object Repository/Drive_excel/Page_ToolsQA/input_Email_userEmail"), email): Text 'email@gmail.com3' is set on object 'Object Repository/Drive_excel/Page_ToolsQA/input_Email_userEmail'

2022-11-23 16:59:10 - [MESSAGE][PASSED] - Text 'email@gmail.com3' is set on object 'Object Repository/Drive_excel/Page_ToolsQA/input_Email_userEmail'

2022-11-23 16:59:10 - [TEST_STEP][PASSED] - delay(2): Delayed 2 second(s)

2022-11-23 16:59:12 - [MESSAGE][PASSED] - Delayed 2 second(s)

2022-11-23 16:59:12 - [TEST_STEP][PASSED] - closeBrowser(): Browser is closed

2022-11-23 16:59:13 - [MESSAGE][PASSED] - Browser is closed]]></system-out>
         <system-err><![CDATA[]]></system-err>
      </testcase>
      <testcase name="Test Cases/Drive_excel/Drive_excel" time="23.546" classname="Test Cases/Drive_excel/Drive_excel" status="PASSED">
         <system-out><![CDATA[2022-11-23 16:59:13 - [TEST_CASE][PASSED] - Test Cases/Drive_excel/Drive_excel: Test Cases/Drive_excel/Drive_excel

2022-11-23 16:59:13 - [TEST_STEP][PASSED] - openBrowser(""): Browser is opened with url: ''

2022-11-23 16:59:13 - [MESSAGE][INFO] - Starting 'Chrome' driver

2022-11-23 16:59:13 - [MESSAGE][INFO] - Action delay is set to 0 milliseconds

2022-11-23 16:59:14 - [MESSAGE][PASSED] - Browser is opened with url: ''

2022-11-23 16:59:14 - [TEST_STEP][PASSED] - navigateToUrl("https://demoqa.com/automation-practice-form"): Navigate to 'https://demoqa.com/automation-practice-form' successfully

2022-11-23 16:59:29 - [MESSAGE][PASSED] - Navigate to 'https://demoqa.com/automation-practice-form' successfully

2022-11-23 16:59:29 - [TEST_STEP][PASSED] - waitForPageLoad(40): Wait for page load successfully

2022-11-23 16:59:29 - [MESSAGE][PASSED] - Wait for page load successfully

2022-11-23 16:59:29 - [TEST_STEP][PASSED] - maximizeWindow(): Current window maximized

2022-11-23 16:59:30 - [MESSAGE][PASSED] - Current window maximized

2022-11-23 16:59:30 - [TEST_STEP][PASSED] - setText(findTestObject("Object Repository/Drive_excel/Page_ToolsQA/input_Name_firstName"), nombre): Text 'nombre4' is set on object 'Object Repository/Drive_excel/Page_ToolsQA/input_Name_firstName'

2022-11-23 16:59:31 - [MESSAGE][PASSED] - Text 'nombre4' is set on object 'Object Repository/Drive_excel/Page_ToolsQA/input_Name_firstName'

2022-11-23 16:59:31 - [TEST_STEP][PASSED] - setText(findTestObject("Object Repository/Drive_excel/Page_ToolsQA/input_Name_lastName"), apellido): Text 'apellido4' is set on object 'Object Repository/Drive_excel/Page_ToolsQA/input_Name_lastName'

2022-11-23 16:59:32 - [MESSAGE][PASSED] - Text 'apellido4' is set on object 'Object Repository/Drive_excel/Page_ToolsQA/input_Name_lastName'

2022-11-23 16:59:32 - [TEST_STEP][PASSED] - setText(findTestObject("Object Repository/Drive_excel/Page_ToolsQA/input_Email_userEmail"), email): Text 'email@gmail.com4' is set on object 'Object Repository/Drive_excel/Page_ToolsQA/input_Email_userEmail'

2022-11-23 16:59:33 - [MESSAGE][PASSED] - Text 'email@gmail.com4' is set on object 'Object Repository/Drive_excel/Page_ToolsQA/input_Email_userEmail'

2022-11-23 16:59:33 - [TEST_STEP][PASSED] - delay(2): Delayed 2 second(s)

2022-11-23 16:59:35 - [MESSAGE][PASSED] - Delayed 2 second(s)

2022-11-23 16:59:35 - [TEST_STEP][PASSED] - closeBrowser(): Browser is closed

2022-11-23 16:59:36 - [MESSAGE][PASSED] - Browser is closed]]></system-out>
         <system-err><![CDATA[]]></system-err>
      </testcase>
      <testcase name="Test Cases/Drive_excel/Drive_excel" time="22.611" classname="Test Cases/Drive_excel/Drive_excel" status="PASSED">
         <system-out><![CDATA[2022-11-23 16:59:36 - [TEST_CASE][PASSED] - Test Cases/Drive_excel/Drive_excel: Test Cases/Drive_excel/Drive_excel

2022-11-23 16:59:36 - [TEST_STEP][PASSED] - openBrowser(""): Browser is opened with url: ''

2022-11-23 16:59:37 - [MESSAGE][INFO] - Starting 'Chrome' driver

2022-11-23 16:59:37 - [MESSAGE][INFO] - Action delay is set to 0 milliseconds

2022-11-23 16:59:38 - [MESSAGE][PASSED] - Browser is opened with url: ''

2022-11-23 16:59:38 - [TEST_STEP][PASSED] - navigateToUrl("https://demoqa.com/automation-practice-form"): Navigate to 'https://demoqa.com/automation-practice-form' successfully

2022-11-23 16:59:52 - [MESSAGE][PASSED] - Navigate to 'https://demoqa.com/automation-practice-form' successfully

2022-11-23 16:59:52 - [TEST_STEP][PASSED] - waitForPageLoad(40): Wait for page load successfully

2022-11-23 16:59:52 - [MESSAGE][PASSED] - Wait for page load successfully

2022-11-23 16:59:52 - [TEST_STEP][PASSED] - maximizeWindow(): Current window maximized

2022-11-23 16:59:52 - [MESSAGE][PASSED] - Current window maximized

2022-11-23 16:59:52 - [TEST_STEP][PASSED] - setText(findTestObject("Object Repository/Drive_excel/Page_ToolsQA/input_Name_firstName"), nombre): Text 'nombre5' is set on object 'Object Repository/Drive_excel/Page_ToolsQA/input_Name_firstName'

2022-11-23 16:59:54 - [MESSAGE][PASSED] - Text 'nombre5' is set on object 'Object Repository/Drive_excel/Page_ToolsQA/input_Name_firstName'

2022-11-23 16:59:54 - [TEST_STEP][PASSED] - setText(findTestObject("Object Repository/Drive_excel/Page_ToolsQA/input_Name_lastName"), apellido): Text 'apellido5' is set on object 'Object Repository/Drive_excel/Page_ToolsQA/input_Name_lastName'

2022-11-23 16:59:55 - [MESSAGE][PASSED] - Text 'apellido5' is set on object 'Object Repository/Drive_excel/Page_ToolsQA/input_Name_lastName'

2022-11-23 16:59:55 - [TEST_STEP][PASSED] - setText(findTestObject("Object Repository/Drive_excel/Page_ToolsQA/input_Email_userEmail"), email): Text 'email@gmail.com5' is set on object 'Object Repository/Drive_excel/Page_ToolsQA/input_Email_userEmail'

2022-11-23 16:59:56 - [MESSAGE][PASSED] - Text 'email@gmail.com5' is set on object 'Object Repository/Drive_excel/Page_ToolsQA/input_Email_userEmail'

2022-11-23 16:59:56 - [TEST_STEP][PASSED] - delay(2): Delayed 2 second(s)

2022-11-23 16:59:58 - [MESSAGE][PASSED] - Delayed 2 second(s)

2022-11-23 16:59:58 - [TEST_STEP][PASSED] - closeBrowser(): Browser is closed

2022-11-23 16:59:59 - [MESSAGE][PASSED] - Browser is closed]]></system-out>
         <system-err><![CDATA[]]></system-err>
      </testcase>
      <system-out><![CDATA[2022-11-23 16:57:59 - [TEST_SUITE][PASSED] - Data_excel: Test Cases/Drive_excel/Drive_excel]]></system-out>
      <system-err><![CDATA[]]></system-err>
   </testsuite>
</testsuites>
