<?xml version="1.0" encoding="UTF-8"?>
<testsuites name="testCLoud" time="5021.459" tests="34" failures="0" errors="0">
   <testsuite name="testCLoud" tests="34" failures="0" errors="0" time="5021.459" skipped="0" timestamp="2022-11-30 17:25:29" hostname="admin - 192.168.0.13" id="Test Suites/testCLoud">
      <properties>
         <property name="deviceName" value=""/>
         <property name="devicePlatform" value=""/>
         <property name="logFolder" value="C:\\Users\\admin\\git\\KatalonCertificacion\\Reports\\20221130_172512\\testCLoud\\20221130_172512"/>
         <property name="logFiles" value="C:\\Users\\admin\\git\\KatalonCertificacion\\Reports\\20221130_172512\\testCLoud\\20221130_172512\\execution0.log"/>
         <property name="attachments" value=""/>
         <property name="hostName" value="admin - 192.168.0.13"/>
         <property name="remoteDriverUrl" value="testcloud.katalon.com/hub"/>
         <property name="desiredCapabilities" value="{
  &quot;acceptInsecureCerts&quot;: false,
  &quot;browserName&quot;: &quot;chrome&quot;,
  &quot;browserVersion&quot;: &quot;103.0.5060.53&quot;,
  &quot;chrome&quot;: {
    &quot;chromedriverVersion&quot;: &quot;103.0.5060.53 (a1711811edd74ff1cf2150f36ffa3b0dae40b17f-refs/branch-heads/5060@{#853})&quot;,
    &quot;userDataDir&quot;: &quot;C:\\Users\\ADMINI~1\\AppData\\Local\\Temp\\scoped_dir6388_2086319581&quot;
  },
  &quot;goog:chromeOptions&quot;: {
    &quot;debuggerAddress&quot;: &quot;localhost:49840&quot;
  },
  &quot;javascriptEnabled&quot;: true,
  &quot;katalon:option&quot;: {
    &quot;unlimitedExecutionMinutes&quot;: true,
    &quot;jwt&quot;: &quot;eyJ0eXAiOiJKV1QiLCJhbGciOiJSUzI1NiJ9.eyJzdWIiOiJsbm92YWtvdmljaEBlY29zaXN0ZW1hcy5jb20uYXIiLCJ1cG4iOiIxMDgwMDQ1IiwiZ3JvdXBzIjpbIlVTRVIiXSwic3RhdHVzIjoiVkVSSUZJRUQiLCJnaXZlbl9uYW1lIjoiTGp1Ym8iLCJmYW1pbHlfbmFtZSI6Ik5vdmFrb3ZpY2giLCJlbWFpbCI6Imxub3Zha292aWNoQGVjb3Npc3RlbWFzLmNvbS5hciIsImVtYWlsX3ZlcmlmaWVkIjp0cnVlLCJjcmVhdGVkX2F0IjoxNjY4NTQwMTA2LCJ1cGRhdGVkX2F0IjoxNjY5ODM5ODk5LCJhbXIiOlsicHdkIl0sImlhdCI6MTY2OTgzOTkwNiwiZXhwIjoxNjcwNDQ0NzA2LCJqdGkiOiI4OWMzYzNhNS0yMWI1LTQ4ZjktOTU0Zi0yY2JkZDY0YzQ0Y2QiLCJpc3MiOiJrYXRhbG9uLWF1dGgifQ.GcviXgGQEK65S3AJ49qAorDnITxk6_iKk07RBWaMZF0YCz5GOhIZ5rneNgQ7OXBanEB87wN6KZQlzfRAklRbAJHJ46w5NaVoxQJudd3SLFII6tC2M1k40OgZwRnJvZI1ciegwPZzU5oQmbbnTdVIkhjBVgRQY_6AnN57rYXuvLfFzmpIU7z0wmPGUdYHGqR-MQNM9gQecKd1Y0FNLVqLglEUu1y_DX6j7jCv1QxnLg9OctqYJT0nG1rzl2ZbesF6rzHBkzqOYyfSNkNb6kGX5cMMHJeCGQN6bjU4it5xnzb5N6jRUwuhs6PU-sFAAREkEq-S0xrj6WOmRFWU0z2YQw&quot;,
    &quot;userId&quot;: 1080045,
    &quot;organizationId&quot;: &quot;987205&quot;,
    &quot;class&quot;: &quot;com.katalon.testcloud.grid.common.tunnel.domain.UserOptionCapability&quot;,
    &quot;usingTunnel&quot;: false,
    &quot;username&quot;: &quot;lnovakovich@ecosistemas.com.ar&quot;
  },
  &quot;networkConnectionEnabled&quot;: false,
  &quot;pageLoadStrategy&quot;: &quot;normal&quot;,
  &quot;platform&quot;: &quot;WINDOWS&quot;,
  &quot;platformName&quot;: &quot;WINDOWS&quot;,
  &quot;proxy&quot;: {
    &quot;proxyType&quot;: &quot;DIRECT&quot;,
    &quot;autodetect&quot;: false
  },
  &quot;requestId&quot;: &quot;44ffd9aa-2441-44a7-b494-cceb7c6c176f&quot;,
  &quot;se:cdp&quot;: &quot;ws://10.0.2.2:4444/session/57a95c9b5f08f038049b84ae4b2125a2/se/cdp&quot;,
  &quot;se:cdpVersion&quot;: &quot;103.0.5060.53&quot;,
  &quot;setWindowRect&quot;: true,
  &quot;strictFileInteractability&quot;: false,
  &quot;timeouts&quot;: {
    &quot;implicit&quot;: 0,
    &quot;pageLoad&quot;: 300000,
    &quot;script&quot;: 30000
  },
  &quot;unhandledPromptBehavior&quot;: &quot;dismiss and notify&quot;,
  &quot;webauthn:extension:credBlob&quot;: true,
  &quot;webauthn:extension:largeBlob&quot;: true,
  &quot;webauthn:virtualAuthenticators&quot;: true
}"/>
         <property name="os" value="Windows 10 64bit"/>
         <property name="remoteOS" value="Windows"/>
         <property name="katalonVersion" value="8.5.2.208"/>
         <property name="browser" value="Chrome 103.0.5060.53"/>
         <property name="hostAddress" value="192.168.0.13"/>
         <property name="sessionId" value="57a95c9b5f08f038049b84ae4b2125a2"/>
         <property name="seleniumVersion" value="3.141.59"/>
         <property name="proxyInformation" value="ProxyInformation { proxyOption=NO_PROXY, proxyServerType=HTTP, username=, password=********, proxyServerAddress=, proxyServerPort=0, executionList=&quot;&quot;, isApplyToDesiredCapabilities=true }"/>
         <property name="platform" value="Windows 10"/>
      </properties>
      <testcase name="Test Cases/Navegador/Navegador" time="169.099" classname="Test Cases/Navegador/Navegador" status="PASSED">
         <system-out><![CDATA[2022-11-30 17:25:30 - [TEST_CASE][PASSED] - Test Cases/Navegador/Navegador: Test Cases/Navegador/Navegador

2022-11-30 17:25:31 - [TEST_STEP][PASSED] - openBrowser("https://demoqa.com/text-box"): Browser is opened with url: 'https://demoqa.com/text-box'

2022-11-30 17:25:32 - [MESSAGE][INFO] - User set preference: ['os', 'windows']

2022-11-30 17:25:32 - [MESSAGE][INFO] - User set preference: ['browserName', 'chrome']

2022-11-30 17:25:32 - [MESSAGE][INFO] - User set preference: ['browserVersion', '103']

2022-11-30 17:25:32 - [MESSAGE][INFO] - User set preference: ['katalon:option', '{organizationId=987205, tunnelId=, usingTunnel=false}']

2022-11-30 17:25:32 - [MESSAGE][INFO] - Connecting to remote web server 'testcloud.katalon.com/hub' with type 'Selenium'

2022-11-30 17:25:34 - [MESSAGE][INFO] - Action delay is set to 0 milliseconds

2022-11-30 17:28:12 - [MESSAGE][PASSED] - Browser is opened with url: 'https://demoqa.com/text-box'

2022-11-30 17:28:12 - [TEST_STEP][PASSED] - maximizeWindow(): Current window maximized

2022-11-30 17:28:13 - [MESSAGE][PASSED] - Current window maximized

2022-11-30 17:28:13 - [TEST_STEP][PASSED] - page_url = getUrl(): Current window's url is: 'https://demoqa.com/text-box'

2022-11-30 17:28:14 - [MESSAGE][PASSED] - Current window's url is: 'https://demoqa.com/text-box'

2022-11-30 17:28:14 - [TEST_STEP][PASSED] - print(page_url): null

2022-11-30 17:28:14 - [TEST_STEP][PASSED] - Titulo = getWindowTitle(): Current window's title is: 'ToolsQA'

2022-11-30 17:28:15 - [MESSAGE][PASSED] - Current window's title is: 'ToolsQA'

2022-11-30 17:28:15 - [TEST_STEP][PASSED] - print("titiulo de la pagina" + Titulo): null

2022-11-30 17:28:15 - [TEST_STEP][PASSED] - closeBrowser(): Browser is closed

2022-11-30 17:28:19 - [MESSAGE][PASSED] - Browser is closed]]></system-out>
         <system-err><![CDATA[]]></system-err>
      </testcase>
      <testcase name="Test Cases/Objecto_xpath/Caso_xpath" time="167.466" classname="Test Cases/Objecto_xpath/Caso_xpath" status="PASSED">
         <system-out><![CDATA[2022-11-30 17:28:19 - [TEST_CASE][PASSED] - Test Cases/Objecto_xpath/Caso_xpath: Test Cases/Objecto_xpath/Caso_xpath

2022-11-30 17:28:20 - [TEST_STEP][PASSED] - openBrowser(""): Browser is opened with url: ''

2022-11-30 17:28:20 - [MESSAGE][INFO] - User set preference: ['os', 'windows']

2022-11-30 17:28:20 - [MESSAGE][INFO] - User set preference: ['browserName', 'chrome']

2022-11-30 17:28:20 - [MESSAGE][INFO] - User set preference: ['browserVersion', '103']

2022-11-30 17:28:20 - [MESSAGE][INFO] - User set preference: ['katalon:option', '{organizationId=987205, tunnelId=, usingTunnel=false}']

2022-11-30 17:28:20 - [MESSAGE][INFO] - Connecting to remote web server 'testcloud.katalon.com/hub' with type 'Selenium'

2022-11-30 17:28:20 - [MESSAGE][INFO] - Action delay is set to 0 milliseconds

2022-11-30 17:30:45 - [MESSAGE][PASSED] - Browser is opened with url: ''

2022-11-30 17:30:45 - [TEST_STEP][PASSED] - navigateToUrl("https://demoqa.com/text-box"): Navigate to 'https://demoqa.com/text-box' successfully

2022-11-30 17:30:49 - [MESSAGE][PASSED] - Navigate to 'https://demoqa.com/text-box' successfully

2022-11-30 17:30:49 - [TEST_STEP][PASSED] - maximizeWindow(): Current window maximized

2022-11-30 17:30:50 - [MESSAGE][PASSED] - Current window maximized

2022-11-30 17:30:50 - [TEST_STEP][PASSED] - setText(findTestObject("Objeto_xpath/Campo_nombre"), "Ljubo"): Text 'Ljubo' is set on object 'Object Repository/Objeto_xpath/Campo_nombre'

2022-11-30 17:31:00 - [MESSAGE][PASSED] - Text 'Ljubo' is set on object 'Object Repository/Objeto_xpath/Campo_nombre'

2022-11-30 17:31:00 - [TEST_STEP][PASSED] - delay(3): Delayed 3 second(s)

2022-11-30 17:31:03 - [MESSAGE][PASSED] - Delayed 3 second(s)

2022-11-30 17:31:03 - [TEST_STEP][PASSED] - closeBrowser(): Browser is closed

2022-11-30 17:31:07 - [MESSAGE][PASSED] - Browser is closed]]></system-out>
         <system-err><![CDATA[]]></system-err>
      </testcase>
      <testcase name="Test Cases/Condicionales_If/Condicionar_titulo" time="169.867" classname="Test Cases/Condicionales_If/Condicionar_titulo" status="PASSED">
         <system-out><![CDATA[2022-11-30 17:31:07 - [TEST_CASE][PASSED] - Test Cases/Condicionales_If/Condicionar_titulo: Test Cases/Condicionales_If/Condicionar_titulo

2022-11-30 17:31:07 - [TEST_STEP][PASSED] - openBrowser(""): Browser is opened with url: ''

2022-11-30 17:31:07 - [MESSAGE][INFO] - User set preference: ['os', 'windows']

2022-11-30 17:31:07 - [MESSAGE][INFO] - User set preference: ['browserName', 'chrome']

2022-11-30 17:31:07 - [MESSAGE][INFO] - User set preference: ['browserVersion', '103']

2022-11-30 17:31:07 - [MESSAGE][INFO] - User set preference: ['katalon:option', '{organizationId=987205, tunnelId=, usingTunnel=false}']

2022-11-30 17:31:07 - [MESSAGE][INFO] - Connecting to remote web server 'testcloud.katalon.com/hub' with type 'Selenium'

2022-11-30 17:31:07 - [MESSAGE][INFO] - Action delay is set to 0 milliseconds

2022-11-30 17:33:33 - [MESSAGE][PASSED] - Browser is opened with url: ''

2022-11-30 17:33:33 - [TEST_STEP][PASSED] - navigateToUrl("https://demoqa.com/"): Navigate to 'https://demoqa.com/' successfully

2022-11-30 17:33:36 - [MESSAGE][PASSED] - Navigate to 'https://demoqa.com/' successfully

2022-11-30 17:33:36 - [TEST_STEP][PASSED] - maximizeWindow(): Current window maximized

2022-11-30 17:33:37 - [MESSAGE][PASSED] - Current window maximized

2022-11-30 17:33:37 - [TEST_STEP][PASSED] - waitForPageLoad(5): Wait for page load successfully

2022-11-30 17:33:38 - [MESSAGE][PASSED] - Wait for page load successfully

2022-11-30 17:33:38 - [TEST_STEP][PASSED] - Existe = waitForElementVisible(findTestObject("Condicionales/Texto_radio"), 3): Web element with id: 'Object Repository/Condicionales/Texto_radio' located by '//div[@class='main-header'][contains(.,'Radio Button')]' not found

2022-11-30 17:33:43 - [MESSAGE][INFO] - Unable to find the element located by 'By.xpath: //div[@class='main-header'][contains(.,'Radio Button')]'. Please recheck the objects properties to make sure the desired element is located. 

2022-11-30 17:33:43 - [MESSAGE][WARNING] - [SELF-HEALING] Failed to find element with id 'Object Repository/Condicionales/Texto_radio'. Try using Self-healing.

2022-11-30 17:33:44 - [MESSAGE][INFO] - [SELF-HEALING] No working XPath is found.

2022-11-30 17:33:46 - [MESSAGE][INFO] - Unable to find the element located by 'By.xpath: '. Please recheck the objects properties to make sure the desired element is located. 

2022-11-30 17:33:46 - [MESSAGE][WARNING] - [SELF-HEALING] Cannot find elements when the selector is null

2022-11-30 17:33:47 - [MESSAGE][WARNING] - Web element with id: 'Object Repository/Condicionales/Texto_radio' located by '//div[@class='main-header'][contains(.,'Radio Button')]' not found

2022-11-30 17:33:47 - [TEST_STEP][PASSED] - print(Existe): null

2022-11-30 17:33:47 - [TEST_STEP][PASSED] - if (Existe == true): null

2022-11-30 17:33:47 - [TEST_STEP][PASSED] - else: Browser is closed

2022-11-30 17:33:47 - [TEST_STEP][PASSED] - print("-----  Error no esta el elemento de texto radio ------"): null

2022-11-30 17:33:47 - [TEST_STEP][PASSED] - navigateToUrl("https://demoqa.com/radio-button"): Navigate to 'https://demoqa.com/radio-button' successfully

2022-11-30 17:33:49 - [MESSAGE][PASSED] - Navigate to 'https://demoqa.com/radio-button' successfully

2022-11-30 17:33:49 - [TEST_STEP][PASSED] - click(findTestObject("Condicionales/Objeto_yes")): Object: 'Object Repository/Condicionales/Objeto_yes' is clicked on

2022-11-30 17:33:52 - [MESSAGE][PASSED] - Object: 'Object Repository/Condicionales/Objeto_yes' is clicked on

2022-11-30 17:33:52 - [TEST_STEP][PASSED] - delay(2): Delayed 2 second(s)

2022-11-30 17:33:54 - [MESSAGE][PASSED] - Delayed 2 second(s)

2022-11-30 17:33:54 - [TEST_STEP][PASSED] - closeBrowser(): Browser is closed

2022-11-30 17:33:57 - [MESSAGE][PASSED] - Browser is closed]]></system-out>
         <system-err><![CDATA[]]></system-err>
      </testcase>
      <testcase name="Test Cases/Condicionales_If/Test_1" time="0.742" classname="Test Cases/Condicionales_If/Test_1" status="PASSED">
         <system-out><![CDATA[2022-11-30 17:33:57 - [TEST_CASE][PASSED] - Test Cases/Condicionales_If/Test_1: Test Cases/Condicionales_If/Test_1

2022-11-30 17:33:58 - [TEST_STEP][PASSED] - if (num == 10): null

2022-11-30 17:33:58 - [TEST_STEP][PASSED] - else: null

2022-11-30 17:33:58 - [TEST_STEP][PASSED] - print("El numero no es un 10 es el numero:  " + num + "#####"): null]]></system-out>
         <system-err><![CDATA[]]></system-err>
      </testcase>
      <testcase name="Test Cases/Condicionales_If/Test_2" time="0.473" classname="Test Cases/Condicionales_If/Test_2" status="PASSED">
         <system-out><![CDATA[2022-11-30 17:33:58 - [TEST_CASE][PASSED] - Test Cases/Condicionales_If/Test_2: Test Cases/Condicionales_If/Test_2

2022-11-30 17:33:58 - [TEST_STEP][PASSED] - if (num == 5): null

2022-11-30 17:33:58 - [TEST_STEP][PASSED] - if (num == 10): null

2022-11-30 17:33:58 - [TEST_STEP][PASSED] - println("El valor de la variables es un: 10"): null]]></system-out>
         <system-err><![CDATA[]]></system-err>
      </testcase>
      <testcase name="Test Cases/Condicionales_If/Test_3" time="0.487" classname="Test Cases/Condicionales_If/Test_3" status="PASSED">
         <system-out><![CDATA[2022-11-30 17:33:58 - [TEST_CASE][PASSED] - Test Cases/Condicionales_If/Test_3: Test Cases/Condicionales_If/Test_3

2022-11-30 17:33:59 - [TEST_STEP][PASSED] - if (nombre == "Juan"): null

2022-11-30 17:33:59 - [TEST_STEP][PASSED] - if (nombre == "JUan"): null

2022-11-30 17:33:59 - [TEST_STEP][PASSED] - if (nombre == "juan"): null

2022-11-30 17:33:59 - [TEST_STEP][PASSED] - println("Tu nombre es juan"): null]]></system-out>
         <system-err><![CDATA[]]></system-err>
      </testcase>
      <testcase name="Test Cases/Condicionales_If/Test_4" time="0.509" classname="Test Cases/Condicionales_If/Test_4" status="PASSED">
         <system-out><![CDATA[2022-11-30 17:33:59 - [TEST_CASE][PASSED] - Test Cases/Condicionales_If/Test_4: Test Cases/Condicionales_If/Test_4

2022-11-30 17:33:59 - [TEST_STEP][PASSED] - if (num <= 7): null

2022-11-30 17:33:59 - [TEST_STEP][PASSED] - println("El numero es menor ó igual que 5"): null

2022-11-30 17:33:59 - [TEST_STEP][PASSED] - if (num >= 8): null

2022-11-30 17:33:59 - [TEST_STEP][PASSED] - if (num != 5): null]]></system-out>
         <system-err><![CDATA[]]></system-err>
      </testcase>
      <testcase name="Test Cases/Condicionales_If/Test_edad" time="0.532" classname="Test Cases/Condicionales_If/Test_edad" status="PASSED">
         <system-out><![CDATA[2022-11-30 17:33:59 - [TEST_CASE][PASSED] - Test Cases/Condicionales_If/Test_edad: Test Cases/Condicionales_If/Test_edad

2022-11-30 17:34:00 - [TEST_STEP][PASSED] - if (edad >= 1 && edad <= 17): null

2022-11-30 17:34:00 - [TEST_STEP][PASSED] - else if (edad == 18): null

2022-11-30 17:34:00 - [TEST_STEP][PASSED] - else if (edad <= 0): null

2022-11-30 17:34:00 - [TEST_STEP][PASSED] - else if (edad == 120): null

2022-11-30 17:34:00 - [TEST_STEP][PASSED] - else: null

2022-11-30 17:34:00 - [TEST_STEP][PASSED] - print("No se cumple ninguna de las opciones"): null]]></system-out>
         <system-err><![CDATA[]]></system-err>
      </testcase>
      <testcase name="Test Cases/Condicionales_If/Test_valor" time="188.229" classname="Test Cases/Condicionales_If/Test_valor" status="PASSED">
         <system-out><![CDATA[2022-11-30 17:34:00 - [TEST_CASE][PASSED] - Test Cases/Condicionales_If/Test_valor: Test Cases/Condicionales_If/Test_valor

2022-11-30 17:34:00 - [TEST_STEP][PASSED] - openBrowser(""): Browser is opened with url: ''

2022-11-30 17:34:00 - [MESSAGE][INFO] - User set preference: ['os', 'windows']

2022-11-30 17:34:00 - [MESSAGE][INFO] - User set preference: ['browserName', 'chrome']

2022-11-30 17:34:00 - [MESSAGE][INFO] - User set preference: ['browserVersion', '103']

2022-11-30 17:34:00 - [MESSAGE][INFO] - User set preference: ['katalon:option', '{organizationId=987205, tunnelId=, usingTunnel=false}']

2022-11-30 17:34:00 - [MESSAGE][INFO] - Connecting to remote web server 'testcloud.katalon.com/hub' with type 'Selenium'

2022-11-30 17:34:00 - [MESSAGE][INFO] - Action delay is set to 0 milliseconds

2022-11-30 17:36:43 - [MESSAGE][PASSED] - Browser is opened with url: ''

2022-11-30 17:36:43 - [TEST_STEP][PASSED] - navigateToUrl("https://demoqa.com/"): Navigate to 'https://demoqa.com/' successfully

2022-11-30 17:36:46 - [MESSAGE][PASSED] - Navigate to 'https://demoqa.com/' successfully

2022-11-30 17:36:46 - [TEST_STEP][PASSED] - maximizeWindow(): Current window maximized

2022-11-30 17:36:46 - [MESSAGE][PASSED] - Current window maximized

2022-11-30 17:36:46 - [TEST_STEP][PASSED] - waitForPageLoad(10): Wait for page load successfully

2022-11-30 17:36:47 - [MESSAGE][PASSED] - Wait for page load successfully

2022-11-30 17:36:47 - [TEST_STEP][PASSED] - Existe = waitForElementVisible(findTestObject("Condicionales/titulo1"), 5): Web element with id: 'Object Repository/Condicionales/titulo1' located by '//div[@class='main-header'][contains(.,'Radio Button')]' not found

2022-11-30 17:36:54 - [MESSAGE][INFO] - Unable to find the element located by 'By.xpath: //div[@class='main-header'][contains(.,'Radio Button')]'. Please recheck the objects properties to make sure the desired element is located. 

2022-11-30 17:36:54 - [MESSAGE][WARNING] - [SELF-HEALING] Failed to find element with id 'Object Repository/Condicionales/titulo1'. Try using Self-healing.

2022-11-30 17:36:55 - [MESSAGE][INFO] - [SELF-HEALING] No working XPath is found.

2022-11-30 17:37:05 - [MESSAGE][INFO] - Unable to find the element located by 'By.xpath: '. Please recheck the objects properties to make sure the desired element is located. 

2022-11-30 17:37:05 - [MESSAGE][WARNING] - [SELF-HEALING] Cannot find elements when the selector is null

2022-11-30 17:37:05 - [MESSAGE][WARNING] - Web element with id: 'Object Repository/Condicionales/titulo1' located by '//div[@class='main-header'][contains(.,'Radio Button')]' not found

2022-11-30 17:37:05 - [TEST_STEP][PASSED] - if (Existe == true): null

2022-11-30 17:37:05 - [TEST_STEP][PASSED] - else: Browser is closed

2022-11-30 17:37:05 - [TEST_STEP][PASSED] - print("No estas en la página correcta"): null

2022-11-30 17:37:05 - [TEST_STEP][PASSED] - closeBrowser(): Browser is closed

2022-11-30 17:37:08 - [MESSAGE][PASSED] - Browser is closed]]></system-out>
         <system-err><![CDATA[]]></system-err>
      </testcase>
      <testcase name="Test Cases/BUCLES/Reto_For" time="303.432" classname="Test Cases/BUCLES/Reto_For" status="PASSED">
         <system-out><![CDATA[2022-11-30 17:37:08 - [TEST_CASE][PASSED] - Test Cases/BUCLES/Reto_For: Test Cases/BUCLES/Reto_For

2022-11-30 17:37:08 - [TEST_STEP][PASSED] - openBrowser(""): Browser is opened with url: ''

2022-11-30 17:37:08 - [MESSAGE][INFO] - User set preference: ['os', 'windows']

2022-11-30 17:37:08 - [MESSAGE][INFO] - User set preference: ['browserName', 'chrome']

2022-11-30 17:37:08 - [MESSAGE][INFO] - User set preference: ['browserVersion', '103']

2022-11-30 17:37:08 - [MESSAGE][INFO] - User set preference: ['katalon:option', '{organizationId=987205, tunnelId=, usingTunnel=false}']

2022-11-30 17:37:08 - [MESSAGE][INFO] - Connecting to remote web server 'testcloud.katalon.com/hub' with type 'Selenium'

2022-11-30 17:37:08 - [MESSAGE][INFO] - Action delay is set to 0 milliseconds

2022-11-30 17:39:43 - [MESSAGE][PASSED] - Browser is opened with url: ''

2022-11-30 17:39:43 - [TEST_STEP][PASSED] - navigateToUrl("https://demoqa.com/text-box"): Navigate to 'https://demoqa.com/text-box' successfully

2022-11-30 17:39:45 - [MESSAGE][PASSED] - Navigate to 'https://demoqa.com/text-box' successfully

2022-11-30 17:39:45 - [TEST_STEP][PASSED] - maximizeWindow(): Current window maximized

2022-11-30 17:39:47 - [MESSAGE][PASSED] - Current window maximized

2022-11-30 17:39:47 - [TEST_STEP][PASSED] - waitForPageLoad(5): Wait for page load successfully

2022-11-30 17:39:47 - [MESSAGE][PASSED] - Wait for page load successfully

2022-11-30 17:39:47 - [TEST_STEP][PASSED] - for ([x = 1, x <= 4, (x++)]): Browser is scrolled to position x = 0, y = 100

2022-11-30 17:39:47 - [TEST_STEP][PASSED] - z = ["Carlos", "Erika", "Paco", "Rodrigo", "Juan"]: null

2022-11-30 17:39:47 - [TEST_STEP][PASSED] - rn = new java.util.Random(): null

2022-11-30 17:39:47 - [TEST_STEP][PASSED] - tx_nombre = z[rn.nextInt(size)]: null

2022-11-30 17:39:47 - [TEST_STEP][PASSED] - setText(findTestObject("Object Repository/Reto_for/Page_ToolsQA/input_Full Name_userName"), tx_nombre): Text 'Rodrigo' is set on object 'Object Repository/Reto_for/Page_ToolsQA/input_Full Name_userName'

2022-11-30 17:39:56 - [MESSAGE][PASSED] - Text 'Rodrigo' is set on object 'Object Repository/Reto_for/Page_ToolsQA/input_Full Name_userName'

2022-11-30 17:39:56 - [TEST_STEP][PASSED] - setText(findTestObject("Object Repository/Reto_for/Page_ToolsQA/input_Email_userEmail"), tx_nombre + "@gmail.com"): Text 'Rodrigo@gmail.com' is set on object 'Object Repository/Reto_for/Page_ToolsQA/input_Email_userEmail'

2022-11-30 17:40:19 - [MESSAGE][PASSED] - Text 'Rodrigo@gmail.com' is set on object 'Object Repository/Reto_for/Page_ToolsQA/input_Email_userEmail'

2022-11-30 17:40:19 - [TEST_STEP][PASSED] - setText(findTestObject("Object Repository/Reto_for/Page_ToolsQA/textarea_Current Address_currentAddress"), "Dirección#" + x): Text 'Dirección#1' is set on object 'Object Repository/Reto_for/Page_ToolsQA/textarea_Current Address_currentAddress'

2022-11-30 17:40:23 - [MESSAGE][PASSED] - Text 'Dirección#1' is set on object 'Object Repository/Reto_for/Page_ToolsQA/textarea_Current Address_currentAddress'

2022-11-30 17:40:23 - [TEST_STEP][PASSED] - setText(findTestObject("Object Repository/Reto_for/Page_ToolsQA/textarea_Permanent Address_permanentAddress"), "Dirección dos#" + x): Text 'Dirección dos#1' is set on object 'Object Repository/Reto_for/Page_ToolsQA/textarea_Permanent Address_permanentAddress'

2022-11-30 17:40:30 - [MESSAGE][PASSED] - Text 'Dirección dos#1' is set on object 'Object Repository/Reto_for/Page_ToolsQA/textarea_Permanent Address_permanentAddress'

2022-11-30 17:40:30 - [TEST_STEP][PASSED] - scrollToPosition(0, 500): Browser is scrolled to position x = 0, y = 500

2022-11-30 17:40:31 - [MESSAGE][PASSED] - Browser is scrolled to position x = 0, y = 500

2022-11-30 17:40:31 - [TEST_STEP][PASSED] - click(findTestObject("Object Repository/Reto_for/Page_ToolsQA/button_Submit")): Object: 'Object Repository/Reto_for/Page_ToolsQA/button_Submit' is clicked on

2022-11-30 17:40:33 - [MESSAGE][PASSED] - Object: 'Object Repository/Reto_for/Page_ToolsQA/button_Submit' is clicked on

2022-11-30 17:40:33 - [TEST_STEP][PASSED] - scrollToPosition(0, 100): Browser is scrolled to position x = 0, y = 100

2022-11-30 17:40:34 - [MESSAGE][PASSED] - Browser is scrolled to position x = 0, y = 100

2022-11-30 17:40:34 - [TEST_STEP][PASSED] - z = ["Carlos", "Erika", "Paco", "Rodrigo", "Juan"]: null

2022-11-30 17:40:34 - [TEST_STEP][PASSED] - rn = new java.util.Random(): null

2022-11-30 17:40:34 - [TEST_STEP][PASSED] - tx_nombre = z[rn.nextInt(size)]: null

2022-11-30 17:40:34 - [TEST_STEP][PASSED] - setText(findTestObject("Object Repository/Reto_for/Page_ToolsQA/input_Full Name_userName"), tx_nombre): Text 'Juan' is set on object 'Object Repository/Reto_for/Page_ToolsQA/input_Full Name_userName'

2022-11-30 17:40:41 - [MESSAGE][PASSED] - Text 'Juan' is set on object 'Object Repository/Reto_for/Page_ToolsQA/input_Full Name_userName'

2022-11-30 17:40:41 - [TEST_STEP][PASSED] - setText(findTestObject("Object Repository/Reto_for/Page_ToolsQA/input_Email_userEmail"), tx_nombre + "@gmail.com"): Text 'Juan@gmail.com' is set on object 'Object Repository/Reto_for/Page_ToolsQA/input_Email_userEmail'

2022-11-30 17:40:48 - [MESSAGE][PASSED] - Text 'Juan@gmail.com' is set on object 'Object Repository/Reto_for/Page_ToolsQA/input_Email_userEmail'

2022-11-30 17:40:48 - [TEST_STEP][PASSED] - setText(findTestObject("Object Repository/Reto_for/Page_ToolsQA/textarea_Current Address_currentAddress"), "Dirección#" + x): Text 'Dirección#2' is set on object 'Object Repository/Reto_for/Page_ToolsQA/textarea_Current Address_currentAddress'

2022-11-30 17:40:55 - [MESSAGE][PASSED] - Text 'Dirección#2' is set on object 'Object Repository/Reto_for/Page_ToolsQA/textarea_Current Address_currentAddress'

2022-11-30 17:40:55 - [TEST_STEP][PASSED] - setText(findTestObject("Object Repository/Reto_for/Page_ToolsQA/textarea_Permanent Address_permanentAddress"), "Dirección dos#" + x): Text 'Dirección dos#2' is set on object 'Object Repository/Reto_for/Page_ToolsQA/textarea_Permanent Address_permanentAddress'

2022-11-30 17:41:02 - [MESSAGE][PASSED] - Text 'Dirección dos#2' is set on object 'Object Repository/Reto_for/Page_ToolsQA/textarea_Permanent Address_permanentAddress'

2022-11-30 17:41:02 - [TEST_STEP][PASSED] - scrollToPosition(0, 500): Browser is scrolled to position x = 0, y = 500

2022-11-30 17:41:02 - [MESSAGE][PASSED] - Browser is scrolled to position x = 0, y = 500

2022-11-30 17:41:02 - [TEST_STEP][PASSED] - click(findTestObject("Object Repository/Reto_for/Page_ToolsQA/button_Submit")): Object: 'Object Repository/Reto_for/Page_ToolsQA/button_Submit' is clicked on

2022-11-30 17:41:05 - [MESSAGE][PASSED] - Object: 'Object Repository/Reto_for/Page_ToolsQA/button_Submit' is clicked on

2022-11-30 17:41:05 - [TEST_STEP][PASSED] - scrollToPosition(0, 100): Browser is scrolled to position x = 0, y = 100

2022-11-30 17:41:06 - [MESSAGE][PASSED] - Browser is scrolled to position x = 0, y = 100

2022-11-30 17:41:06 - [TEST_STEP][PASSED] - z = ["Carlos", "Erika", "Paco", "Rodrigo", "Juan"]: null

2022-11-30 17:41:06 - [TEST_STEP][PASSED] - rn = new java.util.Random(): null

2022-11-30 17:41:06 - [TEST_STEP][PASSED] - tx_nombre = z[rn.nextInt(size)]: null

2022-11-30 17:41:06 - [TEST_STEP][PASSED] - setText(findTestObject("Object Repository/Reto_for/Page_ToolsQA/input_Full Name_userName"), tx_nombre): Text 'Rodrigo' is set on object 'Object Repository/Reto_for/Page_ToolsQA/input_Full Name_userName'

2022-11-30 17:41:14 - [MESSAGE][PASSED] - Text 'Rodrigo' is set on object 'Object Repository/Reto_for/Page_ToolsQA/input_Full Name_userName'

2022-11-30 17:41:14 - [TEST_STEP][PASSED] - setText(findTestObject("Object Repository/Reto_for/Page_ToolsQA/input_Email_userEmail"), tx_nombre + "@gmail.com"): Text 'Rodrigo@gmail.com' is set on object 'Object Repository/Reto_for/Page_ToolsQA/input_Email_userEmail'

2022-11-30 17:41:19 - [MESSAGE][PASSED] - Text 'Rodrigo@gmail.com' is set on object 'Object Repository/Reto_for/Page_ToolsQA/input_Email_userEmail'

2022-11-30 17:41:19 - [TEST_STEP][PASSED] - setText(findTestObject("Object Repository/Reto_for/Page_ToolsQA/textarea_Current Address_currentAddress"), "Dirección#" + x): Text 'Dirección#3' is set on object 'Object Repository/Reto_for/Page_ToolsQA/textarea_Current Address_currentAddress'

2022-11-30 17:41:24 - [MESSAGE][PASSED] - Text 'Dirección#3' is set on object 'Object Repository/Reto_for/Page_ToolsQA/textarea_Current Address_currentAddress'

2022-11-30 17:41:24 - [TEST_STEP][PASSED] - setText(findTestObject("Object Repository/Reto_for/Page_ToolsQA/textarea_Permanent Address_permanentAddress"), "Dirección dos#" + x): Text 'Dirección dos#3' is set on object 'Object Repository/Reto_for/Page_ToolsQA/textarea_Permanent Address_permanentAddress'

2022-11-30 17:41:36 - [MESSAGE][PASSED] - Text 'Dirección dos#3' is set on object 'Object Repository/Reto_for/Page_ToolsQA/textarea_Permanent Address_permanentAddress'

2022-11-30 17:41:36 - [TEST_STEP][PASSED] - scrollToPosition(0, 500): Browser is scrolled to position x = 0, y = 500

2022-11-30 17:41:37 - [MESSAGE][PASSED] - Browser is scrolled to position x = 0, y = 500

2022-11-30 17:41:37 - [TEST_STEP][PASSED] - click(findTestObject("Object Repository/Reto_for/Page_ToolsQA/button_Submit")): Object: 'Object Repository/Reto_for/Page_ToolsQA/button_Submit' is clicked on

2022-11-30 17:41:39 - [MESSAGE][PASSED] - Object: 'Object Repository/Reto_for/Page_ToolsQA/button_Submit' is clicked on

2022-11-30 17:41:39 - [TEST_STEP][PASSED] - scrollToPosition(0, 100): Browser is scrolled to position x = 0, y = 100

2022-11-30 17:41:40 - [MESSAGE][PASSED] - Browser is scrolled to position x = 0, y = 100

2022-11-30 17:41:40 - [TEST_STEP][PASSED] - z = ["Carlos", "Erika", "Paco", "Rodrigo", "Juan"]: null

2022-11-30 17:41:40 - [TEST_STEP][PASSED] - rn = new java.util.Random(): null

2022-11-30 17:41:40 - [TEST_STEP][PASSED] - tx_nombre = z[rn.nextInt(size)]: null

2022-11-30 17:41:40 - [TEST_STEP][PASSED] - setText(findTestObject("Object Repository/Reto_for/Page_ToolsQA/input_Full Name_userName"), tx_nombre): Text 'Juan' is set on object 'Object Repository/Reto_for/Page_ToolsQA/input_Full Name_userName'

2022-11-30 17:41:47 - [MESSAGE][PASSED] - Text 'Juan' is set on object 'Object Repository/Reto_for/Page_ToolsQA/input_Full Name_userName'

2022-11-30 17:41:47 - [TEST_STEP][PASSED] - setText(findTestObject("Object Repository/Reto_for/Page_ToolsQA/input_Email_userEmail"), tx_nombre + "@gmail.com"): Text 'Juan@gmail.com' is set on object 'Object Repository/Reto_for/Page_ToolsQA/input_Email_userEmail'

2022-11-30 17:41:54 - [MESSAGE][PASSED] - Text 'Juan@gmail.com' is set on object 'Object Repository/Reto_for/Page_ToolsQA/input_Email_userEmail'

2022-11-30 17:41:54 - [TEST_STEP][PASSED] - setText(findTestObject("Object Repository/Reto_for/Page_ToolsQA/textarea_Current Address_currentAddress"), "Dirección#" + x): Text 'Dirección#4' is set on object 'Object Repository/Reto_for/Page_ToolsQA/textarea_Current Address_currentAddress'

2022-11-30 17:41:59 - [MESSAGE][PASSED] - Text 'Dirección#4' is set on object 'Object Repository/Reto_for/Page_ToolsQA/textarea_Current Address_currentAddress'

2022-11-30 17:41:59 - [TEST_STEP][PASSED] - setText(findTestObject("Object Repository/Reto_for/Page_ToolsQA/textarea_Permanent Address_permanentAddress"), "Dirección dos#" + x): Text 'Dirección dos#4' is set on object 'Object Repository/Reto_for/Page_ToolsQA/textarea_Permanent Address_permanentAddress'

2022-11-30 17:42:05 - [MESSAGE][PASSED] - Text 'Dirección dos#4' is set on object 'Object Repository/Reto_for/Page_ToolsQA/textarea_Permanent Address_permanentAddress'

2022-11-30 17:42:05 - [TEST_STEP][PASSED] - scrollToPosition(0, 500): Browser is scrolled to position x = 0, y = 500

2022-11-30 17:42:05 - [MESSAGE][PASSED] - Browser is scrolled to position x = 0, y = 500

2022-11-30 17:42:05 - [TEST_STEP][PASSED] - click(findTestObject("Object Repository/Reto_for/Page_ToolsQA/button_Submit")): Object: 'Object Repository/Reto_for/Page_ToolsQA/button_Submit' is clicked on

2022-11-30 17:42:08 - [MESSAGE][PASSED] - Object: 'Object Repository/Reto_for/Page_ToolsQA/button_Submit' is clicked on

2022-11-30 17:42:08 - [TEST_STEP][PASSED] - scrollToPosition(0, 100): Browser is scrolled to position x = 0, y = 100

2022-11-30 17:42:09 - [MESSAGE][PASSED] - Browser is scrolled to position x = 0, y = 100

2022-11-30 17:42:09 - [TEST_STEP][PASSED] - closeBrowser(): Browser is closed

2022-11-30 17:42:11 - [MESSAGE][PASSED] - Browser is closed]]></system-out>
         <system-err><![CDATA[]]></system-err>
      </testcase>
      <testcase name="Test Cases/BUCLES/Reto_while" time="174.308" classname="Test Cases/BUCLES/Reto_while" status="PASSED">
         <system-out><![CDATA[2022-11-30 17:42:11 - [TEST_CASE][PASSED] - Test Cases/BUCLES/Reto_while: Test Cases/BUCLES/Reto_while

2022-11-30 17:42:12 - [TEST_STEP][PASSED] - openBrowser(""): Browser is opened with url: ''

2022-11-30 17:42:12 - [MESSAGE][INFO] - User set preference: ['os', 'windows']

2022-11-30 17:42:12 - [MESSAGE][INFO] - User set preference: ['browserName', 'chrome']

2022-11-30 17:42:12 - [MESSAGE][INFO] - User set preference: ['browserVersion', '103']

2022-11-30 17:42:12 - [MESSAGE][INFO] - User set preference: ['katalon:option', '{organizationId=987205, tunnelId=, usingTunnel=false}']

2022-11-30 17:42:12 - [MESSAGE][INFO] - Connecting to remote web server 'testcloud.katalon.com/hub' with type 'Selenium'

2022-11-30 17:42:12 - [MESSAGE][INFO] - Action delay is set to 0 milliseconds

2022-11-30 17:44:46 - [MESSAGE][PASSED] - Browser is opened with url: ''

2022-11-30 17:44:46 - [TEST_STEP][PASSED] - navigateToUrl("https://www.google.com/"): Navigate to 'https://www.google.com/' successfully

2022-11-30 17:44:49 - [MESSAGE][PASSED] - Navigate to 'https://www.google.com/' successfully

2022-11-30 17:44:49 - [TEST_STEP][PASSED] - Bandera = 0: null

2022-11-30 17:44:49 - [TEST_STEP][PASSED] - while (Bandera != 1): null

2022-11-30 17:44:49 - [TEST_STEP][PASSED] - num = Math.random() * 5 - 1 + 1: null

2022-11-30 17:44:49 - [TEST_STEP][PASSED] - setText(findTestObject("Object Repository/While_google/Page_Google/input__q"), "5+" + num): Text '5+3' is set on object 'Object Repository/While_google/Page_Google/input__q'

2022-11-30 17:44:56 - [MESSAGE][PASSED] - Text '5+3' is set on object 'Object Repository/While_google/Page_Google/input__q'

2022-11-30 17:44:56 - [TEST_STEP][PASSED] - sendKeys(findTestObject("Object Repository/While_google/Page_Google/input__q"), Keys.chord(ENTER)): Keys 'ENTER + ' sent to object: 'Object Repository/While_google/Page_Google/input__q'

2022-11-30 17:44:59 - [MESSAGE][PASSED] - Keys 'ENTER + ' sent to object: 'Object Repository/While_google/Page_Google/input__q'

2022-11-30 17:44:59 - [TEST_STEP][PASSED] - Resultado = getText(findTestObject("While_google/Extras/Resultado_10")): Text of object 'Object Repository/While_google/Extras/Resultado_10' is: '8'

2022-11-30 17:45:03 - [MESSAGE][PASSED] - Text of object 'Object Repository/While_google/Extras/Resultado_10' is: '8'

2022-11-30 17:45:03 - [TEST_STEP][PASSED] - if (Resultado == "8"): Browser is closed

2022-11-30 17:45:03 - [TEST_STEP][PASSED] - Bandera = 1: null

2022-11-30 17:45:03 - [TEST_STEP][PASSED] - print("Listo termina"): null

2022-11-30 17:45:03 - [TEST_STEP][PASSED] - closeBrowser(): Browser is closed

2022-11-30 17:45:06 - [MESSAGE][PASSED] - Browser is closed

2022-11-30 17:45:06 - [TEST_STEP][PASSED] - print(Bandera + "------"): null]]></system-out>
         <system-err><![CDATA[]]></system-err>
      </testcase>
      <testcase name="Test Cases/BUCLES/Reto_while_solucion" time="191.005" classname="Test Cases/BUCLES/Reto_while_solucion" status="PASSED">
         <system-out><![CDATA[2022-11-30 17:45:06 - [TEST_CASE][PASSED] - Test Cases/BUCLES/Reto_while_solucion: Test Cases/BUCLES/Reto_while_solucion

2022-11-30 17:45:06 - [TEST_STEP][PASSED] - openBrowser(""): Browser is opened with url: ''

2022-11-30 17:45:06 - [MESSAGE][INFO] - User set preference: ['os', 'windows']

2022-11-30 17:45:06 - [MESSAGE][INFO] - User set preference: ['browserName', 'chrome']

2022-11-30 17:45:06 - [MESSAGE][INFO] - User set preference: ['browserVersion', '103']

2022-11-30 17:45:06 - [MESSAGE][INFO] - User set preference: ['katalon:option', '{organizationId=987205, tunnelId=, usingTunnel=false}']

2022-11-30 17:45:06 - [MESSAGE][INFO] - Connecting to remote web server 'testcloud.katalon.com/hub' with type 'Selenium'

2022-11-30 17:45:06 - [MESSAGE][INFO] - Action delay is set to 0 milliseconds

2022-11-30 17:47:33 - [MESSAGE][PASSED] - Browser is opened with url: ''

2022-11-30 17:47:33 - [TEST_STEP][PASSED] - navigateToUrl("https://www.google.com/"): Navigate to 'https://www.google.com/' successfully

2022-11-30 17:47:35 - [MESSAGE][PASSED] - Navigate to 'https://www.google.com/' successfully

2022-11-30 17:47:35 - [TEST_STEP][PASSED] - Res = 0: null

2022-11-30 17:47:35 - [TEST_STEP][PASSED] - while (Res != 8): Browser is closed

2022-11-30 17:47:35 - [TEST_STEP][PASSED] - num = Math.random() * 5 - 1 + 1: null

2022-11-30 17:47:35 - [TEST_STEP][PASSED] - setText(findTestObject("Object Repository/Reto_while1/Page_Google/input__q"), "5+" + num): Text '5+1' is set on object 'Object Repository/Reto_while1/Page_Google/input__q'

2022-11-30 17:47:42 - [MESSAGE][PASSED] - Text '5+1' is set on object 'Object Repository/Reto_while1/Page_Google/input__q'

2022-11-30 17:47:42 - [TEST_STEP][PASSED] - sendKeys(findTestObject("Object Repository/Reto_while1/Page_Google/input__q"), Keys.chord(ENTER)): Keys 'ENTER + ' sent to object: 'Object Repository/Reto_while1/Page_Google/input__q'

2022-11-30 17:47:46 - [MESSAGE][PASSED] - Keys 'ENTER + ' sent to object: 'Object Repository/Reto_while1/Page_Google/input__q'

2022-11-30 17:47:46 - [TEST_STEP][PASSED] - Res = getText(findTestObject("Reto_while1/Resultado_8")).toInteger(): Text of object 'Object Repository/Reto_while1/Resultado_8' is: '6'

2022-11-30 17:47:48 - [MESSAGE][PASSED] - Text of object 'Object Repository/Reto_while1/Resultado_8' is: '6'

2022-11-30 17:47:48 - [TEST_STEP][PASSED] - if (Res == 8): null

2022-11-30 17:47:48 - [TEST_STEP][PASSED] - num = Math.random() * 5 - 1 + 1: null

2022-11-30 17:47:48 - [TEST_STEP][PASSED] - setText(findTestObject("Object Repository/Reto_while1/Page_Google/input__q"), "5+" + num): Text '5+4' is set on object 'Object Repository/Reto_while1/Page_Google/input__q'

2022-11-30 17:47:55 - [MESSAGE][PASSED] - Text '5+4' is set on object 'Object Repository/Reto_while1/Page_Google/input__q'

2022-11-30 17:47:55 - [TEST_STEP][PASSED] - sendKeys(findTestObject("Object Repository/Reto_while1/Page_Google/input__q"), Keys.chord(ENTER)): Keys 'ENTER + ' sent to object: 'Object Repository/Reto_while1/Page_Google/input__q'

2022-11-30 17:47:58 - [MESSAGE][PASSED] - Keys 'ENTER + ' sent to object: 'Object Repository/Reto_while1/Page_Google/input__q'

2022-11-30 17:47:58 - [TEST_STEP][PASSED] - Res = getText(findTestObject("Reto_while1/Resultado_8")).toInteger(): Text of object 'Object Repository/Reto_while1/Resultado_8' is: '9'

2022-11-30 17:48:02 - [MESSAGE][PASSED] - Text of object 'Object Repository/Reto_while1/Resultado_8' is: '9'

2022-11-30 17:48:02 - [TEST_STEP][PASSED] - if (Res == 8): null

2022-11-30 17:48:02 - [TEST_STEP][PASSED] - num = Math.random() * 5 - 1 + 1: null

2022-11-30 17:48:02 - [TEST_STEP][PASSED] - setText(findTestObject("Object Repository/Reto_while1/Page_Google/input__q"), "5+" + num): Text '5+3' is set on object 'Object Repository/Reto_while1/Page_Google/input__q'

2022-11-30 17:48:08 - [MESSAGE][PASSED] - Text '5+3' is set on object 'Object Repository/Reto_while1/Page_Google/input__q'

2022-11-30 17:48:08 - [TEST_STEP][PASSED] - sendKeys(findTestObject("Object Repository/Reto_while1/Page_Google/input__q"), Keys.chord(ENTER)): Keys 'ENTER + ' sent to object: 'Object Repository/Reto_while1/Page_Google/input__q'

2022-11-30 17:48:11 - [MESSAGE][PASSED] - Keys 'ENTER + ' sent to object: 'Object Repository/Reto_while1/Page_Google/input__q'

2022-11-30 17:48:11 - [TEST_STEP][PASSED] - Res = getText(findTestObject("Reto_while1/Resultado_8")).toInteger(): Text of object 'Object Repository/Reto_while1/Resultado_8' is: '8'

2022-11-30 17:48:14 - [MESSAGE][PASSED] - Text of object 'Object Repository/Reto_while1/Resultado_8' is: '8'

2022-11-30 17:48:14 - [TEST_STEP][PASSED] - if (Res == 8): Browser is closed

2022-11-30 17:48:14 - [TEST_STEP][PASSED] - closeBrowser(): Browser is closed

2022-11-30 17:48:17 - [MESSAGE][PASSED] - Browser is closed]]></system-out>
         <system-err><![CDATA[]]></system-err>
      </testcase>
      <testcase name="Test Cases/BUCLES/Test_1" time="499.336" classname="Test Cases/BUCLES/Test_1" status="PASSED">
         <system-out><![CDATA[2022-11-30 17:48:17 - [TEST_CASE][PASSED] - Test Cases/BUCLES/Test_1: Test Cases/BUCLES/Test_1

2022-11-30 17:48:17 - [TEST_STEP][PASSED] - openBrowser(""): Browser is opened with url: ''

2022-11-30 17:48:17 - [MESSAGE][INFO] - User set preference: ['os', 'windows']

2022-11-30 17:48:17 - [MESSAGE][INFO] - User set preference: ['browserName', 'chrome']

2022-11-30 17:48:17 - [MESSAGE][INFO] - User set preference: ['browserVersion', '103']

2022-11-30 17:48:17 - [MESSAGE][INFO] - User set preference: ['katalon:option', '{organizationId=987205, tunnelId=, usingTunnel=false}']

2022-11-30 17:48:17 - [MESSAGE][INFO] - Connecting to remote web server 'testcloud.katalon.com/hub' with type 'Selenium'

2022-11-30 17:48:17 - [MESSAGE][INFO] - Action delay is set to 0 milliseconds

2022-11-30 17:50:53 - [MESSAGE][PASSED] - Browser is opened with url: ''

2022-11-30 17:50:53 - [TEST_STEP][PASSED] - navigateToUrl("https://demoqa.com/text-box"): Navigate to 'https://demoqa.com/text-box' successfully

2022-11-30 17:50:56 - [MESSAGE][PASSED] - Navigate to 'https://demoqa.com/text-box' successfully

2022-11-30 17:50:56 - [TEST_STEP][PASSED] - for ([x = 1, x <= 2, (x++)]): null

2022-11-30 17:50:56 - [TEST_STEP][PASSED] - openBrowser(""): Browser is opened with url: ''

2022-11-30 17:50:56 - [MESSAGE][WARNING] - A browser is already opened. Closing browser and opening a new one

2022-11-30 17:50:59 - [MESSAGE][INFO] - User set preference: ['os', 'windows']

2022-11-30 17:50:59 - [MESSAGE][INFO] - User set preference: ['browserName', 'chrome']

2022-11-30 17:50:59 - [MESSAGE][INFO] - User set preference: ['browserVersion', '103']

2022-11-30 17:50:59 - [MESSAGE][INFO] - User set preference: ['katalon:option', '{organizationId=987205, tunnelId=, usingTunnel=false}']

2022-11-30 17:50:59 - [MESSAGE][INFO] - Connecting to remote web server 'testcloud.katalon.com/hub' with type 'Selenium'

2022-11-30 17:50:59 - [MESSAGE][INFO] - Action delay is set to 0 milliseconds

2022-11-30 17:53:32 - [MESSAGE][PASSED] - Browser is opened with url: ''

2022-11-30 17:53:32 - [TEST_STEP][PASSED] - navigateToUrl("https://demoqa.com/text-box"): Navigate to 'https://demoqa.com/text-box' successfully

2022-11-30 17:53:35 - [MESSAGE][PASSED] - Navigate to 'https://demoqa.com/text-box' successfully

2022-11-30 17:53:35 - [TEST_STEP][PASSED] - RN = Math.random() * 10 - 1 + 1: null

2022-11-30 17:53:35 - [TEST_STEP][PASSED] - print("Numero : " + RN + "----"): null

2022-11-30 17:53:35 - [TEST_STEP][PASSED] - z = ["Demo1", "Demo2", "Demo3", "Demo4", "Demo5"]: null

2022-11-30 17:53:35 - [TEST_STEP][PASSED] - rnd = new java.util.Random(): null

2022-11-30 17:53:35 - [TEST_STEP][PASSED] - texto = z[rnd.nextInt(size)]: null

2022-11-30 17:53:35 - [TEST_STEP][PASSED] - print(texto): null

2022-11-30 17:53:35 - [TEST_STEP][PASSED] - openBrowser(""): Browser is opened with url: ''

2022-11-30 17:53:35 - [MESSAGE][WARNING] - A browser is already opened. Closing browser and opening a new one

2022-11-30 17:53:41 - [MESSAGE][INFO] - User set preference: ['os', 'windows']

2022-11-30 17:53:41 - [MESSAGE][INFO] - User set preference: ['browserName', 'chrome']

2022-11-30 17:53:41 - [MESSAGE][INFO] - User set preference: ['browserVersion', '103']

2022-11-30 17:53:41 - [MESSAGE][INFO] - User set preference: ['katalon:option', '{organizationId=987205, tunnelId=, usingTunnel=false}']

2022-11-30 17:53:41 - [MESSAGE][INFO] - Connecting to remote web server 'testcloud.katalon.com/hub' with type 'Selenium'

2022-11-30 17:53:41 - [MESSAGE][INFO] - Action delay is set to 0 milliseconds

2022-11-30 17:56:23 - [MESSAGE][PASSED] - Browser is opened with url: ''

2022-11-30 17:56:23 - [TEST_STEP][PASSED] - navigateToUrl("https://demoqa.com/text-box"): Navigate to 'https://demoqa.com/text-box' successfully

2022-11-30 17:56:26 - [MESSAGE][PASSED] - Navigate to 'https://demoqa.com/text-box' successfully

2022-11-30 17:56:26 - [TEST_STEP][PASSED] - RN = Math.random() * 10 - 1 + 1: null

2022-11-30 17:56:26 - [TEST_STEP][PASSED] - print("Numero : " + RN + "----"): null

2022-11-30 17:56:26 - [TEST_STEP][PASSED] - z = ["Demo1", "Demo2", "Demo3", "Demo4", "Demo5"]: null

2022-11-30 17:56:26 - [TEST_STEP][PASSED] - rnd = new java.util.Random(): null

2022-11-30 17:56:26 - [TEST_STEP][PASSED] - texto = z[rnd.nextInt(size)]: null

2022-11-30 17:56:26 - [TEST_STEP][PASSED] - print(texto): null

2022-11-30 17:56:26 - [TEST_STEP][PASSED] - closeBrowser(): Browser is closed

2022-11-30 17:56:36 - [MESSAGE][PASSED] - Browser is closed]]></system-out>
         <system-err><![CDATA[]]></system-err>
      </testcase>
      <testcase name="Test Cases/BUCLES/Test_2" time="162.332" classname="Test Cases/BUCLES/Test_2" status="PASSED">
         <system-out><![CDATA[2022-11-30 17:56:36 - [TEST_CASE][PASSED] - Test Cases/BUCLES/Test_2: Test Cases/BUCLES/Test_2

2022-11-30 17:56:37 - [TEST_STEP][PASSED] - openBrowser(""): Browser is opened with url: ''

2022-11-30 17:56:37 - [MESSAGE][INFO] - User set preference: ['os', 'windows']

2022-11-30 17:56:37 - [MESSAGE][INFO] - User set preference: ['browserName', 'chrome']

2022-11-30 17:56:37 - [MESSAGE][INFO] - User set preference: ['browserVersion', '103']

2022-11-30 17:56:37 - [MESSAGE][INFO] - User set preference: ['katalon:option', '{organizationId=987205, tunnelId=, usingTunnel=false}']

2022-11-30 17:56:37 - [MESSAGE][INFO] - Connecting to remote web server 'testcloud.katalon.com/hub' with type 'Selenium'

2022-11-30 17:56:37 - [MESSAGE][INFO] - Action delay is set to 0 milliseconds

2022-11-30 17:59:02 - [MESSAGE][PASSED] - Browser is opened with url: ''

2022-11-30 17:59:02 - [TEST_STEP][PASSED] - navigateToUrl("https://demoqa.com/text-box"): Navigate to 'https://demoqa.com/text-box' successfully

2022-11-30 17:59:06 - [MESSAGE][PASSED] - Navigate to 'https://demoqa.com/text-box' successfully

2022-11-30 17:59:06 - [TEST_STEP][PASSED] - for ([x = 1, x <= 10, x = x + 2]): null

2022-11-30 17:59:06 - [TEST_STEP][PASSED] - print(" hola mundo " + x + "-------"): null

2022-11-30 17:59:06 - [TEST_STEP][PASSED] - print(" hola mundo " + x + "-------"): null

2022-11-30 17:59:06 - [TEST_STEP][PASSED] - print(" hola mundo " + x + "-------"): null

2022-11-30 17:59:06 - [TEST_STEP][PASSED] - print(" hola mundo " + x + "-------"): null

2022-11-30 17:59:06 - [TEST_STEP][PASSED] - print(" hola mundo " + x + "-------"): null

2022-11-30 17:59:06 - [TEST_STEP][PASSED] - closeBrowser(): Browser is closed

2022-11-30 17:59:18 - [MESSAGE][PASSED] - Browser is closed]]></system-out>
         <system-err><![CDATA[]]></system-err>
      </testcase>
      <testcase name="Test Cases/BUCLES/Test_while" time="160.442" classname="Test Cases/BUCLES/Test_while" status="PASSED">
         <system-out><![CDATA[2022-11-30 17:59:18 - [TEST_CASE][PASSED] - Test Cases/BUCLES/Test_while: Test Cases/BUCLES/Test_while

2022-11-30 17:59:19 - [TEST_STEP][PASSED] - openBrowser(""): Browser is opened with url: ''

2022-11-30 17:59:19 - [MESSAGE][INFO] - User set preference: ['os', 'windows']

2022-11-30 17:59:19 - [MESSAGE][INFO] - User set preference: ['browserName', 'chrome']

2022-11-30 17:59:19 - [MESSAGE][INFO] - User set preference: ['browserVersion', '103']

2022-11-30 17:59:19 - [MESSAGE][INFO] - User set preference: ['katalon:option', '{organizationId=987205, tunnelId=, usingTunnel=false}']

2022-11-30 17:59:19 - [MESSAGE][INFO] - Connecting to remote web server 'testcloud.katalon.com/hub' with type 'Selenium'

2022-11-30 17:59:19 - [MESSAGE][INFO] - Action delay is set to 0 milliseconds

2022-11-30 18:01:46 - [MESSAGE][PASSED] - Browser is opened with url: ''

2022-11-30 18:01:46 - [TEST_STEP][PASSED] - navigateToUrl("https://demoqa.com/text-box"): Navigate to 'https://demoqa.com/text-box' successfully

2022-11-30 18:01:49 - [MESSAGE][PASSED] - Navigate to 'https://demoqa.com/text-box' successfully

2022-11-30 18:01:49 - [TEST_STEP][PASSED] - maximizeWindow(): Current window maximized

2022-11-30 18:01:49 - [MESSAGE][PASSED] - Current window maximized

2022-11-30 18:01:49 - [TEST_STEP][PASSED] - waitForPageLoad(5): Wait for page load successfully

2022-11-30 18:01:50 - [MESSAGE][PASSED] - Wait for page load successfully

2022-11-30 18:01:50 - [TEST_STEP][PASSED] - x = 1: null

2022-11-30 18:01:50 - [TEST_STEP][PASSED] - while (x <= 3): null

2022-11-30 18:01:50 - [TEST_STEP][PASSED] - print("Hola " + x + "----------"): null

2022-11-30 18:01:50 - [TEST_STEP][PASSED] - (x++): null

2022-11-30 18:01:50 - [TEST_STEP][PASSED] - print("Hola " + x + "----------"): null

2022-11-30 18:01:50 - [TEST_STEP][PASSED] - (x++): null

2022-11-30 18:01:50 - [TEST_STEP][PASSED] - print("Hola " + x + "----------"): null

2022-11-30 18:01:50 - [TEST_STEP][PASSED] - (x++): null

2022-11-30 18:01:50 - [TEST_STEP][PASSED] - closeBrowser(): Browser is closed

2022-11-30 18:01:59 - [MESSAGE][PASSED] - Browser is closed]]></system-out>
         <system-err><![CDATA[]]></system-err>
      </testcase>
      <testcase name="Test Cases/BUCLES/Test_while2" time="162.671" classname="Test Cases/BUCLES/Test_while2" status="PASSED">
         <system-out><![CDATA[2022-11-30 18:01:59 - [TEST_CASE][PASSED] - Test Cases/BUCLES/Test_while2: Test Cases/BUCLES/Test_while2

2022-11-30 18:01:59 - [TEST_STEP][PASSED] - openBrowser(""): Browser is opened with url: ''

2022-11-30 18:01:59 - [MESSAGE][INFO] - User set preference: ['os', 'windows']

2022-11-30 18:01:59 - [MESSAGE][INFO] - User set preference: ['browserName', 'chrome']

2022-11-30 18:01:59 - [MESSAGE][INFO] - User set preference: ['browserVersion', '103']

2022-11-30 18:01:59 - [MESSAGE][INFO] - User set preference: ['katalon:option', '{organizationId=987205, tunnelId=, usingTunnel=false}']

2022-11-30 18:01:59 - [MESSAGE][INFO] - Connecting to remote web server 'testcloud.katalon.com/hub' with type 'Selenium'

2022-11-30 18:01:59 - [MESSAGE][INFO] - Action delay is set to 0 milliseconds

2022-11-30 18:04:33 - [MESSAGE][PASSED] - Browser is opened with url: ''

2022-11-30 18:04:33 - [TEST_STEP][PASSED] - navigateToUrl("https://demoqa.com/text-box"): Navigate to 'https://demoqa.com/text-box' successfully

2022-11-30 18:04:35 - [MESSAGE][PASSED] - Navigate to 'https://demoqa.com/text-box' successfully

2022-11-30 18:04:35 - [TEST_STEP][PASSED] - maximizeWindow(): Current window maximized

2022-11-30 18:04:36 - [MESSAGE][PASSED] - Current window maximized

2022-11-30 18:04:36 - [TEST_STEP][PASSED] - waitForPageLoad(5): Wait for page load successfully

2022-11-30 18:04:36 - [MESSAGE][PASSED] - Wait for page load successfully

2022-11-30 18:04:36 - [TEST_STEP][PASSED] - x = 1: null

2022-11-30 18:04:36 - [TEST_STEP][PASSED] - while (x <= 5): null

2022-11-30 18:04:36 - [TEST_STEP][PASSED] - print("Valor de X" + x + "------>"): null

2022-11-30 18:04:37 - [TEST_STEP][PASSED] - (x++): null

2022-11-30 18:04:37 - [TEST_STEP][PASSED] - print("Valor de X" + x + "------>"): null

2022-11-30 18:04:37 - [TEST_STEP][PASSED] - (x++): null

2022-11-30 18:04:37 - [TEST_STEP][PASSED] - print("Valor de X" + x + "------>"): null

2022-11-30 18:04:37 - [TEST_STEP][PASSED] - (x++): null

2022-11-30 18:04:37 - [TEST_STEP][PASSED] - print("Valor de X" + x + "------>"): null

2022-11-30 18:04:37 - [TEST_STEP][PASSED] - (x++): null

2022-11-30 18:04:37 - [TEST_STEP][PASSED] - print("Valor de X" + x + "------>"): null

2022-11-30 18:04:37 - [TEST_STEP][PASSED] - (x++): null

2022-11-30 18:04:37 - [TEST_STEP][PASSED] - closeBrowser(): Browser is closed

2022-11-30 18:04:42 - [MESSAGE][PASSED] - Browser is closed]]></system-out>
         <system-err><![CDATA[]]></system-err>
      </testcase>
      <testcase name="Test Cases/Drive_excel/Drive_excel" time="182.757" classname="Test Cases/Drive_excel/Drive_excel" status="PASSED">
         <system-out><![CDATA[2022-11-30 18:04:42 - [TEST_CASE][PASSED] - Test Cases/Drive_excel/Drive_excel: Test Cases/Drive_excel/Drive_excel

2022-11-30 18:04:42 - [TEST_STEP][PASSED] - openBrowser(""): Browser is opened with url: ''

2022-11-30 18:04:42 - [MESSAGE][INFO] - User set preference: ['os', 'windows']

2022-11-30 18:04:42 - [MESSAGE][INFO] - User set preference: ['browserName', 'chrome']

2022-11-30 18:04:42 - [MESSAGE][INFO] - User set preference: ['browserVersion', '103']

2022-11-30 18:04:42 - [MESSAGE][INFO] - User set preference: ['katalon:option', '{organizationId=987205, tunnelId=, usingTunnel=false}']

2022-11-30 18:04:42 - [MESSAGE][INFO] - Connecting to remote web server 'testcloud.katalon.com/hub' with type 'Selenium'

2022-11-30 18:04:42 - [MESSAGE][INFO] - Action delay is set to 0 milliseconds

2022-11-30 18:07:19 - [MESSAGE][PASSED] - Browser is opened with url: ''

2022-11-30 18:07:19 - [TEST_STEP][PASSED] - navigateToUrl("https://demoqa.com/automation-practice-form"): Navigate to 'https://demoqa.com/automation-practice-form' successfully

2022-11-30 18:07:22 - [MESSAGE][PASSED] - Navigate to 'https://demoqa.com/automation-practice-form' successfully

2022-11-30 18:07:22 - [TEST_STEP][PASSED] - waitForPageLoad(40): Wait for page load successfully

2022-11-30 18:07:23 - [MESSAGE][PASSED] - Wait for page load successfully

2022-11-30 18:07:23 - [TEST_STEP][PASSED] - maximizeWindow(): Current window maximized

2022-11-30 18:07:24 - [MESSAGE][PASSED] - Current window maximized

2022-11-30 18:07:24 - [TEST_STEP][PASSED] - setText(findTestObject("Object Repository/Drive_excel/Page_ToolsQA/input_Name_firstName"), nombre): Text '' is set on object 'Object Repository/Drive_excel/Page_ToolsQA/input_Name_firstName'

2022-11-30 18:07:29 - [MESSAGE][PASSED] - Text '' is set on object 'Object Repository/Drive_excel/Page_ToolsQA/input_Name_firstName'

2022-11-30 18:07:29 - [TEST_STEP][PASSED] - setText(findTestObject("Object Repository/Drive_excel/Page_ToolsQA/input_Name_lastName"), apellido): Text '' is set on object 'Object Repository/Drive_excel/Page_ToolsQA/input_Name_lastName'

2022-11-30 18:07:34 - [MESSAGE][PASSED] - Text '' is set on object 'Object Repository/Drive_excel/Page_ToolsQA/input_Name_lastName'

2022-11-30 18:07:34 - [TEST_STEP][PASSED] - setText(findTestObject("Object Repository/Drive_excel/Page_ToolsQA/input_Email_userEmail"), email): Text '' is set on object 'Object Repository/Drive_excel/Page_ToolsQA/input_Email_userEmail'

2022-11-30 18:07:39 - [MESSAGE][PASSED] - Text '' is set on object 'Object Repository/Drive_excel/Page_ToolsQA/input_Email_userEmail'

2022-11-30 18:07:39 - [TEST_STEP][PASSED] - delay(2): Delayed 2 second(s)

2022-11-30 18:07:41 - [MESSAGE][PASSED] - Delayed 2 second(s)

2022-11-30 18:07:41 - [TEST_STEP][PASSED] - closeBrowser(): Browser is closed

2022-11-30 18:07:44 - [MESSAGE][PASSED] - Browser is closed]]></system-out>
         <system-err><![CDATA[]]></system-err>
      </testcase>
      <testcase name="Test Cases/Navegador/Navegador" time="168.786" classname="Test Cases/Navegador/Navegador" status="PASSED">
         <system-out><![CDATA[2022-11-30 18:07:44 - [TEST_CASE][PASSED] - Test Cases/Navegador/Navegador: Test Cases/Navegador/Navegador

2022-11-30 18:07:44 - [TEST_STEP][PASSED] - openBrowser("https://demoqa.com/text-box"): Browser is opened with url: 'https://demoqa.com/text-box'

2022-11-30 18:07:44 - [MESSAGE][INFO] - User set preference: ['os', 'windows']

2022-11-30 18:07:44 - [MESSAGE][INFO] - User set preference: ['browserName', 'chrome']

2022-11-30 18:07:44 - [MESSAGE][INFO] - User set preference: ['browserVersion', '103']

2022-11-30 18:07:44 - [MESSAGE][INFO] - User set preference: ['katalon:option', '{organizationId=987205, tunnelId=, usingTunnel=false}']

2022-11-30 18:07:44 - [MESSAGE][INFO] - Connecting to remote web server 'testcloud.katalon.com/hub' with type 'Selenium'

2022-11-30 18:07:44 - [MESSAGE][INFO] - Action delay is set to 0 milliseconds

2022-11-30 18:10:26 - [MESSAGE][PASSED] - Browser is opened with url: 'https://demoqa.com/text-box'

2022-11-30 18:10:26 - [TEST_STEP][PASSED] - maximizeWindow(): Current window maximized

2022-11-30 18:10:27 - [MESSAGE][PASSED] - Current window maximized

2022-11-30 18:10:27 - [TEST_STEP][PASSED] - page_url = getUrl(): Current window's url is: 'https://demoqa.com/text-box'

2022-11-30 18:10:28 - [MESSAGE][PASSED] - Current window's url is: 'https://demoqa.com/text-box'

2022-11-30 18:10:28 - [TEST_STEP][PASSED] - print(page_url): null

2022-11-30 18:10:28 - [TEST_STEP][PASSED] - Titulo = getWindowTitle(): Current window's title is: 'ToolsQA'

2022-11-30 18:10:28 - [MESSAGE][PASSED] - Current window's title is: 'ToolsQA'

2022-11-30 18:10:28 - [TEST_STEP][PASSED] - print("titiulo de la pagina" + Titulo): null

2022-11-30 18:10:28 - [TEST_STEP][PASSED] - closeBrowser(): Browser is closed

2022-11-30 18:10:33 - [MESSAGE][PASSED] - Browser is closed]]></system-out>
         <system-err><![CDATA[]]></system-err>
      </testcase>
      <testcase name="Test Cases/Objecto_xpath/Caso_xpath" time="165.099" classname="Test Cases/Objecto_xpath/Caso_xpath" status="PASSED">
         <system-out><![CDATA[2022-11-30 18:10:33 - [TEST_CASE][PASSED] - Test Cases/Objecto_xpath/Caso_xpath: Test Cases/Objecto_xpath/Caso_xpath

2022-11-30 18:10:33 - [TEST_STEP][PASSED] - openBrowser(""): Browser is opened with url: ''

2022-11-30 18:10:33 - [MESSAGE][INFO] - User set preference: ['os', 'windows']

2022-11-30 18:10:33 - [MESSAGE][INFO] - User set preference: ['browserName', 'chrome']

2022-11-30 18:10:33 - [MESSAGE][INFO] - User set preference: ['browserVersion', '103']

2022-11-30 18:10:33 - [MESSAGE][INFO] - User set preference: ['katalon:option', '{organizationId=987205, tunnelId=, usingTunnel=false}']

2022-11-30 18:10:33 - [MESSAGE][INFO] - Connecting to remote web server 'testcloud.katalon.com/hub' with type 'Selenium'

2022-11-30 18:10:33 - [MESSAGE][INFO] - Action delay is set to 0 milliseconds

2022-11-30 18:13:00 - [MESSAGE][PASSED] - Browser is opened with url: ''

2022-11-30 18:13:00 - [TEST_STEP][PASSED] - navigateToUrl("https://demoqa.com/text-box"): Navigate to 'https://demoqa.com/text-box' successfully

2022-11-30 18:13:03 - [MESSAGE][PASSED] - Navigate to 'https://demoqa.com/text-box' successfully

2022-11-30 18:13:03 - [TEST_STEP][PASSED] - maximizeWindow(): Current window maximized

2022-11-30 18:13:04 - [MESSAGE][PASSED] - Current window maximized

2022-11-30 18:13:04 - [TEST_STEP][PASSED] - setText(findTestObject("Objeto_xpath/Campo_nombre"), "Ljubo"): Text 'Ljubo' is set on object 'Object Repository/Objeto_xpath/Campo_nombre'

2022-11-30 18:13:10 - [MESSAGE][PASSED] - Text 'Ljubo' is set on object 'Object Repository/Objeto_xpath/Campo_nombre'

2022-11-30 18:13:10 - [TEST_STEP][PASSED] - delay(3): Delayed 3 second(s)

2022-11-30 18:13:13 - [MESSAGE][PASSED] - Delayed 3 second(s)

2022-11-30 18:13:13 - [TEST_STEP][PASSED] - closeBrowser(): Browser is closed

2022-11-30 18:13:18 - [MESSAGE][PASSED] - Browser is closed]]></system-out>
         <system-err><![CDATA[]]></system-err>
      </testcase>
      <testcase name="Test Cases/Condicionales_If/Condicionar_titulo" time="178.462" classname="Test Cases/Condicionales_If/Condicionar_titulo" status="PASSED">
         <system-out><![CDATA[2022-11-30 18:13:18 - [TEST_CASE][PASSED] - Test Cases/Condicionales_If/Condicionar_titulo: Test Cases/Condicionales_If/Condicionar_titulo

2022-11-30 18:13:18 - [TEST_STEP][PASSED] - openBrowser(""): Browser is opened with url: ''

2022-11-30 18:13:18 - [MESSAGE][INFO] - User set preference: ['os', 'windows']

2022-11-30 18:13:18 - [MESSAGE][INFO] - User set preference: ['browserName', 'chrome']

2022-11-30 18:13:18 - [MESSAGE][INFO] - User set preference: ['browserVersion', '103']

2022-11-30 18:13:18 - [MESSAGE][INFO] - User set preference: ['katalon:option', '{organizationId=987205, tunnelId=, usingTunnel=false}']

2022-11-30 18:13:18 - [MESSAGE][INFO] - Connecting to remote web server 'testcloud.katalon.com/hub' with type 'Selenium'

2022-11-30 18:13:18 - [MESSAGE][INFO] - Action delay is set to 0 milliseconds

2022-11-30 18:15:53 - [MESSAGE][PASSED] - Browser is opened with url: ''

2022-11-30 18:15:53 - [TEST_STEP][PASSED] - navigateToUrl("https://demoqa.com/"): Navigate to 'https://demoqa.com/' successfully

2022-11-30 18:15:56 - [MESSAGE][PASSED] - Navigate to 'https://demoqa.com/' successfully

2022-11-30 18:15:56 - [TEST_STEP][PASSED] - maximizeWindow(): Current window maximized

2022-11-30 18:15:57 - [MESSAGE][PASSED] - Current window maximized

2022-11-30 18:15:57 - [TEST_STEP][PASSED] - waitForPageLoad(5): Wait for page load successfully

2022-11-30 18:15:57 - [MESSAGE][PASSED] - Wait for page load successfully

2022-11-30 18:15:57 - [TEST_STEP][PASSED] - Existe = waitForElementVisible(findTestObject("Condicionales/Texto_radio"), 3): Web element with id: 'Object Repository/Condicionales/Texto_radio' located by '//div[@class='main-header'][contains(.,'Radio Button')]' not found

2022-11-30 18:16:03 - [MESSAGE][INFO] - Unable to find the element located by 'By.xpath: //div[@class='main-header'][contains(.,'Radio Button')]'. Please recheck the objects properties to make sure the desired element is located. 

2022-11-30 18:16:03 - [MESSAGE][WARNING] - [SELF-HEALING] Failed to find element with id 'Object Repository/Condicionales/Texto_radio'. Try using Self-healing.

2022-11-30 18:16:04 - [MESSAGE][INFO] - [SELF-HEALING] No working XPath is found.

2022-11-30 18:16:06 - [MESSAGE][INFO] - Unable to find the element located by 'By.xpath: '. Please recheck the objects properties to make sure the desired element is located. 

2022-11-30 18:16:06 - [MESSAGE][WARNING] - [SELF-HEALING] Cannot find elements when the selector is null

2022-11-30 18:16:06 - [MESSAGE][WARNING] - Web element with id: 'Object Repository/Condicionales/Texto_radio' located by '//div[@class='main-header'][contains(.,'Radio Button')]' not found

2022-11-30 18:16:06 - [TEST_STEP][PASSED] - print(Existe): null

2022-11-30 18:16:06 - [TEST_STEP][PASSED] - if (Existe == true): null

2022-11-30 18:16:06 - [TEST_STEP][PASSED] - else: Browser is closed

2022-11-30 18:16:06 - [TEST_STEP][PASSED] - print("-----  Error no esta el elemento de texto radio ------"): null

2022-11-30 18:16:06 - [TEST_STEP][PASSED] - navigateToUrl("https://demoqa.com/radio-button"): Navigate to 'https://demoqa.com/radio-button' successfully

2022-11-30 18:16:08 - [MESSAGE][PASSED] - Navigate to 'https://demoqa.com/radio-button' successfully

2022-11-30 18:16:08 - [TEST_STEP][PASSED] - click(findTestObject("Condicionales/Objeto_yes")): Object: 'Object Repository/Condicionales/Objeto_yes' is clicked on

2022-11-30 18:16:11 - [MESSAGE][PASSED] - Object: 'Object Repository/Condicionales/Objeto_yes' is clicked on

2022-11-30 18:16:11 - [TEST_STEP][PASSED] - delay(2): Delayed 2 second(s)

2022-11-30 18:16:13 - [MESSAGE][PASSED] - Delayed 2 second(s)

2022-11-30 18:16:13 - [TEST_STEP][PASSED] - closeBrowser(): Browser is closed

2022-11-30 18:16:17 - [MESSAGE][PASSED] - Browser is closed]]></system-out>
         <system-err><![CDATA[]]></system-err>
      </testcase>
      <testcase name="Test Cases/Condicionales_If/Test_1" time="0.084" classname="Test Cases/Condicionales_If/Test_1" status="PASSED">
         <system-out><![CDATA[2022-11-30 18:16:17 - [TEST_CASE][PASSED] - Test Cases/Condicionales_If/Test_1: Test Cases/Condicionales_If/Test_1

2022-11-30 18:16:17 - [TEST_STEP][PASSED] - if (num == 10): null

2022-11-30 18:16:17 - [TEST_STEP][PASSED] - else: null

2022-11-30 18:16:17 - [TEST_STEP][PASSED] - print("El numero no es un 10 es el numero:  " + num + "#####"): null]]></system-out>
         <system-err><![CDATA[]]></system-err>
      </testcase>
      <testcase name="Test Cases/Condicionales_If/Test_2" time="0.128" classname="Test Cases/Condicionales_If/Test_2" status="PASSED">
         <system-out><![CDATA[2022-11-30 18:16:17 - [TEST_CASE][PASSED] - Test Cases/Condicionales_If/Test_2: Test Cases/Condicionales_If/Test_2

2022-11-30 18:16:17 - [TEST_STEP][PASSED] - if (num == 5): null

2022-11-30 18:16:17 - [TEST_STEP][PASSED] - if (num == 10): null

2022-11-30 18:16:17 - [TEST_STEP][PASSED] - println("El valor de la variables es un: 10"): null]]></system-out>
         <system-err><![CDATA[]]></system-err>
      </testcase>
      <testcase name="Test Cases/Condicionales_If/Test_3" time="0.043" classname="Test Cases/Condicionales_If/Test_3" status="PASSED">
         <system-out><![CDATA[2022-11-30 18:16:17 - [TEST_CASE][PASSED] - Test Cases/Condicionales_If/Test_3: Test Cases/Condicionales_If/Test_3

2022-11-30 18:16:17 - [TEST_STEP][PASSED] - if (nombre == "Juan"): null

2022-11-30 18:16:17 - [TEST_STEP][PASSED] - if (nombre == "JUan"): null

2022-11-30 18:16:17 - [TEST_STEP][PASSED] - if (nombre == "juan"): null

2022-11-30 18:16:17 - [TEST_STEP][PASSED] - println("Tu nombre es juan"): null]]></system-out>
         <system-err><![CDATA[]]></system-err>
      </testcase>
      <testcase name="Test Cases/Condicionales_If/Test_4" time="0.062" classname="Test Cases/Condicionales_If/Test_4" status="PASSED">
         <system-out><![CDATA[2022-11-30 18:16:17 - [TEST_CASE][PASSED] - Test Cases/Condicionales_If/Test_4: Test Cases/Condicionales_If/Test_4

2022-11-30 18:16:17 - [TEST_STEP][PASSED] - if (num <= 7): null

2022-11-30 18:16:17 - [TEST_STEP][PASSED] - println("El numero es menor ó igual que 5"): null

2022-11-30 18:16:17 - [TEST_STEP][PASSED] - if (num >= 8): null

2022-11-30 18:16:17 - [TEST_STEP][PASSED] - if (num != 5): null]]></system-out>
         <system-err><![CDATA[]]></system-err>
      </testcase>
      <testcase name="Test Cases/Condicionales_If/Test_edad" time="0.024" classname="Test Cases/Condicionales_If/Test_edad" status="PASSED">
         <system-out><![CDATA[2022-11-30 18:16:17 - [TEST_CASE][PASSED] - Test Cases/Condicionales_If/Test_edad: Test Cases/Condicionales_If/Test_edad

2022-11-30 18:16:17 - [TEST_STEP][PASSED] - if (edad >= 1 && edad <= 17): null

2022-11-30 18:16:17 - [TEST_STEP][PASSED] - else if (edad == 18): null

2022-11-30 18:16:17 - [TEST_STEP][PASSED] - else if (edad <= 0): null

2022-11-30 18:16:17 - [TEST_STEP][PASSED] - else if (edad == 120): null

2022-11-30 18:16:17 - [TEST_STEP][PASSED] - else: null

2022-11-30 18:16:17 - [TEST_STEP][PASSED] - print("No se cumple ninguna de las opciones"): null]]></system-out>
         <system-err><![CDATA[]]></system-err>
      </testcase>
      <testcase name="Test Cases/Condicionales_If/Test_valor" time="169.742" classname="Test Cases/Condicionales_If/Test_valor" status="PASSED">
         <system-out><![CDATA[2022-11-30 18:16:17 - [TEST_CASE][PASSED] - Test Cases/Condicionales_If/Test_valor: Test Cases/Condicionales_If/Test_valor

2022-11-30 18:16:17 - [TEST_STEP][PASSED] - openBrowser(""): Browser is opened with url: ''

2022-11-30 18:16:17 - [MESSAGE][INFO] - User set preference: ['os', 'windows']

2022-11-30 18:16:17 - [MESSAGE][INFO] - User set preference: ['browserName', 'chrome']

2022-11-30 18:16:17 - [MESSAGE][INFO] - User set preference: ['browserVersion', '103']

2022-11-30 18:16:17 - [MESSAGE][INFO] - User set preference: ['katalon:option', '{organizationId=987205, tunnelId=, usingTunnel=false}']

2022-11-30 18:16:17 - [MESSAGE][INFO] - Connecting to remote web server 'testcloud.katalon.com/hub' with type 'Selenium'

2022-11-30 18:16:17 - [MESSAGE][INFO] - Action delay is set to 0 milliseconds

2022-11-30 18:18:49 - [MESSAGE][PASSED] - Browser is opened with url: ''

2022-11-30 18:18:49 - [TEST_STEP][PASSED] - navigateToUrl("https://demoqa.com/"): Navigate to 'https://demoqa.com/' successfully

2022-11-30 18:18:51 - [MESSAGE][PASSED] - Navigate to 'https://demoqa.com/' successfully

2022-11-30 18:18:51 - [TEST_STEP][PASSED] - maximizeWindow(): Current window maximized

2022-11-30 18:18:52 - [MESSAGE][PASSED] - Current window maximized

2022-11-30 18:18:52 - [TEST_STEP][PASSED] - waitForPageLoad(10): Wait for page load successfully

2022-11-30 18:18:53 - [MESSAGE][PASSED] - Wait for page load successfully

2022-11-30 18:18:53 - [TEST_STEP][PASSED] - Existe = waitForElementVisible(findTestObject("Condicionales/titulo1"), 5): Web element with id: 'Object Repository/Condicionales/titulo1' located by '//div[@class='main-header'][contains(.,'Radio Button')]' not found

2022-11-30 18:18:59 - [MESSAGE][INFO] - Unable to find the element located by 'By.xpath: //div[@class='main-header'][contains(.,'Radio Button')]'. Please recheck the objects properties to make sure the desired element is located. 

2022-11-30 18:18:59 - [MESSAGE][WARNING] - [SELF-HEALING] Failed to find element with id 'Object Repository/Condicionales/titulo1'. Try using Self-healing.

2022-11-30 18:19:00 - [MESSAGE][INFO] - [SELF-HEALING] No working XPath is found.

2022-11-30 18:19:03 - [MESSAGE][INFO] - Unable to find the element located by 'By.xpath: '. Please recheck the objects properties to make sure the desired element is located. 

2022-11-30 18:19:03 - [MESSAGE][WARNING] - [SELF-HEALING] Cannot find elements when the selector is null

2022-11-30 18:19:03 - [MESSAGE][WARNING] - Web element with id: 'Object Repository/Condicionales/titulo1' located by '//div[@class='main-header'][contains(.,'Radio Button')]' not found

2022-11-30 18:19:03 - [TEST_STEP][PASSED] - if (Existe == true): null

2022-11-30 18:19:03 - [TEST_STEP][PASSED] - else: Browser is closed

2022-11-30 18:19:03 - [TEST_STEP][PASSED] - print("No estas en la página correcta"): null

2022-11-30 18:19:03 - [TEST_STEP][PASSED] - closeBrowser(): Browser is closed

2022-11-30 18:19:07 - [MESSAGE][PASSED] - Browser is closed]]></system-out>
         <system-err><![CDATA[]]></system-err>
      </testcase>
      <testcase name="Test Cases/BUCLES/Reto_For" time="272.84" classname="Test Cases/BUCLES/Reto_For" status="PASSED">
         <system-out><![CDATA[2022-11-30 18:19:07 - [TEST_CASE][PASSED] - Test Cases/BUCLES/Reto_For: Test Cases/BUCLES/Reto_For

2022-11-30 18:19:07 - [TEST_STEP][PASSED] - openBrowser(""): Browser is opened with url: ''

2022-11-30 18:19:07 - [MESSAGE][INFO] - User set preference: ['os', 'windows']

2022-11-30 18:19:07 - [MESSAGE][INFO] - User set preference: ['browserName', 'chrome']

2022-11-30 18:19:07 - [MESSAGE][INFO] - User set preference: ['browserVersion', '103']

2022-11-30 18:19:07 - [MESSAGE][INFO] - User set preference: ['katalon:option', '{organizationId=987205, tunnelId=, usingTunnel=false}']

2022-11-30 18:19:07 - [MESSAGE][INFO] - Connecting to remote web server 'testcloud.katalon.com/hub' with type 'Selenium'

2022-11-30 18:19:07 - [MESSAGE][INFO] - Action delay is set to 0 milliseconds

2022-11-30 18:21:34 - [MESSAGE][PASSED] - Browser is opened with url: ''

2022-11-30 18:21:34 - [TEST_STEP][PASSED] - navigateToUrl("https://demoqa.com/text-box"): Navigate to 'https://demoqa.com/text-box' successfully

2022-11-30 18:21:36 - [MESSAGE][PASSED] - Navigate to 'https://demoqa.com/text-box' successfully

2022-11-30 18:21:36 - [TEST_STEP][PASSED] - maximizeWindow(): Current window maximized

2022-11-30 18:21:37 - [MESSAGE][PASSED] - Current window maximized

2022-11-30 18:21:37 - [TEST_STEP][PASSED] - waitForPageLoad(5): Wait for page load successfully

2022-11-30 18:21:37 - [MESSAGE][PASSED] - Wait for page load successfully

2022-11-30 18:21:37 - [TEST_STEP][PASSED] - for ([x = 1, x <= 4, (x++)]): Browser is scrolled to position x = 0, y = 100

2022-11-30 18:21:37 - [TEST_STEP][PASSED] - z = ["Carlos", "Erika", "Paco", "Rodrigo", "Juan"]: null

2022-11-30 18:21:37 - [TEST_STEP][PASSED] - rn = new java.util.Random(): null

2022-11-30 18:21:37 - [TEST_STEP][PASSED] - tx_nombre = z[rn.nextInt(size)]: null

2022-11-30 18:21:37 - [TEST_STEP][PASSED] - setText(findTestObject("Object Repository/Reto_for/Page_ToolsQA/input_Full Name_userName"), tx_nombre): Text 'Erika' is set on object 'Object Repository/Reto_for/Page_ToolsQA/input_Full Name_userName'

2022-11-30 18:21:44 - [MESSAGE][PASSED] - Text 'Erika' is set on object 'Object Repository/Reto_for/Page_ToolsQA/input_Full Name_userName'

2022-11-30 18:21:44 - [TEST_STEP][PASSED] - setText(findTestObject("Object Repository/Reto_for/Page_ToolsQA/input_Email_userEmail"), tx_nombre + "@gmail.com"): Text 'Erika@gmail.com' is set on object 'Object Repository/Reto_for/Page_ToolsQA/input_Email_userEmail'

2022-11-30 18:21:49 - [MESSAGE][PASSED] - Text 'Erika@gmail.com' is set on object 'Object Repository/Reto_for/Page_ToolsQA/input_Email_userEmail'

2022-11-30 18:21:49 - [TEST_STEP][PASSED] - setText(findTestObject("Object Repository/Reto_for/Page_ToolsQA/textarea_Current Address_currentAddress"), "Dirección#" + x): Text 'Dirección#1' is set on object 'Object Repository/Reto_for/Page_ToolsQA/textarea_Current Address_currentAddress'

2022-11-30 18:21:54 - [MESSAGE][PASSED] - Text 'Dirección#1' is set on object 'Object Repository/Reto_for/Page_ToolsQA/textarea_Current Address_currentAddress'

2022-11-30 18:21:54 - [TEST_STEP][PASSED] - setText(findTestObject("Object Repository/Reto_for/Page_ToolsQA/textarea_Permanent Address_permanentAddress"), "Dirección dos#" + x): Text 'Dirección dos#1' is set on object 'Object Repository/Reto_for/Page_ToolsQA/textarea_Permanent Address_permanentAddress'

2022-11-30 18:21:59 - [MESSAGE][PASSED] - Text 'Dirección dos#1' is set on object 'Object Repository/Reto_for/Page_ToolsQA/textarea_Permanent Address_permanentAddress'

2022-11-30 18:21:59 - [TEST_STEP][PASSED] - scrollToPosition(0, 500): Browser is scrolled to position x = 0, y = 500

2022-11-30 18:21:59 - [MESSAGE][PASSED] - Browser is scrolled to position x = 0, y = 500

2022-11-30 18:21:59 - [TEST_STEP][PASSED] - click(findTestObject("Object Repository/Reto_for/Page_ToolsQA/button_Submit")): Object: 'Object Repository/Reto_for/Page_ToolsQA/button_Submit' is clicked on

2022-11-30 18:22:02 - [MESSAGE][PASSED] - Object: 'Object Repository/Reto_for/Page_ToolsQA/button_Submit' is clicked on

2022-11-30 18:22:02 - [TEST_STEP][PASSED] - scrollToPosition(0, 100): Browser is scrolled to position x = 0, y = 100

2022-11-30 18:22:02 - [MESSAGE][PASSED] - Browser is scrolled to position x = 0, y = 100

2022-11-30 18:22:02 - [TEST_STEP][PASSED] - z = ["Carlos", "Erika", "Paco", "Rodrigo", "Juan"]: null

2022-11-30 18:22:02 - [TEST_STEP][PASSED] - rn = new java.util.Random(): null

2022-11-30 18:22:02 - [TEST_STEP][PASSED] - tx_nombre = z[rn.nextInt(size)]: null

2022-11-30 18:22:02 - [TEST_STEP][PASSED] - setText(findTestObject("Object Repository/Reto_for/Page_ToolsQA/input_Full Name_userName"), tx_nombre): Text 'Erika' is set on object 'Object Repository/Reto_for/Page_ToolsQA/input_Full Name_userName'

2022-11-30 18:22:07 - [MESSAGE][PASSED] - Text 'Erika' is set on object 'Object Repository/Reto_for/Page_ToolsQA/input_Full Name_userName'

2022-11-30 18:22:07 - [TEST_STEP][PASSED] - setText(findTestObject("Object Repository/Reto_for/Page_ToolsQA/input_Email_userEmail"), tx_nombre + "@gmail.com"): Text 'Erika@gmail.com' is set on object 'Object Repository/Reto_for/Page_ToolsQA/input_Email_userEmail'

2022-11-30 18:22:12 - [MESSAGE][PASSED] - Text 'Erika@gmail.com' is set on object 'Object Repository/Reto_for/Page_ToolsQA/input_Email_userEmail'

2022-11-30 18:22:12 - [TEST_STEP][PASSED] - setText(findTestObject("Object Repository/Reto_for/Page_ToolsQA/textarea_Current Address_currentAddress"), "Dirección#" + x): Text 'Dirección#2' is set on object 'Object Repository/Reto_for/Page_ToolsQA/textarea_Current Address_currentAddress'

2022-11-30 18:22:18 - [MESSAGE][PASSED] - Text 'Dirección#2' is set on object 'Object Repository/Reto_for/Page_ToolsQA/textarea_Current Address_currentAddress'

2022-11-30 18:22:18 - [TEST_STEP][PASSED] - setText(findTestObject("Object Repository/Reto_for/Page_ToolsQA/textarea_Permanent Address_permanentAddress"), "Dirección dos#" + x): Text 'Dirección dos#2' is set on object 'Object Repository/Reto_for/Page_ToolsQA/textarea_Permanent Address_permanentAddress'

2022-11-30 18:22:22 - [MESSAGE][PASSED] - Text 'Dirección dos#2' is set on object 'Object Repository/Reto_for/Page_ToolsQA/textarea_Permanent Address_permanentAddress'

2022-11-30 18:22:22 - [TEST_STEP][PASSED] - scrollToPosition(0, 500): Browser is scrolled to position x = 0, y = 500

2022-11-30 18:22:23 - [MESSAGE][PASSED] - Browser is scrolled to position x = 0, y = 500

2022-11-30 18:22:23 - [TEST_STEP][PASSED] - click(findTestObject("Object Repository/Reto_for/Page_ToolsQA/button_Submit")): Object: 'Object Repository/Reto_for/Page_ToolsQA/button_Submit' is clicked on

2022-11-30 18:22:25 - [MESSAGE][PASSED] - Object: 'Object Repository/Reto_for/Page_ToolsQA/button_Submit' is clicked on

2022-11-30 18:22:25 - [TEST_STEP][PASSED] - scrollToPosition(0, 100): Browser is scrolled to position x = 0, y = 100

2022-11-30 18:22:26 - [MESSAGE][PASSED] - Browser is scrolled to position x = 0, y = 100

2022-11-30 18:22:26 - [TEST_STEP][PASSED] - z = ["Carlos", "Erika", "Paco", "Rodrigo", "Juan"]: null

2022-11-30 18:22:26 - [TEST_STEP][PASSED] - rn = new java.util.Random(): null

2022-11-30 18:22:26 - [TEST_STEP][PASSED] - tx_nombre = z[rn.nextInt(size)]: null

2022-11-30 18:22:26 - [TEST_STEP][PASSED] - setText(findTestObject("Object Repository/Reto_for/Page_ToolsQA/input_Full Name_userName"), tx_nombre): Text 'Juan' is set on object 'Object Repository/Reto_for/Page_ToolsQA/input_Full Name_userName'

2022-11-30 18:22:30 - [MESSAGE][PASSED] - Text 'Juan' is set on object 'Object Repository/Reto_for/Page_ToolsQA/input_Full Name_userName'

2022-11-30 18:22:30 - [TEST_STEP][PASSED] - setText(findTestObject("Object Repository/Reto_for/Page_ToolsQA/input_Email_userEmail"), tx_nombre + "@gmail.com"): Text 'Juan@gmail.com' is set on object 'Object Repository/Reto_for/Page_ToolsQA/input_Email_userEmail'

2022-11-30 18:22:36 - [MESSAGE][PASSED] - Text 'Juan@gmail.com' is set on object 'Object Repository/Reto_for/Page_ToolsQA/input_Email_userEmail'

2022-11-30 18:22:36 - [TEST_STEP][PASSED] - setText(findTestObject("Object Repository/Reto_for/Page_ToolsQA/textarea_Current Address_currentAddress"), "Dirección#" + x): Text 'Dirección#3' is set on object 'Object Repository/Reto_for/Page_ToolsQA/textarea_Current Address_currentAddress'

2022-11-30 18:22:43 - [MESSAGE][PASSED] - Text 'Dirección#3' is set on object 'Object Repository/Reto_for/Page_ToolsQA/textarea_Current Address_currentAddress'

2022-11-30 18:22:43 - [TEST_STEP][PASSED] - setText(findTestObject("Object Repository/Reto_for/Page_ToolsQA/textarea_Permanent Address_permanentAddress"), "Dirección dos#" + x): Text 'Dirección dos#3' is set on object 'Object Repository/Reto_for/Page_ToolsQA/textarea_Permanent Address_permanentAddress'

2022-11-30 18:22:48 - [MESSAGE][PASSED] - Text 'Dirección dos#3' is set on object 'Object Repository/Reto_for/Page_ToolsQA/textarea_Permanent Address_permanentAddress'

2022-11-30 18:22:48 - [TEST_STEP][PASSED] - scrollToPosition(0, 500): Browser is scrolled to position x = 0, y = 500

2022-11-30 18:22:48 - [MESSAGE][PASSED] - Browser is scrolled to position x = 0, y = 500

2022-11-30 18:22:48 - [TEST_STEP][PASSED] - click(findTestObject("Object Repository/Reto_for/Page_ToolsQA/button_Submit")): Object: 'Object Repository/Reto_for/Page_ToolsQA/button_Submit' is clicked on

2022-11-30 18:22:53 - [MESSAGE][PASSED] - Object: 'Object Repository/Reto_for/Page_ToolsQA/button_Submit' is clicked on

2022-11-30 18:22:53 - [TEST_STEP][PASSED] - scrollToPosition(0, 100): Browser is scrolled to position x = 0, y = 100

2022-11-30 18:22:54 - [MESSAGE][PASSED] - Browser is scrolled to position x = 0, y = 100

2022-11-30 18:22:54 - [TEST_STEP][PASSED] - z = ["Carlos", "Erika", "Paco", "Rodrigo", "Juan"]: null

2022-11-30 18:22:54 - [TEST_STEP][PASSED] - rn = new java.util.Random(): null

2022-11-30 18:22:54 - [TEST_STEP][PASSED] - tx_nombre = z[rn.nextInt(size)]: null

2022-11-30 18:22:54 - [TEST_STEP][PASSED] - setText(findTestObject("Object Repository/Reto_for/Page_ToolsQA/input_Full Name_userName"), tx_nombre): Text 'Carlos' is set on object 'Object Repository/Reto_for/Page_ToolsQA/input_Full Name_userName'

2022-11-30 18:23:02 - [MESSAGE][PASSED] - Text 'Carlos' is set on object 'Object Repository/Reto_for/Page_ToolsQA/input_Full Name_userName'

2022-11-30 18:23:02 - [TEST_STEP][PASSED] - setText(findTestObject("Object Repository/Reto_for/Page_ToolsQA/input_Email_userEmail"), tx_nombre + "@gmail.com"): Text 'Carlos@gmail.com' is set on object 'Object Repository/Reto_for/Page_ToolsQA/input_Email_userEmail'

2022-11-30 18:23:10 - [MESSAGE][PASSED] - Text 'Carlos@gmail.com' is set on object 'Object Repository/Reto_for/Page_ToolsQA/input_Email_userEmail'

2022-11-30 18:23:10 - [TEST_STEP][PASSED] - setText(findTestObject("Object Repository/Reto_for/Page_ToolsQA/textarea_Current Address_currentAddress"), "Dirección#" + x): Text 'Dirección#4' is set on object 'Object Repository/Reto_for/Page_ToolsQA/textarea_Current Address_currentAddress'

2022-11-30 18:23:20 - [MESSAGE][PASSED] - Text 'Dirección#4' is set on object 'Object Repository/Reto_for/Page_ToolsQA/textarea_Current Address_currentAddress'

2022-11-30 18:23:20 - [TEST_STEP][PASSED] - setText(findTestObject("Object Repository/Reto_for/Page_ToolsQA/textarea_Permanent Address_permanentAddress"), "Dirección dos#" + x): Text 'Dirección dos#4' is set on object 'Object Repository/Reto_for/Page_ToolsQA/textarea_Permanent Address_permanentAddress'

2022-11-30 18:23:29 - [MESSAGE][PASSED] - Text 'Dirección dos#4' is set on object 'Object Repository/Reto_for/Page_ToolsQA/textarea_Permanent Address_permanentAddress'

2022-11-30 18:23:29 - [TEST_STEP][PASSED] - scrollToPosition(0, 500): Browser is scrolled to position x = 0, y = 500

2022-11-30 18:23:30 - [MESSAGE][PASSED] - Browser is scrolled to position x = 0, y = 500

2022-11-30 18:23:30 - [TEST_STEP][PASSED] - click(findTestObject("Object Repository/Reto_for/Page_ToolsQA/button_Submit")): Object: 'Object Repository/Reto_for/Page_ToolsQA/button_Submit' is clicked on

2022-11-30 18:23:36 - [MESSAGE][PASSED] - Object: 'Object Repository/Reto_for/Page_ToolsQA/button_Submit' is clicked on

2022-11-30 18:23:36 - [TEST_STEP][PASSED] - scrollToPosition(0, 100): Browser is scrolled to position x = 0, y = 100

2022-11-30 18:23:37 - [MESSAGE][PASSED] - Browser is scrolled to position x = 0, y = 100

2022-11-30 18:23:37 - [TEST_STEP][PASSED] - closeBrowser(): Browser is closed

2022-11-30 18:23:40 - [MESSAGE][PASSED] - Browser is closed]]></system-out>
         <system-err><![CDATA[]]></system-err>
      </testcase>
      <testcase name="Test Cases/BUCLES/Reto_while" time="180.836" classname="Test Cases/BUCLES/Reto_while" status="PASSED">
         <system-out><![CDATA[2022-11-30 18:23:40 - [TEST_CASE][PASSED] - Test Cases/BUCLES/Reto_while: Test Cases/BUCLES/Reto_while

2022-11-30 18:23:40 - [TEST_STEP][PASSED] - openBrowser(""): Browser is opened with url: ''

2022-11-30 18:23:40 - [MESSAGE][INFO] - User set preference: ['os', 'windows']

2022-11-30 18:23:40 - [MESSAGE][INFO] - User set preference: ['browserName', 'chrome']

2022-11-30 18:23:40 - [MESSAGE][INFO] - User set preference: ['browserVersion', '103']

2022-11-30 18:23:40 - [MESSAGE][INFO] - User set preference: ['katalon:option', '{organizationId=987205, tunnelId=, usingTunnel=false}']

2022-11-30 18:23:40 - [MESSAGE][INFO] - Connecting to remote web server 'testcloud.katalon.com/hub' with type 'Selenium'

2022-11-30 18:23:40 - [MESSAGE][INFO] - Action delay is set to 0 milliseconds

2022-11-30 18:26:18 - [MESSAGE][PASSED] - Browser is opened with url: ''

2022-11-30 18:26:18 - [TEST_STEP][PASSED] - navigateToUrl("https://www.google.com/"): Navigate to 'https://www.google.com/' successfully

2022-11-30 18:26:21 - [MESSAGE][PASSED] - Navigate to 'https://www.google.com/' successfully

2022-11-30 18:26:21 - [TEST_STEP][PASSED] - Bandera = 0: null

2022-11-30 18:26:21 - [TEST_STEP][PASSED] - while (Bandera != 1): null

2022-11-30 18:26:21 - [TEST_STEP][PASSED] - num = Math.random() * 5 - 1 + 1: null

2022-11-30 18:26:21 - [TEST_STEP][PASSED] - setText(findTestObject("Object Repository/While_google/Page_Google/input__q"), "5+" + num): Text '5+3' is set on object 'Object Repository/While_google/Page_Google/input__q'

2022-11-30 18:26:27 - [MESSAGE][PASSED] - Text '5+3' is set on object 'Object Repository/While_google/Page_Google/input__q'

2022-11-30 18:26:27 - [TEST_STEP][PASSED] - sendKeys(findTestObject("Object Repository/While_google/Page_Google/input__q"), Keys.chord(ENTER)): Keys 'ENTER + ' sent to object: 'Object Repository/While_google/Page_Google/input__q'

2022-11-30 18:26:33 - [MESSAGE][PASSED] - Keys 'ENTER + ' sent to object: 'Object Repository/While_google/Page_Google/input__q'

2022-11-30 18:26:33 - [TEST_STEP][PASSED] - Resultado = getText(findTestObject("While_google/Extras/Resultado_10")): Text of object 'Object Repository/While_google/Extras/Resultado_10' is: '8'

2022-11-30 18:26:37 - [MESSAGE][PASSED] - Text of object 'Object Repository/While_google/Extras/Resultado_10' is: '8'

2022-11-30 18:26:37 - [TEST_STEP][PASSED] - if (Resultado == "8"): Browser is closed

2022-11-30 18:26:37 - [TEST_STEP][PASSED] - Bandera = 1: null

2022-11-30 18:26:37 - [TEST_STEP][PASSED] - print("Listo termina"): null

2022-11-30 18:26:37 - [TEST_STEP][PASSED] - closeBrowser(): Browser is closed

2022-11-30 18:26:41 - [MESSAGE][PASSED] - Browser is closed

2022-11-30 18:26:41 - [TEST_STEP][PASSED] - print(Bandera + "------"): null]]></system-out>
         <system-err><![CDATA[]]></system-err>
      </testcase>
      <testcase name="Test Cases/BUCLES/Reto_while_solucion" time="198.818" classname="Test Cases/BUCLES/Reto_while_solucion" status="PASSED">
         <system-out><![CDATA[2022-11-30 18:26:41 - [TEST_CASE][PASSED] - Test Cases/BUCLES/Reto_while_solucion: Test Cases/BUCLES/Reto_while_solucion

2022-11-30 18:26:41 - [TEST_STEP][PASSED] - openBrowser(""): Browser is opened with url: ''

2022-11-30 18:26:41 - [MESSAGE][INFO] - User set preference: ['os', 'windows']

2022-11-30 18:26:41 - [MESSAGE][INFO] - User set preference: ['browserName', 'chrome']

2022-11-30 18:26:41 - [MESSAGE][INFO] - User set preference: ['browserVersion', '103']

2022-11-30 18:26:41 - [MESSAGE][INFO] - User set preference: ['katalon:option', '{organizationId=987205, tunnelId=, usingTunnel=false}']

2022-11-30 18:26:41 - [MESSAGE][INFO] - Connecting to remote web server 'testcloud.katalon.com/hub' with type 'Selenium'

2022-11-30 18:26:41 - [MESSAGE][INFO] - Action delay is set to 0 milliseconds

2022-11-30 18:29:19 - [MESSAGE][PASSED] - Browser is opened with url: ''

2022-11-30 18:29:19 - [TEST_STEP][PASSED] - navigateToUrl("https://www.google.com/"): Navigate to 'https://www.google.com/' successfully

2022-11-30 18:29:22 - [MESSAGE][PASSED] - Navigate to 'https://www.google.com/' successfully

2022-11-30 18:29:22 - [TEST_STEP][PASSED] - Res = 0: null

2022-11-30 18:29:22 - [TEST_STEP][PASSED] - while (Res != 8): Browser is closed

2022-11-30 18:29:22 - [TEST_STEP][PASSED] - num = Math.random() * 5 - 1 + 1: null

2022-11-30 18:29:22 - [TEST_STEP][PASSED] - setText(findTestObject("Object Repository/Reto_while1/Page_Google/input__q"), "5+" + num): Text '5+1' is set on object 'Object Repository/Reto_while1/Page_Google/input__q'

2022-11-30 18:29:27 - [MESSAGE][PASSED] - Text '5+1' is set on object 'Object Repository/Reto_while1/Page_Google/input__q'

2022-11-30 18:29:27 - [TEST_STEP][PASSED] - sendKeys(findTestObject("Object Repository/Reto_while1/Page_Google/input__q"), Keys.chord(ENTER)): Keys 'ENTER + ' sent to object: 'Object Repository/Reto_while1/Page_Google/input__q'

2022-11-30 18:29:32 - [MESSAGE][PASSED] - Keys 'ENTER + ' sent to object: 'Object Repository/Reto_while1/Page_Google/input__q'

2022-11-30 18:29:32 - [TEST_STEP][PASSED] - Res = getText(findTestObject("Reto_while1/Resultado_8")).toInteger(): Text of object 'Object Repository/Reto_while1/Resultado_8' is: '6'

2022-11-30 18:29:34 - [MESSAGE][PASSED] - Text of object 'Object Repository/Reto_while1/Resultado_8' is: '6'

2022-11-30 18:29:34 - [TEST_STEP][PASSED] - if (Res == 8): null

2022-11-30 18:29:34 - [TEST_STEP][PASSED] - num = Math.random() * 5 - 1 + 1: null

2022-11-30 18:29:34 - [TEST_STEP][PASSED] - setText(findTestObject("Object Repository/Reto_while1/Page_Google/input__q"), "5+" + num): Text '5+1' is set on object 'Object Repository/Reto_while1/Page_Google/input__q'

2022-11-30 18:29:38 - [MESSAGE][PASSED] - Text '5+1' is set on object 'Object Repository/Reto_while1/Page_Google/input__q'

2022-11-30 18:29:38 - [TEST_STEP][PASSED] - sendKeys(findTestObject("Object Repository/Reto_while1/Page_Google/input__q"), Keys.chord(ENTER)): Keys 'ENTER + ' sent to object: 'Object Repository/Reto_while1/Page_Google/input__q'

2022-11-30 18:29:42 - [MESSAGE][PASSED] - Keys 'ENTER + ' sent to object: 'Object Repository/Reto_while1/Page_Google/input__q'

2022-11-30 18:29:42 - [TEST_STEP][PASSED] - Res = getText(findTestObject("Reto_while1/Resultado_8")).toInteger(): Text of object 'Object Repository/Reto_while1/Resultado_8' is: '6'

2022-11-30 18:29:45 - [MESSAGE][PASSED] - Text of object 'Object Repository/Reto_while1/Resultado_8' is: '6'

2022-11-30 18:29:45 - [TEST_STEP][PASSED] - if (Res == 8): null

2022-11-30 18:29:45 - [TEST_STEP][PASSED] - num = Math.random() * 5 - 1 + 1: null

2022-11-30 18:29:45 - [TEST_STEP][PASSED] - setText(findTestObject("Object Repository/Reto_while1/Page_Google/input__q"), "5+" + num): Text '5+3' is set on object 'Object Repository/Reto_while1/Page_Google/input__q'

2022-11-30 18:29:50 - [MESSAGE][PASSED] - Text '5+3' is set on object 'Object Repository/Reto_while1/Page_Google/input__q'

2022-11-30 18:29:50 - [TEST_STEP][PASSED] - sendKeys(findTestObject("Object Repository/Reto_while1/Page_Google/input__q"), Keys.chord(ENTER)): Keys 'ENTER + ' sent to object: 'Object Repository/Reto_while1/Page_Google/input__q'

2022-11-30 18:29:54 - [MESSAGE][PASSED] - Keys 'ENTER + ' sent to object: 'Object Repository/Reto_while1/Page_Google/input__q'

2022-11-30 18:29:54 - [TEST_STEP][PASSED] - Res = getText(findTestObject("Reto_while1/Resultado_8")).toInteger(): Text of object 'Object Repository/Reto_while1/Resultado_8' is: '8'

2022-11-30 18:29:57 - [MESSAGE][PASSED] - Text of object 'Object Repository/Reto_while1/Resultado_8' is: '8'

2022-11-30 18:29:57 - [TEST_STEP][PASSED] - if (Res == 8): Browser is closed

2022-11-30 18:29:57 - [TEST_STEP][PASSED] - closeBrowser(): Browser is closed

2022-11-30 18:29:59 - [MESSAGE][PASSED] - Browser is closed]]></system-out>
         <system-err><![CDATA[]]></system-err>
      </testcase>
      <testcase name="Test Cases/BUCLES/Test_1" time="502.22" classname="Test Cases/BUCLES/Test_1" status="PASSED">
         <system-out><![CDATA[2022-11-30 18:29:59 - [TEST_CASE][PASSED] - Test Cases/BUCLES/Test_1: Test Cases/BUCLES/Test_1

2022-11-30 18:29:59 - [TEST_STEP][PASSED] - openBrowser(""): Browser is opened with url: ''

2022-11-30 18:29:59 - [MESSAGE][INFO] - User set preference: ['os', 'windows']

2022-11-30 18:29:59 - [MESSAGE][INFO] - User set preference: ['browserName', 'chrome']

2022-11-30 18:29:59 - [MESSAGE][INFO] - User set preference: ['browserVersion', '103']

2022-11-30 18:29:59 - [MESSAGE][INFO] - User set preference: ['katalon:option', '{organizationId=987205, tunnelId=, usingTunnel=false}']

2022-11-30 18:29:59 - [MESSAGE][INFO] - Connecting to remote web server 'testcloud.katalon.com/hub' with type 'Selenium'

2022-11-30 18:29:59 - [MESSAGE][INFO] - Action delay is set to 0 milliseconds

2022-11-30 18:32:32 - [MESSAGE][PASSED] - Browser is opened with url: ''

2022-11-30 18:32:32 - [TEST_STEP][PASSED] - navigateToUrl("https://demoqa.com/text-box"): Navigate to 'https://demoqa.com/text-box' successfully

2022-11-30 18:32:36 - [MESSAGE][PASSED] - Navigate to 'https://demoqa.com/text-box' successfully

2022-11-30 18:32:36 - [TEST_STEP][PASSED] - for ([x = 1, x <= 2, (x++)]): null

2022-11-30 18:32:36 - [TEST_STEP][PASSED] - openBrowser(""): Browser is opened with url: ''

2022-11-30 18:32:36 - [MESSAGE][WARNING] - A browser is already opened. Closing browser and opening a new one

2022-11-30 18:32:45 - [MESSAGE][INFO] - User set preference: ['os', 'windows']

2022-11-30 18:32:45 - [MESSAGE][INFO] - User set preference: ['browserName', 'chrome']

2022-11-30 18:32:45 - [MESSAGE][INFO] - User set preference: ['browserVersion', '103']

2022-11-30 18:32:45 - [MESSAGE][INFO] - User set preference: ['katalon:option', '{organizationId=987205, tunnelId=, usingTunnel=false}']

2022-11-30 18:32:45 - [MESSAGE][INFO] - Connecting to remote web server 'testcloud.katalon.com/hub' with type 'Selenium'

2022-11-30 18:32:45 - [MESSAGE][INFO] - Action delay is set to 0 milliseconds

2022-11-30 18:35:23 - [MESSAGE][PASSED] - Browser is opened with url: ''

2022-11-30 18:35:23 - [TEST_STEP][PASSED] - navigateToUrl("https://demoqa.com/text-box"): Navigate to 'https://demoqa.com/text-box' successfully

2022-11-30 18:35:26 - [MESSAGE][PASSED] - Navigate to 'https://demoqa.com/text-box' successfully

2022-11-30 18:35:26 - [TEST_STEP][PASSED] - RN = Math.random() * 10 - 1 + 1: null

2022-11-30 18:35:26 - [TEST_STEP][PASSED] - print("Numero : " + RN + "----"): null

2022-11-30 18:35:26 - [TEST_STEP][PASSED] - z = ["Demo1", "Demo2", "Demo3", "Demo4", "Demo5"]: null

2022-11-30 18:35:26 - [TEST_STEP][PASSED] - rnd = new java.util.Random(): null

2022-11-30 18:35:26 - [TEST_STEP][PASSED] - texto = z[rnd.nextInt(size)]: null

2022-11-30 18:35:26 - [TEST_STEP][PASSED] - print(texto): null

2022-11-30 18:35:26 - [TEST_STEP][PASSED] - openBrowser(""): Browser is opened with url: ''

2022-11-30 18:35:26 - [MESSAGE][WARNING] - A browser is already opened. Closing browser and opening a new one

2022-11-30 18:35:29 - [MESSAGE][INFO] - User set preference: ['os', 'windows']

2022-11-30 18:35:29 - [MESSAGE][INFO] - User set preference: ['browserName', 'chrome']

2022-11-30 18:35:29 - [MESSAGE][INFO] - User set preference: ['browserVersion', '103']

2022-11-30 18:35:29 - [MESSAGE][INFO] - User set preference: ['katalon:option', '{organizationId=987205, tunnelId=, usingTunnel=false}']

2022-11-30 18:35:29 - [MESSAGE][INFO] - Connecting to remote web server 'testcloud.katalon.com/hub' with type 'Selenium'

2022-11-30 18:35:29 - [MESSAGE][INFO] - Action delay is set to 0 milliseconds

2022-11-30 18:38:09 - [MESSAGE][PASSED] - Browser is opened with url: ''

2022-11-30 18:38:09 - [TEST_STEP][PASSED] - navigateToUrl("https://demoqa.com/text-box"): Navigate to 'https://demoqa.com/text-box' successfully

2022-11-30 18:38:15 - [MESSAGE][PASSED] - Navigate to 'https://demoqa.com/text-box' successfully

2022-11-30 18:38:15 - [TEST_STEP][PASSED] - RN = Math.random() * 10 - 1 + 1: null

2022-11-30 18:38:15 - [TEST_STEP][PASSED] - print("Numero : " + RN + "----"): null

2022-11-30 18:38:15 - [TEST_STEP][PASSED] - z = ["Demo1", "Demo2", "Demo3", "Demo4", "Demo5"]: null

2022-11-30 18:38:15 - [TEST_STEP][PASSED] - rnd = new java.util.Random(): null

2022-11-30 18:38:15 - [TEST_STEP][PASSED] - texto = z[rnd.nextInt(size)]: null

2022-11-30 18:38:15 - [TEST_STEP][PASSED] - print(texto): null

2022-11-30 18:38:15 - [TEST_STEP][PASSED] - closeBrowser(): Browser is closed

2022-11-30 18:38:22 - [MESSAGE][PASSED] - Browser is closed]]></system-out>
         <system-err><![CDATA[]]></system-err>
      </testcase>
      <testcase name="Test Cases/BUCLES/Test_2" time="154.282" classname="Test Cases/BUCLES/Test_2" status="PASSED">
         <system-out><![CDATA[2022-11-30 18:38:22 - [TEST_CASE][PASSED] - Test Cases/BUCLES/Test_2: Test Cases/BUCLES/Test_2

2022-11-30 18:38:22 - [TEST_STEP][PASSED] - openBrowser(""): Browser is opened with url: ''

2022-11-30 18:38:22 - [MESSAGE][INFO] - User set preference: ['os', 'windows']

2022-11-30 18:38:22 - [MESSAGE][INFO] - User set preference: ['browserName', 'chrome']

2022-11-30 18:38:22 - [MESSAGE][INFO] - User set preference: ['browserVersion', '103']

2022-11-30 18:38:22 - [MESSAGE][INFO] - User set preference: ['katalon:option', '{organizationId=987205, tunnelId=, usingTunnel=false}']

2022-11-30 18:38:22 - [MESSAGE][INFO] - Connecting to remote web server 'testcloud.katalon.com/hub' with type 'Selenium'

2022-11-30 18:38:22 - [MESSAGE][INFO] - Action delay is set to 0 milliseconds

2022-11-30 18:40:50 - [MESSAGE][PASSED] - Browser is opened with url: ''

2022-11-30 18:40:50 - [TEST_STEP][PASSED] - navigateToUrl("https://demoqa.com/text-box"): Navigate to 'https://demoqa.com/text-box' successfully

2022-11-30 18:40:52 - [MESSAGE][PASSED] - Navigate to 'https://demoqa.com/text-box' successfully

2022-11-30 18:40:52 - [TEST_STEP][PASSED] - for ([x = 1, x <= 10, x = x + 2]): null

2022-11-30 18:40:52 - [TEST_STEP][PASSED] - print(" hola mundo " + x + "-------"): null

2022-11-30 18:40:52 - [TEST_STEP][PASSED] - print(" hola mundo " + x + "-------"): null

2022-11-30 18:40:52 - [TEST_STEP][PASSED] - print(" hola mundo " + x + "-------"): null

2022-11-30 18:40:52 - [TEST_STEP][PASSED] - print(" hola mundo " + x + "-------"): null

2022-11-30 18:40:52 - [TEST_STEP][PASSED] - print(" hola mundo " + x + "-------"): null

2022-11-30 18:40:52 - [TEST_STEP][PASSED] - closeBrowser(): Browser is closed

2022-11-30 18:40:56 - [MESSAGE][PASSED] - Browser is closed]]></system-out>
         <system-err><![CDATA[]]></system-err>
      </testcase>
      <testcase name="Test Cases/BUCLES/Test_while" time="150.32" classname="Test Cases/BUCLES/Test_while" status="PASSED">
         <system-out><![CDATA[2022-11-30 18:40:56 - [TEST_CASE][PASSED] - Test Cases/BUCLES/Test_while: Test Cases/BUCLES/Test_while

2022-11-30 18:40:56 - [TEST_STEP][PASSED] - openBrowser(""): Browser is opened with url: ''

2022-11-30 18:40:56 - [MESSAGE][INFO] - User set preference: ['os', 'windows']

2022-11-30 18:40:56 - [MESSAGE][INFO] - User set preference: ['browserName', 'chrome']

2022-11-30 18:40:56 - [MESSAGE][INFO] - User set preference: ['browserVersion', '103']

2022-11-30 18:40:56 - [MESSAGE][INFO] - User set preference: ['katalon:option', '{organizationId=987205, tunnelId=, usingTunnel=false}']

2022-11-30 18:40:56 - [MESSAGE][INFO] - Connecting to remote web server 'testcloud.katalon.com/hub' with type 'Selenium'

2022-11-30 18:40:56 - [MESSAGE][INFO] - Action delay is set to 0 milliseconds

2022-11-30 18:43:15 - [MESSAGE][PASSED] - Browser is opened with url: ''

2022-11-30 18:43:15 - [TEST_STEP][PASSED] - navigateToUrl("https://demoqa.com/text-box"): Navigate to 'https://demoqa.com/text-box' successfully

2022-11-30 18:43:17 - [MESSAGE][PASSED] - Navigate to 'https://demoqa.com/text-box' successfully

2022-11-30 18:43:17 - [TEST_STEP][PASSED] - maximizeWindow(): Current window maximized

2022-11-30 18:43:18 - [MESSAGE][PASSED] - Current window maximized

2022-11-30 18:43:18 - [TEST_STEP][PASSED] - waitForPageLoad(5): Wait for page load successfully

2022-11-30 18:43:19 - [MESSAGE][PASSED] - Wait for page load successfully

2022-11-30 18:43:19 - [TEST_STEP][PASSED] - x = 1: null

2022-11-30 18:43:19 - [TEST_STEP][PASSED] - while (x <= 3): null

2022-11-30 18:43:19 - [TEST_STEP][PASSED] - print("Hola " + x + "----------"): null

2022-11-30 18:43:19 - [TEST_STEP][PASSED] - (x++): null

2022-11-30 18:43:19 - [TEST_STEP][PASSED] - print("Hola " + x + "----------"): null

2022-11-30 18:43:19 - [TEST_STEP][PASSED] - (x++): null

2022-11-30 18:43:19 - [TEST_STEP][PASSED] - print("Hola " + x + "----------"): null

2022-11-30 18:43:19 - [TEST_STEP][PASSED] - (x++): null

2022-11-30 18:43:19 - [TEST_STEP][PASSED] - closeBrowser(): Browser is closed

2022-11-30 18:43:26 - [MESSAGE][PASSED] - Browser is closed]]></system-out>
         <system-err><![CDATA[]]></system-err>
      </testcase>
      <testcase name="Test Cases/BUCLES/Test_while2" time="174.391" classname="Test Cases/BUCLES/Test_while2" status="PASSED">
         <system-out><![CDATA[2022-11-30 18:43:26 - [TEST_CASE][PASSED] - Test Cases/BUCLES/Test_while2: Test Cases/BUCLES/Test_while2

2022-11-30 18:43:26 - [TEST_STEP][PASSED] - openBrowser(""): Browser is opened with url: ''

2022-11-30 18:43:26 - [MESSAGE][INFO] - User set preference: ['os', 'windows']

2022-11-30 18:43:26 - [MESSAGE][INFO] - User set preference: ['browserName', 'chrome']

2022-11-30 18:43:26 - [MESSAGE][INFO] - User set preference: ['browserVersion', '103']

2022-11-30 18:43:26 - [MESSAGE][INFO] - User set preference: ['katalon:option', '{organizationId=987205, tunnelId=, usingTunnel=false}']

2022-11-30 18:43:26 - [MESSAGE][INFO] - Connecting to remote web server 'testcloud.katalon.com/hub' with type 'Selenium'

2022-11-30 18:43:26 - [MESSAGE][INFO] - Action delay is set to 0 milliseconds

2022-11-30 18:46:07 - [MESSAGE][PASSED] - Browser is opened with url: ''

2022-11-30 18:46:07 - [TEST_STEP][PASSED] - navigateToUrl("https://demoqa.com/text-box"): Navigate to 'https://demoqa.com/text-box' successfully

2022-11-30 18:46:10 - [MESSAGE][PASSED] - Navigate to 'https://demoqa.com/text-box' successfully

2022-11-30 18:46:10 - [TEST_STEP][PASSED] - maximizeWindow(): Current window maximized

2022-11-30 18:46:12 - [MESSAGE][PASSED] - Current window maximized

2022-11-30 18:46:12 - [TEST_STEP][PASSED] - waitForPageLoad(5): Wait for page load successfully

2022-11-30 18:46:16 - [MESSAGE][PASSED] - Wait for page load successfully

2022-11-30 18:46:16 - [TEST_STEP][PASSED] - x = 1: null

2022-11-30 18:46:16 - [TEST_STEP][PASSED] - while (x <= 5): null

2022-11-30 18:46:16 - [TEST_STEP][PASSED] - print("Valor de X" + x + "------>"): null

2022-11-30 18:46:16 - [TEST_STEP][PASSED] - (x++): null

2022-11-30 18:46:16 - [TEST_STEP][PASSED] - print("Valor de X" + x + "------>"): null

2022-11-30 18:46:16 - [TEST_STEP][PASSED] - (x++): null

2022-11-30 18:46:16 - [TEST_STEP][PASSED] - print("Valor de X" + x + "------>"): null

2022-11-30 18:46:16 - [TEST_STEP][PASSED] - (x++): null

2022-11-30 18:46:16 - [TEST_STEP][PASSED] - print("Valor de X" + x + "------>"): null

2022-11-30 18:46:16 - [TEST_STEP][PASSED] - (x++): null

2022-11-30 18:46:16 - [TEST_STEP][PASSED] - print("Valor de X" + x + "------>"): null

2022-11-30 18:46:16 - [TEST_STEP][PASSED] - (x++): null

2022-11-30 18:46:16 - [TEST_STEP][PASSED] - closeBrowser(): Browser is closed

2022-11-30 18:46:21 - [MESSAGE][PASSED] - Browser is closed]]></system-out>
         <system-err><![CDATA[]]></system-err>
      </testcase>
      <testcase name="Test Cases/Drive_excel/Drive_excel" time="170.179" classname="Test Cases/Drive_excel/Drive_excel" status="PASSED">
         <system-out><![CDATA[2022-11-30 18:46:21 - [TEST_CASE][PASSED] - Test Cases/Drive_excel/Drive_excel: Test Cases/Drive_excel/Drive_excel

2022-11-30 18:46:21 - [TEST_STEP][PASSED] - openBrowser(""): Browser is opened with url: ''

2022-11-30 18:46:21 - [MESSAGE][INFO] - User set preference: ['os', 'windows']

2022-11-30 18:46:21 - [MESSAGE][INFO] - User set preference: ['browserName', 'chrome']

2022-11-30 18:46:21 - [MESSAGE][INFO] - User set preference: ['browserVersion', '103']

2022-11-30 18:46:21 - [MESSAGE][INFO] - User set preference: ['katalon:option', '{organizationId=987205, tunnelId=, usingTunnel=false}']

2022-11-30 18:46:21 - [MESSAGE][INFO] - Connecting to remote web server 'testcloud.katalon.com/hub' with type 'Selenium'

2022-11-30 18:46:21 - [MESSAGE][INFO] - Action delay is set to 0 milliseconds

2022-11-30 18:48:43 - [MESSAGE][PASSED] - Browser is opened with url: ''

2022-11-30 18:48:43 - [TEST_STEP][PASSED] - navigateToUrl("https://demoqa.com/automation-practice-form"): Navigate to 'https://demoqa.com/automation-practice-form' successfully

2022-11-30 18:48:46 - [MESSAGE][PASSED] - Navigate to 'https://demoqa.com/automation-practice-form' successfully

2022-11-30 18:48:46 - [TEST_STEP][PASSED] - waitForPageLoad(40): Wait for page load successfully

2022-11-30 18:48:47 - [MESSAGE][PASSED] - Wait for page load successfully

2022-11-30 18:48:47 - [TEST_STEP][PASSED] - maximizeWindow(): Current window maximized

2022-11-30 18:48:48 - [MESSAGE][PASSED] - Current window maximized

2022-11-30 18:48:48 - [TEST_STEP][PASSED] - setText(findTestObject("Object Repository/Drive_excel/Page_ToolsQA/input_Name_firstName"), nombre): Text '' is set on object 'Object Repository/Drive_excel/Page_ToolsQA/input_Name_firstName'

2022-11-30 18:48:53 - [MESSAGE][PASSED] - Text '' is set on object 'Object Repository/Drive_excel/Page_ToolsQA/input_Name_firstName'

2022-11-30 18:48:53 - [TEST_STEP][PASSED] - setText(findTestObject("Object Repository/Drive_excel/Page_ToolsQA/input_Name_lastName"), apellido): Text '' is set on object 'Object Repository/Drive_excel/Page_ToolsQA/input_Name_lastName'

2022-11-30 18:48:59 - [MESSAGE][PASSED] - Text '' is set on object 'Object Repository/Drive_excel/Page_ToolsQA/input_Name_lastName'

2022-11-30 18:48:59 - [TEST_STEP][PASSED] - setText(findTestObject("Object Repository/Drive_excel/Page_ToolsQA/input_Email_userEmail"), email): Text '' is set on object 'Object Repository/Drive_excel/Page_ToolsQA/input_Email_userEmail'

2022-11-30 18:49:05 - [MESSAGE][PASSED] - Text '' is set on object 'Object Repository/Drive_excel/Page_ToolsQA/input_Email_userEmail'

2022-11-30 18:49:05 - [TEST_STEP][PASSED] - delay(2): Delayed 2 second(s)

2022-11-30 18:49:07 - [MESSAGE][PASSED] - Delayed 2 second(s)

2022-11-30 18:49:07 - [TEST_STEP][PASSED] - closeBrowser(): Browser is closed

2022-11-30 18:49:11 - [MESSAGE][PASSED] - Browser is closed]]></system-out>
         <system-err><![CDATA[]]></system-err>
      </testcase>
      <system-out><![CDATA[2022-11-30 17:25:29 - [TEST_SUITE][PASSED] - testCLoud: Test Cases/Drive_excel/Drive_excel]]></system-out>
      <system-err><![CDATA[]]></system-err>
   </testsuite>
</testsuites>
