<?xml version="1.0" encoding="UTF-8"?>
<testsuites name="Test_suite_3" time="55.604" tests="5" failures="0" errors="0">
   <testsuite name="Test_suite_3" tests="5" failures="0" errors="0" time="55.604" skipped="0" timestamp="2021-07-19 16:44:59" hostname="rodrigo.villanueva.c - EELX01RODRIGOVI.ad.gob" id="Test Suites/Test_suite_3">
      <properties>
         <property name="deviceName" value=""/>
         <property name="devicePlatform" value=""/>
         <property name="logFolder" value="C:\\Todo_Katalon\\Proyectos\\Proyecto_uno\\Reports\\20210719_164428\\Test_suite_3\\20210719_164433"/>
         <property name="logFiles" value="C:\\Todo_Katalon\\Proyectos\\Proyecto_uno\\Reports\\20210719_164428\\Test_suite_3\\20210719_164433\\execution0.log"/>
         <property name="attachments" value=""/>
         <property name="hostName" value="rodrigo.villanueva.c - EELX01RODRIGOVI.ad.gob"/>
         <property name="os" value="Windows 10 64bit"/>
         <property name="katalonVersion" value="8.0.5.208"/>
         <property name="browser" value="Chrome 91.0.4472.124"/>
         <property name="hostAddress" value="10.255.249.109"/>
         <property name="sessionId" value="59515bd883717813713400aa5b857619"/>
         <property name="seleniumVersion" value="3.141.59"/>
         <property name="proxyInformation" value="ProxyInformation { proxyOption=NO_PROXY, proxyServerType=HTTP, username=, password=********, proxyServerAddress=, proxyServerPort=0, executionList=&quot;&quot;, isApplyToDesiredCapabilities=true }"/>
         <property name="platform" value="Windows 10"/>
      </properties>
      <testcase name="Test Cases/Mouse_double_click/Test_1" time="11.358" classname="Test Cases/Mouse_double_click/Test_1" status="PASSED">
         <system-out><![CDATA[2021-07-19 16:45:00 - [TEST_CASE][PASSED] - Test Cases/Mouse_double_click/Test_1: Test Cases/Mouse_double_click/Test_1

2021-07-19 16:45:01 - [TEST_STEP][PASSED] - openBrowser(""): Browser is opened with url: ''

2021-07-19 16:45:02 - [MESSAGE][INFO] - Starting 'Chrome' driver

2021-07-19 16:45:02 - [MESSAGE][INFO] - Action delay is set to 0 milliseconds

2021-07-19 16:45:05 - [MESSAGE][PASSED] - Browser is opened with url: ''

2021-07-19 16:45:05 - [TEST_STEP][PASSED] - navigateToUrl("https://demos.telerik.com/aspnet-ajax/treeview/examples/overview/defaultcs.aspx"): Navigate to 'https://demos.telerik.com/aspnet-ajax/treeview/examples/overview/defaultcs.aspx' successfully

2021-07-19 16:45:07 - [MESSAGE][PASSED] - Navigate to 'https://demos.telerik.com/aspnet-ajax/treeview/examples/overview/defaultcs.aspx' successfully

2021-07-19 16:45:07 - [TEST_STEP][PASSED] - maximizeWindow(): Current window maximized

2021-07-19 16:45:08 - [MESSAGE][PASSED] - Current window maximized

2021-07-19 16:45:08 - [TEST_STEP][PASSED] - waitForPageLoad(30): Wait for page load successfully

2021-07-19 16:45:08 - [MESSAGE][PASSED] - Wait for page load successfully

2021-07-19 16:45:08 - [TEST_STEP][PASSED] - click(findTestObject("Object Repository/Double_click/Page_Telerik Web UI TreeView Overview Demo _6fd094/span_Island")): Object: 'Object Repository/Double_click/Page_Telerik Web UI TreeView Overview Demo _6fd094/span_Island' is clicked on

2021-07-19 16:45:09 - [MESSAGE][PASSED] - Object: 'Object Repository/Double_click/Page_Telerik Web UI TreeView Overview Demo _6fd094/span_Island' is clicked on

2021-07-19 16:45:09 - [TEST_STEP][PASSED] - waitForElementClickable(findTestObject("Double_click/Page_Telerik Web UI TreeView Overview Demo _6fd094/span_Island"), 5): Object 'Object Repository/Double_click/Page_Telerik Web UI TreeView Overview Demo _6fd094/span_Island' is clickable

2021-07-19 16:45:10 - [MESSAGE][PASSED] - Object 'Object Repository/Double_click/Page_Telerik Web UI TreeView Overview Demo _6fd094/span_Island' is clickable

2021-07-19 16:45:10 - [TEST_STEP][PASSED] - doubleClick(findTestObject("Object Repository/Double_click/Page_Telerik Web UI TreeView Overview Demo _6fd094/span_Island")): Object: 'Object Repository/Double_click/Page_Telerik Web UI TreeView Overview Demo _6fd094/span_Island' is double clicked on

2021-07-19 16:45:10 - [MESSAGE][PASSED] - Object: 'Object Repository/Double_click/Page_Telerik Web UI TreeView Overview Demo _6fd094/span_Island' is double clicked on

2021-07-19 16:45:10 - [TEST_STEP][PASSED] - closeBrowser(): Browser is closed

2021-07-19 16:45:11 - [MESSAGE][PASSED] - Browser is closed]]></system-out>
         <system-err><![CDATA[]]></system-err>
      </testcase>
      <testcase name="Test Cases/Mouse_over/Mouse_over" time="13.709" classname="Test Cases/Mouse_over/Mouse_over" status="PASSED">
         <system-out><![CDATA[2021-07-19 16:45:11 - [TEST_CASE][PASSED] - Test Cases/Mouse_over/Mouse_over: Test Cases/Mouse_over/Mouse_over

2021-07-19 16:45:12 - [TEST_STEP][PASSED] - openBrowser(""): Browser is opened with url: ''

2021-07-19 16:45:12 - [MESSAGE][INFO] - Starting 'Chrome' driver

2021-07-19 16:45:12 - [MESSAGE][INFO] - Action delay is set to 0 milliseconds

2021-07-19 16:45:13 - [MESSAGE][PASSED] - Browser is opened with url: ''

2021-07-19 16:45:13 - [TEST_STEP][PASSED] - navigateToUrl("http://automationpractice.com/index.php"): Navigate to 'http://automationpractice.com/index.php' successfully

2021-07-19 16:45:16 - [MESSAGE][PASSED] - Navigate to 'http://automationpractice.com/index.php' successfully

2021-07-19 16:45:16 - [TEST_STEP][PASSED] - waitForPageLoad(40): Wait for page load successfully

2021-07-19 16:45:16 - [MESSAGE][PASSED] - Wait for page load successfully

2021-07-19 16:45:16 - [TEST_STEP][PASSED] - maximizeWindow(): Current window maximized

2021-07-19 16:45:17 - [MESSAGE][PASSED] - Current window maximized

2021-07-19 16:45:17 - [TEST_STEP][PASSED] - mouseOver(findTestObject("Mouse_over/Woman")): Object: 'Object Repository/Mouse_over/Woman' is hovered

2021-07-19 16:45:18 - [MESSAGE][PASSED] - Object: 'Object Repository/Mouse_over/Woman' is hovered

2021-07-19 16:45:18 - [TEST_STEP][PASSED] - delay(3): Delayed 3 second(s)

2021-07-19 16:45:21 - [MESSAGE][PASSED] - Delayed 3 second(s)

2021-07-19 16:45:21 - [TEST_STEP][PASSED] - mouseOver(findTestObject("Mouse_over/Dress")): Object: 'Object Repository/Mouse_over/Dress' is hovered

2021-07-19 16:45:21 - [MESSAGE][PASSED] - Object: 'Object Repository/Mouse_over/Dress' is hovered

2021-07-19 16:45:21 - [TEST_STEP][PASSED] - delay(3): Delayed 3 second(s)

2021-07-19 16:45:24 - [MESSAGE][PASSED] - Delayed 3 second(s)

2021-07-19 16:45:24 - [TEST_STEP][PASSED] - closeBrowser(): Browser is closed

2021-07-19 16:45:25 - [MESSAGE][PASSED] - Browser is closed]]></system-out>
         <system-err><![CDATA[]]></system-err>
      </testcase>
      <testcase name="Test Cases/Mouse_over/Mouse_over2" time="15.284" classname="Test Cases/Mouse_over/Mouse_over2" status="PASSED">
         <system-out><![CDATA[2021-07-19 16:45:25 - [TEST_CASE][PASSED] - Test Cases/Mouse_over/Mouse_over2: Test Cases/Mouse_over/Mouse_over2

2021-07-19 16:45:26 - [TEST_STEP][PASSED] - openBrowser(""): Browser is opened with url: ''

2021-07-19 16:45:26 - [MESSAGE][INFO] - Starting 'Chrome' driver

2021-07-19 16:45:26 - [MESSAGE][INFO] - Action delay is set to 0 milliseconds

2021-07-19 16:45:27 - [MESSAGE][PASSED] - Browser is opened with url: ''

2021-07-19 16:45:27 - [TEST_STEP][PASSED] - navigateToUrl("http://automationpractice.com/index.php"): Navigate to 'http://automationpractice.com/index.php' successfully

2021-07-19 16:45:29 - [MESSAGE][PASSED] - Navigate to 'http://automationpractice.com/index.php' successfully

2021-07-19 16:45:29 - [TEST_STEP][PASSED] - waitForPageLoad(40): Wait for page load successfully

2021-07-19 16:45:29 - [MESSAGE][PASSED] - Wait for page load successfully

2021-07-19 16:45:29 - [TEST_STEP][PASSED] - maximizeWindow(): Current window maximized

2021-07-19 16:45:29 - [MESSAGE][PASSED] - Current window maximized

2021-07-19 16:45:29 - [TEST_STEP][PASSED] - mouseOver(findTestObject("Mouse_over/Woman")): Object: 'Object Repository/Mouse_over/Woman' is hovered

2021-07-19 16:45:30 - [MESSAGE][PASSED] - Object: 'Object Repository/Mouse_over/Woman' is hovered

2021-07-19 16:45:30 - [TEST_STEP][PASSED] - delay(3): Delayed 3 second(s)

2021-07-19 16:45:33 - [MESSAGE][PASSED] - Delayed 3 second(s)

2021-07-19 16:45:33 - [TEST_STEP][PASSED] - mouseOverOffset(findTestObject("Mouse_over/Woman"), 80, 0): Object: 'Object Repository/Mouse_over/Woman' is hovered using offset x = 80 and y = 0

2021-07-19 16:45:33 - [MESSAGE][PASSED] - Object: 'Object Repository/Mouse_over/Woman' is hovered using offset x = 80 and y = 0

2021-07-19 16:45:33 - [TEST_STEP][PASSED] - delay(3): Delayed 3 second(s)

2021-07-19 16:45:36 - [MESSAGE][PASSED] - Delayed 3 second(s)

2021-07-19 16:45:36 - [TEST_STEP][PASSED] - rightClick(findTestObject("Mouse_over/Woman")): Object: 'Object Repository/Mouse_over/Woman' is right clicked on

2021-07-19 16:45:37 - [MESSAGE][PASSED] - Object: 'Object Repository/Mouse_over/Woman' is right clicked on

2021-07-19 16:45:37 - [TEST_STEP][PASSED] - delay(3): Delayed 3 second(s)

2021-07-19 16:45:40 - [MESSAGE][PASSED] - Delayed 3 second(s)

2021-07-19 16:45:40 - [TEST_STEP][PASSED] - closeBrowser(): Browser is closed

2021-07-19 16:45:40 - [MESSAGE][PASSED] - Browser is closed]]></system-out>
         <system-err><![CDATA[]]></system-err>
      </testcase>
      <testcase name="Test Cases/Navegador/Navegador" time="5.096" classname="Test Cases/Navegador/Navegador" status="PASSED">
         <system-out><![CDATA[2021-07-19 16:45:40 - [TEST_CASE][PASSED] - Test Cases/Navegador/Navegador: Test Cases/Navegador/Navegador

2021-07-19 16:45:41 - [TEST_STEP][PASSED] - openBrowser("https://demoqa.com/text-box"): Browser is opened with url: 'https://demoqa.com/text-box'

2021-07-19 16:45:41 - [MESSAGE][INFO] - Starting 'Chrome' driver

2021-07-19 16:45:41 - [MESSAGE][INFO] - Action delay is set to 0 milliseconds

2021-07-19 16:45:44 - [MESSAGE][PASSED] - Browser is opened with url: 'https://demoqa.com/text-box'

2021-07-19 16:45:44 - [TEST_STEP][PASSED] - maximizeWindow(): Current window maximized

2021-07-19 16:45:44 - [MESSAGE][PASSED] - Current window maximized

2021-07-19 16:45:44 - [TEST_STEP][PASSED] - page_url = getUrl(): Current window's url is: 'https://demoqa.com/text-box'

2021-07-19 16:45:44 - [MESSAGE][PASSED] - Current window's url is: 'https://demoqa.com/text-box'

2021-07-19 16:45:44 - [TEST_STEP][PASSED] - print(page_url): null

2021-07-19 16:45:44 - [TEST_STEP][PASSED] - Titulo = getWindowTitle(): Current window's title is: 'ToolsQA'

2021-07-19 16:45:44 - [MESSAGE][PASSED] - Current window's title is: 'ToolsQA'

2021-07-19 16:45:44 - [TEST_STEP][PASSED] - print("titiulo de la pagina" + Titulo): null

2021-07-19 16:45:44 - [TEST_STEP][PASSED] - closeBrowser(): Browser is closed

2021-07-19 16:45:46 - [MESSAGE][PASSED] - Browser is closed]]></system-out>
         <system-err><![CDATA[]]></system-err>
      </testcase>
      <testcase name="Test Cases/Objecto_xpath/Caso_xpath" time="9.175" classname="Test Cases/Objecto_xpath/Caso_xpath" status="PASSED">
         <system-out><![CDATA[2021-07-19 16:45:46 - [TEST_CASE][PASSED] - Test Cases/Objecto_xpath/Caso_xpath: Test Cases/Objecto_xpath/Caso_xpath

2021-07-19 16:45:46 - [TEST_STEP][PASSED] - openBrowser(""): Browser is opened with url: ''

2021-07-19 16:45:46 - [MESSAGE][INFO] - Starting 'Chrome' driver

2021-07-19 16:45:46 - [MESSAGE][INFO] - Action delay is set to 0 milliseconds

2021-07-19 16:45:47 - [MESSAGE][PASSED] - Browser is opened with url: ''

2021-07-19 16:45:47 - [TEST_STEP][PASSED] - navigateToUrl("https://demoqa.com/text-box"): Navigate to 'https://demoqa.com/text-box' successfully

2021-07-19 16:45:50 - [MESSAGE][PASSED] - Navigate to 'https://demoqa.com/text-box' successfully

2021-07-19 16:45:50 - [TEST_STEP][PASSED] - maximizeWindow(): Current window maximized

2021-07-19 16:45:50 - [MESSAGE][PASSED] - Current window maximized

2021-07-19 16:45:50 - [TEST_STEP][PASSED] - setText(findTestObject("Objeto_xpath/Campo_nombre"), "Rodrigo"): Text 'Rodrigo' is set on object 'Object Repository/Objeto_xpath/Campo_nombre'

2021-07-19 16:45:51 - [MESSAGE][PASSED] - Text 'Rodrigo' is set on object 'Object Repository/Objeto_xpath/Campo_nombre'

2021-07-19 16:45:51 - [TEST_STEP][PASSED] - delay(3): Delayed 3 second(s)

2021-07-19 16:45:54 - [MESSAGE][PASSED] - Delayed 3 second(s)

2021-07-19 16:45:54 - [TEST_STEP][PASSED] - closeBrowser(): Browser is closed

2021-07-19 16:45:55 - [MESSAGE][PASSED] - Browser is closed]]></system-out>
         <system-err><![CDATA[]]></system-err>
      </testcase>
      <system-out><![CDATA[2021-07-19 16:44:59 - [TEST_SUITE][PASSED] - Test_suite_3: Test Cases/Objecto_xpath/Caso_xpath]]></system-out>
      <system-err><![CDATA[]]></system-err>
   </testsuite>
</testsuites>
