<?xml version="1.0" encoding="UTF-8"?>
<testsuites name="Data_csv" time="30.554" tests="3" failures="0" errors="0">
   <testsuite name="Data_csv" tests="3" failures="0" errors="0" time="30.554" skipped="0" timestamp="2021-07-20 21:08:47" hostname="rodrigo.villanueva.c - EELX01RODRIGOVI.ad.gob" id="Test Suites/Data_csv">
      <properties>
         <property name="deviceName" value=""/>
         <property name="devicePlatform" value=""/>
         <property name="logFolder" value="C:\\Todo_Katalon\\Proyectos\\Proyecto_uno\\Reports\\20210720_210832\\Data_csv\\20210720_210832"/>
         <property name="logFiles" value="C:\\Todo_Katalon\\Proyectos\\Proyecto_uno\\Reports\\20210720_210832\\Data_csv\\20210720_210832\\execution0.log"/>
         <property name="attachments" value=""/>
         <property name="hostName" value="rodrigo.villanueva.c - EELX01RODRIGOVI.ad.gob"/>
         <property name="os" value="Windows 10 64bit"/>
         <property name="katalonVersion" value="8.0.5.208"/>
         <property name="browser" value="Chrome 91.0.4472.164"/>
         <property name="hostAddress" value="192.168.56.1"/>
         <property name="sessionId" value="c7598acd2919e26328696d58654164ef"/>
         <property name="seleniumVersion" value="3.141.59"/>
         <property name="proxyInformation" value="ProxyInformation { proxyOption=NO_PROXY, proxyServerType=HTTP, username=, password=********, proxyServerAddress=, proxyServerPort=0, executionList=&quot;&quot;, isApplyToDesiredCapabilities=true }"/>
         <property name="platform" value="Windows 10"/>
      </properties>
      <testcase name="Test Cases/Drive_excel/Drive_excel" time="11.316" classname="Test Cases/Drive_excel/Drive_excel" status="PASSED">
         <system-out><![CDATA[2021-07-20 21:08:47 - [TEST_CASE][PASSED] - Test Cases/Drive_excel/Drive_excel: Test Cases/Drive_excel/Drive_excel

2021-07-20 21:08:48 - [TEST_STEP][PASSED] - openBrowser(""): Browser is opened with url: ''

2021-07-20 21:08:48 - [MESSAGE][INFO] - Starting 'Chrome' driver

2021-07-20 21:08:48 - [MESSAGE][INFO] - Action delay is set to 0 milliseconds

2021-07-20 21:08:51 - [MESSAGE][PASSED] - Browser is opened with url: ''

2021-07-20 21:08:51 - [TEST_STEP][PASSED] - navigateToUrl("https://demoqa.com/automation-practice-form"): Navigate to 'https://demoqa.com/automation-practice-form' successfully

2021-07-20 21:08:53 - [MESSAGE][PASSED] - Navigate to 'https://demoqa.com/automation-practice-form' successfully

2021-07-20 21:08:53 - [TEST_STEP][PASSED] - waitForPageLoad(40): Wait for page load successfully

2021-07-20 21:08:53 - [MESSAGE][PASSED] - Wait for page load successfully

2021-07-20 21:08:53 - [TEST_STEP][PASSED] - maximizeWindow(): Current window maximized

2021-07-20 21:08:54 - [MESSAGE][PASSED] - Current window maximized

2021-07-20 21:08:54 - [TEST_STEP][PASSED] - setText(findTestObject("Object Repository/Drive_excel/Page_ToolsQA/input_Name_firstName"), nombre): Text 'nombre1' is set on object 'Object Repository/Drive_excel/Page_ToolsQA/input_Name_firstName'

2021-07-20 21:08:55 - [MESSAGE][PASSED] - Text 'nombre1' is set on object 'Object Repository/Drive_excel/Page_ToolsQA/input_Name_firstName'

2021-07-20 21:08:55 - [TEST_STEP][PASSED] - setText(findTestObject("Object Repository/Drive_excel/Page_ToolsQA/input_Name_lastName"), apellido): Text 'apellido1' is set on object 'Object Repository/Drive_excel/Page_ToolsQA/input_Name_lastName'

2021-07-20 21:08:55 - [MESSAGE][PASSED] - Text 'apellido1' is set on object 'Object Repository/Drive_excel/Page_ToolsQA/input_Name_lastName'

2021-07-20 21:08:55 - [TEST_STEP][PASSED] - setText(findTestObject("Object Repository/Drive_excel/Page_ToolsQA/input_Email_userEmail"), email): Text 'email1' is set on object 'Object Repository/Drive_excel/Page_ToolsQA/input_Email_userEmail'

2021-07-20 21:08:56 - [MESSAGE][PASSED] - Text 'email1' is set on object 'Object Repository/Drive_excel/Page_ToolsQA/input_Email_userEmail'

2021-07-20 21:08:56 - [TEST_STEP][PASSED] - delay(2): Delayed 2 second(s)

2021-07-20 21:08:58 - [MESSAGE][PASSED] - Delayed 2 second(s)

2021-07-20 21:08:58 - [TEST_STEP][PASSED] - closeBrowser(): Browser is closed

2021-07-20 21:08:59 - [MESSAGE][PASSED] - Browser is closed]]></system-out>
         <system-err><![CDATA[]]></system-err>
      </testcase>
      <testcase name="Test Cases/Drive_excel/Drive_excel" time="8.901" classname="Test Cases/Drive_excel/Drive_excel" status="PASSED">
         <system-out><![CDATA[2021-07-20 21:08:59 - [TEST_CASE][PASSED] - Test Cases/Drive_excel/Drive_excel: Test Cases/Drive_excel/Drive_excel

2021-07-20 21:08:59 - [TEST_STEP][PASSED] - openBrowser(""): Browser is opened with url: ''

2021-07-20 21:08:59 - [MESSAGE][INFO] - Starting 'Chrome' driver

2021-07-20 21:08:59 - [MESSAGE][INFO] - Action delay is set to 0 milliseconds

2021-07-20 21:09:00 - [MESSAGE][PASSED] - Browser is opened with url: ''

2021-07-20 21:09:00 - [TEST_STEP][PASSED] - navigateToUrl("https://demoqa.com/automation-practice-form"): Navigate to 'https://demoqa.com/automation-practice-form' successfully

2021-07-20 21:09:03 - [MESSAGE][PASSED] - Navigate to 'https://demoqa.com/automation-practice-form' successfully

2021-07-20 21:09:03 - [TEST_STEP][PASSED] - waitForPageLoad(40): Wait for page load successfully

2021-07-20 21:09:03 - [MESSAGE][PASSED] - Wait for page load successfully

2021-07-20 21:09:03 - [TEST_STEP][PASSED] - maximizeWindow(): Current window maximized

2021-07-20 21:09:03 - [MESSAGE][PASSED] - Current window maximized

2021-07-20 21:09:03 - [TEST_STEP][PASSED] - setText(findTestObject("Object Repository/Drive_excel/Page_ToolsQA/input_Name_firstName"), nombre): Text 'nombre2' is set on object 'Object Repository/Drive_excel/Page_ToolsQA/input_Name_firstName'

2021-07-20 21:09:04 - [MESSAGE][PASSED] - Text 'nombre2' is set on object 'Object Repository/Drive_excel/Page_ToolsQA/input_Name_firstName'

2021-07-20 21:09:04 - [TEST_STEP][PASSED] - setText(findTestObject("Object Repository/Drive_excel/Page_ToolsQA/input_Name_lastName"), apellido): Text 'apellido2' is set on object 'Object Repository/Drive_excel/Page_ToolsQA/input_Name_lastName'

2021-07-20 21:09:04 - [MESSAGE][PASSED] - Text 'apellido2' is set on object 'Object Repository/Drive_excel/Page_ToolsQA/input_Name_lastName'

2021-07-20 21:09:04 - [TEST_STEP][PASSED] - setText(findTestObject("Object Repository/Drive_excel/Page_ToolsQA/input_Email_userEmail"), email): Text 'email2' is set on object 'Object Repository/Drive_excel/Page_ToolsQA/input_Email_userEmail'

2021-07-20 21:09:05 - [MESSAGE][PASSED] - Text 'email2' is set on object 'Object Repository/Drive_excel/Page_ToolsQA/input_Email_userEmail'

2021-07-20 21:09:05 - [TEST_STEP][PASSED] - delay(2): Delayed 2 second(s)

2021-07-20 21:09:07 - [MESSAGE][PASSED] - Delayed 2 second(s)

2021-07-20 21:09:07 - [TEST_STEP][PASSED] - closeBrowser(): Browser is closed

2021-07-20 21:09:08 - [MESSAGE][PASSED] - Browser is closed]]></system-out>
         <system-err><![CDATA[]]></system-err>
      </testcase>
      <testcase name="Test Cases/Drive_excel/Drive_excel" time="9.401" classname="Test Cases/Drive_excel/Drive_excel" status="PASSED">
         <system-out><![CDATA[2021-07-20 21:09:08 - [TEST_CASE][PASSED] - Test Cases/Drive_excel/Drive_excel: Test Cases/Drive_excel/Drive_excel

2021-07-20 21:09:08 - [TEST_STEP][PASSED] - openBrowser(""): Browser is opened with url: ''

2021-07-20 21:09:08 - [MESSAGE][INFO] - Starting 'Chrome' driver

2021-07-20 21:09:08 - [MESSAGE][INFO] - Action delay is set to 0 milliseconds

2021-07-20 21:09:09 - [MESSAGE][PASSED] - Browser is opened with url: ''

2021-07-20 21:09:09 - [TEST_STEP][PASSED] - navigateToUrl("https://demoqa.com/automation-practice-form"): Navigate to 'https://demoqa.com/automation-practice-form' successfully

2021-07-20 21:09:12 - [MESSAGE][PASSED] - Navigate to 'https://demoqa.com/automation-practice-form' successfully

2021-07-20 21:09:12 - [TEST_STEP][PASSED] - waitForPageLoad(40): Wait for page load successfully

2021-07-20 21:09:12 - [MESSAGE][PASSED] - Wait for page load successfully

2021-07-20 21:09:12 - [TEST_STEP][PASSED] - maximizeWindow(): Current window maximized

2021-07-20 21:09:12 - [MESSAGE][PASSED] - Current window maximized

2021-07-20 21:09:12 - [TEST_STEP][PASSED] - setText(findTestObject("Object Repository/Drive_excel/Page_ToolsQA/input_Name_firstName"), nombre): Text 'nombre3' is set on object 'Object Repository/Drive_excel/Page_ToolsQA/input_Name_firstName'

2021-07-20 21:09:13 - [MESSAGE][PASSED] - Text 'nombre3' is set on object 'Object Repository/Drive_excel/Page_ToolsQA/input_Name_firstName'

2021-07-20 21:09:13 - [TEST_STEP][PASSED] - setText(findTestObject("Object Repository/Drive_excel/Page_ToolsQA/input_Name_lastName"), apellido): Text 'apellido3' is set on object 'Object Repository/Drive_excel/Page_ToolsQA/input_Name_lastName'

2021-07-20 21:09:14 - [MESSAGE][PASSED] - Text 'apellido3' is set on object 'Object Repository/Drive_excel/Page_ToolsQA/input_Name_lastName'

2021-07-20 21:09:14 - [TEST_STEP][PASSED] - setText(findTestObject("Object Repository/Drive_excel/Page_ToolsQA/input_Email_userEmail"), email): Text 'email3' is set on object 'Object Repository/Drive_excel/Page_ToolsQA/input_Email_userEmail'

2021-07-20 21:09:14 - [MESSAGE][PASSED] - Text 'email3' is set on object 'Object Repository/Drive_excel/Page_ToolsQA/input_Email_userEmail'

2021-07-20 21:09:14 - [TEST_STEP][PASSED] - delay(2): Delayed 2 second(s)

2021-07-20 21:09:16 - [MESSAGE][PASSED] - Delayed 2 second(s)

2021-07-20 21:09:16 - [TEST_STEP][PASSED] - closeBrowser(): Browser is closed

2021-07-20 21:09:17 - [MESSAGE][PASSED] - Browser is closed]]></system-out>
         <system-err><![CDATA[]]></system-err>
      </testcase>
      <system-out><![CDATA[2021-07-20 21:08:47 - [TEST_SUITE][PASSED] - Data_csv: Test Cases/Drive_excel/Drive_excel]]></system-out>
      <system-err><![CDATA[]]></system-err>
   </testsuite>
</testsuites>
