<?xml version="1.0" encoding="UTF-8"?>
<testsuites name="testCLoud" time="707.812" tests="34" failures="0" errors="0">
   <testsuite name="testCLoud" tests="34" failures="0" errors="0" time="707.812" skipped="0" timestamp="2022-11-30 14:02:25" hostname="admin - 192.168.0.13" id="Test Suites/testCLoud">
      <properties>
         <property name="deviceName" value=""/>
         <property name="devicePlatform" value=""/>
         <property name="logFolder" value="C:\\Users\\admin\\git\\KatalonCertificacion\\Reports\\20221130_140211\\testCLoud\\20221130_140211"/>
         <property name="logFiles" value="C:\\Users\\admin\\git\\KatalonCertificacion\\Reports\\20221130_140211\\testCLoud\\20221130_140211\\execution0.log"/>
         <property name="attachments" value=""/>
         <property name="hostName" value="admin - 192.168.0.13"/>
         <property name="os" value="Windows 10 64bit"/>
         <property name="katalonVersion" value="8.5.2.208"/>
         <property name="browser" value="Chrome 107.0.0.0"/>
         <property name="hostAddress" value="192.168.0.13"/>
         <property name="sessionId" value="9dfd3d784ab125c0e9b3ee226536f79a"/>
         <property name="seleniumVersion" value="3.141.59"/>
         <property name="proxyInformation" value="ProxyInformation { proxyOption=NO_PROXY, proxyServerType=HTTP, username=, password=********, proxyServerAddress=, proxyServerPort=0, executionList=&quot;&quot;, isApplyToDesiredCapabilities=true }"/>
         <property name="platform" value="Windows 10"/>
      </properties>
      <testcase name="Test Cases/Navegador/Navegador" time="21.867" classname="Test Cases/Navegador/Navegador" status="PASSED">
         <system-out><![CDATA[2022-11-30 14:02:25 - [TEST_CASE][PASSED] - Test Cases/Navegador/Navegador: Test Cases/Navegador/Navegador

2022-11-30 14:02:26 - [TEST_STEP][PASSED] - openBrowser("https://demoqa.com/text-box"): Browser is opened with url: 'https://demoqa.com/text-box'

2022-11-30 14:02:27 - [MESSAGE][INFO] - Starting 'Chrome' driver

2022-11-30 14:02:27 - [MESSAGE][INFO] - Action delay is set to 0 milliseconds

2022-11-30 14:02:46 - [MESSAGE][PASSED] - Browser is opened with url: 'https://demoqa.com/text-box'

2022-11-30 14:02:46 - [TEST_STEP][PASSED] - maximizeWindow(): Current window maximized

2022-11-30 14:02:46 - [MESSAGE][PASSED] - Current window maximized

2022-11-30 14:02:46 - [TEST_STEP][PASSED] - page_url = getUrl(): Current window's url is: 'https://demoqa.com/text-box'

2022-11-30 14:02:46 - [MESSAGE][PASSED] - Current window's url is: 'https://demoqa.com/text-box'

2022-11-30 14:02:46 - [TEST_STEP][PASSED] - print(page_url): null

2022-11-30 14:02:46 - [TEST_STEP][PASSED] - Titulo = getWindowTitle(): Current window's title is: 'ToolsQA'

2022-11-30 14:02:46 - [MESSAGE][PASSED] - Current window's title is: 'ToolsQA'

2022-11-30 14:02:46 - [TEST_STEP][PASSED] - print("titiulo de la pagina" + Titulo): null

2022-11-30 14:02:46 - [TEST_STEP][PASSED] - closeBrowser(): Browser is closed

2022-11-30 14:02:47 - [MESSAGE][PASSED] - Browser is closed]]></system-out>
         <system-err><![CDATA[]]></system-err>
      </testcase>
      <testcase name="Test Cases/Objecto_xpath/Caso_xpath" time="22.59" classname="Test Cases/Objecto_xpath/Caso_xpath" status="PASSED">
         <system-out><![CDATA[2022-11-30 14:02:47 - [TEST_CASE][PASSED] - Test Cases/Objecto_xpath/Caso_xpath: Test Cases/Objecto_xpath/Caso_xpath

2022-11-30 14:02:48 - [TEST_STEP][PASSED] - openBrowser(""): Browser is opened with url: ''

2022-11-30 14:02:48 - [MESSAGE][INFO] - Starting 'Chrome' driver

2022-11-30 14:02:48 - [MESSAGE][INFO] - Action delay is set to 0 milliseconds

2022-11-30 14:02:49 - [MESSAGE][PASSED] - Browser is opened with url: ''

2022-11-30 14:02:49 - [TEST_STEP][PASSED] - navigateToUrl("https://demoqa.com/text-box"): Navigate to 'https://demoqa.com/text-box' successfully

2022-11-30 14:03:04 - [MESSAGE][PASSED] - Navigate to 'https://demoqa.com/text-box' successfully

2022-11-30 14:03:04 - [TEST_STEP][PASSED] - maximizeWindow(): Current window maximized

2022-11-30 14:03:04 - [MESSAGE][PASSED] - Current window maximized

2022-11-30 14:03:04 - [TEST_STEP][PASSED] - setText(findTestObject("Objeto_xpath/Campo_nombre"), "Ljubo"): Text 'Ljubo' is set on object 'Object Repository/Objeto_xpath/Campo_nombre'

2022-11-30 14:03:05 - [MESSAGE][PASSED] - Text 'Ljubo' is set on object 'Object Repository/Objeto_xpath/Campo_nombre'

2022-11-30 14:03:05 - [TEST_STEP][PASSED] - delay(3): Delayed 3 second(s)

2022-11-30 14:03:09 - [MESSAGE][PASSED] - Delayed 3 second(s)

2022-11-30 14:03:09 - [TEST_STEP][PASSED] - closeBrowser(): Browser is closed

2022-11-30 14:03:10 - [MESSAGE][PASSED] - Browser is closed]]></system-out>
         <system-err><![CDATA[]]></system-err>
      </testcase>
      <testcase name="Test Cases/Condicionales_If/Condicionar_titulo" time="39.681" classname="Test Cases/Condicionales_If/Condicionar_titulo" status="PASSED">
         <system-out><![CDATA[2022-11-30 14:03:10 - [TEST_CASE][PASSED] - Test Cases/Condicionales_If/Condicionar_titulo: Test Cases/Condicionales_If/Condicionar_titulo

2022-11-30 14:03:10 - [TEST_STEP][PASSED] - openBrowser(""): Browser is opened with url: ''

2022-11-30 14:03:10 - [MESSAGE][INFO] - Starting 'Chrome' driver

2022-11-30 14:03:10 - [MESSAGE][INFO] - Action delay is set to 0 milliseconds

2022-11-30 14:03:12 - [MESSAGE][PASSED] - Browser is opened with url: ''

2022-11-30 14:03:12 - [TEST_STEP][PASSED] - navigateToUrl("https://demoqa.com/"): Navigate to 'https://demoqa.com/' successfully

2022-11-30 14:03:30 - [MESSAGE][PASSED] - Navigate to 'https://demoqa.com/' successfully

2022-11-30 14:03:30 - [TEST_STEP][PASSED] - maximizeWindow(): Current window maximized

2022-11-30 14:03:30 - [MESSAGE][PASSED] - Current window maximized

2022-11-30 14:03:30 - [TEST_STEP][PASSED] - waitForPageLoad(5): Wait for page load successfully

2022-11-30 14:03:30 - [MESSAGE][PASSED] - Wait for page load successfully

2022-11-30 14:03:30 - [TEST_STEP][PASSED] - Existe = waitForElementVisible(findTestObject("Condicionales/Texto_radio"), 3): Web element with id: 'Object Repository/Condicionales/Texto_radio' located by '//div[@class='main-header'][contains(.,'Radio Button')]' not found

2022-11-30 14:03:35 - [MESSAGE][INFO] - Unable to find the element located by 'By.xpath: //div[@class='main-header'][contains(.,'Radio Button')]'. Please recheck the objects properties to make sure the desired element is located. 

2022-11-30 14:03:35 - [MESSAGE][WARNING] - [SELF-HEALING] Failed to find element with id 'Object Repository/Condicionales/Texto_radio'. Try using Self-healing.

2022-11-30 14:03:36 - [MESSAGE][INFO] - [SELF-HEALING] No working XPath is found.

2022-11-30 14:03:37 - [MESSAGE][INFO] - Unable to find the element located by 'By.xpath: '. Please recheck the objects properties to make sure the desired element is located. 

2022-11-30 14:03:37 - [MESSAGE][WARNING] - [SELF-HEALING] Cannot find elements when the selector is null

2022-11-30 14:03:37 - [MESSAGE][WARNING] - Web element with id: 'Object Repository/Condicionales/Texto_radio' located by '//div[@class='main-header'][contains(.,'Radio Button')]' not found

2022-11-30 14:03:37 - [TEST_STEP][PASSED] - print(Existe): null

2022-11-30 14:03:37 - [TEST_STEP][PASSED] - if (Existe == true): null

2022-11-30 14:03:37 - [TEST_STEP][PASSED] - else: Browser is closed

2022-11-30 14:03:37 - [TEST_STEP][PASSED] - print("-----  Error no esta el elemento de texto radio ------"): null

2022-11-30 14:03:37 - [TEST_STEP][PASSED] - navigateToUrl("https://demoqa.com/radio-button"): Navigate to 'https://demoqa.com/radio-button' successfully

2022-11-30 14:03:44 - [MESSAGE][PASSED] - Navigate to 'https://demoqa.com/radio-button' successfully

2022-11-30 14:03:44 - [TEST_STEP][PASSED] - click(findTestObject("Condicionales/Objeto_yes")): Object: 'Object Repository/Condicionales/Objeto_yes' is clicked on

2022-11-30 14:03:47 - [MESSAGE][PASSED] - Object: 'Object Repository/Condicionales/Objeto_yes' is clicked on

2022-11-30 14:03:47 - [TEST_STEP][PASSED] - delay(2): Delayed 2 second(s)

2022-11-30 14:03:49 - [MESSAGE][PASSED] - Delayed 2 second(s)

2022-11-30 14:03:49 - [TEST_STEP][PASSED] - closeBrowser(): Browser is closed

2022-11-30 14:03:49 - [MESSAGE][PASSED] - Browser is closed]]></system-out>
         <system-err><![CDATA[]]></system-err>
      </testcase>
      <testcase name="Test Cases/Condicionales_If/Test_1" time="0.744" classname="Test Cases/Condicionales_If/Test_1" status="PASSED">
         <system-out><![CDATA[2022-11-30 14:03:49 - [TEST_CASE][PASSED] - Test Cases/Condicionales_If/Test_1: Test Cases/Condicionales_If/Test_1

2022-11-30 14:03:50 - [TEST_STEP][PASSED] - if (num == 10): null

2022-11-30 14:03:50 - [TEST_STEP][PASSED] - else: null

2022-11-30 14:03:50 - [TEST_STEP][PASSED] - print("El numero no es un 10 es el numero:  " + num + "#####"): null]]></system-out>
         <system-err><![CDATA[]]></system-err>
      </testcase>
      <testcase name="Test Cases/Condicionales_If/Test_2" time="0.578" classname="Test Cases/Condicionales_If/Test_2" status="PASSED">
         <system-out><![CDATA[2022-11-30 14:03:50 - [TEST_CASE][PASSED] - Test Cases/Condicionales_If/Test_2: Test Cases/Condicionales_If/Test_2

2022-11-30 14:03:51 - [TEST_STEP][PASSED] - if (num == 5): null

2022-11-30 14:03:51 - [TEST_STEP][PASSED] - if (num == 10): null

2022-11-30 14:03:51 - [TEST_STEP][PASSED] - println("El valor de la variables es un: 10"): null]]></system-out>
         <system-err><![CDATA[]]></system-err>
      </testcase>
      <testcase name="Test Cases/Condicionales_If/Test_3" time="0.538" classname="Test Cases/Condicionales_If/Test_3" status="PASSED">
         <system-out><![CDATA[2022-11-30 14:03:51 - [TEST_CASE][PASSED] - Test Cases/Condicionales_If/Test_3: Test Cases/Condicionales_If/Test_3

2022-11-30 14:03:51 - [TEST_STEP][PASSED] - if (nombre == "Juan"): null

2022-11-30 14:03:51 - [TEST_STEP][PASSED] - if (nombre == "JUan"): null

2022-11-30 14:03:51 - [TEST_STEP][PASSED] - if (nombre == "juan"): null

2022-11-30 14:03:51 - [TEST_STEP][PASSED] - println("Tu nombre es juan"): null]]></system-out>
         <system-err><![CDATA[]]></system-err>
      </testcase>
      <testcase name="Test Cases/Condicionales_If/Test_4" time="0.585" classname="Test Cases/Condicionales_If/Test_4" status="PASSED">
         <system-out><![CDATA[2022-11-30 14:03:51 - [TEST_CASE][PASSED] - Test Cases/Condicionales_If/Test_4: Test Cases/Condicionales_If/Test_4

2022-11-30 14:03:52 - [TEST_STEP][PASSED] - if (num <= 7): null

2022-11-30 14:03:52 - [TEST_STEP][PASSED] - println("El numero es menor ó igual que 5"): null

2022-11-30 14:03:52 - [TEST_STEP][PASSED] - if (num >= 8): null

2022-11-30 14:03:52 - [TEST_STEP][PASSED] - if (num != 5): null]]></system-out>
         <system-err><![CDATA[]]></system-err>
      </testcase>
      <testcase name="Test Cases/Condicionales_If/Test_edad" time="0.534" classname="Test Cases/Condicionales_If/Test_edad" status="PASSED">
         <system-out><![CDATA[2022-11-30 14:03:52 - [TEST_CASE][PASSED] - Test Cases/Condicionales_If/Test_edad: Test Cases/Condicionales_If/Test_edad

2022-11-30 14:03:52 - [TEST_STEP][PASSED] - if (edad >= 1 && edad <= 17): null

2022-11-30 14:03:52 - [TEST_STEP][PASSED] - else if (edad == 18): null

2022-11-30 14:03:52 - [TEST_STEP][PASSED] - else if (edad <= 0): null

2022-11-30 14:03:52 - [TEST_STEP][PASSED] - else if (edad == 120): null

2022-11-30 14:03:52 - [TEST_STEP][PASSED] - else: null

2022-11-30 14:03:52 - [TEST_STEP][PASSED] - print("No se cumple ninguna de las opciones"): null]]></system-out>
         <system-err><![CDATA[]]></system-err>
      </testcase>
      <testcase name="Test Cases/Condicionales_If/Test_valor" time="30.386" classname="Test Cases/Condicionales_If/Test_valor" status="PASSED">
         <system-out><![CDATA[2022-11-30 14:03:52 - [TEST_CASE][PASSED] - Test Cases/Condicionales_If/Test_valor: Test Cases/Condicionales_If/Test_valor

2022-11-30 14:03:53 - [TEST_STEP][PASSED] - openBrowser(""): Browser is opened with url: ''

2022-11-30 14:03:53 - [MESSAGE][INFO] - Starting 'Chrome' driver

2022-11-30 14:03:53 - [MESSAGE][INFO] - Action delay is set to 0 milliseconds

2022-11-30 14:03:55 - [MESSAGE][PASSED] - Browser is opened with url: ''

2022-11-30 14:03:55 - [TEST_STEP][PASSED] - navigateToUrl("https://demoqa.com/"): Navigate to 'https://demoqa.com/' successfully

2022-11-30 14:04:13 - [MESSAGE][PASSED] - Navigate to 'https://demoqa.com/' successfully

2022-11-30 14:04:13 - [TEST_STEP][PASSED] - maximizeWindow(): Current window maximized

2022-11-30 14:04:14 - [MESSAGE][PASSED] - Current window maximized

2022-11-30 14:04:14 - [TEST_STEP][PASSED] - waitForPageLoad(10): Wait for page load successfully

2022-11-30 14:04:14 - [MESSAGE][PASSED] - Wait for page load successfully

2022-11-30 14:04:14 - [TEST_STEP][PASSED] - Existe = waitForElementVisible(findTestObject("Condicionales/titulo1"), 5): Web element with id: 'Object Repository/Condicionales/titulo1' located by '//div[@class='main-header'][contains(.,'Radio Button')]' not found

2022-11-30 14:04:20 - [MESSAGE][INFO] - Unable to find the element located by 'By.xpath: //div[@class='main-header'][contains(.,'Radio Button')]'. Please recheck the objects properties to make sure the desired element is located. 

2022-11-30 14:04:20 - [MESSAGE][WARNING] - [SELF-HEALING] Failed to find element with id 'Object Repository/Condicionales/titulo1'. Try using Self-healing.

2022-11-30 14:04:21 - [MESSAGE][INFO] - [SELF-HEALING] No working XPath is found.

2022-11-30 14:04:22 - [MESSAGE][INFO] - Unable to find the element located by 'By.xpath: '. Please recheck the objects properties to make sure the desired element is located. 

2022-11-30 14:04:22 - [MESSAGE][WARNING] - [SELF-HEALING] Cannot find elements when the selector is null

2022-11-30 14:04:22 - [MESSAGE][WARNING] - Web element with id: 'Object Repository/Condicionales/titulo1' located by '//div[@class='main-header'][contains(.,'Radio Button')]' not found

2022-11-30 14:04:22 - [TEST_STEP][PASSED] - if (Existe == true): null

2022-11-30 14:04:22 - [TEST_STEP][PASSED] - else: Browser is closed

2022-11-30 14:04:22 - [TEST_STEP][PASSED] - print("No estas en la página correcta"): null

2022-11-30 14:04:22 - [TEST_STEP][PASSED] - closeBrowser(): Browser is closed

2022-11-30 14:04:23 - [MESSAGE][PASSED] - Browser is closed]]></system-out>
         <system-err><![CDATA[]]></system-err>
      </testcase>
      <testcase name="Test Cases/BUCLES/Reto_For" time="39.313" classname="Test Cases/BUCLES/Reto_For" status="PASSED">
         <system-out><![CDATA[2022-11-30 14:04:23 - [TEST_CASE][PASSED] - Test Cases/BUCLES/Reto_For: Test Cases/BUCLES/Reto_For

2022-11-30 14:04:24 - [TEST_STEP][PASSED] - openBrowser(""): Browser is opened with url: ''

2022-11-30 14:04:24 - [MESSAGE][INFO] - Starting 'Chrome' driver

2022-11-30 14:04:24 - [MESSAGE][INFO] - Action delay is set to 0 milliseconds

2022-11-30 14:04:25 - [MESSAGE][PASSED] - Browser is opened with url: ''

2022-11-30 14:04:25 - [TEST_STEP][PASSED] - navigateToUrl("https://demoqa.com/text-box"): Navigate to 'https://demoqa.com/text-box' successfully

2022-11-30 14:04:42 - [MESSAGE][PASSED] - Navigate to 'https://demoqa.com/text-box' successfully

2022-11-30 14:04:42 - [TEST_STEP][PASSED] - maximizeWindow(): Current window maximized

2022-11-30 14:04:42 - [MESSAGE][PASSED] - Current window maximized

2022-11-30 14:04:42 - [TEST_STEP][PASSED] - waitForPageLoad(5): Wait for page load successfully

2022-11-30 14:04:42 - [MESSAGE][PASSED] - Wait for page load successfully

2022-11-30 14:04:42 - [TEST_STEP][PASSED] - for ([x = 1, x <= 4, (x++)]): Browser is scrolled to position x = 0, y = 100

2022-11-30 14:04:42 - [TEST_STEP][PASSED] - z = ["Carlos", "Erika", "Paco", "Rodrigo", "Juan"]: null

2022-11-30 14:04:42 - [TEST_STEP][PASSED] - rn = new java.util.Random(): null

2022-11-30 14:04:42 - [TEST_STEP][PASSED] - tx_nombre = z[rn.nextInt(size)]: null

2022-11-30 14:04:42 - [TEST_STEP][PASSED] - setText(findTestObject("Object Repository/Reto_for/Page_ToolsQA/input_Full Name_userName"), tx_nombre): Text 'Juan' is set on object 'Object Repository/Reto_for/Page_ToolsQA/input_Full Name_userName'

2022-11-30 14:04:44 - [MESSAGE][PASSED] - Text 'Juan' is set on object 'Object Repository/Reto_for/Page_ToolsQA/input_Full Name_userName'

2022-11-30 14:04:44 - [TEST_STEP][PASSED] - setText(findTestObject("Object Repository/Reto_for/Page_ToolsQA/input_Email_userEmail"), tx_nombre + "@gmail.com"): Text 'Juan@gmail.com' is set on object 'Object Repository/Reto_for/Page_ToolsQA/input_Email_userEmail'

2022-11-30 14:04:45 - [MESSAGE][PASSED] - Text 'Juan@gmail.com' is set on object 'Object Repository/Reto_for/Page_ToolsQA/input_Email_userEmail'

2022-11-30 14:04:45 - [TEST_STEP][PASSED] - setText(findTestObject("Object Repository/Reto_for/Page_ToolsQA/textarea_Current Address_currentAddress"), "Dirección#" + x): Text 'Dirección#1' is set on object 'Object Repository/Reto_for/Page_ToolsQA/textarea_Current Address_currentAddress'

2022-11-30 14:04:46 - [MESSAGE][PASSED] - Text 'Dirección#1' is set on object 'Object Repository/Reto_for/Page_ToolsQA/textarea_Current Address_currentAddress'

2022-11-30 14:04:46 - [TEST_STEP][PASSED] - setText(findTestObject("Object Repository/Reto_for/Page_ToolsQA/textarea_Permanent Address_permanentAddress"), "Dirección dos#" + x): Text 'Dirección dos#1' is set on object 'Object Repository/Reto_for/Page_ToolsQA/textarea_Permanent Address_permanentAddress'

2022-11-30 14:04:47 - [MESSAGE][PASSED] - Text 'Dirección dos#1' is set on object 'Object Repository/Reto_for/Page_ToolsQA/textarea_Permanent Address_permanentAddress'

2022-11-30 14:04:47 - [TEST_STEP][PASSED] - scrollToPosition(0, 500): Browser is scrolled to position x = 0, y = 500

2022-11-30 14:04:47 - [MESSAGE][PASSED] - Browser is scrolled to position x = 0, y = 500

2022-11-30 14:04:47 - [TEST_STEP][PASSED] - click(findTestObject("Object Repository/Reto_for/Page_ToolsQA/button_Submit")): Object: 'Object Repository/Reto_for/Page_ToolsQA/button_Submit' is clicked on

2022-11-30 14:04:48 - [MESSAGE][PASSED] - Object: 'Object Repository/Reto_for/Page_ToolsQA/button_Submit' is clicked on

2022-11-30 14:04:48 - [TEST_STEP][PASSED] - scrollToPosition(0, 100): Browser is scrolled to position x = 0, y = 100

2022-11-30 14:04:48 - [MESSAGE][PASSED] - Browser is scrolled to position x = 0, y = 100

2022-11-30 14:04:48 - [TEST_STEP][PASSED] - z = ["Carlos", "Erika", "Paco", "Rodrigo", "Juan"]: null

2022-11-30 14:04:48 - [TEST_STEP][PASSED] - rn = new java.util.Random(): null

2022-11-30 14:04:48 - [TEST_STEP][PASSED] - tx_nombre = z[rn.nextInt(size)]: null

2022-11-30 14:04:48 - [TEST_STEP][PASSED] - setText(findTestObject("Object Repository/Reto_for/Page_ToolsQA/input_Full Name_userName"), tx_nombre): Text 'Paco' is set on object 'Object Repository/Reto_for/Page_ToolsQA/input_Full Name_userName'

2022-11-30 14:04:49 - [MESSAGE][PASSED] - Text 'Paco' is set on object 'Object Repository/Reto_for/Page_ToolsQA/input_Full Name_userName'

2022-11-30 14:04:49 - [TEST_STEP][PASSED] - setText(findTestObject("Object Repository/Reto_for/Page_ToolsQA/input_Email_userEmail"), tx_nombre + "@gmail.com"): Text 'Paco@gmail.com' is set on object 'Object Repository/Reto_for/Page_ToolsQA/input_Email_userEmail'

2022-11-30 14:04:50 - [MESSAGE][PASSED] - Text 'Paco@gmail.com' is set on object 'Object Repository/Reto_for/Page_ToolsQA/input_Email_userEmail'

2022-11-30 14:04:50 - [TEST_STEP][PASSED] - setText(findTestObject("Object Repository/Reto_for/Page_ToolsQA/textarea_Current Address_currentAddress"), "Dirección#" + x): Text 'Dirección#2' is set on object 'Object Repository/Reto_for/Page_ToolsQA/textarea_Current Address_currentAddress'

2022-11-30 14:04:51 - [MESSAGE][PASSED] - Text 'Dirección#2' is set on object 'Object Repository/Reto_for/Page_ToolsQA/textarea_Current Address_currentAddress'

2022-11-30 14:04:51 - [TEST_STEP][PASSED] - setText(findTestObject("Object Repository/Reto_for/Page_ToolsQA/textarea_Permanent Address_permanentAddress"), "Dirección dos#" + x): Text 'Dirección dos#2' is set on object 'Object Repository/Reto_for/Page_ToolsQA/textarea_Permanent Address_permanentAddress'

2022-11-30 14:04:52 - [MESSAGE][PASSED] - Text 'Dirección dos#2' is set on object 'Object Repository/Reto_for/Page_ToolsQA/textarea_Permanent Address_permanentAddress'

2022-11-30 14:04:52 - [TEST_STEP][PASSED] - scrollToPosition(0, 500): Browser is scrolled to position x = 0, y = 500

2022-11-30 14:04:52 - [MESSAGE][PASSED] - Browser is scrolled to position x = 0, y = 500

2022-11-30 14:04:52 - [TEST_STEP][PASSED] - click(findTestObject("Object Repository/Reto_for/Page_ToolsQA/button_Submit")): Object: 'Object Repository/Reto_for/Page_ToolsQA/button_Submit' is clicked on

2022-11-30 14:04:53 - [MESSAGE][PASSED] - Object: 'Object Repository/Reto_for/Page_ToolsQA/button_Submit' is clicked on

2022-11-30 14:04:53 - [TEST_STEP][PASSED] - scrollToPosition(0, 100): Browser is scrolled to position x = 0, y = 100

2022-11-30 14:04:53 - [MESSAGE][PASSED] - Browser is scrolled to position x = 0, y = 100

2022-11-30 14:04:53 - [TEST_STEP][PASSED] - z = ["Carlos", "Erika", "Paco", "Rodrigo", "Juan"]: null

2022-11-30 14:04:53 - [TEST_STEP][PASSED] - rn = new java.util.Random(): null

2022-11-30 14:04:53 - [TEST_STEP][PASSED] - tx_nombre = z[rn.nextInt(size)]: null

2022-11-30 14:04:53 - [TEST_STEP][PASSED] - setText(findTestObject("Object Repository/Reto_for/Page_ToolsQA/input_Full Name_userName"), tx_nombre): Text 'Paco' is set on object 'Object Repository/Reto_for/Page_ToolsQA/input_Full Name_userName'

2022-11-30 14:04:54 - [MESSAGE][PASSED] - Text 'Paco' is set on object 'Object Repository/Reto_for/Page_ToolsQA/input_Full Name_userName'

2022-11-30 14:04:54 - [TEST_STEP][PASSED] - setText(findTestObject("Object Repository/Reto_for/Page_ToolsQA/input_Email_userEmail"), tx_nombre + "@gmail.com"): Text 'Paco@gmail.com' is set on object 'Object Repository/Reto_for/Page_ToolsQA/input_Email_userEmail'

2022-11-30 14:04:54 - [MESSAGE][PASSED] - Text 'Paco@gmail.com' is set on object 'Object Repository/Reto_for/Page_ToolsQA/input_Email_userEmail'

2022-11-30 14:04:54 - [TEST_STEP][PASSED] - setText(findTestObject("Object Repository/Reto_for/Page_ToolsQA/textarea_Current Address_currentAddress"), "Dirección#" + x): Text 'Dirección#3' is set on object 'Object Repository/Reto_for/Page_ToolsQA/textarea_Current Address_currentAddress'

2022-11-30 14:04:55 - [MESSAGE][PASSED] - Text 'Dirección#3' is set on object 'Object Repository/Reto_for/Page_ToolsQA/textarea_Current Address_currentAddress'

2022-11-30 14:04:55 - [TEST_STEP][PASSED] - setText(findTestObject("Object Repository/Reto_for/Page_ToolsQA/textarea_Permanent Address_permanentAddress"), "Dirección dos#" + x): Text 'Dirección dos#3' is set on object 'Object Repository/Reto_for/Page_ToolsQA/textarea_Permanent Address_permanentAddress'

2022-11-30 14:04:56 - [MESSAGE][PASSED] - Text 'Dirección dos#3' is set on object 'Object Repository/Reto_for/Page_ToolsQA/textarea_Permanent Address_permanentAddress'

2022-11-30 14:04:56 - [TEST_STEP][PASSED] - scrollToPosition(0, 500): Browser is scrolled to position x = 0, y = 500

2022-11-30 14:04:56 - [MESSAGE][PASSED] - Browser is scrolled to position x = 0, y = 500

2022-11-30 14:04:56 - [TEST_STEP][PASSED] - click(findTestObject("Object Repository/Reto_for/Page_ToolsQA/button_Submit")): Object: 'Object Repository/Reto_for/Page_ToolsQA/button_Submit' is clicked on

2022-11-30 14:04:57 - [MESSAGE][PASSED] - Object: 'Object Repository/Reto_for/Page_ToolsQA/button_Submit' is clicked on

2022-11-30 14:04:57 - [TEST_STEP][PASSED] - scrollToPosition(0, 100): Browser is scrolled to position x = 0, y = 100

2022-11-30 14:04:57 - [MESSAGE][PASSED] - Browser is scrolled to position x = 0, y = 100

2022-11-30 14:04:57 - [TEST_STEP][PASSED] - z = ["Carlos", "Erika", "Paco", "Rodrigo", "Juan"]: null

2022-11-30 14:04:57 - [TEST_STEP][PASSED] - rn = new java.util.Random(): null

2022-11-30 14:04:57 - [TEST_STEP][PASSED] - tx_nombre = z[rn.nextInt(size)]: null

2022-11-30 14:04:57 - [TEST_STEP][PASSED] - setText(findTestObject("Object Repository/Reto_for/Page_ToolsQA/input_Full Name_userName"), tx_nombre): Text 'Juan' is set on object 'Object Repository/Reto_for/Page_ToolsQA/input_Full Name_userName'

2022-11-30 14:04:58 - [MESSAGE][PASSED] - Text 'Juan' is set on object 'Object Repository/Reto_for/Page_ToolsQA/input_Full Name_userName'

2022-11-30 14:04:58 - [TEST_STEP][PASSED] - setText(findTestObject("Object Repository/Reto_for/Page_ToolsQA/input_Email_userEmail"), tx_nombre + "@gmail.com"): Text 'Juan@gmail.com' is set on object 'Object Repository/Reto_for/Page_ToolsQA/input_Email_userEmail'

2022-11-30 14:04:59 - [MESSAGE][PASSED] - Text 'Juan@gmail.com' is set on object 'Object Repository/Reto_for/Page_ToolsQA/input_Email_userEmail'

2022-11-30 14:04:59 - [TEST_STEP][PASSED] - setText(findTestObject("Object Repository/Reto_for/Page_ToolsQA/textarea_Current Address_currentAddress"), "Dirección#" + x): Text 'Dirección#4' is set on object 'Object Repository/Reto_for/Page_ToolsQA/textarea_Current Address_currentAddress'

2022-11-30 14:05:00 - [MESSAGE][PASSED] - Text 'Dirección#4' is set on object 'Object Repository/Reto_for/Page_ToolsQA/textarea_Current Address_currentAddress'

2022-11-30 14:05:00 - [TEST_STEP][PASSED] - setText(findTestObject("Object Repository/Reto_for/Page_ToolsQA/textarea_Permanent Address_permanentAddress"), "Dirección dos#" + x): Text 'Dirección dos#4' is set on object 'Object Repository/Reto_for/Page_ToolsQA/textarea_Permanent Address_permanentAddress'

2022-11-30 14:05:01 - [MESSAGE][PASSED] - Text 'Dirección dos#4' is set on object 'Object Repository/Reto_for/Page_ToolsQA/textarea_Permanent Address_permanentAddress'

2022-11-30 14:05:01 - [TEST_STEP][PASSED] - scrollToPosition(0, 500): Browser is scrolled to position x = 0, y = 500

2022-11-30 14:05:01 - [MESSAGE][PASSED] - Browser is scrolled to position x = 0, y = 500

2022-11-30 14:05:01 - [TEST_STEP][PASSED] - click(findTestObject("Object Repository/Reto_for/Page_ToolsQA/button_Submit")): Object: 'Object Repository/Reto_for/Page_ToolsQA/button_Submit' is clicked on

2022-11-30 14:05:01 - [MESSAGE][PASSED] - Object: 'Object Repository/Reto_for/Page_ToolsQA/button_Submit' is clicked on

2022-11-30 14:05:01 - [TEST_STEP][PASSED] - scrollToPosition(0, 100): Browser is scrolled to position x = 0, y = 100

2022-11-30 14:05:01 - [MESSAGE][PASSED] - Browser is scrolled to position x = 0, y = 100

2022-11-30 14:05:01 - [TEST_STEP][PASSED] - closeBrowser(): Browser is closed

2022-11-30 14:05:02 - [MESSAGE][PASSED] - Browser is closed]]></system-out>
         <system-err><![CDATA[]]></system-err>
      </testcase>
      <testcase name="Test Cases/BUCLES/Reto_while" time="14.366" classname="Test Cases/BUCLES/Reto_while" status="PASSED">
         <system-out><![CDATA[2022-11-30 14:05:02 - [TEST_CASE][PASSED] - Test Cases/BUCLES/Reto_while: Test Cases/BUCLES/Reto_while

2022-11-30 14:05:03 - [TEST_STEP][PASSED] - openBrowser(""): Browser is opened with url: ''

2022-11-30 14:05:03 - [MESSAGE][INFO] - Starting 'Chrome' driver

2022-11-30 14:05:03 - [MESSAGE][INFO] - Action delay is set to 0 milliseconds

2022-11-30 14:05:04 - [MESSAGE][PASSED] - Browser is opened with url: ''

2022-11-30 14:05:04 - [TEST_STEP][PASSED] - navigateToUrl("https://www.google.com/"): Navigate to 'https://www.google.com/' successfully

2022-11-30 14:05:08 - [MESSAGE][PASSED] - Navigate to 'https://www.google.com/' successfully

2022-11-30 14:05:08 - [TEST_STEP][PASSED] - Bandera = 0: null

2022-11-30 14:05:08 - [TEST_STEP][PASSED] - while (Bandera != 1): null

2022-11-30 14:05:08 - [TEST_STEP][PASSED] - num = Math.random() * 5 - 1 + 1: null

2022-11-30 14:05:08 - [TEST_STEP][PASSED] - setText(findTestObject("Object Repository/While_google/Page_Google/input__q"), "5+" + num): Text '5+3' is set on object 'Object Repository/While_google/Page_Google/input__q'

2022-11-30 14:05:09 - [MESSAGE][PASSED] - Text '5+3' is set on object 'Object Repository/While_google/Page_Google/input__q'

2022-11-30 14:05:09 - [TEST_STEP][PASSED] - sendKeys(findTestObject("Object Repository/While_google/Page_Google/input__q"), Keys.chord(ENTER)): Keys 'ENTER + ' sent to object: 'Object Repository/While_google/Page_Google/input__q'

2022-11-30 14:05:15 - [MESSAGE][PASSED] - Keys 'ENTER + ' sent to object: 'Object Repository/While_google/Page_Google/input__q'

2022-11-30 14:05:15 - [TEST_STEP][PASSED] - Resultado = getText(findTestObject("While_google/Extras/Resultado_10")): Text of object 'Object Repository/While_google/Extras/Resultado_10' is: '8'

2022-11-30 14:05:16 - [MESSAGE][PASSED] - Text of object 'Object Repository/While_google/Extras/Resultado_10' is: '8'

2022-11-30 14:05:16 - [TEST_STEP][PASSED] - if (Resultado == "8"): Browser is closed

2022-11-30 14:05:16 - [TEST_STEP][PASSED] - Bandera = 1: null

2022-11-30 14:05:16 - [TEST_STEP][PASSED] - print("Listo termina"): null

2022-11-30 14:05:16 - [TEST_STEP][PASSED] - closeBrowser(): Browser is closed

2022-11-30 14:05:17 - [MESSAGE][PASSED] - Browser is closed

2022-11-30 14:05:17 - [TEST_STEP][PASSED] - print(Bandera + "------"): null]]></system-out>
         <system-err><![CDATA[]]></system-err>
      </testcase>
      <testcase name="Test Cases/BUCLES/Reto_while_solucion" time="38.413" classname="Test Cases/BUCLES/Reto_while_solucion" status="PASSED">
         <system-out><![CDATA[2022-11-30 14:05:17 - [TEST_CASE][PASSED] - Test Cases/BUCLES/Reto_while_solucion: Test Cases/BUCLES/Reto_while_solucion

2022-11-30 14:05:17 - [TEST_STEP][PASSED] - openBrowser(""): Browser is opened with url: ''

2022-11-30 14:05:17 - [MESSAGE][INFO] - Starting 'Chrome' driver

2022-11-30 14:05:17 - [MESSAGE][INFO] - Action delay is set to 0 milliseconds

2022-11-30 14:05:19 - [MESSAGE][PASSED] - Browser is opened with url: ''

2022-11-30 14:05:19 - [TEST_STEP][PASSED] - navigateToUrl("https://www.google.com/"): Navigate to 'https://www.google.com/' successfully

2022-11-30 14:05:22 - [MESSAGE][PASSED] - Navigate to 'https://www.google.com/' successfully

2022-11-30 14:05:22 - [TEST_STEP][PASSED] - Res = 0: null

2022-11-30 14:05:22 - [TEST_STEP][PASSED] - while (Res != 8): Browser is closed

2022-11-30 14:05:22 - [TEST_STEP][PASSED] - num = Math.random() * 5 - 1 + 1: null

2022-11-30 14:05:22 - [TEST_STEP][PASSED] - setText(findTestObject("Object Repository/Reto_while1/Page_Google/input__q"), "5+" + num): Text '5+1' is set on object 'Object Repository/Reto_while1/Page_Google/input__q'

2022-11-30 14:05:23 - [MESSAGE][PASSED] - Text '5+1' is set on object 'Object Repository/Reto_while1/Page_Google/input__q'

2022-11-30 14:05:23 - [TEST_STEP][PASSED] - sendKeys(findTestObject("Object Repository/Reto_while1/Page_Google/input__q"), Keys.chord(ENTER)): Keys 'ENTER + ' sent to object: 'Object Repository/Reto_while1/Page_Google/input__q'

2022-11-30 14:05:35 - [MESSAGE][PASSED] - Keys 'ENTER + ' sent to object: 'Object Repository/Reto_while1/Page_Google/input__q'

2022-11-30 14:05:35 - [TEST_STEP][PASSED] - Res = getText(findTestObject("Reto_while1/Resultado_8")).toInteger(): Text of object 'Object Repository/Reto_while1/Resultado_8' is: '6'

2022-11-30 14:05:35 - [MESSAGE][PASSED] - Text of object 'Object Repository/Reto_while1/Resultado_8' is: '6'

2022-11-30 14:05:35 - [TEST_STEP][PASSED] - if (Res == 8): null

2022-11-30 14:05:35 - [TEST_STEP][PASSED] - num = Math.random() * 5 - 1 + 1: null

2022-11-30 14:05:35 - [TEST_STEP][PASSED] - setText(findTestObject("Object Repository/Reto_while1/Page_Google/input__q"), "5+" + num): Text '5+4' is set on object 'Object Repository/Reto_while1/Page_Google/input__q'

2022-11-30 14:05:36 - [MESSAGE][PASSED] - Text '5+4' is set on object 'Object Repository/Reto_while1/Page_Google/input__q'

2022-11-30 14:05:36 - [TEST_STEP][PASSED] - sendKeys(findTestObject("Object Repository/Reto_while1/Page_Google/input__q"), Keys.chord(ENTER)): Keys 'ENTER + ' sent to object: 'Object Repository/Reto_while1/Page_Google/input__q'

2022-11-30 14:05:43 - [MESSAGE][PASSED] - Keys 'ENTER + ' sent to object: 'Object Repository/Reto_while1/Page_Google/input__q'

2022-11-30 14:05:43 - [TEST_STEP][PASSED] - Res = getText(findTestObject("Reto_while1/Resultado_8")).toInteger(): Text of object 'Object Repository/Reto_while1/Resultado_8' is: '9'

2022-11-30 14:05:44 - [MESSAGE][PASSED] - Text of object 'Object Repository/Reto_while1/Resultado_8' is: '9'

2022-11-30 14:05:44 - [TEST_STEP][PASSED] - if (Res == 8): null

2022-11-30 14:05:44 - [TEST_STEP][PASSED] - num = Math.random() * 5 - 1 + 1: null

2022-11-30 14:05:44 - [TEST_STEP][PASSED] - setText(findTestObject("Object Repository/Reto_while1/Page_Google/input__q"), "5+" + num): Text '5+3' is set on object 'Object Repository/Reto_while1/Page_Google/input__q'

2022-11-30 14:05:45 - [MESSAGE][PASSED] - Text '5+3' is set on object 'Object Repository/Reto_while1/Page_Google/input__q'

2022-11-30 14:05:45 - [TEST_STEP][PASSED] - sendKeys(findTestObject("Object Repository/Reto_while1/Page_Google/input__q"), Keys.chord(ENTER)): Keys 'ENTER + ' sent to object: 'Object Repository/Reto_while1/Page_Google/input__q'

2022-11-30 14:05:54 - [MESSAGE][PASSED] - Keys 'ENTER + ' sent to object: 'Object Repository/Reto_while1/Page_Google/input__q'

2022-11-30 14:05:54 - [TEST_STEP][PASSED] - Res = getText(findTestObject("Reto_while1/Resultado_8")).toInteger(): Text of object 'Object Repository/Reto_while1/Resultado_8' is: '8'

2022-11-30 14:05:54 - [MESSAGE][PASSED] - Text of object 'Object Repository/Reto_while1/Resultado_8' is: '8'

2022-11-30 14:05:54 - [TEST_STEP][PASSED] - if (Res == 8): Browser is closed

2022-11-30 14:05:54 - [TEST_STEP][PASSED] - closeBrowser(): Browser is closed

2022-11-30 14:05:55 - [MESSAGE][PASSED] - Browser is closed]]></system-out>
         <system-err><![CDATA[]]></system-err>
      </testcase>
      <testcase name="Test Cases/BUCLES/Test_1" time="61.419" classname="Test Cases/BUCLES/Test_1" status="PASSED">
         <system-out><![CDATA[2022-11-30 14:05:55 - [TEST_CASE][PASSED] - Test Cases/BUCLES/Test_1: Test Cases/BUCLES/Test_1

2022-11-30 14:05:56 - [TEST_STEP][PASSED] - openBrowser(""): Browser is opened with url: ''

2022-11-30 14:05:56 - [MESSAGE][INFO] - Starting 'Chrome' driver

2022-11-30 14:05:56 - [MESSAGE][INFO] - Action delay is set to 0 milliseconds

2022-11-30 14:05:57 - [MESSAGE][PASSED] - Browser is opened with url: ''

2022-11-30 14:05:57 - [TEST_STEP][PASSED] - navigateToUrl("https://demoqa.com/text-box"): Navigate to 'https://demoqa.com/text-box' successfully

2022-11-30 14:06:17 - [MESSAGE][PASSED] - Navigate to 'https://demoqa.com/text-box' successfully

2022-11-30 14:06:17 - [TEST_STEP][PASSED] - for ([x = 1, x <= 2, (x++)]): null

2022-11-30 14:06:17 - [TEST_STEP][PASSED] - openBrowser(""): Browser is opened with url: ''

2022-11-30 14:06:17 - [MESSAGE][WARNING] - A browser is already opened. Closing browser and opening a new one

2022-11-30 14:06:18 - [MESSAGE][INFO] - Starting 'Chrome' driver

2022-11-30 14:06:18 - [MESSAGE][INFO] - Action delay is set to 0 milliseconds

2022-11-30 14:06:20 - [MESSAGE][PASSED] - Browser is opened with url: ''

2022-11-30 14:06:20 - [TEST_STEP][PASSED] - navigateToUrl("https://demoqa.com/text-box"): Navigate to 'https://demoqa.com/text-box' successfully

2022-11-30 14:06:35 - [MESSAGE][PASSED] - Navigate to 'https://demoqa.com/text-box' successfully

2022-11-30 14:06:35 - [TEST_STEP][PASSED] - RN = Math.random() * 10 - 1 + 1: null

2022-11-30 14:06:35 - [TEST_STEP][PASSED] - print("Numero : " + RN + "----"): null

2022-11-30 14:06:35 - [TEST_STEP][PASSED] - z = ["Demo1", "Demo2", "Demo3", "Demo4", "Demo5"]: null

2022-11-30 14:06:35 - [TEST_STEP][PASSED] - rnd = new java.util.Random(): null

2022-11-30 14:06:35 - [TEST_STEP][PASSED] - texto = z[rnd.nextInt(size)]: null

2022-11-30 14:06:35 - [TEST_STEP][PASSED] - print(texto): null

2022-11-30 14:06:35 - [TEST_STEP][PASSED] - openBrowser(""): Browser is opened with url: ''

2022-11-30 14:06:35 - [MESSAGE][WARNING] - A browser is already opened. Closing browser and opening a new one

2022-11-30 14:06:36 - [MESSAGE][INFO] - Starting 'Chrome' driver

2022-11-30 14:06:36 - [MESSAGE][INFO] - Action delay is set to 0 milliseconds

2022-11-30 14:06:37 - [MESSAGE][PASSED] - Browser is opened with url: ''

2022-11-30 14:06:37 - [TEST_STEP][PASSED] - navigateToUrl("https://demoqa.com/text-box"): Navigate to 'https://demoqa.com/text-box' successfully

2022-11-30 14:06:56 - [MESSAGE][PASSED] - Navigate to 'https://demoqa.com/text-box' successfully

2022-11-30 14:06:56 - [TEST_STEP][PASSED] - RN = Math.random() * 10 - 1 + 1: null

2022-11-30 14:06:56 - [TEST_STEP][PASSED] - print("Numero : " + RN + "----"): null

2022-11-30 14:06:56 - [TEST_STEP][PASSED] - z = ["Demo1", "Demo2", "Demo3", "Demo4", "Demo5"]: null

2022-11-30 14:06:56 - [TEST_STEP][PASSED] - rnd = new java.util.Random(): null

2022-11-30 14:06:56 - [TEST_STEP][PASSED] - texto = z[rnd.nextInt(size)]: null

2022-11-30 14:06:56 - [TEST_STEP][PASSED] - print(texto): null

2022-11-30 14:06:56 - [TEST_STEP][PASSED] - closeBrowser(): Browser is closed

2022-11-30 14:06:56 - [MESSAGE][PASSED] - Browser is closed]]></system-out>
         <system-err><![CDATA[]]></system-err>
      </testcase>
      <testcase name="Test Cases/BUCLES/Test_2" time="26.129" classname="Test Cases/BUCLES/Test_2" status="PASSED">
         <system-out><![CDATA[2022-11-30 14:06:56 - [TEST_CASE][PASSED] - Test Cases/BUCLES/Test_2: Test Cases/BUCLES/Test_2

2022-11-30 14:06:57 - [TEST_STEP][PASSED] - openBrowser(""): Browser is opened with url: ''

2022-11-30 14:06:57 - [MESSAGE][INFO] - Starting 'Chrome' driver

2022-11-30 14:06:57 - [MESSAGE][INFO] - Action delay is set to 0 milliseconds

2022-11-30 14:06:59 - [MESSAGE][PASSED] - Browser is opened with url: ''

2022-11-30 14:06:59 - [TEST_STEP][PASSED] - navigateToUrl("https://demoqa.com/text-box"): Navigate to 'https://demoqa.com/text-box' successfully

2022-11-30 14:07:22 - [MESSAGE][PASSED] - Navigate to 'https://demoqa.com/text-box' successfully

2022-11-30 14:07:22 - [TEST_STEP][PASSED] - for ([x = 1, x <= 10, x = x + 2]): null

2022-11-30 14:07:22 - [TEST_STEP][PASSED] - print(" hola mundo " + x + "-------"): null

2022-11-30 14:07:22 - [TEST_STEP][PASSED] - print(" hola mundo " + x + "-------"): null

2022-11-30 14:07:22 - [TEST_STEP][PASSED] - print(" hola mundo " + x + "-------"): null

2022-11-30 14:07:22 - [TEST_STEP][PASSED] - print(" hola mundo " + x + "-------"): null

2022-11-30 14:07:22 - [TEST_STEP][PASSED] - print(" hola mundo " + x + "-------"): null

2022-11-30 14:07:22 - [TEST_STEP][PASSED] - closeBrowser(): Browser is closed

2022-11-30 14:07:23 - [MESSAGE][PASSED] - Browser is closed]]></system-out>
         <system-err><![CDATA[]]></system-err>
      </testcase>
      <testcase name="Test Cases/BUCLES/Test_while" time="17.936" classname="Test Cases/BUCLES/Test_while" status="PASSED">
         <system-out><![CDATA[2022-11-30 14:07:23 - [TEST_CASE][PASSED] - Test Cases/BUCLES/Test_while: Test Cases/BUCLES/Test_while

2022-11-30 14:07:23 - [TEST_STEP][PASSED] - openBrowser(""): Browser is opened with url: ''

2022-11-30 14:07:23 - [MESSAGE][INFO] - Starting 'Chrome' driver

2022-11-30 14:07:23 - [MESSAGE][INFO] - Action delay is set to 0 milliseconds

2022-11-30 14:07:25 - [MESSAGE][PASSED] - Browser is opened with url: ''

2022-11-30 14:07:25 - [TEST_STEP][PASSED] - navigateToUrl("https://demoqa.com/text-box"): Navigate to 'https://demoqa.com/text-box' successfully

2022-11-30 14:07:40 - [MESSAGE][PASSED] - Navigate to 'https://demoqa.com/text-box' successfully

2022-11-30 14:07:40 - [TEST_STEP][PASSED] - maximizeWindow(): Current window maximized

2022-11-30 14:07:40 - [MESSAGE][PASSED] - Current window maximized

2022-11-30 14:07:40 - [TEST_STEP][PASSED] - waitForPageLoad(5): Wait for page load successfully

2022-11-30 14:07:40 - [MESSAGE][PASSED] - Wait for page load successfully

2022-11-30 14:07:40 - [TEST_STEP][PASSED] - x = 1: null

2022-11-30 14:07:40 - [TEST_STEP][PASSED] - while (x <= 3): null

2022-11-30 14:07:40 - [TEST_STEP][PASSED] - print("Hola " + x + "----------"): null

2022-11-30 14:07:40 - [TEST_STEP][PASSED] - (x++): null

2022-11-30 14:07:40 - [TEST_STEP][PASSED] - print("Hola " + x + "----------"): null

2022-11-30 14:07:40 - [TEST_STEP][PASSED] - (x++): null

2022-11-30 14:07:40 - [TEST_STEP][PASSED] - print("Hola " + x + "----------"): null

2022-11-30 14:07:40 - [TEST_STEP][PASSED] - (x++): null

2022-11-30 14:07:40 - [TEST_STEP][PASSED] - closeBrowser(): Browser is closed

2022-11-30 14:07:41 - [MESSAGE][PASSED] - Browser is closed]]></system-out>
         <system-err><![CDATA[]]></system-err>
      </testcase>
      <testcase name="Test Cases/BUCLES/Test_while2" time="17.669" classname="Test Cases/BUCLES/Test_while2" status="PASSED">
         <system-out><![CDATA[2022-11-30 14:07:41 - [TEST_CASE][PASSED] - Test Cases/BUCLES/Test_while2: Test Cases/BUCLES/Test_while2

2022-11-30 14:07:41 - [TEST_STEP][PASSED] - openBrowser(""): Browser is opened with url: ''

2022-11-30 14:07:41 - [MESSAGE][INFO] - Starting 'Chrome' driver

2022-11-30 14:07:41 - [MESSAGE][INFO] - Action delay is set to 0 milliseconds

2022-11-30 14:07:43 - [MESSAGE][PASSED] - Browser is opened with url: ''

2022-11-30 14:07:43 - [TEST_STEP][PASSED] - navigateToUrl("https://demoqa.com/text-box"): Navigate to 'https://demoqa.com/text-box' successfully

2022-11-30 14:07:57 - [MESSAGE][PASSED] - Navigate to 'https://demoqa.com/text-box' successfully

2022-11-30 14:07:57 - [TEST_STEP][PASSED] - maximizeWindow(): Current window maximized

2022-11-30 14:07:57 - [MESSAGE][PASSED] - Current window maximized

2022-11-30 14:07:57 - [TEST_STEP][PASSED] - waitForPageLoad(5): Wait for page load successfully

2022-11-30 14:07:57 - [MESSAGE][PASSED] - Wait for page load successfully

2022-11-30 14:07:57 - [TEST_STEP][PASSED] - x = 1: null

2022-11-30 14:07:57 - [TEST_STEP][PASSED] - while (x <= 5): null

2022-11-30 14:07:57 - [TEST_STEP][PASSED] - print("Valor de X" + x + "------>"): null

2022-11-30 14:07:57 - [TEST_STEP][PASSED] - (x++): null

2022-11-30 14:07:57 - [TEST_STEP][PASSED] - print("Valor de X" + x + "------>"): null

2022-11-30 14:07:57 - [TEST_STEP][PASSED] - (x++): null

2022-11-30 14:07:57 - [TEST_STEP][PASSED] - print("Valor de X" + x + "------>"): null

2022-11-30 14:07:57 - [TEST_STEP][PASSED] - (x++): null

2022-11-30 14:07:57 - [TEST_STEP][PASSED] - print("Valor de X" + x + "------>"): null

2022-11-30 14:07:57 - [TEST_STEP][PASSED] - (x++): null

2022-11-30 14:07:57 - [TEST_STEP][PASSED] - print("Valor de X" + x + "------>"): null

2022-11-30 14:07:57 - [TEST_STEP][PASSED] - (x++): null

2022-11-30 14:07:57 - [TEST_STEP][PASSED] - closeBrowser(): Browser is closed

2022-11-30 14:07:58 - [MESSAGE][PASSED] - Browser is closed]]></system-out>
         <system-err><![CDATA[]]></system-err>
      </testcase>
      <testcase name="Test Cases/Drive_excel/Drive_excel" time="25.545" classname="Test Cases/Drive_excel/Drive_excel" status="PASSED">
         <system-out><![CDATA[2022-11-30 14:07:58 - [TEST_CASE][PASSED] - Test Cases/Drive_excel/Drive_excel: Test Cases/Drive_excel/Drive_excel

2022-11-30 14:07:59 - [TEST_STEP][PASSED] - openBrowser(""): Browser is opened with url: ''

2022-11-30 14:07:59 - [MESSAGE][INFO] - Starting 'Chrome' driver

2022-11-30 14:07:59 - [MESSAGE][INFO] - Action delay is set to 0 milliseconds

2022-11-30 14:08:00 - [MESSAGE][PASSED] - Browser is opened with url: ''

2022-11-30 14:08:00 - [TEST_STEP][PASSED] - navigateToUrl("https://demoqa.com/automation-practice-form"): Navigate to 'https://demoqa.com/automation-practice-form' successfully

2022-11-30 14:08:17 - [MESSAGE][PASSED] - Navigate to 'https://demoqa.com/automation-practice-form' successfully

2022-11-30 14:08:17 - [TEST_STEP][PASSED] - waitForPageLoad(40): Wait for page load successfully

2022-11-30 14:08:17 - [MESSAGE][PASSED] - Wait for page load successfully

2022-11-30 14:08:17 - [TEST_STEP][PASSED] - maximizeWindow(): Current window maximized

2022-11-30 14:08:17 - [MESSAGE][PASSED] - Current window maximized

2022-11-30 14:08:17 - [TEST_STEP][PASSED] - setText(findTestObject("Object Repository/Drive_excel/Page_ToolsQA/input_Name_firstName"), nombre): Text '' is set on object 'Object Repository/Drive_excel/Page_ToolsQA/input_Name_firstName'

2022-11-30 14:08:19 - [MESSAGE][PASSED] - Text '' is set on object 'Object Repository/Drive_excel/Page_ToolsQA/input_Name_firstName'

2022-11-30 14:08:19 - [TEST_STEP][PASSED] - setText(findTestObject("Object Repository/Drive_excel/Page_ToolsQA/input_Name_lastName"), apellido): Text '' is set on object 'Object Repository/Drive_excel/Page_ToolsQA/input_Name_lastName'

2022-11-30 14:08:20 - [MESSAGE][PASSED] - Text '' is set on object 'Object Repository/Drive_excel/Page_ToolsQA/input_Name_lastName'

2022-11-30 14:08:20 - [TEST_STEP][PASSED] - setText(findTestObject("Object Repository/Drive_excel/Page_ToolsQA/input_Email_userEmail"), email): Text '' is set on object 'Object Repository/Drive_excel/Page_ToolsQA/input_Email_userEmail'

2022-11-30 14:08:21 - [MESSAGE][PASSED] - Text '' is set on object 'Object Repository/Drive_excel/Page_ToolsQA/input_Email_userEmail'

2022-11-30 14:08:21 - [TEST_STEP][PASSED] - delay(2): Delayed 2 second(s)

2022-11-30 14:08:23 - [MESSAGE][PASSED] - Delayed 2 second(s)

2022-11-30 14:08:23 - [TEST_STEP][PASSED] - closeBrowser(): Browser is closed

2022-11-30 14:08:24 - [MESSAGE][PASSED] - Browser is closed]]></system-out>
         <system-err><![CDATA[]]></system-err>
      </testcase>
      <testcase name="Test Cases/Navegador/Navegador" time="17.264" classname="Test Cases/Navegador/Navegador" status="PASSED">
         <system-out><![CDATA[2022-11-30 14:08:24 - [TEST_CASE][PASSED] - Test Cases/Navegador/Navegador: Test Cases/Navegador/Navegador

2022-11-30 14:08:24 - [TEST_STEP][PASSED] - openBrowser("https://demoqa.com/text-box"): Browser is opened with url: 'https://demoqa.com/text-box'

2022-11-30 14:08:24 - [MESSAGE][INFO] - Starting 'Chrome' driver

2022-11-30 14:08:24 - [MESSAGE][INFO] - Action delay is set to 0 milliseconds

2022-11-30 14:08:40 - [MESSAGE][PASSED] - Browser is opened with url: 'https://demoqa.com/text-box'

2022-11-30 14:08:40 - [TEST_STEP][PASSED] - maximizeWindow(): Current window maximized

2022-11-30 14:08:40 - [MESSAGE][PASSED] - Current window maximized

2022-11-30 14:08:40 - [TEST_STEP][PASSED] - page_url = getUrl(): Current window's url is: 'https://demoqa.com/text-box'

2022-11-30 14:08:40 - [MESSAGE][PASSED] - Current window's url is: 'https://demoqa.com/text-box'

2022-11-30 14:08:40 - [TEST_STEP][PASSED] - print(page_url): null

2022-11-30 14:08:40 - [TEST_STEP][PASSED] - Titulo = getWindowTitle(): Current window's title is: 'ToolsQA'

2022-11-30 14:08:40 - [MESSAGE][PASSED] - Current window's title is: 'ToolsQA'

2022-11-30 14:08:40 - [TEST_STEP][PASSED] - print("titiulo de la pagina" + Titulo): null

2022-11-30 14:08:40 - [TEST_STEP][PASSED] - closeBrowser(): Browser is closed

2022-11-30 14:08:41 - [MESSAGE][PASSED] - Browser is closed]]></system-out>
         <system-err><![CDATA[]]></system-err>
      </testcase>
      <testcase name="Test Cases/Objecto_xpath/Caso_xpath" time="22.882" classname="Test Cases/Objecto_xpath/Caso_xpath" status="PASSED">
         <system-out><![CDATA[2022-11-30 14:08:41 - [TEST_CASE][PASSED] - Test Cases/Objecto_xpath/Caso_xpath: Test Cases/Objecto_xpath/Caso_xpath

2022-11-30 14:08:41 - [TEST_STEP][PASSED] - openBrowser(""): Browser is opened with url: ''

2022-11-30 14:08:41 - [MESSAGE][INFO] - Starting 'Chrome' driver

2022-11-30 14:08:41 - [MESSAGE][INFO] - Action delay is set to 0 milliseconds

2022-11-30 14:08:43 - [MESSAGE][PASSED] - Browser is opened with url: ''

2022-11-30 14:08:43 - [TEST_STEP][PASSED] - navigateToUrl("https://demoqa.com/text-box"): Navigate to 'https://demoqa.com/text-box' successfully

2022-11-30 14:08:58 - [MESSAGE][PASSED] - Navigate to 'https://demoqa.com/text-box' successfully

2022-11-30 14:08:58 - [TEST_STEP][PASSED] - maximizeWindow(): Current window maximized

2022-11-30 14:08:58 - [MESSAGE][PASSED] - Current window maximized

2022-11-30 14:08:58 - [TEST_STEP][PASSED] - setText(findTestObject("Objeto_xpath/Campo_nombre"), "Ljubo"): Text 'Ljubo' is set on object 'Object Repository/Objeto_xpath/Campo_nombre'

2022-11-30 14:09:00 - [MESSAGE][PASSED] - Text 'Ljubo' is set on object 'Object Repository/Objeto_xpath/Campo_nombre'

2022-11-30 14:09:00 - [TEST_STEP][PASSED] - delay(3): Delayed 3 second(s)

2022-11-30 14:09:03 - [MESSAGE][PASSED] - Delayed 3 second(s)

2022-11-30 14:09:03 - [TEST_STEP][PASSED] - closeBrowser(): Browser is closed

2022-11-30 14:09:04 - [MESSAGE][PASSED] - Browser is closed]]></system-out>
         <system-err><![CDATA[]]></system-err>
      </testcase>
      <testcase name="Test Cases/Condicionales_If/Condicionar_titulo" time="37.213" classname="Test Cases/Condicionales_If/Condicionar_titulo" status="PASSED">
         <system-out><![CDATA[2022-11-30 14:09:04 - [TEST_CASE][PASSED] - Test Cases/Condicionales_If/Condicionar_titulo: Test Cases/Condicionales_If/Condicionar_titulo

2022-11-30 14:09:04 - [TEST_STEP][PASSED] - openBrowser(""): Browser is opened with url: ''

2022-11-30 14:09:04 - [MESSAGE][INFO] - Starting 'Chrome' driver

2022-11-30 14:09:04 - [MESSAGE][INFO] - Action delay is set to 0 milliseconds

2022-11-30 14:09:05 - [MESSAGE][PASSED] - Browser is opened with url: ''

2022-11-30 14:09:05 - [TEST_STEP][PASSED] - navigateToUrl("https://demoqa.com/"): Navigate to 'https://demoqa.com/' successfully

2022-11-30 14:09:24 - [MESSAGE][PASSED] - Navigate to 'https://demoqa.com/' successfully

2022-11-30 14:09:24 - [TEST_STEP][PASSED] - maximizeWindow(): Current window maximized

2022-11-30 14:09:24 - [MESSAGE][PASSED] - Current window maximized

2022-11-30 14:09:24 - [TEST_STEP][PASSED] - waitForPageLoad(5): Wait for page load successfully

2022-11-30 14:09:24 - [MESSAGE][PASSED] - Wait for page load successfully

2022-11-30 14:09:24 - [TEST_STEP][PASSED] - Existe = waitForElementVisible(findTestObject("Condicionales/Texto_radio"), 3): Web element with id: 'Object Repository/Condicionales/Texto_radio' located by '//div[@class='main-header'][contains(.,'Radio Button')]' not found

2022-11-30 14:09:28 - [MESSAGE][INFO] - Unable to find the element located by 'By.xpath: //div[@class='main-header'][contains(.,'Radio Button')]'. Please recheck the objects properties to make sure the desired element is located. 

2022-11-30 14:09:28 - [MESSAGE][WARNING] - [SELF-HEALING] Failed to find element with id 'Object Repository/Condicionales/Texto_radio'. Try using Self-healing.

2022-11-30 14:09:29 - [MESSAGE][INFO] - [SELF-HEALING] No working XPath is found.

2022-11-30 14:09:31 - [MESSAGE][INFO] - Unable to find the element located by 'By.xpath: '. Please recheck the objects properties to make sure the desired element is located. 

2022-11-30 14:09:31 - [MESSAGE][WARNING] - [SELF-HEALING] Cannot find elements when the selector is null

2022-11-30 14:09:31 - [MESSAGE][WARNING] - Web element with id: 'Object Repository/Condicionales/Texto_radio' located by '//div[@class='main-header'][contains(.,'Radio Button')]' not found

2022-11-30 14:09:31 - [TEST_STEP][PASSED] - print(Existe): null

2022-11-30 14:09:31 - [TEST_STEP][PASSED] - if (Existe == true): null

2022-11-30 14:09:31 - [TEST_STEP][PASSED] - else: Browser is closed

2022-11-30 14:09:31 - [TEST_STEP][PASSED] - print("-----  Error no esta el elemento de texto radio ------"): null

2022-11-30 14:09:31 - [TEST_STEP][PASSED] - navigateToUrl("https://demoqa.com/radio-button"): Navigate to 'https://demoqa.com/radio-button' successfully

2022-11-30 14:09:36 - [MESSAGE][PASSED] - Navigate to 'https://demoqa.com/radio-button' successfully

2022-11-30 14:09:36 - [TEST_STEP][PASSED] - click(findTestObject("Condicionales/Objeto_yes")): Object: 'Object Repository/Condicionales/Objeto_yes' is clicked on

2022-11-30 14:09:38 - [MESSAGE][PASSED] - Object: 'Object Repository/Condicionales/Objeto_yes' is clicked on

2022-11-30 14:09:38 - [TEST_STEP][PASSED] - delay(2): Delayed 2 second(s)

2022-11-30 14:09:40 - [MESSAGE][PASSED] - Delayed 2 second(s)

2022-11-30 14:09:40 - [TEST_STEP][PASSED] - closeBrowser(): Browser is closed

2022-11-30 14:09:41 - [MESSAGE][PASSED] - Browser is closed]]></system-out>
         <system-err><![CDATA[]]></system-err>
      </testcase>
      <testcase name="Test Cases/Condicionales_If/Test_1" time="0.047" classname="Test Cases/Condicionales_If/Test_1" status="PASSED">
         <system-out><![CDATA[2022-11-30 14:09:41 - [TEST_CASE][PASSED] - Test Cases/Condicionales_If/Test_1: Test Cases/Condicionales_If/Test_1

2022-11-30 14:09:41 - [TEST_STEP][PASSED] - if (num == 10): null

2022-11-30 14:09:41 - [TEST_STEP][PASSED] - else: null

2022-11-30 14:09:41 - [TEST_STEP][PASSED] - print("El numero no es un 10 es el numero:  " + num + "#####"): null]]></system-out>
         <system-err><![CDATA[]]></system-err>
      </testcase>
      <testcase name="Test Cases/Condicionales_If/Test_2" time="0.07" classname="Test Cases/Condicionales_If/Test_2" status="PASSED">
         <system-out><![CDATA[2022-11-30 14:09:41 - [TEST_CASE][PASSED] - Test Cases/Condicionales_If/Test_2: Test Cases/Condicionales_If/Test_2

2022-11-30 14:09:41 - [TEST_STEP][PASSED] - if (num == 5): null

2022-11-30 14:09:41 - [TEST_STEP][PASSED] - if (num == 10): null

2022-11-30 14:09:41 - [TEST_STEP][PASSED] - println("El valor de la variables es un: 10"): null]]></system-out>
         <system-err><![CDATA[]]></system-err>
      </testcase>
      <testcase name="Test Cases/Condicionales_If/Test_3" time="0.042" classname="Test Cases/Condicionales_If/Test_3" status="PASSED">
         <system-out><![CDATA[2022-11-30 14:09:41 - [TEST_CASE][PASSED] - Test Cases/Condicionales_If/Test_3: Test Cases/Condicionales_If/Test_3

2022-11-30 14:09:41 - [TEST_STEP][PASSED] - if (nombre == "Juan"): null

2022-11-30 14:09:41 - [TEST_STEP][PASSED] - if (nombre == "JUan"): null

2022-11-30 14:09:41 - [TEST_STEP][PASSED] - if (nombre == "juan"): null

2022-11-30 14:09:41 - [TEST_STEP][PASSED] - println("Tu nombre es juan"): null]]></system-out>
         <system-err><![CDATA[]]></system-err>
      </testcase>
      <testcase name="Test Cases/Condicionales_If/Test_4" time="0.084" classname="Test Cases/Condicionales_If/Test_4" status="PASSED">
         <system-out><![CDATA[2022-11-30 14:09:41 - [TEST_CASE][PASSED] - Test Cases/Condicionales_If/Test_4: Test Cases/Condicionales_If/Test_4

2022-11-30 14:09:41 - [TEST_STEP][PASSED] - if (num <= 7): null

2022-11-30 14:09:41 - [TEST_STEP][PASSED] - println("El numero es menor ó igual que 5"): null

2022-11-30 14:09:41 - [TEST_STEP][PASSED] - if (num >= 8): null

2022-11-30 14:09:41 - [TEST_STEP][PASSED] - if (num != 5): null]]></system-out>
         <system-err><![CDATA[]]></system-err>
      </testcase>
      <testcase name="Test Cases/Condicionales_If/Test_edad" time="0.069" classname="Test Cases/Condicionales_If/Test_edad" status="PASSED">
         <system-out><![CDATA[2022-11-30 14:09:41 - [TEST_CASE][PASSED] - Test Cases/Condicionales_If/Test_edad: Test Cases/Condicionales_If/Test_edad

2022-11-30 14:09:42 - [TEST_STEP][PASSED] - if (edad >= 1 && edad <= 17): null

2022-11-30 14:09:42 - [TEST_STEP][PASSED] - else if (edad == 18): null

2022-11-30 14:09:42 - [TEST_STEP][PASSED] - else if (edad <= 0): null

2022-11-30 14:09:42 - [TEST_STEP][PASSED] - else if (edad == 120): null

2022-11-30 14:09:42 - [TEST_STEP][PASSED] - else: null

2022-11-30 14:09:42 - [TEST_STEP][PASSED] - print("No se cumple ninguna de las opciones"): null]]></system-out>
         <system-err><![CDATA[]]></system-err>
      </testcase>
      <testcase name="Test Cases/Condicionales_If/Test_valor" time="34.145" classname="Test Cases/Condicionales_If/Test_valor" status="PASSED">
         <system-out><![CDATA[2022-11-30 14:09:42 - [TEST_CASE][PASSED] - Test Cases/Condicionales_If/Test_valor: Test Cases/Condicionales_If/Test_valor

2022-11-30 14:09:42 - [TEST_STEP][PASSED] - openBrowser(""): Browser is opened with url: ''

2022-11-30 14:09:42 - [MESSAGE][INFO] - Starting 'Chrome' driver

2022-11-30 14:09:42 - [MESSAGE][INFO] - Action delay is set to 0 milliseconds

2022-11-30 14:09:43 - [MESSAGE][PASSED] - Browser is opened with url: ''

2022-11-30 14:09:43 - [TEST_STEP][PASSED] - navigateToUrl("https://demoqa.com/"): Navigate to 'https://demoqa.com/' successfully

2022-11-30 14:10:06 - [MESSAGE][PASSED] - Navigate to 'https://demoqa.com/' successfully

2022-11-30 14:10:06 - [TEST_STEP][PASSED] - maximizeWindow(): Current window maximized

2022-11-30 14:10:06 - [MESSAGE][PASSED] - Current window maximized

2022-11-30 14:10:06 - [TEST_STEP][PASSED] - waitForPageLoad(10): Wait for page load successfully

2022-11-30 14:10:06 - [MESSAGE][PASSED] - Wait for page load successfully

2022-11-30 14:10:06 - [TEST_STEP][PASSED] - Existe = waitForElementVisible(findTestObject("Condicionales/titulo1"), 5): Web element with id: 'Object Repository/Condicionales/titulo1' located by '//div[@class='main-header'][contains(.,'Radio Button')]' not found

2022-11-30 14:10:13 - [MESSAGE][INFO] - Unable to find the element located by 'By.xpath: //div[@class='main-header'][contains(.,'Radio Button')]'. Please recheck the objects properties to make sure the desired element is located. 

2022-11-30 14:10:13 - [MESSAGE][WARNING] - [SELF-HEALING] Failed to find element with id 'Object Repository/Condicionales/titulo1'. Try using Self-healing.

2022-11-30 14:10:14 - [MESSAGE][INFO] - [SELF-HEALING] No working XPath is found.

2022-11-30 14:10:15 - [MESSAGE][INFO] - Unable to find the element located by 'By.xpath: '. Please recheck the objects properties to make sure the desired element is located. 

2022-11-30 14:10:15 - [MESSAGE][WARNING] - [SELF-HEALING] Cannot find elements when the selector is null

2022-11-30 14:10:15 - [MESSAGE][WARNING] - Web element with id: 'Object Repository/Condicionales/titulo1' located by '//div[@class='main-header'][contains(.,'Radio Button')]' not found

2022-11-30 14:10:15 - [TEST_STEP][PASSED] - if (Existe == true): null

2022-11-30 14:10:15 - [TEST_STEP][PASSED] - else: Browser is closed

2022-11-30 14:10:15 - [TEST_STEP][PASSED] - print("No estas en la página correcta"): null

2022-11-30 14:10:15 - [TEST_STEP][PASSED] - closeBrowser(): Browser is closed

2022-11-30 14:10:16 - [MESSAGE][PASSED] - Browser is closed]]></system-out>
         <system-err><![CDATA[]]></system-err>
      </testcase>
      <testcase name="Test Cases/BUCLES/Reto_For" time="36.338" classname="Test Cases/BUCLES/Reto_For" status="PASSED">
         <system-out><![CDATA[2022-11-30 14:10:16 - [TEST_CASE][PASSED] - Test Cases/BUCLES/Reto_For: Test Cases/BUCLES/Reto_For

2022-11-30 14:10:16 - [TEST_STEP][PASSED] - openBrowser(""): Browser is opened with url: ''

2022-11-30 14:10:16 - [MESSAGE][INFO] - Starting 'Chrome' driver

2022-11-30 14:10:16 - [MESSAGE][INFO] - Action delay is set to 0 milliseconds

2022-11-30 14:10:17 - [MESSAGE][PASSED] - Browser is opened with url: ''

2022-11-30 14:10:17 - [TEST_STEP][PASSED] - navigateToUrl("https://demoqa.com/text-box"): Navigate to 'https://demoqa.com/text-box' successfully

2022-11-30 14:10:34 - [MESSAGE][PASSED] - Navigate to 'https://demoqa.com/text-box' successfully

2022-11-30 14:10:34 - [TEST_STEP][PASSED] - maximizeWindow(): Current window maximized

2022-11-30 14:10:34 - [MESSAGE][PASSED] - Current window maximized

2022-11-30 14:10:34 - [TEST_STEP][PASSED] - waitForPageLoad(5): Wait for page load successfully

2022-11-30 14:10:34 - [MESSAGE][PASSED] - Wait for page load successfully

2022-11-30 14:10:34 - [TEST_STEP][PASSED] - for ([x = 1, x <= 4, (x++)]): Browser is scrolled to position x = 0, y = 100

2022-11-30 14:10:34 - [TEST_STEP][PASSED] - z = ["Carlos", "Erika", "Paco", "Rodrigo", "Juan"]: null

2022-11-30 14:10:34 - [TEST_STEP][PASSED] - rn = new java.util.Random(): null

2022-11-30 14:10:34 - [TEST_STEP][PASSED] - tx_nombre = z[rn.nextInt(size)]: null

2022-11-30 14:10:34 - [TEST_STEP][PASSED] - setText(findTestObject("Object Repository/Reto_for/Page_ToolsQA/input_Full Name_userName"), tx_nombre): Text 'Rodrigo' is set on object 'Object Repository/Reto_for/Page_ToolsQA/input_Full Name_userName'

2022-11-30 14:10:36 - [MESSAGE][PASSED] - Text 'Rodrigo' is set on object 'Object Repository/Reto_for/Page_ToolsQA/input_Full Name_userName'

2022-11-30 14:10:36 - [TEST_STEP][PASSED] - setText(findTestObject("Object Repository/Reto_for/Page_ToolsQA/input_Email_userEmail"), tx_nombre + "@gmail.com"): Text 'Rodrigo@gmail.com' is set on object 'Object Repository/Reto_for/Page_ToolsQA/input_Email_userEmail'

2022-11-30 14:10:37 - [MESSAGE][PASSED] - Text 'Rodrigo@gmail.com' is set on object 'Object Repository/Reto_for/Page_ToolsQA/input_Email_userEmail'

2022-11-30 14:10:37 - [TEST_STEP][PASSED] - setText(findTestObject("Object Repository/Reto_for/Page_ToolsQA/textarea_Current Address_currentAddress"), "Dirección#" + x): Text 'Dirección#1' is set on object 'Object Repository/Reto_for/Page_ToolsQA/textarea_Current Address_currentAddress'

2022-11-30 14:10:38 - [MESSAGE][PASSED] - Text 'Dirección#1' is set on object 'Object Repository/Reto_for/Page_ToolsQA/textarea_Current Address_currentAddress'

2022-11-30 14:10:38 - [TEST_STEP][PASSED] - setText(findTestObject("Object Repository/Reto_for/Page_ToolsQA/textarea_Permanent Address_permanentAddress"), "Dirección dos#" + x): Text 'Dirección dos#1' is set on object 'Object Repository/Reto_for/Page_ToolsQA/textarea_Permanent Address_permanentAddress'

2022-11-30 14:10:39 - [MESSAGE][PASSED] - Text 'Dirección dos#1' is set on object 'Object Repository/Reto_for/Page_ToolsQA/textarea_Permanent Address_permanentAddress'

2022-11-30 14:10:39 - [TEST_STEP][PASSED] - scrollToPosition(0, 500): Browser is scrolled to position x = 0, y = 500

2022-11-30 14:10:39 - [MESSAGE][PASSED] - Browser is scrolled to position x = 0, y = 500

2022-11-30 14:10:39 - [TEST_STEP][PASSED] - click(findTestObject("Object Repository/Reto_for/Page_ToolsQA/button_Submit")): Object: 'Object Repository/Reto_for/Page_ToolsQA/button_Submit' is clicked on

2022-11-30 14:10:39 - [MESSAGE][PASSED] - Object: 'Object Repository/Reto_for/Page_ToolsQA/button_Submit' is clicked on

2022-11-30 14:10:39 - [TEST_STEP][PASSED] - scrollToPosition(0, 100): Browser is scrolled to position x = 0, y = 100

2022-11-30 14:10:39 - [MESSAGE][PASSED] - Browser is scrolled to position x = 0, y = 100

2022-11-30 14:10:39 - [TEST_STEP][PASSED] - z = ["Carlos", "Erika", "Paco", "Rodrigo", "Juan"]: null

2022-11-30 14:10:39 - [TEST_STEP][PASSED] - rn = new java.util.Random(): null

2022-11-30 14:10:39 - [TEST_STEP][PASSED] - tx_nombre = z[rn.nextInt(size)]: null

2022-11-30 14:10:39 - [TEST_STEP][PASSED] - setText(findTestObject("Object Repository/Reto_for/Page_ToolsQA/input_Full Name_userName"), tx_nombre): Text 'Juan' is set on object 'Object Repository/Reto_for/Page_ToolsQA/input_Full Name_userName'

2022-11-30 14:10:40 - [MESSAGE][PASSED] - Text 'Juan' is set on object 'Object Repository/Reto_for/Page_ToolsQA/input_Full Name_userName'

2022-11-30 14:10:40 - [TEST_STEP][PASSED] - setText(findTestObject("Object Repository/Reto_for/Page_ToolsQA/input_Email_userEmail"), tx_nombre + "@gmail.com"): Text 'Juan@gmail.com' is set on object 'Object Repository/Reto_for/Page_ToolsQA/input_Email_userEmail'

2022-11-30 14:10:41 - [MESSAGE][PASSED] - Text 'Juan@gmail.com' is set on object 'Object Repository/Reto_for/Page_ToolsQA/input_Email_userEmail'

2022-11-30 14:10:41 - [TEST_STEP][PASSED] - setText(findTestObject("Object Repository/Reto_for/Page_ToolsQA/textarea_Current Address_currentAddress"), "Dirección#" + x): Text 'Dirección#2' is set on object 'Object Repository/Reto_for/Page_ToolsQA/textarea_Current Address_currentAddress'

2022-11-30 14:10:42 - [MESSAGE][PASSED] - Text 'Dirección#2' is set on object 'Object Repository/Reto_for/Page_ToolsQA/textarea_Current Address_currentAddress'

2022-11-30 14:10:42 - [TEST_STEP][PASSED] - setText(findTestObject("Object Repository/Reto_for/Page_ToolsQA/textarea_Permanent Address_permanentAddress"), "Dirección dos#" + x): Text 'Dirección dos#2' is set on object 'Object Repository/Reto_for/Page_ToolsQA/textarea_Permanent Address_permanentAddress'

2022-11-30 14:10:43 - [MESSAGE][PASSED] - Text 'Dirección dos#2' is set on object 'Object Repository/Reto_for/Page_ToolsQA/textarea_Permanent Address_permanentAddress'

2022-11-30 14:10:43 - [TEST_STEP][PASSED] - scrollToPosition(0, 500): Browser is scrolled to position x = 0, y = 500

2022-11-30 14:10:43 - [MESSAGE][PASSED] - Browser is scrolled to position x = 0, y = 500

2022-11-30 14:10:43 - [TEST_STEP][PASSED] - click(findTestObject("Object Repository/Reto_for/Page_ToolsQA/button_Submit")): Object: 'Object Repository/Reto_for/Page_ToolsQA/button_Submit' is clicked on

2022-11-30 14:10:44 - [MESSAGE][PASSED] - Object: 'Object Repository/Reto_for/Page_ToolsQA/button_Submit' is clicked on

2022-11-30 14:10:44 - [TEST_STEP][PASSED] - scrollToPosition(0, 100): Browser is scrolled to position x = 0, y = 100

2022-11-30 14:10:44 - [MESSAGE][PASSED] - Browser is scrolled to position x = 0, y = 100

2022-11-30 14:10:44 - [TEST_STEP][PASSED] - z = ["Carlos", "Erika", "Paco", "Rodrigo", "Juan"]: null

2022-11-30 14:10:44 - [TEST_STEP][PASSED] - rn = new java.util.Random(): null

2022-11-30 14:10:44 - [TEST_STEP][PASSED] - tx_nombre = z[rn.nextInt(size)]: null

2022-11-30 14:10:44 - [TEST_STEP][PASSED] - setText(findTestObject("Object Repository/Reto_for/Page_ToolsQA/input_Full Name_userName"), tx_nombre): Text 'Carlos' is set on object 'Object Repository/Reto_for/Page_ToolsQA/input_Full Name_userName'

2022-11-30 14:10:44 - [MESSAGE][PASSED] - Text 'Carlos' is set on object 'Object Repository/Reto_for/Page_ToolsQA/input_Full Name_userName'

2022-11-30 14:10:44 - [TEST_STEP][PASSED] - setText(findTestObject("Object Repository/Reto_for/Page_ToolsQA/input_Email_userEmail"), tx_nombre + "@gmail.com"): Text 'Carlos@gmail.com' is set on object 'Object Repository/Reto_for/Page_ToolsQA/input_Email_userEmail'

2022-11-30 14:10:45 - [MESSAGE][PASSED] - Text 'Carlos@gmail.com' is set on object 'Object Repository/Reto_for/Page_ToolsQA/input_Email_userEmail'

2022-11-30 14:10:45 - [TEST_STEP][PASSED] - setText(findTestObject("Object Repository/Reto_for/Page_ToolsQA/textarea_Current Address_currentAddress"), "Dirección#" + x): Text 'Dirección#3' is set on object 'Object Repository/Reto_for/Page_ToolsQA/textarea_Current Address_currentAddress'

2022-11-30 14:10:46 - [MESSAGE][PASSED] - Text 'Dirección#3' is set on object 'Object Repository/Reto_for/Page_ToolsQA/textarea_Current Address_currentAddress'

2022-11-30 14:10:46 - [TEST_STEP][PASSED] - setText(findTestObject("Object Repository/Reto_for/Page_ToolsQA/textarea_Permanent Address_permanentAddress"), "Dirección dos#" + x): Text 'Dirección dos#3' is set on object 'Object Repository/Reto_for/Page_ToolsQA/textarea_Permanent Address_permanentAddress'

2022-11-30 14:10:47 - [MESSAGE][PASSED] - Text 'Dirección dos#3' is set on object 'Object Repository/Reto_for/Page_ToolsQA/textarea_Permanent Address_permanentAddress'

2022-11-30 14:10:47 - [TEST_STEP][PASSED] - scrollToPosition(0, 500): Browser is scrolled to position x = 0, y = 500

2022-11-30 14:10:47 - [MESSAGE][PASSED] - Browser is scrolled to position x = 0, y = 500

2022-11-30 14:10:47 - [TEST_STEP][PASSED] - click(findTestObject("Object Repository/Reto_for/Page_ToolsQA/button_Submit")): Object: 'Object Repository/Reto_for/Page_ToolsQA/button_Submit' is clicked on

2022-11-30 14:10:48 - [MESSAGE][PASSED] - Object: 'Object Repository/Reto_for/Page_ToolsQA/button_Submit' is clicked on

2022-11-30 14:10:48 - [TEST_STEP][PASSED] - scrollToPosition(0, 100): Browser is scrolled to position x = 0, y = 100

2022-11-30 14:10:48 - [MESSAGE][PASSED] - Browser is scrolled to position x = 0, y = 100

2022-11-30 14:10:48 - [TEST_STEP][PASSED] - z = ["Carlos", "Erika", "Paco", "Rodrigo", "Juan"]: null

2022-11-30 14:10:48 - [TEST_STEP][PASSED] - rn = new java.util.Random(): null

2022-11-30 14:10:48 - [TEST_STEP][PASSED] - tx_nombre = z[rn.nextInt(size)]: null

2022-11-30 14:10:48 - [TEST_STEP][PASSED] - setText(findTestObject("Object Repository/Reto_for/Page_ToolsQA/input_Full Name_userName"), tx_nombre): Text 'Paco' is set on object 'Object Repository/Reto_for/Page_ToolsQA/input_Full Name_userName'

2022-11-30 14:10:48 - [MESSAGE][PASSED] - Text 'Paco' is set on object 'Object Repository/Reto_for/Page_ToolsQA/input_Full Name_userName'

2022-11-30 14:10:48 - [TEST_STEP][PASSED] - setText(findTestObject("Object Repository/Reto_for/Page_ToolsQA/input_Email_userEmail"), tx_nombre + "@gmail.com"): Text 'Paco@gmail.com' is set on object 'Object Repository/Reto_for/Page_ToolsQA/input_Email_userEmail'

2022-11-30 14:10:49 - [MESSAGE][PASSED] - Text 'Paco@gmail.com' is set on object 'Object Repository/Reto_for/Page_ToolsQA/input_Email_userEmail'

2022-11-30 14:10:49 - [TEST_STEP][PASSED] - setText(findTestObject("Object Repository/Reto_for/Page_ToolsQA/textarea_Current Address_currentAddress"), "Dirección#" + x): Text 'Dirección#4' is set on object 'Object Repository/Reto_for/Page_ToolsQA/textarea_Current Address_currentAddress'

2022-11-30 14:10:50 - [MESSAGE][PASSED] - Text 'Dirección#4' is set on object 'Object Repository/Reto_for/Page_ToolsQA/textarea_Current Address_currentAddress'

2022-11-30 14:10:50 - [TEST_STEP][PASSED] - setText(findTestObject("Object Repository/Reto_for/Page_ToolsQA/textarea_Permanent Address_permanentAddress"), "Dirección dos#" + x): Text 'Dirección dos#4' is set on object 'Object Repository/Reto_for/Page_ToolsQA/textarea_Permanent Address_permanentAddress'

2022-11-30 14:10:51 - [MESSAGE][PASSED] - Text 'Dirección dos#4' is set on object 'Object Repository/Reto_for/Page_ToolsQA/textarea_Permanent Address_permanentAddress'

2022-11-30 14:10:51 - [TEST_STEP][PASSED] - scrollToPosition(0, 500): Browser is scrolled to position x = 0, y = 500

2022-11-30 14:10:51 - [MESSAGE][PASSED] - Browser is scrolled to position x = 0, y = 500

2022-11-30 14:10:51 - [TEST_STEP][PASSED] - click(findTestObject("Object Repository/Reto_for/Page_ToolsQA/button_Submit")): Object: 'Object Repository/Reto_for/Page_ToolsQA/button_Submit' is clicked on

2022-11-30 14:10:51 - [MESSAGE][PASSED] - Object: 'Object Repository/Reto_for/Page_ToolsQA/button_Submit' is clicked on

2022-11-30 14:10:51 - [TEST_STEP][PASSED] - scrollToPosition(0, 100): Browser is scrolled to position x = 0, y = 100

2022-11-30 14:10:51 - [MESSAGE][PASSED] - Browser is scrolled to position x = 0, y = 100

2022-11-30 14:10:51 - [TEST_STEP][PASSED] - closeBrowser(): Browser is closed

2022-11-30 14:10:52 - [MESSAGE][PASSED] - Browser is closed]]></system-out>
         <system-err><![CDATA[]]></system-err>
      </testcase>
      <testcase name="Test Cases/BUCLES/Reto_while" time="17.118" classname="Test Cases/BUCLES/Reto_while" status="PASSED">
         <system-out><![CDATA[2022-11-30 14:10:52 - [TEST_CASE][PASSED] - Test Cases/BUCLES/Reto_while: Test Cases/BUCLES/Reto_while

2022-11-30 14:10:52 - [TEST_STEP][PASSED] - openBrowser(""): Browser is opened with url: ''

2022-11-30 14:10:52 - [MESSAGE][INFO] - Starting 'Chrome' driver

2022-11-30 14:10:52 - [MESSAGE][INFO] - Action delay is set to 0 milliseconds

2022-11-30 14:10:54 - [MESSAGE][PASSED] - Browser is opened with url: ''

2022-11-30 14:10:54 - [TEST_STEP][PASSED] - navigateToUrl("https://www.google.com/"): Navigate to 'https://www.google.com/' successfully

2022-11-30 14:10:58 - [MESSAGE][PASSED] - Navigate to 'https://www.google.com/' successfully

2022-11-30 14:10:58 - [TEST_STEP][PASSED] - Bandera = 0: null

2022-11-30 14:10:58 - [TEST_STEP][PASSED] - while (Bandera != 1): null

2022-11-30 14:10:58 - [TEST_STEP][PASSED] - num = Math.random() * 5 - 1 + 1: null

2022-11-30 14:10:58 - [TEST_STEP][PASSED] - setText(findTestObject("Object Repository/While_google/Page_Google/input__q"), "5+" + num): Text '5+3' is set on object 'Object Repository/While_google/Page_Google/input__q'

2022-11-30 14:10:59 - [MESSAGE][PASSED] - Text '5+3' is set on object 'Object Repository/While_google/Page_Google/input__q'

2022-11-30 14:10:59 - [TEST_STEP][PASSED] - sendKeys(findTestObject("Object Repository/While_google/Page_Google/input__q"), Keys.chord(ENTER)): Keys 'ENTER + ' sent to object: 'Object Repository/While_google/Page_Google/input__q'

2022-11-30 14:11:08 - [MESSAGE][PASSED] - Keys 'ENTER + ' sent to object: 'Object Repository/While_google/Page_Google/input__q'

2022-11-30 14:11:08 - [TEST_STEP][PASSED] - Resultado = getText(findTestObject("While_google/Extras/Resultado_10")): Text of object 'Object Repository/While_google/Extras/Resultado_10' is: '8'

2022-11-30 14:11:08 - [MESSAGE][PASSED] - Text of object 'Object Repository/While_google/Extras/Resultado_10' is: '8'

2022-11-30 14:11:08 - [TEST_STEP][PASSED] - if (Resultado == "8"): Browser is closed

2022-11-30 14:11:08 - [TEST_STEP][PASSED] - Bandera = 1: null

2022-11-30 14:11:08 - [TEST_STEP][PASSED] - print("Listo termina"): null

2022-11-30 14:11:08 - [TEST_STEP][PASSED] - closeBrowser(): Browser is closed

2022-11-30 14:11:09 - [MESSAGE][PASSED] - Browser is closed

2022-11-30 14:11:09 - [TEST_STEP][PASSED] - print(Bandera + "------"): null]]></system-out>
         <system-err><![CDATA[]]></system-err>
      </testcase>
      <testcase name="Test Cases/BUCLES/Reto_while_solucion" time="45.261" classname="Test Cases/BUCLES/Reto_while_solucion" status="PASSED">
         <system-out><![CDATA[2022-11-30 14:11:09 - [TEST_CASE][PASSED] - Test Cases/BUCLES/Reto_while_solucion: Test Cases/BUCLES/Reto_while_solucion

2022-11-30 14:11:09 - [TEST_STEP][PASSED] - openBrowser(""): Browser is opened with url: ''

2022-11-30 14:11:09 - [MESSAGE][INFO] - Starting 'Chrome' driver

2022-11-30 14:11:09 - [MESSAGE][INFO] - Action delay is set to 0 milliseconds

2022-11-30 14:11:11 - [MESSAGE][PASSED] - Browser is opened with url: ''

2022-11-30 14:11:11 - [TEST_STEP][PASSED] - navigateToUrl("https://www.google.com/"): Navigate to 'https://www.google.com/' successfully

2022-11-30 14:11:13 - [MESSAGE][PASSED] - Navigate to 'https://www.google.com/' successfully

2022-11-30 14:11:13 - [TEST_STEP][PASSED] - Res = 0: null

2022-11-30 14:11:13 - [TEST_STEP][PASSED] - while (Res != 8): Browser is closed

2022-11-30 14:11:13 - [TEST_STEP][PASSED] - num = Math.random() * 5 - 1 + 1: null

2022-11-30 14:11:13 - [TEST_STEP][PASSED] - setText(findTestObject("Object Repository/Reto_while1/Page_Google/input__q"), "5+" + num): Text '5+2' is set on object 'Object Repository/Reto_while1/Page_Google/input__q'

2022-11-30 14:11:14 - [MESSAGE][PASSED] - Text '5+2' is set on object 'Object Repository/Reto_while1/Page_Google/input__q'

2022-11-30 14:11:14 - [TEST_STEP][PASSED] - sendKeys(findTestObject("Object Repository/Reto_while1/Page_Google/input__q"), Keys.chord(ENTER)): Keys 'ENTER + ' sent to object: 'Object Repository/Reto_while1/Page_Google/input__q'

2022-11-30 14:11:22 - [MESSAGE][PASSED] - Keys 'ENTER + ' sent to object: 'Object Repository/Reto_while1/Page_Google/input__q'

2022-11-30 14:11:22 - [TEST_STEP][PASSED] - Res = getText(findTestObject("Reto_while1/Resultado_8")).toInteger(): Text of object 'Object Repository/Reto_while1/Resultado_8' is: '7'

2022-11-30 14:11:23 - [MESSAGE][PASSED] - Text of object 'Object Repository/Reto_while1/Resultado_8' is: '7'

2022-11-30 14:11:23 - [TEST_STEP][PASSED] - if (Res == 8): null

2022-11-30 14:11:23 - [TEST_STEP][PASSED] - num = Math.random() * 5 - 1 + 1: null

2022-11-30 14:11:23 - [TEST_STEP][PASSED] - setText(findTestObject("Object Repository/Reto_while1/Page_Google/input__q"), "5+" + num): Text '5+1' is set on object 'Object Repository/Reto_while1/Page_Google/input__q'

2022-11-30 14:11:24 - [MESSAGE][PASSED] - Text '5+1' is set on object 'Object Repository/Reto_while1/Page_Google/input__q'

2022-11-30 14:11:24 - [TEST_STEP][PASSED] - sendKeys(findTestObject("Object Repository/Reto_while1/Page_Google/input__q"), Keys.chord(ENTER)): Keys 'ENTER + ' sent to object: 'Object Repository/Reto_while1/Page_Google/input__q'

2022-11-30 14:11:29 - [MESSAGE][PASSED] - Keys 'ENTER + ' sent to object: 'Object Repository/Reto_while1/Page_Google/input__q'

2022-11-30 14:11:29 - [TEST_STEP][PASSED] - Res = getText(findTestObject("Reto_while1/Resultado_8")).toInteger(): Text of object 'Object Repository/Reto_while1/Resultado_8' is: '6'

2022-11-30 14:11:29 - [MESSAGE][PASSED] - Text of object 'Object Repository/Reto_while1/Resultado_8' is: '6'

2022-11-30 14:11:29 - [TEST_STEP][PASSED] - if (Res == 8): null

2022-11-30 14:11:29 - [TEST_STEP][PASSED] - num = Math.random() * 5 - 1 + 1: null

2022-11-30 14:11:29 - [TEST_STEP][PASSED] - setText(findTestObject("Object Repository/Reto_while1/Page_Google/input__q"), "5+" + num): Text '5+2' is set on object 'Object Repository/Reto_while1/Page_Google/input__q'

2022-11-30 14:11:30 - [MESSAGE][PASSED] - Text '5+2' is set on object 'Object Repository/Reto_while1/Page_Google/input__q'

2022-11-30 14:11:30 - [TEST_STEP][PASSED] - sendKeys(findTestObject("Object Repository/Reto_while1/Page_Google/input__q"), Keys.chord(ENTER)): Keys 'ENTER + ' sent to object: 'Object Repository/Reto_while1/Page_Google/input__q'

2022-11-30 14:11:34 - [MESSAGE][PASSED] - Keys 'ENTER + ' sent to object: 'Object Repository/Reto_while1/Page_Google/input__q'

2022-11-30 14:11:34 - [TEST_STEP][PASSED] - Res = getText(findTestObject("Reto_while1/Resultado_8")).toInteger(): Text of object 'Object Repository/Reto_while1/Resultado_8' is: '7'

2022-11-30 14:11:35 - [MESSAGE][PASSED] - Text of object 'Object Repository/Reto_while1/Resultado_8' is: '7'

2022-11-30 14:11:35 - [TEST_STEP][PASSED] - if (Res == 8): null

2022-11-30 14:11:35 - [TEST_STEP][PASSED] - num = Math.random() * 5 - 1 + 1: null

2022-11-30 14:11:35 - [TEST_STEP][PASSED] - setText(findTestObject("Object Repository/Reto_while1/Page_Google/input__q"), "5+" + num): Text '5+2' is set on object 'Object Repository/Reto_while1/Page_Google/input__q'

2022-11-30 14:11:36 - [MESSAGE][PASSED] - Text '5+2' is set on object 'Object Repository/Reto_while1/Page_Google/input__q'

2022-11-30 14:11:36 - [TEST_STEP][PASSED] - sendKeys(findTestObject("Object Repository/Reto_while1/Page_Google/input__q"), Keys.chord(ENTER)): Keys 'ENTER + ' sent to object: 'Object Repository/Reto_while1/Page_Google/input__q'

2022-11-30 14:11:40 - [MESSAGE][PASSED] - Keys 'ENTER + ' sent to object: 'Object Repository/Reto_while1/Page_Google/input__q'

2022-11-30 14:11:40 - [TEST_STEP][PASSED] - Res = getText(findTestObject("Reto_while1/Resultado_8")).toInteger(): Text of object 'Object Repository/Reto_while1/Resultado_8' is: '7'

2022-11-30 14:11:41 - [MESSAGE][PASSED] - Text of object 'Object Repository/Reto_while1/Resultado_8' is: '7'

2022-11-30 14:11:41 - [TEST_STEP][PASSED] - if (Res == 8): null

2022-11-30 14:11:41 - [TEST_STEP][PASSED] - num = Math.random() * 5 - 1 + 1: null

2022-11-30 14:11:41 - [TEST_STEP][PASSED] - setText(findTestObject("Object Repository/Reto_while1/Page_Google/input__q"), "5+" + num): Text '5+1' is set on object 'Object Repository/Reto_while1/Page_Google/input__q'

2022-11-30 14:11:42 - [MESSAGE][PASSED] - Text '5+1' is set on object 'Object Repository/Reto_while1/Page_Google/input__q'

2022-11-30 14:11:42 - [TEST_STEP][PASSED] - sendKeys(findTestObject("Object Repository/Reto_while1/Page_Google/input__q"), Keys.chord(ENTER)): Keys 'ENTER + ' sent to object: 'Object Repository/Reto_while1/Page_Google/input__q'

2022-11-30 14:11:47 - [MESSAGE][PASSED] - Keys 'ENTER + ' sent to object: 'Object Repository/Reto_while1/Page_Google/input__q'

2022-11-30 14:11:47 - [TEST_STEP][PASSED] - Res = getText(findTestObject("Reto_while1/Resultado_8")).toInteger(): Text of object 'Object Repository/Reto_while1/Resultado_8' is: '6'

2022-11-30 14:11:47 - [MESSAGE][PASSED] - Text of object 'Object Repository/Reto_while1/Resultado_8' is: '6'

2022-11-30 14:11:47 - [TEST_STEP][PASSED] - if (Res == 8): null

2022-11-30 14:11:47 - [TEST_STEP][PASSED] - num = Math.random() * 5 - 1 + 1: null

2022-11-30 14:11:47 - [TEST_STEP][PASSED] - setText(findTestObject("Object Repository/Reto_while1/Page_Google/input__q"), "5+" + num): Text '5+3' is set on object 'Object Repository/Reto_while1/Page_Google/input__q'

2022-11-30 14:11:48 - [MESSAGE][PASSED] - Text '5+3' is set on object 'Object Repository/Reto_while1/Page_Google/input__q'

2022-11-30 14:11:48 - [TEST_STEP][PASSED] - sendKeys(findTestObject("Object Repository/Reto_while1/Page_Google/input__q"), Keys.chord(ENTER)): Keys 'ENTER + ' sent to object: 'Object Repository/Reto_while1/Page_Google/input__q'

2022-11-30 14:11:53 - [MESSAGE][PASSED] - Keys 'ENTER + ' sent to object: 'Object Repository/Reto_while1/Page_Google/input__q'

2022-11-30 14:11:53 - [TEST_STEP][PASSED] - Res = getText(findTestObject("Reto_while1/Resultado_8")).toInteger(): Text of object 'Object Repository/Reto_while1/Resultado_8' is: '8'

2022-11-30 14:11:54 - [MESSAGE][PASSED] - Text of object 'Object Repository/Reto_while1/Resultado_8' is: '8'

2022-11-30 14:11:54 - [TEST_STEP][PASSED] - if (Res == 8): Browser is closed

2022-11-30 14:11:54 - [TEST_STEP][PASSED] - closeBrowser(): Browser is closed

2022-11-30 14:11:54 - [MESSAGE][PASSED] - Browser is closed]]></system-out>
         <system-err><![CDATA[]]></system-err>
      </testcase>
      <testcase name="Test Cases/BUCLES/Test_1" time="59.413" classname="Test Cases/BUCLES/Test_1" status="PASSED">
         <system-out><![CDATA[2022-11-30 14:11:54 - [TEST_CASE][PASSED] - Test Cases/BUCLES/Test_1: Test Cases/BUCLES/Test_1

2022-11-30 14:11:54 - [TEST_STEP][PASSED] - openBrowser(""): Browser is opened with url: ''

2022-11-30 14:11:54 - [MESSAGE][INFO] - Starting 'Chrome' driver

2022-11-30 14:11:54 - [MESSAGE][INFO] - Action delay is set to 0 milliseconds

2022-11-30 14:11:56 - [MESSAGE][PASSED] - Browser is opened with url: ''

2022-11-30 14:11:56 - [TEST_STEP][PASSED] - navigateToUrl("https://demoqa.com/text-box"): Navigate to 'https://demoqa.com/text-box' successfully

2022-11-30 14:12:09 - [MESSAGE][PASSED] - Navigate to 'https://demoqa.com/text-box' successfully

2022-11-30 14:12:09 - [TEST_STEP][PASSED] - for ([x = 1, x <= 2, (x++)]): null

2022-11-30 14:12:09 - [TEST_STEP][PASSED] - openBrowser(""): Browser is opened with url: ''

2022-11-30 14:12:09 - [MESSAGE][WARNING] - A browser is already opened. Closing browser and opening a new one

2022-11-30 14:12:10 - [MESSAGE][INFO] - Starting 'Chrome' driver

2022-11-30 14:12:10 - [MESSAGE][INFO] - Action delay is set to 0 milliseconds

2022-11-30 14:12:12 - [MESSAGE][PASSED] - Browser is opened with url: ''

2022-11-30 14:12:12 - [TEST_STEP][PASSED] - navigateToUrl("https://demoqa.com/text-box"): Navigate to 'https://demoqa.com/text-box' successfully

2022-11-30 14:12:25 - [MESSAGE][PASSED] - Navigate to 'https://demoqa.com/text-box' successfully

2022-11-30 14:12:25 - [TEST_STEP][PASSED] - RN = Math.random() * 10 - 1 + 1: null

2022-11-30 14:12:25 - [TEST_STEP][PASSED] - print("Numero : " + RN + "----"): null

2022-11-30 14:12:25 - [TEST_STEP][PASSED] - z = ["Demo1", "Demo2", "Demo3", "Demo4", "Demo5"]: null

2022-11-30 14:12:25 - [TEST_STEP][PASSED] - rnd = new java.util.Random(): null

2022-11-30 14:12:25 - [TEST_STEP][PASSED] - texto = z[rnd.nextInt(size)]: null

2022-11-30 14:12:25 - [TEST_STEP][PASSED] - print(texto): null

2022-11-30 14:12:25 - [TEST_STEP][PASSED] - openBrowser(""): Browser is opened with url: ''

2022-11-30 14:12:25 - [MESSAGE][WARNING] - A browser is already opened. Closing browser and opening a new one

2022-11-30 14:12:25 - [MESSAGE][INFO] - Starting 'Chrome' driver

2022-11-30 14:12:25 - [MESSAGE][INFO] - Action delay is set to 0 milliseconds

2022-11-30 14:12:27 - [MESSAGE][PASSED] - Browser is opened with url: ''

2022-11-30 14:12:27 - [TEST_STEP][PASSED] - navigateToUrl("https://demoqa.com/text-box"): Navigate to 'https://demoqa.com/text-box' successfully

2022-11-30 14:12:53 - [MESSAGE][PASSED] - Navigate to 'https://demoqa.com/text-box' successfully

2022-11-30 14:12:53 - [TEST_STEP][PASSED] - RN = Math.random() * 10 - 1 + 1: null

2022-11-30 14:12:53 - [TEST_STEP][PASSED] - print("Numero : " + RN + "----"): null

2022-11-30 14:12:53 - [TEST_STEP][PASSED] - z = ["Demo1", "Demo2", "Demo3", "Demo4", "Demo5"]: null

2022-11-30 14:12:53 - [TEST_STEP][PASSED] - rnd = new java.util.Random(): null

2022-11-30 14:12:53 - [TEST_STEP][PASSED] - texto = z[rnd.nextInt(size)]: null

2022-11-30 14:12:53 - [TEST_STEP][PASSED] - print(texto): null

2022-11-30 14:12:53 - [TEST_STEP][PASSED] - closeBrowser(): Browser is closed

2022-11-30 14:12:54 - [MESSAGE][PASSED] - Browser is closed]]></system-out>
         <system-err><![CDATA[]]></system-err>
      </testcase>
      <testcase name="Test Cases/BUCLES/Test_2" time="15.041" classname="Test Cases/BUCLES/Test_2" status="PASSED">
         <system-out><![CDATA[2022-11-30 14:12:54 - [TEST_CASE][PASSED] - Test Cases/BUCLES/Test_2: Test Cases/BUCLES/Test_2

2022-11-30 14:12:54 - [TEST_STEP][PASSED] - openBrowser(""): Browser is opened with url: ''

2022-11-30 14:12:54 - [MESSAGE][INFO] - Starting 'Chrome' driver

2022-11-30 14:12:54 - [MESSAGE][INFO] - Action delay is set to 0 milliseconds

2022-11-30 14:12:55 - [MESSAGE][PASSED] - Browser is opened with url: ''

2022-11-30 14:12:55 - [TEST_STEP][PASSED] - navigateToUrl("https://demoqa.com/text-box"): Navigate to 'https://demoqa.com/text-box' successfully

2022-11-30 14:13:08 - [MESSAGE][PASSED] - Navigate to 'https://demoqa.com/text-box' successfully

2022-11-30 14:13:08 - [TEST_STEP][PASSED] - for ([x = 1, x <= 10, x = x + 2]): null

2022-11-30 14:13:08 - [TEST_STEP][PASSED] - print(" hola mundo " + x + "-------"): null

2022-11-30 14:13:08 - [TEST_STEP][PASSED] - print(" hola mundo " + x + "-------"): null

2022-11-30 14:13:08 - [TEST_STEP][PASSED] - print(" hola mundo " + x + "-------"): null

2022-11-30 14:13:08 - [TEST_STEP][PASSED] - print(" hola mundo " + x + "-------"): null

2022-11-30 14:13:08 - [TEST_STEP][PASSED] - print(" hola mundo " + x + "-------"): null

2022-11-30 14:13:08 - [TEST_STEP][PASSED] - closeBrowser(): Browser is closed

2022-11-30 14:13:09 - [MESSAGE][PASSED] - Browser is closed]]></system-out>
         <system-err><![CDATA[]]></system-err>
      </testcase>
      <testcase name="Test Cases/BUCLES/Test_while" time="20.822" classname="Test Cases/BUCLES/Test_while" status="PASSED">
         <system-out><![CDATA[2022-11-30 14:13:09 - [TEST_CASE][PASSED] - Test Cases/BUCLES/Test_while: Test Cases/BUCLES/Test_while

2022-11-30 14:13:09 - [TEST_STEP][PASSED] - openBrowser(""): Browser is opened with url: ''

2022-11-30 14:13:09 - [MESSAGE][INFO] - Starting 'Chrome' driver

2022-11-30 14:13:09 - [MESSAGE][INFO] - Action delay is set to 0 milliseconds

2022-11-30 14:13:10 - [MESSAGE][PASSED] - Browser is opened with url: ''

2022-11-30 14:13:10 - [TEST_STEP][PASSED] - navigateToUrl("https://demoqa.com/text-box"): Navigate to 'https://demoqa.com/text-box' successfully

2022-11-30 14:13:29 - [MESSAGE][PASSED] - Navigate to 'https://demoqa.com/text-box' successfully

2022-11-30 14:13:29 - [TEST_STEP][PASSED] - maximizeWindow(): Current window maximized

2022-11-30 14:13:29 - [MESSAGE][PASSED] - Current window maximized

2022-11-30 14:13:29 - [TEST_STEP][PASSED] - waitForPageLoad(5): Wait for page load successfully

2022-11-30 14:13:29 - [MESSAGE][PASSED] - Wait for page load successfully

2022-11-30 14:13:29 - [TEST_STEP][PASSED] - x = 1: null

2022-11-30 14:13:29 - [TEST_STEP][PASSED] - while (x <= 3): null

2022-11-30 14:13:29 - [TEST_STEP][PASSED] - print("Hola " + x + "----------"): null

2022-11-30 14:13:29 - [TEST_STEP][PASSED] - (x++): null

2022-11-30 14:13:29 - [TEST_STEP][PASSED] - print("Hola " + x + "----------"): null

2022-11-30 14:13:29 - [TEST_STEP][PASSED] - (x++): null

2022-11-30 14:13:29 - [TEST_STEP][PASSED] - print("Hola " + x + "----------"): null

2022-11-30 14:13:29 - [TEST_STEP][PASSED] - (x++): null

2022-11-30 14:13:29 - [TEST_STEP][PASSED] - closeBrowser(): Browser is closed

2022-11-30 14:13:30 - [MESSAGE][PASSED] - Browser is closed]]></system-out>
         <system-err><![CDATA[]]></system-err>
      </testcase>
      <testcase name="Test Cases/BUCLES/Test_while2" time="19.392" classname="Test Cases/BUCLES/Test_while2" status="PASSED">
         <system-out><![CDATA[2022-11-30 14:13:30 - [TEST_CASE][PASSED] - Test Cases/BUCLES/Test_while2: Test Cases/BUCLES/Test_while2

2022-11-30 14:13:30 - [TEST_STEP][PASSED] - openBrowser(""): Browser is opened with url: ''

2022-11-30 14:13:30 - [MESSAGE][INFO] - Starting 'Chrome' driver

2022-11-30 14:13:30 - [MESSAGE][INFO] - Action delay is set to 0 milliseconds

2022-11-30 14:13:31 - [MESSAGE][PASSED] - Browser is opened with url: ''

2022-11-30 14:13:31 - [TEST_STEP][PASSED] - navigateToUrl("https://demoqa.com/text-box"): Navigate to 'https://demoqa.com/text-box' successfully

2022-11-30 14:13:48 - [MESSAGE][PASSED] - Navigate to 'https://demoqa.com/text-box' successfully

2022-11-30 14:13:48 - [TEST_STEP][PASSED] - maximizeWindow(): Current window maximized

2022-11-30 14:13:48 - [MESSAGE][PASSED] - Current window maximized

2022-11-30 14:13:48 - [TEST_STEP][PASSED] - waitForPageLoad(5): Wait for page load successfully

2022-11-30 14:13:48 - [MESSAGE][PASSED] - Wait for page load successfully

2022-11-30 14:13:48 - [TEST_STEP][PASSED] - x = 1: null

2022-11-30 14:13:48 - [TEST_STEP][PASSED] - while (x <= 5): null

2022-11-30 14:13:48 - [TEST_STEP][PASSED] - print("Valor de X" + x + "------>"): null

2022-11-30 14:13:48 - [TEST_STEP][PASSED] - (x++): null

2022-11-30 14:13:48 - [TEST_STEP][PASSED] - print("Valor de X" + x + "------>"): null

2022-11-30 14:13:48 - [TEST_STEP][PASSED] - (x++): null

2022-11-30 14:13:48 - [TEST_STEP][PASSED] - print("Valor de X" + x + "------>"): null

2022-11-30 14:13:48 - [TEST_STEP][PASSED] - (x++): null

2022-11-30 14:13:48 - [TEST_STEP][PASSED] - print("Valor de X" + x + "------>"): null

2022-11-30 14:13:48 - [TEST_STEP][PASSED] - (x++): null

2022-11-30 14:13:48 - [TEST_STEP][PASSED] - print("Valor de X" + x + "------>"): null

2022-11-30 14:13:48 - [TEST_STEP][PASSED] - (x++): null

2022-11-30 14:13:48 - [TEST_STEP][PASSED] - closeBrowser(): Browser is closed

2022-11-30 14:13:49 - [MESSAGE][PASSED] - Browser is closed]]></system-out>
         <system-err><![CDATA[]]></system-err>
      </testcase>
      <testcase name="Test Cases/Drive_excel/Drive_excel" time="23.4" classname="Test Cases/Drive_excel/Drive_excel" status="PASSED">
         <system-out><![CDATA[2022-11-30 14:13:49 - [TEST_CASE][PASSED] - Test Cases/Drive_excel/Drive_excel: Test Cases/Drive_excel/Drive_excel

2022-11-30 14:13:49 - [TEST_STEP][PASSED] - openBrowser(""): Browser is opened with url: ''

2022-11-30 14:13:49 - [MESSAGE][INFO] - Starting 'Chrome' driver

2022-11-30 14:13:49 - [MESSAGE][INFO] - Action delay is set to 0 milliseconds

2022-11-30 14:13:51 - [MESSAGE][PASSED] - Browser is opened with url: ''

2022-11-30 14:13:51 - [TEST_STEP][PASSED] - navigateToUrl("https://demoqa.com/automation-practice-form"): Navigate to 'https://demoqa.com/automation-practice-form' successfully

2022-11-30 14:14:04 - [MESSAGE][PASSED] - Navigate to 'https://demoqa.com/automation-practice-form' successfully

2022-11-30 14:14:04 - [TEST_STEP][PASSED] - waitForPageLoad(40): Wait for page load successfully

2022-11-30 14:14:04 - [MESSAGE][PASSED] - Wait for page load successfully

2022-11-30 14:14:04 - [TEST_STEP][PASSED] - maximizeWindow(): Current window maximized

2022-11-30 14:14:04 - [MESSAGE][PASSED] - Current window maximized

2022-11-30 14:14:04 - [TEST_STEP][PASSED] - setText(findTestObject("Object Repository/Drive_excel/Page_ToolsQA/input_Name_firstName"), nombre): Text '' is set on object 'Object Repository/Drive_excel/Page_ToolsQA/input_Name_firstName'

2022-11-30 14:14:07 - [MESSAGE][PASSED] - Text '' is set on object 'Object Repository/Drive_excel/Page_ToolsQA/input_Name_firstName'

2022-11-30 14:14:07 - [TEST_STEP][PASSED] - setText(findTestObject("Object Repository/Drive_excel/Page_ToolsQA/input_Name_lastName"), apellido): Text '' is set on object 'Object Repository/Drive_excel/Page_ToolsQA/input_Name_lastName'

2022-11-30 14:14:08 - [MESSAGE][PASSED] - Text '' is set on object 'Object Repository/Drive_excel/Page_ToolsQA/input_Name_lastName'

2022-11-30 14:14:08 - [TEST_STEP][PASSED] - setText(findTestObject("Object Repository/Drive_excel/Page_ToolsQA/input_Email_userEmail"), email): Text '' is set on object 'Object Repository/Drive_excel/Page_ToolsQA/input_Email_userEmail'

2022-11-30 14:14:09 - [MESSAGE][PASSED] - Text '' is set on object 'Object Repository/Drive_excel/Page_ToolsQA/input_Email_userEmail'

2022-11-30 14:14:09 - [TEST_STEP][PASSED] - delay(2): Delayed 2 second(s)

2022-11-30 14:14:11 - [MESSAGE][PASSED] - Delayed 2 second(s)

2022-11-30 14:14:11 - [TEST_STEP][PASSED] - closeBrowser(): Browser is closed

2022-11-30 14:14:13 - [MESSAGE][PASSED] - Browser is closed]]></system-out>
         <system-err><![CDATA[]]></system-err>
      </testcase>
      <system-out><![CDATA[2022-11-30 14:02:25 - [TEST_SUITE][PASSED] - testCLoud: Test Cases/Drive_excel/Drive_excel]]></system-out>
      <system-err><![CDATA[]]></system-err>
   </testsuite>
</testsuites>
